{"timestamp":"2026-07-04T10:11:40.631216Z","level":"info","event":"2026-07-04T10:11:40.631034Z [info     ] ::group::Pre Execute           [task] loc=task_runner.py:1926","logger":"task.stdout"}
{"timestamp":"2026-07-04T10:11:40.722414Z","level":"info","event":"setup plugin alembic.autogenerate.schemas","logger":"alembic.runtime.plugins","run_id":"manual__2026-07-04T10:11:34.013723+00:00","task_id":"ingest_data_to_filesystem","dag_id":"dag_data","ti_id":"019f2c9c-b00a-7340-a1db-3a8dc4a806b3","map_index":-1,"try_number":1,"filename":"plugins.py","lineno":37}
{"timestamp":"2026-07-04T10:11:40.722489Z","level":"info","event":"setup plugin alembic.autogenerate.tables","logger":"alembic.runtime.plugins","run_id":"manual__2026-07-04T10:11:34.013723+00:00","task_id":"ingest_data_to_filesystem","dag_id":"dag_data","ti_id":"019f2c9c-b00a-7340-a1db-3a8dc4a806b3","map_index":-1,"try_number":1,"filename":"plugins.py","lineno":37}
{"timestamp":"2026-07-04T10:11:40.722521Z","level":"info","event":"setup plugin alembic.autogenerate.types","logger":"alembic.runtime.plugins","run_id":"manual__2026-07-04T10:11:34.013723+00:00","task_id":"ingest_data_to_filesystem","dag_id":"dag_data","ti_id":"019f2c9c-b00a-7340-a1db-3a8dc4a806b3","map_index":-1,"try_number":1,"filename":"plugins.py","lineno":37}
{"timestamp":"2026-07-04T10:11:40.722546Z","level":"info","event":"setup plugin alembic.autogenerate.constraints","logger":"alembic.runtime.plugins","run_id":"manual__2026-07-04T10:11:34.013723+00:00","task_id":"ingest_data_to_filesystem","dag_id":"dag_data","ti_id":"019f2c9c-b00a-7340-a1db-3a8dc4a806b3","map_index":-1,"try_number":1,"filename":"plugins.py","lineno":37}
{"timestamp":"2026-07-04T10:11:40.722566Z","level":"info","event":"setup plugin alembic.autogenerate.defaults","logger":"alembic.runtime.plugins","run_id":"manual__2026-07-04T10:11:34.013723+00:00","task_id":"ingest_data_to_filesystem","dag_id":"dag_data","ti_id":"019f2c9c-b00a-7340-a1db-3a8dc4a806b3","map_index":-1,"try_number":1,"filename":"plugins.py","lineno":37}
{"timestamp":"2026-07-04T10:11:40.722586Z","level":"info","event":"setup plugin alembic.autogenerate.comments","logger":"alembic.runtime.plugins","run_id":"manual__2026-07-04T10:11:34.013723+00:00","task_id":"ingest_data_to_filesystem","dag_id":"dag_data","ti_id":"019f2c9c-b00a-7340-a1db-3a8dc4a806b3","map_index":-1,"try_number":1,"filename":"plugins.py","lineno":37}
{"timestamp":"2026-07-04T10:11:40.764228Z","level":"info","event":"DAG bundles loaded: dags-folder","run_id":"manual__2026-07-04T10:11:34.013723+00:00","task_id":"ingest_data_to_filesystem","dag_id":"dag_data","ti_id":"019f2c9c-b00a-7340-a1db-3a8dc4a806b3","map_index":-1,"try_number":1,"logger":"airflow.dag_processing.bundles.manager.DagBundlesManager","filename":"manager.py","lineno":209}
{"timestamp":"2026-07-04T10:11:40.764427Z","level":"info","event":"Filling up the DagBag from /Users/burugula.sasank/airflow/dags/etl_scheduler.py","run_id":"manual__2026-07-04T10:11:34.013723+00:00","task_id":"ingest_data_to_filesystem","dag_id":"dag_data","ti_id":"019f2c9c-b00a-7340-a1db-3a8dc4a806b3","map_index":-1,"try_number":1,"logger":"airflow.dag_processing.dagbag.BundleDagBag","filename":"dagbag.py","lineno":469}
{"timestamp":"2026-07-04T10:11:40.803996Z","level":"warning","event":"The `airflow.decorators.task` attribute is deprecated. Please use `'airflow.sdk.task'`.","category":"UserWarning","filename":"/Users/burugula.sasank/airflow/dags/etl_scheduler.py","lineno":1,"run_id":"manual__2026-07-04T10:11:34.013723+00:00","task_id":"ingest_data_to_filesystem","dag_id":"dag_data","ti_id":"019f2c9c-b00a-7340-a1db-3a8dc4a806b3","map_index":-1,"try_number":1,"logger":"py.warnings"}
{"timestamp":"2026-07-04T10:11:40.804049Z","level":"warning","event":"The `airflow.decorators.dag` attribute is deprecated. Please use `'airflow.sdk.dag'`.","category":"UserWarning","filename":"/Users/burugula.sasank/airflow/dags/etl_scheduler.py","lineno":1,"run_id":"manual__2026-07-04T10:11:34.013723+00:00","task_id":"ingest_data_to_filesystem","dag_id":"dag_data","ti_id":"019f2c9c-b00a-7340-a1db-3a8dc4a806b3","map_index":-1,"try_number":1,"logger":"py.warnings"}
{"timestamp":"2026-07-04T10:11:40.804075Z","level":"warning","event":"The `airflow.hooks.base.BaseHook` attribute is deprecated. Please use `'airflow.sdk.bases.hook.BaseHook'`.","category":"UserWarning","filename":"/Users/burugula.sasank/airflow/dags/etl_scheduler.py","lineno":2,"run_id":"manual__2026-07-04T10:11:34.013723+00:00","task_id":"ingest_data_to_filesystem","dag_id":"dag_data","ti_id":"019f2c9c-b00a-7340-a1db-3a8dc4a806b3","map_index":-1,"try_number":1,"logger":"py.warnings"}
{"timestamp":"2026-07-04T10:11:40.816233Z","level":"info","event":"::endgroup::","run_id":"manual__2026-07-04T10:11:34.013723+00:00","task_id":"ingest_data_to_filesystem","dag_id":"dag_data","ti_id":"019f2c9c-b00a-7340-a1db-3a8dc4a806b3","map_index":-1,"try_number":1,"logger":"task","filename":"task_runner.py","lineno":1727}
{"timestamp":"2026-07-04T10:11:41.155517Z","level":"error","event":"WARNING: Using incubator modules: jdk.incubator.vector","logger":"task.stderr"}
{"timestamp":"2026-07-04T10:11:41.577796Z","level":"error","event":"Using Spark's default log4j profile: org/apache/spark/log4j2-defaults.properties","logger":"task.stderr"}
{"timestamp":"2026-07-04T10:11:41.583944Z","level":"error","event":"26/07/04 15:41:41 WARN Utils: Your hostname, Burugulas-MacBook-Air.local, resolves to a loopback address: 127.0.0.1; using 192.168.0.107 instead (on interface en0)","logger":"task.stderr"}
{"timestamp":"2026-07-04T10:11:41.585041Z","level":"error","event":"26/07/04 15:41:41 WARN Utils: Set SPARK_LOCAL_IP if you need to bind to another address","logger":"task.stderr"}
{"timestamp":"2026-07-04T10:11:41.709326Z","level":"error","event":"Using Spark's default log4j profile: org/apache/spark/log4j2-defaults.properties","logger":"task.stderr"}
{"timestamp":"2026-07-04T10:11:41.709467Z","level":"error","event":"Setting default log level to \"WARN\".","logger":"task.stderr"}
{"timestamp":"2026-07-04T10:11:41.709501Z","level":"error","event":"To adjust logging level use sc.setLogLevel(newLevel). For SparkR, use setLogLevel(newLevel).","logger":"task.stderr"}
{"timestamp":"2026-07-04T10:11:41.818245Z","level":"error","event":"26/07/04 15:41:41 WARN NativeCodeLoader: Unable to load native-hadoop library for your platform... using builtin-java classes where applicable","logger":"task.stderr"}
{"timestamp":"2026-07-04T10:11:44.558496Z","level":"error","event":"26/07/04 15:41:44 WARN CSVHeaderChecker: CSV header does not conform to the schema.","logger":"task.stderr"}
{"timestamp":"2026-07-04T10:11:44.558702Z","level":"error","event":" Header: , Player, Span, Mat, Inns, NO, Runs, HS, Ave, BF, SR, 100, 50, 0, Unnamed: 13","logger":"task.stderr"}
{"timestamp":"2026-07-04T10:11:44.558774Z","level":"error","event":" Schema: _c0, Player, Span, Mat, Inns, NO, Runs, HS, Ave, BF, SR, 100, 50, 0, Unnamed: 13","logger":"task.stderr"}
{"timestamp":"2026-07-04T10:11:44.558803Z","level":"error","event":"Expected: _c0 but found:","logger":"task.stderr"}
{"timestamp":"2026-07-04T10:11:44.558826Z","level":"error","event":"CSV file: file:///Users/burugula.sasank/airflow/dags/file_stores/api_dump/cric_data/Batting/ODI%20data.csv","logger":"task.stderr"}
{"timestamp":"2026-07-04T10:11:45.002820Z","level":"error","event":"26/07/04 15:41:45 WARN CSVHeaderChecker: CSV header does not conform to the schema.","logger":"task.stderr"}
{"timestamp":"2026-07-04T10:11:45.002934Z","level":"error","event":" Header: , Player, Span, Mat, Inns, NO, Runs, HS, Ave, BF, SR, 100, 50, 0, 4s, 6s, Unnamed: 15","logger":"task.stderr"}
{"timestamp":"2026-07-04T10:11:45.002964Z","level":"error","event":" Schema: _c0, Player, Span, Mat, Inns, NO, Runs, HS, Ave, BF, SR, 100, 50, 0, 4s, 6s, Unnamed: 15","logger":"task.stderr"}
{"timestamp":"2026-07-04T10:11:45.002986Z","level":"error","event":"Expected: _c0 but found:","logger":"task.stderr"}
{"timestamp":"2026-07-04T10:11:45.003005Z","level":"error","event":"CSV file: file:///Users/burugula.sasank/airflow/dags/file_stores/api_dump/cric_data/Batting/t20.csv","logger":"task.stderr"}
{"timestamp":"2026-07-04T10:11:45.139745Z","level":"error","event":"26/07/04 15:41:45 WARN CSVHeaderChecker: CSV header does not conform to the schema.","logger":"task.stderr"}
{"timestamp":"2026-07-04T10:11:45.139849Z","level":"error","event":" Header: , Player, Span, Mat, Inns, NO, Runs, HS, Ave, 100, 50, 0, Unnamed: 11","logger":"task.stderr"}
{"timestamp":"2026-07-04T10:11:45.139877Z","level":"error","event":" Schema: _c0, Player, Span, Mat, Inns, NO, Runs, HS, Ave, 100, 50, 0, Unnamed: 11","logger":"task.stderr"}
{"timestamp":"2026-07-04T10:11:45.139899Z","level":"error","event":"Expected: _c0 but found:","logger":"task.stderr"}
{"timestamp":"2026-07-04T10:11:45.139919Z","level":"error","event":"CSV file: file:///Users/burugula.sasank/airflow/dags/file_stores/api_dump/cric_data/Batting/test.csv","logger":"task.stderr"}
{"timestamp":"2026-07-04T10:11:45.307519Z","level":"error","event":"26/07/04 15:41:45 WARN CSVHeaderChecker: CSV header does not conform to the schema.","logger":"task.stderr"}
{"timestamp":"2026-07-04T10:11:45.307672Z","level":"error","event":" Header: , Player, Span, Mat, Inns, Balls, Runs, Wkts, BBI, Ave, Econ, SR, 4, 5, Unnamed: 13","logger":"task.stderr"}
{"timestamp":"2026-07-04T10:11:45.307703Z","level":"error","event":" Schema: _c0, Player, Span, Mat, Inns, Balls, Runs, Wkts, BBI, Ave, Econ, SR, 4, 5, Unnamed: 13","logger":"task.stderr"}
{"timestamp":"2026-07-04T10:11:45.307726Z","level":"error","event":"Expected: _c0 but found:","logger":"task.stderr"}
{"timestamp":"2026-07-04T10:11:45.307753Z","level":"error","event":"CSV file: file:///Users/burugula.sasank/airflow/dags/file_stores/api_dump/cric_data/Bowling/Bowling_ODI.csv","logger":"task.stderr"}
{"timestamp":"2026-07-04T10:11:45.449605Z","level":"error","event":"26/07/04 15:41:45 WARN CSVHeaderChecker: CSV header does not conform to the schema.","logger":"task.stderr"}
{"timestamp":"2026-07-04T10:11:45.449714Z","level":"error","event":" Header: , Player, Span, Mat, Inns, Overs, Mdns, Runs, Wkts, BBI, Ave, Econ, SR, 4, 5, Unnamed: 14","logger":"task.stderr"}
{"timestamp":"2026-07-04T10:11:45.449743Z","level":"error","event":" Schema: _c0, Player, Span, Mat, Inns, Overs, Mdns, Runs, Wkts, BBI, Ave, Econ, SR, 4, 5, Unnamed: 14","logger":"task.stderr"}
{"timestamp":"2026-07-04T10:11:45.449764Z","level":"error","event":"Expected: _c0 but found:","logger":"task.stderr"}
{"timestamp":"2026-07-04T10:11:45.449785Z","level":"error","event":"CSV file: file:///Users/burugula.sasank/airflow/dags/file_stores/api_dump/cric_data/Bowling/Bowling_t20.csv","logger":"task.stderr"}
{"timestamp":"2026-07-04T10:11:45.602323Z","level":"error","event":"26/07/04 15:41:45 WARN CSVHeaderChecker: CSV header does not conform to the schema.","logger":"task.stderr"}
{"timestamp":"2026-07-04T10:11:45.602437Z","level":"error","event":" Header: , Player, Span, Mat, Inns, Balls, Runs, Wkts, BBI, BBM, Ave, Econ, SR, 5, 10, Unnamed: 14","logger":"task.stderr"}
{"timestamp":"2026-07-04T10:11:45.602465Z","level":"error","event":" Schema: _c0, Player, Span, Mat, Inns, Balls, Runs, Wkts, BBI, BBM, Ave, Econ, SR, 5, 10, Unnamed: 14","logger":"task.stderr"}
{"timestamp":"2026-07-04T10:11:45.602489Z","level":"error","event":"Expected: _c0 but found:","logger":"task.stderr"}
{"timestamp":"2026-07-04T10:11:45.602510Z","level":"error","event":"CSV file: file:///Users/burugula.sasank/airflow/dags/file_stores/api_dump/cric_data/Bowling/Bowling_test.csv","logger":"task.stderr"}
{"timestamp":"2026-07-04T10:11:45.736658Z","level":"error","event":"26/07/04 15:41:45 WARN CSVHeaderChecker: CSV header does not conform to the schema.","logger":"task.stderr"}
{"timestamp":"2026-07-04T10:11:45.736833Z","level":"error","event":" Header: , Player, Span, Mat, Inns, Dis, Ct, St, Ct Wk, Ct Fi, MD, D/I, Unnamed: 11","logger":"task.stderr"}
{"timestamp":"2026-07-04T10:11:45.736864Z","level":"error","event":" Schema: _c0, Player, Span, Mat, Inns, Dis, Ct, St, Ct Wk, Ct Fi, MD, D/I, Unnamed: 11","logger":"task.stderr"}
{"timestamp":"2026-07-04T10:11:45.736886Z","level":"error","event":"Expected: _c0 but found:","logger":"task.stderr"}
{"timestamp":"2026-07-04T10:11:45.736914Z","level":"error","event":"CSV file: file:///Users/burugula.sasank/airflow/dags/file_stores/api_dump/cric_data/Fielding/Fielding_ODI.csv","logger":"task.stderr"}
{"timestamp":"2026-07-04T10:11:45.863657Z","level":"error","event":"26/07/04 15:41:45 WARN CSVHeaderChecker: CSV header does not conform to the schema.","logger":"task.stderr"}
{"timestamp":"2026-07-04T10:11:45.863760Z","level":"error","event":" Header: , Player, Span, Mat, Inns, Dis, Ct, St, Ct Wk, Ct Fi, MD, D/I, Unnamed: 11","logger":"task.stderr"}
{"timestamp":"2026-07-04T10:11:45.863787Z","level":"error","event":" Schema: _c0, Player, Span, Mat, Inns, Dis, Ct, St, Ct Wk, Ct Fi, MD, D/I, Unnamed: 11","logger":"task.stderr"}
{"timestamp":"2026-07-04T10:11:45.863809Z","level":"error","event":"Expected: _c0 but found:","logger":"task.stderr"}
{"timestamp":"2026-07-04T10:11:45.863828Z","level":"error","event":"CSV file: file:///Users/burugula.sasank/airflow/dags/file_stores/api_dump/cric_data/Fielding/Fielding_t20.csv","logger":"task.stderr"}
{"timestamp":"2026-07-04T10:11:46.003391Z","level":"error","event":"26/07/04 15:41:46 WARN CSVHeaderChecker: CSV header does not conform to the schema.","logger":"task.stderr"}
{"timestamp":"2026-07-04T10:11:46.003488Z","level":"error","event":" Header: , Player, Span, Mat, Inns, Dis, Ct, St, Ct Wk, Ct Fi, MD, D/I, Unnamed: 11","logger":"task.stderr"}
{"timestamp":"2026-07-04T10:11:46.003515Z","level":"error","event":" Schema: _c0, Player, Span, Mat, Inns, Dis, Ct, St, Ct Wk, Ct Fi, MD, D/I, Unnamed: 11","logger":"task.stderr"}
{"timestamp":"2026-07-04T10:11:46.003537Z","level":"error","event":"Expected: _c0 but found:","logger":"task.stderr"}
{"timestamp":"2026-07-04T10:11:46.003557Z","level":"error","event":"CSV file: file:///Users/burugula.sasank/airflow/dags/file_stores/api_dump/cric_data/Fielding/Fielding_test.csv","logger":"task.stderr"}
{"timestamp":"2026-07-04T10:11:46.072088Z","level":"error","event":"26/07/04 15:41:46 WARN CSVHeaderChecker: CSV header does not conform to the schema.","logger":"task.stderr"}
{"timestamp":"2026-07-04T10:11:46.072193Z","level":"error","event":" Header: , Player, Span, Mat, Inns, NO, Runs, HS, Ave, BF, SR, 100, 50, 0, Unnamed: 13","logger":"task.stderr"}
{"timestamp":"2026-07-04T10:11:46.072276Z","level":"error","event":" Schema: _c0, Player, Span, Mat, Inns, NO, Runs, HS, Ave, BF, SR, 100, 50, 0, Unnamed: 13","logger":"task.stderr"}
{"timestamp":"2026-07-04T10:11:46.072347Z","level":"error","event":"Expected: _c0 but found:","logger":"task.stderr"}
{"timestamp":"2026-07-04T10:11:46.072390Z","level":"error","event":"CSV file: file:///Users/burugula.sasank/airflow/dags/file_stores/api_dump/cric_data/Batting/ODI%20data.csv","logger":"task.stderr"}
{"timestamp":"2026-07-04T10:11:46.377779Z","level":"info","event":"Sample Data (ODI Batsmen):","logger":"task.stdout"}
{"timestamp":"2026-07-04T10:11:46.377970Z","level":"info","event":"+---+--------------------+---------+---+----+---+-----+----+-----+-----+-----+---+---+---+-----------+","logger":"task.stdout"}
{"timestamp":"2026-07-04T10:11:46.378033Z","level":"info","event":"|_c0|              Player|     Span|Mat|Inns| NO| Runs|  HS|  Ave|   BF|   SR|100| 50|  0|Unnamed: 13|","logger":"task.stdout"}
{"timestamp":"2026-07-04T10:11:46.378081Z","level":"info","event":"+---+--------------------+---------+---+----+---+-----+----+-----+-----+-----+---+---+---+-----------+","logger":"task.stdout"}
{"timestamp":"2026-07-04T10:11:46.378124Z","level":"info","event":"|  0|SR Tendulkar (INDIA)|1989-2012|463| 452| 41|18426|200*|44.83|21367|86.23| 49| 96| 20|       NULL|","logger":"task.stdout"}
{"timestamp":"2026-07-04T10:11:46.378164Z","level":"info","event":"|  1|KC Sangakkara (As...|2000-2015|404| 380| 41|14234| 169|41.98|18048|78.86| 25| 93| 15|       NULL|","logger":"task.stdout"}
{"timestamp":"2026-07-04T10:11:46.378204Z","level":"info","event":"+---+--------------------+---------+---+----+---+-----+----+-----+-----+-----+---+---+---+-----------+","logger":"task.stdout"}
{"timestamp":"2026-07-04T10:11:46.378261Z","level":"info","event":"only showing top 2 rows","logger":"task.stdout"}
{"timestamp":"2026-07-04T10:11:46.403367Z","level":"info","event":"Bronze Ingestion Success","logger":"task.stdout"}
{"timestamp":"2026-07-04T10:11:46.403594Z","level":"info","event":"Done. Returned value was: ","run_id":"manual__2026-07-04T10:11:34.013723+00:00","task_id":"ingest_data_to_filesystem","dag_id":"dag_data","ti_id":"019f2c9c-b00a-7340-a1db-3a8dc4a806b3","map_index":-1,"try_number":1,"logger":"airflow.task.operators.airflow.providers.standard.decorators.python._PythonDecoratedOperator","filename":"python.py","lineno":233}
{"timestamp":"2026-07-04T10:11:46.403838Z","level":"info","event":"::group::Post Execute","run_id":"manual__2026-07-04T10:11:34.013723+00:00","task_id":"ingest_data_to_filesystem","dag_id":"dag_data","ti_id":"019f2c9c-b00a-7340-a1db-3a8dc4a806b3","map_index":-1,"try_number":1,"logger":"task","filename":"task_runner.py","lineno":1288}
{"timestamp":"2026-07-04T10:11:46.404044Z","level":"info","event":"Pushing xcom","ti":"RuntimeTaskInstance(id=UUID('019f2c9c-b00a-7340-a1db-3a8dc4a806b3'), task_id='ingest_data_to_filesystem', dag_id='dag_data', run_id='manual__2026-07-04T10:11:34.013723+00:00', try_number=1, dag_version_id=UUID('019f2c09-88cb-79f1-ada2-a2bc16a5412d'), map_index=-1, hostname='burugulas-macbook-air.local', context_carrier={'traceparent': '00-04380a4b2c25b7008e05cc3070821e39-79f5cec6c47f327a-01'}, task=<Task(_PythonDecoratedOperator): ingest_data_to_filesystem>, bundle_instance=LocalDagBundle(name=dags-folder), max_tries=0, start_date=datetime.datetime(2026, 7, 4, 10, 11, 40, 104355, tzinfo=datetime.timezone.utc), end_date=None, state=<TaskInstanceState.RUNNING: 'running'>, is_mapped=False, rendered_map_index=None, sentry_integration='')","run_id":"manual__2026-07-04T10:11:34.013723+00:00","task_id":"ingest_data_to_filesystem","dag_id":"dag_data","ti_id":"019f2c9c-b00a-7340-a1db-3a8dc4a806b3","map_index":-1,"try_number":1,"logger":"task","filename":"task_runner.py","lineno":1791}
{"timestamp":"2026-07-04T10:11:46.413846Z","level":"info","event":"::endgroup::","run_id":"manual__2026-07-04T10:11:34.013723+00:00","task_id":"ingest_data_to_filesystem","dag_id":"dag_data","ti_id":"019f2c9c-b00a-7340-a1db-3a8dc4a806b3","map_index":-1,"try_number":1,"logger":"task","filename":"task_runner.py","lineno":1896}
