{"timestamp":"2026-07-03T10:42:00.015756Z","level":"info","event":"2026-07-03T10:42:00.015578Z [info     ] ::group::Pre Execute           [task] loc=task_runner.py:1926","logger":"task.stdout"}
{"timestamp":"2026-07-03T10:42:00.126065Z","level":"info","event":"setup plugin alembic.autogenerate.schemas","logger":"alembic.runtime.plugins","try_number":2,"dag_id":"dag_data","run_id":"manual__2026-07-03T10:36:32.324658+00:00","map_index":-1,"ti_id":"019f2792-2a8d-7980-95b8-1bd355a2ff91","task_id":"transform_data_from_filesystem","filename":"plugins.py","lineno":37}
{"timestamp":"2026-07-03T10:42:00.126155Z","level":"info","event":"setup plugin alembic.autogenerate.tables","logger":"alembic.runtime.plugins","try_number":2,"dag_id":"dag_data","run_id":"manual__2026-07-03T10:36:32.324658+00:00","map_index":-1,"ti_id":"019f2792-2a8d-7980-95b8-1bd355a2ff91","task_id":"transform_data_from_filesystem","filename":"plugins.py","lineno":37}
{"timestamp":"2026-07-03T10:42:00.126189Z","level":"info","event":"setup plugin alembic.autogenerate.types","logger":"alembic.runtime.plugins","try_number":2,"dag_id":"dag_data","run_id":"manual__2026-07-03T10:36:32.324658+00:00","map_index":-1,"ti_id":"019f2792-2a8d-7980-95b8-1bd355a2ff91","task_id":"transform_data_from_filesystem","filename":"plugins.py","lineno":37}
{"timestamp":"2026-07-03T10:42:00.126214Z","level":"info","event":"setup plugin alembic.autogenerate.constraints","logger":"alembic.runtime.plugins","try_number":2,"dag_id":"dag_data","run_id":"manual__2026-07-03T10:36:32.324658+00:00","map_index":-1,"ti_id":"019f2792-2a8d-7980-95b8-1bd355a2ff91","task_id":"transform_data_from_filesystem","filename":"plugins.py","lineno":37}
{"timestamp":"2026-07-03T10:42:00.126237Z","level":"info","event":"setup plugin alembic.autogenerate.defaults","logger":"alembic.runtime.plugins","try_number":2,"dag_id":"dag_data","run_id":"manual__2026-07-03T10:36:32.324658+00:00","map_index":-1,"ti_id":"019f2792-2a8d-7980-95b8-1bd355a2ff91","task_id":"transform_data_from_filesystem","filename":"plugins.py","lineno":37}
{"timestamp":"2026-07-03T10:42:00.126258Z","level":"info","event":"setup plugin alembic.autogenerate.comments","logger":"alembic.runtime.plugins","try_number":2,"dag_id":"dag_data","run_id":"manual__2026-07-03T10:36:32.324658+00:00","map_index":-1,"ti_id":"019f2792-2a8d-7980-95b8-1bd355a2ff91","task_id":"transform_data_from_filesystem","filename":"plugins.py","lineno":37}
{"timestamp":"2026-07-03T10:42:00.183457Z","level":"info","event":"DAG bundles loaded: dags-folder","try_number":2,"dag_id":"dag_data","run_id":"manual__2026-07-03T10:36:32.324658+00:00","map_index":-1,"ti_id":"019f2792-2a8d-7980-95b8-1bd355a2ff91","task_id":"transform_data_from_filesystem","logger":"airflow.dag_processing.bundles.manager.DagBundlesManager","filename":"manager.py","lineno":209}
{"timestamp":"2026-07-03T10:42:00.183709Z","level":"info","event":"Filling up the DagBag from /Users/burugula.sasank/airflow/dags/etl_scheduler.py","try_number":2,"dag_id":"dag_data","run_id":"manual__2026-07-03T10:36:32.324658+00:00","map_index":-1,"ti_id":"019f2792-2a8d-7980-95b8-1bd355a2ff91","task_id":"transform_data_from_filesystem","logger":"airflow.dag_processing.dagbag.BundleDagBag","filename":"dagbag.py","lineno":469}
{"timestamp":"2026-07-03T10:42:00.248004Z","level":"warning","event":"The `airflow.decorators.task` attribute is deprecated. Please use `'airflow.sdk.task'`.","category":"UserWarning","filename":"/Users/burugula.sasank/airflow/dags/etl_scheduler.py","lineno":1,"try_number":2,"dag_id":"dag_data","run_id":"manual__2026-07-03T10:36:32.324658+00:00","map_index":-1,"ti_id":"019f2792-2a8d-7980-95b8-1bd355a2ff91","task_id":"transform_data_from_filesystem","logger":"py.warnings"}
{"timestamp":"2026-07-03T10:42:00.248059Z","level":"warning","event":"The `airflow.decorators.dag` attribute is deprecated. Please use `'airflow.sdk.dag'`.","category":"UserWarning","filename":"/Users/burugula.sasank/airflow/dags/etl_scheduler.py","lineno":1,"try_number":2,"dag_id":"dag_data","run_id":"manual__2026-07-03T10:36:32.324658+00:00","map_index":-1,"ti_id":"019f2792-2a8d-7980-95b8-1bd355a2ff91","task_id":"transform_data_from_filesystem","logger":"py.warnings"}
{"timestamp":"2026-07-03T10:42:00.248084Z","level":"warning","event":"The `airflow.hooks.base.BaseHook` attribute is deprecated. Please use `'airflow.sdk.bases.hook.BaseHook'`.","category":"UserWarning","filename":"/Users/burugula.sasank/airflow/dags/etl_scheduler.py","lineno":2,"try_number":2,"dag_id":"dag_data","run_id":"manual__2026-07-03T10:36:32.324658+00:00","map_index":-1,"ti_id":"019f2792-2a8d-7980-95b8-1bd355a2ff91","task_id":"transform_data_from_filesystem","logger":"py.warnings"}
{"timestamp":"2026-07-03T10:42:00.262920Z","level":"info","event":"::endgroup::","try_number":2,"dag_id":"dag_data","run_id":"manual__2026-07-03T10:36:32.324658+00:00","map_index":-1,"ti_id":"019f2792-2a8d-7980-95b8-1bd355a2ff91","task_id":"transform_data_from_filesystem","logger":"task","filename":"task_runner.py","lineno":1727}
{"timestamp":"2026-07-03T10:42:00.339280Z","level":"error","event":"/Library/Frameworks/Python.framework/Versions/3.14/lib/python3.14/site-packages/pyspark/sql/udf.py:134: UserWarning: Cannot infer the eval type from type hints.","logger":"task.stderr"}
{"timestamp":"2026-07-03T10:42:00.339389Z","level":"error","event":"  warnings.warn(\"Cannot infer the eval type from type hints. \", UserWarning)","logger":"task.stderr"}
{"timestamp":"2026-07-03T10:42:00.457332Z","level":"error","event":"WARNING: Using incubator modules: jdk.incubator.vector","logger":"task.stderr"}
{"timestamp":"2026-07-03T10:42:00.860914Z","level":"error","event":"Using Spark's default log4j profile: org/apache/spark/log4j2-defaults.properties","logger":"task.stderr"}
{"timestamp":"2026-07-03T10:42:00.867119Z","level":"error","event":"26/07/03 16:12:00 WARN Utils: Your hostname, Burugulas-MacBook-Air.local, resolves to a loopback address: 127.0.0.1; using 192.168.0.107 instead (on interface en0)","logger":"task.stderr"}
{"timestamp":"2026-07-03T10:42:00.868290Z","level":"error","event":"26/07/03 16:12:00 WARN Utils: Set SPARK_LOCAL_IP if you need to bind to another address","logger":"task.stderr"}
{"timestamp":"2026-07-03T10:42:00.935228Z","level":"error","event":":: loading settings :: url = jar:file:/Library/Frameworks/Python.framework/Versions/3.14/lib/python3.14/site-packages/pyspark/jars/ivy-2.5.3.jar!/org/apache/ivy/core/settings/ivysettings.xml","logger":"task.stderr"}
{"timestamp":"2026-07-03T10:42:00.960222Z","level":"error","event":"Ivy Default Cache set to: /Users/burugula.sasank/.ivy2.5.2/cache","logger":"task.stderr"}
{"timestamp":"2026-07-03T10:42:00.960348Z","level":"error","event":"The jars for the packages stored in: /Users/burugula.sasank/.ivy2.5.2/jars","logger":"task.stderr"}
{"timestamp":"2026-07-03T10:42:00.961560Z","level":"error","event":"org.postgresql#postgresql added as a dependency","logger":"task.stderr"}
{"timestamp":"2026-07-03T10:42:00.961762Z","level":"error","event":":: resolving dependencies :: org.apache.spark#spark-submit-parent-5b22e48c-40cf-4122-93e6-be5f235e61f4;1.0","logger":"task.stderr"}
{"timestamp":"2026-07-03T10:42:00.961831Z","level":"error","event":"\tconfs: [default]","logger":"task.stderr"}
{"timestamp":"2026-07-03T10:42:00.992036Z","level":"error","event":"\tfound org.postgresql#postgresql;42.7.3 in central","logger":"task.stderr"}
{"timestamp":"2026-07-03T10:42:00.999798Z","level":"error","event":"\tfound org.checkerframework#checker-qual;3.42.0 in central","logger":"task.stderr"}
{"timestamp":"2026-07-03T10:42:01.004970Z","level":"error","event":":: resolution report :: resolve 42ms :: artifacts dl 1ms","logger":"task.stderr"}
{"timestamp":"2026-07-03T10:42:01.005118Z","level":"error","event":"\t:: modules in use:","logger":"task.stderr"}
{"timestamp":"2026-07-03T10:42:01.005242Z","level":"error","event":"\torg.checkerframework#checker-qual;3.42.0 from central in [default]","logger":"task.stderr"}
{"timestamp":"2026-07-03T10:42:01.005294Z","level":"error","event":"\torg.postgresql#postgresql;42.7.3 from central in [default]","logger":"task.stderr"}
{"timestamp":"2026-07-03T10:42:01.005341Z","level":"error","event":"\t---------------------------------------------------------------------","logger":"task.stderr"}
{"timestamp":"2026-07-03T10:42:01.005395Z","level":"error","event":"\t|                  |            modules            ||   artifacts   |","logger":"task.stderr"}
{"timestamp":"2026-07-03T10:42:01.005440Z","level":"error","event":"\t|       conf       | number| search|dwnlded|evicted|| number|dwnlded|","logger":"task.stderr"}
{"timestamp":"2026-07-03T10:42:01.005484Z","level":"error","event":"\t---------------------------------------------------------------------","logger":"task.stderr"}
{"timestamp":"2026-07-03T10:42:01.005527Z","level":"error","event":"\t|      default     |   2   |   0   |   0   |   0   ||   2   |   0   |","logger":"task.stderr"}
{"timestamp":"2026-07-03T10:42:01.005571Z","level":"error","event":"\t---------------------------------------------------------------------","logger":"task.stderr"}
{"timestamp":"2026-07-03T10:42:01.006799Z","level":"error","event":":: retrieving :: org.apache.spark#spark-submit-parent-5b22e48c-40cf-4122-93e6-be5f235e61f4","logger":"task.stderr"}
{"timestamp":"2026-07-03T10:42:01.006926Z","level":"error","event":"\tconfs: [default]","logger":"task.stderr"}
{"timestamp":"2026-07-03T10:42:01.008974Z","level":"error","event":"\t0 artifacts copied, 2 already retrieved (0kB/2ms)","logger":"task.stderr"}
{"timestamp":"2026-07-03T10:42:01.073573Z","level":"error","event":"26/07/03 16:12:01 WARN NativeCodeLoader: Unable to load native-hadoop library for your platform... using builtin-java classes where applicable","logger":"task.stderr"}
{"timestamp":"2026-07-03T10:42:01.120778Z","level":"error","event":"Using Spark's default log4j profile: org/apache/spark/log4j2-defaults.properties","logger":"task.stderr"}
{"timestamp":"2026-07-03T10:42:01.121001Z","level":"error","event":"Setting default log level to \"WARN\".","logger":"task.stderr"}
{"timestamp":"2026-07-03T10:42:01.121071Z","level":"error","event":"To adjust logging level use sc.setLogLevel(newLevel). For SparkR, use setLogLevel(newLevel).","logger":"task.stderr"}
{"timestamp":"2026-07-03T10:42:01.539301Z","level":"error","event":"26/07/03 16:12:01 WARN Utils: Service 'SparkUI' could not bind on port 4040. Attempting port 4041.","logger":"task.stderr"}
{"timestamp":"2026-07-03T10:42:02.632170Z","level":"error","event":"26/07/03 16:12:02 WARN FileStreamSink: Assume no metadata directory. Error while looking for metadata directory in the path: file_stores/bronze_layer/Batting/ODI.","logger":"task.stderr"}
{"timestamp":"2026-07-03T10:42:02.632292Z","level":"error","event":"java.io.FileNotFoundException: File file_stores/bronze_layer/Batting/ODI does not exist","logger":"task.stderr"}
{"timestamp":"2026-07-03T10:42:02.632325Z","level":"error","event":"\tat org.apache.hadoop.fs.RawLocalFileSystem.deprecatedGetFileStatus(RawLocalFileSystem.java:980)","logger":"task.stderr"}
{"timestamp":"2026-07-03T10:42:02.632350Z","level":"error","event":"\tat org.apache.hadoop.fs.RawLocalFileSystem.getFileLinkStatusInternal(RawLocalFileSystem.java:1301)","logger":"task.stderr"}
{"timestamp":"2026-07-03T10:42:02.632373Z","level":"error","event":"\tat org.apache.hadoop.fs.RawLocalFileSystem.getFileStatus(RawLocalFileSystem.java:970)","logger":"task.stderr"}
{"timestamp":"2026-07-03T10:42:02.632404Z","level":"error","event":"\tat org.apache.hadoop.fs.FilterFileSystem.getFileStatus(FilterFileSystem.java:462)","logger":"task.stderr"}
{"timestamp":"2026-07-03T10:42:02.632426Z","level":"error","event":"\tat org.apache.spark.sql.execution.streaming.sinks.FileStreamSink$.hasMetadata(FileStreamSink.scala:58)","logger":"task.stderr"}
{"timestamp":"2026-07-03T10:42:02.632447Z","level":"error","event":"\tat org.apache.spark.sql.execution.datasources.DataSource.resolveRelation(DataSource.scala:384)","logger":"task.stderr"}
{"timestamp":"2026-07-03T10:42:02.632470Z","level":"error","event":"\tat org.apache.spark.sql.catalyst.analysis.ResolveDataSource.org$apache$spark$sql$catalyst$analysis$ResolveDataSource$$loadV1BatchSource(ResolveDataSource.scala:143)","logger":"task.stderr"}
{"timestamp":"2026-07-03T10:42:02.632501Z","level":"error","event":"\tat org.apache.spark.sql.catalyst.analysis.ResolveDataSource$$anonfun$apply$1.$anonfun$applyOrElse$2(ResolveDataSource.scala:61)","logger":"task.stderr"}
{"timestamp":"2026-07-03T10:42:02.632524Z","level":"error","event":"\tat scala.Option.getOrElse(Option.scala:201)","logger":"task.stderr"}
{"timestamp":"2026-07-03T10:42:02.632549Z","level":"error","event":"\tat org.apache.spark.sql.catalyst.analysis.ResolveDataSource$$anonfun$apply$1.applyOrElse(ResolveDataSource.scala:61)","logger":"task.stderr"}
{"timestamp":"2026-07-03T10:42:02.632570Z","level":"error","event":"\tat org.apache.spark.sql.catalyst.analysis.ResolveDataSource$$anonfun$apply$1.applyOrElse(ResolveDataSource.scala:45)","logger":"task.stderr"}
{"timestamp":"2026-07-03T10:42:02.632591Z","level":"error","event":"\tat org.apache.spark.sql.catalyst.plans.logical.AnalysisHelper.$anonfun$resolveOperatorsUpWithPruning$3(AnalysisHelper.scala:139)","logger":"task.stderr"}
{"timestamp":"2026-07-03T10:42:02.632610Z","level":"error","event":"\tat org.apache.spark.sql.catalyst.trees.CurrentOrigin$.withOrigin(origin.scala:107)","logger":"task.stderr"}
{"timestamp":"2026-07-03T10:42:02.632636Z","level":"error","event":"\tat org.apache.spark.sql.catalyst.plans.logical.AnalysisHelper.$anonfun$resolveOperatorsUpWithPruning$1(AnalysisHelper.scala:139)","logger":"task.stderr"}
{"timestamp":"2026-07-03T10:42:02.632654Z","level":"error","event":"\tat org.apache.spark.sql.catalyst.plans.logical.AnalysisHelper$.allowInvokingTransformsInAnalyzer(AnalysisHelper.scala:416)","logger":"task.stderr"}
{"timestamp":"2026-07-03T10:42:02.632672Z","level":"error","event":"\tat org.apache.spark.sql.catalyst.plans.logical.AnalysisHelper.resolveOperatorsUpWithPruning(AnalysisHelper.scala:135)","logger":"task.stderr"}
{"timestamp":"2026-07-03T10:42:02.632690Z","level":"error","event":"\tat org.apache.spark.sql.catalyst.plans.logical.AnalysisHelper.resolveOperatorsUpWithPruning$(AnalysisHelper.scala:131)","logger":"task.stderr"}
{"timestamp":"2026-07-03T10:42:02.632709Z","level":"error","event":"\tat org.apache.spark.sql.catalyst.plans.logical.LogicalPlan.resolveOperatorsUpWithPruning(LogicalPlan.scala:37)","logger":"task.stderr"}
{"timestamp":"2026-07-03T10:42:02.632726Z","level":"error","event":"\tat org.apache.spark.sql.catalyst.plans.logical.AnalysisHelper.resolveOperatorsUp(AnalysisHelper.scala:112)","logger":"task.stderr"}
{"timestamp":"2026-07-03T10:42:02.632748Z","level":"error","event":"\tat org.apache.spark.sql.catalyst.plans.logical.AnalysisHelper.resolveOperatorsUp$(AnalysisHelper.scala:111)","logger":"task.stderr"}
{"timestamp":"2026-07-03T10:42:02.632766Z","level":"error","event":"\tat org.apache.spark.sql.catalyst.plans.logical.LogicalPlan.resolveOperatorsUp(LogicalPlan.scala:37)","logger":"task.stderr"}
{"timestamp":"2026-07-03T10:42:02.632785Z","level":"error","event":"\tat org.apache.spark.sql.catalyst.analysis.ResolveDataSource.apply(ResolveDataSource.scala:45)","logger":"task.stderr"}
{"timestamp":"2026-07-03T10:42:02.632804Z","level":"error","event":"\tat org.apache.spark.sql.catalyst.analysis.ResolveDataSource.apply(ResolveDataSource.scala:43)","logger":"task.stderr"}
{"timestamp":"2026-07-03T10:42:02.632825Z","level":"error","event":"\tat org.apache.spark.sql.catalyst.rules.RuleExecutor.$anonfun$execute$2(RuleExecutor.scala:248)","logger":"task.stderr"}
{"timestamp":"2026-07-03T10:42:02.632846Z","level":"error","event":"\tat scala.collection.LinearSeqOps.foldLeft(LinearSeq.scala:183)","logger":"task.stderr"}
{"timestamp":"2026-07-03T10:42:02.632864Z","level":"error","event":"\tat scala.collection.LinearSeqOps.foldLeft$(LinearSeq.scala:179)","logger":"task.stderr"}
{"timestamp":"2026-07-03T10:42:02.632882Z","level":"error","event":"\tat scala.collection.immutable.List.foldLeft(List.scala:79)","logger":"task.stderr"}
{"timestamp":"2026-07-03T10:42:02.632901Z","level":"error","event":"\tat org.apache.spark.sql.catalyst.rules.RuleExecutor.$anonfun$execute$1(RuleExecutor.scala:245)","logger":"task.stderr"}
{"timestamp":"2026-07-03T10:42:02.632927Z","level":"error","event":"\tat org.apache.spark.sql.catalyst.rules.RuleExecutor.$anonfun$execute$1$adapted(RuleExecutor.scala:237)","logger":"task.stderr"}
{"timestamp":"2026-07-03T10:42:02.632947Z","level":"error","event":"\tat scala.collection.immutable.List.foreach(List.scala:323)","logger":"task.stderr"}
{"timestamp":"2026-07-03T10:42:02.632968Z","level":"error","event":"\tat org.apache.spark.sql.catalyst.rules.RuleExecutor.execute(RuleExecutor.scala:237)","logger":"task.stderr"}
{"timestamp":"2026-07-03T10:42:02.632989Z","level":"error","event":"\tat org.apache.spark.sql.catalyst.analysis.Analyzer.org$apache$spark$sql$catalyst$analysis$Analyzer$$executeSameContext(Analyzer.scala:343)","logger":"task.stderr"}
{"timestamp":"2026-07-03T10:42:02.633011Z","level":"error","event":"\tat org.apache.spark.sql.catalyst.analysis.Analyzer.$anonfun$execute$1(Analyzer.scala:339)","logger":"task.stderr"}
{"timestamp":"2026-07-03T10:42:02.633029Z","level":"error","event":"\tat org.apache.spark.sql.catalyst.analysis.AnalysisContext$.withNewAnalysisContext(Analyzer.scala:224)","logger":"task.stderr"}
{"timestamp":"2026-07-03T10:42:02.633051Z","level":"error","event":"\tat org.apache.spark.sql.catalyst.analysis.Analyzer.execute(Analyzer.scala:339)","logger":"task.stderr"}
{"timestamp":"2026-07-03T10:42:02.633072Z","level":"error","event":"\tat org.apache.spark.sql.catalyst.analysis.Analyzer.execute(Analyzer.scala:289)","logger":"task.stderr"}
{"timestamp":"2026-07-03T10:42:02.633092Z","level":"error","event":"\tat org.apache.spark.sql.catalyst.rules.RuleExecutor.$anonfun$executeAndTrack$1(RuleExecutor.scala:207)","logger":"task.stderr"}
{"timestamp":"2026-07-03T10:42:02.633110Z","level":"error","event":"\tat org.apache.spark.sql.catalyst.QueryPlanningTracker$.withTracker(QueryPlanningTracker.scala:89)","logger":"task.stderr"}
{"timestamp":"2026-07-03T10:42:02.633183Z","level":"error","event":"\tat org.apache.spark.sql.catalyst.rules.RuleExecutor.executeAndTrack(RuleExecutor.scala:207)","logger":"task.stderr"}
{"timestamp":"2026-07-03T10:42:02.633205Z","level":"error","event":"\tat org.apache.spark.sql.catalyst.analysis.resolver.HybridAnalyzer.resolveInFixedPoint(HybridAnalyzer.scala:236)","logger":"task.stderr"}
{"timestamp":"2026-07-03T10:42:02.633227Z","level":"error","event":"\tat org.apache.spark.sql.catalyst.analysis.resolver.HybridAnalyzer.$anonfun$apply$1(HybridAnalyzer.scala:91)","logger":"task.stderr"}
{"timestamp":"2026-07-03T10:42:02.633248Z","level":"error","event":"\tat org.apache.spark.sql.catalyst.analysis.resolver.HybridAnalyzer.withTrackedAnalyzerBridgeState(HybridAnalyzer.scala:122)","logger":"task.stderr"}
{"timestamp":"2026-07-03T10:42:02.633266Z","level":"error","event":"\tat org.apache.spark.sql.catalyst.analysis.resolver.HybridAnalyzer.apply(HybridAnalyzer.scala:84)","logger":"task.stderr"}
{"timestamp":"2026-07-03T10:42:02.633284Z","level":"error","event":"\tat org.apache.spark.sql.catalyst.analysis.Analyzer.$anonfun$executeAndCheck$1(Analyzer.scala:322)","logger":"task.stderr"}
{"timestamp":"2026-07-03T10:42:02.633303Z","level":"error","event":"\tat org.apache.spark.sql.catalyst.plans.logical.AnalysisHelper$.markInAnalyzer(AnalysisHelper.scala:423)","logger":"task.stderr"}
{"timestamp":"2026-07-03T10:42:02.633322Z","level":"error","event":"\tat org.apache.spark.sql.catalyst.analysis.Analyzer.executeAndCheck(Analyzer.scala:322)","logger":"task.stderr"}
{"timestamp":"2026-07-03T10:42:02.633342Z","level":"error","event":"\tat org.apache.spark.sql.execution.QueryExecution.$anonfun$lazyAnalyzed$2(QueryExecution.scala:139)","logger":"task.stderr"}
{"timestamp":"2026-07-03T10:42:02.633362Z","level":"error","event":"\tat org.apache.spark.sql.catalyst.QueryPlanningTracker.measurePhase(QueryPlanningTracker.scala:148)","logger":"task.stderr"}
{"timestamp":"2026-07-03T10:42:02.633381Z","level":"error","event":"\tat org.apache.spark.sql.execution.QueryExecution.$anonfun$executePhase$2(QueryExecution.scala:330)","logger":"task.stderr"}
{"timestamp":"2026-07-03T10:42:02.633402Z","level":"error","event":"\tat org.apache.spark.sql.execution.QueryExecution$.withInternalError(QueryExecution.scala:717)","logger":"task.stderr"}
{"timestamp":"2026-07-03T10:42:02.633420Z","level":"error","event":"\tat org.apache.spark.sql.execution.QueryExecution.$anonfun$executePhase$1(QueryExecution.scala:330)","logger":"task.stderr"}
{"timestamp":"2026-07-03T10:42:02.633438Z","level":"error","event":"\tat org.apache.spark.sql.SparkSession.withActive(SparkSession.scala:804)","logger":"task.stderr"}
{"timestamp":"2026-07-03T10:42:02.633457Z","level":"error","event":"\tat org.apache.spark.sql.execution.QueryExecution.executePhase(QueryExecution.scala:329)","logger":"task.stderr"}
{"timestamp":"2026-07-03T10:42:02.633476Z","level":"error","event":"\tat org.apache.spark.sql.execution.QueryExecution.$anonfun$lazyAnalyzed$1(QueryExecution.scala:139)","logger":"task.stderr"}
{"timestamp":"2026-07-03T10:42:02.633496Z","level":"error","event":"\tat scala.util.Try$.apply(Try.scala:217)","logger":"task.stderr"}
{"timestamp":"2026-07-03T10:42:02.633515Z","level":"error","event":"\tat org.apache.spark.util.Utils$.doTryWithCallerStacktrace(Utils.scala:1392)","logger":"task.stderr"}
{"timestamp":"2026-07-03T10:42:02.633534Z","level":"error","event":"\tat org.apache.spark.util.LazyTry.tryT$lzycompute(LazyTry.scala:46)","logger":"task.stderr"}
{"timestamp":"2026-07-03T10:42:02.633553Z","level":"error","event":"\tat org.apache.spark.util.LazyTry.tryT(LazyTry.scala:46)","logger":"task.stderr"}
{"timestamp":"2026-07-03T10:42:02.633573Z","level":"error","event":"\tat org.apache.spark.util.LazyTry.get(LazyTry.scala:58)","logger":"task.stderr"}
{"timestamp":"2026-07-03T10:42:02.633591Z","level":"error","event":"\tat org.apache.spark.sql.execution.QueryExecution.analyzed(QueryExecution.scala:150)","logger":"task.stderr"}
{"timestamp":"2026-07-03T10:42:02.633611Z","level":"error","event":"\tat org.apache.spark.sql.execution.QueryExecution.assertAnalyzed(QueryExecution.scala:90)","logger":"task.stderr"}
{"timestamp":"2026-07-03T10:42:02.633631Z","level":"error","event":"\tat org.apache.spark.sql.classic.Dataset$.$anonfun$ofRows$1(Dataset.scala:114)","logger":"task.stderr"}
{"timestamp":"2026-07-03T10:42:02.633649Z","level":"error","event":"\tat org.apache.spark.sql.SparkSession.withActive(SparkSession.scala:804)","logger":"task.stderr"}
{"timestamp":"2026-07-03T10:42:02.633666Z","level":"error","event":"\tat org.apache.spark.sql.classic.Dataset$.ofRows(Dataset.scala:112)","logger":"task.stderr"}
{"timestamp":"2026-07-03T10:42:02.633683Z","level":"error","event":"\tat org.apache.spark.sql.classic.DataFrameReader.load(DataFrameReader.scala:108)","logger":"task.stderr"}
{"timestamp":"2026-07-03T10:42:02.633701Z","level":"error","event":"\tat org.apache.spark.sql.classic.DataFrameReader.load(DataFrameReader.scala:99)","logger":"task.stderr"}
{"timestamp":"2026-07-03T10:42:02.633721Z","level":"error","event":"\tat org.apache.spark.sql.classic.DataFrameReader.load(DataFrameReader.scala:57)","logger":"task.stderr"}
{"timestamp":"2026-07-03T10:42:02.633739Z","level":"error","event":"\tat java.base/jdk.internal.reflect.NativeMethodAccessorImpl.invoke0(Native Method)","logger":"task.stderr"}
{"timestamp":"2026-07-03T10:42:02.633759Z","level":"error","event":"\tat java.base/jdk.internal.reflect.NativeMethodAccessorImpl.invoke(NativeMethodAccessorImpl.java:76)","logger":"task.stderr"}
{"timestamp":"2026-07-03T10:42:02.633778Z","level":"error","event":"\tat java.base/jdk.internal.reflect.DelegatingMethodAccessorImpl.invoke(DelegatingMethodAccessorImpl.java:52)","logger":"task.stderr"}
{"timestamp":"2026-07-03T10:42:02.633796Z","level":"error","event":"\tat java.base/java.lang.reflect.Method.invoke(Method.java:578)","logger":"task.stderr"}
{"timestamp":"2026-07-03T10:42:02.633813Z","level":"error","event":"\tat py4j.reflection.MethodInvoker.invoke(MethodInvoker.java:244)","logger":"task.stderr"}
{"timestamp":"2026-07-03T10:42:02.633831Z","level":"error","event":"\tat py4j.reflection.ReflectionEngine.invoke(ReflectionEngine.java:374)","logger":"task.stderr"}
{"timestamp":"2026-07-03T10:42:02.633852Z","level":"error","event":"\tat py4j.Gateway.invoke(Gateway.java:282)","logger":"task.stderr"}
{"timestamp":"2026-07-03T10:42:02.633872Z","level":"error","event":"\tat py4j.commands.AbstractCommand.invokeMethod(AbstractCommand.java:132)","logger":"task.stderr"}
{"timestamp":"2026-07-03T10:42:02.633890Z","level":"error","event":"\tat py4j.commands.CallCommand.execute(CallCommand.java:79)","logger":"task.stderr"}
{"timestamp":"2026-07-03T10:42:02.633909Z","level":"error","event":"\tat py4j.ClientServerConnection.waitForCommands(ClientServerConnection.java:184)","logger":"task.stderr"}
{"timestamp":"2026-07-03T10:42:02.633929Z","level":"error","event":"\tat py4j.ClientServerConnection.run(ClientServerConnection.java:108)","logger":"task.stderr"}
{"timestamp":"2026-07-03T10:42:02.633949Z","level":"error","event":"\tat java.base/java.lang.Thread.run(Thread.java:1589)","logger":"task.stderr"}
{"timestamp":"2026-07-03T10:42:02.652628Z","level":"error","event":"Traceback (most recent call last):","logger":"task.stderr"}
{"timestamp":"2026-07-03T10:42:02.652862Z","level":"error","event":"  File \"/Users/burugula.sasank/airflow/dags/spark/notebooks/silver_layer/data_transformations.py\", line 176, in <module>","logger":"task.stderr"}
{"timestamp":"2026-07-03T10:42:02.652898Z","level":"error","event":"    data_bronze_batsmen_odi  = spark.read.load(\"file_stores/bronze_layer/Batting/ODI\")","logger":"task.stderr"}
{"timestamp":"2026-07-03T10:42:02.652924Z","level":"error","event":"  File \"/Library/Frameworks/Python.framework/Versions/3.14/lib/python3.14/site-packages/pyspark/sql/readwriter.py\", line 311, in load","logger":"task.stderr"}
{"timestamp":"2026-07-03T10:42:02.652950Z","level":"error","event":"    return self._df(self._jreader.load(path))","logger":"task.stderr"}
{"timestamp":"2026-07-03T10:42:02.652972Z","level":"error","event":"                    ~~~~~~~~~~~~~~~~~~^^^^^^","logger":"task.stderr"}
{"timestamp":"2026-07-03T10:42:02.652992Z","level":"error","event":"  File \"/Library/Frameworks/Python.framework/Versions/3.14/lib/python3.14/site-packages/py4j/java_gateway.py\", line 1362, in __call__","logger":"task.stderr"}
{"timestamp":"2026-07-03T10:42:02.653010Z","level":"error","event":"    return_value = get_return_value(","logger":"task.stderr"}
{"timestamp":"2026-07-03T10:42:02.653030Z","level":"error","event":"        answer, self.gateway_client, self.target_id, self.name)","logger":"task.stderr"}
{"timestamp":"2026-07-03T10:42:02.653047Z","level":"error","event":"  File \"/Library/Frameworks/Python.framework/Versions/3.14/lib/python3.14/site-packages/pyspark/errors/exceptions/captured.py\", line 269, in deco","logger":"task.stderr"}
{"timestamp":"2026-07-03T10:42:02.653068Z","level":"error","event":"    raise converted from None","logger":"task.stderr"}
{"timestamp":"2026-07-03T10:42:02.653113Z","level":"error","event":"pyspark.errors.exceptions.captured.AnalysisException: [PATH_NOT_FOUND] Path does not exist: file:/Users/burugula.sasank/airflow/file_stores/bronze_layer/Batting/ODI. SQLSTATE: 42K03","logger":"task.stderr"}
{"timestamp":"2026-07-03T10:42:02.668341Z","level":"error","event":"Task failed with exception","try_number":2,"dag_id":"dag_data","run_id":"manual__2026-07-03T10:36:32.324658+00:00","map_index":-1,"ti_id":"019f2792-2a8d-7980-95b8-1bd355a2ff91","task_id":"transform_data_from_filesystem","logger":"task","filename":"task_runner.py","lineno":1381,"error_detail":[{"exc_type":"CalledProcessError","exc_value":"Command '['python3', '/Users/burugula.sasank/airflow/dags/spark/notebooks/silver_layer/data_transformations.py']' returned non-zero exit status 1.","exc_notes":[],"syntax_error":null,"is_cause":false,"frames":[{"filename":"/Library/Frameworks/Python.framework/Versions/3.14/lib/python3.14/site-packages/airflow/sdk/execution_time/task_runner.py","lineno":1287,"name":"run"},{"filename":"/Library/Frameworks/Python.framework/Versions/3.14/lib/python3.14/site-packages/airflow/sdk/execution_time/task_runner.py","lineno":1745,"name":"_execute_task"},{"filename":"/Library/Frameworks/Python.framework/Versions/3.14/lib/python3.14/site-packages/airflow/sdk/bases/operator.py","lineno":443,"name":"wrapper"},{"filename":"/Library/Frameworks/Python.framework/Versions/3.14/lib/python3.14/site-packages/airflow/sdk/bases/decorator.py","lineno":398,"name":"execute"},{"filename":"/Library/Frameworks/Python.framework/Versions/3.14/lib/python3.14/site-packages/airflow/sdk/bases/operator.py","lineno":443,"name":"wrapper"},{"filename":"/Library/Frameworks/Python.framework/Versions/3.14/lib/python3.14/site-packages/airflow/providers/standard/operators/python.py","lineno":231,"name":"execute"},{"filename":"/Library/Frameworks/Python.framework/Versions/3.14/lib/python3.14/site-packages/airflow/providers/standard/operators/python.py","lineno":254,"name":"execute_callable"},{"filename":"/Library/Frameworks/Python.framework/Versions/3.14/lib/python3.14/site-packages/airflow/sdk/execution_time/callback_runner.py","lineno":97,"name":"run"},{"filename":"/Users/burugula.sasank/airflow/dags/etl_scheduler.py","lineno":57,"name":"transform_data_from_filesystem"},{"filename":"/Library/Frameworks/Python.framework/Versions/3.14/lib/python3.14/subprocess.py","lineno":578,"name":"run"}],"is_group":false,"exceptions":[]}]}
{"timestamp":"2026-07-03T10:42:02.668641Z","level":"info","event":"::group::Post Execute","try_number":2,"dag_id":"dag_data","run_id":"manual__2026-07-03T10:36:32.324658+00:00","map_index":-1,"ti_id":"019f2792-2a8d-7980-95b8-1bd355a2ff91","task_id":"transform_data_from_filesystem","logger":"task","filename":"task_runner.py","lineno":1382}
{"timestamp":"2026-07-03T10:42:02.669161Z","level":"info","event":"::endgroup::","try_number":2,"dag_id":"dag_data","run_id":"manual__2026-07-03T10:36:32.324658+00:00","map_index":-1,"ti_id":"019f2792-2a8d-7980-95b8-1bd355a2ff91","task_id":"transform_data_from_filesystem","logger":"task","filename":"task_runner.py","lineno":1896}
