{"timestamp":"2026-07-03T10:36:46.237343Z","level":"info","event":"2026-07-03T10:36:46.237185Z [info     ] ::group::Pre Execute           [task] loc=task_runner.py:1926","logger":"task.stdout"}
{"timestamp":"2026-07-03T10:36:46.316856Z","level":"info","event":"setup plugin alembic.autogenerate.schemas","logger":"alembic.runtime.plugins","task_id":"transform_data_from_filesystem","ti_id":"019f278d-30d7-7288-a4f5-7e2e0bda381e","run_id":"manual__2026-07-03T10:36:32.324658+00:00","map_index":-1,"dag_id":"dag_data","try_number":1,"filename":"plugins.py","lineno":37}
{"timestamp":"2026-07-03T10:36:46.316934Z","level":"info","event":"setup plugin alembic.autogenerate.tables","logger":"alembic.runtime.plugins","task_id":"transform_data_from_filesystem","ti_id":"019f278d-30d7-7288-a4f5-7e2e0bda381e","run_id":"manual__2026-07-03T10:36:32.324658+00:00","map_index":-1,"dag_id":"dag_data","try_number":1,"filename":"plugins.py","lineno":37}
{"timestamp":"2026-07-03T10:36:46.316967Z","level":"info","event":"setup plugin alembic.autogenerate.types","logger":"alembic.runtime.plugins","task_id":"transform_data_from_filesystem","ti_id":"019f278d-30d7-7288-a4f5-7e2e0bda381e","run_id":"manual__2026-07-03T10:36:32.324658+00:00","map_index":-1,"dag_id":"dag_data","try_number":1,"filename":"plugins.py","lineno":37}
{"timestamp":"2026-07-03T10:36:46.316994Z","level":"info","event":"setup plugin alembic.autogenerate.constraints","logger":"alembic.runtime.plugins","task_id":"transform_data_from_filesystem","ti_id":"019f278d-30d7-7288-a4f5-7e2e0bda381e","run_id":"manual__2026-07-03T10:36:32.324658+00:00","map_index":-1,"dag_id":"dag_data","try_number":1,"filename":"plugins.py","lineno":37}
{"timestamp":"2026-07-03T10:36:46.317016Z","level":"info","event":"setup plugin alembic.autogenerate.defaults","logger":"alembic.runtime.plugins","task_id":"transform_data_from_filesystem","ti_id":"019f278d-30d7-7288-a4f5-7e2e0bda381e","run_id":"manual__2026-07-03T10:36:32.324658+00:00","map_index":-1,"dag_id":"dag_data","try_number":1,"filename":"plugins.py","lineno":37}
{"timestamp":"2026-07-03T10:36:46.317037Z","level":"info","event":"setup plugin alembic.autogenerate.comments","logger":"alembic.runtime.plugins","task_id":"transform_data_from_filesystem","ti_id":"019f278d-30d7-7288-a4f5-7e2e0bda381e","run_id":"manual__2026-07-03T10:36:32.324658+00:00","map_index":-1,"dag_id":"dag_data","try_number":1,"filename":"plugins.py","lineno":37}
{"timestamp":"2026-07-03T10:36:46.360035Z","level":"info","event":"DAG bundles loaded: dags-folder","task_id":"transform_data_from_filesystem","ti_id":"019f278d-30d7-7288-a4f5-7e2e0bda381e","run_id":"manual__2026-07-03T10:36:32.324658+00:00","map_index":-1,"dag_id":"dag_data","try_number":1,"logger":"airflow.dag_processing.bundles.manager.DagBundlesManager","filename":"manager.py","lineno":209}
{"timestamp":"2026-07-03T10:36:46.360240Z","level":"info","event":"Filling up the DagBag from /Users/burugula.sasank/airflow/dags/etl_scheduler.py","task_id":"transform_data_from_filesystem","ti_id":"019f278d-30d7-7288-a4f5-7e2e0bda381e","run_id":"manual__2026-07-03T10:36:32.324658+00:00","map_index":-1,"dag_id":"dag_data","try_number":1,"logger":"airflow.dag_processing.dagbag.BundleDagBag","filename":"dagbag.py","lineno":469}
{"timestamp":"2026-07-03T10:36:46.391612Z","level":"warning","event":"The `airflow.decorators.task` attribute is deprecated. Please use `'airflow.sdk.task'`.","category":"UserWarning","filename":"/Users/burugula.sasank/airflow/dags/etl_scheduler.py","lineno":1,"task_id":"transform_data_from_filesystem","ti_id":"019f278d-30d7-7288-a4f5-7e2e0bda381e","run_id":"manual__2026-07-03T10:36:32.324658+00:00","map_index":-1,"dag_id":"dag_data","try_number":1,"logger":"py.warnings"}
{"timestamp":"2026-07-03T10:36:46.391662Z","level":"warning","event":"The `airflow.decorators.dag` attribute is deprecated. Please use `'airflow.sdk.dag'`.","category":"UserWarning","filename":"/Users/burugula.sasank/airflow/dags/etl_scheduler.py","lineno":1,"task_id":"transform_data_from_filesystem","ti_id":"019f278d-30d7-7288-a4f5-7e2e0bda381e","run_id":"manual__2026-07-03T10:36:32.324658+00:00","map_index":-1,"dag_id":"dag_data","try_number":1,"logger":"py.warnings"}
{"timestamp":"2026-07-03T10:36:46.391686Z","level":"warning","event":"The `airflow.hooks.base.BaseHook` attribute is deprecated. Please use `'airflow.sdk.bases.hook.BaseHook'`.","category":"UserWarning","filename":"/Users/burugula.sasank/airflow/dags/etl_scheduler.py","lineno":2,"task_id":"transform_data_from_filesystem","ti_id":"019f278d-30d7-7288-a4f5-7e2e0bda381e","run_id":"manual__2026-07-03T10:36:32.324658+00:00","map_index":-1,"dag_id":"dag_data","try_number":1,"logger":"py.warnings"}
{"timestamp":"2026-07-03T10:36:46.403332Z","level":"info","event":"::endgroup::","task_id":"transform_data_from_filesystem","ti_id":"019f278d-30d7-7288-a4f5-7e2e0bda381e","run_id":"manual__2026-07-03T10:36:32.324658+00:00","map_index":-1,"dag_id":"dag_data","try_number":1,"logger":"task","filename":"task_runner.py","lineno":1727}
{"timestamp":"2026-07-03T10:36:46.467882Z","level":"error","event":"/Library/Frameworks/Python.framework/Versions/3.14/lib/python3.14/site-packages/pyspark/sql/udf.py:134: UserWarning: Cannot infer the eval type from type hints.","logger":"task.stderr"}
{"timestamp":"2026-07-03T10:36:46.467969Z","level":"error","event":"  warnings.warn(\"Cannot infer the eval type from type hints. \", UserWarning)","logger":"task.stderr"}
{"timestamp":"2026-07-03T10:36:46.580538Z","level":"error","event":"WARNING: Using incubator modules: jdk.incubator.vector","logger":"task.stderr"}
{"timestamp":"2026-07-03T10:36:46.876015Z","level":"error","event":"Using Spark's default log4j profile: org/apache/spark/log4j2-defaults.properties","logger":"task.stderr"}
{"timestamp":"2026-07-03T10:36:46.881578Z","level":"error","event":"26/07/03 16:06:46 WARN Utils: Your hostname, Burugulas-MacBook-Air.local, resolves to a loopback address: 127.0.0.1; using 192.168.0.107 instead (on interface en0)","logger":"task.stderr"}
{"timestamp":"2026-07-03T10:36:46.882619Z","level":"error","event":"26/07/03 16:06:46 WARN Utils: Set SPARK_LOCAL_IP if you need to bind to another address","logger":"task.stderr"}
{"timestamp":"2026-07-03T10:36:46.945642Z","level":"error","event":":: loading settings :: url = jar:file:/Library/Frameworks/Python.framework/Versions/3.14/lib/python3.14/site-packages/pyspark/jars/ivy-2.5.3.jar!/org/apache/ivy/core/settings/ivysettings.xml","logger":"task.stderr"}
{"timestamp":"2026-07-03T10:36:46.976218Z","level":"error","event":"Ivy Default Cache set to: /Users/burugula.sasank/.ivy2.5.2/cache","logger":"task.stderr"}
{"timestamp":"2026-07-03T10:36:46.976352Z","level":"error","event":"The jars for the packages stored in: /Users/burugula.sasank/.ivy2.5.2/jars","logger":"task.stderr"}
{"timestamp":"2026-07-03T10:36:46.977488Z","level":"error","event":"org.postgresql#postgresql added as a dependency","logger":"task.stderr"}
{"timestamp":"2026-07-03T10:36:46.977746Z","level":"error","event":":: resolving dependencies :: org.apache.spark#spark-submit-parent-b277575a-ffd6-4a39-a731-b5b47603a50f;1.0","logger":"task.stderr"}
{"timestamp":"2026-07-03T10:36:46.977832Z","level":"error","event":"\tconfs: [default]","logger":"task.stderr"}
{"timestamp":"2026-07-03T10:36:47.016053Z","level":"error","event":"\tfound org.postgresql#postgresql;42.7.3 in central","logger":"task.stderr"}
{"timestamp":"2026-07-03T10:36:47.024951Z","level":"error","event":"\tfound org.checkerframework#checker-qual;3.42.0 in central","logger":"task.stderr"}
{"timestamp":"2026-07-03T10:36:47.029534Z","level":"error","event":":: resolution report :: resolve 50ms :: artifacts dl 2ms","logger":"task.stderr"}
{"timestamp":"2026-07-03T10:36:47.029721Z","level":"error","event":"\t:: modules in use:","logger":"task.stderr"}
{"timestamp":"2026-07-03T10:36:47.029837Z","level":"error","event":"\torg.checkerframework#checker-qual;3.42.0 from central in [default]","logger":"task.stderr"}
{"timestamp":"2026-07-03T10:36:47.029870Z","level":"error","event":"\torg.postgresql#postgresql;42.7.3 from central in [default]","logger":"task.stderr"}
{"timestamp":"2026-07-03T10:36:47.029935Z","level":"error","event":"\t---------------------------------------------------------------------","logger":"task.stderr"}
{"timestamp":"2026-07-03T10:36:47.029965Z","level":"error","event":"\t|                  |            modules            ||   artifacts   |","logger":"task.stderr"}
{"timestamp":"2026-07-03T10:36:47.029986Z","level":"error","event":"\t|       conf       | number| search|dwnlded|evicted|| number|dwnlded|","logger":"task.stderr"}
{"timestamp":"2026-07-03T10:36:47.030007Z","level":"error","event":"\t---------------------------------------------------------------------","logger":"task.stderr"}
{"timestamp":"2026-07-03T10:36:47.030025Z","level":"error","event":"\t|      default     |   2   |   0   |   0   |   0   ||   2   |   0   |","logger":"task.stderr"}
{"timestamp":"2026-07-03T10:36:47.030044Z","level":"error","event":"\t---------------------------------------------------------------------","logger":"task.stderr"}
{"timestamp":"2026-07-03T10:36:47.031589Z","level":"error","event":":: retrieving :: org.apache.spark#spark-submit-parent-b277575a-ffd6-4a39-a731-b5b47603a50f","logger":"task.stderr"}
{"timestamp":"2026-07-03T10:36:47.031641Z","level":"error","event":"\tconfs: [default]","logger":"task.stderr"}
{"timestamp":"2026-07-03T10:36:47.033621Z","level":"error","event":"\t0 artifacts copied, 2 already retrieved (0kB/2ms)","logger":"task.stderr"}
{"timestamp":"2026-07-03T10:36:47.095054Z","level":"error","event":"26/07/03 16:06:47 WARN NativeCodeLoader: Unable to load native-hadoop library for your platform... using builtin-java classes where applicable","logger":"task.stderr"}
{"timestamp":"2026-07-03T10:36:47.145631Z","level":"error","event":"Using Spark's default log4j profile: org/apache/spark/log4j2-defaults.properties","logger":"task.stderr"}
{"timestamp":"2026-07-03T10:36:47.145835Z","level":"error","event":"Setting default log level to \"WARN\".","logger":"task.stderr"}
{"timestamp":"2026-07-03T10:36:47.145889Z","level":"error","event":"To adjust logging level use sc.setLogLevel(newLevel). For SparkR, use setLogLevel(newLevel).","logger":"task.stderr"}
{"timestamp":"2026-07-03T10:36:48.561951Z","level":"error","event":"26/07/03 16:06:48 WARN FileStreamSink: Assume no metadata directory. Error while looking for metadata directory in the path: file_stores/bronze_layer/Batting/ODI.","logger":"task.stderr"}
{"timestamp":"2026-07-03T10:36:48.562071Z","level":"error","event":"java.io.FileNotFoundException: File file_stores/bronze_layer/Batting/ODI does not exist","logger":"task.stderr"}
{"timestamp":"2026-07-03T10:36:48.562103Z","level":"error","event":"\tat org.apache.hadoop.fs.RawLocalFileSystem.deprecatedGetFileStatus(RawLocalFileSystem.java:980)","logger":"task.stderr"}
{"timestamp":"2026-07-03T10:36:48.562126Z","level":"error","event":"\tat org.apache.hadoop.fs.RawLocalFileSystem.getFileLinkStatusInternal(RawLocalFileSystem.java:1301)","logger":"task.stderr"}
{"timestamp":"2026-07-03T10:36:48.562147Z","level":"error","event":"\tat org.apache.hadoop.fs.RawLocalFileSystem.getFileStatus(RawLocalFileSystem.java:970)","logger":"task.stderr"}
{"timestamp":"2026-07-03T10:36:48.562168Z","level":"error","event":"\tat org.apache.hadoop.fs.FilterFileSystem.getFileStatus(FilterFileSystem.java:462)","logger":"task.stderr"}
{"timestamp":"2026-07-03T10:36:48.562188Z","level":"error","event":"\tat org.apache.spark.sql.execution.streaming.sinks.FileStreamSink$.hasMetadata(FileStreamSink.scala:58)","logger":"task.stderr"}
{"timestamp":"2026-07-03T10:36:48.562207Z","level":"error","event":"\tat org.apache.spark.sql.execution.datasources.DataSource.resolveRelation(DataSource.scala:384)","logger":"task.stderr"}
{"timestamp":"2026-07-03T10:36:48.562226Z","level":"error","event":"\tat org.apache.spark.sql.catalyst.analysis.ResolveDataSource.org$apache$spark$sql$catalyst$analysis$ResolveDataSource$$loadV1BatchSource(ResolveDataSource.scala:143)","logger":"task.stderr"}
{"timestamp":"2026-07-03T10:36:48.562245Z","level":"error","event":"\tat org.apache.spark.sql.catalyst.analysis.ResolveDataSource$$anonfun$apply$1.$anonfun$applyOrElse$2(ResolveDataSource.scala:61)","logger":"task.stderr"}
{"timestamp":"2026-07-03T10:36:48.562273Z","level":"error","event":"\tat scala.Option.getOrElse(Option.scala:201)","logger":"task.stderr"}
{"timestamp":"2026-07-03T10:36:48.562292Z","level":"error","event":"\tat org.apache.spark.sql.catalyst.analysis.ResolveDataSource$$anonfun$apply$1.applyOrElse(ResolveDataSource.scala:61)","logger":"task.stderr"}
{"timestamp":"2026-07-03T10:36:48.562310Z","level":"error","event":"\tat org.apache.spark.sql.catalyst.analysis.ResolveDataSource$$anonfun$apply$1.applyOrElse(ResolveDataSource.scala:45)","logger":"task.stderr"}
{"timestamp":"2026-07-03T10:36:48.562328Z","level":"error","event":"\tat org.apache.spark.sql.catalyst.plans.logical.AnalysisHelper.$anonfun$resolveOperatorsUpWithPruning$3(AnalysisHelper.scala:139)","logger":"task.stderr"}
{"timestamp":"2026-07-03T10:36:48.562348Z","level":"error","event":"\tat org.apache.spark.sql.catalyst.trees.CurrentOrigin$.withOrigin(origin.scala:107)","logger":"task.stderr"}
{"timestamp":"2026-07-03T10:36:48.562367Z","level":"error","event":"\tat org.apache.spark.sql.catalyst.plans.logical.AnalysisHelper.$anonfun$resolveOperatorsUpWithPruning$1(AnalysisHelper.scala:139)","logger":"task.stderr"}
{"timestamp":"2026-07-03T10:36:48.562390Z","level":"error","event":"\tat org.apache.spark.sql.catalyst.plans.logical.AnalysisHelper$.allowInvokingTransformsInAnalyzer(AnalysisHelper.scala:416)","logger":"task.stderr"}
{"timestamp":"2026-07-03T10:36:48.562409Z","level":"error","event":"\tat org.apache.spark.sql.catalyst.plans.logical.AnalysisHelper.resolveOperatorsUpWithPruning(AnalysisHelper.scala:135)","logger":"task.stderr"}
{"timestamp":"2026-07-03T10:36:48.562427Z","level":"error","event":"\tat org.apache.spark.sql.catalyst.plans.logical.AnalysisHelper.resolveOperatorsUpWithPruning$(AnalysisHelper.scala:131)","logger":"task.stderr"}
{"timestamp":"2026-07-03T10:36:48.562445Z","level":"error","event":"\tat org.apache.spark.sql.catalyst.plans.logical.LogicalPlan.resolveOperatorsUpWithPruning(LogicalPlan.scala:37)","logger":"task.stderr"}
{"timestamp":"2026-07-03T10:36:48.562462Z","level":"error","event":"\tat org.apache.spark.sql.catalyst.plans.logical.AnalysisHelper.resolveOperatorsUp(AnalysisHelper.scala:112)","logger":"task.stderr"}
{"timestamp":"2026-07-03T10:36:48.562479Z","level":"error","event":"\tat org.apache.spark.sql.catalyst.plans.logical.AnalysisHelper.resolveOperatorsUp$(AnalysisHelper.scala:111)","logger":"task.stderr"}
{"timestamp":"2026-07-03T10:36:48.562495Z","level":"error","event":"\tat org.apache.spark.sql.catalyst.plans.logical.LogicalPlan.resolveOperatorsUp(LogicalPlan.scala:37)","logger":"task.stderr"}
{"timestamp":"2026-07-03T10:36:48.562512Z","level":"error","event":"\tat org.apache.spark.sql.catalyst.analysis.ResolveDataSource.apply(ResolveDataSource.scala:45)","logger":"task.stderr"}
{"timestamp":"2026-07-03T10:36:48.562529Z","level":"error","event":"\tat org.apache.spark.sql.catalyst.analysis.ResolveDataSource.apply(ResolveDataSource.scala:43)","logger":"task.stderr"}
{"timestamp":"2026-07-03T10:36:48.562545Z","level":"error","event":"\tat org.apache.spark.sql.catalyst.rules.RuleExecutor.$anonfun$execute$2(RuleExecutor.scala:248)","logger":"task.stderr"}
{"timestamp":"2026-07-03T10:36:48.562562Z","level":"error","event":"\tat scala.collection.LinearSeqOps.foldLeft(LinearSeq.scala:183)","logger":"task.stderr"}
{"timestamp":"2026-07-03T10:36:48.562579Z","level":"error","event":"\tat scala.collection.LinearSeqOps.foldLeft$(LinearSeq.scala:179)","logger":"task.stderr"}
{"timestamp":"2026-07-03T10:36:48.562596Z","level":"error","event":"\tat scala.collection.immutable.List.foldLeft(List.scala:79)","logger":"task.stderr"}
{"timestamp":"2026-07-03T10:36:48.562612Z","level":"error","event":"\tat org.apache.spark.sql.catalyst.rules.RuleExecutor.$anonfun$execute$1(RuleExecutor.scala:245)","logger":"task.stderr"}
{"timestamp":"2026-07-03T10:36:48.562628Z","level":"error","event":"\tat org.apache.spark.sql.catalyst.rules.RuleExecutor.$anonfun$execute$1$adapted(RuleExecutor.scala:237)","logger":"task.stderr"}
{"timestamp":"2026-07-03T10:36:48.562650Z","level":"error","event":"\tat scala.collection.immutable.List.foreach(List.scala:323)","logger":"task.stderr"}
{"timestamp":"2026-07-03T10:36:48.562666Z","level":"error","event":"\tat org.apache.spark.sql.catalyst.rules.RuleExecutor.execute(RuleExecutor.scala:237)","logger":"task.stderr"}
{"timestamp":"2026-07-03T10:36:48.562682Z","level":"error","event":"\tat org.apache.spark.sql.catalyst.analysis.Analyzer.org$apache$spark$sql$catalyst$analysis$Analyzer$$executeSameContext(Analyzer.scala:343)","logger":"task.stderr"}
{"timestamp":"2026-07-03T10:36:48.562699Z","level":"error","event":"\tat org.apache.spark.sql.catalyst.analysis.Analyzer.$anonfun$execute$1(Analyzer.scala:339)","logger":"task.stderr"}
{"timestamp":"2026-07-03T10:36:48.562716Z","level":"error","event":"\tat org.apache.spark.sql.catalyst.analysis.AnalysisContext$.withNewAnalysisContext(Analyzer.scala:224)","logger":"task.stderr"}
{"timestamp":"2026-07-03T10:36:48.562732Z","level":"error","event":"\tat org.apache.spark.sql.catalyst.analysis.Analyzer.execute(Analyzer.scala:339)","logger":"task.stderr"}
{"timestamp":"2026-07-03T10:36:48.562748Z","level":"error","event":"\tat org.apache.spark.sql.catalyst.analysis.Analyzer.execute(Analyzer.scala:289)","logger":"task.stderr"}
{"timestamp":"2026-07-03T10:36:48.562764Z","level":"error","event":"\tat org.apache.spark.sql.catalyst.rules.RuleExecutor.$anonfun$executeAndTrack$1(RuleExecutor.scala:207)","logger":"task.stderr"}
{"timestamp":"2026-07-03T10:36:48.562780Z","level":"error","event":"\tat org.apache.spark.sql.catalyst.QueryPlanningTracker$.withTracker(QueryPlanningTracker.scala:89)","logger":"task.stderr"}
{"timestamp":"2026-07-03T10:36:48.562847Z","level":"error","event":"\tat org.apache.spark.sql.catalyst.rules.RuleExecutor.executeAndTrack(RuleExecutor.scala:207)","logger":"task.stderr"}
{"timestamp":"2026-07-03T10:36:48.562868Z","level":"error","event":"\tat org.apache.spark.sql.catalyst.analysis.resolver.HybridAnalyzer.resolveInFixedPoint(HybridAnalyzer.scala:236)","logger":"task.stderr"}
{"timestamp":"2026-07-03T10:36:48.562885Z","level":"error","event":"\tat org.apache.spark.sql.catalyst.analysis.resolver.HybridAnalyzer.$anonfun$apply$1(HybridAnalyzer.scala:91)","logger":"task.stderr"}
{"timestamp":"2026-07-03T10:36:48.562902Z","level":"error","event":"\tat org.apache.spark.sql.catalyst.analysis.resolver.HybridAnalyzer.withTrackedAnalyzerBridgeState(HybridAnalyzer.scala:122)","logger":"task.stderr"}
{"timestamp":"2026-07-03T10:36:48.562919Z","level":"error","event":"\tat org.apache.spark.sql.catalyst.analysis.resolver.HybridAnalyzer.apply(HybridAnalyzer.scala:84)","logger":"task.stderr"}
{"timestamp":"2026-07-03T10:36:48.562935Z","level":"error","event":"\tat org.apache.spark.sql.catalyst.analysis.Analyzer.$anonfun$executeAndCheck$1(Analyzer.scala:322)","logger":"task.stderr"}
{"timestamp":"2026-07-03T10:36:48.562952Z","level":"error","event":"\tat org.apache.spark.sql.catalyst.plans.logical.AnalysisHelper$.markInAnalyzer(AnalysisHelper.scala:423)","logger":"task.stderr"}
{"timestamp":"2026-07-03T10:36:48.562971Z","level":"error","event":"\tat org.apache.spark.sql.catalyst.analysis.Analyzer.executeAndCheck(Analyzer.scala:322)","logger":"task.stderr"}
{"timestamp":"2026-07-03T10:36:48.562988Z","level":"error","event":"\tat org.apache.spark.sql.execution.QueryExecution.$anonfun$lazyAnalyzed$2(QueryExecution.scala:139)","logger":"task.stderr"}
{"timestamp":"2026-07-03T10:36:48.563004Z","level":"error","event":"\tat org.apache.spark.sql.catalyst.QueryPlanningTracker.measurePhase(QueryPlanningTracker.scala:148)","logger":"task.stderr"}
{"timestamp":"2026-07-03T10:36:48.563020Z","level":"error","event":"\tat org.apache.spark.sql.execution.QueryExecution.$anonfun$executePhase$2(QueryExecution.scala:330)","logger":"task.stderr"}
{"timestamp":"2026-07-03T10:36:48.563037Z","level":"error","event":"\tat org.apache.spark.sql.execution.QueryExecution$.withInternalError(QueryExecution.scala:717)","logger":"task.stderr"}
{"timestamp":"2026-07-03T10:36:48.563056Z","level":"error","event":"\tat org.apache.spark.sql.execution.QueryExecution.$anonfun$executePhase$1(QueryExecution.scala:330)","logger":"task.stderr"}
{"timestamp":"2026-07-03T10:36:48.563076Z","level":"error","event":"\tat org.apache.spark.sql.SparkSession.withActive(SparkSession.scala:804)","logger":"task.stderr"}
{"timestamp":"2026-07-03T10:36:48.563093Z","level":"error","event":"\tat org.apache.spark.sql.execution.QueryExecution.executePhase(QueryExecution.scala:329)","logger":"task.stderr"}
{"timestamp":"2026-07-03T10:36:48.563114Z","level":"error","event":"\tat org.apache.spark.sql.execution.QueryExecution.$anonfun$lazyAnalyzed$1(QueryExecution.scala:139)","logger":"task.stderr"}
{"timestamp":"2026-07-03T10:36:48.563135Z","level":"error","event":"\tat scala.util.Try$.apply(Try.scala:217)","logger":"task.stderr"}
{"timestamp":"2026-07-03T10:36:48.563152Z","level":"error","event":"\tat org.apache.spark.util.Utils$.doTryWithCallerStacktrace(Utils.scala:1392)","logger":"task.stderr"}
{"timestamp":"2026-07-03T10:36:48.563172Z","level":"error","event":"\tat org.apache.spark.util.LazyTry.tryT$lzycompute(LazyTry.scala:46)","logger":"task.stderr"}
{"timestamp":"2026-07-03T10:36:48.563189Z","level":"error","event":"\tat org.apache.spark.util.LazyTry.tryT(LazyTry.scala:46)","logger":"task.stderr"}
{"timestamp":"2026-07-03T10:36:48.563210Z","level":"error","event":"\tat org.apache.spark.util.LazyTry.get(LazyTry.scala:58)","logger":"task.stderr"}
{"timestamp":"2026-07-03T10:36:48.563230Z","level":"error","event":"\tat org.apache.spark.sql.execution.QueryExecution.analyzed(QueryExecution.scala:150)","logger":"task.stderr"}
{"timestamp":"2026-07-03T10:36:48.563247Z","level":"error","event":"\tat org.apache.spark.sql.execution.QueryExecution.assertAnalyzed(QueryExecution.scala:90)","logger":"task.stderr"}
{"timestamp":"2026-07-03T10:36:48.563267Z","level":"error","event":"\tat org.apache.spark.sql.classic.Dataset$.$anonfun$ofRows$1(Dataset.scala:114)","logger":"task.stderr"}
{"timestamp":"2026-07-03T10:36:48.563287Z","level":"error","event":"\tat org.apache.spark.sql.SparkSession.withActive(SparkSession.scala:804)","logger":"task.stderr"}
{"timestamp":"2026-07-03T10:36:48.563304Z","level":"error","event":"\tat org.apache.spark.sql.classic.Dataset$.ofRows(Dataset.scala:112)","logger":"task.stderr"}
{"timestamp":"2026-07-03T10:36:48.563324Z","level":"error","event":"\tat org.apache.spark.sql.classic.DataFrameReader.load(DataFrameReader.scala:108)","logger":"task.stderr"}
{"timestamp":"2026-07-03T10:36:48.563340Z","level":"error","event":"\tat org.apache.spark.sql.classic.DataFrameReader.load(DataFrameReader.scala:99)","logger":"task.stderr"}
{"timestamp":"2026-07-03T10:36:48.563361Z","level":"error","event":"\tat org.apache.spark.sql.classic.DataFrameReader.load(DataFrameReader.scala:57)","logger":"task.stderr"}
{"timestamp":"2026-07-03T10:36:48.563381Z","level":"error","event":"\tat java.base/jdk.internal.reflect.NativeMethodAccessorImpl.invoke0(Native Method)","logger":"task.stderr"}
{"timestamp":"2026-07-03T10:36:48.563398Z","level":"error","event":"\tat java.base/jdk.internal.reflect.NativeMethodAccessorImpl.invoke(NativeMethodAccessorImpl.java:76)","logger":"task.stderr"}
{"timestamp":"2026-07-03T10:36:48.563418Z","level":"error","event":"\tat java.base/jdk.internal.reflect.DelegatingMethodAccessorImpl.invoke(DelegatingMethodAccessorImpl.java:52)","logger":"task.stderr"}
{"timestamp":"2026-07-03T10:36:48.563438Z","level":"error","event":"\tat java.base/java.lang.reflect.Method.invoke(Method.java:578)","logger":"task.stderr"}
{"timestamp":"2026-07-03T10:36:48.563456Z","level":"error","event":"\tat py4j.reflection.MethodInvoker.invoke(MethodInvoker.java:244)","logger":"task.stderr"}
{"timestamp":"2026-07-03T10:36:48.563472Z","level":"error","event":"\tat py4j.reflection.ReflectionEngine.invoke(ReflectionEngine.java:374)","logger":"task.stderr"}
{"timestamp":"2026-07-03T10:36:48.563492Z","level":"error","event":"\tat py4j.Gateway.invoke(Gateway.java:282)","logger":"task.stderr"}
{"timestamp":"2026-07-03T10:36:48.563515Z","level":"error","event":"\tat py4j.commands.AbstractCommand.invokeMethod(AbstractCommand.java:132)","logger":"task.stderr"}
{"timestamp":"2026-07-03T10:36:48.563532Z","level":"error","event":"\tat py4j.commands.CallCommand.execute(CallCommand.java:79)","logger":"task.stderr"}
{"timestamp":"2026-07-03T10:36:48.563552Z","level":"error","event":"\tat py4j.ClientServerConnection.waitForCommands(ClientServerConnection.java:184)","logger":"task.stderr"}
{"timestamp":"2026-07-03T10:36:48.563569Z","level":"error","event":"\tat py4j.ClientServerConnection.run(ClientServerConnection.java:108)","logger":"task.stderr"}
{"timestamp":"2026-07-03T10:36:48.563589Z","level":"error","event":"\tat java.base/java.lang.Thread.run(Thread.java:1589)","logger":"task.stderr"}
{"timestamp":"2026-07-03T10:36:48.582537Z","level":"error","event":"Traceback (most recent call last):","logger":"task.stderr"}
{"timestamp":"2026-07-03T10:36:48.582757Z","level":"error","event":"  File \"/Users/burugula.sasank/airflow/dags/spark/notebooks/silver_layer/data_transformations.py\", line 176, in <module>","logger":"task.stderr"}
{"timestamp":"2026-07-03T10:36:48.582786Z","level":"error","event":"    data_bronze_batsmen_odi  = spark.read.load(\"file_stores/bronze_layer/Batting/ODI\")","logger":"task.stderr"}
{"timestamp":"2026-07-03T10:36:48.582807Z","level":"error","event":"  File \"/Library/Frameworks/Python.framework/Versions/3.14/lib/python3.14/site-packages/pyspark/sql/readwriter.py\", line 311, in load","logger":"task.stderr"}
{"timestamp":"2026-07-03T10:36:48.582826Z","level":"error","event":"    return self._df(self._jreader.load(path))","logger":"task.stderr"}
{"timestamp":"2026-07-03T10:36:48.582846Z","level":"error","event":"                    ~~~~~~~~~~~~~~~~~~^^^^^^","logger":"task.stderr"}
{"timestamp":"2026-07-03T10:36:48.582864Z","level":"error","event":"  File \"/Library/Frameworks/Python.framework/Versions/3.14/lib/python3.14/site-packages/py4j/java_gateway.py\", line 1362, in __call__","logger":"task.stderr"}
{"timestamp":"2026-07-03T10:36:48.582882Z","level":"error","event":"    return_value = get_return_value(","logger":"task.stderr"}
{"timestamp":"2026-07-03T10:36:48.582901Z","level":"error","event":"        answer, self.gateway_client, self.target_id, self.name)","logger":"task.stderr"}
{"timestamp":"2026-07-03T10:36:48.582919Z","level":"error","event":"  File \"/Library/Frameworks/Python.framework/Versions/3.14/lib/python3.14/site-packages/pyspark/errors/exceptions/captured.py\", line 269, in deco","logger":"task.stderr"}
{"timestamp":"2026-07-03T10:36:48.582938Z","level":"error","event":"    raise converted from None","logger":"task.stderr"}
{"timestamp":"2026-07-03T10:36:48.582980Z","level":"error","event":"pyspark.errors.exceptions.captured.AnalysisException: [PATH_NOT_FOUND] Path does not exist: file:/Users/burugula.sasank/airflow/file_stores/bronze_layer/Batting/ODI. SQLSTATE: 42K03","logger":"task.stderr"}
{"timestamp":"2026-07-03T10:36:48.598700Z","level":"error","event":"Task failed with exception","task_id":"transform_data_from_filesystem","ti_id":"019f278d-30d7-7288-a4f5-7e2e0bda381e","run_id":"manual__2026-07-03T10:36:32.324658+00:00","map_index":-1,"dag_id":"dag_data","try_number":1,"logger":"task","filename":"task_runner.py","lineno":1381,"error_detail":[{"exc_type":"CalledProcessError","exc_value":"Command '['python3', '/Users/burugula.sasank/airflow/dags/spark/notebooks/silver_layer/data_transformations.py']' returned non-zero exit status 1.","exc_notes":[],"syntax_error":null,"is_cause":false,"frames":[{"filename":"/Library/Frameworks/Python.framework/Versions/3.14/lib/python3.14/site-packages/airflow/sdk/execution_time/task_runner.py","lineno":1287,"name":"run"},{"filename":"/Library/Frameworks/Python.framework/Versions/3.14/lib/python3.14/site-packages/airflow/sdk/execution_time/task_runner.py","lineno":1745,"name":"_execute_task"},{"filename":"/Library/Frameworks/Python.framework/Versions/3.14/lib/python3.14/site-packages/airflow/sdk/bases/operator.py","lineno":443,"name":"wrapper"},{"filename":"/Library/Frameworks/Python.framework/Versions/3.14/lib/python3.14/site-packages/airflow/sdk/bases/decorator.py","lineno":398,"name":"execute"},{"filename":"/Library/Frameworks/Python.framework/Versions/3.14/lib/python3.14/site-packages/airflow/sdk/bases/operator.py","lineno":443,"name":"wrapper"},{"filename":"/Library/Frameworks/Python.framework/Versions/3.14/lib/python3.14/site-packages/airflow/providers/standard/operators/python.py","lineno":231,"name":"execute"},{"filename":"/Library/Frameworks/Python.framework/Versions/3.14/lib/python3.14/site-packages/airflow/providers/standard/operators/python.py","lineno":254,"name":"execute_callable"},{"filename":"/Library/Frameworks/Python.framework/Versions/3.14/lib/python3.14/site-packages/airflow/sdk/execution_time/callback_runner.py","lineno":97,"name":"run"},{"filename":"/Users/burugula.sasank/airflow/dags/etl_scheduler.py","lineno":57,"name":"transform_data_from_filesystem"},{"filename":"/Library/Frameworks/Python.framework/Versions/3.14/lib/python3.14/subprocess.py","lineno":578,"name":"run"}],"is_group":false,"exceptions":[]}]}
{"timestamp":"2026-07-03T10:36:48.598962Z","level":"info","event":"::group::Post Execute","task_id":"transform_data_from_filesystem","ti_id":"019f278d-30d7-7288-a4f5-7e2e0bda381e","run_id":"manual__2026-07-03T10:36:32.324658+00:00","map_index":-1,"dag_id":"dag_data","try_number":1,"logger":"task","filename":"task_runner.py","lineno":1382}
{"timestamp":"2026-07-03T10:36:48.599445Z","level":"info","event":"::endgroup::","task_id":"transform_data_from_filesystem","ti_id":"019f278d-30d7-7288-a4f5-7e2e0bda381e","run_id":"manual__2026-07-03T10:36:32.324658+00:00","map_index":-1,"dag_id":"dag_data","try_number":1,"logger":"task","filename":"task_runner.py","lineno":1896}
