{"timestamp":"2026-07-03T01:53:04.968966Z","level":"info","event":"2026-07-03T01:53:04.968847Z [info     ] ::group::Pre Execute           [task] loc=task_runner.py:1926","logger":"task.stdout"}
{"timestamp":"2026-07-03T01:53:05.047252Z","level":"info","event":"setup plugin alembic.autogenerate.schemas","logger":"alembic.runtime.plugins","ti_id":"019f25ad-d912-73fc-bcb9-2ea5dd1863d8","dag_id":"dag_data","try_number":1,"map_index":-1,"task_id":"ingest_data_to_filesystem","run_id":"manual__2026-07-03T01:52:58.119100+00:00","filename":"plugins.py","lineno":37}
{"timestamp":"2026-07-03T01:53:05.047329Z","level":"info","event":"setup plugin alembic.autogenerate.tables","logger":"alembic.runtime.plugins","ti_id":"019f25ad-d912-73fc-bcb9-2ea5dd1863d8","dag_id":"dag_data","try_number":1,"map_index":-1,"task_id":"ingest_data_to_filesystem","run_id":"manual__2026-07-03T01:52:58.119100+00:00","filename":"plugins.py","lineno":37}
{"timestamp":"2026-07-03T01:53:05.047361Z","level":"info","event":"setup plugin alembic.autogenerate.types","logger":"alembic.runtime.plugins","ti_id":"019f25ad-d912-73fc-bcb9-2ea5dd1863d8","dag_id":"dag_data","try_number":1,"map_index":-1,"task_id":"ingest_data_to_filesystem","run_id":"manual__2026-07-03T01:52:58.119100+00:00","filename":"plugins.py","lineno":37}
{"timestamp":"2026-07-03T01:53:05.047385Z","level":"info","event":"setup plugin alembic.autogenerate.constraints","logger":"alembic.runtime.plugins","ti_id":"019f25ad-d912-73fc-bcb9-2ea5dd1863d8","dag_id":"dag_data","try_number":1,"map_index":-1,"task_id":"ingest_data_to_filesystem","run_id":"manual__2026-07-03T01:52:58.119100+00:00","filename":"plugins.py","lineno":37}
{"timestamp":"2026-07-03T01:53:05.047405Z","level":"info","event":"setup plugin alembic.autogenerate.defaults","logger":"alembic.runtime.plugins","ti_id":"019f25ad-d912-73fc-bcb9-2ea5dd1863d8","dag_id":"dag_data","try_number":1,"map_index":-1,"task_id":"ingest_data_to_filesystem","run_id":"manual__2026-07-03T01:52:58.119100+00:00","filename":"plugins.py","lineno":37}
{"timestamp":"2026-07-03T01:53:05.047426Z","level":"info","event":"setup plugin alembic.autogenerate.comments","logger":"alembic.runtime.plugins","ti_id":"019f25ad-d912-73fc-bcb9-2ea5dd1863d8","dag_id":"dag_data","try_number":1,"map_index":-1,"task_id":"ingest_data_to_filesystem","run_id":"manual__2026-07-03T01:52:58.119100+00:00","filename":"plugins.py","lineno":37}
{"timestamp":"2026-07-03T01:53:05.087381Z","level":"info","event":"DAG bundles loaded: dags-folder","ti_id":"019f25ad-d912-73fc-bcb9-2ea5dd1863d8","dag_id":"dag_data","try_number":1,"map_index":-1,"task_id":"ingest_data_to_filesystem","run_id":"manual__2026-07-03T01:52:58.119100+00:00","logger":"airflow.dag_processing.bundles.manager.DagBundlesManager","filename":"manager.py","lineno":209}
{"timestamp":"2026-07-03T01:53:05.087587Z","level":"info","event":"Filling up the DagBag from /Users/burugula.sasank/airflow/dags/etl_scheduler.py","ti_id":"019f25ad-d912-73fc-bcb9-2ea5dd1863d8","dag_id":"dag_data","try_number":1,"map_index":-1,"task_id":"ingest_data_to_filesystem","run_id":"manual__2026-07-03T01:52:58.119100+00:00","logger":"airflow.dag_processing.dagbag.BundleDagBag","filename":"dagbag.py","lineno":469}
{"timestamp":"2026-07-03T01:53:05.117610Z","level":"warning","event":"The `airflow.decorators.task` attribute is deprecated. Please use `'airflow.sdk.task'`.","category":"UserWarning","filename":"/Users/burugula.sasank/airflow/dags/etl_scheduler.py","lineno":1,"ti_id":"019f25ad-d912-73fc-bcb9-2ea5dd1863d8","dag_id":"dag_data","try_number":1,"map_index":-1,"task_id":"ingest_data_to_filesystem","run_id":"manual__2026-07-03T01:52:58.119100+00:00","logger":"py.warnings"}
{"timestamp":"2026-07-03T01:53:05.117657Z","level":"warning","event":"The `airflow.decorators.dag` attribute is deprecated. Please use `'airflow.sdk.dag'`.","category":"UserWarning","filename":"/Users/burugula.sasank/airflow/dags/etl_scheduler.py","lineno":1,"ti_id":"019f25ad-d912-73fc-bcb9-2ea5dd1863d8","dag_id":"dag_data","try_number":1,"map_index":-1,"task_id":"ingest_data_to_filesystem","run_id":"manual__2026-07-03T01:52:58.119100+00:00","logger":"py.warnings"}
{"timestamp":"2026-07-03T01:53:05.117681Z","level":"warning","event":"The `airflow.hooks.base.BaseHook` attribute is deprecated. Please use `'airflow.sdk.bases.hook.BaseHook'`.","category":"UserWarning","filename":"/Users/burugula.sasank/airflow/dags/etl_scheduler.py","lineno":2,"ti_id":"019f25ad-d912-73fc-bcb9-2ea5dd1863d8","dag_id":"dag_data","try_number":1,"map_index":-1,"task_id":"ingest_data_to_filesystem","run_id":"manual__2026-07-03T01:52:58.119100+00:00","logger":"py.warnings"}
{"timestamp":"2026-07-03T01:53:05.129533Z","level":"info","event":"::endgroup::","ti_id":"019f25ad-d912-73fc-bcb9-2ea5dd1863d8","dag_id":"dag_data","try_number":1,"map_index":-1,"task_id":"ingest_data_to_filesystem","run_id":"manual__2026-07-03T01:52:58.119100+00:00","logger":"task","filename":"task_runner.py","lineno":1727}
{"timestamp":"2026-07-03T01:53:05.317861Z","level":"error","event":"WARNING: Using incubator modules: jdk.incubator.vector","logger":"task.stderr"}
{"timestamp":"2026-07-03T01:53:05.635846Z","level":"error","event":"Using Spark's default log4j profile: org/apache/spark/log4j2-defaults.properties","logger":"task.stderr"}
{"timestamp":"2026-07-03T01:53:05.641017Z","level":"error","event":"26/07/03 07:23:05 WARN Utils: Your hostname, Burugulas-MacBook-Air.local, resolves to a loopback address: 127.0.0.1; using 192.168.0.107 instead (on interface en0)","logger":"task.stderr"}
{"timestamp":"2026-07-03T01:53:05.641961Z","level":"error","event":"26/07/03 07:23:05 WARN Utils: Set SPARK_LOCAL_IP if you need to bind to another address","logger":"task.stderr"}
{"timestamp":"2026-07-03T01:53:05.740155Z","level":"error","event":"Using Spark's default log4j profile: org/apache/spark/log4j2-defaults.properties","logger":"task.stderr"}
{"timestamp":"2026-07-03T01:53:05.740308Z","level":"error","event":"Setting default log level to \"WARN\".","logger":"task.stderr"}
{"timestamp":"2026-07-03T01:53:05.740342Z","level":"error","event":"To adjust logging level use sc.setLogLevel(newLevel). For SparkR, use setLogLevel(newLevel).","logger":"task.stderr"}
{"timestamp":"2026-07-03T01:53:05.899966Z","level":"error","event":"26/07/03 07:23:05 WARN NativeCodeLoader: Unable to load native-hadoop library for your platform... using builtin-java classes where applicable","logger":"task.stderr"}
{"timestamp":"2026-07-03T01:53:08.307542Z","level":"error","event":"26/07/03 07:23:08 WARN CSVHeaderChecker: CSV header does not conform to the schema.","logger":"task.stderr"}
{"timestamp":"2026-07-03T01:53:08.307649Z","level":"error","event":" Header: , Player, Span, Mat, Inns, NO, Runs, HS, Ave, BF, SR, 100, 50, 0, Unnamed: 13","logger":"task.stderr"}
{"timestamp":"2026-07-03T01:53:08.307678Z","level":"error","event":" Schema: _c0, Player, Span, Mat, Inns, NO, Runs, HS, Ave, BF, SR, 100, 50, 0, Unnamed: 13","logger":"task.stderr"}
{"timestamp":"2026-07-03T01:53:08.307700Z","level":"error","event":"Expected: _c0 but found:","logger":"task.stderr"}
{"timestamp":"2026-07-03T01:53:08.307720Z","level":"error","event":"CSV file: file:///Users/burugula.sasank/airflow/dags/file_stores/api_dump/cric_data/Batting/ODI%20data.csv","logger":"task.stderr"}
{"timestamp":"2026-07-03T01:53:08.714372Z","level":"error","event":"26/07/03 07:23:08 WARN CSVHeaderChecker: CSV header does not conform to the schema.","logger":"task.stderr"}
{"timestamp":"2026-07-03T01:53:08.714486Z","level":"error","event":" Header: , Player, Span, Mat, Inns, NO, Runs, HS, Ave, BF, SR, 100, 50, 0, 4s, 6s, Unnamed: 15","logger":"task.stderr"}
{"timestamp":"2026-07-03T01:53:08.714517Z","level":"error","event":" Schema: _c0, Player, Span, Mat, Inns, NO, Runs, HS, Ave, BF, SR, 100, 50, 0, 4s, 6s, Unnamed: 15","logger":"task.stderr"}
{"timestamp":"2026-07-03T01:53:08.714539Z","level":"error","event":"Expected: _c0 but found:","logger":"task.stderr"}
{"timestamp":"2026-07-03T01:53:08.714559Z","level":"error","event":"CSV file: file:///Users/burugula.sasank/airflow/dags/file_stores/api_dump/cric_data/Batting/t20.csv","logger":"task.stderr"}
{"timestamp":"2026-07-03T01:53:08.860319Z","level":"error","event":"26/07/03 07:23:08 WARN CSVHeaderChecker: CSV header does not conform to the schema.","logger":"task.stderr"}
{"timestamp":"2026-07-03T01:53:08.860433Z","level":"error","event":" Header: , Player, Span, Mat, Inns, NO, Runs, HS, Ave, 100, 50, 0, Unnamed: 11","logger":"task.stderr"}
{"timestamp":"2026-07-03T01:53:08.860463Z","level":"error","event":" Schema: _c0, Player, Span, Mat, Inns, NO, Runs, HS, Ave, 100, 50, 0, Unnamed: 11","logger":"task.stderr"}
{"timestamp":"2026-07-03T01:53:08.860485Z","level":"error","event":"Expected: _c0 but found:","logger":"task.stderr"}
{"timestamp":"2026-07-03T01:53:08.860506Z","level":"error","event":"CSV file: file:///Users/burugula.sasank/airflow/dags/file_stores/api_dump/cric_data/Batting/test.csv","logger":"task.stderr"}
{"timestamp":"2026-07-03T01:53:08.978089Z","level":"error","event":"26/07/03 07:23:08 WARN CSVHeaderChecker: CSV header does not conform to the schema.","logger":"task.stderr"}
{"timestamp":"2026-07-03T01:53:08.978190Z","level":"error","event":" Header: , Player, Span, Mat, Inns, Balls, Runs, Wkts, BBI, Ave, Econ, SR, 4, 5, Unnamed: 13","logger":"task.stderr"}
{"timestamp":"2026-07-03T01:53:08.978220Z","level":"error","event":" Schema: _c0, Player, Span, Mat, Inns, Balls, Runs, Wkts, BBI, Ave, Econ, SR, 4, 5, Unnamed: 13","logger":"task.stderr"}
{"timestamp":"2026-07-03T01:53:08.978243Z","level":"error","event":"Expected: _c0 but found:","logger":"task.stderr"}
{"timestamp":"2026-07-03T01:53:08.978264Z","level":"error","event":"CSV file: file:///Users/burugula.sasank/airflow/dags/file_stores/api_dump/cric_data/Bowling/Bowling_ODI.csv","logger":"task.stderr"}
{"timestamp":"2026-07-03T01:53:09.115955Z","level":"error","event":"26/07/03 07:23:09 WARN CSVHeaderChecker: CSV header does not conform to the schema.","logger":"task.stderr"}
{"timestamp":"2026-07-03T01:53:09.116068Z","level":"error","event":" Header: , Player, Span, Mat, Inns, Overs, Mdns, Runs, Wkts, BBI, Ave, Econ, SR, 4, 5, Unnamed: 14","logger":"task.stderr"}
{"timestamp":"2026-07-03T01:53:09.116098Z","level":"error","event":" Schema: _c0, Player, Span, Mat, Inns, Overs, Mdns, Runs, Wkts, BBI, Ave, Econ, SR, 4, 5, Unnamed: 14","logger":"task.stderr"}
{"timestamp":"2026-07-03T01:53:09.116121Z","level":"error","event":"Expected: _c0 but found:","logger":"task.stderr"}
{"timestamp":"2026-07-03T01:53:09.116142Z","level":"error","event":"CSV file: file:///Users/burugula.sasank/airflow/dags/file_stores/api_dump/cric_data/Bowling/Bowling_t20.csv","logger":"task.stderr"}
{"timestamp":"2026-07-03T01:53:09.253385Z","level":"error","event":"26/07/03 07:23:09 WARN CSVHeaderChecker: CSV header does not conform to the schema.","logger":"task.stderr"}
{"timestamp":"2026-07-03T01:53:09.253493Z","level":"error","event":" Header: , Player, Span, Mat, Inns, Balls, Runs, Wkts, BBI, BBM, Ave, Econ, SR, 5, 10, Unnamed: 14","logger":"task.stderr"}
{"timestamp":"2026-07-03T01:53:09.253522Z","level":"error","event":" Schema: _c0, Player, Span, Mat, Inns, Balls, Runs, Wkts, BBI, BBM, Ave, Econ, SR, 5, 10, Unnamed: 14","logger":"task.stderr"}
{"timestamp":"2026-07-03T01:53:09.253544Z","level":"error","event":"Expected: _c0 but found:","logger":"task.stderr"}
{"timestamp":"2026-07-03T01:53:09.253564Z","level":"error","event":"CSV file: file:///Users/burugula.sasank/airflow/dags/file_stores/api_dump/cric_data/Bowling/Bowling_test.csv","logger":"task.stderr"}
{"timestamp":"2026-07-03T01:53:09.412489Z","level":"error","event":"26/07/03 07:23:09 WARN CSVHeaderChecker: CSV header does not conform to the schema.","logger":"task.stderr"}
{"timestamp":"2026-07-03T01:53:09.412604Z","level":"error","event":" Header: , Player, Span, Mat, Inns, Dis, Ct, St, Ct Wk, Ct Fi, MD, D/I, Unnamed: 11","logger":"task.stderr"}
{"timestamp":"2026-07-03T01:53:09.412632Z","level":"error","event":" Schema: _c0, Player, Span, Mat, Inns, Dis, Ct, St, Ct Wk, Ct Fi, MD, D/I, Unnamed: 11","logger":"task.stderr"}
{"timestamp":"2026-07-03T01:53:09.412654Z","level":"error","event":"Expected: _c0 but found:","logger":"task.stderr"}
{"timestamp":"2026-07-03T01:53:09.412680Z","level":"error","event":"CSV file: file:///Users/burugula.sasank/airflow/dags/file_stores/api_dump/cric_data/Fielding/Fielding_ODI.csv","logger":"task.stderr"}
{"timestamp":"2026-07-03T01:53:09.537994Z","level":"error","event":"26/07/03 07:23:09 WARN CSVHeaderChecker: CSV header does not conform to the schema.","logger":"task.stderr"}
{"timestamp":"2026-07-03T01:53:09.538095Z","level":"error","event":" Header: , Player, Span, Mat, Inns, Dis, Ct, St, Ct Wk, Ct Fi, MD, D/I, Unnamed: 11","logger":"task.stderr"}
{"timestamp":"2026-07-03T01:53:09.538122Z","level":"error","event":" Schema: _c0, Player, Span, Mat, Inns, Dis, Ct, St, Ct Wk, Ct Fi, MD, D/I, Unnamed: 11","logger":"task.stderr"}
{"timestamp":"2026-07-03T01:53:09.538144Z","level":"error","event":"Expected: _c0 but found:","logger":"task.stderr"}
{"timestamp":"2026-07-03T01:53:09.538166Z","level":"error","event":"CSV file: file:///Users/burugula.sasank/airflow/dags/file_stores/api_dump/cric_data/Fielding/Fielding_t20.csv","logger":"task.stderr"}
{"timestamp":"2026-07-03T01:53:09.654068Z","level":"error","event":"26/07/03 07:23:09 WARN CSVHeaderChecker: CSV header does not conform to the schema.","logger":"task.stderr"}
{"timestamp":"2026-07-03T01:53:09.654175Z","level":"error","event":" Header: , Player, Span, Mat, Inns, Dis, Ct, St, Ct Wk, Ct Fi, MD, D/I, Unnamed: 11","logger":"task.stderr"}
{"timestamp":"2026-07-03T01:53:09.654354Z","level":"error","event":" Schema: _c0, Player, Span, Mat, Inns, Dis, Ct, St, Ct Wk, Ct Fi, MD, D/I, Unnamed: 11","logger":"task.stderr"}
{"timestamp":"2026-07-03T01:53:09.654378Z","level":"error","event":"Expected: _c0 but found:","logger":"task.stderr"}
{"timestamp":"2026-07-03T01:53:09.654401Z","level":"error","event":"CSV file: file:///Users/burugula.sasank/airflow/dags/file_stores/api_dump/cric_data/Fielding/Fielding_test.csv","logger":"task.stderr"}
{"timestamp":"2026-07-03T01:53:09.725667Z","level":"error","event":"26/07/03 07:23:09 WARN CSVHeaderChecker: CSV header does not conform to the schema.","logger":"task.stderr"}
{"timestamp":"2026-07-03T01:53:09.725784Z","level":"error","event":" Header: , Player, Span, Mat, Inns, NO, Runs, HS, Ave, BF, SR, 100, 50, 0, Unnamed: 13","logger":"task.stderr"}
{"timestamp":"2026-07-03T01:53:09.725812Z","level":"error","event":" Schema: _c0, Player, Span, Mat, Inns, NO, Runs, HS, Ave, BF, SR, 100, 50, 0, Unnamed: 13","logger":"task.stderr"}
{"timestamp":"2026-07-03T01:53:09.725835Z","level":"error","event":"Expected: _c0 but found:","logger":"task.stderr"}
{"timestamp":"2026-07-03T01:53:09.725857Z","level":"error","event":"CSV file: file:///Users/burugula.sasank/airflow/dags/file_stores/api_dump/cric_data/Batting/ODI%20data.csv","logger":"task.stderr"}
{"timestamp":"2026-07-03T01:53:09.873608Z","level":"info","event":"Sample Data (ODI Batsmen):","logger":"task.stdout"}
{"timestamp":"2026-07-03T01:53:09.873731Z","level":"info","event":"+---+--------------------+---------+---+----+---+-----+----+-----+-----+-----+---+---+---+-----------+","logger":"task.stdout"}
{"timestamp":"2026-07-03T01:53:09.873775Z","level":"info","event":"|_c0|              Player|     Span|Mat|Inns| NO| Runs|  HS|  Ave|   BF|   SR|100| 50|  0|Unnamed: 13|","logger":"task.stdout"}
{"timestamp":"2026-07-03T01:53:09.873807Z","level":"info","event":"+---+--------------------+---------+---+----+---+-----+----+-----+-----+-----+---+---+---+-----------+","logger":"task.stdout"}
{"timestamp":"2026-07-03T01:53:09.873836Z","level":"info","event":"|  0|SR Tendulkar (INDIA)|1989-2012|463| 452| 41|18426|200*|44.83|21367|86.23| 49| 96| 20|       NULL|","logger":"task.stdout"}
{"timestamp":"2026-07-03T01:53:09.873865Z","level":"info","event":"|  1|KC Sangakkara (As...|2000-2015|404| 380| 41|14234| 169|41.98|18048|78.86| 25| 93| 15|       NULL|","logger":"task.stdout"}
{"timestamp":"2026-07-03T01:53:09.873893Z","level":"info","event":"+---+--------------------+---------+---+----+---+-----+----+-----+-----+-----+---+---+---+-----------+","logger":"task.stdout"}
{"timestamp":"2026-07-03T01:53:09.873931Z","level":"info","event":"only showing top 2 rows","logger":"task.stdout"}
{"timestamp":"2026-07-03T01:53:09.893498Z","level":"info","event":"Bronze Ingestion Success","logger":"task.stdout"}
{"timestamp":"2026-07-03T01:53:09.893700Z","level":"info","event":"Done. Returned value was: ","ti_id":"019f25ad-d912-73fc-bcb9-2ea5dd1863d8","dag_id":"dag_data","try_number":1,"map_index":-1,"task_id":"ingest_data_to_filesystem","run_id":"manual__2026-07-03T01:52:58.119100+00:00","logger":"airflow.task.operators.airflow.providers.standard.decorators.python._PythonDecoratedOperator","filename":"python.py","lineno":233}
{"timestamp":"2026-07-03T01:53:09.893918Z","level":"info","event":"::group::Post Execute","ti_id":"019f25ad-d912-73fc-bcb9-2ea5dd1863d8","dag_id":"dag_data","try_number":1,"map_index":-1,"task_id":"ingest_data_to_filesystem","run_id":"manual__2026-07-03T01:52:58.119100+00:00","logger":"task","filename":"task_runner.py","lineno":1288}
{"timestamp":"2026-07-03T01:53:09.894079Z","level":"info","event":"Pushing xcom","ti":"RuntimeTaskInstance(id=UUID('019f25ad-d912-73fc-bcb9-2ea5dd1863d8'), task_id='ingest_data_to_filesystem', dag_id='dag_data', run_id='manual__2026-07-03T01:52:58.119100+00:00', try_number=1, dag_version_id=UUID('019f25ad-46c6-7fd0-85e3-80d02836df93'), map_index=-1, hostname='burugulas-macbook-air.local', context_carrier={'traceparent': '00-2d9f59541ee8bfeddc2891e149b19370-de216881b775ee3a-01'}, task=<Task(_PythonDecoratedOperator): ingest_data_to_filesystem>, bundle_instance=LocalDagBundle(name=dags-folder), max_tries=0, start_date=datetime.datetime(2026, 7, 3, 1, 53, 4, 543412, tzinfo=datetime.timezone.utc), end_date=None, state=<TaskInstanceState.RUNNING: 'running'>, is_mapped=False, rendered_map_index=None, sentry_integration='')","ti_id":"019f25ad-d912-73fc-bcb9-2ea5dd1863d8","dag_id":"dag_data","try_number":1,"map_index":-1,"task_id":"ingest_data_to_filesystem","run_id":"manual__2026-07-03T01:52:58.119100+00:00","logger":"task","filename":"task_runner.py","lineno":1791}
{"timestamp":"2026-07-03T01:53:09.903452Z","level":"info","event":"::endgroup::","ti_id":"019f25ad-d912-73fc-bcb9-2ea5dd1863d8","dag_id":"dag_data","try_number":1,"map_index":-1,"task_id":"ingest_data_to_filesystem","run_id":"manual__2026-07-03T01:52:58.119100+00:00","logger":"task","filename":"task_runner.py","lineno":1896}
