{"timestamp":"2026-07-03T11:42:42.479997Z","level":"info","event":"2026-07-03T11:42:42.479836Z [info     ] ::group::Pre Execute           [task] loc=task_runner.py:1926","logger":"task.stdout"}
{"timestamp":"2026-07-03T11:42:42.558925Z","level":"info","event":"setup plugin alembic.autogenerate.schemas","logger":"alembic.runtime.plugins","map_index":-1,"dag_id":"dag_data","ti_id":"019f27c9-8e58-72ce-b3d8-9118a6dd833f","try_number":1,"run_id":"manual__2026-07-03T11:42:28.420710+00:00","task_id":"transform_data_from_filesystem","filename":"plugins.py","lineno":37}
{"timestamp":"2026-07-03T11:42:42.559005Z","level":"info","event":"setup plugin alembic.autogenerate.tables","logger":"alembic.runtime.plugins","map_index":-1,"dag_id":"dag_data","ti_id":"019f27c9-8e58-72ce-b3d8-9118a6dd833f","try_number":1,"run_id":"manual__2026-07-03T11:42:28.420710+00:00","task_id":"transform_data_from_filesystem","filename":"plugins.py","lineno":37}
{"timestamp":"2026-07-03T11:42:42.559038Z","level":"info","event":"setup plugin alembic.autogenerate.types","logger":"alembic.runtime.plugins","map_index":-1,"dag_id":"dag_data","ti_id":"019f27c9-8e58-72ce-b3d8-9118a6dd833f","try_number":1,"run_id":"manual__2026-07-03T11:42:28.420710+00:00","task_id":"transform_data_from_filesystem","filename":"plugins.py","lineno":37}
{"timestamp":"2026-07-03T11:42:42.559063Z","level":"info","event":"setup plugin alembic.autogenerate.constraints","logger":"alembic.runtime.plugins","map_index":-1,"dag_id":"dag_data","ti_id":"019f27c9-8e58-72ce-b3d8-9118a6dd833f","try_number":1,"run_id":"manual__2026-07-03T11:42:28.420710+00:00","task_id":"transform_data_from_filesystem","filename":"plugins.py","lineno":37}
{"timestamp":"2026-07-03T11:42:42.559084Z","level":"info","event":"setup plugin alembic.autogenerate.defaults","logger":"alembic.runtime.plugins","map_index":-1,"dag_id":"dag_data","ti_id":"019f27c9-8e58-72ce-b3d8-9118a6dd833f","try_number":1,"run_id":"manual__2026-07-03T11:42:28.420710+00:00","task_id":"transform_data_from_filesystem","filename":"plugins.py","lineno":37}
{"timestamp":"2026-07-03T11:42:42.559104Z","level":"info","event":"setup plugin alembic.autogenerate.comments","logger":"alembic.runtime.plugins","map_index":-1,"dag_id":"dag_data","ti_id":"019f27c9-8e58-72ce-b3d8-9118a6dd833f","try_number":1,"run_id":"manual__2026-07-03T11:42:28.420710+00:00","task_id":"transform_data_from_filesystem","filename":"plugins.py","lineno":37}
{"timestamp":"2026-07-03T11:42:42.599895Z","level":"info","event":"DAG bundles loaded: dags-folder","map_index":-1,"dag_id":"dag_data","ti_id":"019f27c9-8e58-72ce-b3d8-9118a6dd833f","try_number":1,"run_id":"manual__2026-07-03T11:42:28.420710+00:00","task_id":"transform_data_from_filesystem","logger":"airflow.dag_processing.bundles.manager.DagBundlesManager","filename":"manager.py","lineno":209}
{"timestamp":"2026-07-03T11:42:42.600108Z","level":"info","event":"Filling up the DagBag from /Users/burugula.sasank/airflow/dags/etl_scheduler.py","map_index":-1,"dag_id":"dag_data","ti_id":"019f27c9-8e58-72ce-b3d8-9118a6dd833f","try_number":1,"run_id":"manual__2026-07-03T11:42:28.420710+00:00","task_id":"transform_data_from_filesystem","logger":"airflow.dag_processing.dagbag.BundleDagBag","filename":"dagbag.py","lineno":469}
{"timestamp":"2026-07-03T11:42:42.634378Z","level":"warning","event":"The `airflow.decorators.task` attribute is deprecated. Please use `'airflow.sdk.task'`.","category":"UserWarning","filename":"/Users/burugula.sasank/airflow/dags/etl_scheduler.py","lineno":1,"map_index":-1,"dag_id":"dag_data","ti_id":"019f27c9-8e58-72ce-b3d8-9118a6dd833f","try_number":1,"run_id":"manual__2026-07-03T11:42:28.420710+00:00","task_id":"transform_data_from_filesystem","logger":"py.warnings"}
{"timestamp":"2026-07-03T11:42:42.634428Z","level":"warning","event":"The `airflow.decorators.dag` attribute is deprecated. Please use `'airflow.sdk.dag'`.","category":"UserWarning","filename":"/Users/burugula.sasank/airflow/dags/etl_scheduler.py","lineno":1,"map_index":-1,"dag_id":"dag_data","ti_id":"019f27c9-8e58-72ce-b3d8-9118a6dd833f","try_number":1,"run_id":"manual__2026-07-03T11:42:28.420710+00:00","task_id":"transform_data_from_filesystem","logger":"py.warnings"}
{"timestamp":"2026-07-03T11:42:42.634452Z","level":"warning","event":"The `airflow.hooks.base.BaseHook` attribute is deprecated. Please use `'airflow.sdk.bases.hook.BaseHook'`.","category":"UserWarning","filename":"/Users/burugula.sasank/airflow/dags/etl_scheduler.py","lineno":2,"map_index":-1,"dag_id":"dag_data","ti_id":"019f27c9-8e58-72ce-b3d8-9118a6dd833f","try_number":1,"run_id":"manual__2026-07-03T11:42:28.420710+00:00","task_id":"transform_data_from_filesystem","logger":"py.warnings"}
{"timestamp":"2026-07-03T11:42:42.646707Z","level":"info","event":"::endgroup::","map_index":-1,"dag_id":"dag_data","ti_id":"019f27c9-8e58-72ce-b3d8-9118a6dd833f","try_number":1,"run_id":"manual__2026-07-03T11:42:28.420710+00:00","task_id":"transform_data_from_filesystem","logger":"task","filename":"task_runner.py","lineno":1727}
{"timestamp":"2026-07-03T11:42:42.725740Z","level":"error","event":"/Library/Frameworks/Python.framework/Versions/3.14/lib/python3.14/site-packages/pyspark/sql/udf.py:134: UserWarning: Cannot infer the eval type from type hints.","logger":"task.stderr"}
{"timestamp":"2026-07-03T11:42:42.725825Z","level":"error","event":"  warnings.warn(\"Cannot infer the eval type from type hints. \", UserWarning)","logger":"task.stderr"}
{"timestamp":"2026-07-03T11:42:42.840012Z","level":"error","event":"WARNING: Using incubator modules: jdk.incubator.vector","logger":"task.stderr"}
{"timestamp":"2026-07-03T11:42:43.173211Z","level":"error","event":"Using Spark's default log4j profile: org/apache/spark/log4j2-defaults.properties","logger":"task.stderr"}
{"timestamp":"2026-07-03T11:42:43.178501Z","level":"error","event":"26/07/03 17:12:43 WARN Utils: Your hostname, Burugulas-MacBook-Air.local, resolves to a loopback address: 127.0.0.1; using 192.168.0.107 instead (on interface en0)","logger":"task.stderr"}
{"timestamp":"2026-07-03T11:42:43.179592Z","level":"error","event":"26/07/03 17:12:43 WARN Utils: Set SPARK_LOCAL_IP if you need to bind to another address","logger":"task.stderr"}
{"timestamp":"2026-07-03T11:42:43.243676Z","level":"error","event":":: loading settings :: url = jar:file:/Library/Frameworks/Python.framework/Versions/3.14/lib/python3.14/site-packages/pyspark/jars/ivy-2.5.3.jar!/org/apache/ivy/core/settings/ivysettings.xml","logger":"task.stderr"}
{"timestamp":"2026-07-03T11:42:43.274011Z","level":"error","event":"Ivy Default Cache set to: /Users/burugula.sasank/.ivy2.5.2/cache","logger":"task.stderr"}
{"timestamp":"2026-07-03T11:42:43.274159Z","level":"error","event":"The jars for the packages stored in: /Users/burugula.sasank/.ivy2.5.2/jars","logger":"task.stderr"}
{"timestamp":"2026-07-03T11:42:43.275236Z","level":"error","event":"org.postgresql#postgresql added as a dependency","logger":"task.stderr"}
{"timestamp":"2026-07-03T11:42:43.275459Z","level":"error","event":":: resolving dependencies :: org.apache.spark#spark-submit-parent-39b25a4d-f531-4fb9-84fd-8922d66abb5e;1.0","logger":"task.stderr"}
{"timestamp":"2026-07-03T11:42:43.275509Z","level":"error","event":"\tconfs: [default]","logger":"task.stderr"}
{"timestamp":"2026-07-03T11:42:43.314098Z","level":"error","event":"\tfound org.postgresql#postgresql;42.7.3 in central","logger":"task.stderr"}
{"timestamp":"2026-07-03T11:42:43.322273Z","level":"error","event":"\tfound org.checkerframework#checker-qual;3.42.0 in central","logger":"task.stderr"}
{"timestamp":"2026-07-03T11:42:43.327506Z","level":"error","event":":: resolution report :: resolve 50ms :: artifacts dl 2ms","logger":"task.stderr"}
{"timestamp":"2026-07-03T11:42:43.327659Z","level":"error","event":"\t:: modules in use:","logger":"task.stderr"}
{"timestamp":"2026-07-03T11:42:43.327714Z","level":"error","event":"\torg.checkerframework#checker-qual;3.42.0 from central in [default]","logger":"task.stderr"}
{"timestamp":"2026-07-03T11:42:43.327762Z","level":"error","event":"\torg.postgresql#postgresql;42.7.3 from central in [default]","logger":"task.stderr"}
{"timestamp":"2026-07-03T11:42:43.327805Z","level":"error","event":"\t---------------------------------------------------------------------","logger":"task.stderr"}
{"timestamp":"2026-07-03T11:42:43.327856Z","level":"error","event":"\t|                  |            modules            ||   artifacts   |","logger":"task.stderr"}
{"timestamp":"2026-07-03T11:42:43.327899Z","level":"error","event":"\t|       conf       | number| search|dwnlded|evicted|| number|dwnlded|","logger":"task.stderr"}
{"timestamp":"2026-07-03T11:42:43.328003Z","level":"error","event":"\t---------------------------------------------------------------------","logger":"task.stderr"}
{"timestamp":"2026-07-03T11:42:43.328075Z","level":"error","event":"\t|      default     |   2   |   0   |   0   |   0   ||   2   |   0   |","logger":"task.stderr"}
{"timestamp":"2026-07-03T11:42:43.328103Z","level":"error","event":"\t---------------------------------------------------------------------","logger":"task.stderr"}
{"timestamp":"2026-07-03T11:42:43.328547Z","level":"error","event":":: retrieving :: org.apache.spark#spark-submit-parent-39b25a4d-f531-4fb9-84fd-8922d66abb5e","logger":"task.stderr"}
{"timestamp":"2026-07-03T11:42:43.328628Z","level":"error","event":"\tconfs: [default]","logger":"task.stderr"}
{"timestamp":"2026-07-03T11:42:43.330229Z","level":"error","event":"\t0 artifacts copied, 2 already retrieved (0kB/2ms)","logger":"task.stderr"}
{"timestamp":"2026-07-03T11:42:43.389873Z","level":"error","event":"26/07/03 17:12:43 WARN NativeCodeLoader: Unable to load native-hadoop library for your platform... using builtin-java classes where applicable","logger":"task.stderr"}
{"timestamp":"2026-07-03T11:42:43.441248Z","level":"error","event":"Using Spark's default log4j profile: org/apache/spark/log4j2-defaults.properties","logger":"task.stderr"}
{"timestamp":"2026-07-03T11:42:43.441446Z","level":"error","event":"Setting default log level to \"WARN\".","logger":"task.stderr"}
{"timestamp":"2026-07-03T11:42:43.441502Z","level":"error","event":"To adjust logging level use sc.setLogLevel(newLevel). For SparkR, use setLogLevel(newLevel).","logger":"task.stderr"}
{"timestamp":"2026-07-03T11:42:46.886866Z","level":"error","event":"26/07/03 17:12:46 WARN SparkStringUtils: Truncated the string representation of a plan since it was too large. This behavior can be adjusted by setting 'spark.sql.debug.maxToStringFields'.","logger":"task.stderr"}
{"timestamp":"2026-07-03T11:42:49.380118Z","level":"info","event":"+---+--------------------+---------+---+----+---+-----+----+-----+-----+-----+---+---+---+-----------+","logger":"task.stdout"}
{"timestamp":"2026-07-03T11:42:49.380544Z","level":"info","event":"|_c0|              Player|     Span|Mat|Inns| NO| Runs|  HS|  Ave|   BF|   SR|100| 50|  0|Unnamed: 13|","logger":"task.stdout"}
{"timestamp":"2026-07-03T11:42:49.380578Z","level":"info","event":"+---+--------------------+---------+---+----+---+-----+----+-----+-----+-----+---+---+---+-----------+","logger":"task.stdout"}
{"timestamp":"2026-07-03T11:42:49.380600Z","level":"info","event":"|  0|SR Tendulkar (INDIA)|1989-2012|463| 452| 41|18426|200*|44.83|21367|86.23| 49| 96| 20|       NULL|","logger":"task.stdout"}
{"timestamp":"2026-07-03T11:42:49.380621Z","level":"info","event":"|  1|KC Sangakkara (As...|2000-2015|404| 380| 41|14234| 169|41.98|18048|78.86| 25| 93| 15|       NULL|","logger":"task.stdout"}
{"timestamp":"2026-07-03T11:42:49.380639Z","level":"info","event":"|  2|RT Ponting (AUS/ICC)|1995-2012|375| 365| 39|13704| 164|42.03|17046|80.39| 30| 82| 20|       NULL|","logger":"task.stdout"}
{"timestamp":"2026-07-03T11:42:49.380658Z","level":"info","event":"|  3|ST Jayasuriya (As...|1989-2011|445| 433| 18|13430| 189|32.36|14725| 91.2| 28| 68| 34|       NULL|","logger":"task.stdout"}
{"timestamp":"2026-07-03T11:42:49.380676Z","level":"info","event":"|  4|DPMD Jayawardene ...|1998-2015|448| 418| 39|12650| 144|33.37|16020|78.96| 19| 77| 28|       NULL|","logger":"task.stdout"}
{"timestamp":"2026-07-03T11:42:49.380694Z","level":"info","event":"+---+--------------------+---------+---+----+---+-----+----+-----+-----+-----+---+---+---+-----------+","logger":"task.stdout"}
{"timestamp":"2026-07-03T11:42:49.380721Z","level":"info","event":"only showing top 5 rows","logger":"task.stdout"}
{"timestamp":"2026-07-03T11:42:49.396195Z","level":"info","event":"Silver Ingestion Success with returned val:CompletedProcess(args=['python3', '/Users/burugula.sasank/airflow/dags/spark/notebooks/silver_layer/data_transformations.py'], returncode=0)","logger":"task.stdout"}
{"timestamp":"2026-07-03T11:42:49.396448Z","level":"info","event":"Done. Returned value was: None","map_index":-1,"dag_id":"dag_data","ti_id":"019f27c9-8e58-72ce-b3d8-9118a6dd833f","try_number":1,"run_id":"manual__2026-07-03T11:42:28.420710+00:00","task_id":"transform_data_from_filesystem","logger":"airflow.task.operators.airflow.providers.standard.decorators.python._PythonDecoratedOperator","filename":"python.py","lineno":233}
{"timestamp":"2026-07-03T11:42:49.396778Z","level":"info","event":"::group::Post Execute","map_index":-1,"dag_id":"dag_data","ti_id":"019f27c9-8e58-72ce-b3d8-9118a6dd833f","try_number":1,"run_id":"manual__2026-07-03T11:42:28.420710+00:00","task_id":"transform_data_from_filesystem","logger":"task","filename":"task_runner.py","lineno":1288}
{"timestamp":"2026-07-03T11:42:49.402192Z","level":"info","event":"::endgroup::","map_index":-1,"dag_id":"dag_data","ti_id":"019f27c9-8e58-72ce-b3d8-9118a6dd833f","try_number":1,"run_id":"manual__2026-07-03T11:42:28.420710+00:00","task_id":"transform_data_from_filesystem","logger":"task","filename":"task_runner.py","lineno":1896}
{"timestamp":"2026-07-03T11:42:49.855018Z","level":"error","event":"\r[Stage 10:>                                                         (0 + 1) / 1]","logger":"task.stderr"}
