{"timestamp":"2026-07-03T11:37:24.886955Z","level":"info","event":"2026-07-03T11:37:24.886774Z [info     ] ::group::Pre Execute           [task] loc=task_runner.py:1926","logger":"task.stdout"}
{"timestamp":"2026-07-03T11:37:24.973537Z","level":"info","event":"setup plugin alembic.autogenerate.schemas","logger":"alembic.runtime.plugins","map_index":-1,"dag_id":"dag_data","ti_id":"019f27c4-d77a-7b0d-ab07-c341c08a5592","task_id":"ingest_data_to_filesystem","try_number":1,"run_id":"manual__2026-07-03T11:37:19.470118+00:00","filename":"plugins.py","lineno":37}
{"timestamp":"2026-07-03T11:37:24.973614Z","level":"info","event":"setup plugin alembic.autogenerate.tables","logger":"alembic.runtime.plugins","map_index":-1,"dag_id":"dag_data","ti_id":"019f27c4-d77a-7b0d-ab07-c341c08a5592","task_id":"ingest_data_to_filesystem","try_number":1,"run_id":"manual__2026-07-03T11:37:19.470118+00:00","filename":"plugins.py","lineno":37}
{"timestamp":"2026-07-03T11:37:24.973647Z","level":"info","event":"setup plugin alembic.autogenerate.types","logger":"alembic.runtime.plugins","map_index":-1,"dag_id":"dag_data","ti_id":"019f27c4-d77a-7b0d-ab07-c341c08a5592","task_id":"ingest_data_to_filesystem","try_number":1,"run_id":"manual__2026-07-03T11:37:19.470118+00:00","filename":"plugins.py","lineno":37}
{"timestamp":"2026-07-03T11:37:24.973674Z","level":"info","event":"setup plugin alembic.autogenerate.constraints","logger":"alembic.runtime.plugins","map_index":-1,"dag_id":"dag_data","ti_id":"019f27c4-d77a-7b0d-ab07-c341c08a5592","task_id":"ingest_data_to_filesystem","try_number":1,"run_id":"manual__2026-07-03T11:37:19.470118+00:00","filename":"plugins.py","lineno":37}
{"timestamp":"2026-07-03T11:37:24.973696Z","level":"info","event":"setup plugin alembic.autogenerate.defaults","logger":"alembic.runtime.plugins","map_index":-1,"dag_id":"dag_data","ti_id":"019f27c4-d77a-7b0d-ab07-c341c08a5592","task_id":"ingest_data_to_filesystem","try_number":1,"run_id":"manual__2026-07-03T11:37:19.470118+00:00","filename":"plugins.py","lineno":37}
{"timestamp":"2026-07-03T11:37:24.973717Z","level":"info","event":"setup plugin alembic.autogenerate.comments","logger":"alembic.runtime.plugins","map_index":-1,"dag_id":"dag_data","ti_id":"019f27c4-d77a-7b0d-ab07-c341c08a5592","task_id":"ingest_data_to_filesystem","try_number":1,"run_id":"manual__2026-07-03T11:37:19.470118+00:00","filename":"plugins.py","lineno":37}
{"timestamp":"2026-07-03T11:37:25.018151Z","level":"info","event":"DAG bundles loaded: dags-folder","map_index":-1,"dag_id":"dag_data","ti_id":"019f27c4-d77a-7b0d-ab07-c341c08a5592","task_id":"ingest_data_to_filesystem","try_number":1,"run_id":"manual__2026-07-03T11:37:19.470118+00:00","logger":"airflow.dag_processing.bundles.manager.DagBundlesManager","filename":"manager.py","lineno":209}
{"timestamp":"2026-07-03T11:37:25.018368Z","level":"info","event":"Filling up the DagBag from /Users/burugula.sasank/airflow/dags/etl_scheduler.py","map_index":-1,"dag_id":"dag_data","ti_id":"019f27c4-d77a-7b0d-ab07-c341c08a5592","task_id":"ingest_data_to_filesystem","try_number":1,"run_id":"manual__2026-07-03T11:37:19.470118+00:00","logger":"airflow.dag_processing.dagbag.BundleDagBag","filename":"dagbag.py","lineno":469}
{"timestamp":"2026-07-03T11:37:25.048951Z","level":"warning","event":"The `airflow.decorators.task` attribute is deprecated. Please use `'airflow.sdk.task'`.","category":"UserWarning","filename":"/Users/burugula.sasank/airflow/dags/etl_scheduler.py","lineno":1,"map_index":-1,"dag_id":"dag_data","ti_id":"019f27c4-d77a-7b0d-ab07-c341c08a5592","task_id":"ingest_data_to_filesystem","try_number":1,"run_id":"manual__2026-07-03T11:37:19.470118+00:00","logger":"py.warnings"}
{"timestamp":"2026-07-03T11:37:25.049003Z","level":"warning","event":"The `airflow.decorators.dag` attribute is deprecated. Please use `'airflow.sdk.dag'`.","category":"UserWarning","filename":"/Users/burugula.sasank/airflow/dags/etl_scheduler.py","lineno":1,"map_index":-1,"dag_id":"dag_data","ti_id":"019f27c4-d77a-7b0d-ab07-c341c08a5592","task_id":"ingest_data_to_filesystem","try_number":1,"run_id":"manual__2026-07-03T11:37:19.470118+00:00","logger":"py.warnings"}
{"timestamp":"2026-07-03T11:37:25.049028Z","level":"warning","event":"The `airflow.hooks.base.BaseHook` attribute is deprecated. Please use `'airflow.sdk.bases.hook.BaseHook'`.","category":"UserWarning","filename":"/Users/burugula.sasank/airflow/dags/etl_scheduler.py","lineno":2,"map_index":-1,"dag_id":"dag_data","ti_id":"019f27c4-d77a-7b0d-ab07-c341c08a5592","task_id":"ingest_data_to_filesystem","try_number":1,"run_id":"manual__2026-07-03T11:37:19.470118+00:00","logger":"py.warnings"}
{"timestamp":"2026-07-03T11:37:25.059925Z","level":"info","event":"::endgroup::","map_index":-1,"dag_id":"dag_data","ti_id":"019f27c4-d77a-7b0d-ab07-c341c08a5592","task_id":"ingest_data_to_filesystem","try_number":1,"run_id":"manual__2026-07-03T11:37:19.470118+00:00","logger":"task","filename":"task_runner.py","lineno":1727}
{"timestamp":"2026-07-03T11:37:25.364307Z","level":"error","event":"WARNING: Using incubator modules: jdk.incubator.vector","logger":"task.stderr"}
{"timestamp":"2026-07-03T11:37:25.795304Z","level":"error","event":"Using Spark's default log4j profile: org/apache/spark/log4j2-defaults.properties","logger":"task.stderr"}
{"timestamp":"2026-07-03T11:37:25.801564Z","level":"error","event":"26/07/03 17:07:25 WARN Utils: Your hostname, Burugulas-MacBook-Air.local, resolves to a loopback address: 127.0.0.1; using 192.168.0.107 instead (on interface en0)","logger":"task.stderr"}
{"timestamp":"2026-07-03T11:37:25.802571Z","level":"error","event":"26/07/03 17:07:25 WARN Utils: Set SPARK_LOCAL_IP if you need to bind to another address","logger":"task.stderr"}
{"timestamp":"2026-07-03T11:37:25.929991Z","level":"error","event":"Using Spark's default log4j profile: org/apache/spark/log4j2-defaults.properties","logger":"task.stderr"}
{"timestamp":"2026-07-03T11:37:25.930145Z","level":"error","event":"Setting default log level to \"WARN\".","logger":"task.stderr"}
{"timestamp":"2026-07-03T11:37:25.930190Z","level":"error","event":"To adjust logging level use sc.setLogLevel(newLevel). For SparkR, use setLogLevel(newLevel).","logger":"task.stderr"}
{"timestamp":"2026-07-03T11:37:26.075810Z","level":"error","event":"26/07/03 17:07:26 WARN NativeCodeLoader: Unable to load native-hadoop library for your platform... using builtin-java classes where applicable","logger":"task.stderr"}
{"timestamp":"2026-07-03T11:37:28.835934Z","level":"error","event":"26/07/03 17:07:28 WARN CSVHeaderChecker: CSV header does not conform to the schema.","logger":"task.stderr"}
{"timestamp":"2026-07-03T11:37:28.836043Z","level":"error","event":" Header: , Player, Span, Mat, Inns, NO, Runs, HS, Ave, BF, SR, 100, 50, 0, Unnamed: 13","logger":"task.stderr"}
{"timestamp":"2026-07-03T11:37:28.836077Z","level":"error","event":" Schema: _c0, Player, Span, Mat, Inns, NO, Runs, HS, Ave, BF, SR, 100, 50, 0, Unnamed: 13","logger":"task.stderr"}
{"timestamp":"2026-07-03T11:37:28.836099Z","level":"error","event":"Expected: _c0 but found:","logger":"task.stderr"}
{"timestamp":"2026-07-03T11:37:28.836119Z","level":"error","event":"CSV file: file:///Users/burugula.sasank/airflow/dags/file_stores/api_dump/cric_data/Batting/ODI%20data.csv","logger":"task.stderr"}
{"timestamp":"2026-07-03T11:37:29.260572Z","level":"error","event":"26/07/03 17:07:29 WARN CSVHeaderChecker: CSV header does not conform to the schema.","logger":"task.stderr"}
{"timestamp":"2026-07-03T11:37:29.260678Z","level":"error","event":" Header: , Player, Span, Mat, Inns, NO, Runs, HS, Ave, BF, SR, 100, 50, 0, 4s, 6s, Unnamed: 15","logger":"task.stderr"}
{"timestamp":"2026-07-03T11:37:29.260707Z","level":"error","event":" Schema: _c0, Player, Span, Mat, Inns, NO, Runs, HS, Ave, BF, SR, 100, 50, 0, 4s, 6s, Unnamed: 15","logger":"task.stderr"}
{"timestamp":"2026-07-03T11:37:29.260729Z","level":"error","event":"Expected: _c0 but found:","logger":"task.stderr"}
{"timestamp":"2026-07-03T11:37:29.260754Z","level":"error","event":"CSV file: file:///Users/burugula.sasank/airflow/dags/file_stores/api_dump/cric_data/Batting/t20.csv","logger":"task.stderr"}
{"timestamp":"2026-07-03T11:37:29.419413Z","level":"error","event":"26/07/03 17:07:29 WARN CSVHeaderChecker: CSV header does not conform to the schema.","logger":"task.stderr"}
{"timestamp":"2026-07-03T11:37:29.419528Z","level":"error","event":" Header: , Player, Span, Mat, Inns, NO, Runs, HS, Ave, 100, 50, 0, Unnamed: 11","logger":"task.stderr"}
{"timestamp":"2026-07-03T11:37:29.419557Z","level":"error","event":" Schema: _c0, Player, Span, Mat, Inns, NO, Runs, HS, Ave, 100, 50, 0, Unnamed: 11","logger":"task.stderr"}
{"timestamp":"2026-07-03T11:37:29.419581Z","level":"error","event":"Expected: _c0 but found:","logger":"task.stderr"}
{"timestamp":"2026-07-03T11:37:29.419602Z","level":"error","event":"CSV file: file:///Users/burugula.sasank/airflow/dags/file_stores/api_dump/cric_data/Batting/test.csv","logger":"task.stderr"}
{"timestamp":"2026-07-03T11:37:29.544687Z","level":"error","event":"26/07/03 17:07:29 WARN CSVHeaderChecker: CSV header does not conform to the schema.","logger":"task.stderr"}
{"timestamp":"2026-07-03T11:37:29.544795Z","level":"error","event":" Header: , Player, Span, Mat, Inns, Balls, Runs, Wkts, BBI, Ave, Econ, SR, 4, 5, Unnamed: 13","logger":"task.stderr"}
{"timestamp":"2026-07-03T11:37:29.544822Z","level":"error","event":" Schema: _c0, Player, Span, Mat, Inns, Balls, Runs, Wkts, BBI, Ave, Econ, SR, 4, 5, Unnamed: 13","logger":"task.stderr"}
{"timestamp":"2026-07-03T11:37:29.544845Z","level":"error","event":"Expected: _c0 but found:","logger":"task.stderr"}
{"timestamp":"2026-07-03T11:37:29.544866Z","level":"error","event":"CSV file: file:///Users/burugula.sasank/airflow/dags/file_stores/api_dump/cric_data/Bowling/Bowling_ODI.csv","logger":"task.stderr"}
{"timestamp":"2026-07-03T11:37:29.703393Z","level":"error","event":"26/07/03 17:07:29 WARN CSVHeaderChecker: CSV header does not conform to the schema.","logger":"task.stderr"}
{"timestamp":"2026-07-03T11:37:29.703504Z","level":"error","event":" Header: , Player, Span, Mat, Inns, Overs, Mdns, Runs, Wkts, BBI, Ave, Econ, SR, 4, 5, Unnamed: 14","logger":"task.stderr"}
{"timestamp":"2026-07-03T11:37:29.703532Z","level":"error","event":" Schema: _c0, Player, Span, Mat, Inns, Overs, Mdns, Runs, Wkts, BBI, Ave, Econ, SR, 4, 5, Unnamed: 14","logger":"task.stderr"}
{"timestamp":"2026-07-03T11:37:29.703554Z","level":"error","event":"Expected: _c0 but found:","logger":"task.stderr"}
{"timestamp":"2026-07-03T11:37:29.703574Z","level":"error","event":"CSV file: file:///Users/burugula.sasank/airflow/dags/file_stores/api_dump/cric_data/Bowling/Bowling_t20.csv","logger":"task.stderr"}
{"timestamp":"2026-07-03T11:37:29.836437Z","level":"error","event":"26/07/03 17:07:29 WARN CSVHeaderChecker: CSV header does not conform to the schema.","logger":"task.stderr"}
{"timestamp":"2026-07-03T11:37:29.836549Z","level":"error","event":" Header: , Player, Span, Mat, Inns, Balls, Runs, Wkts, BBI, BBM, Ave, Econ, SR, 5, 10, Unnamed: 14","logger":"task.stderr"}
{"timestamp":"2026-07-03T11:37:29.836578Z","level":"error","event":" Schema: _c0, Player, Span, Mat, Inns, Balls, Runs, Wkts, BBI, BBM, Ave, Econ, SR, 5, 10, Unnamed: 14","logger":"task.stderr"}
{"timestamp":"2026-07-03T11:37:29.836600Z","level":"error","event":"Expected: _c0 but found:","logger":"task.stderr"}
{"timestamp":"2026-07-03T11:37:29.836620Z","level":"error","event":"CSV file: file:///Users/burugula.sasank/airflow/dags/file_stores/api_dump/cric_data/Bowling/Bowling_test.csv","logger":"task.stderr"}
{"timestamp":"2026-07-03T11:37:29.976391Z","level":"error","event":"26/07/03 17:07:29 WARN CSVHeaderChecker: CSV header does not conform to the schema.","logger":"task.stderr"}
{"timestamp":"2026-07-03T11:37:29.976497Z","level":"error","event":" Header: , Player, Span, Mat, Inns, Dis, Ct, St, Ct Wk, Ct Fi, MD, D/I, Unnamed: 11","logger":"task.stderr"}
{"timestamp":"2026-07-03T11:37:29.976524Z","level":"error","event":" Schema: _c0, Player, Span, Mat, Inns, Dis, Ct, St, Ct Wk, Ct Fi, MD, D/I, Unnamed: 11","logger":"task.stderr"}
{"timestamp":"2026-07-03T11:37:29.976545Z","level":"error","event":"Expected: _c0 but found:","logger":"task.stderr"}
{"timestamp":"2026-07-03T11:37:29.976571Z","level":"error","event":"CSV file: file:///Users/burugula.sasank/airflow/dags/file_stores/api_dump/cric_data/Fielding/Fielding_ODI.csv","logger":"task.stderr"}
{"timestamp":"2026-07-03T11:37:30.080749Z","level":"error","event":"26/07/03 17:07:30 WARN CSVHeaderChecker: CSV header does not conform to the schema.","logger":"task.stderr"}
{"timestamp":"2026-07-03T11:37:30.080852Z","level":"error","event":" Header: , Player, Span, Mat, Inns, Dis, Ct, St, Ct Wk, Ct Fi, MD, D/I, Unnamed: 11","logger":"task.stderr"}
{"timestamp":"2026-07-03T11:37:30.080882Z","level":"error","event":" Schema: _c0, Player, Span, Mat, Inns, Dis, Ct, St, Ct Wk, Ct Fi, MD, D/I, Unnamed: 11","logger":"task.stderr"}
{"timestamp":"2026-07-03T11:37:30.080903Z","level":"error","event":"Expected: _c0 but found:","logger":"task.stderr"}
{"timestamp":"2026-07-03T11:37:30.080925Z","level":"error","event":"CSV file: file:///Users/burugula.sasank/airflow/dags/file_stores/api_dump/cric_data/Fielding/Fielding_t20.csv","logger":"task.stderr"}
{"timestamp":"2026-07-03T11:37:30.174376Z","level":"error","event":"26/07/03 17:07:30 WARN CSVHeaderChecker: CSV header does not conform to the schema.","logger":"task.stderr"}
{"timestamp":"2026-07-03T11:37:30.174473Z","level":"error","event":" Header: , Player, Span, Mat, Inns, Dis, Ct, St, Ct Wk, Ct Fi, MD, D/I, Unnamed: 11","logger":"task.stderr"}
{"timestamp":"2026-07-03T11:37:30.174500Z","level":"error","event":" Schema: _c0, Player, Span, Mat, Inns, Dis, Ct, St, Ct Wk, Ct Fi, MD, D/I, Unnamed: 11","logger":"task.stderr"}
{"timestamp":"2026-07-03T11:37:30.174522Z","level":"error","event":"Expected: _c0 but found:","logger":"task.stderr"}
{"timestamp":"2026-07-03T11:37:30.174543Z","level":"error","event":"CSV file: file:///Users/burugula.sasank/airflow/dags/file_stores/api_dump/cric_data/Fielding/Fielding_test.csv","logger":"task.stderr"}
{"timestamp":"2026-07-03T11:37:30.249443Z","level":"error","event":"26/07/03 17:07:30 WARN CSVHeaderChecker: CSV header does not conform to the schema.","logger":"task.stderr"}
{"timestamp":"2026-07-03T11:37:30.249567Z","level":"error","event":" Header: , Player, Span, Mat, Inns, NO, Runs, HS, Ave, BF, SR, 100, 50, 0, Unnamed: 13","logger":"task.stderr"}
{"timestamp":"2026-07-03T11:37:30.249597Z","level":"error","event":" Schema: _c0, Player, Span, Mat, Inns, NO, Runs, HS, Ave, BF, SR, 100, 50, 0, Unnamed: 13","logger":"task.stderr"}
{"timestamp":"2026-07-03T11:37:30.249624Z","level":"error","event":"Expected: _c0 but found:","logger":"task.stderr"}
{"timestamp":"2026-07-03T11:37:30.249644Z","level":"error","event":"CSV file: file:///Users/burugula.sasank/airflow/dags/file_stores/api_dump/cric_data/Batting/ODI%20data.csv","logger":"task.stderr"}
{"timestamp":"2026-07-03T11:37:30.670614Z","level":"info","event":"Sample Data (ODI Batsmen):","logger":"task.stdout"}
{"timestamp":"2026-07-03T11:37:30.671036Z","level":"info","event":"+---+--------------------+---------+---+----+---+-----+----+-----+-----+-----+---+---+---+-----------+","logger":"task.stdout"}
{"timestamp":"2026-07-03T11:37:30.671153Z","level":"info","event":"|_c0|              Player|     Span|Mat|Inns| NO| Runs|  HS|  Ave|   BF|   SR|100| 50|  0|Unnamed: 13|","logger":"task.stdout"}
{"timestamp":"2026-07-03T11:37:30.671243Z","level":"info","event":"+---+--------------------+---------+---+----+---+-----+----+-----+-----+-----+---+---+---+-----------+","logger":"task.stdout"}
{"timestamp":"2026-07-03T11:37:30.671328Z","level":"info","event":"|  0|SR Tendulkar (INDIA)|1989-2012|463| 452| 41|18426|200*|44.83|21367|86.23| 49| 96| 20|       NULL|","logger":"task.stdout"}
{"timestamp":"2026-07-03T11:37:30.671411Z","level":"info","event":"|  1|KC Sangakkara (As...|2000-2015|404| 380| 41|14234| 169|41.98|18048|78.86| 25| 93| 15|       NULL|","logger":"task.stdout"}
{"timestamp":"2026-07-03T11:37:30.671496Z","level":"info","event":"+---+--------------------+---------+---+----+---+-----+----+-----+-----+-----+---+---+---+-----------+","logger":"task.stdout"}
{"timestamp":"2026-07-03T11:37:30.671615Z","level":"info","event":"only showing top 2 rows","logger":"task.stdout"}
{"timestamp":"2026-07-03T11:37:30.711509Z","level":"info","event":"Bronze Ingestion Success","logger":"task.stdout"}
{"timestamp":"2026-07-03T11:37:30.711766Z","level":"info","event":"Done. Returned value was: ","map_index":-1,"dag_id":"dag_data","ti_id":"019f27c4-d77a-7b0d-ab07-c341c08a5592","task_id":"ingest_data_to_filesystem","try_number":1,"run_id":"manual__2026-07-03T11:37:19.470118+00:00","logger":"airflow.task.operators.airflow.providers.standard.decorators.python._PythonDecoratedOperator","filename":"python.py","lineno":233}
{"timestamp":"2026-07-03T11:37:30.712027Z","level":"info","event":"::group::Post Execute","map_index":-1,"dag_id":"dag_data","ti_id":"019f27c4-d77a-7b0d-ab07-c341c08a5592","task_id":"ingest_data_to_filesystem","try_number":1,"run_id":"manual__2026-07-03T11:37:19.470118+00:00","logger":"task","filename":"task_runner.py","lineno":1288}
{"timestamp":"2026-07-03T11:37:30.712245Z","level":"info","event":"Pushing xcom","ti":"RuntimeTaskInstance(id=UUID('019f27c4-d77a-7b0d-ab07-c341c08a5592'), task_id='ingest_data_to_filesystem', dag_id='dag_data', run_id='manual__2026-07-03T11:37:19.470118+00:00', try_number=1, dag_version_id=UUID('019f25ad-46c6-7fd0-85e3-80d02836df93'), map_index=-1, hostname='burugulas-macbook-air.local', context_carrier={'traceparent': '00-5a435550ac5a4d700d149c6dc500fcfd-c53e17748997cf4a-01'}, task=<Task(_PythonDecoratedOperator): ingest_data_to_filesystem>, bundle_instance=LocalDagBundle(name=dags-folder), max_tries=0, start_date=datetime.datetime(2026, 7, 3, 11, 37, 24, 455046, tzinfo=datetime.timezone.utc), end_date=None, state=<TaskInstanceState.RUNNING: 'running'>, is_mapped=False, rendered_map_index=None, sentry_integration='')","map_index":-1,"dag_id":"dag_data","ti_id":"019f27c4-d77a-7b0d-ab07-c341c08a5592","task_id":"ingest_data_to_filesystem","try_number":1,"run_id":"manual__2026-07-03T11:37:19.470118+00:00","logger":"task","filename":"task_runner.py","lineno":1791}
{"timestamp":"2026-07-03T11:37:30.725019Z","level":"info","event":"::endgroup::","map_index":-1,"dag_id":"dag_data","ti_id":"019f27c4-d77a-7b0d-ab07-c341c08a5592","task_id":"ingest_data_to_filesystem","try_number":1,"run_id":"manual__2026-07-03T11:37:19.470118+00:00","logger":"task","filename":"task_runner.py","lineno":1896}
