{"timestamp":"2026-07-03T11:37:32.030537Z","level":"info","event":"2026-07-03T11:37:32.030412Z [info     ] ::group::Pre Execute           [task] loc=task_runner.py:1926","logger":"task.stdout"}
{"timestamp":"2026-07-03T11:37:32.110597Z","level":"info","event":"setup plugin alembic.autogenerate.schemas","logger":"alembic.runtime.plugins","ti_id":"019f27c4-d77b-71c4-a10f-ab292a7236d7","dag_id":"dag_data","try_number":1,"task_id":"transform_data_from_filesystem","map_index":-1,"run_id":"manual__2026-07-03T11:37:19.470118+00:00","filename":"plugins.py","lineno":37}
{"timestamp":"2026-07-03T11:37:32.110671Z","level":"info","event":"setup plugin alembic.autogenerate.tables","logger":"alembic.runtime.plugins","ti_id":"019f27c4-d77b-71c4-a10f-ab292a7236d7","dag_id":"dag_data","try_number":1,"task_id":"transform_data_from_filesystem","map_index":-1,"run_id":"manual__2026-07-03T11:37:19.470118+00:00","filename":"plugins.py","lineno":37}
{"timestamp":"2026-07-03T11:37:32.110704Z","level":"info","event":"setup plugin alembic.autogenerate.types","logger":"alembic.runtime.plugins","ti_id":"019f27c4-d77b-71c4-a10f-ab292a7236d7","dag_id":"dag_data","try_number":1,"task_id":"transform_data_from_filesystem","map_index":-1,"run_id":"manual__2026-07-03T11:37:19.470118+00:00","filename":"plugins.py","lineno":37}
{"timestamp":"2026-07-03T11:37:32.110729Z","level":"info","event":"setup plugin alembic.autogenerate.constraints","logger":"alembic.runtime.plugins","ti_id":"019f27c4-d77b-71c4-a10f-ab292a7236d7","dag_id":"dag_data","try_number":1,"task_id":"transform_data_from_filesystem","map_index":-1,"run_id":"manual__2026-07-03T11:37:19.470118+00:00","filename":"plugins.py","lineno":37}
{"timestamp":"2026-07-03T11:37:32.110749Z","level":"info","event":"setup plugin alembic.autogenerate.defaults","logger":"alembic.runtime.plugins","ti_id":"019f27c4-d77b-71c4-a10f-ab292a7236d7","dag_id":"dag_data","try_number":1,"task_id":"transform_data_from_filesystem","map_index":-1,"run_id":"manual__2026-07-03T11:37:19.470118+00:00","filename":"plugins.py","lineno":37}
{"timestamp":"2026-07-03T11:37:32.110769Z","level":"info","event":"setup plugin alembic.autogenerate.comments","logger":"alembic.runtime.plugins","ti_id":"019f27c4-d77b-71c4-a10f-ab292a7236d7","dag_id":"dag_data","try_number":1,"task_id":"transform_data_from_filesystem","map_index":-1,"run_id":"manual__2026-07-03T11:37:19.470118+00:00","filename":"plugins.py","lineno":37}
{"timestamp":"2026-07-03T11:37:32.151421Z","level":"info","event":"DAG bundles loaded: dags-folder","ti_id":"019f27c4-d77b-71c4-a10f-ab292a7236d7","dag_id":"dag_data","try_number":1,"task_id":"transform_data_from_filesystem","map_index":-1,"run_id":"manual__2026-07-03T11:37:19.470118+00:00","logger":"airflow.dag_processing.bundles.manager.DagBundlesManager","filename":"manager.py","lineno":209}
{"timestamp":"2026-07-03T11:37:32.151625Z","level":"info","event":"Filling up the DagBag from /Users/burugula.sasank/airflow/dags/etl_scheduler.py","ti_id":"019f27c4-d77b-71c4-a10f-ab292a7236d7","dag_id":"dag_data","try_number":1,"task_id":"transform_data_from_filesystem","map_index":-1,"run_id":"manual__2026-07-03T11:37:19.470118+00:00","logger":"airflow.dag_processing.dagbag.BundleDagBag","filename":"dagbag.py","lineno":469}
{"timestamp":"2026-07-03T11:37:32.182630Z","level":"warning","event":"The `airflow.decorators.task` attribute is deprecated. Please use `'airflow.sdk.task'`.","category":"UserWarning","filename":"/Users/burugula.sasank/airflow/dags/etl_scheduler.py","lineno":1,"ti_id":"019f27c4-d77b-71c4-a10f-ab292a7236d7","dag_id":"dag_data","try_number":1,"task_id":"transform_data_from_filesystem","map_index":-1,"run_id":"manual__2026-07-03T11:37:19.470118+00:00","logger":"py.warnings"}
{"timestamp":"2026-07-03T11:37:32.182682Z","level":"warning","event":"The `airflow.decorators.dag` attribute is deprecated. Please use `'airflow.sdk.dag'`.","category":"UserWarning","filename":"/Users/burugula.sasank/airflow/dags/etl_scheduler.py","lineno":1,"ti_id":"019f27c4-d77b-71c4-a10f-ab292a7236d7","dag_id":"dag_data","try_number":1,"task_id":"transform_data_from_filesystem","map_index":-1,"run_id":"manual__2026-07-03T11:37:19.470118+00:00","logger":"py.warnings"}
{"timestamp":"2026-07-03T11:37:32.182708Z","level":"warning","event":"The `airflow.hooks.base.BaseHook` attribute is deprecated. Please use `'airflow.sdk.bases.hook.BaseHook'`.","category":"UserWarning","filename":"/Users/burugula.sasank/airflow/dags/etl_scheduler.py","lineno":2,"ti_id":"019f27c4-d77b-71c4-a10f-ab292a7236d7","dag_id":"dag_data","try_number":1,"task_id":"transform_data_from_filesystem","map_index":-1,"run_id":"manual__2026-07-03T11:37:19.470118+00:00","logger":"py.warnings"}
{"timestamp":"2026-07-03T11:37:32.196018Z","level":"info","event":"::endgroup::","ti_id":"019f27c4-d77b-71c4-a10f-ab292a7236d7","dag_id":"dag_data","try_number":1,"task_id":"transform_data_from_filesystem","map_index":-1,"run_id":"manual__2026-07-03T11:37:19.470118+00:00","logger":"task","filename":"task_runner.py","lineno":1727}
{"timestamp":"2026-07-03T11:37:32.262937Z","level":"error","event":"/Library/Frameworks/Python.framework/Versions/3.14/lib/python3.14/site-packages/pyspark/sql/udf.py:134: UserWarning: Cannot infer the eval type from type hints.","logger":"task.stderr"}
{"timestamp":"2026-07-03T11:37:32.263034Z","level":"error","event":"  warnings.warn(\"Cannot infer the eval type from type hints. \", UserWarning)","logger":"task.stderr"}
{"timestamp":"2026-07-03T11:37:32.369645Z","level":"error","event":"WARNING: Using incubator modules: jdk.incubator.vector","logger":"task.stderr"}
{"timestamp":"2026-07-03T11:37:32.644653Z","level":"error","event":"Using Spark's default log4j profile: org/apache/spark/log4j2-defaults.properties","logger":"task.stderr"}
{"timestamp":"2026-07-03T11:37:32.649818Z","level":"error","event":"26/07/03 17:07:32 WARN Utils: Your hostname, Burugulas-MacBook-Air.local, resolves to a loopback address: 127.0.0.1; using 192.168.0.107 instead (on interface en0)","logger":"task.stderr"}
{"timestamp":"2026-07-03T11:37:32.650850Z","level":"error","event":"26/07/03 17:07:32 WARN Utils: Set SPARK_LOCAL_IP if you need to bind to another address","logger":"task.stderr"}
{"timestamp":"2026-07-03T11:37:32.716621Z","level":"error","event":":: loading settings :: url = jar:file:/Library/Frameworks/Python.framework/Versions/3.14/lib/python3.14/site-packages/pyspark/jars/ivy-2.5.3.jar!/org/apache/ivy/core/settings/ivysettings.xml","logger":"task.stderr"}
{"timestamp":"2026-07-03T11:37:32.747030Z","level":"error","event":"Ivy Default Cache set to: /Users/burugula.sasank/.ivy2.5.2/cache","logger":"task.stderr"}
{"timestamp":"2026-07-03T11:37:32.747141Z","level":"error","event":"The jars for the packages stored in: /Users/burugula.sasank/.ivy2.5.2/jars","logger":"task.stderr"}
{"timestamp":"2026-07-03T11:37:32.748345Z","level":"error","event":"org.postgresql#postgresql added as a dependency","logger":"task.stderr"}
{"timestamp":"2026-07-03T11:37:32.748629Z","level":"error","event":":: resolving dependencies :: org.apache.spark#spark-submit-parent-25b1d3ce-6686-4516-8898-59aeb1d393d1;1.0","logger":"task.stderr"}
{"timestamp":"2026-07-03T11:37:32.748686Z","level":"error","event":"\tconfs: [default]","logger":"task.stderr"}
{"timestamp":"2026-07-03T11:37:32.786151Z","level":"error","event":"\tfound org.postgresql#postgresql;42.7.3 in central","logger":"task.stderr"}
{"timestamp":"2026-07-03T11:37:32.793416Z","level":"error","event":"\tfound org.checkerframework#checker-qual;3.42.0 in central","logger":"task.stderr"}
{"timestamp":"2026-07-03T11:37:32.797623Z","level":"error","event":":: resolution report :: resolve 48ms :: artifacts dl 1ms","logger":"task.stderr"}
{"timestamp":"2026-07-03T11:37:32.797713Z","level":"error","event":"\t:: modules in use:","logger":"task.stderr"}
{"timestamp":"2026-07-03T11:37:32.797743Z","level":"error","event":"\torg.checkerframework#checker-qual;3.42.0 from central in [default]","logger":"task.stderr"}
{"timestamp":"2026-07-03T11:37:32.797771Z","level":"error","event":"\torg.postgresql#postgresql;42.7.3 from central in [default]","logger":"task.stderr"}
{"timestamp":"2026-07-03T11:37:32.797821Z","level":"error","event":"\t---------------------------------------------------------------------","logger":"task.stderr"}
{"timestamp":"2026-07-03T11:37:32.797851Z","level":"error","event":"\t|                  |            modules            ||   artifacts   |","logger":"task.stderr"}
{"timestamp":"2026-07-03T11:37:32.797870Z","level":"error","event":"\t|       conf       | number| search|dwnlded|evicted|| number|dwnlded|","logger":"task.stderr"}
{"timestamp":"2026-07-03T11:37:32.797889Z","level":"error","event":"\t---------------------------------------------------------------------","logger":"task.stderr"}
{"timestamp":"2026-07-03T11:37:32.797907Z","level":"error","event":"\t|      default     |   2   |   0   |   0   |   0   ||   2   |   0   |","logger":"task.stderr"}
{"timestamp":"2026-07-03T11:37:32.797925Z","level":"error","event":"\t---------------------------------------------------------------------","logger":"task.stderr"}
{"timestamp":"2026-07-03T11:37:32.798607Z","level":"error","event":":: retrieving :: org.apache.spark#spark-submit-parent-25b1d3ce-6686-4516-8898-59aeb1d393d1","logger":"task.stderr"}
{"timestamp":"2026-07-03T11:37:32.798680Z","level":"error","event":"\tconfs: [default]","logger":"task.stderr"}
{"timestamp":"2026-07-03T11:37:32.801196Z","level":"error","event":"\t0 artifacts copied, 2 already retrieved (0kB/3ms)","logger":"task.stderr"}
{"timestamp":"2026-07-03T11:37:32.861781Z","level":"error","event":"26/07/03 17:07:32 WARN NativeCodeLoader: Unable to load native-hadoop library for your platform... using builtin-java classes where applicable","logger":"task.stderr"}
{"timestamp":"2026-07-03T11:37:32.908482Z","level":"error","event":"Using Spark's default log4j profile: org/apache/spark/log4j2-defaults.properties","logger":"task.stderr"}
{"timestamp":"2026-07-03T11:37:32.908647Z","level":"error","event":"Setting default log level to \"WARN\".","logger":"task.stderr"}
{"timestamp":"2026-07-03T11:37:32.908677Z","level":"error","event":"To adjust logging level use sc.setLogLevel(newLevel). For SparkR, use setLogLevel(newLevel).","logger":"task.stderr"}
{"timestamp":"2026-07-03T11:37:36.439944Z","level":"error","event":"26/07/03 17:07:36 WARN SparkStringUtils: Truncated the string representation of a plan since it was too large. This behavior can be adjusted by setting 'spark.sql.debug.maxToStringFields'.","logger":"task.stderr"}
{"timestamp":"2026-07-03T11:37:37.128261Z","level":"error","event":"26/07/03 17:07:37 ERROR Executor: Exception in task 0.0 in stage 9.0 (TID 9)","logger":"task.stderr"}
{"timestamp":"2026-07-03T11:37:37.128378Z","level":"error","event":"org.apache.spark.SparkException: [FAILED_READ_FILE.FILE_NOT_EXIST] Encountered error while reading file file:///Users/burugula.sasank/airflow/dags/file_stores/bronze_layer/Batting/ODI/part-00000-119137bd-1d2c-446d-8fe2-5f65957eef77-c000.snappy.parquet. File does not exist. It is possible the underlying files have been updated.","logger":"task.stderr"}
{"timestamp":"2026-07-03T11:37:37.128439Z","level":"error","event":"You can explicitly invalidate the cache in Spark by running 'REFRESH TABLE tableName' command in SQL or by recreating the Dataset/DataFrame involved. SQLSTATE: KD001","logger":"task.stderr"}
{"timestamp":"2026-07-03T11:37:37.128470Z","level":"error","event":"\tat org.apache.spark.sql.errors.QueryExecutionErrors$.fileNotExistError(QueryExecutionErrors.scala:873)","logger":"task.stderr"}
{"timestamp":"2026-07-03T11:37:37.128495Z","level":"error","event":"\tat org.apache.spark.sql.execution.datasources.v2.FileDataSourceV2$.attachFilePath(FileDataSourceV2.scala:140)","logger":"task.stderr"}
{"timestamp":"2026-07-03T11:37:37.128516Z","level":"error","event":"\tat org.apache.spark.sql.execution.datasources.FileScanRDD$$anon$1.hasNext(FileScanRDD.scala:141)","logger":"task.stderr"}
{"timestamp":"2026-07-03T11:37:37.128536Z","level":"error","event":"\tat org.apache.spark.sql.execution.FileSourceScanExec$$anon$1.hasNext(DataSourceScanExec.scala:773)","logger":"task.stderr"}
{"timestamp":"2026-07-03T11:37:37.128557Z","level":"error","event":"\tat org.apache.spark.sql.catalyst.expressions.GeneratedClass$GeneratedIteratorForCodegenStage1.columnartorow_nextBatch_0$(Unknown Source)","logger":"task.stderr"}
{"timestamp":"2026-07-03T11:37:37.128585Z","level":"error","event":"\tat org.apache.spark.sql.catalyst.expressions.GeneratedClass$GeneratedIteratorForCodegenStage1.processNext(Unknown Source)","logger":"task.stderr"}
{"timestamp":"2026-07-03T11:37:37.128605Z","level":"error","event":"\tat org.apache.spark.sql.execution.BufferedRowIterator.hasNext(BufferedRowIterator.java:43)","logger":"task.stderr"}
{"timestamp":"2026-07-03T11:37:37.128624Z","level":"error","event":"\tat org.apache.spark.sql.execution.WholeStageCodegenEvaluatorFactory$WholeStageCodegenPartitionEvaluator$$anon$1.hasNext(WholeStageCodegenEvaluatorFactory.scala:50)","logger":"task.stderr"}
{"timestamp":"2026-07-03T11:37:37.128645Z","level":"error","event":"\tat scala.collection.Iterator$$anon$9.hasNext(Iterator.scala:593)","logger":"task.stderr"}
{"timestamp":"2026-07-03T11:37:37.128664Z","level":"error","event":"\tat scala.collection.Iterator$$anon$9.hasNext(Iterator.scala:593)","logger":"task.stderr"}
{"timestamp":"2026-07-03T11:37:37.128684Z","level":"error","event":"\tat scala.collection.Iterator$$anon$9.hasNext(Iterator.scala:593)","logger":"task.stderr"}
{"timestamp":"2026-07-03T11:37:37.128702Z","level":"error","event":"\tat scala.collection.Iterator$GroupedIterator.fill(Iterator.scala:263)","logger":"task.stderr"}
{"timestamp":"2026-07-03T11:37:37.128722Z","level":"error","event":"\tat scala.collection.Iterator$GroupedIterator.hasNext(Iterator.scala:265)","logger":"task.stderr"}
{"timestamp":"2026-07-03T11:37:37.128741Z","level":"error","event":"\tat scala.collection.Iterator$$anon$9.hasNext(Iterator.scala:593)","logger":"task.stderr"}
{"timestamp":"2026-07-03T11:37:37.128760Z","level":"error","event":"\tat org.apache.spark.api.python.PythonRDD$.writeNextElementToStream(PythonRDD.scala:335)","logger":"task.stderr"}
{"timestamp":"2026-07-03T11:37:37.128779Z","level":"error","event":"\tat org.apache.spark.sql.execution.python.BasePythonUDFRunner$$anon$1.writeNextInputToStream(PythonUDFRunner.scala:85)","logger":"task.stderr"}
{"timestamp":"2026-07-03T11:37:37.128806Z","level":"error","event":"\tat org.apache.spark.api.python.BasePythonRunner$ReaderInputStream.writeAdditionalInputToPythonWorker(PythonRunner.scala:933)","logger":"task.stderr"}
{"timestamp":"2026-07-03T11:37:37.128825Z","level":"error","event":"\tat org.apache.spark.api.python.BasePythonRunner$ReaderInputStream.read(PythonRunner.scala:848)","logger":"task.stderr"}
{"timestamp":"2026-07-03T11:37:37.128851Z","level":"error","event":"\tat java.base/java.io.BufferedInputStream.fill(BufferedInputStream.java:255)","logger":"task.stderr"}
{"timestamp":"2026-07-03T11:37:37.128870Z","level":"error","event":"\tat java.base/java.io.BufferedInputStream.implRead(BufferedInputStream.java:289)","logger":"task.stderr"}
{"timestamp":"2026-07-03T11:37:37.128888Z","level":"error","event":"\tat java.base/java.io.BufferedInputStream.read(BufferedInputStream.java:276)","logger":"task.stderr"}
{"timestamp":"2026-07-03T11:37:37.128906Z","level":"error","event":"\tat java.base/java.io.DataInputStream.readInt(DataInputStream.java:393)","logger":"task.stderr"}
{"timestamp":"2026-07-03T11:37:37.128925Z","level":"error","event":"\tat org.apache.spark.sql.execution.python.BasePythonUDFRunner$$anon$2.read(PythonUDFRunner.scala:114)","logger":"task.stderr"}
{"timestamp":"2026-07-03T11:37:37.128943Z","level":"error","event":"\tat org.apache.spark.sql.execution.python.BasePythonUDFRunner$$anon$2.read(PythonUDFRunner.scala:106)","logger":"task.stderr"}
{"timestamp":"2026-07-03T11:37:37.128962Z","level":"error","event":"\tat org.apache.spark.api.python.BasePythonRunner$ReaderIterator.hasNext(PythonRunner.scala:596)","logger":"task.stderr"}
{"timestamp":"2026-07-03T11:37:37.128983Z","level":"error","event":"\tat org.apache.spark.InterruptibleIterator.hasNext(InterruptibleIterator.scala:37)","logger":"task.stderr"}
{"timestamp":"2026-07-03T11:37:37.129001Z","level":"error","event":"\tat scala.collection.Iterator$$anon$10.hasNext(Iterator.scala:611)","logger":"task.stderr"}
{"timestamp":"2026-07-03T11:37:37.129023Z","level":"error","event":"\tat scala.collection.Iterator$$anon$9.hasNext(Iterator.scala:593)","logger":"task.stderr"}
{"timestamp":"2026-07-03T11:37:37.129045Z","level":"error","event":"\tat scala.collection.Iterator$$anon$9.hasNext(Iterator.scala:593)","logger":"task.stderr"}
{"timestamp":"2026-07-03T11:37:37.129064Z","level":"error","event":"\tat org.apache.spark.sql.catalyst.expressions.GeneratedClass$GeneratedIteratorForCodegenStage2.sort_addToSorter_0$(Unknown Source)","logger":"task.stderr"}
{"timestamp":"2026-07-03T11:37:37.129086Z","level":"error","event":"\tat org.apache.spark.sql.catalyst.expressions.GeneratedClass$GeneratedIteratorForCodegenStage2.processNext(Unknown Source)","logger":"task.stderr"}
{"timestamp":"2026-07-03T11:37:37.129104Z","level":"error","event":"\tat org.apache.spark.sql.execution.BufferedRowIterator.hasNext(BufferedRowIterator.java:43)","logger":"task.stderr"}
{"timestamp":"2026-07-03T11:37:37.129122Z","level":"error","event":"\tat org.apache.spark.sql.execution.WholeStageCodegenEvaluatorFactory$WholeStageCodegenPartitionEvaluator$$anon$1.hasNext(WholeStageCodegenEvaluatorFactory.scala:50)","logger":"task.stderr"}
{"timestamp":"2026-07-03T11:37:37.129144Z","level":"error","event":"\tat org.apache.spark.sql.execution.aggregate.SortAggregateExec.$anonfun$doExecute$1(SortAggregateExec.scala:63)","logger":"task.stderr"}
{"timestamp":"2026-07-03T11:37:37.129164Z","level":"error","event":"\tat org.apache.spark.sql.execution.aggregate.SortAggregateExec.$anonfun$doExecute$1$adapted(SortAggregateExec.scala:60)","logger":"task.stderr"}
{"timestamp":"2026-07-03T11:37:37.129182Z","level":"error","event":"\tat org.apache.spark.rdd.RDD.$anonfun$mapPartitionsWithIndexInternal$2(RDD.scala:888)","logger":"task.stderr"}
{"timestamp":"2026-07-03T11:37:37.135571Z","level":"error","event":"\tat org.apache.spark.rdd.RDD.$anonfun$mapPartitionsWithIndexInternal$2$adapted(RDD.scala:888)","logger":"task.stderr"}
{"timestamp":"2026-07-03T11:37:37.135641Z","level":"error","event":"\tat org.apache.spark.rdd.MapPartitionsRDD.compute(MapPartitionsRDD.scala:52)","logger":"task.stderr"}
{"timestamp":"2026-07-03T11:37:37.135675Z","level":"error","event":"\tat org.apache.spark.rdd.RDD.computeOrReadCheckpoint(RDD.scala:374)","logger":"task.stderr"}
{"timestamp":"2026-07-03T11:37:37.135699Z","level":"error","event":"\tat org.apache.spark.rdd.RDD.iterator(RDD.scala:338)","logger":"task.stderr"}
{"timestamp":"2026-07-03T11:37:37.135721Z","level":"error","event":"\tat org.apache.spark.rdd.MapPartitionsRDD.compute(MapPartitionsRDD.scala:52)","logger":"task.stderr"}
{"timestamp":"2026-07-03T11:37:37.135743Z","level":"error","event":"\tat org.apache.spark.rdd.RDD.computeOrReadCheckpoint(RDD.scala:374)","logger":"task.stderr"}
{"timestamp":"2026-07-03T11:37:37.135765Z","level":"error","event":"\tat org.apache.spark.rdd.RDD.iterator(RDD.scala:338)","logger":"task.stderr"}
{"timestamp":"2026-07-03T11:37:37.135786Z","level":"error","event":"\tat org.apache.spark.scheduler.ShuffleMapTask.runTask(ShuffleMapTask.scala:107)","logger":"task.stderr"}
{"timestamp":"2026-07-03T11:37:37.135806Z","level":"error","event":"\tat org.apache.spark.scheduler.ShuffleMapTask.runTask(ShuffleMapTask.scala:54)","logger":"task.stderr"}
{"timestamp":"2026-07-03T11:37:37.135827Z","level":"error","event":"\tat org.apache.spark.TaskContext.runTaskWithListeners(TaskContext.scala:180)","logger":"task.stderr"}
{"timestamp":"2026-07-03T11:37:37.135849Z","level":"error","event":"\tat org.apache.spark.scheduler.Task.run(Task.scala:147)","logger":"task.stderr"}
{"timestamp":"2026-07-03T11:37:37.135870Z","level":"error","event":"\tat org.apache.spark.executor.Executor$TaskRunner.$anonfun$run$4(Executor.scala:873)","logger":"task.stderr"}
{"timestamp":"2026-07-03T11:37:37.135890Z","level":"error","event":"\tat org.apache.spark.util.SparkErrorUtils.tryWithSafeFinally(SparkErrorUtils.scala:86)","logger":"task.stderr"}
{"timestamp":"2026-07-03T11:37:37.135914Z","level":"error","event":"\tat org.apache.spark.util.SparkErrorUtils.tryWithSafeFinally$(SparkErrorUtils.scala:83)","logger":"task.stderr"}
{"timestamp":"2026-07-03T11:37:37.135932Z","level":"error","event":"\tat org.apache.spark.util.Utils$.tryWithSafeFinally(Utils.scala:97)","logger":"task.stderr"}
{"timestamp":"2026-07-03T11:37:37.135953Z","level":"error","event":"\tat org.apache.spark.executor.Executor$TaskRunner.run(Executor.scala:876)","logger":"task.stderr"}
{"timestamp":"2026-07-03T11:37:37.135976Z","level":"error","event":"\tat java.base/java.util.concurrent.ThreadPoolExecutor.runWorker(ThreadPoolExecutor.java:1144)","logger":"task.stderr"}
{"timestamp":"2026-07-03T11:37:37.135997Z","level":"error","event":"\tat java.base/java.util.concurrent.ThreadPoolExecutor$Worker.run(ThreadPoolExecutor.java:642)","logger":"task.stderr"}
{"timestamp":"2026-07-03T11:37:37.136017Z","level":"error","event":"\tat java.base/java.lang.Thread.run(Thread.java:1589)","logger":"task.stderr"}
{"timestamp":"2026-07-03T11:37:37.136036Z","level":"error","event":"Caused by: java.io.FileNotFoundException: File file:/Users/burugula.sasank/airflow/dags/file_stores/bronze_layer/Batting/ODI/part-00000-119137bd-1d2c-446d-8fe2-5f65957eef77-c000.snappy.parquet does not exist","logger":"task.stderr"}
{"timestamp":"2026-07-03T11:37:37.136059Z","level":"error","event":"\tat org.apache.hadoop.fs.RawLocalFileSystem.deprecatedGetFileStatus(RawLocalFileSystem.java:980)","logger":"task.stderr"}
{"timestamp":"2026-07-03T11:37:37.136078Z","level":"error","event":"\tat org.apache.hadoop.fs.RawLocalFileSystem.getFileLinkStatusInternal(RawLocalFileSystem.java:1301)","logger":"task.stderr"}
{"timestamp":"2026-07-03T11:37:37.136100Z","level":"error","event":"\tat org.apache.hadoop.fs.RawLocalFileSystem.getFileStatus(RawLocalFileSystem.java:970)","logger":"task.stderr"}
{"timestamp":"2026-07-03T11:37:37.136119Z","level":"error","event":"\tat org.apache.hadoop.fs.FilterFileSystem.getFileStatus(FilterFileSystem.java:462)","logger":"task.stderr"}
{"timestamp":"2026-07-03T11:37:37.136140Z","level":"error","event":"\tat org.apache.parquet.hadoop.util.HadoopInputFile.fromPath(HadoopInputFile.java:61)","logger":"task.stderr"}
{"timestamp":"2026-07-03T11:37:37.136161Z","level":"error","event":"\tat org.apache.spark.sql.execution.datasources.parquet.ParquetFooterReader.openFileAndReadFooter(ParquetFooterReader.java:100)","logger":"task.stderr"}
{"timestamp":"2026-07-03T11:37:37.136181Z","level":"error","event":"\tat org.apache.spark.sql.execution.datasources.parquet.ParquetFileFormat.$anonfun$buildReaderWithPartitionValues$2(ParquetFileFormat.scala:228)","logger":"task.stderr"}
{"timestamp":"2026-07-03T11:37:37.136202Z","level":"error","event":"\tat org.apache.spark.sql.execution.datasources.FileScanRDD$$anon$1.org$apache$spark$sql$execution$datasources$FileScanRDD$$anon$$readCurrentFile(FileScanRDD.scala:229)","logger":"task.stderr"}
{"timestamp":"2026-07-03T11:37:37.136223Z","level":"error","event":"\tat org.apache.spark.sql.execution.datasources.FileScanRDD$$anon$1.nextIterator(FileScanRDD.scala:289)","logger":"task.stderr"}
{"timestamp":"2026-07-03T11:37:37.136243Z","level":"error","event":"\tat org.apache.spark.sql.execution.datasources.FileScanRDD$$anon$1.hasNext0(FileScanRDD.scala:130)","logger":"task.stderr"}
{"timestamp":"2026-07-03T11:37:37.136263Z","level":"error","event":"\tat org.apache.spark.sql.execution.datasources.FileScanRDD$$anon$1.hasNext(FileScanRDD.scala:139)","logger":"task.stderr"}
{"timestamp":"2026-07-03T11:37:37.136282Z","level":"error","event":"\t... 52 more","logger":"task.stderr"}
{"timestamp":"2026-07-03T11:37:37.136302Z","level":"error","event":"26/07/03 17:07:37 WARN TaskSetManager: Lost task 0.0 in stage 9.0 (TID 9) (192.168.0.107 executor driver): org.apache.spark.SparkException: [FAILED_READ_FILE.FILE_NOT_EXIST] Encountered error while reading file file:///Users/burugula.sasank/airflow/dags/file_stores/bronze_layer/Batting/ODI/part-00000-119137bd-1d2c-446d-8fe2-5f65957eef77-c000.snappy.parquet. File does not exist. It is possible the underlying files have been updated.","logger":"task.stderr"}
{"timestamp":"2026-07-03T11:37:37.136332Z","level":"error","event":"You can explicitly invalidate the cache in Spark by running 'REFRESH TABLE tableName' command in SQL or by recreating the Dataset/DataFrame involved. SQLSTATE: KD001","logger":"task.stderr"}
{"timestamp":"2026-07-03T11:37:37.136351Z","level":"error","event":"\tat org.apache.spark.sql.errors.QueryExecutionErrors$.fileNotExistError(QueryExecutionErrors.scala:873)","logger":"task.stderr"}
{"timestamp":"2026-07-03T11:37:37.136371Z","level":"error","event":"\tat org.apache.spark.sql.execution.datasources.v2.FileDataSourceV2$.attachFilePath(FileDataSourceV2.scala:140)","logger":"task.stderr"}
{"timestamp":"2026-07-03T11:37:37.136392Z","level":"error","event":"\tat org.apache.spark.sql.execution.datasources.FileScanRDD$$anon$1.hasNext(FileScanRDD.scala:141)","logger":"task.stderr"}
{"timestamp":"2026-07-03T11:37:37.136412Z","level":"error","event":"\tat org.apache.spark.sql.execution.FileSourceScanExec$$anon$1.hasNext(DataSourceScanExec.scala:773)","logger":"task.stderr"}
{"timestamp":"2026-07-03T11:37:37.136434Z","level":"error","event":"\tat org.apache.spark.sql.catalyst.expressions.GeneratedClass$GeneratedIteratorForCodegenStage1.columnartorow_nextBatch_0$(Unknown Source)","logger":"task.stderr"}
{"timestamp":"2026-07-03T11:37:37.136452Z","level":"error","event":"\tat org.apache.spark.sql.catalyst.expressions.GeneratedClass$GeneratedIteratorForCodegenStage1.processNext(Unknown Source)","logger":"task.stderr"}
{"timestamp":"2026-07-03T11:37:37.136555Z","level":"error","event":"\tat org.apache.spark.sql.execution.BufferedRowIterator.hasNext(BufferedRowIterator.java:43)","logger":"task.stderr"}
{"timestamp":"2026-07-03T11:37:37.136682Z","level":"error","event":"\tat org.apache.spark.sql.execution.WholeStageCodegenEvaluatorFactory$WholeStageCodegenPartitionEvaluator$$anon$1.hasNext(WholeStageCodegenEvaluatorFactory.scala:50)","logger":"task.stderr"}
{"timestamp":"2026-07-03T11:37:37.136739Z","level":"error","event":"\tat scala.collection.Iterator$$anon$9.hasNext(Iterator.scala:593)","logger":"task.stderr"}
{"timestamp":"2026-07-03T11:37:37.136789Z","level":"error","event":"\tat scala.collection.Iterator$$anon$9.hasNext(Iterator.scala:593)","logger":"task.stderr"}
{"timestamp":"2026-07-03T11:37:37.136836Z","level":"error","event":"\tat scala.collection.Iterator$$anon$9.hasNext(Iterator.scala:593)","logger":"task.stderr"}
{"timestamp":"2026-07-03T11:37:37.136882Z","level":"error","event":"\tat scala.collection.Iterator$GroupedIterator.fill(Iterator.scala:263)","logger":"task.stderr"}
{"timestamp":"2026-07-03T11:37:37.136930Z","level":"error","event":"\tat scala.collection.Iterator$GroupedIterator.hasNext(Iterator.scala:265)","logger":"task.stderr"}
{"timestamp":"2026-07-03T11:37:37.136978Z","level":"error","event":"\tat scala.collection.Iterator$$anon$9.hasNext(Iterator.scala:593)","logger":"task.stderr"}
{"timestamp":"2026-07-03T11:37:37.137023Z","level":"error","event":"\tat org.apache.spark.api.python.PythonRDD$.writeNextElementToStream(PythonRDD.scala:335)","logger":"task.stderr"}
{"timestamp":"2026-07-03T11:37:37.137070Z","level":"error","event":"\tat org.apache.spark.sql.execution.python.BasePythonUDFRunner$$anon$1.writeNextInputToStream(PythonUDFRunner.scala:85)","logger":"task.stderr"}
{"timestamp":"2026-07-03T11:37:37.137118Z","level":"error","event":"\tat org.apache.spark.api.python.BasePythonRunner$ReaderInputStream.writeAdditionalInputToPythonWorker(PythonRunner.scala:933)","logger":"task.stderr"}
{"timestamp":"2026-07-03T11:37:37.137164Z","level":"error","event":"\tat org.apache.spark.api.python.BasePythonRunner$ReaderInputStream.read(PythonRunner.scala:848)","logger":"task.stderr"}
{"timestamp":"2026-07-03T11:37:37.137210Z","level":"error","event":"\tat java.base/java.io.BufferedInputStream.fill(BufferedInputStream.java:255)","logger":"task.stderr"}
{"timestamp":"2026-07-03T11:37:37.137255Z","level":"error","event":"\tat java.base/java.io.BufferedInputStream.implRead(BufferedInputStream.java:289)","logger":"task.stderr"}
{"timestamp":"2026-07-03T11:37:37.137315Z","level":"error","event":"\tat java.base/java.io.BufferedInputStream.read(BufferedInputStream.java:276)","logger":"task.stderr"}
{"timestamp":"2026-07-03T11:37:37.137363Z","level":"error","event":"\tat java.base/java.io.DataInputStream.readInt(DataInputStream.java:393)","logger":"task.stderr"}
{"timestamp":"2026-07-03T11:37:37.137409Z","level":"error","event":"\tat org.apache.spark.sql.execution.python.BasePythonUDFRunner$$anon$2.read(PythonUDFRunner.scala:114)","logger":"task.stderr"}
{"timestamp":"2026-07-03T11:37:37.137456Z","level":"error","event":"\tat org.apache.spark.sql.execution.python.BasePythonUDFRunner$$anon$2.read(PythonUDFRunner.scala:106)","logger":"task.stderr"}
{"timestamp":"2026-07-03T11:37:37.137502Z","level":"error","event":"\tat org.apache.spark.api.python.BasePythonRunner$ReaderIterator.hasNext(PythonRunner.scala:596)","logger":"task.stderr"}
{"timestamp":"2026-07-03T11:37:37.137550Z","level":"error","event":"\tat org.apache.spark.InterruptibleIterator.hasNext(InterruptibleIterator.scala:37)","logger":"task.stderr"}
{"timestamp":"2026-07-03T11:37:37.137596Z","level":"error","event":"\tat scala.collection.Iterator$$anon$10.hasNext(Iterator.scala:611)","logger":"task.stderr"}
{"timestamp":"2026-07-03T11:37:37.137642Z","level":"error","event":"\tat scala.collection.Iterator$$anon$9.hasNext(Iterator.scala:593)","logger":"task.stderr"}
{"timestamp":"2026-07-03T11:37:37.137687Z","level":"error","event":"\tat scala.collection.Iterator$$anon$9.hasNext(Iterator.scala:593)","logger":"task.stderr"}
{"timestamp":"2026-07-03T11:37:37.137731Z","level":"error","event":"\tat org.apache.spark.sql.catalyst.expressions.GeneratedClass$GeneratedIteratorForCodegenStage2.sort_addToSorter_0$(Unknown Source)","logger":"task.stderr"}
{"timestamp":"2026-07-03T11:37:37.137776Z","level":"error","event":"\tat org.apache.spark.sql.catalyst.expressions.GeneratedClass$GeneratedIteratorForCodegenStage2.processNext(Unknown Source)","logger":"task.stderr"}
{"timestamp":"2026-07-03T11:37:37.137820Z","level":"error","event":"\tat org.apache.spark.sql.execution.BufferedRowIterator.hasNext(BufferedRowIterator.java:43)","logger":"task.stderr"}
{"timestamp":"2026-07-03T11:37:37.137865Z","level":"error","event":"\tat org.apache.spark.sql.execution.WholeStageCodegenEvaluatorFactory$WholeStageCodegenPartitionEvaluator$$anon$1.hasNext(WholeStageCodegenEvaluatorFactory.scala:50)","logger":"task.stderr"}
{"timestamp":"2026-07-03T11:37:37.137911Z","level":"error","event":"\tat org.apache.spark.sql.execution.aggregate.SortAggregateExec.$anonfun$doExecute$1(SortAggregateExec.scala:63)","logger":"task.stderr"}
{"timestamp":"2026-07-03T11:37:37.137957Z","level":"error","event":"\tat org.apache.spark.sql.execution.aggregate.SortAggregateExec.$anonfun$doExecute$1$adapted(SortAggregateExec.scala:60)","logger":"task.stderr"}
{"timestamp":"2026-07-03T11:37:37.138002Z","level":"error","event":"\tat org.apache.spark.rdd.RDD.$anonfun$mapPartitionsWithIndexInternal$2(RDD.scala:888)","logger":"task.stderr"}
{"timestamp":"2026-07-03T11:37:37.138047Z","level":"error","event":"\tat org.apache.spark.rdd.RDD.$anonfun$mapPartitionsWithIndexInternal$2$adapted(RDD.scala:888)","logger":"task.stderr"}
{"timestamp":"2026-07-03T11:37:37.138092Z","level":"error","event":"\tat org.apache.spark.rdd.MapPartitionsRDD.compute(MapPartitionsRDD.scala:52)","logger":"task.stderr"}
{"timestamp":"2026-07-03T11:37:37.138137Z","level":"error","event":"\tat org.apache.spark.rdd.RDD.computeOrReadCheckpoint(RDD.scala:374)","logger":"task.stderr"}
{"timestamp":"2026-07-03T11:37:37.138181Z","level":"error","event":"\tat org.apache.spark.rdd.RDD.iterator(RDD.scala:338)","logger":"task.stderr"}
{"timestamp":"2026-07-03T11:37:37.138227Z","level":"error","event":"\tat org.apache.spark.rdd.MapPartitionsRDD.compute(MapPartitionsRDD.scala:52)","logger":"task.stderr"}
{"timestamp":"2026-07-03T11:37:37.138274Z","level":"error","event":"\tat org.apache.spark.rdd.RDD.computeOrReadCheckpoint(RDD.scala:374)","logger":"task.stderr"}
{"timestamp":"2026-07-03T11:37:37.138328Z","level":"error","event":"\tat org.apache.spark.rdd.RDD.iterator(RDD.scala:338)","logger":"task.stderr"}
{"timestamp":"2026-07-03T11:37:37.138374Z","level":"error","event":"\tat org.apache.spark.scheduler.ShuffleMapTask.runTask(ShuffleMapTask.scala:107)","logger":"task.stderr"}
{"timestamp":"2026-07-03T11:37:37.138420Z","level":"error","event":"\tat org.apache.spark.scheduler.ShuffleMapTask.runTask(ShuffleMapTask.scala:54)","logger":"task.stderr"}
{"timestamp":"2026-07-03T11:37:37.138465Z","level":"error","event":"\tat org.apache.spark.TaskContext.runTaskWithListeners(TaskContext.scala:180)","logger":"task.stderr"}
{"timestamp":"2026-07-03T11:37:37.138509Z","level":"error","event":"\tat org.apache.spark.scheduler.Task.run(Task.scala:147)","logger":"task.stderr"}
{"timestamp":"2026-07-03T11:37:37.138552Z","level":"error","event":"\tat org.apache.spark.executor.Executor$TaskRunner.$anonfun$run$4(Executor.scala:873)","logger":"task.stderr"}
{"timestamp":"2026-07-03T11:37:37.138597Z","level":"error","event":"\tat org.apache.spark.util.SparkErrorUtils.tryWithSafeFinally(SparkErrorUtils.scala:86)","logger":"task.stderr"}
{"timestamp":"2026-07-03T11:37:37.138645Z","level":"error","event":"\tat org.apache.spark.util.SparkErrorUtils.tryWithSafeFinally$(SparkErrorUtils.scala:83)","logger":"task.stderr"}
{"timestamp":"2026-07-03T11:37:37.138693Z","level":"error","event":"\tat org.apache.spark.util.Utils$.tryWithSafeFinally(Utils.scala:97)","logger":"task.stderr"}
{"timestamp":"2026-07-03T11:37:37.138738Z","level":"error","event":"\tat org.apache.spark.executor.Executor$TaskRunner.run(Executor.scala:876)","logger":"task.stderr"}
{"timestamp":"2026-07-03T11:37:37.138784Z","level":"error","event":"\tat java.base/java.util.concurrent.ThreadPoolExecutor.runWorker(ThreadPoolExecutor.java:1144)","logger":"task.stderr"}
{"timestamp":"2026-07-03T11:37:37.138900Z","level":"error","event":"\tat java.base/java.util.concurrent.ThreadPoolExecutor$Worker.run(ThreadPoolExecutor.java:642)","logger":"task.stderr"}
{"timestamp":"2026-07-03T11:37:37.138952Z","level":"error","event":"\tat java.base/java.lang.Thread.run(Thread.java:1589)","logger":"task.stderr"}
{"timestamp":"2026-07-03T11:37:37.138997Z","level":"error","event":"Caused by: java.io.FileNotFoundException: File file:/Users/burugula.sasank/airflow/dags/file_stores/bronze_layer/Batting/ODI/part-00000-119137bd-1d2c-446d-8fe2-5f65957eef77-c000.snappy.parquet does not exist","logger":"task.stderr"}
{"timestamp":"2026-07-03T11:37:37.139048Z","level":"error","event":"\tat org.apache.hadoop.fs.RawLocalFileSystem.deprecatedGetFileStatus(RawLocalFileSystem.java:980)","logger":"task.stderr"}
{"timestamp":"2026-07-03T11:37:37.139094Z","level":"error","event":"\tat org.apache.hadoop.fs.RawLocalFileSystem.getFileLinkStatusInternal(RawLocalFileSystem.java:1301)","logger":"task.stderr"}
{"timestamp":"2026-07-03T11:37:37.139143Z","level":"error","event":"\tat org.apache.hadoop.fs.RawLocalFileSystem.getFileStatus(RawLocalFileSystem.java:970)","logger":"task.stderr"}
{"timestamp":"2026-07-03T11:37:37.139192Z","level":"error","event":"\tat org.apache.hadoop.fs.FilterFileSystem.getFileStatus(FilterFileSystem.java:462)","logger":"task.stderr"}
{"timestamp":"2026-07-03T11:37:37.139240Z","level":"error","event":"\tat org.apache.parquet.hadoop.util.HadoopInputFile.fromPath(HadoopInputFile.java:61)","logger":"task.stderr"}
{"timestamp":"2026-07-03T11:37:37.139291Z","level":"error","event":"\tat org.apache.spark.sql.execution.datasources.parquet.ParquetFooterReader.openFileAndReadFooter(ParquetFooterReader.java:100)","logger":"task.stderr"}
{"timestamp":"2026-07-03T11:37:37.139336Z","level":"error","event":"\tat org.apache.spark.sql.execution.datasources.parquet.ParquetFileFormat.$anonfun$buildReaderWithPartitionValues$2(ParquetFileFormat.scala:228)","logger":"task.stderr"}
{"timestamp":"2026-07-03T11:37:37.139393Z","level":"error","event":"\tat org.apache.spark.sql.execution.datasources.FileScanRDD$$anon$1.org$apache$spark$sql$execution$datasources$FileScanRDD$$anon$$readCurrentFile(FileScanRDD.scala:229)","logger":"task.stderr"}
{"timestamp":"2026-07-03T11:37:37.139442Z","level":"error","event":"\tat org.apache.spark.sql.execution.datasources.FileScanRDD$$anon$1.nextIterator(FileScanRDD.scala:289)","logger":"task.stderr"}
{"timestamp":"2026-07-03T11:37:37.139486Z","level":"error","event":"\tat org.apache.spark.sql.execution.datasources.FileScanRDD$$anon$1.hasNext0(FileScanRDD.scala:130)","logger":"task.stderr"}
{"timestamp":"2026-07-03T11:37:37.139529Z","level":"error","event":"\tat org.apache.spark.sql.execution.datasources.FileScanRDD$$anon$1.hasNext(FileScanRDD.scala:139)","logger":"task.stderr"}
{"timestamp":"2026-07-03T11:37:37.139572Z","level":"error","event":"\t... 52 more","logger":"task.stderr"}
{"timestamp":"2026-07-03T11:37:37.139615Z","level":"error","event":"","logger":"task.stderr"}
{"timestamp":"2026-07-03T11:37:37.139660Z","level":"error","event":"26/07/03 17:07:37 ERROR TaskSetManager: Task 0 in stage 9.0 failed 1 times; aborting job","logger":"task.stderr"}
{"timestamp":"2026-07-03T11:37:37.144911Z","level":"error","event":"Traceback (most recent call last):","logger":"task.stderr"}
{"timestamp":"2026-07-03T11:37:37.145171Z","level":"error","event":"  File \"/Library/Frameworks/Python.framework/Versions/3.14/lib/python3.14/site-packages/pyspark/python/lib/pyspark.zip/pyspark/daemon.py\", line 233, in manager","logger":"task.stderr"}
{"timestamp":"2026-07-03T11:37:37.145256Z","level":"error","event":"    code = worker(sock, authenticated)","logger":"task.stderr"}
{"timestamp":"2026-07-03T11:37:37.145309Z","level":"error","event":"  File \"/Library/Frameworks/Python.framework/Versions/3.14/lib/python3.14/site-packages/pyspark/python/lib/pyspark.zip/pyspark/daemon.py\", line 82, in worker","logger":"task.stderr"}
{"timestamp":"2026-07-03T11:37:37.145361Z","level":"error","event":"    worker_main(infile, outfile)","logger":"task.stderr"}
{"timestamp":"2026-07-03T11:37:37.145405Z","level":"error","event":"    ~~~~~~~~~~~^^^^^^^^^^^^^^^^^","logger":"task.stderr"}
{"timestamp":"2026-07-03T11:37:37.145452Z","level":"error","event":"  File \"/Library/Frameworks/Python.framework/Versions/3.14/lib/python3.14/site-packages/pyspark/python/lib/pyspark.zip/pyspark/util.py\", line 974, in wrapper","logger":"task.stderr"}
{"timestamp":"2026-07-03T11:37:37.145496Z","level":"error","event":"    return func(*args, **kwargs)","logger":"task.stderr"}
{"timestamp":"2026-07-03T11:37:37.145538Z","level":"error","event":"  File \"/Library/Frameworks/Python.framework/Versions/3.14/lib/python3.14/site-packages/pyspark/python/lib/pyspark.zip/pyspark/worker.py\", line 3405, in main","logger":"task.stderr"}
{"timestamp":"2026-07-03T11:37:37.145583Z","level":"error","event":"    if read_int(infile) == SpecialLengths.END_OF_STREAM:","logger":"task.stderr"}
{"timestamp":"2026-07-03T11:37:37.145629Z","level":"error","event":"       ~~~~~~~~^^^^^^^^","logger":"task.stderr"}
{"timestamp":"2026-07-03T11:37:37.145671Z","level":"error","event":"  File \"/Library/Frameworks/Python.framework/Versions/3.14/lib/python3.14/site-packages/pyspark/python/lib/pyspark.zip/pyspark/serializers.py\", line 597, in read_int","logger":"task.stderr"}
{"timestamp":"2026-07-03T11:37:37.145714Z","level":"error","event":"    raise EOFError","logger":"task.stderr"}
{"timestamp":"2026-07-03T11:37:37.145756Z","level":"error","event":"EOFError","logger":"task.stderr"}
{"timestamp":"2026-07-03T11:37:37.161742Z","level":"error","event":"Traceback (most recent call last):","logger":"task.stderr"}
{"timestamp":"2026-07-03T11:37:37.162141Z","level":"error","event":"  File \"/Users/burugula.sasank/airflow/dags/spark/notebooks/silver_layer/data_transformations.py\", line 280, in <module>","logger":"task.stderr"}
{"timestamp":"2026-07-03T11:37:37.162238Z","level":"error","event":"    write_to_database(data_silver_batsmen_odi,\"batsmen_odi\")","logger":"task.stderr"}
{"timestamp":"2026-07-03T11:37:37.162293Z","level":"error","event":"    ~~~~~~~~~~~~~~~~~^^^^^^^^^^^^^^^^^^^^^^^^^^^^^^^^^^^^^^^","logger":"task.stderr"}
{"timestamp":"2026-07-03T11:37:37.162328Z","level":"error","event":"  File \"/Users/burugula.sasank/airflow/dags/spark/notebooks/silver_layer/data_transformations.py\", line 173, in write_to_database","logger":"task.stderr"}
{"timestamp":"2026-07-03T11:37:37.162352Z","level":"error","event":"    option(\"driver\",os.getenv(\"DATABASE_DRIVER\")).option(\"dbtable\",dbtable).option(\"user\",os.getenv(\"USER_NAME\")).option(\"password\",os.getenv(\"PASSWORD\")).save()","logger":"task.stderr"}
{"timestamp":"2026-07-03T11:37:37.162375Z","level":"error","event":"                                                                                                                                                           ~~~~^^","logger":"task.stderr"}
{"timestamp":"2026-07-03T11:37:37.162396Z","level":"error","event":"  File \"/Library/Frameworks/Python.framework/Versions/3.14/lib/python3.14/site-packages/pyspark/sql/readwriter.py\", line 1743, in save","logger":"task.stderr"}
{"timestamp":"2026-07-03T11:37:37.162417Z","level":"error","event":"    self._jwrite.save()","logger":"task.stderr"}
{"timestamp":"2026-07-03T11:37:37.162436Z","level":"error","event":"    ~~~~~~~~~~~~~~~~~^^","logger":"task.stderr"}
{"timestamp":"2026-07-03T11:37:37.162456Z","level":"error","event":"  File \"/Library/Frameworks/Python.framework/Versions/3.14/lib/python3.14/site-packages/py4j/java_gateway.py\", line 1362, in __call__","logger":"task.stderr"}
{"timestamp":"2026-07-03T11:37:37.162475Z","level":"error","event":"    return_value = get_return_value(","logger":"task.stderr"}
{"timestamp":"2026-07-03T11:37:37.162498Z","level":"error","event":"        answer, self.gateway_client, self.target_id, self.name)","logger":"task.stderr"}
{"timestamp":"2026-07-03T11:37:37.162518Z","level":"error","event":"  File \"/Library/Frameworks/Python.framework/Versions/3.14/lib/python3.14/site-packages/pyspark/errors/exceptions/captured.py\", line 263, in deco","logger":"task.stderr"}
{"timestamp":"2026-07-03T11:37:37.162538Z","level":"error","event":"    return f(*a, **kw)","logger":"task.stderr"}
{"timestamp":"2026-07-03T11:37:37.162557Z","level":"error","event":"  File \"/Library/Frameworks/Python.framework/Versions/3.14/lib/python3.14/site-packages/py4j/protocol.py\", line 327, in get_return_value","logger":"task.stderr"}
{"timestamp":"2026-07-03T11:37:37.162575Z","level":"error","event":"    raise Py4JJavaError(","logger":"task.stderr"}
{"timestamp":"2026-07-03T11:37:37.162594Z","level":"error","event":"        \"An error occurred while calling {0}{1}{2}.\\n\".","logger":"task.stderr"}
{"timestamp":"2026-07-03T11:37:37.162613Z","level":"error","event":"        format(target_id, \".\", name), value)","logger":"task.stderr"}
{"timestamp":"2026-07-03T11:37:37.162676Z","level":"error","event":"py4j.protocol.Py4JJavaError: An error occurred while calling o1200.save.","logger":"task.stderr"}
{"timestamp":"2026-07-03T11:37:37.162699Z","level":"error","event":": org.apache.spark.SparkException: [FAILED_READ_FILE.FILE_NOT_EXIST] Encountered error while reading file file:///Users/burugula.sasank/airflow/dags/file_stores/bronze_layer/Batting/ODI/part-00000-119137bd-1d2c-446d-8fe2-5f65957eef77-c000.snappy.parquet. File does not exist. It is possible the underlying files have been updated.","logger":"task.stderr"}
{"timestamp":"2026-07-03T11:37:37.162722Z","level":"error","event":"You can explicitly invalidate the cache in Spark by running 'REFRESH TABLE tableName' command in SQL or by recreating the Dataset/DataFrame involved. SQLSTATE: KD001","logger":"task.stderr"}
{"timestamp":"2026-07-03T11:37:37.162742Z","level":"error","event":"\tat org.apache.spark.sql.errors.QueryExecutionErrors$.fileNotExistError(QueryExecutionErrors.scala:873)","logger":"task.stderr"}
{"timestamp":"2026-07-03T11:37:37.162761Z","level":"error","event":"\tat org.apache.spark.sql.execution.datasources.v2.FileDataSourceV2$.attachFilePath(FileDataSourceV2.scala:140)","logger":"task.stderr"}
{"timestamp":"2026-07-03T11:37:37.162779Z","level":"error","event":"\tat org.apache.spark.sql.execution.datasources.FileScanRDD$$anon$1.hasNext(FileScanRDD.scala:141)","logger":"task.stderr"}
{"timestamp":"2026-07-03T11:37:37.162801Z","level":"error","event":"\tat org.apache.spark.sql.execution.FileSourceScanExec$$anon$1.hasNext(DataSourceScanExec.scala:773)","logger":"task.stderr"}
{"timestamp":"2026-07-03T11:37:37.162819Z","level":"error","event":"\tat org.apache.spark.sql.catalyst.expressions.GeneratedClass$GeneratedIteratorForCodegenStage1.columnartorow_nextBatch_0$(Unknown Source)","logger":"task.stderr"}
{"timestamp":"2026-07-03T11:37:37.162838Z","level":"error","event":"\tat org.apache.spark.sql.catalyst.expressions.GeneratedClass$GeneratedIteratorForCodegenStage1.processNext(Unknown Source)","logger":"task.stderr"}
{"timestamp":"2026-07-03T11:37:37.162857Z","level":"error","event":"\tat org.apache.spark.sql.execution.BufferedRowIterator.hasNext(BufferedRowIterator.java:43)","logger":"task.stderr"}
{"timestamp":"2026-07-03T11:37:37.162876Z","level":"error","event":"\tat org.apache.spark.sql.execution.WholeStageCodegenEvaluatorFactory$WholeStageCodegenPartitionEvaluator$$anon$1.hasNext(WholeStageCodegenEvaluatorFactory.scala:50)","logger":"task.stderr"}
{"timestamp":"2026-07-03T11:37:37.162895Z","level":"error","event":"\tat scala.collection.Iterator$$anon$9.hasNext(Iterator.scala:593)","logger":"task.stderr"}
{"timestamp":"2026-07-03T11:37:37.162914Z","level":"error","event":"\tat scala.collection.Iterator$$anon$9.hasNext(Iterator.scala:593)","logger":"task.stderr"}
{"timestamp":"2026-07-03T11:37:37.162932Z","level":"error","event":"\tat scala.collection.Iterator$$anon$9.hasNext(Iterator.scala:593)","logger":"task.stderr"}
{"timestamp":"2026-07-03T11:37:37.162951Z","level":"error","event":"\tat scala.collection.Iterator$GroupedIterator.fill(Iterator.scala:263)","logger":"task.stderr"}
{"timestamp":"2026-07-03T11:37:37.162969Z","level":"error","event":"\tat scala.collection.Iterator$GroupedIterator.hasNext(Iterator.scala:265)","logger":"task.stderr"}
{"timestamp":"2026-07-03T11:37:37.162987Z","level":"error","event":"\tat scala.collection.Iterator$$anon$9.hasNext(Iterator.scala:593)","logger":"task.stderr"}
{"timestamp":"2026-07-03T11:37:37.163005Z","level":"error","event":"\tat org.apache.spark.api.python.PythonRDD$.writeNextElementToStream(PythonRDD.scala:335)","logger":"task.stderr"}
{"timestamp":"2026-07-03T11:37:37.163023Z","level":"error","event":"\tat org.apache.spark.sql.execution.python.BasePythonUDFRunner$$anon$1.writeNextInputToStream(PythonUDFRunner.scala:85)","logger":"task.stderr"}
{"timestamp":"2026-07-03T11:37:37.163042Z","level":"error","event":"\tat org.apache.spark.api.python.BasePythonRunner$ReaderInputStream.writeAdditionalInputToPythonWorker(PythonRunner.scala:933)","logger":"task.stderr"}
{"timestamp":"2026-07-03T11:37:37.163060Z","level":"error","event":"\tat org.apache.spark.api.python.BasePythonRunner$ReaderInputStream.read(PythonRunner.scala:848)","logger":"task.stderr"}
{"timestamp":"2026-07-03T11:37:37.163078Z","level":"error","event":"\tat java.base/java.io.BufferedInputStream.fill(BufferedInputStream.java:255)","logger":"task.stderr"}
{"timestamp":"2026-07-03T11:37:37.163097Z","level":"error","event":"\tat java.base/java.io.BufferedInputStream.implRead(BufferedInputStream.java:289)","logger":"task.stderr"}
{"timestamp":"2026-07-03T11:37:37.163115Z","level":"error","event":"\tat java.base/java.io.BufferedInputStream.read(BufferedInputStream.java:276)","logger":"task.stderr"}
{"timestamp":"2026-07-03T11:37:37.163133Z","level":"error","event":"\tat java.base/java.io.DataInputStream.readInt(DataInputStream.java:393)","logger":"task.stderr"}
{"timestamp":"2026-07-03T11:37:37.163152Z","level":"error","event":"\tat org.apache.spark.sql.execution.python.BasePythonUDFRunner$$anon$2.read(PythonUDFRunner.scala:114)","logger":"task.stderr"}
{"timestamp":"2026-07-03T11:37:37.163170Z","level":"error","event":"\tat org.apache.spark.sql.execution.python.BasePythonUDFRunner$$anon$2.read(PythonUDFRunner.scala:106)","logger":"task.stderr"}
{"timestamp":"2026-07-03T11:37:37.163188Z","level":"error","event":"\tat org.apache.spark.api.python.BasePythonRunner$ReaderIterator.hasNext(PythonRunner.scala:596)","logger":"task.stderr"}
{"timestamp":"2026-07-03T11:37:37.163211Z","level":"error","event":"\tat org.apache.spark.InterruptibleIterator.hasNext(InterruptibleIterator.scala:37)","logger":"task.stderr"}
{"timestamp":"2026-07-03T11:37:37.163229Z","level":"error","event":"\tat scala.collection.Iterator$$anon$10.hasNext(Iterator.scala:611)","logger":"task.stderr"}
{"timestamp":"2026-07-03T11:37:37.163246Z","level":"error","event":"\tat scala.collection.Iterator$$anon$9.hasNext(Iterator.scala:593)","logger":"task.stderr"}
{"timestamp":"2026-07-03T11:37:37.163265Z","level":"error","event":"\tat scala.collection.Iterator$$anon$9.hasNext(Iterator.scala:593)","logger":"task.stderr"}
{"timestamp":"2026-07-03T11:37:37.163283Z","level":"error","event":"\tat org.apache.spark.sql.catalyst.expressions.GeneratedClass$GeneratedIteratorForCodegenStage2.sort_addToSorter_0$(Unknown Source)","logger":"task.stderr"}
{"timestamp":"2026-07-03T11:37:37.163301Z","level":"error","event":"\tat org.apache.spark.sql.catalyst.expressions.GeneratedClass$GeneratedIteratorForCodegenStage2.processNext(Unknown Source)","logger":"task.stderr"}
{"timestamp":"2026-07-03T11:37:37.163319Z","level":"error","event":"\tat org.apache.spark.sql.execution.BufferedRowIterator.hasNext(BufferedRowIterator.java:43)","logger":"task.stderr"}
{"timestamp":"2026-07-03T11:37:37.163338Z","level":"error","event":"\tat org.apache.spark.sql.execution.WholeStageCodegenEvaluatorFactory$WholeStageCodegenPartitionEvaluator$$anon$1.hasNext(WholeStageCodegenEvaluatorFactory.scala:50)","logger":"task.stderr"}
{"timestamp":"2026-07-03T11:37:37.163357Z","level":"error","event":"\tat org.apache.spark.sql.execution.aggregate.SortAggregateExec.$anonfun$doExecute$1(SortAggregateExec.scala:63)","logger":"task.stderr"}
{"timestamp":"2026-07-03T11:37:37.163375Z","level":"error","event":"\tat org.apache.spark.sql.execution.aggregate.SortAggregateExec.$anonfun$doExecute$1$adapted(SortAggregateExec.scala:60)","logger":"task.stderr"}
{"timestamp":"2026-07-03T11:37:37.163393Z","level":"error","event":"\tat org.apache.spark.rdd.RDD.$anonfun$mapPartitionsWithIndexInternal$2(RDD.scala:888)","logger":"task.stderr"}
{"timestamp":"2026-07-03T11:37:37.163442Z","level":"error","event":"\tat org.apache.spark.rdd.RDD.$anonfun$mapPartitionsWithIndexInternal$2$adapted(RDD.scala:888)","logger":"task.stderr"}
{"timestamp":"2026-07-03T11:37:37.163463Z","level":"error","event":"\tat org.apache.spark.rdd.MapPartitionsRDD.compute(MapPartitionsRDD.scala:52)","logger":"task.stderr"}
{"timestamp":"2026-07-03T11:37:37.163482Z","level":"error","event":"\tat org.apache.spark.rdd.RDD.computeOrReadCheckpoint(RDD.scala:374)","logger":"task.stderr"}
{"timestamp":"2026-07-03T11:37:37.163501Z","level":"error","event":"\tat org.apache.spark.rdd.RDD.iterator(RDD.scala:338)","logger":"task.stderr"}
{"timestamp":"2026-07-03T11:37:37.163519Z","level":"error","event":"\tat org.apache.spark.rdd.MapPartitionsRDD.compute(MapPartitionsRDD.scala:52)","logger":"task.stderr"}
{"timestamp":"2026-07-03T11:37:37.163538Z","level":"error","event":"\tat org.apache.spark.rdd.RDD.computeOrReadCheckpoint(RDD.scala:374)","logger":"task.stderr"}
{"timestamp":"2026-07-03T11:37:37.163556Z","level":"error","event":"\tat org.apache.spark.rdd.RDD.iterator(RDD.scala:338)","logger":"task.stderr"}
{"timestamp":"2026-07-03T11:37:37.163574Z","level":"error","event":"\tat org.apache.spark.scheduler.ShuffleMapTask.runTask(ShuffleMapTask.scala:107)","logger":"task.stderr"}
{"timestamp":"2026-07-03T11:37:37.163592Z","level":"error","event":"\tat org.apache.spark.scheduler.ShuffleMapTask.runTask(ShuffleMapTask.scala:54)","logger":"task.stderr"}
{"timestamp":"2026-07-03T11:37:37.163611Z","level":"error","event":"\tat org.apache.spark.TaskContext.runTaskWithListeners(TaskContext.scala:180)","logger":"task.stderr"}
{"timestamp":"2026-07-03T11:37:37.163629Z","level":"error","event":"\tat org.apache.spark.scheduler.Task.run(Task.scala:147)","logger":"task.stderr"}
{"timestamp":"2026-07-03T11:37:37.163649Z","level":"error","event":"\tat org.apache.spark.executor.Executor$TaskRunner.$anonfun$run$4(Executor.scala:873)","logger":"task.stderr"}
{"timestamp":"2026-07-03T11:37:37.163667Z","level":"error","event":"\tat org.apache.spark.util.SparkErrorUtils.tryWithSafeFinally(SparkErrorUtils.scala:86)","logger":"task.stderr"}
{"timestamp":"2026-07-03T11:37:37.163685Z","level":"error","event":"\tat org.apache.spark.util.SparkErrorUtils.tryWithSafeFinally$(SparkErrorUtils.scala:83)","logger":"task.stderr"}
{"timestamp":"2026-07-03T11:37:37.163703Z","level":"error","event":"\tat org.apache.spark.util.Utils$.tryWithSafeFinally(Utils.scala:97)","logger":"task.stderr"}
{"timestamp":"2026-07-03T11:37:37.163721Z","level":"error","event":"\tat org.apache.spark.executor.Executor$TaskRunner.run(Executor.scala:876)","logger":"task.stderr"}
{"timestamp":"2026-07-03T11:37:37.163739Z","level":"error","event":"\tat java.base/java.util.concurrent.ThreadPoolExecutor.runWorker(ThreadPoolExecutor.java:1144)","logger":"task.stderr"}
{"timestamp":"2026-07-03T11:37:37.163757Z","level":"error","event":"\tat java.base/java.util.concurrent.ThreadPoolExecutor$Worker.run(ThreadPoolExecutor.java:642)","logger":"task.stderr"}
{"timestamp":"2026-07-03T11:37:37.163775Z","level":"error","event":"\tat java.base/java.lang.Thread.run(Thread.java:1589)","logger":"task.stderr"}
{"timestamp":"2026-07-03T11:37:37.163793Z","level":"error","event":"\tat org.apache.spark.util.Utils$.getTryWithCallerStacktrace(Utils.scala:1453)","logger":"task.stderr"}
{"timestamp":"2026-07-03T11:37:37.163812Z","level":"error","event":"\tat org.apache.spark.util.LazyTry.get(LazyTry.scala:58)","logger":"task.stderr"}
{"timestamp":"2026-07-03T11:37:37.163830Z","level":"error","event":"\tat org.apache.spark.sql.execution.QueryExecution.commandExecuted(QueryExecution.scala:160)","logger":"task.stderr"}
{"timestamp":"2026-07-03T11:37:37.163848Z","level":"error","event":"\tat org.apache.spark.sql.execution.QueryExecution.assertCommandExecuted(QueryExecution.scala:239)","logger":"task.stderr"}
{"timestamp":"2026-07-03T11:37:37.163866Z","level":"error","event":"\tat org.apache.spark.sql.classic.DataFrameWriter.runCommand(DataFrameWriter.scala:592)","logger":"task.stderr"}
{"timestamp":"2026-07-03T11:37:37.163884Z","level":"error","event":"\tat org.apache.spark.sql.classic.DataFrameWriter.save(DataFrameWriter.scala:126)","logger":"task.stderr"}
{"timestamp":"2026-07-03T11:37:37.163902Z","level":"error","event":"\tat java.base/jdk.internal.reflect.NativeMethodAccessorImpl.invoke0(Native Method)","logger":"task.stderr"}
{"timestamp":"2026-07-03T11:37:37.163920Z","level":"error","event":"\tat java.base/jdk.internal.reflect.NativeMethodAccessorImpl.invoke(NativeMethodAccessorImpl.java:76)","logger":"task.stderr"}
{"timestamp":"2026-07-03T11:37:37.163938Z","level":"error","event":"\tat java.base/jdk.internal.reflect.DelegatingMethodAccessorImpl.invoke(DelegatingMethodAccessorImpl.java:52)","logger":"task.stderr"}
{"timestamp":"2026-07-03T11:37:37.163956Z","level":"error","event":"\tat java.base/java.lang.reflect.Method.invoke(Method.java:578)","logger":"task.stderr"}
{"timestamp":"2026-07-03T11:37:37.163974Z","level":"error","event":"\tat py4j.reflection.MethodInvoker.invoke(MethodInvoker.java:244)","logger":"task.stderr"}
{"timestamp":"2026-07-03T11:37:37.163992Z","level":"error","event":"\tat py4j.reflection.ReflectionEngine.invoke(ReflectionEngine.java:374)","logger":"task.stderr"}
{"timestamp":"2026-07-03T11:37:37.164010Z","level":"error","event":"\tat py4j.Gateway.invoke(Gateway.java:282)","logger":"task.stderr"}
{"timestamp":"2026-07-03T11:37:37.164029Z","level":"error","event":"\tat py4j.commands.AbstractCommand.invokeMethod(AbstractCommand.java:132)","logger":"task.stderr"}
{"timestamp":"2026-07-03T11:37:37.164047Z","level":"error","event":"\tat py4j.commands.CallCommand.execute(CallCommand.java:79)","logger":"task.stderr"}
{"timestamp":"2026-07-03T11:37:37.164065Z","level":"error","event":"\tat py4j.ClientServerConnection.waitForCommands(ClientServerConnection.java:184)","logger":"task.stderr"}
{"timestamp":"2026-07-03T11:37:37.164085Z","level":"error","event":"\tat py4j.ClientServerConnection.run(ClientServerConnection.java:108)","logger":"task.stderr"}
{"timestamp":"2026-07-03T11:37:37.164103Z","level":"error","event":"\tat java.base/java.lang.Thread.run(Thread.java:1589)","logger":"task.stderr"}
{"timestamp":"2026-07-03T11:37:37.164121Z","level":"error","event":"\tSuppressed: org.apache.spark.util.Utils$OriginalTryStackTraceException: Full stacktrace of original doTryWithCallerStacktrace caller","logger":"task.stderr"}
{"timestamp":"2026-07-03T11:37:37.164139Z","level":"error","event":"\t\tat org.apache.spark.sql.errors.QueryExecutionErrors$.fileNotExistError(QueryExecutionErrors.scala:873)","logger":"task.stderr"}
{"timestamp":"2026-07-03T11:37:37.164157Z","level":"error","event":"\t\tat org.apache.spark.sql.execution.datasources.v2.FileDataSourceV2$.attachFilePath(FileDataSourceV2.scala:140)","logger":"task.stderr"}
{"timestamp":"2026-07-03T11:37:37.164175Z","level":"error","event":"\t\tat org.apache.spark.sql.execution.datasources.FileScanRDD$$anon$1.hasNext(FileScanRDD.scala:141)","logger":"task.stderr"}
{"timestamp":"2026-07-03T11:37:37.164193Z","level":"error","event":"\t\tat org.apache.spark.sql.execution.FileSourceScanExec$$anon$1.hasNext(DataSourceScanExec.scala:773)","logger":"task.stderr"}
{"timestamp":"2026-07-03T11:37:37.164211Z","level":"error","event":"\t\tat org.apache.spark.sql.catalyst.expressions.GeneratedClass$GeneratedIteratorForCodegenStage1.columnartorow_nextBatch_0$(Unknown Source)","logger":"task.stderr"}
{"timestamp":"2026-07-03T11:37:37.164230Z","level":"error","event":"\t\tat org.apache.spark.sql.catalyst.expressions.GeneratedClass$GeneratedIteratorForCodegenStage1.processNext(Unknown Source)","logger":"task.stderr"}
{"timestamp":"2026-07-03T11:37:37.164249Z","level":"error","event":"\t\tat org.apache.spark.sql.execution.BufferedRowIterator.hasNext(BufferedRowIterator.java:43)","logger":"task.stderr"}
{"timestamp":"2026-07-03T11:37:37.164266Z","level":"error","event":"\t\tat org.apache.spark.sql.execution.WholeStageCodegenEvaluatorFactory$WholeStageCodegenPartitionEvaluator$$anon$1.hasNext(WholeStageCodegenEvaluatorFactory.scala:50)","logger":"task.stderr"}
{"timestamp":"2026-07-03T11:37:37.164285Z","level":"error","event":"\t\tat scala.collection.Iterator$$anon$9.hasNext(Iterator.scala:593)","logger":"task.stderr"}
{"timestamp":"2026-07-03T11:37:37.164302Z","level":"error","event":"\t\tat scala.collection.Iterator$$anon$9.hasNext(Iterator.scala:593)","logger":"task.stderr"}
{"timestamp":"2026-07-03T11:37:37.164320Z","level":"error","event":"\t\tat scala.collection.Iterator$$anon$9.hasNext(Iterator.scala:593)","logger":"task.stderr"}
{"timestamp":"2026-07-03T11:37:37.164338Z","level":"error","event":"\t\tat scala.collection.Iterator$GroupedIterator.fill(Iterator.scala:263)","logger":"task.stderr"}
{"timestamp":"2026-07-03T11:37:37.164397Z","level":"error","event":"\t\tat scala.collection.Iterator$GroupedIterator.hasNext(Iterator.scala:265)","logger":"task.stderr"}
{"timestamp":"2026-07-03T11:37:37.164417Z","level":"error","event":"\t\tat scala.collection.Iterator$$anon$9.hasNext(Iterator.scala:593)","logger":"task.stderr"}
{"timestamp":"2026-07-03T11:37:37.164436Z","level":"error","event":"\t\tat org.apache.spark.api.python.PythonRDD$.writeNextElementToStream(PythonRDD.scala:335)","logger":"task.stderr"}
{"timestamp":"2026-07-03T11:37:37.164454Z","level":"error","event":"\t\tat org.apache.spark.sql.execution.python.BasePythonUDFRunner$$anon$1.writeNextInputToStream(PythonUDFRunner.scala:85)","logger":"task.stderr"}
{"timestamp":"2026-07-03T11:37:37.164472Z","level":"error","event":"\t\tat org.apache.spark.api.python.BasePythonRunner$ReaderInputStream.writeAdditionalInputToPythonWorker(PythonRunner.scala:933)","logger":"task.stderr"}
{"timestamp":"2026-07-03T11:37:37.164490Z","level":"error","event":"\t\tat org.apache.spark.api.python.BasePythonRunner$ReaderInputStream.read(PythonRunner.scala:848)","logger":"task.stderr"}
{"timestamp":"2026-07-03T11:37:37.164511Z","level":"error","event":"\t\tat java.base/java.io.BufferedInputStream.fill(BufferedInputStream.java:255)","logger":"task.stderr"}
{"timestamp":"2026-07-03T11:37:37.164529Z","level":"error","event":"\t\tat java.base/java.io.BufferedInputStream.implRead(BufferedInputStream.java:289)","logger":"task.stderr"}
{"timestamp":"2026-07-03T11:37:37.164547Z","level":"error","event":"\t\tat java.base/java.io.BufferedInputStream.read(BufferedInputStream.java:276)","logger":"task.stderr"}
{"timestamp":"2026-07-03T11:37:37.164565Z","level":"error","event":"\t\tat java.base/java.io.DataInputStream.readInt(DataInputStream.java:393)","logger":"task.stderr"}
{"timestamp":"2026-07-03T11:37:37.164583Z","level":"error","event":"\t\tat org.apache.spark.sql.execution.python.BasePythonUDFRunner$$anon$2.read(PythonUDFRunner.scala:114)","logger":"task.stderr"}
{"timestamp":"2026-07-03T11:37:37.164601Z","level":"error","event":"\t\tat org.apache.spark.sql.execution.python.BasePythonUDFRunner$$anon$2.read(PythonUDFRunner.scala:106)","logger":"task.stderr"}
{"timestamp":"2026-07-03T11:37:37.164619Z","level":"error","event":"\t\tat org.apache.spark.api.python.BasePythonRunner$ReaderIterator.hasNext(PythonRunner.scala:596)","logger":"task.stderr"}
{"timestamp":"2026-07-03T11:37:37.164636Z","level":"error","event":"\t\tat org.apache.spark.InterruptibleIterator.hasNext(InterruptibleIterator.scala:37)","logger":"task.stderr"}
{"timestamp":"2026-07-03T11:37:37.164655Z","level":"error","event":"\t\tat scala.collection.Iterator$$anon$10.hasNext(Iterator.scala:611)","logger":"task.stderr"}
{"timestamp":"2026-07-03T11:37:37.164673Z","level":"error","event":"\t\tat scala.collection.Iterator$$anon$9.hasNext(Iterator.scala:593)","logger":"task.stderr"}
{"timestamp":"2026-07-03T11:37:37.164691Z","level":"error","event":"\t\tat scala.collection.Iterator$$anon$9.hasNext(Iterator.scala:593)","logger":"task.stderr"}
{"timestamp":"2026-07-03T11:37:37.164709Z","level":"error","event":"\t\tat org.apache.spark.sql.catalyst.expressions.GeneratedClass$GeneratedIteratorForCodegenStage2.sort_addToSorter_0$(Unknown Source)","logger":"task.stderr"}
{"timestamp":"2026-07-03T11:37:37.164726Z","level":"error","event":"\t\tat org.apache.spark.sql.catalyst.expressions.GeneratedClass$GeneratedIteratorForCodegenStage2.processNext(Unknown Source)","logger":"task.stderr"}
{"timestamp":"2026-07-03T11:37:37.164744Z","level":"error","event":"\t\tat org.apache.spark.sql.execution.BufferedRowIterator.hasNext(BufferedRowIterator.java:43)","logger":"task.stderr"}
{"timestamp":"2026-07-03T11:37:37.164762Z","level":"error","event":"\t\tat org.apache.spark.sql.execution.WholeStageCodegenEvaluatorFactory$WholeStageCodegenPartitionEvaluator$$anon$1.hasNext(WholeStageCodegenEvaluatorFactory.scala:50)","logger":"task.stderr"}
{"timestamp":"2026-07-03T11:37:37.164780Z","level":"error","event":"\t\tat org.apache.spark.sql.execution.aggregate.SortAggregateExec.$anonfun$doExecute$1(SortAggregateExec.scala:63)","logger":"task.stderr"}
{"timestamp":"2026-07-03T11:37:37.164798Z","level":"error","event":"\t\tat org.apache.spark.sql.execution.aggregate.SortAggregateExec.$anonfun$doExecute$1$adapted(SortAggregateExec.scala:60)","logger":"task.stderr"}
{"timestamp":"2026-07-03T11:37:37.164816Z","level":"error","event":"\t\tat org.apache.spark.rdd.RDD.$anonfun$mapPartitionsWithIndexInternal$2(RDD.scala:888)","logger":"task.stderr"}
{"timestamp":"2026-07-03T11:37:37.164834Z","level":"error","event":"\t\tat org.apache.spark.rdd.RDD.$anonfun$mapPartitionsWithIndexInternal$2$adapted(RDD.scala:888)","logger":"task.stderr"}
{"timestamp":"2026-07-03T11:37:37.164852Z","level":"error","event":"\t\tat org.apache.spark.rdd.MapPartitionsRDD.compute(MapPartitionsRDD.scala:52)","logger":"task.stderr"}
{"timestamp":"2026-07-03T11:37:37.164870Z","level":"error","event":"\t\tat org.apache.spark.rdd.RDD.computeOrReadCheckpoint(RDD.scala:374)","logger":"task.stderr"}
{"timestamp":"2026-07-03T11:37:37.164888Z","level":"error","event":"\t\tat org.apache.spark.rdd.RDD.iterator(RDD.scala:338)","logger":"task.stderr"}
{"timestamp":"2026-07-03T11:37:37.164910Z","level":"error","event":"\t\tat org.apache.spark.rdd.MapPartitionsRDD.compute(MapPartitionsRDD.scala:52)","logger":"task.stderr"}
{"timestamp":"2026-07-03T11:37:37.164928Z","level":"error","event":"\t\tat org.apache.spark.rdd.RDD.computeOrReadCheckpoint(RDD.scala:374)","logger":"task.stderr"}
{"timestamp":"2026-07-03T11:37:37.164946Z","level":"error","event":"\t\tat org.apache.spark.rdd.RDD.iterator(RDD.scala:338)","logger":"task.stderr"}
{"timestamp":"2026-07-03T11:37:37.164964Z","level":"error","event":"\t\tat org.apache.spark.scheduler.ShuffleMapTask.runTask(ShuffleMapTask.scala:107)","logger":"task.stderr"}
{"timestamp":"2026-07-03T11:37:37.164982Z","level":"error","event":"\t\tat org.apache.spark.scheduler.ShuffleMapTask.runTask(ShuffleMapTask.scala:54)","logger":"task.stderr"}
{"timestamp":"2026-07-03T11:37:37.165000Z","level":"error","event":"\t\tat org.apache.spark.TaskContext.runTaskWithListeners(TaskContext.scala:180)","logger":"task.stderr"}
{"timestamp":"2026-07-03T11:37:37.165017Z","level":"error","event":"\t\tat org.apache.spark.scheduler.Task.run(Task.scala:147)","logger":"task.stderr"}
{"timestamp":"2026-07-03T11:37:37.165035Z","level":"error","event":"\t\tat org.apache.spark.executor.Executor$TaskRunner.$anonfun$run$4(Executor.scala:873)","logger":"task.stderr"}
{"timestamp":"2026-07-03T11:37:37.165053Z","level":"error","event":"\t\tat org.apache.spark.util.SparkErrorUtils.tryWithSafeFinally(SparkErrorUtils.scala:86)","logger":"task.stderr"}
{"timestamp":"2026-07-03T11:37:37.165073Z","level":"error","event":"\t\tat org.apache.spark.util.SparkErrorUtils.tryWithSafeFinally$(SparkErrorUtils.scala:83)","logger":"task.stderr"}
{"timestamp":"2026-07-03T11:37:37.165091Z","level":"error","event":"\t\tat org.apache.spark.util.Utils$.tryWithSafeFinally(Utils.scala:97)","logger":"task.stderr"}
{"timestamp":"2026-07-03T11:37:37.165108Z","level":"error","event":"\t\tat org.apache.spark.executor.Executor$TaskRunner.run(Executor.scala:876)","logger":"task.stderr"}
{"timestamp":"2026-07-03T11:37:37.165126Z","level":"error","event":"\t\tat java.base/java.util.concurrent.ThreadPoolExecutor.runWorker(ThreadPoolExecutor.java:1144)","logger":"task.stderr"}
{"timestamp":"2026-07-03T11:37:37.165151Z","level":"error","event":"\t\tat java.base/java.util.concurrent.ThreadPoolExecutor$Worker.run(ThreadPoolExecutor.java:642)","logger":"task.stderr"}
{"timestamp":"2026-07-03T11:37:37.165169Z","level":"error","event":"\t\t... 1 more","logger":"task.stderr"}
{"timestamp":"2026-07-03T11:37:37.165187Z","level":"error","event":"Caused by: java.io.FileNotFoundException: File file:/Users/burugula.sasank/airflow/dags/file_stores/bronze_layer/Batting/ODI/part-00000-119137bd-1d2c-446d-8fe2-5f65957eef77-c000.snappy.parquet does not exist","logger":"task.stderr"}
{"timestamp":"2026-07-03T11:37:37.165206Z","level":"error","event":"\tat org.apache.hadoop.fs.RawLocalFileSystem.deprecatedGetFileStatus(RawLocalFileSystem.java:980)","logger":"task.stderr"}
{"timestamp":"2026-07-03T11:37:37.165246Z","level":"error","event":"\tat org.apache.hadoop.fs.RawLocalFileSystem.getFileLinkStatusInternal(RawLocalFileSystem.java:1301)","logger":"task.stderr"}
{"timestamp":"2026-07-03T11:37:37.165266Z","level":"error","event":"\tat org.apache.hadoop.fs.RawLocalFileSystem.getFileStatus(RawLocalFileSystem.java:970)","logger":"task.stderr"}
{"timestamp":"2026-07-03T11:37:37.165284Z","level":"error","event":"\tat org.apache.hadoop.fs.FilterFileSystem.getFileStatus(FilterFileSystem.java:462)","logger":"task.stderr"}
{"timestamp":"2026-07-03T11:37:37.165302Z","level":"error","event":"\tat org.apache.parquet.hadoop.util.HadoopInputFile.fromPath(HadoopInputFile.java:61)","logger":"task.stderr"}
{"timestamp":"2026-07-03T11:37:37.165319Z","level":"error","event":"\tat org.apache.spark.sql.execution.datasources.parquet.ParquetFooterReader.openFileAndReadFooter(ParquetFooterReader.java:100)","logger":"task.stderr"}
{"timestamp":"2026-07-03T11:37:37.165337Z","level":"error","event":"\tat org.apache.spark.sql.execution.datasources.parquet.ParquetFileFormat.$anonfun$buildReaderWithPartitionValues$2(ParquetFileFormat.scala:228)","logger":"task.stderr"}
{"timestamp":"2026-07-03T11:37:37.165358Z","level":"error","event":"\tat org.apache.spark.sql.execution.datasources.FileScanRDD$$anon$1.org$apache$spark$sql$execution$datasources$FileScanRDD$$anon$$readCurrentFile(FileScanRDD.scala:229)","logger":"task.stderr"}
{"timestamp":"2026-07-03T11:37:37.165376Z","level":"error","event":"\tat org.apache.spark.sql.execution.datasources.FileScanRDD$$anon$1.nextIterator(FileScanRDD.scala:289)","logger":"task.stderr"}
{"timestamp":"2026-07-03T11:37:37.165394Z","level":"error","event":"\tat org.apache.spark.sql.execution.datasources.FileScanRDD$$anon$1.hasNext0(FileScanRDD.scala:130)","logger":"task.stderr"}
{"timestamp":"2026-07-03T11:37:37.165412Z","level":"error","event":"\tat org.apache.spark.sql.execution.datasources.FileScanRDD$$anon$1.hasNext(FileScanRDD.scala:139)","logger":"task.stderr"}
{"timestamp":"2026-07-03T11:37:37.165430Z","level":"error","event":"\tat org.apache.spark.sql.execution.FileSourceScanExec$$anon$1.hasNext(DataSourceScanExec.scala:773)","logger":"task.stderr"}
{"timestamp":"2026-07-03T11:37:37.165447Z","level":"error","event":"\tat org.apache.spark.sql.catalyst.expressions.GeneratedClass$GeneratedIteratorForCodegenStage1.columnartorow_nextBatch_0$(Unknown Source)","logger":"task.stderr"}
{"timestamp":"2026-07-03T11:37:37.165465Z","level":"error","event":"\tat org.apache.spark.sql.catalyst.expressions.GeneratedClass$GeneratedIteratorForCodegenStage1.processNext(Unknown Source)","logger":"task.stderr"}
{"timestamp":"2026-07-03T11:37:37.165483Z","level":"error","event":"\tat org.apache.spark.sql.execution.BufferedRowIterator.hasNext(BufferedRowIterator.java:43)","logger":"task.stderr"}
{"timestamp":"2026-07-03T11:37:37.165501Z","level":"error","event":"\tat org.apache.spark.sql.execution.WholeStageCodegenEvaluatorFactory$WholeStageCodegenPartitionEvaluator$$anon$1.hasNext(WholeStageCodegenEvaluatorFactory.scala:50)","logger":"task.stderr"}
{"timestamp":"2026-07-03T11:37:37.165519Z","level":"error","event":"\tat scala.collection.Iterator$$anon$9.hasNext(Iterator.scala:593)","logger":"task.stderr"}
{"timestamp":"2026-07-03T11:37:37.165536Z","level":"error","event":"\tat scala.collection.Iterator$$anon$9.hasNext(Iterator.scala:593)","logger":"task.stderr"}
{"timestamp":"2026-07-03T11:37:37.165554Z","level":"error","event":"\tat scala.collection.Iterator$$anon$9.hasNext(Iterator.scala:593)","logger":"task.stderr"}
{"timestamp":"2026-07-03T11:37:37.165572Z","level":"error","event":"\tat scala.collection.Iterator$GroupedIterator.fill(Iterator.scala:263)","logger":"task.stderr"}
{"timestamp":"2026-07-03T11:37:37.165590Z","level":"error","event":"\tat scala.collection.Iterator$GroupedIterator.hasNext(Iterator.scala:265)","logger":"task.stderr"}
{"timestamp":"2026-07-03T11:37:37.165607Z","level":"error","event":"\tat scala.collection.Iterator$$anon$9.hasNext(Iterator.scala:593)","logger":"task.stderr"}
{"timestamp":"2026-07-03T11:37:37.165625Z","level":"error","event":"\tat org.apache.spark.api.python.PythonRDD$.writeNextElementToStream(PythonRDD.scala:335)","logger":"task.stderr"}
{"timestamp":"2026-07-03T11:37:37.165643Z","level":"error","event":"\tat org.apache.spark.sql.execution.python.BasePythonUDFRunner$$anon$1.writeNextInputToStream(PythonUDFRunner.scala:85)","logger":"task.stderr"}
{"timestamp":"2026-07-03T11:37:37.165661Z","level":"error","event":"\tat org.apache.spark.api.python.BasePythonRunner$ReaderInputStream.writeAdditionalInputToPythonWorker(PythonRunner.scala:933)","logger":"task.stderr"}
{"timestamp":"2026-07-03T11:37:37.165679Z","level":"error","event":"\tat org.apache.spark.api.python.BasePythonRunner$ReaderInputStream.read(PythonRunner.scala:848)","logger":"task.stderr"}
{"timestamp":"2026-07-03T11:37:37.165697Z","level":"error","event":"\tat java.base/java.io.BufferedInputStream.fill(BufferedInputStream.java:255)","logger":"task.stderr"}
{"timestamp":"2026-07-03T11:37:37.165715Z","level":"error","event":"\tat java.base/java.io.BufferedInputStream.implRead(BufferedInputStream.java:289)","logger":"task.stderr"}
{"timestamp":"2026-07-03T11:37:37.165732Z","level":"error","event":"\tat java.base/java.io.BufferedInputStream.read(BufferedInputStream.java:276)","logger":"task.stderr"}
{"timestamp":"2026-07-03T11:37:37.165750Z","level":"error","event":"\tat java.base/java.io.DataInputStream.readInt(DataInputStream.java:393)","logger":"task.stderr"}
{"timestamp":"2026-07-03T11:37:37.165768Z","level":"error","event":"\tat org.apache.spark.sql.execution.python.BasePythonUDFRunner$$anon$2.read(PythonUDFRunner.scala:114)","logger":"task.stderr"}
{"timestamp":"2026-07-03T11:37:37.165785Z","level":"error","event":"\tat org.apache.spark.sql.execution.python.BasePythonUDFRunner$$anon$2.read(PythonUDFRunner.scala:106)","logger":"task.stderr"}
{"timestamp":"2026-07-03T11:37:37.165803Z","level":"error","event":"\tat org.apache.spark.api.python.BasePythonRunner$ReaderIterator.hasNext(PythonRunner.scala:596)","logger":"task.stderr"}
{"timestamp":"2026-07-03T11:37:37.165821Z","level":"error","event":"\tat org.apache.spark.InterruptibleIterator.hasNext(InterruptibleIterator.scala:37)","logger":"task.stderr"}
{"timestamp":"2026-07-03T11:37:37.165839Z","level":"error","event":"\tat scala.collection.Iterator$$anon$10.hasNext(Iterator.scala:611)","logger":"task.stderr"}
{"timestamp":"2026-07-03T11:37:37.165857Z","level":"error","event":"\tat scala.collection.Iterator$$anon$9.hasNext(Iterator.scala:593)","logger":"task.stderr"}
{"timestamp":"2026-07-03T11:37:37.165874Z","level":"error","event":"\tat scala.collection.Iterator$$anon$9.hasNext(Iterator.scala:593)","logger":"task.stderr"}
{"timestamp":"2026-07-03T11:37:37.165892Z","level":"error","event":"\tat org.apache.spark.sql.catalyst.expressions.GeneratedClass$GeneratedIteratorForCodegenStage2.sort_addToSorter_0$(Unknown Source)","logger":"task.stderr"}
{"timestamp":"2026-07-03T11:37:37.165910Z","level":"error","event":"\tat org.apache.spark.sql.catalyst.expressions.GeneratedClass$GeneratedIteratorForCodegenStage2.processNext(Unknown Source)","logger":"task.stderr"}
{"timestamp":"2026-07-03T11:37:37.165928Z","level":"error","event":"\tat org.apache.spark.sql.execution.BufferedRowIterator.hasNext(BufferedRowIterator.java:43)","logger":"task.stderr"}
{"timestamp":"2026-07-03T11:37:37.165946Z","level":"error","event":"\tat org.apache.spark.sql.execution.WholeStageCodegenEvaluatorFactory$WholeStageCodegenPartitionEvaluator$$anon$1.hasNext(WholeStageCodegenEvaluatorFactory.scala:50)","logger":"task.stderr"}
{"timestamp":"2026-07-03T11:37:37.165964Z","level":"error","event":"\tat org.apache.spark.sql.execution.aggregate.SortAggregateExec.$anonfun$doExecute$1(SortAggregateExec.scala:63)","logger":"task.stderr"}
{"timestamp":"2026-07-03T11:37:37.166003Z","level":"error","event":"\tat org.apache.spark.sql.execution.aggregate.SortAggregateExec.$anonfun$doExecute$1$adapted(SortAggregateExec.scala:60)","logger":"task.stderr"}
{"timestamp":"2026-07-03T11:37:37.166021Z","level":"error","event":"\tat org.apache.spark.rdd.RDD.$anonfun$mapPartitionsWithIndexInternal$2(RDD.scala:888)","logger":"task.stderr"}
{"timestamp":"2026-07-03T11:37:37.166039Z","level":"error","event":"\tat org.apache.spark.rdd.RDD.$anonfun$mapPartitionsWithIndexInternal$2$adapted(RDD.scala:888)","logger":"task.stderr"}
{"timestamp":"2026-07-03T11:37:37.166057Z","level":"error","event":"\tat org.apache.spark.rdd.MapPartitionsRDD.compute(MapPartitionsRDD.scala:52)","logger":"task.stderr"}
{"timestamp":"2026-07-03T11:37:37.166075Z","level":"error","event":"\tat org.apache.spark.rdd.RDD.computeOrReadCheckpoint(RDD.scala:374)","logger":"task.stderr"}
{"timestamp":"2026-07-03T11:37:37.166093Z","level":"error","event":"\tat org.apache.spark.rdd.RDD.iterator(RDD.scala:338)","logger":"task.stderr"}
{"timestamp":"2026-07-03T11:37:37.166110Z","level":"error","event":"\tat org.apache.spark.rdd.MapPartitionsRDD.compute(MapPartitionsRDD.scala:52)","logger":"task.stderr"}
{"timestamp":"2026-07-03T11:37:37.166128Z","level":"error","event":"\tat org.apache.spark.rdd.RDD.computeOrReadCheckpoint(RDD.scala:374)","logger":"task.stderr"}
{"timestamp":"2026-07-03T11:37:37.166146Z","level":"error","event":"\tat org.apache.spark.rdd.RDD.iterator(RDD.scala:338)","logger":"task.stderr"}
{"timestamp":"2026-07-03T11:37:37.166165Z","level":"error","event":"\tat org.apache.spark.scheduler.ShuffleMapTask.runTask(ShuffleMapTask.scala:107)","logger":"task.stderr"}
{"timestamp":"2026-07-03T11:37:37.166182Z","level":"error","event":"\tat org.apache.spark.scheduler.ShuffleMapTask.runTask(ShuffleMapTask.scala:54)","logger":"task.stderr"}
{"timestamp":"2026-07-03T11:37:37.166200Z","level":"error","event":"\tat org.apache.spark.TaskContext.runTaskWithListeners(TaskContext.scala:180)","logger":"task.stderr"}
{"timestamp":"2026-07-03T11:37:37.166218Z","level":"error","event":"\tat org.apache.spark.scheduler.Task.run(Task.scala:147)","logger":"task.stderr"}
{"timestamp":"2026-07-03T11:37:37.166236Z","level":"error","event":"\tat org.apache.spark.executor.Executor$TaskRunner.$anonfun$run$4(Executor.scala:873)","logger":"task.stderr"}
{"timestamp":"2026-07-03T11:37:37.166253Z","level":"error","event":"\tat org.apache.spark.util.SparkErrorUtils.tryWithSafeFinally(SparkErrorUtils.scala:86)","logger":"task.stderr"}
{"timestamp":"2026-07-03T11:37:37.166271Z","level":"error","event":"\tat org.apache.spark.util.SparkErrorUtils.tryWithSafeFinally$(SparkErrorUtils.scala:83)","logger":"task.stderr"}
{"timestamp":"2026-07-03T11:37:37.166289Z","level":"error","event":"\tat org.apache.spark.util.Utils$.tryWithSafeFinally(Utils.scala:97)","logger":"task.stderr"}
{"timestamp":"2026-07-03T11:37:37.166306Z","level":"error","event":"\tat org.apache.spark.executor.Executor$TaskRunner.run(Executor.scala:876)","logger":"task.stderr"}
{"timestamp":"2026-07-03T11:37:37.166324Z","level":"error","event":"\tat java.base/java.util.concurrent.ThreadPoolExecutor.runWorker(ThreadPoolExecutor.java:1144)","logger":"task.stderr"}
{"timestamp":"2026-07-03T11:37:37.166342Z","level":"error","event":"\tat java.base/java.util.concurrent.ThreadPoolExecutor$Worker.run(ThreadPoolExecutor.java:642)","logger":"task.stderr"}
{"timestamp":"2026-07-03T11:37:37.166360Z","level":"error","event":"\t... 1 more","logger":"task.stderr"}
{"timestamp":"2026-07-03T11:37:37.166378Z","level":"error","event":"","logger":"task.stderr"}
{"timestamp":"2026-07-03T11:37:37.185018Z","level":"error","event":"Task failed with exception","ti_id":"019f27c4-d77b-71c4-a10f-ab292a7236d7","dag_id":"dag_data","try_number":1,"task_id":"transform_data_from_filesystem","map_index":-1,"run_id":"manual__2026-07-03T11:37:19.470118+00:00","logger":"task","filename":"task_runner.py","lineno":1381,"error_detail":[{"exc_type":"CalledProcessError","exc_value":"Command '['python3', '/Users/burugula.sasank/airflow/dags/spark/notebooks/silver_layer/data_transformations.py']' returned non-zero exit status 1.","exc_notes":[],"syntax_error":null,"is_cause":false,"frames":[{"filename":"/Library/Frameworks/Python.framework/Versions/3.14/lib/python3.14/site-packages/airflow/sdk/execution_time/task_runner.py","lineno":1287,"name":"run"},{"filename":"/Library/Frameworks/Python.framework/Versions/3.14/lib/python3.14/site-packages/airflow/sdk/execution_time/task_runner.py","lineno":1745,"name":"_execute_task"},{"filename":"/Library/Frameworks/Python.framework/Versions/3.14/lib/python3.14/site-packages/airflow/sdk/bases/operator.py","lineno":443,"name":"wrapper"},{"filename":"/Library/Frameworks/Python.framework/Versions/3.14/lib/python3.14/site-packages/airflow/sdk/bases/decorator.py","lineno":398,"name":"execute"},{"filename":"/Library/Frameworks/Python.framework/Versions/3.14/lib/python3.14/site-packages/airflow/sdk/bases/operator.py","lineno":443,"name":"wrapper"},{"filename":"/Library/Frameworks/Python.framework/Versions/3.14/lib/python3.14/site-packages/airflow/providers/standard/operators/python.py","lineno":231,"name":"execute"},{"filename":"/Library/Frameworks/Python.framework/Versions/3.14/lib/python3.14/site-packages/airflow/providers/standard/operators/python.py","lineno":254,"name":"execute_callable"},{"filename":"/Library/Frameworks/Python.framework/Versions/3.14/lib/python3.14/site-packages/airflow/sdk/execution_time/callback_runner.py","lineno":97,"name":"run"},{"filename":"/Users/burugula.sasank/airflow/dags/etl_scheduler.py","lineno":57,"name":"transform_data_from_filesystem"},{"filename":"/Library/Frameworks/Python.framework/Versions/3.14/lib/python3.14/subprocess.py","lineno":578,"name":"run"}],"is_group":false,"exceptions":[]}]}
{"timestamp":"2026-07-03T11:37:37.185677Z","level":"info","event":"::group::Post Execute","ti_id":"019f27c4-d77b-71c4-a10f-ab292a7236d7","dag_id":"dag_data","try_number":1,"task_id":"transform_data_from_filesystem","map_index":-1,"run_id":"manual__2026-07-03T11:37:19.470118+00:00","logger":"task","filename":"task_runner.py","lineno":1382}
{"timestamp":"2026-07-03T11:37:37.186553Z","level":"info","event":"::endgroup::","ti_id":"019f27c4-d77b-71c4-a10f-ab292a7236d7","dag_id":"dag_data","try_number":1,"task_id":"transform_data_from_filesystem","map_index":-1,"run_id":"manual__2026-07-03T11:37:19.470118+00:00","logger":"task","filename":"task_runner.py","lineno":1896}
