{"timestamp":"2026-07-03T10:45:21.518764Z","level":"info","event":"2026-07-03T10:45:21.518647Z [info     ] ::group::Pre Execute           [task] loc=task_runner.py:1926","logger":"task.stdout"}
{"timestamp":"2026-07-03T10:45:21.596233Z","level":"info","event":"setup plugin alembic.autogenerate.schemas","logger":"alembic.runtime.plugins","dag_id":"dag_data","map_index":-1,"ti_id":"019f2795-2db0-7f14-941e-8de733a8f8d9","try_number":1,"task_id":"ingest_data_to_filesystem","run_id":"manual__2026-07-03T10:45:15.804637+00:00","filename":"plugins.py","lineno":37}
{"timestamp":"2026-07-03T10:45:21.596312Z","level":"info","event":"setup plugin alembic.autogenerate.tables","logger":"alembic.runtime.plugins","dag_id":"dag_data","map_index":-1,"ti_id":"019f2795-2db0-7f14-941e-8de733a8f8d9","try_number":1,"task_id":"ingest_data_to_filesystem","run_id":"manual__2026-07-03T10:45:15.804637+00:00","filename":"plugins.py","lineno":37}
{"timestamp":"2026-07-03T10:45:21.596344Z","level":"info","event":"setup plugin alembic.autogenerate.types","logger":"alembic.runtime.plugins","dag_id":"dag_data","map_index":-1,"ti_id":"019f2795-2db0-7f14-941e-8de733a8f8d9","try_number":1,"task_id":"ingest_data_to_filesystem","run_id":"manual__2026-07-03T10:45:15.804637+00:00","filename":"plugins.py","lineno":37}
{"timestamp":"2026-07-03T10:45:21.596369Z","level":"info","event":"setup plugin alembic.autogenerate.constraints","logger":"alembic.runtime.plugins","dag_id":"dag_data","map_index":-1,"ti_id":"019f2795-2db0-7f14-941e-8de733a8f8d9","try_number":1,"task_id":"ingest_data_to_filesystem","run_id":"manual__2026-07-03T10:45:15.804637+00:00","filename":"plugins.py","lineno":37}
{"timestamp":"2026-07-03T10:45:21.596390Z","level":"info","event":"setup plugin alembic.autogenerate.defaults","logger":"alembic.runtime.plugins","dag_id":"dag_data","map_index":-1,"ti_id":"019f2795-2db0-7f14-941e-8de733a8f8d9","try_number":1,"task_id":"ingest_data_to_filesystem","run_id":"manual__2026-07-03T10:45:15.804637+00:00","filename":"plugins.py","lineno":37}
{"timestamp":"2026-07-03T10:45:21.596411Z","level":"info","event":"setup plugin alembic.autogenerate.comments","logger":"alembic.runtime.plugins","dag_id":"dag_data","map_index":-1,"ti_id":"019f2795-2db0-7f14-941e-8de733a8f8d9","try_number":1,"task_id":"ingest_data_to_filesystem","run_id":"manual__2026-07-03T10:45:15.804637+00:00","filename":"plugins.py","lineno":37}
{"timestamp":"2026-07-03T10:45:21.635620Z","level":"info","event":"DAG bundles loaded: dags-folder","dag_id":"dag_data","map_index":-1,"ti_id":"019f2795-2db0-7f14-941e-8de733a8f8d9","try_number":1,"task_id":"ingest_data_to_filesystem","run_id":"manual__2026-07-03T10:45:15.804637+00:00","logger":"airflow.dag_processing.bundles.manager.DagBundlesManager","filename":"manager.py","lineno":209}
{"timestamp":"2026-07-03T10:45:21.635813Z","level":"info","event":"Filling up the DagBag from /Users/burugula.sasank/airflow/dags/etl_scheduler.py","dag_id":"dag_data","map_index":-1,"ti_id":"019f2795-2db0-7f14-941e-8de733a8f8d9","try_number":1,"task_id":"ingest_data_to_filesystem","run_id":"manual__2026-07-03T10:45:15.804637+00:00","logger":"airflow.dag_processing.dagbag.BundleDagBag","filename":"dagbag.py","lineno":469}
{"timestamp":"2026-07-03T10:45:21.665909Z","level":"warning","event":"The `airflow.decorators.task` attribute is deprecated. Please use `'airflow.sdk.task'`.","category":"UserWarning","filename":"/Users/burugula.sasank/airflow/dags/etl_scheduler.py","lineno":1,"dag_id":"dag_data","map_index":-1,"ti_id":"019f2795-2db0-7f14-941e-8de733a8f8d9","try_number":1,"task_id":"ingest_data_to_filesystem","run_id":"manual__2026-07-03T10:45:15.804637+00:00","logger":"py.warnings"}
{"timestamp":"2026-07-03T10:45:21.665959Z","level":"warning","event":"The `airflow.decorators.dag` attribute is deprecated. Please use `'airflow.sdk.dag'`.","category":"UserWarning","filename":"/Users/burugula.sasank/airflow/dags/etl_scheduler.py","lineno":1,"dag_id":"dag_data","map_index":-1,"ti_id":"019f2795-2db0-7f14-941e-8de733a8f8d9","try_number":1,"task_id":"ingest_data_to_filesystem","run_id":"manual__2026-07-03T10:45:15.804637+00:00","logger":"py.warnings"}
{"timestamp":"2026-07-03T10:45:21.665982Z","level":"warning","event":"The `airflow.hooks.base.BaseHook` attribute is deprecated. Please use `'airflow.sdk.bases.hook.BaseHook'`.","category":"UserWarning","filename":"/Users/burugula.sasank/airflow/dags/etl_scheduler.py","lineno":2,"dag_id":"dag_data","map_index":-1,"ti_id":"019f2795-2db0-7f14-941e-8de733a8f8d9","try_number":1,"task_id":"ingest_data_to_filesystem","run_id":"manual__2026-07-03T10:45:15.804637+00:00","logger":"py.warnings"}
{"timestamp":"2026-07-03T10:45:21.678350Z","level":"info","event":"::endgroup::","dag_id":"dag_data","map_index":-1,"ti_id":"019f2795-2db0-7f14-941e-8de733a8f8d9","try_number":1,"task_id":"ingest_data_to_filesystem","run_id":"manual__2026-07-03T10:45:15.804637+00:00","logger":"task","filename":"task_runner.py","lineno":1727}
{"timestamp":"2026-07-03T10:45:21.953471Z","level":"error","event":"WARNING: Using incubator modules: jdk.incubator.vector","logger":"task.stderr"}
{"timestamp":"2026-07-03T10:45:22.368814Z","level":"error","event":"Using Spark's default log4j profile: org/apache/spark/log4j2-defaults.properties","logger":"task.stderr"}
{"timestamp":"2026-07-03T10:45:22.374847Z","level":"error","event":"26/07/03 16:15:22 WARN Utils: Your hostname, Burugulas-MacBook-Air.local, resolves to a loopback address: 127.0.0.1; using 192.168.0.107 instead (on interface en0)","logger":"task.stderr"}
{"timestamp":"2026-07-03T10:45:22.375850Z","level":"error","event":"26/07/03 16:15:22 WARN Utils: Set SPARK_LOCAL_IP if you need to bind to another address","logger":"task.stderr"}
{"timestamp":"2026-07-03T10:45:22.504770Z","level":"error","event":"Using Spark's default log4j profile: org/apache/spark/log4j2-defaults.properties","logger":"task.stderr"}
{"timestamp":"2026-07-03T10:45:22.504916Z","level":"error","event":"Setting default log level to \"WARN\".","logger":"task.stderr"}
{"timestamp":"2026-07-03T10:45:22.504947Z","level":"error","event":"To adjust logging level use sc.setLogLevel(newLevel). For SparkR, use setLogLevel(newLevel).","logger":"task.stderr"}
{"timestamp":"2026-07-03T10:45:22.682394Z","level":"error","event":"26/07/03 16:15:22 WARN NativeCodeLoader: Unable to load native-hadoop library for your platform... using builtin-java classes where applicable","logger":"task.stderr"}
{"timestamp":"2026-07-03T10:45:25.592881Z","level":"error","event":"26/07/03 16:15:25 WARN CSVHeaderChecker: CSV header does not conform to the schema.","logger":"task.stderr"}
{"timestamp":"2026-07-03T10:45:25.593028Z","level":"error","event":" Header: , Player, Span, Mat, Inns, NO, Runs, HS, Ave, BF, SR, 100, 50, 0, Unnamed: 13","logger":"task.stderr"}
{"timestamp":"2026-07-03T10:45:25.593080Z","level":"error","event":" Schema: _c0, Player, Span, Mat, Inns, NO, Runs, HS, Ave, BF, SR, 100, 50, 0, Unnamed: 13","logger":"task.stderr"}
{"timestamp":"2026-07-03T10:45:25.593124Z","level":"error","event":"Expected: _c0 but found:","logger":"task.stderr"}
{"timestamp":"2026-07-03T10:45:25.593168Z","level":"error","event":"CSV file: file:///Users/burugula.sasank/airflow/dags/file_stores/api_dump/cric_data/Batting/ODI%20data.csv","logger":"task.stderr"}
{"timestamp":"2026-07-03T10:45:26.027740Z","level":"error","event":"26/07/03 16:15:26 WARN CSVHeaderChecker: CSV header does not conform to the schema.","logger":"task.stderr"}
{"timestamp":"2026-07-03T10:45:26.027851Z","level":"error","event":" Header: , Player, Span, Mat, Inns, NO, Runs, HS, Ave, BF, SR, 100, 50, 0, 4s, 6s, Unnamed: 15","logger":"task.stderr"}
{"timestamp":"2026-07-03T10:45:26.027880Z","level":"error","event":" Schema: _c0, Player, Span, Mat, Inns, NO, Runs, HS, Ave, BF, SR, 100, 50, 0, 4s, 6s, Unnamed: 15","logger":"task.stderr"}
{"timestamp":"2026-07-03T10:45:26.027904Z","level":"error","event":"Expected: _c0 but found:","logger":"task.stderr"}
{"timestamp":"2026-07-03T10:45:26.027926Z","level":"error","event":"CSV file: file:///Users/burugula.sasank/airflow/dags/file_stores/api_dump/cric_data/Batting/t20.csv","logger":"task.stderr"}
{"timestamp":"2026-07-03T10:45:26.207227Z","level":"error","event":"26/07/03 16:15:26 WARN CSVHeaderChecker: CSV header does not conform to the schema.","logger":"task.stderr"}
{"timestamp":"2026-07-03T10:45:26.207461Z","level":"error","event":" Header: , Player, Span, Mat, Inns, NO, Runs, HS, Ave, 100, 50, 0, Unnamed: 11","logger":"task.stderr"}
{"timestamp":"2026-07-03T10:45:26.207512Z","level":"error","event":" Schema: _c0, Player, Span, Mat, Inns, NO, Runs, HS, Ave, 100, 50, 0, Unnamed: 11","logger":"task.stderr"}
{"timestamp":"2026-07-03T10:45:26.207539Z","level":"error","event":"Expected: _c0 but found:","logger":"task.stderr"}
{"timestamp":"2026-07-03T10:45:26.207563Z","level":"error","event":"CSV file: file:///Users/burugula.sasank/airflow/dags/file_stores/api_dump/cric_data/Batting/test.csv","logger":"task.stderr"}
{"timestamp":"2026-07-03T10:45:26.392351Z","level":"error","event":"26/07/03 16:15:26 WARN CSVHeaderChecker: CSV header does not conform to the schema.","logger":"task.stderr"}
{"timestamp":"2026-07-03T10:45:26.392476Z","level":"error","event":" Header: , Player, Span, Mat, Inns, Balls, Runs, Wkts, BBI, Ave, Econ, SR, 4, 5, Unnamed: 13","logger":"task.stderr"}
{"timestamp":"2026-07-03T10:45:26.392509Z","level":"error","event":" Schema: _c0, Player, Span, Mat, Inns, Balls, Runs, Wkts, BBI, Ave, Econ, SR, 4, 5, Unnamed: 13","logger":"task.stderr"}
{"timestamp":"2026-07-03T10:45:26.392534Z","level":"error","event":"Expected: _c0 but found:","logger":"task.stderr"}
{"timestamp":"2026-07-03T10:45:26.392557Z","level":"error","event":"CSV file: file:///Users/burugula.sasank/airflow/dags/file_stores/api_dump/cric_data/Bowling/Bowling_ODI.csv","logger":"task.stderr"}
{"timestamp":"2026-07-03T10:45:26.585345Z","level":"error","event":"26/07/03 16:15:26 WARN CSVHeaderChecker: CSV header does not conform to the schema.","logger":"task.stderr"}
{"timestamp":"2026-07-03T10:45:26.585511Z","level":"error","event":" Header: , Player, Span, Mat, Inns, Overs, Mdns, Runs, Wkts, BBI, Ave, Econ, SR, 4, 5, Unnamed: 14","logger":"task.stderr"}
{"timestamp":"2026-07-03T10:45:26.585567Z","level":"error","event":" Schema: _c0, Player, Span, Mat, Inns, Overs, Mdns, Runs, Wkts, BBI, Ave, Econ, SR, 4, 5, Unnamed: 14","logger":"task.stderr"}
{"timestamp":"2026-07-03T10:45:26.585619Z","level":"error","event":"Expected: _c0 but found:","logger":"task.stderr"}
{"timestamp":"2026-07-03T10:45:26.585668Z","level":"error","event":"CSV file: file:///Users/burugula.sasank/airflow/dags/file_stores/api_dump/cric_data/Bowling/Bowling_t20.csv","logger":"task.stderr"}
{"timestamp":"2026-07-03T10:45:26.761034Z","level":"error","event":"26/07/03 16:15:26 WARN CSVHeaderChecker: CSV header does not conform to the schema.","logger":"task.stderr"}
{"timestamp":"2026-07-03T10:45:26.761195Z","level":"error","event":" Header: , Player, Span, Mat, Inns, Balls, Runs, Wkts, BBI, BBM, Ave, Econ, SR, 5, 10, Unnamed: 14","logger":"task.stderr"}
{"timestamp":"2026-07-03T10:45:26.761247Z","level":"error","event":" Schema: _c0, Player, Span, Mat, Inns, Balls, Runs, Wkts, BBI, BBM, Ave, Econ, SR, 5, 10, Unnamed: 14","logger":"task.stderr"}
{"timestamp":"2026-07-03T10:45:26.761293Z","level":"error","event":"Expected: _c0 but found:","logger":"task.stderr"}
{"timestamp":"2026-07-03T10:45:26.761337Z","level":"error","event":"CSV file: file:///Users/burugula.sasank/airflow/dags/file_stores/api_dump/cric_data/Bowling/Bowling_test.csv","logger":"task.stderr"}
{"timestamp":"2026-07-03T10:45:26.932610Z","level":"error","event":"26/07/03 16:15:26 WARN CSVHeaderChecker: CSV header does not conform to the schema.","logger":"task.stderr"}
{"timestamp":"2026-07-03T10:45:26.932735Z","level":"error","event":" Header: , Player, Span, Mat, Inns, Dis, Ct, St, Ct Wk, Ct Fi, MD, D/I, Unnamed: 11","logger":"task.stderr"}
{"timestamp":"2026-07-03T10:45:26.932766Z","level":"error","event":" Schema: _c0, Player, Span, Mat, Inns, Dis, Ct, St, Ct Wk, Ct Fi, MD, D/I, Unnamed: 11","logger":"task.stderr"}
{"timestamp":"2026-07-03T10:45:26.932790Z","level":"error","event":"Expected: _c0 but found:","logger":"task.stderr"}
{"timestamp":"2026-07-03T10:45:26.932817Z","level":"error","event":"CSV file: file:///Users/burugula.sasank/airflow/dags/file_stores/api_dump/cric_data/Fielding/Fielding_ODI.csv","logger":"task.stderr"}
{"timestamp":"2026-07-03T10:45:27.077773Z","level":"error","event":"26/07/03 16:15:27 WARN CSVHeaderChecker: CSV header does not conform to the schema.","logger":"task.stderr"}
{"timestamp":"2026-07-03T10:45:27.077924Z","level":"error","event":" Header: , Player, Span, Mat, Inns, Dis, Ct, St, Ct Wk, Ct Fi, MD, D/I, Unnamed: 11","logger":"task.stderr"}
{"timestamp":"2026-07-03T10:45:27.077975Z","level":"error","event":" Schema: _c0, Player, Span, Mat, Inns, Dis, Ct, St, Ct Wk, Ct Fi, MD, D/I, Unnamed: 11","logger":"task.stderr"}
{"timestamp":"2026-07-03T10:45:27.078019Z","level":"error","event":"Expected: _c0 but found:","logger":"task.stderr"}
{"timestamp":"2026-07-03T10:45:27.078067Z","level":"error","event":"CSV file: file:///Users/burugula.sasank/airflow/dags/file_stores/api_dump/cric_data/Fielding/Fielding_t20.csv","logger":"task.stderr"}
{"timestamp":"2026-07-03T10:45:27.205073Z","level":"error","event":"26/07/03 16:15:27 WARN CSVHeaderChecker: CSV header does not conform to the schema.","logger":"task.stderr"}
{"timestamp":"2026-07-03T10:45:27.205261Z","level":"error","event":" Header: , Player, Span, Mat, Inns, Dis, Ct, St, Ct Wk, Ct Fi, MD, D/I, Unnamed: 11","logger":"task.stderr"}
{"timestamp":"2026-07-03T10:45:27.205323Z","level":"error","event":" Schema: _c0, Player, Span, Mat, Inns, Dis, Ct, St, Ct Wk, Ct Fi, MD, D/I, Unnamed: 11","logger":"task.stderr"}
{"timestamp":"2026-07-03T10:45:27.205379Z","level":"error","event":"Expected: _c0 but found:","logger":"task.stderr"}
{"timestamp":"2026-07-03T10:45:27.205434Z","level":"error","event":"CSV file: file:///Users/burugula.sasank/airflow/dags/file_stores/api_dump/cric_data/Fielding/Fielding_test.csv","logger":"task.stderr"}
{"timestamp":"2026-07-03T10:45:27.294422Z","level":"error","event":"26/07/03 16:15:27 WARN CSVHeaderChecker: CSV header does not conform to the schema.","logger":"task.stderr"}
{"timestamp":"2026-07-03T10:45:27.294614Z","level":"error","event":" Header: , Player, Span, Mat, Inns, NO, Runs, HS, Ave, BF, SR, 100, 50, 0, Unnamed: 13","logger":"task.stderr"}
{"timestamp":"2026-07-03T10:45:27.294688Z","level":"error","event":" Schema: _c0, Player, Span, Mat, Inns, NO, Runs, HS, Ave, BF, SR, 100, 50, 0, Unnamed: 13","logger":"task.stderr"}
{"timestamp":"2026-07-03T10:45:27.294718Z","level":"error","event":"Expected: _c0 but found:","logger":"task.stderr"}
{"timestamp":"2026-07-03T10:45:27.294742Z","level":"error","event":"CSV file: file:///Users/burugula.sasank/airflow/dags/file_stores/api_dump/cric_data/Batting/ODI%20data.csv","logger":"task.stderr"}
{"timestamp":"2026-07-03T10:45:27.842448Z","level":"info","event":"Sample Data (ODI Batsmen):","logger":"task.stdout"}
{"timestamp":"2026-07-03T10:45:27.842562Z","level":"info","event":"+---+--------------------+---------+---+----+---+-----+----+-----+-----+-----+---+---+---+-----------+","logger":"task.stdout"}
{"timestamp":"2026-07-03T10:45:27.842599Z","level":"info","event":"|_c0|              Player|     Span|Mat|Inns| NO| Runs|  HS|  Ave|   BF|   SR|100| 50|  0|Unnamed: 13|","logger":"task.stdout"}
{"timestamp":"2026-07-03T10:45:27.842627Z","level":"info","event":"+---+--------------------+---------+---+----+---+-----+----+-----+-----+-----+---+---+---+-----------+","logger":"task.stdout"}
{"timestamp":"2026-07-03T10:45:27.842652Z","level":"info","event":"|  0|SR Tendulkar (INDIA)|1989-2012|463| 452| 41|18426|200*|44.83|21367|86.23| 49| 96| 20|       NULL|","logger":"task.stdout"}
{"timestamp":"2026-07-03T10:45:27.842675Z","level":"info","event":"|  1|KC Sangakkara (As...|2000-2015|404| 380| 41|14234| 169|41.98|18048|78.86| 25| 93| 15|       NULL|","logger":"task.stdout"}
{"timestamp":"2026-07-03T10:45:27.842698Z","level":"info","event":"+---+--------------------+---------+---+----+---+-----+----+-----+-----+-----+---+---+---+-----------+","logger":"task.stdout"}
{"timestamp":"2026-07-03T10:45:27.842730Z","level":"info","event":"only showing top 2 rows","logger":"task.stdout"}
{"timestamp":"2026-07-03T10:45:27.862514Z","level":"info","event":"Bronze Ingestion Success","logger":"task.stdout"}
{"timestamp":"2026-07-03T10:45:27.862876Z","level":"info","event":"Done. Returned value was: ","dag_id":"dag_data","map_index":-1,"ti_id":"019f2795-2db0-7f14-941e-8de733a8f8d9","try_number":1,"task_id":"ingest_data_to_filesystem","run_id":"manual__2026-07-03T10:45:15.804637+00:00","logger":"airflow.task.operators.airflow.providers.standard.decorators.python._PythonDecoratedOperator","filename":"python.py","lineno":233}
{"timestamp":"2026-07-03T10:45:27.863163Z","level":"info","event":"::group::Post Execute","dag_id":"dag_data","map_index":-1,"ti_id":"019f2795-2db0-7f14-941e-8de733a8f8d9","try_number":1,"task_id":"ingest_data_to_filesystem","run_id":"manual__2026-07-03T10:45:15.804637+00:00","logger":"task","filename":"task_runner.py","lineno":1288}
{"timestamp":"2026-07-03T10:45:27.863455Z","level":"info","event":"Pushing xcom","ti":"RuntimeTaskInstance(id=UUID('019f2795-2db0-7f14-941e-8de733a8f8d9'), task_id='ingest_data_to_filesystem', dag_id='dag_data', run_id='manual__2026-07-03T10:45:15.804637+00:00', try_number=1, dag_version_id=UUID('019f25ad-46c6-7fd0-85e3-80d02836df93'), map_index=-1, hostname='burugulas-macbook-air.local', context_carrier={'traceparent': '00-9f0250a1dfaa50ec0f0908de9a40d60e-460bab6554924ab7-01'}, task=<Task(_PythonDecoratedOperator): ingest_data_to_filesystem>, bundle_instance=LocalDagBundle(name=dags-folder), max_tries=0, start_date=datetime.datetime(2026, 7, 3, 10, 45, 21, 126225, tzinfo=datetime.timezone.utc), end_date=None, state=<TaskInstanceState.RUNNING: 'running'>, is_mapped=False, rendered_map_index=None, sentry_integration='')","dag_id":"dag_data","map_index":-1,"ti_id":"019f2795-2db0-7f14-941e-8de733a8f8d9","try_number":1,"task_id":"ingest_data_to_filesystem","run_id":"manual__2026-07-03T10:45:15.804637+00:00","logger":"task","filename":"task_runner.py","lineno":1791}
{"timestamp":"2026-07-03T10:45:27.872446Z","level":"info","event":"::endgroup::","dag_id":"dag_data","map_index":-1,"ti_id":"019f2795-2db0-7f14-941e-8de733a8f8d9","try_number":1,"task_id":"ingest_data_to_filesystem","run_id":"manual__2026-07-03T10:45:15.804637+00:00","logger":"task","filename":"task_runner.py","lineno":1896}
