{"timestamp":"2026-07-04T10:14:40.750086Z","level":"info","event":"2026-07-04T10:14:40.749968Z [info     ] ::group::Pre Execute           [task] loc=task_runner.py:1926","logger":"task.stdout"}
{"timestamp":"2026-07-04T10:14:40.838821Z","level":"info","event":"setup plugin alembic.autogenerate.schemas","logger":"alembic.runtime.plugins","try_number":1,"task_id":"ingest_data_to_filesystem","dag_id":"dag_data","run_id":"manual__2026-07-04T10:14:35.964753+00:00","ti_id":"019f2c9f-76c9-7d1b-be5c-83269936acb5","map_index":-1,"filename":"plugins.py","lineno":37}
{"timestamp":"2026-07-04T10:14:40.838897Z","level":"info","event":"setup plugin alembic.autogenerate.tables","logger":"alembic.runtime.plugins","try_number":1,"task_id":"ingest_data_to_filesystem","dag_id":"dag_data","run_id":"manual__2026-07-04T10:14:35.964753+00:00","ti_id":"019f2c9f-76c9-7d1b-be5c-83269936acb5","map_index":-1,"filename":"plugins.py","lineno":37}
{"timestamp":"2026-07-04T10:14:40.838928Z","level":"info","event":"setup plugin alembic.autogenerate.types","logger":"alembic.runtime.plugins","try_number":1,"task_id":"ingest_data_to_filesystem","dag_id":"dag_data","run_id":"manual__2026-07-04T10:14:35.964753+00:00","ti_id":"019f2c9f-76c9-7d1b-be5c-83269936acb5","map_index":-1,"filename":"plugins.py","lineno":37}
{"timestamp":"2026-07-04T10:14:40.838951Z","level":"info","event":"setup plugin alembic.autogenerate.constraints","logger":"alembic.runtime.plugins","try_number":1,"task_id":"ingest_data_to_filesystem","dag_id":"dag_data","run_id":"manual__2026-07-04T10:14:35.964753+00:00","ti_id":"019f2c9f-76c9-7d1b-be5c-83269936acb5","map_index":-1,"filename":"plugins.py","lineno":37}
{"timestamp":"2026-07-04T10:14:40.838970Z","level":"info","event":"setup plugin alembic.autogenerate.defaults","logger":"alembic.runtime.plugins","try_number":1,"task_id":"ingest_data_to_filesystem","dag_id":"dag_data","run_id":"manual__2026-07-04T10:14:35.964753+00:00","ti_id":"019f2c9f-76c9-7d1b-be5c-83269936acb5","map_index":-1,"filename":"plugins.py","lineno":37}
{"timestamp":"2026-07-04T10:14:40.838991Z","level":"info","event":"setup plugin alembic.autogenerate.comments","logger":"alembic.runtime.plugins","try_number":1,"task_id":"ingest_data_to_filesystem","dag_id":"dag_data","run_id":"manual__2026-07-04T10:14:35.964753+00:00","ti_id":"019f2c9f-76c9-7d1b-be5c-83269936acb5","map_index":-1,"filename":"plugins.py","lineno":37}
{"timestamp":"2026-07-04T10:14:40.880428Z","level":"info","event":"DAG bundles loaded: dags-folder","try_number":1,"task_id":"ingest_data_to_filesystem","dag_id":"dag_data","run_id":"manual__2026-07-04T10:14:35.964753+00:00","ti_id":"019f2c9f-76c9-7d1b-be5c-83269936acb5","map_index":-1,"logger":"airflow.dag_processing.bundles.manager.DagBundlesManager","filename":"manager.py","lineno":209}
{"timestamp":"2026-07-04T10:14:40.880618Z","level":"info","event":"Filling up the DagBag from /Users/burugula.sasank/airflow/dags/etl_scheduler.py","try_number":1,"task_id":"ingest_data_to_filesystem","dag_id":"dag_data","run_id":"manual__2026-07-04T10:14:35.964753+00:00","ti_id":"019f2c9f-76c9-7d1b-be5c-83269936acb5","map_index":-1,"logger":"airflow.dag_processing.dagbag.BundleDagBag","filename":"dagbag.py","lineno":469}
{"timestamp":"2026-07-04T10:14:40.911070Z","level":"warning","event":"The `airflow.decorators.task` attribute is deprecated. Please use `'airflow.sdk.task'`.","category":"UserWarning","filename":"/Users/burugula.sasank/airflow/dags/etl_scheduler.py","lineno":1,"try_number":1,"task_id":"ingest_data_to_filesystem","dag_id":"dag_data","run_id":"manual__2026-07-04T10:14:35.964753+00:00","ti_id":"019f2c9f-76c9-7d1b-be5c-83269936acb5","map_index":-1,"logger":"py.warnings"}
{"timestamp":"2026-07-04T10:14:40.911115Z","level":"warning","event":"The `airflow.decorators.dag` attribute is deprecated. Please use `'airflow.sdk.dag'`.","category":"UserWarning","filename":"/Users/burugula.sasank/airflow/dags/etl_scheduler.py","lineno":1,"try_number":1,"task_id":"ingest_data_to_filesystem","dag_id":"dag_data","run_id":"manual__2026-07-04T10:14:35.964753+00:00","ti_id":"019f2c9f-76c9-7d1b-be5c-83269936acb5","map_index":-1,"logger":"py.warnings"}
{"timestamp":"2026-07-04T10:14:40.911139Z","level":"warning","event":"The `airflow.hooks.base.BaseHook` attribute is deprecated. Please use `'airflow.sdk.bases.hook.BaseHook'`.","category":"UserWarning","filename":"/Users/burugula.sasank/airflow/dags/etl_scheduler.py","lineno":2,"try_number":1,"task_id":"ingest_data_to_filesystem","dag_id":"dag_data","run_id":"manual__2026-07-04T10:14:35.964753+00:00","ti_id":"019f2c9f-76c9-7d1b-be5c-83269936acb5","map_index":-1,"logger":"py.warnings"}
{"timestamp":"2026-07-04T10:14:40.926268Z","level":"info","event":"::endgroup::","try_number":1,"task_id":"ingest_data_to_filesystem","dag_id":"dag_data","run_id":"manual__2026-07-04T10:14:35.964753+00:00","ti_id":"019f2c9f-76c9-7d1b-be5c-83269936acb5","map_index":-1,"logger":"task","filename":"task_runner.py","lineno":1727}
{"timestamp":"2026-07-04T10:14:41.252098Z","level":"error","event":"WARNING: Using incubator modules: jdk.incubator.vector","logger":"task.stderr"}
{"timestamp":"2026-07-04T10:14:41.662718Z","level":"error","event":"Using Spark's default log4j profile: org/apache/spark/log4j2-defaults.properties","logger":"task.stderr"}
{"timestamp":"2026-07-04T10:14:41.668781Z","level":"error","event":"26/07/04 15:44:41 WARN Utils: Your hostname, Burugulas-MacBook-Air.local, resolves to a loopback address: 127.0.0.1; using 192.168.0.107 instead (on interface en0)","logger":"task.stderr"}
{"timestamp":"2026-07-04T10:14:41.669823Z","level":"error","event":"26/07/04 15:44:41 WARN Utils: Set SPARK_LOCAL_IP if you need to bind to another address","logger":"task.stderr"}
{"timestamp":"2026-07-04T10:14:41.819118Z","level":"error","event":"Using Spark's default log4j profile: org/apache/spark/log4j2-defaults.properties","logger":"task.stderr"}
{"timestamp":"2026-07-04T10:14:41.819263Z","level":"error","event":"Setting default log level to \"WARN\".","logger":"task.stderr"}
{"timestamp":"2026-07-04T10:14:41.819295Z","level":"error","event":"To adjust logging level use sc.setLogLevel(newLevel). For SparkR, use setLogLevel(newLevel).","logger":"task.stderr"}
{"timestamp":"2026-07-04T10:14:41.932176Z","level":"error","event":"26/07/04 15:44:41 WARN NativeCodeLoader: Unable to load native-hadoop library for your platform... using builtin-java classes where applicable","logger":"task.stderr"}
{"timestamp":"2026-07-04T10:14:44.727605Z","level":"error","event":"26/07/04 15:44:44 WARN CSVHeaderChecker: CSV header does not conform to the schema.","logger":"task.stderr"}
{"timestamp":"2026-07-04T10:14:44.727710Z","level":"error","event":" Header: , Player, Span, Mat, Inns, NO, Runs, HS, Ave, BF, SR, 100, 50, 0, Unnamed: 13","logger":"task.stderr"}
{"timestamp":"2026-07-04T10:14:44.727740Z","level":"error","event":" Schema: _c0, Player, Span, Mat, Inns, NO, Runs, HS, Ave, BF, SR, 100, 50, 0, Unnamed: 13","logger":"task.stderr"}
{"timestamp":"2026-07-04T10:14:44.727762Z","level":"error","event":"Expected: _c0 but found:","logger":"task.stderr"}
{"timestamp":"2026-07-04T10:14:44.727783Z","level":"error","event":"CSV file: file:///Users/burugula.sasank/airflow/dags/file_stores/api_dump/cric_data/Batting/ODI%20data.csv","logger":"task.stderr"}
{"timestamp":"2026-07-04T10:14:45.173828Z","level":"error","event":"26/07/04 15:44:45 WARN CSVHeaderChecker: CSV header does not conform to the schema.","logger":"task.stderr"}
{"timestamp":"2026-07-04T10:14:45.173919Z","level":"error","event":" Header: , Player, Span, Mat, Inns, NO, Runs, HS, Ave, BF, SR, 100, 50, 0, 4s, 6s, Unnamed: 15","logger":"task.stderr"}
{"timestamp":"2026-07-04T10:14:45.173948Z","level":"error","event":" Schema: _c0, Player, Span, Mat, Inns, NO, Runs, HS, Ave, BF, SR, 100, 50, 0, 4s, 6s, Unnamed: 15","logger":"task.stderr"}
{"timestamp":"2026-07-04T10:14:45.173971Z","level":"error","event":"Expected: _c0 but found:","logger":"task.stderr"}
{"timestamp":"2026-07-04T10:14:45.173992Z","level":"error","event":"CSV file: file:///Users/burugula.sasank/airflow/dags/file_stores/api_dump/cric_data/Batting/t20.csv","logger":"task.stderr"}
{"timestamp":"2026-07-04T10:14:45.337122Z","level":"error","event":"26/07/04 15:44:45 WARN CSVHeaderChecker: CSV header does not conform to the schema.","logger":"task.stderr"}
{"timestamp":"2026-07-04T10:14:45.337233Z","level":"error","event":" Header: , Player, Span, Mat, Inns, NO, Runs, HS, Ave, 100, 50, 0, Unnamed: 11","logger":"task.stderr"}
{"timestamp":"2026-07-04T10:14:45.337262Z","level":"error","event":" Schema: _c0, Player, Span, Mat, Inns, NO, Runs, HS, Ave, 100, 50, 0, Unnamed: 11","logger":"task.stderr"}
{"timestamp":"2026-07-04T10:14:45.337285Z","level":"error","event":"Expected: _c0 but found:","logger":"task.stderr"}
{"timestamp":"2026-07-04T10:14:45.337305Z","level":"error","event":"CSV file: file:///Users/burugula.sasank/airflow/dags/file_stores/api_dump/cric_data/Batting/test.csv","logger":"task.stderr"}
{"timestamp":"2026-07-04T10:14:45.482721Z","level":"error","event":"26/07/04 15:44:45 WARN CSVHeaderChecker: CSV header does not conform to the schema.","logger":"task.stderr"}
{"timestamp":"2026-07-04T10:14:45.482823Z","level":"error","event":" Header: , Player, Span, Mat, Inns, Balls, Runs, Wkts, BBI, Ave, Econ, SR, 4, 5, Unnamed: 13","logger":"task.stderr"}
{"timestamp":"2026-07-04T10:14:45.482852Z","level":"error","event":" Schema: _c0, Player, Span, Mat, Inns, Balls, Runs, Wkts, BBI, Ave, Econ, SR, 4, 5, Unnamed: 13","logger":"task.stderr"}
{"timestamp":"2026-07-04T10:14:45.482874Z","level":"error","event":"Expected: _c0 but found:","logger":"task.stderr"}
{"timestamp":"2026-07-04T10:14:45.482894Z","level":"error","event":"CSV file: file:///Users/burugula.sasank/airflow/dags/file_stores/api_dump/cric_data/Bowling/Bowling_ODI.csv","logger":"task.stderr"}
{"timestamp":"2026-07-04T10:14:45.623765Z","level":"error","event":"26/07/04 15:44:45 WARN CSVHeaderChecker: CSV header does not conform to the schema.","logger":"task.stderr"}
{"timestamp":"2026-07-04T10:14:45.623886Z","level":"error","event":" Header: , Player, Span, Mat, Inns, Overs, Mdns, Runs, Wkts, BBI, Ave, Econ, SR, 4, 5, Unnamed: 14","logger":"task.stderr"}
{"timestamp":"2026-07-04T10:14:45.623918Z","level":"error","event":" Schema: _c0, Player, Span, Mat, Inns, Overs, Mdns, Runs, Wkts, BBI, Ave, Econ, SR, 4, 5, Unnamed: 14","logger":"task.stderr"}
{"timestamp":"2026-07-04T10:14:45.623940Z","level":"error","event":"Expected: _c0 but found:","logger":"task.stderr"}
{"timestamp":"2026-07-04T10:14:45.623961Z","level":"error","event":"CSV file: file:///Users/burugula.sasank/airflow/dags/file_stores/api_dump/cric_data/Bowling/Bowling_t20.csv","logger":"task.stderr"}
{"timestamp":"2026-07-04T10:14:45.772828Z","level":"error","event":"26/07/04 15:44:45 WARN CSVHeaderChecker: CSV header does not conform to the schema.","logger":"task.stderr"}
{"timestamp":"2026-07-04T10:14:45.773015Z","level":"error","event":" Header: , Player, Span, Mat, Inns, Balls, Runs, Wkts, BBI, BBM, Ave, Econ, SR, 5, 10, Unnamed: 14","logger":"task.stderr"}
{"timestamp":"2026-07-04T10:14:45.773059Z","level":"error","event":" Schema: _c0, Player, Span, Mat, Inns, Balls, Runs, Wkts, BBI, BBM, Ave, Econ, SR, 5, 10, Unnamed: 14","logger":"task.stderr"}
{"timestamp":"2026-07-04T10:14:45.773085Z","level":"error","event":"Expected: _c0 but found:","logger":"task.stderr"}
{"timestamp":"2026-07-04T10:14:45.773108Z","level":"error","event":"CSV file: file:///Users/burugula.sasank/airflow/dags/file_stores/api_dump/cric_data/Bowling/Bowling_test.csv","logger":"task.stderr"}
{"timestamp":"2026-07-04T10:14:45.914603Z","level":"error","event":"26/07/04 15:44:45 WARN CSVHeaderChecker: CSV header does not conform to the schema.","logger":"task.stderr"}
{"timestamp":"2026-07-04T10:14:45.914712Z","level":"error","event":" Header: , Player, Span, Mat, Inns, Dis, Ct, St, Ct Wk, Ct Fi, MD, D/I, Unnamed: 11","logger":"task.stderr"}
{"timestamp":"2026-07-04T10:14:45.914740Z","level":"error","event":" Schema: _c0, Player, Span, Mat, Inns, Dis, Ct, St, Ct Wk, Ct Fi, MD, D/I, Unnamed: 11","logger":"task.stderr"}
{"timestamp":"2026-07-04T10:14:45.914762Z","level":"error","event":"Expected: _c0 but found:","logger":"task.stderr"}
{"timestamp":"2026-07-04T10:14:45.914792Z","level":"error","event":"CSV file: file:///Users/burugula.sasank/airflow/dags/file_stores/api_dump/cric_data/Fielding/Fielding_ODI.csv","logger":"task.stderr"}
{"timestamp":"2026-07-04T10:14:46.046316Z","level":"error","event":"26/07/04 15:44:46 WARN CSVHeaderChecker: CSV header does not conform to the schema.","logger":"task.stderr"}
{"timestamp":"2026-07-04T10:14:46.046427Z","level":"error","event":" Header: , Player, Span, Mat, Inns, Dis, Ct, St, Ct Wk, Ct Fi, MD, D/I, Unnamed: 11","logger":"task.stderr"}
{"timestamp":"2026-07-04T10:14:46.046456Z","level":"error","event":" Schema: _c0, Player, Span, Mat, Inns, Dis, Ct, St, Ct Wk, Ct Fi, MD, D/I, Unnamed: 11","logger":"task.stderr"}
{"timestamp":"2026-07-04T10:14:46.046477Z","level":"error","event":"Expected: _c0 but found:","logger":"task.stderr"}
{"timestamp":"2026-07-04T10:14:46.046497Z","level":"error","event":"CSV file: file:///Users/burugula.sasank/airflow/dags/file_stores/api_dump/cric_data/Fielding/Fielding_t20.csv","logger":"task.stderr"}
{"timestamp":"2026-07-04T10:14:46.171927Z","level":"error","event":"26/07/04 15:44:46 WARN CSVHeaderChecker: CSV header does not conform to the schema.","logger":"task.stderr"}
{"timestamp":"2026-07-04T10:14:46.172036Z","level":"error","event":" Header: , Player, Span, Mat, Inns, Dis, Ct, St, Ct Wk, Ct Fi, MD, D/I, Unnamed: 11","logger":"task.stderr"}
{"timestamp":"2026-07-04T10:14:46.172064Z","level":"error","event":" Schema: _c0, Player, Span, Mat, Inns, Dis, Ct, St, Ct Wk, Ct Fi, MD, D/I, Unnamed: 11","logger":"task.stderr"}
{"timestamp":"2026-07-04T10:14:46.172085Z","level":"error","event":"Expected: _c0 but found:","logger":"task.stderr"}
{"timestamp":"2026-07-04T10:14:46.172105Z","level":"error","event":"CSV file: file:///Users/burugula.sasank/airflow/dags/file_stores/api_dump/cric_data/Fielding/Fielding_test.csv","logger":"task.stderr"}
{"timestamp":"2026-07-04T10:14:46.248791Z","level":"error","event":"26/07/04 15:44:46 WARN CSVHeaderChecker: CSV header does not conform to the schema.","logger":"task.stderr"}
{"timestamp":"2026-07-04T10:14:46.248908Z","level":"error","event":" Header: , Player, Span, Mat, Inns, NO, Runs, HS, Ave, BF, SR, 100, 50, 0, Unnamed: 13","logger":"task.stderr"}
{"timestamp":"2026-07-04T10:14:46.248937Z","level":"error","event":" Schema: _c0, Player, Span, Mat, Inns, NO, Runs, HS, Ave, BF, SR, 100, 50, 0, Unnamed: 13","logger":"task.stderr"}
{"timestamp":"2026-07-04T10:14:46.248959Z","level":"error","event":"Expected: _c0 but found:","logger":"task.stderr"}
{"timestamp":"2026-07-04T10:14:46.248980Z","level":"error","event":"CSV file: file:///Users/burugula.sasank/airflow/dags/file_stores/api_dump/cric_data/Batting/ODI%20data.csv","logger":"task.stderr"}
{"timestamp":"2026-07-04T10:14:46.507542Z","level":"info","event":"Sample Data (ODI Batsmen):","logger":"task.stdout"}
{"timestamp":"2026-07-04T10:14:46.507757Z","level":"info","event":"+---+--------------------+---------+---+----+---+-----+----+-----+-----+-----+---+---+---+-----------+","logger":"task.stdout"}
{"timestamp":"2026-07-04T10:14:46.507817Z","level":"info","event":"|_c0|              Player|     Span|Mat|Inns| NO| Runs|  HS|  Ave|   BF|   SR|100| 50|  0|Unnamed: 13|","logger":"task.stdout"}
{"timestamp":"2026-07-04T10:14:46.507872Z","level":"info","event":"+---+--------------------+---------+---+----+---+-----+----+-----+-----+-----+---+---+---+-----------+","logger":"task.stdout"}
{"timestamp":"2026-07-04T10:14:46.507920Z","level":"info","event":"|  0|SR Tendulkar (INDIA)|1989-2012|463| 452| 41|18426|200*|44.83|21367|86.23| 49| 96| 20|       NULL|","logger":"task.stdout"}
{"timestamp":"2026-07-04T10:14:46.507967Z","level":"info","event":"|  1|KC Sangakkara (As...|2000-2015|404| 380| 41|14234| 169|41.98|18048|78.86| 25| 93| 15|       NULL|","logger":"task.stdout"}
{"timestamp":"2026-07-04T10:14:46.508015Z","level":"info","event":"+---+--------------------+---------+---+----+---+-----+----+-----+-----+-----+---+---+---+-----------+","logger":"task.stdout"}
{"timestamp":"2026-07-04T10:14:46.508080Z","level":"info","event":"only showing top 2 rows","logger":"task.stdout"}
{"timestamp":"2026-07-04T10:14:46.538789Z","level":"info","event":"Bronze Ingestion Success","logger":"task.stdout"}
{"timestamp":"2026-07-04T10:14:46.539028Z","level":"info","event":"Done. Returned value was: ","try_number":1,"task_id":"ingest_data_to_filesystem","dag_id":"dag_data","run_id":"manual__2026-07-04T10:14:35.964753+00:00","ti_id":"019f2c9f-76c9-7d1b-be5c-83269936acb5","map_index":-1,"logger":"airflow.task.operators.airflow.providers.standard.decorators.python._PythonDecoratedOperator","filename":"python.py","lineno":233}
{"timestamp":"2026-07-04T10:14:46.539337Z","level":"info","event":"::group::Post Execute","try_number":1,"task_id":"ingest_data_to_filesystem","dag_id":"dag_data","run_id":"manual__2026-07-04T10:14:35.964753+00:00","ti_id":"019f2c9f-76c9-7d1b-be5c-83269936acb5","map_index":-1,"logger":"task","filename":"task_runner.py","lineno":1288}
{"timestamp":"2026-07-04T10:14:46.539610Z","level":"info","event":"Pushing xcom","ti":"RuntimeTaskInstance(id=UUID('019f2c9f-76c9-7d1b-be5c-83269936acb5'), task_id='ingest_data_to_filesystem', dag_id='dag_data', run_id='manual__2026-07-04T10:14:35.964753+00:00', try_number=1, dag_version_id=UUID('019f2c09-88cb-79f1-ada2-a2bc16a5412d'), map_index=-1, hostname='burugulas-macbook-air.local', context_carrier={'traceparent': '00-2f4b08670040b44d4e0ed5021ea1aba0-533726310fba2d7a-01'}, task=<Task(_PythonDecoratedOperator): ingest_data_to_filesystem>, bundle_instance=LocalDagBundle(name=dags-folder), max_tries=0, start_date=datetime.datetime(2026, 7, 4, 10, 14, 40, 317983, tzinfo=datetime.timezone.utc), end_date=None, state=<TaskInstanceState.RUNNING: 'running'>, is_mapped=False, rendered_map_index=None, sentry_integration='')","try_number":1,"task_id":"ingest_data_to_filesystem","dag_id":"dag_data","run_id":"manual__2026-07-04T10:14:35.964753+00:00","ti_id":"019f2c9f-76c9-7d1b-be5c-83269936acb5","map_index":-1,"logger":"task","filename":"task_runner.py","lineno":1791}
{"timestamp":"2026-07-04T10:14:46.554170Z","level":"info","event":"::endgroup::","try_number":1,"task_id":"ingest_data_to_filesystem","dag_id":"dag_data","run_id":"manual__2026-07-04T10:14:35.964753+00:00","ti_id":"019f2c9f-76c9-7d1b-be5c-83269936acb5","map_index":-1,"logger":"task","filename":"task_runner.py","lineno":1896}
