{"timestamp":"2026-07-01T13:39:41.092946Z","level":"info","event":"2026-07-01T13:39:41.092658Z [info     ] ::group::Pre Execute           [task] loc=task_runner.py:1926","logger":"task.stdout"}
{"timestamp":"2026-07-01T13:39:41.234178Z","level":"info","event":"setup plugin alembic.autogenerate.schemas","logger":"alembic.runtime.plugins","run_id":"manual__2026-07-01T13:39:34.857455+00:00","ti_id":"019f1de8-0d54-7bbb-87a5-d92013505b5d","dag_id":"dag_data","try_number":1,"task_id":"ingest_data_to_bronze","map_index":-1,"filename":"plugins.py","lineno":37}
{"timestamp":"2026-07-01T13:39:41.234282Z","level":"info","event":"setup plugin alembic.autogenerate.tables","logger":"alembic.runtime.plugins","run_id":"manual__2026-07-01T13:39:34.857455+00:00","ti_id":"019f1de8-0d54-7bbb-87a5-d92013505b5d","dag_id":"dag_data","try_number":1,"task_id":"ingest_data_to_bronze","map_index":-1,"filename":"plugins.py","lineno":37}
{"timestamp":"2026-07-01T13:39:41.234330Z","level":"info","event":"setup plugin alembic.autogenerate.types","logger":"alembic.runtime.plugins","run_id":"manual__2026-07-01T13:39:34.857455+00:00","ti_id":"019f1de8-0d54-7bbb-87a5-d92013505b5d","dag_id":"dag_data","try_number":1,"task_id":"ingest_data_to_bronze","map_index":-1,"filename":"plugins.py","lineno":37}
{"timestamp":"2026-07-01T13:39:41.234367Z","level":"info","event":"setup plugin alembic.autogenerate.constraints","logger":"alembic.runtime.plugins","run_id":"manual__2026-07-01T13:39:34.857455+00:00","ti_id":"019f1de8-0d54-7bbb-87a5-d92013505b5d","dag_id":"dag_data","try_number":1,"task_id":"ingest_data_to_bronze","map_index":-1,"filename":"plugins.py","lineno":37}
{"timestamp":"2026-07-01T13:39:41.234398Z","level":"info","event":"setup plugin alembic.autogenerate.defaults","logger":"alembic.runtime.plugins","run_id":"manual__2026-07-01T13:39:34.857455+00:00","ti_id":"019f1de8-0d54-7bbb-87a5-d92013505b5d","dag_id":"dag_data","try_number":1,"task_id":"ingest_data_to_bronze","map_index":-1,"filename":"plugins.py","lineno":37}
{"timestamp":"2026-07-01T13:39:41.234429Z","level":"info","event":"setup plugin alembic.autogenerate.comments","logger":"alembic.runtime.plugins","run_id":"manual__2026-07-01T13:39:34.857455+00:00","ti_id":"019f1de8-0d54-7bbb-87a5-d92013505b5d","dag_id":"dag_data","try_number":1,"task_id":"ingest_data_to_bronze","map_index":-1,"filename":"plugins.py","lineno":37}
{"timestamp":"2026-07-01T13:39:41.297730Z","level":"info","event":"DAG bundles loaded: dags-folder","run_id":"manual__2026-07-01T13:39:34.857455+00:00","ti_id":"019f1de8-0d54-7bbb-87a5-d92013505b5d","dag_id":"dag_data","try_number":1,"task_id":"ingest_data_to_bronze","map_index":-1,"logger":"airflow.dag_processing.bundles.manager.DagBundlesManager","filename":"manager.py","lineno":209}
{"timestamp":"2026-07-01T13:39:41.298002Z","level":"info","event":"Filling up the DagBag from /Users/burugula.sasank/airflow/dags/etl_scheduler.py","run_id":"manual__2026-07-01T13:39:34.857455+00:00","ti_id":"019f1de8-0d54-7bbb-87a5-d92013505b5d","dag_id":"dag_data","try_number":1,"task_id":"ingest_data_to_bronze","map_index":-1,"logger":"airflow.dag_processing.dagbag.BundleDagBag","filename":"dagbag.py","lineno":469}
{"timestamp":"2026-07-01T13:39:41.344919Z","level":"warning","event":"The `airflow.decorators.task` attribute is deprecated. Please use `'airflow.sdk.task'`.","category":"UserWarning","filename":"/Users/burugula.sasank/airflow/dags/etl_scheduler.py","lineno":1,"run_id":"manual__2026-07-01T13:39:34.857455+00:00","ti_id":"019f1de8-0d54-7bbb-87a5-d92013505b5d","dag_id":"dag_data","try_number":1,"task_id":"ingest_data_to_bronze","map_index":-1,"logger":"py.warnings"}
{"timestamp":"2026-07-01T13:39:41.344984Z","level":"warning","event":"The `airflow.decorators.dag` attribute is deprecated. Please use `'airflow.sdk.dag'`.","category":"UserWarning","filename":"/Users/burugula.sasank/airflow/dags/etl_scheduler.py","lineno":1,"run_id":"manual__2026-07-01T13:39:34.857455+00:00","ti_id":"019f1de8-0d54-7bbb-87a5-d92013505b5d","dag_id":"dag_data","try_number":1,"task_id":"ingest_data_to_bronze","map_index":-1,"logger":"py.warnings"}
{"timestamp":"2026-07-01T13:39:41.345018Z","level":"warning","event":"The `airflow.hooks.base.BaseHook` attribute is deprecated. Please use `'airflow.sdk.bases.hook.BaseHook'`.","category":"UserWarning","filename":"/Users/burugula.sasank/airflow/dags/etl_scheduler.py","lineno":2,"run_id":"manual__2026-07-01T13:39:34.857455+00:00","ti_id":"019f1de8-0d54-7bbb-87a5-d92013505b5d","dag_id":"dag_data","try_number":1,"task_id":"ingest_data_to_bronze","map_index":-1,"logger":"py.warnings"}
{"timestamp":"2026-07-01T13:39:41.360431Z","level":"info","event":"::endgroup::","run_id":"manual__2026-07-01T13:39:34.857455+00:00","ti_id":"019f1de8-0d54-7bbb-87a5-d92013505b5d","dag_id":"dag_data","try_number":1,"task_id":"ingest_data_to_bronze","map_index":-1,"logger":"task","filename":"task_runner.py","lineno":1727}
{"timestamp":"2026-07-01T13:39:41.793461Z","level":"error","event":"WARNING: Using incubator modules: jdk.incubator.vector","logger":"task.stderr"}
{"timestamp":"2026-07-01T13:39:42.367258Z","level":"error","event":"Using Spark's default log4j profile: org/apache/spark/log4j2-defaults.properties","logger":"task.stderr"}
{"timestamp":"2026-07-01T13:39:42.376629Z","level":"error","event":"26/07/01 19:09:42 WARN Utils: Your hostname, Burugulas-MacBook-Air.local, resolves to a loopback address: 127.0.0.1; using 192.168.0.106 instead (on interface en0)","logger":"task.stderr"}
{"timestamp":"2026-07-01T13:39:42.378269Z","level":"error","event":"26/07/01 19:09:42 WARN Utils: Set SPARK_LOCAL_IP if you need to bind to another address","logger":"task.stderr"}
{"timestamp":"2026-07-01T13:39:42.561060Z","level":"error","event":"Using Spark's default log4j profile: org/apache/spark/log4j2-defaults.properties","logger":"task.stderr"}
{"timestamp":"2026-07-01T13:39:42.561283Z","level":"error","event":"Setting default log level to \"WARN\".","logger":"task.stderr"}
{"timestamp":"2026-07-01T13:39:42.561402Z","level":"error","event":"To adjust logging level use sc.setLogLevel(newLevel). For SparkR, use setLogLevel(newLevel).","logger":"task.stderr"}
{"timestamp":"2026-07-01T13:39:42.712560Z","level":"error","event":"26/07/01 19:09:42 WARN NativeCodeLoader: Unable to load native-hadoop library for your platform... using builtin-java classes where applicable","logger":"task.stderr"}
{"timestamp":"2026-07-01T13:39:45.306893Z","level":"error","event":"26/07/01 19:09:45 WARN FileStreamSink: Assume no metadata directory. Error while looking for metadata directory in the path: /usr/local/airflow/include/file_stores/api_dump/cric_data/Batting/ODI data.csv.","logger":"task.stderr"}
{"timestamp":"2026-07-01T13:39:45.307027Z","level":"error","event":"java.io.FileNotFoundException: File /usr/local/airflow/include/file_stores/api_dump/cric_data/Batting/ODI data.csv does not exist","logger":"task.stderr"}
{"timestamp":"2026-07-01T13:39:45.307069Z","level":"error","event":"\tat org.apache.hadoop.fs.RawLocalFileSystem.deprecatedGetFileStatus(RawLocalFileSystem.java:980)","logger":"task.stderr"}
{"timestamp":"2026-07-01T13:39:45.307107Z","level":"error","event":"\tat org.apache.hadoop.fs.RawLocalFileSystem.getFileLinkStatusInternal(RawLocalFileSystem.java:1301)","logger":"task.stderr"}
{"timestamp":"2026-07-01T13:39:45.307141Z","level":"error","event":"\tat org.apache.hadoop.fs.RawLocalFileSystem.getFileStatus(RawLocalFileSystem.java:970)","logger":"task.stderr"}
{"timestamp":"2026-07-01T13:39:45.307170Z","level":"error","event":"\tat org.apache.hadoop.fs.FilterFileSystem.getFileStatus(FilterFileSystem.java:462)","logger":"task.stderr"}
{"timestamp":"2026-07-01T13:39:45.307197Z","level":"error","event":"\tat org.apache.spark.sql.execution.streaming.sinks.FileStreamSink$.hasMetadata(FileStreamSink.scala:58)","logger":"task.stderr"}
{"timestamp":"2026-07-01T13:39:45.307224Z","level":"error","event":"\tat org.apache.spark.sql.execution.datasources.DataSource.resolveRelation(DataSource.scala:384)","logger":"task.stderr"}
{"timestamp":"2026-07-01T13:39:45.307249Z","level":"error","event":"\tat org.apache.spark.sql.catalyst.analysis.ResolveDataSource.org$apache$spark$sql$catalyst$analysis$ResolveDataSource$$loadV1BatchSource(ResolveDataSource.scala:143)","logger":"task.stderr"}
{"timestamp":"2026-07-01T13:39:45.307286Z","level":"error","event":"\tat org.apache.spark.sql.catalyst.analysis.ResolveDataSource$$anonfun$apply$1.$anonfun$applyOrElse$2(ResolveDataSource.scala:61)","logger":"task.stderr"}
{"timestamp":"2026-07-01T13:39:45.307318Z","level":"error","event":"\tat scala.Option.getOrElse(Option.scala:201)","logger":"task.stderr"}
{"timestamp":"2026-07-01T13:39:45.307345Z","level":"error","event":"\tat org.apache.spark.sql.catalyst.analysis.ResolveDataSource$$anonfun$apply$1.applyOrElse(ResolveDataSource.scala:61)","logger":"task.stderr"}
{"timestamp":"2026-07-01T13:39:45.307370Z","level":"error","event":"\tat org.apache.spark.sql.catalyst.analysis.ResolveDataSource$$anonfun$apply$1.applyOrElse(ResolveDataSource.scala:45)","logger":"task.stderr"}
{"timestamp":"2026-07-01T13:39:45.307394Z","level":"error","event":"\tat org.apache.spark.sql.catalyst.plans.logical.AnalysisHelper.$anonfun$resolveOperatorsUpWithPruning$3(AnalysisHelper.scala:139)","logger":"task.stderr"}
{"timestamp":"2026-07-01T13:39:45.307417Z","level":"error","event":"\tat org.apache.spark.sql.catalyst.trees.CurrentOrigin$.withOrigin(origin.scala:107)","logger":"task.stderr"}
{"timestamp":"2026-07-01T13:39:45.307442Z","level":"error","event":"\tat org.apache.spark.sql.catalyst.plans.logical.AnalysisHelper.$anonfun$resolveOperatorsUpWithPruning$1(AnalysisHelper.scala:139)","logger":"task.stderr"}
{"timestamp":"2026-07-01T13:39:45.307465Z","level":"error","event":"\tat org.apache.spark.sql.catalyst.plans.logical.AnalysisHelper$.allowInvokingTransformsInAnalyzer(AnalysisHelper.scala:416)","logger":"task.stderr"}
{"timestamp":"2026-07-01T13:39:45.307491Z","level":"error","event":"\tat org.apache.spark.sql.catalyst.plans.logical.AnalysisHelper.resolveOperatorsUpWithPruning(AnalysisHelper.scala:135)","logger":"task.stderr"}
{"timestamp":"2026-07-01T13:39:45.307520Z","level":"error","event":"\tat org.apache.spark.sql.catalyst.plans.logical.AnalysisHelper.resolveOperatorsUpWithPruning$(AnalysisHelper.scala:131)","logger":"task.stderr"}
{"timestamp":"2026-07-01T13:39:45.307547Z","level":"error","event":"\tat org.apache.spark.sql.catalyst.plans.logical.LogicalPlan.resolveOperatorsUpWithPruning(LogicalPlan.scala:37)","logger":"task.stderr"}
{"timestamp":"2026-07-01T13:39:45.307571Z","level":"error","event":"\tat org.apache.spark.sql.catalyst.plans.logical.AnalysisHelper.resolveOperatorsUp(AnalysisHelper.scala:112)","logger":"task.stderr"}
{"timestamp":"2026-07-01T13:39:45.307600Z","level":"error","event":"\tat org.apache.spark.sql.catalyst.plans.logical.AnalysisHelper.resolveOperatorsUp$(AnalysisHelper.scala:111)","logger":"task.stderr"}
{"timestamp":"2026-07-01T13:39:45.307625Z","level":"error","event":"\tat org.apache.spark.sql.catalyst.plans.logical.LogicalPlan.resolveOperatorsUp(LogicalPlan.scala:37)","logger":"task.stderr"}
{"timestamp":"2026-07-01T13:39:45.307650Z","level":"error","event":"\tat org.apache.spark.sql.catalyst.analysis.ResolveDataSource.apply(ResolveDataSource.scala:45)","logger":"task.stderr"}
{"timestamp":"2026-07-01T13:39:45.307674Z","level":"error","event":"\tat org.apache.spark.sql.catalyst.analysis.ResolveDataSource.apply(ResolveDataSource.scala:43)","logger":"task.stderr"}
{"timestamp":"2026-07-01T13:39:45.307696Z","level":"error","event":"\tat org.apache.spark.sql.catalyst.rules.RuleExecutor.$anonfun$execute$2(RuleExecutor.scala:248)","logger":"task.stderr"}
{"timestamp":"2026-07-01T13:39:45.307721Z","level":"error","event":"\tat scala.collection.LinearSeqOps.foldLeft(LinearSeq.scala:183)","logger":"task.stderr"}
{"timestamp":"2026-07-01T13:39:45.307745Z","level":"error","event":"\tat scala.collection.LinearSeqOps.foldLeft$(LinearSeq.scala:179)","logger":"task.stderr"}
{"timestamp":"2026-07-01T13:39:45.307773Z","level":"error","event":"\tat scala.collection.immutable.List.foldLeft(List.scala:79)","logger":"task.stderr"}
{"timestamp":"2026-07-01T13:39:45.307797Z","level":"error","event":"\tat org.apache.spark.sql.catalyst.rules.RuleExecutor.$anonfun$execute$1(RuleExecutor.scala:245)","logger":"task.stderr"}
{"timestamp":"2026-07-01T13:39:45.307828Z","level":"error","event":"\tat org.apache.spark.sql.catalyst.rules.RuleExecutor.$anonfun$execute$1$adapted(RuleExecutor.scala:237)","logger":"task.stderr"}
{"timestamp":"2026-07-01T13:39:45.307853Z","level":"error","event":"\tat scala.collection.immutable.List.foreach(List.scala:323)","logger":"task.stderr"}
{"timestamp":"2026-07-01T13:39:45.307881Z","level":"error","event":"\tat org.apache.spark.sql.catalyst.rules.RuleExecutor.execute(RuleExecutor.scala:237)","logger":"task.stderr"}
{"timestamp":"2026-07-01T13:39:45.307907Z","level":"error","event":"\tat org.apache.spark.sql.catalyst.analysis.Analyzer.org$apache$spark$sql$catalyst$analysis$Analyzer$$executeSameContext(Analyzer.scala:343)","logger":"task.stderr"}
{"timestamp":"2026-07-01T13:39:45.307933Z","level":"error","event":"\tat org.apache.spark.sql.catalyst.analysis.Analyzer.$anonfun$execute$1(Analyzer.scala:339)","logger":"task.stderr"}
{"timestamp":"2026-07-01T13:39:45.307958Z","level":"error","event":"\tat org.apache.spark.sql.catalyst.analysis.AnalysisContext$.withNewAnalysisContext(Analyzer.scala:224)","logger":"task.stderr"}
{"timestamp":"2026-07-01T13:39:45.307982Z","level":"error","event":"\tat org.apache.spark.sql.catalyst.analysis.Analyzer.execute(Analyzer.scala:339)","logger":"task.stderr"}
{"timestamp":"2026-07-01T13:39:45.308006Z","level":"error","event":"\tat org.apache.spark.sql.catalyst.analysis.Analyzer.execute(Analyzer.scala:289)","logger":"task.stderr"}
{"timestamp":"2026-07-01T13:39:45.308030Z","level":"error","event":"\tat org.apache.spark.sql.catalyst.rules.RuleExecutor.$anonfun$executeAndTrack$1(RuleExecutor.scala:207)","logger":"task.stderr"}
{"timestamp":"2026-07-01T13:39:45.308152Z","level":"error","event":"\tat org.apache.spark.sql.catalyst.QueryPlanningTracker$.withTracker(QueryPlanningTracker.scala:89)","logger":"task.stderr"}
{"timestamp":"2026-07-01T13:39:45.308265Z","level":"error","event":"\tat org.apache.spark.sql.catalyst.rules.RuleExecutor.executeAndTrack(RuleExecutor.scala:207)","logger":"task.stderr"}
{"timestamp":"2026-07-01T13:39:45.308317Z","level":"error","event":"\tat org.apache.spark.sql.catalyst.analysis.resolver.HybridAnalyzer.resolveInFixedPoint(HybridAnalyzer.scala:236)","logger":"task.stderr"}
{"timestamp":"2026-07-01T13:39:45.308412Z","level":"error","event":"\tat org.apache.spark.sql.catalyst.analysis.resolver.HybridAnalyzer.$anonfun$apply$1(HybridAnalyzer.scala:91)","logger":"task.stderr"}
{"timestamp":"2026-07-01T13:39:45.308466Z","level":"error","event":"\tat org.apache.spark.sql.catalyst.analysis.resolver.HybridAnalyzer.withTrackedAnalyzerBridgeState(HybridAnalyzer.scala:122)","logger":"task.stderr"}
{"timestamp":"2026-07-01T13:39:45.308504Z","level":"error","event":"\tat org.apache.spark.sql.catalyst.analysis.resolver.HybridAnalyzer.apply(HybridAnalyzer.scala:84)","logger":"task.stderr"}
{"timestamp":"2026-07-01T13:39:45.308533Z","level":"error","event":"\tat org.apache.spark.sql.catalyst.analysis.Analyzer.$anonfun$executeAndCheck$1(Analyzer.scala:322)","logger":"task.stderr"}
{"timestamp":"2026-07-01T13:39:45.308562Z","level":"error","event":"\tat org.apache.spark.sql.catalyst.plans.logical.AnalysisHelper$.markInAnalyzer(AnalysisHelper.scala:423)","logger":"task.stderr"}
{"timestamp":"2026-07-01T13:39:45.308588Z","level":"error","event":"\tat org.apache.spark.sql.catalyst.analysis.Analyzer.executeAndCheck(Analyzer.scala:322)","logger":"task.stderr"}
{"timestamp":"2026-07-01T13:39:45.308616Z","level":"error","event":"\tat org.apache.spark.sql.execution.QueryExecution.$anonfun$lazyAnalyzed$2(QueryExecution.scala:139)","logger":"task.stderr"}
{"timestamp":"2026-07-01T13:39:45.308643Z","level":"error","event":"\tat org.apache.spark.sql.catalyst.QueryPlanningTracker.measurePhase(QueryPlanningTracker.scala:148)","logger":"task.stderr"}
{"timestamp":"2026-07-01T13:39:45.308668Z","level":"error","event":"\tat org.apache.spark.sql.execution.QueryExecution.$anonfun$executePhase$2(QueryExecution.scala:330)","logger":"task.stderr"}
{"timestamp":"2026-07-01T13:39:45.308700Z","level":"error","event":"\tat org.apache.spark.sql.execution.QueryExecution$.withInternalError(QueryExecution.scala:717)","logger":"task.stderr"}
{"timestamp":"2026-07-01T13:39:45.308725Z","level":"error","event":"\tat org.apache.spark.sql.execution.QueryExecution.$anonfun$executePhase$1(QueryExecution.scala:330)","logger":"task.stderr"}
{"timestamp":"2026-07-01T13:39:45.308750Z","level":"error","event":"\tat org.apache.spark.sql.SparkSession.withActive(SparkSession.scala:804)","logger":"task.stderr"}
{"timestamp":"2026-07-01T13:39:45.308776Z","level":"error","event":"\tat org.apache.spark.sql.execution.QueryExecution.executePhase(QueryExecution.scala:329)","logger":"task.stderr"}
{"timestamp":"2026-07-01T13:39:45.308800Z","level":"error","event":"\tat org.apache.spark.sql.execution.QueryExecution.$anonfun$lazyAnalyzed$1(QueryExecution.scala:139)","logger":"task.stderr"}
{"timestamp":"2026-07-01T13:39:45.308825Z","level":"error","event":"\tat scala.util.Try$.apply(Try.scala:217)","logger":"task.stderr"}
{"timestamp":"2026-07-01T13:39:45.308850Z","level":"error","event":"\tat org.apache.spark.util.Utils$.doTryWithCallerStacktrace(Utils.scala:1392)","logger":"task.stderr"}
{"timestamp":"2026-07-01T13:39:45.308873Z","level":"error","event":"\tat org.apache.spark.util.LazyTry.tryT$lzycompute(LazyTry.scala:46)","logger":"task.stderr"}
{"timestamp":"2026-07-01T13:39:45.308897Z","level":"error","event":"\tat org.apache.spark.util.LazyTry.tryT(LazyTry.scala:46)","logger":"task.stderr"}
{"timestamp":"2026-07-01T13:39:45.308923Z","level":"error","event":"\tat org.apache.spark.util.LazyTry.get(LazyTry.scala:58)","logger":"task.stderr"}
{"timestamp":"2026-07-01T13:39:45.308946Z","level":"error","event":"\tat org.apache.spark.sql.execution.QueryExecution.analyzed(QueryExecution.scala:150)","logger":"task.stderr"}
{"timestamp":"2026-07-01T13:39:45.308970Z","level":"error","event":"\tat org.apache.spark.sql.execution.QueryExecution.assertAnalyzed(QueryExecution.scala:90)","logger":"task.stderr"}
{"timestamp":"2026-07-01T13:39:45.308995Z","level":"error","event":"\tat org.apache.spark.sql.classic.Dataset$.$anonfun$ofRows$1(Dataset.scala:114)","logger":"task.stderr"}
{"timestamp":"2026-07-01T13:39:45.309025Z","level":"error","event":"\tat org.apache.spark.sql.SparkSession.withActive(SparkSession.scala:804)","logger":"task.stderr"}
{"timestamp":"2026-07-01T13:39:45.309049Z","level":"error","event":"\tat org.apache.spark.sql.classic.Dataset$.ofRows(Dataset.scala:112)","logger":"task.stderr"}
{"timestamp":"2026-07-01T13:39:45.309073Z","level":"error","event":"\tat org.apache.spark.sql.classic.DataFrameReader.load(DataFrameReader.scala:108)","logger":"task.stderr"}
{"timestamp":"2026-07-01T13:39:45.309098Z","level":"error","event":"\tat org.apache.spark.sql.classic.DataFrameReader.load(DataFrameReader.scala:57)","logger":"task.stderr"}
{"timestamp":"2026-07-01T13:39:45.309123Z","level":"error","event":"\tat org.apache.spark.sql.DataFrameReader.csv(DataFrameReader.scala:392)","logger":"task.stderr"}
{"timestamp":"2026-07-01T13:39:45.309149Z","level":"error","event":"\tat org.apache.spark.sql.classic.DataFrameReader.csv(DataFrameReader.scala:258)","logger":"task.stderr"}
{"timestamp":"2026-07-01T13:39:45.309172Z","level":"error","event":"\tat java.base/jdk.internal.reflect.NativeMethodAccessorImpl.invoke0(Native Method)","logger":"task.stderr"}
{"timestamp":"2026-07-01T13:39:45.309201Z","level":"error","event":"\tat java.base/jdk.internal.reflect.NativeMethodAccessorImpl.invoke(NativeMethodAccessorImpl.java:76)","logger":"task.stderr"}
{"timestamp":"2026-07-01T13:39:45.309226Z","level":"error","event":"\tat java.base/jdk.internal.reflect.DelegatingMethodAccessorImpl.invoke(DelegatingMethodAccessorImpl.java:52)","logger":"task.stderr"}
{"timestamp":"2026-07-01T13:39:45.309250Z","level":"error","event":"\tat java.base/java.lang.reflect.Method.invoke(Method.java:578)","logger":"task.stderr"}
{"timestamp":"2026-07-01T13:39:45.309273Z","level":"error","event":"\tat py4j.reflection.MethodInvoker.invoke(MethodInvoker.java:244)","logger":"task.stderr"}
{"timestamp":"2026-07-01T13:39:45.309300Z","level":"error","event":"\tat py4j.reflection.ReflectionEngine.invoke(ReflectionEngine.java:374)","logger":"task.stderr"}
{"timestamp":"2026-07-01T13:39:45.309328Z","level":"error","event":"\tat py4j.Gateway.invoke(Gateway.java:282)","logger":"task.stderr"}
{"timestamp":"2026-07-01T13:39:45.309354Z","level":"error","event":"\tat py4j.commands.AbstractCommand.invokeMethod(AbstractCommand.java:132)","logger":"task.stderr"}
{"timestamp":"2026-07-01T13:39:45.309382Z","level":"error","event":"\tat py4j.commands.CallCommand.execute(CallCommand.java:79)","logger":"task.stderr"}
{"timestamp":"2026-07-01T13:39:45.309404Z","level":"error","event":"\tat py4j.ClientServerConnection.waitForCommands(ClientServerConnection.java:184)","logger":"task.stderr"}
{"timestamp":"2026-07-01T13:39:45.309428Z","level":"error","event":"\tat py4j.ClientServerConnection.run(ClientServerConnection.java:108)","logger":"task.stderr"}
{"timestamp":"2026-07-01T13:39:45.309452Z","level":"error","event":"\tat java.base/java.lang.Thread.run(Thread.java:1589)","logger":"task.stderr"}
{"timestamp":"2026-07-01T13:39:45.326232Z","level":"error","event":"Traceback (most recent call last):","logger":"task.stderr"}
{"timestamp":"2026-07-01T13:39:45.326695Z","level":"error","event":"  File \"/Users/burugula.sasank/Desktop/Airflow/my_airflow/spark/notebooks/bronze_layer/ingest_data_to_bronze.py\", line 61, in <module>","logger":"task.stderr"}
{"timestamp":"2026-07-01T13:39:45.326815Z","level":"error","event":"    parse_file_contents()","logger":"task.stderr"}
{"timestamp":"2026-07-01T13:39:45.326856Z","level":"error","event":"    ~~~~~~~~~~~~~~~~~~~^^","logger":"task.stderr"}
{"timestamp":"2026-07-01T13:39:45.326886Z","level":"error","event":"  File \"/Users/burugula.sasank/Desktop/Airflow/my_airflow/spark/notebooks/bronze_layer/ingest_data_to_bronze.py\", line 31, in parse_file_contents","logger":"task.stderr"}
{"timestamp":"2026-07-01T13:39:45.326915Z","level":"error","event":"    df_batsmen_odi = spark.read.csv(\"/usr/local/airflow/include/file_stores/api_dump/cric_data/Batting/ODI data.csv\", inferSchema=True, header=True)","logger":"task.stderr"}
{"timestamp":"2026-07-01T13:39:45.326941Z","level":"error","event":"  File \"/Library/Frameworks/Python.framework/Versions/3.14/lib/python3.14/site-packages/pyspark/sql/readwriter.py\", line 838, in csv","logger":"task.stderr"}
{"timestamp":"2026-07-01T13:39:45.326966Z","level":"error","event":"    return self._df(self._jreader.csv(self._spark._sc._jvm.PythonUtils.toSeq(path)))","logger":"task.stderr"}
{"timestamp":"2026-07-01T13:39:45.326993Z","level":"error","event":"                    ~~~~~~~~~~~~~~~~~^^^^^^^^^^^^^^^^^^^^^^^^^^^^^^^^^^^^^^^^^^^^^^","logger":"task.stderr"}
{"timestamp":"2026-07-01T13:39:45.327018Z","level":"error","event":"  File \"/Library/Frameworks/Python.framework/Versions/3.14/lib/python3.14/site-packages/py4j/java_gateway.py\", line 1362, in __call__","logger":"task.stderr"}
{"timestamp":"2026-07-01T13:39:45.327042Z","level":"error","event":"    return_value = get_return_value(","logger":"task.stderr"}
{"timestamp":"2026-07-01T13:39:45.327066Z","level":"error","event":"        answer, self.gateway_client, self.target_id, self.name)","logger":"task.stderr"}
{"timestamp":"2026-07-01T13:39:45.327090Z","level":"error","event":"  File \"/Library/Frameworks/Python.framework/Versions/3.14/lib/python3.14/site-packages/pyspark/errors/exceptions/captured.py\", line 269, in deco","logger":"task.stderr"}
{"timestamp":"2026-07-01T13:39:45.327113Z","level":"error","event":"    raise converted from None","logger":"task.stderr"}
{"timestamp":"2026-07-01T13:39:45.327139Z","level":"error","event":"pyspark.errors.exceptions.captured.AnalysisException: [PATH_NOT_FOUND] Path does not exist: file:/usr/local/airflow/include/file_stores/api_dump/cric_data/Batting/ODI data.csv. SQLSTATE: 42K03","logger":"task.stderr"}
{"timestamp":"2026-07-01T13:39:45.349730Z","level":"error","event":"Task failed with exception","run_id":"manual__2026-07-01T13:39:34.857455+00:00","ti_id":"019f1de8-0d54-7bbb-87a5-d92013505b5d","dag_id":"dag_data","try_number":1,"task_id":"ingest_data_to_bronze","map_index":-1,"logger":"task","filename":"task_runner.py","lineno":1381,"error_detail":[{"exc_type":"CalledProcessError","exc_value":"Command '['python3', '/Users/burugula.sasank/Desktop/Airflow/my_airflow/spark/notebooks/bronze_layer/ingest_data_to_bronze.py']' returned non-zero exit status 1.","exc_notes":[],"syntax_error":null,"is_cause":false,"frames":[{"filename":"/Library/Frameworks/Python.framework/Versions/3.14/lib/python3.14/site-packages/airflow/sdk/execution_time/task_runner.py","lineno":1287,"name":"run"},{"filename":"/Library/Frameworks/Python.framework/Versions/3.14/lib/python3.14/site-packages/airflow/sdk/execution_time/task_runner.py","lineno":1745,"name":"_execute_task"},{"filename":"/Library/Frameworks/Python.framework/Versions/3.14/lib/python3.14/site-packages/airflow/sdk/bases/operator.py","lineno":443,"name":"wrapper"},{"filename":"/Library/Frameworks/Python.framework/Versions/3.14/lib/python3.14/site-packages/airflow/sdk/bases/decorator.py","lineno":398,"name":"execute"},{"filename":"/Library/Frameworks/Python.framework/Versions/3.14/lib/python3.14/site-packages/airflow/sdk/bases/operator.py","lineno":443,"name":"wrapper"},{"filename":"/Library/Frameworks/Python.framework/Versions/3.14/lib/python3.14/site-packages/airflow/providers/standard/operators/python.py","lineno":231,"name":"execute"},{"filename":"/Library/Frameworks/Python.framework/Versions/3.14/lib/python3.14/site-packages/airflow/providers/standard/operators/python.py","lineno":254,"name":"execute_callable"},{"filename":"/Library/Frameworks/Python.framework/Versions/3.14/lib/python3.14/site-packages/airflow/sdk/execution_time/callback_runner.py","lineno":97,"name":"run"},{"filename":"/Users/burugula.sasank/airflow/dags/etl_scheduler.py","lineno":51,"name":"ingest_data_to_bronze"},{"filename":"/Library/Frameworks/Python.framework/Versions/3.14/lib/python3.14/subprocess.py","lineno":578,"name":"run"}],"is_group":false,"exceptions":[]}]}
{"timestamp":"2026-07-01T13:39:45.350242Z","level":"info","event":"::group::Post Execute","run_id":"manual__2026-07-01T13:39:34.857455+00:00","ti_id":"019f1de8-0d54-7bbb-87a5-d92013505b5d","dag_id":"dag_data","try_number":1,"task_id":"ingest_data_to_bronze","map_index":-1,"logger":"task","filename":"task_runner.py","lineno":1382}
{"timestamp":"2026-07-01T13:39:45.351077Z","level":"info","event":"::endgroup::","run_id":"manual__2026-07-01T13:39:34.857455+00:00","ti_id":"019f1de8-0d54-7bbb-87a5-d92013505b5d","dag_id":"dag_data","try_number":1,"task_id":"ingest_data_to_bronze","map_index":-1,"logger":"task","filename":"task_runner.py","lineno":1896}
