{"timestamp":"2026-07-03T10:46:26.849867Z","level":"info","event":"2026-07-03T10:46:26.849751Z [info     ] ::group::Pre Execute           [task] loc=task_runner.py:1926","logger":"task.stdout"}
{"timestamp":"2026-07-03T10:46:26.950673Z","level":"info","event":"setup plugin alembic.autogenerate.schemas","logger":"alembic.runtime.plugins","try_number":2,"dag_id":"dag_data","task_id":"transform_data_from_filesystem","map_index":-1,"ti_id":"019f2796-3fce-7a11-906d-85a68924bc09","run_id":"manual__2026-07-03T10:45:15.804637+00:00","filename":"plugins.py","lineno":37}
{"timestamp":"2026-07-03T10:46:26.950748Z","level":"info","event":"setup plugin alembic.autogenerate.tables","logger":"alembic.runtime.plugins","try_number":2,"dag_id":"dag_data","task_id":"transform_data_from_filesystem","map_index":-1,"ti_id":"019f2796-3fce-7a11-906d-85a68924bc09","run_id":"manual__2026-07-03T10:45:15.804637+00:00","filename":"plugins.py","lineno":37}
{"timestamp":"2026-07-03T10:46:26.950779Z","level":"info","event":"setup plugin alembic.autogenerate.types","logger":"alembic.runtime.plugins","try_number":2,"dag_id":"dag_data","task_id":"transform_data_from_filesystem","map_index":-1,"ti_id":"019f2796-3fce-7a11-906d-85a68924bc09","run_id":"manual__2026-07-03T10:45:15.804637+00:00","filename":"plugins.py","lineno":37}
{"timestamp":"2026-07-03T10:46:26.950803Z","level":"info","event":"setup plugin alembic.autogenerate.constraints","logger":"alembic.runtime.plugins","try_number":2,"dag_id":"dag_data","task_id":"transform_data_from_filesystem","map_index":-1,"ti_id":"019f2796-3fce-7a11-906d-85a68924bc09","run_id":"manual__2026-07-03T10:45:15.804637+00:00","filename":"plugins.py","lineno":37}
{"timestamp":"2026-07-03T10:46:26.950823Z","level":"info","event":"setup plugin alembic.autogenerate.defaults","logger":"alembic.runtime.plugins","try_number":2,"dag_id":"dag_data","task_id":"transform_data_from_filesystem","map_index":-1,"ti_id":"019f2796-3fce-7a11-906d-85a68924bc09","run_id":"manual__2026-07-03T10:45:15.804637+00:00","filename":"plugins.py","lineno":37}
{"timestamp":"2026-07-03T10:46:26.950844Z","level":"info","event":"setup plugin alembic.autogenerate.comments","logger":"alembic.runtime.plugins","try_number":2,"dag_id":"dag_data","task_id":"transform_data_from_filesystem","map_index":-1,"ti_id":"019f2796-3fce-7a11-906d-85a68924bc09","run_id":"manual__2026-07-03T10:45:15.804637+00:00","filename":"plugins.py","lineno":37}
{"timestamp":"2026-07-03T10:46:26.999623Z","level":"info","event":"DAG bundles loaded: dags-folder","try_number":2,"dag_id":"dag_data","task_id":"transform_data_from_filesystem","map_index":-1,"ti_id":"019f2796-3fce-7a11-906d-85a68924bc09","run_id":"manual__2026-07-03T10:45:15.804637+00:00","logger":"airflow.dag_processing.bundles.manager.DagBundlesManager","filename":"manager.py","lineno":209}
{"timestamp":"2026-07-03T10:46:26.999817Z","level":"info","event":"Filling up the DagBag from /Users/burugula.sasank/airflow/dags/etl_scheduler.py","try_number":2,"dag_id":"dag_data","task_id":"transform_data_from_filesystem","map_index":-1,"ti_id":"019f2796-3fce-7a11-906d-85a68924bc09","run_id":"manual__2026-07-03T10:45:15.804637+00:00","logger":"airflow.dag_processing.dagbag.BundleDagBag","filename":"dagbag.py","lineno":469}
{"timestamp":"2026-07-03T10:46:27.032169Z","level":"warning","event":"The `airflow.decorators.task` attribute is deprecated. Please use `'airflow.sdk.task'`.","category":"UserWarning","filename":"/Users/burugula.sasank/airflow/dags/etl_scheduler.py","lineno":1,"try_number":2,"dag_id":"dag_data","task_id":"transform_data_from_filesystem","map_index":-1,"ti_id":"019f2796-3fce-7a11-906d-85a68924bc09","run_id":"manual__2026-07-03T10:45:15.804637+00:00","logger":"py.warnings"}
{"timestamp":"2026-07-03T10:46:27.032219Z","level":"warning","event":"The `airflow.decorators.dag` attribute is deprecated. Please use `'airflow.sdk.dag'`.","category":"UserWarning","filename":"/Users/burugula.sasank/airflow/dags/etl_scheduler.py","lineno":1,"try_number":2,"dag_id":"dag_data","task_id":"transform_data_from_filesystem","map_index":-1,"ti_id":"019f2796-3fce-7a11-906d-85a68924bc09","run_id":"manual__2026-07-03T10:45:15.804637+00:00","logger":"py.warnings"}
{"timestamp":"2026-07-03T10:46:27.032243Z","level":"warning","event":"The `airflow.hooks.base.BaseHook` attribute is deprecated. Please use `'airflow.sdk.bases.hook.BaseHook'`.","category":"UserWarning","filename":"/Users/burugula.sasank/airflow/dags/etl_scheduler.py","lineno":2,"try_number":2,"dag_id":"dag_data","task_id":"transform_data_from_filesystem","map_index":-1,"ti_id":"019f2796-3fce-7a11-906d-85a68924bc09","run_id":"manual__2026-07-03T10:45:15.804637+00:00","logger":"py.warnings"}
{"timestamp":"2026-07-03T10:46:27.045106Z","level":"info","event":"::endgroup::","try_number":2,"dag_id":"dag_data","task_id":"transform_data_from_filesystem","map_index":-1,"ti_id":"019f2796-3fce-7a11-906d-85a68924bc09","run_id":"manual__2026-07-03T10:45:15.804637+00:00","logger":"task","filename":"task_runner.py","lineno":1727}
{"timestamp":"2026-07-03T10:46:27.109656Z","level":"error","event":"/Library/Frameworks/Python.framework/Versions/3.14/lib/python3.14/site-packages/pyspark/sql/udf.py:134: UserWarning: Cannot infer the eval type from type hints.","logger":"task.stderr"}
{"timestamp":"2026-07-03T10:46:27.109744Z","level":"error","event":"  warnings.warn(\"Cannot infer the eval type from type hints. \", UserWarning)","logger":"task.stderr"}
{"timestamp":"2026-07-03T10:46:27.226313Z","level":"error","event":"WARNING: Using incubator modules: jdk.incubator.vector","logger":"task.stderr"}
{"timestamp":"2026-07-03T10:46:27.563623Z","level":"error","event":"Using Spark's default log4j profile: org/apache/spark/log4j2-defaults.properties","logger":"task.stderr"}
{"timestamp":"2026-07-03T10:46:27.569217Z","level":"error","event":"26/07/03 16:16:27 WARN Utils: Your hostname, Burugulas-MacBook-Air.local, resolves to a loopback address: 127.0.0.1; using 192.168.0.107 instead (on interface en0)","logger":"task.stderr"}
{"timestamp":"2026-07-03T10:46:27.570235Z","level":"error","event":"26/07/03 16:16:27 WARN Utils: Set SPARK_LOCAL_IP if you need to bind to another address","logger":"task.stderr"}
{"timestamp":"2026-07-03T10:46:27.633960Z","level":"error","event":":: loading settings :: url = jar:file:/Library/Frameworks/Python.framework/Versions/3.14/lib/python3.14/site-packages/pyspark/jars/ivy-2.5.3.jar!/org/apache/ivy/core/settings/ivysettings.xml","logger":"task.stderr"}
{"timestamp":"2026-07-03T10:46:27.656993Z","level":"error","event":"Ivy Default Cache set to: /Users/burugula.sasank/.ivy2.5.2/cache","logger":"task.stderr"}
{"timestamp":"2026-07-03T10:46:27.657109Z","level":"error","event":"The jars for the packages stored in: /Users/burugula.sasank/.ivy2.5.2/jars","logger":"task.stderr"}
{"timestamp":"2026-07-03T10:46:27.658175Z","level":"error","event":"org.postgresql#postgresql added as a dependency","logger":"task.stderr"}
{"timestamp":"2026-07-03T10:46:27.658392Z","level":"error","event":":: resolving dependencies :: org.apache.spark#spark-submit-parent-a336a5e4-604c-42a6-874e-a2ac544c9d20;1.0","logger":"task.stderr"}
{"timestamp":"2026-07-03T10:46:27.658446Z","level":"error","event":"\tconfs: [default]","logger":"task.stderr"}
{"timestamp":"2026-07-03T10:46:27.688748Z","level":"error","event":"\tfound org.postgresql#postgresql;42.7.3 in central","logger":"task.stderr"}
{"timestamp":"2026-07-03T10:46:27.696607Z","level":"error","event":"\tfound org.checkerframework#checker-qual;3.42.0 in central","logger":"task.stderr"}
{"timestamp":"2026-07-03T10:46:27.701277Z","level":"error","event":":: resolution report :: resolve 41ms :: artifacts dl 2ms","logger":"task.stderr"}
{"timestamp":"2026-07-03T10:46:27.701399Z","level":"error","event":"\t:: modules in use:","logger":"task.stderr"}
{"timestamp":"2026-07-03T10:46:27.701427Z","level":"error","event":"\torg.checkerframework#checker-qual;3.42.0 from central in [default]","logger":"task.stderr"}
{"timestamp":"2026-07-03T10:46:27.701449Z","level":"error","event":"\torg.postgresql#postgresql;42.7.3 from central in [default]","logger":"task.stderr"}
{"timestamp":"2026-07-03T10:46:27.701469Z","level":"error","event":"\t---------------------------------------------------------------------","logger":"task.stderr"}
{"timestamp":"2026-07-03T10:46:27.701494Z","level":"error","event":"\t|                  |            modules            ||   artifacts   |","logger":"task.stderr"}
{"timestamp":"2026-07-03T10:46:27.701538Z","level":"error","event":"\t|       conf       | number| search|dwnlded|evicted|| number|dwnlded|","logger":"task.stderr"}
{"timestamp":"2026-07-03T10:46:27.701560Z","level":"error","event":"\t---------------------------------------------------------------------","logger":"task.stderr"}
{"timestamp":"2026-07-03T10:46:27.701579Z","level":"error","event":"\t|      default     |   2   |   0   |   0   |   0   ||   2   |   0   |","logger":"task.stderr"}
{"timestamp":"2026-07-03T10:46:27.701597Z","level":"error","event":"\t---------------------------------------------------------------------","logger":"task.stderr"}
{"timestamp":"2026-07-03T10:46:27.702301Z","level":"error","event":":: retrieving :: org.apache.spark#spark-submit-parent-a336a5e4-604c-42a6-874e-a2ac544c9d20","logger":"task.stderr"}
{"timestamp":"2026-07-03T10:46:27.702399Z","level":"error","event":"\tconfs: [default]","logger":"task.stderr"}
{"timestamp":"2026-07-03T10:46:27.704031Z","level":"error","event":"\t0 artifacts copied, 2 already retrieved (0kB/2ms)","logger":"task.stderr"}
{"timestamp":"2026-07-03T10:46:27.784446Z","level":"error","event":"26/07/03 16:16:27 WARN NativeCodeLoader: Unable to load native-hadoop library for your platform... using builtin-java classes where applicable","logger":"task.stderr"}
{"timestamp":"2026-07-03T10:46:27.838683Z","level":"error","event":"Using Spark's default log4j profile: org/apache/spark/log4j2-defaults.properties","logger":"task.stderr"}
{"timestamp":"2026-07-03T10:46:27.838853Z","level":"error","event":"Setting default log level to \"WARN\".","logger":"task.stderr"}
{"timestamp":"2026-07-03T10:46:27.838887Z","level":"error","event":"To adjust logging level use sc.setLogLevel(newLevel). For SparkR, use setLogLevel(newLevel).","logger":"task.stderr"}
{"timestamp":"2026-07-03T10:46:30.616944Z","level":"error","event":"Traceback (most recent call last):","logger":"task.stderr"}
{"timestamp":"2026-07-03T10:46:30.617174Z","level":"error","event":"  File \"/Users/burugula.sasank/airflow/dags/spark/notebooks/silver_layer/data_transformations.py\", line 230, in <module>","logger":"task.stderr"}
{"timestamp":"2026-07-03T10:46:30.617211Z","level":"error","event":"    data_silver_batsmen_t20 = rename_column(data_silver_batsmen_t20,\"batsmen\")","logger":"task.stderr"}
{"timestamp":"2026-07-03T10:46:30.617234Z","level":"error","event":"  File \"/Users/burugula.sasank/airflow/dags/spark/notebooks/silver_layer/data_transformations.py\", line 80, in rename_column","logger":"task.stderr"}
{"timestamp":"2026-07-03T10:46:30.617256Z","level":"error","event":"    input_df = input_df.withColumn(\"4s\",\"number_of_fours\")","logger":"task.stderr"}
{"timestamp":"2026-07-03T10:46:30.617275Z","level":"error","event":"  File \"/Library/Frameworks/Python.framework/Versions/3.14/lib/python3.14/site-packages/pyspark/sql/classic/dataframe.py\", line 1643, in withColumn","logger":"task.stderr"}
{"timestamp":"2026-07-03T10:46:30.617294Z","level":"error","event":"    raise PySparkTypeError(","logger":"task.stderr"}
{"timestamp":"2026-07-03T10:46:30.617314Z","level":"error","event":"    ...<2 lines>...","logger":"task.stderr"}
{"timestamp":"2026-07-03T10:46:30.617334Z","level":"error","event":"    )","logger":"task.stderr"}
{"timestamp":"2026-07-03T10:46:30.617379Z","level":"error","event":"pyspark.errors.exceptions.base.PySparkTypeError: [NOT_COLUMN] Argument `col` should be a Column, got str.","logger":"task.stderr"}
{"timestamp":"2026-07-03T10:46:30.635798Z","level":"error","event":"Task failed with exception","try_number":2,"dag_id":"dag_data","task_id":"transform_data_from_filesystem","map_index":-1,"ti_id":"019f2796-3fce-7a11-906d-85a68924bc09","run_id":"manual__2026-07-03T10:45:15.804637+00:00","logger":"task","filename":"task_runner.py","lineno":1381,"error_detail":[{"exc_type":"CalledProcessError","exc_value":"Command '['python3', '/Users/burugula.sasank/airflow/dags/spark/notebooks/silver_layer/data_transformations.py']' returned non-zero exit status 1.","exc_notes":[],"syntax_error":null,"is_cause":false,"frames":[{"filename":"/Library/Frameworks/Python.framework/Versions/3.14/lib/python3.14/site-packages/airflow/sdk/execution_time/task_runner.py","lineno":1287,"name":"run"},{"filename":"/Library/Frameworks/Python.framework/Versions/3.14/lib/python3.14/site-packages/airflow/sdk/execution_time/task_runner.py","lineno":1745,"name":"_execute_task"},{"filename":"/Library/Frameworks/Python.framework/Versions/3.14/lib/python3.14/site-packages/airflow/sdk/bases/operator.py","lineno":443,"name":"wrapper"},{"filename":"/Library/Frameworks/Python.framework/Versions/3.14/lib/python3.14/site-packages/airflow/sdk/bases/decorator.py","lineno":398,"name":"execute"},{"filename":"/Library/Frameworks/Python.framework/Versions/3.14/lib/python3.14/site-packages/airflow/sdk/bases/operator.py","lineno":443,"name":"wrapper"},{"filename":"/Library/Frameworks/Python.framework/Versions/3.14/lib/python3.14/site-packages/airflow/providers/standard/operators/python.py","lineno":231,"name":"execute"},{"filename":"/Library/Frameworks/Python.framework/Versions/3.14/lib/python3.14/site-packages/airflow/providers/standard/operators/python.py","lineno":254,"name":"execute_callable"},{"filename":"/Library/Frameworks/Python.framework/Versions/3.14/lib/python3.14/site-packages/airflow/sdk/execution_time/callback_runner.py","lineno":97,"name":"run"},{"filename":"/Users/burugula.sasank/airflow/dags/etl_scheduler.py","lineno":57,"name":"transform_data_from_filesystem"},{"filename":"/Library/Frameworks/Python.framework/Versions/3.14/lib/python3.14/subprocess.py","lineno":578,"name":"run"}],"is_group":false,"exceptions":[]}]}
{"timestamp":"2026-07-03T10:46:30.636179Z","level":"info","event":"::group::Post Execute","try_number":2,"dag_id":"dag_data","task_id":"transform_data_from_filesystem","map_index":-1,"ti_id":"019f2796-3fce-7a11-906d-85a68924bc09","run_id":"manual__2026-07-03T10:45:15.804637+00:00","logger":"task","filename":"task_runner.py","lineno":1382}
{"timestamp":"2026-07-03T10:46:30.636743Z","level":"info","event":"::endgroup::","try_number":2,"dag_id":"dag_data","task_id":"transform_data_from_filesystem","map_index":-1,"ti_id":"019f2796-3fce-7a11-906d-85a68924bc09","run_id":"manual__2026-07-03T10:45:15.804637+00:00","logger":"task","filename":"task_runner.py","lineno":1896}
