{"timestamp":"2026-07-04T12:01:36.253523Z","level":"info","event":"2026-07-04T12:01:36.253403Z [info     ] ::group::Pre Execute           [task] loc=task_runner.py:1926","logger":"task.stdout"}
{"timestamp":"2026-07-04T12:01:36.333622Z","level":"info","event":"setup plugin alembic.autogenerate.schemas","logger":"alembic.runtime.plugins","map_index":-1,"ti_id":"019f2d01-368d-7230-8aee-42862ad78e84","task_id":"transform_data_from_filesystem","run_id":"manual__2026-07-04T12:01:22.046936+00:00","dag_id":"dag_data","try_number":1,"filename":"plugins.py","lineno":37}
{"timestamp":"2026-07-04T12:01:36.333693Z","level":"info","event":"setup plugin alembic.autogenerate.tables","logger":"alembic.runtime.plugins","map_index":-1,"ti_id":"019f2d01-368d-7230-8aee-42862ad78e84","task_id":"transform_data_from_filesystem","run_id":"manual__2026-07-04T12:01:22.046936+00:00","dag_id":"dag_data","try_number":1,"filename":"plugins.py","lineno":37}
{"timestamp":"2026-07-04T12:01:36.333724Z","level":"info","event":"setup plugin alembic.autogenerate.types","logger":"alembic.runtime.plugins","map_index":-1,"ti_id":"019f2d01-368d-7230-8aee-42862ad78e84","task_id":"transform_data_from_filesystem","run_id":"manual__2026-07-04T12:01:22.046936+00:00","dag_id":"dag_data","try_number":1,"filename":"plugins.py","lineno":37}
{"timestamp":"2026-07-04T12:01:36.333749Z","level":"info","event":"setup plugin alembic.autogenerate.constraints","logger":"alembic.runtime.plugins","map_index":-1,"ti_id":"019f2d01-368d-7230-8aee-42862ad78e84","task_id":"transform_data_from_filesystem","run_id":"manual__2026-07-04T12:01:22.046936+00:00","dag_id":"dag_data","try_number":1,"filename":"plugins.py","lineno":37}
{"timestamp":"2026-07-04T12:01:36.333769Z","level":"info","event":"setup plugin alembic.autogenerate.defaults","logger":"alembic.runtime.plugins","map_index":-1,"ti_id":"019f2d01-368d-7230-8aee-42862ad78e84","task_id":"transform_data_from_filesystem","run_id":"manual__2026-07-04T12:01:22.046936+00:00","dag_id":"dag_data","try_number":1,"filename":"plugins.py","lineno":37}
{"timestamp":"2026-07-04T12:01:36.333790Z","level":"info","event":"setup plugin alembic.autogenerate.comments","logger":"alembic.runtime.plugins","map_index":-1,"ti_id":"019f2d01-368d-7230-8aee-42862ad78e84","task_id":"transform_data_from_filesystem","run_id":"manual__2026-07-04T12:01:22.046936+00:00","dag_id":"dag_data","try_number":1,"filename":"plugins.py","lineno":37}
{"timestamp":"2026-07-04T12:01:36.373962Z","level":"info","event":"DAG bundles loaded: dags-folder","map_index":-1,"ti_id":"019f2d01-368d-7230-8aee-42862ad78e84","task_id":"transform_data_from_filesystem","run_id":"manual__2026-07-04T12:01:22.046936+00:00","dag_id":"dag_data","try_number":1,"logger":"airflow.dag_processing.bundles.manager.DagBundlesManager","filename":"manager.py","lineno":209}
{"timestamp":"2026-07-04T12:01:36.374168Z","level":"info","event":"Filling up the DagBag from /Users/burugula.sasank/airflow/dags/etl_scheduler.py","map_index":-1,"ti_id":"019f2d01-368d-7230-8aee-42862ad78e84","task_id":"transform_data_from_filesystem","run_id":"manual__2026-07-04T12:01:22.046936+00:00","dag_id":"dag_data","try_number":1,"logger":"airflow.dag_processing.dagbag.BundleDagBag","filename":"dagbag.py","lineno":469}
{"timestamp":"2026-07-04T12:01:36.405736Z","level":"warning","event":"The `airflow.decorators.task` attribute is deprecated. Please use `'airflow.sdk.task'`.","category":"UserWarning","filename":"/Users/burugula.sasank/airflow/dags/etl_scheduler.py","lineno":1,"map_index":-1,"ti_id":"019f2d01-368d-7230-8aee-42862ad78e84","task_id":"transform_data_from_filesystem","run_id":"manual__2026-07-04T12:01:22.046936+00:00","dag_id":"dag_data","try_number":1,"logger":"py.warnings"}
{"timestamp":"2026-07-04T12:01:36.405786Z","level":"warning","event":"The `airflow.decorators.dag` attribute is deprecated. Please use `'airflow.sdk.dag'`.","category":"UserWarning","filename":"/Users/burugula.sasank/airflow/dags/etl_scheduler.py","lineno":1,"map_index":-1,"ti_id":"019f2d01-368d-7230-8aee-42862ad78e84","task_id":"transform_data_from_filesystem","run_id":"manual__2026-07-04T12:01:22.046936+00:00","dag_id":"dag_data","try_number":1,"logger":"py.warnings"}
{"timestamp":"2026-07-04T12:01:36.405810Z","level":"warning","event":"The `airflow.hooks.base.BaseHook` attribute is deprecated. Please use `'airflow.sdk.bases.hook.BaseHook'`.","category":"UserWarning","filename":"/Users/burugula.sasank/airflow/dags/etl_scheduler.py","lineno":2,"map_index":-1,"ti_id":"019f2d01-368d-7230-8aee-42862ad78e84","task_id":"transform_data_from_filesystem","run_id":"manual__2026-07-04T12:01:22.046936+00:00","dag_id":"dag_data","try_number":1,"logger":"py.warnings"}
{"timestamp":"2026-07-04T12:01:36.417856Z","level":"info","event":"::endgroup::","map_index":-1,"ti_id":"019f2d01-368d-7230-8aee-42862ad78e84","task_id":"transform_data_from_filesystem","run_id":"manual__2026-07-04T12:01:22.046936+00:00","dag_id":"dag_data","try_number":1,"logger":"task","filename":"task_runner.py","lineno":1727}
{"timestamp":"2026-07-04T12:01:36.505483Z","level":"error","event":"/Library/Frameworks/Python.framework/Versions/3.14/lib/python3.14/site-packages/pyspark/sql/udf.py:134: UserWarning: Cannot infer the eval type from type hints.","logger":"task.stderr"}
{"timestamp":"2026-07-04T12:01:36.505577Z","level":"error","event":"  warnings.warn(\"Cannot infer the eval type from type hints. \", UserWarning)","logger":"task.stderr"}
{"timestamp":"2026-07-04T12:01:36.618578Z","level":"error","event":"WARNING: Using incubator modules: jdk.incubator.vector","logger":"task.stderr"}
{"timestamp":"2026-07-04T12:01:36.941544Z","level":"error","event":"Using Spark's default log4j profile: org/apache/spark/log4j2-defaults.properties","logger":"task.stderr"}
{"timestamp":"2026-07-04T12:01:36.946812Z","level":"error","event":"26/07/04 17:31:36 WARN Utils: Your hostname, Burugulas-MacBook-Air.local, resolves to a loopback address: 127.0.0.1; using 192.168.0.107 instead (on interface en0)","logger":"task.stderr"}
{"timestamp":"2026-07-04T12:01:36.947798Z","level":"error","event":"26/07/04 17:31:36 WARN Utils: Set SPARK_LOCAL_IP if you need to bind to another address","logger":"task.stderr"}
{"timestamp":"2026-07-04T12:01:37.010694Z","level":"error","event":":: loading settings :: url = jar:file:/Library/Frameworks/Python.framework/Versions/3.14/lib/python3.14/site-packages/pyspark/jars/ivy-2.5.3.jar!/org/apache/ivy/core/settings/ivysettings.xml","logger":"task.stderr"}
{"timestamp":"2026-07-04T12:01:37.041319Z","level":"error","event":"Ivy Default Cache set to: /Users/burugula.sasank/.ivy2.5.2/cache","logger":"task.stderr"}
{"timestamp":"2026-07-04T12:01:37.041428Z","level":"error","event":"The jars for the packages stored in: /Users/burugula.sasank/.ivy2.5.2/jars","logger":"task.stderr"}
{"timestamp":"2026-07-04T12:01:37.042520Z","level":"error","event":"org.postgresql#postgresql added as a dependency","logger":"task.stderr"}
{"timestamp":"2026-07-04T12:01:37.042721Z","level":"error","event":":: resolving dependencies :: org.apache.spark#spark-submit-parent-07597be5-c9c4-4f88-ba89-b2975ce08e83;1.0","logger":"task.stderr"}
{"timestamp":"2026-07-04T12:01:37.042778Z","level":"error","event":"\tconfs: [default]","logger":"task.stderr"}
{"timestamp":"2026-07-04T12:01:37.081565Z","level":"error","event":"\tfound org.postgresql#postgresql;42.7.3 in central","logger":"task.stderr"}
{"timestamp":"2026-07-04T12:01:37.089722Z","level":"error","event":"\tfound org.checkerframework#checker-qual;3.42.0 in central","logger":"task.stderr"}
{"timestamp":"2026-07-04T12:01:37.094658Z","level":"error","event":":: resolution report :: resolve 50ms :: artifacts dl 2ms","logger":"task.stderr"}
{"timestamp":"2026-07-04T12:01:37.094821Z","level":"error","event":"\t:: modules in use:","logger":"task.stderr"}
{"timestamp":"2026-07-04T12:01:37.094874Z","level":"error","event":"\torg.checkerframework#checker-qual;3.42.0 from central in [default]","logger":"task.stderr"}
{"timestamp":"2026-07-04T12:01:37.094926Z","level":"error","event":"\torg.postgresql#postgresql;42.7.3 from central in [default]","logger":"task.stderr"}
{"timestamp":"2026-07-04T12:01:37.094969Z","level":"error","event":"\t---------------------------------------------------------------------","logger":"task.stderr"}
{"timestamp":"2026-07-04T12:01:37.095032Z","level":"error","event":"\t|                  |            modules            ||   artifacts   |","logger":"task.stderr"}
{"timestamp":"2026-07-04T12:01:37.095135Z","level":"error","event":"\t|       conf       | number| search|dwnlded|evicted|| number|dwnlded|","logger":"task.stderr"}
{"timestamp":"2026-07-04T12:01:37.095168Z","level":"error","event":"\t---------------------------------------------------------------------","logger":"task.stderr"}
{"timestamp":"2026-07-04T12:01:37.095191Z","level":"error","event":"\t|      default     |   2   |   0   |   0   |   0   ||   2   |   0   |","logger":"task.stderr"}
{"timestamp":"2026-07-04T12:01:37.095211Z","level":"error","event":"\t---------------------------------------------------------------------","logger":"task.stderr"}
{"timestamp":"2026-07-04T12:01:37.096287Z","level":"error","event":":: retrieving :: org.apache.spark#spark-submit-parent-07597be5-c9c4-4f88-ba89-b2975ce08e83","logger":"task.stderr"}
{"timestamp":"2026-07-04T12:01:37.096340Z","level":"error","event":"\tconfs: [default]","logger":"task.stderr"}
{"timestamp":"2026-07-04T12:01:37.098280Z","level":"error","event":"\t0 artifacts copied, 2 already retrieved (0kB/2ms)","logger":"task.stderr"}
{"timestamp":"2026-07-04T12:01:37.160767Z","level":"error","event":"26/07/04 17:31:37 WARN NativeCodeLoader: Unable to load native-hadoop library for your platform... using builtin-java classes where applicable","logger":"task.stderr"}
{"timestamp":"2026-07-04T12:01:37.210300Z","level":"error","event":"Using Spark's default log4j profile: org/apache/spark/log4j2-defaults.properties","logger":"task.stderr"}
{"timestamp":"2026-07-04T12:01:37.210643Z","level":"error","event":"Setting default log level to \"WARN\".","logger":"task.stderr"}
{"timestamp":"2026-07-04T12:01:37.210730Z","level":"error","event":"To adjust logging level use sc.setLogLevel(newLevel). For SparkR, use setLogLevel(newLevel).","logger":"task.stderr"}
{"timestamp":"2026-07-04T12:01:40.305136Z","level":"error","event":"26/07/04 17:31:40 WARN SparkStringUtils: Truncated the string representation of a plan since it was too large. This behavior can be adjusted by setting 'spark.sql.debug.maxToStringFields'.","logger":"task.stderr"}
{"timestamp":"2026-07-04T12:01:40.797057Z","level":"info","event":".....Connection with the database is successfull......","logger":"task.stdout"}
{"timestamp":"2026-07-04T12:01:40.797182Z","level":"info","event":".....Erased stale materialized views......","logger":"task.stdout"}
{"timestamp":"2026-07-04T12:01:40.797215Z","level":"info","event":"+---------+-------+------------+--------------+--------------+--------+----+-------------+-------+-----------+-----------+--------+-------+-----+---------------+---------------+------+","logger":"task.stdout"}
{"timestamp":"2026-07-04T12:01:40.797240Z","level":"info","event":"|full_name|country|years_active|matches_played|innings_played|not_outs|Runs|highest_score|average|balls_faced|strike_rate|hundreds|fifties|ducks|number_of_fours|number_of_sixes|format|","logger":"task.stdout"}
{"timestamp":"2026-07-04T12:01:40.797261Z","level":"info","event":"+---------+-------+------------+--------------+--------------+--------+----+-------------+-------+-----------+-----------+--------+-------+-----+---------------+---------------+------+","logger":"task.stdout"}
{"timestamp":"2026-07-04T12:01:40.797281Z","level":"info","event":"+---------+-------+------------+--------------+--------------+--------+----+-------------+-------+-----------+-----------+--------+-------+-----+---------------+---------------+------+","logger":"task.stdout"}
{"timestamp":"2026-07-04T12:01:40.797300Z","level":"info","event":"","logger":"task.stdout"}
{"timestamp":"2026-07-04T12:01:40.797321Z","level":"info","event":"+---------+-------+------------+--------------+--------------+--------+----+-------------+-------+--------+-------+-----+------+","logger":"task.stdout"}
{"timestamp":"2026-07-04T12:01:40.797348Z","level":"info","event":"|full_name|country|years_active|matches_played|innings_played|not_outs|Runs|highest_score|average|hundreds|fifties|ducks|format|","logger":"task.stdout"}
{"timestamp":"2026-07-04T12:01:40.797370Z","level":"info","event":"+---------+-------+------------+--------------+--------------+--------+----+-------------+-------+--------+-------+-----+------+","logger":"task.stdout"}
{"timestamp":"2026-07-04T12:01:40.797388Z","level":"info","event":"+---------+-------+------------+--------------+--------------+--------+----+-------------+-------+--------+-------+-----+------+","logger":"task.stdout"}
{"timestamp":"2026-07-04T12:01:40.797404Z","level":"info","event":"","logger":"task.stdout"}
{"timestamp":"2026-07-04T12:01:40.797422Z","level":"info","event":"+---------+-------+------------+--------------+--------------+-----+----+-------+---+-------+-------+-----------+-----------------+-----------------+------+","logger":"task.stdout"}
{"timestamp":"2026-07-04T12:01:40.797440Z","level":"info","event":"|full_name|country|years_active|matches_played|innings_played|Balls|Runs|wickets|BBI|average|economy|strike_rate|four_wicket_hauls|five_wicket_hauls|format|","logger":"task.stdout"}
{"timestamp":"2026-07-04T12:01:40.797457Z","level":"info","event":"+---------+-------+------------+--------------+--------------+-----+----+-------+---+-------+-------+-----------+-----------------+-----------------+------+","logger":"task.stdout"}
{"timestamp":"2026-07-04T12:01:40.797475Z","level":"info","event":"+---------+-------+------------+--------------+--------------+-----+----+-------+---+-------+-------+-----------+-----------------+-----------------+------+","logger":"task.stdout"}
{"timestamp":"2026-07-04T12:01:40.797492Z","level":"info","event":"","logger":"task.stdout"}
{"timestamp":"2026-07-04T12:01:40.797509Z","level":"info","event":"+---------+-------+------------+--------------+--------------+-----+-----------------+----+-------+---+-------+-------+-----------+-----------------+-----------------+------+","logger":"task.stdout"}
{"timestamp":"2026-07-04T12:01:40.797526Z","level":"info","event":"|full_name|country|years_active|matches_played|innings_played|Overs|number_of_maidens|Runs|wickets|BBI|average|economy|strike_rate|four_wicket_hauls|five_wicket_hauls|format|","logger":"task.stdout"}
{"timestamp":"2026-07-04T12:01:40.797542Z","level":"info","event":"+---------+-------+------------+--------------+--------------+-----+-----------------+----+-------+---+-------+-------+-----------+-----------------+-----------------+------+","logger":"task.stdout"}
{"timestamp":"2026-07-04T12:01:40.797559Z","level":"info","event":"+---------+-------+------------+--------------+--------------+-----+-----------------+----+-------+---+-------+-------+-----------+-----------------+-----------------+------+","logger":"task.stdout"}
{"timestamp":"2026-07-04T12:01:40.797575Z","level":"info","event":"","logger":"task.stdout"}
{"timestamp":"2026-07-04T12:01:40.797592Z","level":"info","event":"+---------+-------+------------+--------------+--------------+-----+----+-------+---+---+-------+-------+-----------+-----------------+---+------+","logger":"task.stdout"}
{"timestamp":"2026-07-04T12:01:40.797609Z","level":"info","event":"|full_name|country|years_active|matches_played|innings_played|Balls|Runs|wickets|BBI|BBM|average|economy|strike_rate|five_wicket_hauls| 10|format|","logger":"task.stdout"}
{"timestamp":"2026-07-04T12:01:40.797626Z","level":"info","event":"+---------+-------+------------+--------------+--------------+-----+----+-------+---+---+-------+-------+-----------+-----------------+---+------+","logger":"task.stdout"}
{"timestamp":"2026-07-04T12:01:40.797642Z","level":"info","event":"+---------+-------+------------+--------------+--------------+-----+----+-------+---+---+-------+-------+-----------+-----------------+---+------+","logger":"task.stdout"}
{"timestamp":"2026-07-04T12:01:40.797659Z","level":"info","event":"","logger":"task.stdout"}
{"timestamp":"2026-07-04T12:01:40.797675Z","level":"info","event":"+---------+-------+------------+--------------+--------------+----------+-------+---------+-------------+------+","logger":"task.stdout"}
{"timestamp":"2026-07-04T12:01:40.797696Z","level":"info","event":"|full_name|country|years_active|matches_played|innings_played|dismissals|catches|stumpings|catch_wickets|format|","logger":"task.stdout"}
{"timestamp":"2026-07-04T12:01:40.797713Z","level":"info","event":"+---------+-------+------------+--------------+--------------+----------+-------+---------+-------------+------+","logger":"task.stdout"}
{"timestamp":"2026-07-04T12:01:40.797729Z","level":"info","event":"+---------+-------+------------+--------------+--------------+----------+-------+---------+-------------+------+","logger":"task.stdout"}
{"timestamp":"2026-07-04T12:01:40.797745Z","level":"info","event":"","logger":"task.stdout"}
{"timestamp":"2026-07-04T12:01:40.797761Z","level":"info","event":"+---------+-------+------------+--------------+--------------+----------+-------+---------+-------------+------+","logger":"task.stdout"}
{"timestamp":"2026-07-04T12:01:40.797777Z","level":"info","event":"|full_name|country|years_active|matches_played|innings_played|dismissals|catches|stumpings|catch_wickets|format|","logger":"task.stdout"}
{"timestamp":"2026-07-04T12:01:40.797793Z","level":"info","event":"+---------+-------+------------+--------------+--------------+----------+-------+---------+-------------+------+","logger":"task.stdout"}
{"timestamp":"2026-07-04T12:01:40.797858Z","level":"info","event":"+---------+-------+------------+--------------+--------------+----------+-------+---------+-------------+------+","logger":"task.stdout"}
{"timestamp":"2026-07-04T12:01:40.797877Z","level":"info","event":"","logger":"task.stdout"}
{"timestamp":"2026-07-04T12:01:40.797895Z","level":"info","event":"+---------+-------+------------+--------------+--------------+----------+-------+---------+-------------+------+","logger":"task.stdout"}
{"timestamp":"2026-07-04T12:01:40.797911Z","level":"info","event":"|full_name|country|years_active|matches_played|innings_played|dismissals|catches|stumpings|catch_wickets|format|","logger":"task.stdout"}
{"timestamp":"2026-07-04T12:01:40.797927Z","level":"info","event":"+---------+-------+------------+--------------+--------------+----------+-------+---------+-------------+------+","logger":"task.stdout"}
{"timestamp":"2026-07-04T12:01:40.797944Z","level":"info","event":"+---------+-------+------------+--------------+--------------+----------+-------+---------+-------------+------+","logger":"task.stdout"}
{"timestamp":"2026-07-04T12:01:40.797960Z","level":"info","event":"","logger":"task.stdout"}
{"timestamp":"2026-07-04T12:01:40.813928Z","level":"info","event":"Silver Ingestion Success with returned val:CompletedProcess(args=['python3', '/Users/burugula.sasank/airflow/dags/spark/notebooks/silver_layer/data_transformations.py'], returncode=0)","logger":"task.stdout"}
{"timestamp":"2026-07-04T12:01:40.814089Z","level":"info","event":"Done. Returned value was: ","map_index":-1,"ti_id":"019f2d01-368d-7230-8aee-42862ad78e84","task_id":"transform_data_from_filesystem","run_id":"manual__2026-07-04T12:01:22.046936+00:00","dag_id":"dag_data","try_number":1,"logger":"airflow.task.operators.airflow.providers.standard.decorators.python._PythonDecoratedOperator","filename":"python.py","lineno":233}
{"timestamp":"2026-07-04T12:01:40.814297Z","level":"info","event":"::group::Post Execute","map_index":-1,"ti_id":"019f2d01-368d-7230-8aee-42862ad78e84","task_id":"transform_data_from_filesystem","run_id":"manual__2026-07-04T12:01:22.046936+00:00","dag_id":"dag_data","try_number":1,"logger":"task","filename":"task_runner.py","lineno":1288}
{"timestamp":"2026-07-04T12:01:40.814433Z","level":"info","event":"Pushing xcom","ti":"RuntimeTaskInstance(id=UUID('019f2d01-368d-7230-8aee-42862ad78e84'), task_id='transform_data_from_filesystem', dag_id='dag_data', run_id='manual__2026-07-04T12:01:22.046936+00:00', try_number=1, dag_version_id=UUID('019f2c09-88cb-79f1-ada2-a2bc16a5412d'), map_index=-1, hostname='burugulas-macbook-air.local', context_carrier={'traceparent': '00-4467609b3eacff949ac2d414676acd22-ed4d3452234734ea-01'}, task=<Task(_PythonDecoratedOperator): transform_data_from_filesystem>, bundle_instance=LocalDagBundle(name=dags-folder), max_tries=0, start_date=datetime.datetime(2026, 7, 4, 12, 1, 35, 840319, tzinfo=datetime.timezone.utc), end_date=None, state=<TaskInstanceState.RUNNING: 'running'>, is_mapped=False, rendered_map_index=None, sentry_integration='')","map_index":-1,"ti_id":"019f2d01-368d-7230-8aee-42862ad78e84","task_id":"transform_data_from_filesystem","run_id":"manual__2026-07-04T12:01:22.046936+00:00","dag_id":"dag_data","try_number":1,"logger":"task","filename":"task_runner.py","lineno":1791}
{"timestamp":"2026-07-04T12:01:40.823307Z","level":"info","event":"::endgroup::","map_index":-1,"ti_id":"019f2d01-368d-7230-8aee-42862ad78e84","task_id":"transform_data_from_filesystem","run_id":"manual__2026-07-04T12:01:22.046936+00:00","dag_id":"dag_data","try_number":1,"logger":"task","filename":"task_runner.py","lineno":1896}
