{"timestamp":"2026-07-03T10:42:27.949751Z","level":"info","event":"2026-07-03T10:42:27.949576Z [info     ] ::group::Pre Execute           [task] loc=task_runner.py:1926","logger":"task.stdout"}
{"timestamp":"2026-07-03T10:42:28.028745Z","level":"info","event":"setup plugin alembic.autogenerate.schemas","logger":"alembic.runtime.plugins","task_id":"ingest_data_to_filesystem","dag_id":"dag_data","ti_id":"019f2792-8788-779e-8b2f-9dcf9b2573cb","run_id":"manual__2026-07-03T10:42:22.204271+00:00","try_number":1,"map_index":-1,"filename":"plugins.py","lineno":37}
{"timestamp":"2026-07-03T10:42:28.028817Z","level":"info","event":"setup plugin alembic.autogenerate.tables","logger":"alembic.runtime.plugins","task_id":"ingest_data_to_filesystem","dag_id":"dag_data","ti_id":"019f2792-8788-779e-8b2f-9dcf9b2573cb","run_id":"manual__2026-07-03T10:42:22.204271+00:00","try_number":1,"map_index":-1,"filename":"plugins.py","lineno":37}
{"timestamp":"2026-07-03T10:42:28.028850Z","level":"info","event":"setup plugin alembic.autogenerate.types","logger":"alembic.runtime.plugins","task_id":"ingest_data_to_filesystem","dag_id":"dag_data","ti_id":"019f2792-8788-779e-8b2f-9dcf9b2573cb","run_id":"manual__2026-07-03T10:42:22.204271+00:00","try_number":1,"map_index":-1,"filename":"plugins.py","lineno":37}
{"timestamp":"2026-07-03T10:42:28.028874Z","level":"info","event":"setup plugin alembic.autogenerate.constraints","logger":"alembic.runtime.plugins","task_id":"ingest_data_to_filesystem","dag_id":"dag_data","ti_id":"019f2792-8788-779e-8b2f-9dcf9b2573cb","run_id":"manual__2026-07-03T10:42:22.204271+00:00","try_number":1,"map_index":-1,"filename":"plugins.py","lineno":37}
{"timestamp":"2026-07-03T10:42:28.028896Z","level":"info","event":"setup plugin alembic.autogenerate.defaults","logger":"alembic.runtime.plugins","task_id":"ingest_data_to_filesystem","dag_id":"dag_data","ti_id":"019f2792-8788-779e-8b2f-9dcf9b2573cb","run_id":"manual__2026-07-03T10:42:22.204271+00:00","try_number":1,"map_index":-1,"filename":"plugins.py","lineno":37}
{"timestamp":"2026-07-03T10:42:28.028916Z","level":"info","event":"setup plugin alembic.autogenerate.comments","logger":"alembic.runtime.plugins","task_id":"ingest_data_to_filesystem","dag_id":"dag_data","ti_id":"019f2792-8788-779e-8b2f-9dcf9b2573cb","run_id":"manual__2026-07-03T10:42:22.204271+00:00","try_number":1,"map_index":-1,"filename":"plugins.py","lineno":37}
{"timestamp":"2026-07-03T10:42:28.067628Z","level":"info","event":"DAG bundles loaded: dags-folder","task_id":"ingest_data_to_filesystem","dag_id":"dag_data","ti_id":"019f2792-8788-779e-8b2f-9dcf9b2573cb","run_id":"manual__2026-07-03T10:42:22.204271+00:00","try_number":1,"map_index":-1,"logger":"airflow.dag_processing.bundles.manager.DagBundlesManager","filename":"manager.py","lineno":209}
{"timestamp":"2026-07-03T10:42:28.067817Z","level":"info","event":"Filling up the DagBag from /Users/burugula.sasank/airflow/dags/etl_scheduler.py","task_id":"ingest_data_to_filesystem","dag_id":"dag_data","ti_id":"019f2792-8788-779e-8b2f-9dcf9b2573cb","run_id":"manual__2026-07-03T10:42:22.204271+00:00","try_number":1,"map_index":-1,"logger":"airflow.dag_processing.dagbag.BundleDagBag","filename":"dagbag.py","lineno":469}
{"timestamp":"2026-07-03T10:42:28.098099Z","level":"warning","event":"The `airflow.decorators.task` attribute is deprecated. Please use `'airflow.sdk.task'`.","category":"UserWarning","filename":"/Users/burugula.sasank/airflow/dags/etl_scheduler.py","lineno":1,"task_id":"ingest_data_to_filesystem","dag_id":"dag_data","ti_id":"019f2792-8788-779e-8b2f-9dcf9b2573cb","run_id":"manual__2026-07-03T10:42:22.204271+00:00","try_number":1,"map_index":-1,"logger":"py.warnings"}
{"timestamp":"2026-07-03T10:42:28.098146Z","level":"warning","event":"The `airflow.decorators.dag` attribute is deprecated. Please use `'airflow.sdk.dag'`.","category":"UserWarning","filename":"/Users/burugula.sasank/airflow/dags/etl_scheduler.py","lineno":1,"task_id":"ingest_data_to_filesystem","dag_id":"dag_data","ti_id":"019f2792-8788-779e-8b2f-9dcf9b2573cb","run_id":"manual__2026-07-03T10:42:22.204271+00:00","try_number":1,"map_index":-1,"logger":"py.warnings"}
{"timestamp":"2026-07-03T10:42:28.098169Z","level":"warning","event":"The `airflow.hooks.base.BaseHook` attribute is deprecated. Please use `'airflow.sdk.bases.hook.BaseHook'`.","category":"UserWarning","filename":"/Users/burugula.sasank/airflow/dags/etl_scheduler.py","lineno":2,"task_id":"ingest_data_to_filesystem","dag_id":"dag_data","ti_id":"019f2792-8788-779e-8b2f-9dcf9b2573cb","run_id":"manual__2026-07-03T10:42:22.204271+00:00","try_number":1,"map_index":-1,"logger":"py.warnings"}
{"timestamp":"2026-07-03T10:42:28.110520Z","level":"info","event":"::endgroup::","task_id":"ingest_data_to_filesystem","dag_id":"dag_data","ti_id":"019f2792-8788-779e-8b2f-9dcf9b2573cb","run_id":"manual__2026-07-03T10:42:22.204271+00:00","try_number":1,"map_index":-1,"logger":"task","filename":"task_runner.py","lineno":1727}
{"timestamp":"2026-07-03T10:42:28.277692Z","level":"error","event":"WARNING: Using incubator modules: jdk.incubator.vector","logger":"task.stderr"}
{"timestamp":"2026-07-03T10:42:28.569975Z","level":"error","event":"Using Spark's default log4j profile: org/apache/spark/log4j2-defaults.properties","logger":"task.stderr"}
{"timestamp":"2026-07-03T10:42:28.575411Z","level":"error","event":"26/07/03 16:12:28 WARN Utils: Your hostname, Burugulas-MacBook-Air.local, resolves to a loopback address: 127.0.0.1; using 192.168.0.107 instead (on interface en0)","logger":"task.stderr"}
{"timestamp":"2026-07-03T10:42:28.576479Z","level":"error","event":"26/07/03 16:12:28 WARN Utils: Set SPARK_LOCAL_IP if you need to bind to another address","logger":"task.stderr"}
{"timestamp":"2026-07-03T10:42:28.674857Z","level":"error","event":"Using Spark's default log4j profile: org/apache/spark/log4j2-defaults.properties","logger":"task.stderr"}
{"timestamp":"2026-07-03T10:42:28.675012Z","level":"error","event":"Setting default log level to \"WARN\".","logger":"task.stderr"}
{"timestamp":"2026-07-03T10:42:28.675055Z","level":"error","event":"To adjust logging level use sc.setLogLevel(newLevel). For SparkR, use setLogLevel(newLevel).","logger":"task.stderr"}
{"timestamp":"2026-07-03T10:42:28.754018Z","level":"error","event":"26/07/03 16:12:28 WARN NativeCodeLoader: Unable to load native-hadoop library for your platform... using builtin-java classes where applicable","logger":"task.stderr"}
{"timestamp":"2026-07-03T10:42:31.195158Z","level":"error","event":"26/07/03 16:12:31 WARN CSVHeaderChecker: CSV header does not conform to the schema.","logger":"task.stderr"}
{"timestamp":"2026-07-03T10:42:31.195285Z","level":"error","event":" Header: , Player, Span, Mat, Inns, NO, Runs, HS, Ave, BF, SR, 100, 50, 0, Unnamed: 13","logger":"task.stderr"}
{"timestamp":"2026-07-03T10:42:31.195315Z","level":"error","event":" Schema: _c0, Player, Span, Mat, Inns, NO, Runs, HS, Ave, BF, SR, 100, 50, 0, Unnamed: 13","logger":"task.stderr"}
{"timestamp":"2026-07-03T10:42:31.195337Z","level":"error","event":"Expected: _c0 but found:","logger":"task.stderr"}
{"timestamp":"2026-07-03T10:42:31.195356Z","level":"error","event":"CSV file: file:///Users/burugula.sasank/airflow/dags/file_stores/api_dump/cric_data/Batting/ODI%20data.csv","logger":"task.stderr"}
{"timestamp":"2026-07-03T10:42:31.585802Z","level":"error","event":"26/07/03 16:12:31 WARN CSVHeaderChecker: CSV header does not conform to the schema.","logger":"task.stderr"}
{"timestamp":"2026-07-03T10:42:31.585918Z","level":"error","event":" Header: , Player, Span, Mat, Inns, NO, Runs, HS, Ave, BF, SR, 100, 50, 0, 4s, 6s, Unnamed: 15","logger":"task.stderr"}
{"timestamp":"2026-07-03T10:42:31.585948Z","level":"error","event":" Schema: _c0, Player, Span, Mat, Inns, NO, Runs, HS, Ave, BF, SR, 100, 50, 0, 4s, 6s, Unnamed: 15","logger":"task.stderr"}
{"timestamp":"2026-07-03T10:42:31.585970Z","level":"error","event":"Expected: _c0 but found:","logger":"task.stderr"}
{"timestamp":"2026-07-03T10:42:31.585999Z","level":"error","event":"CSV file: file:///Users/burugula.sasank/airflow/dags/file_stores/api_dump/cric_data/Batting/t20.csv","logger":"task.stderr"}
{"timestamp":"2026-07-03T10:42:31.729555Z","level":"error","event":"26/07/03 16:12:31 WARN CSVHeaderChecker: CSV header does not conform to the schema.","logger":"task.stderr"}
{"timestamp":"2026-07-03T10:42:31.729667Z","level":"error","event":" Header: , Player, Span, Mat, Inns, NO, Runs, HS, Ave, 100, 50, 0, Unnamed: 11","logger":"task.stderr"}
{"timestamp":"2026-07-03T10:42:31.729701Z","level":"error","event":" Schema: _c0, Player, Span, Mat, Inns, NO, Runs, HS, Ave, 100, 50, 0, Unnamed: 11","logger":"task.stderr"}
{"timestamp":"2026-07-03T10:42:31.729723Z","level":"error","event":"Expected: _c0 but found:","logger":"task.stderr"}
{"timestamp":"2026-07-03T10:42:31.729752Z","level":"error","event":"CSV file: file:///Users/burugula.sasank/airflow/dags/file_stores/api_dump/cric_data/Batting/test.csv","logger":"task.stderr"}
{"timestamp":"2026-07-03T10:42:31.866894Z","level":"error","event":"26/07/03 16:12:31 WARN CSVHeaderChecker: CSV header does not conform to the schema.","logger":"task.stderr"}
{"timestamp":"2026-07-03T10:42:31.866997Z","level":"error","event":" Header: , Player, Span, Mat, Inns, Balls, Runs, Wkts, BBI, Ave, Econ, SR, 4, 5, Unnamed: 13","logger":"task.stderr"}
{"timestamp":"2026-07-03T10:42:31.867024Z","level":"error","event":" Schema: _c0, Player, Span, Mat, Inns, Balls, Runs, Wkts, BBI, Ave, Econ, SR, 4, 5, Unnamed: 13","logger":"task.stderr"}
{"timestamp":"2026-07-03T10:42:31.867046Z","level":"error","event":"Expected: _c0 but found:","logger":"task.stderr"}
{"timestamp":"2026-07-03T10:42:31.867065Z","level":"error","event":"CSV file: file:///Users/burugula.sasank/airflow/dags/file_stores/api_dump/cric_data/Bowling/Bowling_ODI.csv","logger":"task.stderr"}
{"timestamp":"2026-07-03T10:42:31.991458Z","level":"error","event":"26/07/03 16:12:31 WARN CSVHeaderChecker: CSV header does not conform to the schema.","logger":"task.stderr"}
{"timestamp":"2026-07-03T10:42:31.991563Z","level":"error","event":" Header: , Player, Span, Mat, Inns, Overs, Mdns, Runs, Wkts, BBI, Ave, Econ, SR, 4, 5, Unnamed: 14","logger":"task.stderr"}
{"timestamp":"2026-07-03T10:42:31.991590Z","level":"error","event":" Schema: _c0, Player, Span, Mat, Inns, Overs, Mdns, Runs, Wkts, BBI, Ave, Econ, SR, 4, 5, Unnamed: 14","logger":"task.stderr"}
{"timestamp":"2026-07-03T10:42:31.991615Z","level":"error","event":"Expected: _c0 but found:","logger":"task.stderr"}
{"timestamp":"2026-07-03T10:42:31.991640Z","level":"error","event":"CSV file: file:///Users/burugula.sasank/airflow/dags/file_stores/api_dump/cric_data/Bowling/Bowling_t20.csv","logger":"task.stderr"}
{"timestamp":"2026-07-03T10:42:32.135521Z","level":"error","event":"26/07/03 16:12:32 WARN CSVHeaderChecker: CSV header does not conform to the schema.","logger":"task.stderr"}
{"timestamp":"2026-07-03T10:42:32.135632Z","level":"error","event":" Header: , Player, Span, Mat, Inns, Balls, Runs, Wkts, BBI, BBM, Ave, Econ, SR, 5, 10, Unnamed: 14","logger":"task.stderr"}
{"timestamp":"2026-07-03T10:42:32.135670Z","level":"error","event":" Schema: _c0, Player, Span, Mat, Inns, Balls, Runs, Wkts, BBI, BBM, Ave, Econ, SR, 5, 10, Unnamed: 14","logger":"task.stderr"}
{"timestamp":"2026-07-03T10:42:32.135692Z","level":"error","event":"Expected: _c0 but found:","logger":"task.stderr"}
{"timestamp":"2026-07-03T10:42:32.135717Z","level":"error","event":"CSV file: file:///Users/burugula.sasank/airflow/dags/file_stores/api_dump/cric_data/Bowling/Bowling_test.csv","logger":"task.stderr"}
{"timestamp":"2026-07-03T10:42:32.278308Z","level":"error","event":"26/07/03 16:12:32 WARN CSVHeaderChecker: CSV header does not conform to the schema.","logger":"task.stderr"}
{"timestamp":"2026-07-03T10:42:32.278425Z","level":"error","event":" Header: , Player, Span, Mat, Inns, Dis, Ct, St, Ct Wk, Ct Fi, MD, D/I, Unnamed: 11","logger":"task.stderr"}
{"timestamp":"2026-07-03T10:42:32.278453Z","level":"error","event":" Schema: _c0, Player, Span, Mat, Inns, Dis, Ct, St, Ct Wk, Ct Fi, MD, D/I, Unnamed: 11","logger":"task.stderr"}
{"timestamp":"2026-07-03T10:42:32.278474Z","level":"error","event":"Expected: _c0 but found:","logger":"task.stderr"}
{"timestamp":"2026-07-03T10:42:32.278501Z","level":"error","event":"CSV file: file:///Users/burugula.sasank/airflow/dags/file_stores/api_dump/cric_data/Fielding/Fielding_ODI.csv","logger":"task.stderr"}
{"timestamp":"2026-07-03T10:42:32.385549Z","level":"error","event":"26/07/03 16:12:32 WARN CSVHeaderChecker: CSV header does not conform to the schema.","logger":"task.stderr"}
{"timestamp":"2026-07-03T10:42:32.385653Z","level":"error","event":" Header: , Player, Span, Mat, Inns, Dis, Ct, St, Ct Wk, Ct Fi, MD, D/I, Unnamed: 11","logger":"task.stderr"}
{"timestamp":"2026-07-03T10:42:32.385681Z","level":"error","event":" Schema: _c0, Player, Span, Mat, Inns, Dis, Ct, St, Ct Wk, Ct Fi, MD, D/I, Unnamed: 11","logger":"task.stderr"}
{"timestamp":"2026-07-03T10:42:32.385703Z","level":"error","event":"Expected: _c0 but found:","logger":"task.stderr"}
{"timestamp":"2026-07-03T10:42:32.385722Z","level":"error","event":"CSV file: file:///Users/burugula.sasank/airflow/dags/file_stores/api_dump/cric_data/Fielding/Fielding_t20.csv","logger":"task.stderr"}
{"timestamp":"2026-07-03T10:42:32.498233Z","level":"error","event":"26/07/03 16:12:32 WARN CSVHeaderChecker: CSV header does not conform to the schema.","logger":"task.stderr"}
{"timestamp":"2026-07-03T10:42:32.498336Z","level":"error","event":" Header: , Player, Span, Mat, Inns, Dis, Ct, St, Ct Wk, Ct Fi, MD, D/I, Unnamed: 11","logger":"task.stderr"}
{"timestamp":"2026-07-03T10:42:32.498362Z","level":"error","event":" Schema: _c0, Player, Span, Mat, Inns, Dis, Ct, St, Ct Wk, Ct Fi, MD, D/I, Unnamed: 11","logger":"task.stderr"}
{"timestamp":"2026-07-03T10:42:32.498383Z","level":"error","event":"Expected: _c0 but found:","logger":"task.stderr"}
{"timestamp":"2026-07-03T10:42:32.498406Z","level":"error","event":"CSV file: file:///Users/burugula.sasank/airflow/dags/file_stores/api_dump/cric_data/Fielding/Fielding_test.csv","logger":"task.stderr"}
{"timestamp":"2026-07-03T10:42:32.560182Z","level":"error","event":"26/07/03 16:12:32 WARN CSVHeaderChecker: CSV header does not conform to the schema.","logger":"task.stderr"}
{"timestamp":"2026-07-03T10:42:32.560287Z","level":"error","event":" Header: , Player, Span, Mat, Inns, NO, Runs, HS, Ave, BF, SR, 100, 50, 0, Unnamed: 13","logger":"task.stderr"}
{"timestamp":"2026-07-03T10:42:32.560314Z","level":"error","event":" Schema: _c0, Player, Span, Mat, Inns, NO, Runs, HS, Ave, BF, SR, 100, 50, 0, Unnamed: 13","logger":"task.stderr"}
{"timestamp":"2026-07-03T10:42:32.560336Z","level":"error","event":"Expected: _c0 but found:","logger":"task.stderr"}
{"timestamp":"2026-07-03T10:42:32.560357Z","level":"error","event":"CSV file: file:///Users/burugula.sasank/airflow/dags/file_stores/api_dump/cric_data/Batting/ODI%20data.csv","logger":"task.stderr"}
{"timestamp":"2026-07-03T10:42:32.726406Z","level":"info","event":"Sample Data (ODI Batsmen):","logger":"task.stdout"}
{"timestamp":"2026-07-03T10:42:32.726564Z","level":"info","event":"+---+--------------------+---------+---+----+---+-----+----+-----+-----+-----+---+---+---+-----------+","logger":"task.stdout"}
{"timestamp":"2026-07-03T10:42:32.726615Z","level":"info","event":"|_c0|              Player|     Span|Mat|Inns| NO| Runs|  HS|  Ave|   BF|   SR|100| 50|  0|Unnamed: 13|","logger":"task.stdout"}
{"timestamp":"2026-07-03T10:42:32.726652Z","level":"info","event":"+---+--------------------+---------+---+----+---+-----+----+-----+-----+-----+---+---+---+-----------+","logger":"task.stdout"}
{"timestamp":"2026-07-03T10:42:32.726685Z","level":"info","event":"|  0|SR Tendulkar (INDIA)|1989-2012|463| 452| 41|18426|200*|44.83|21367|86.23| 49| 96| 20|       NULL|","logger":"task.stdout"}
{"timestamp":"2026-07-03T10:42:32.726717Z","level":"info","event":"|  1|KC Sangakkara (As...|2000-2015|404| 380| 41|14234| 169|41.98|18048|78.86| 25| 93| 15|       NULL|","logger":"task.stdout"}
{"timestamp":"2026-07-03T10:42:32.726748Z","level":"info","event":"+---+--------------------+---------+---+----+---+-----+----+-----+-----+-----+---+---+---+-----------+","logger":"task.stdout"}
{"timestamp":"2026-07-03T10:42:32.726790Z","level":"info","event":"only showing top 2 rows","logger":"task.stdout"}
{"timestamp":"2026-07-03T10:42:32.747711Z","level":"info","event":"Bronze Ingestion Success","logger":"task.stdout"}
{"timestamp":"2026-07-03T10:42:32.747972Z","level":"info","event":"Done. Returned value was: ","task_id":"ingest_data_to_filesystem","dag_id":"dag_data","ti_id":"019f2792-8788-779e-8b2f-9dcf9b2573cb","run_id":"manual__2026-07-03T10:42:22.204271+00:00","try_number":1,"map_index":-1,"logger":"airflow.task.operators.airflow.providers.standard.decorators.python._PythonDecoratedOperator","filename":"python.py","lineno":233}
{"timestamp":"2026-07-03T10:42:32.748240Z","level":"info","event":"::group::Post Execute","task_id":"ingest_data_to_filesystem","dag_id":"dag_data","ti_id":"019f2792-8788-779e-8b2f-9dcf9b2573cb","run_id":"manual__2026-07-03T10:42:22.204271+00:00","try_number":1,"map_index":-1,"logger":"task","filename":"task_runner.py","lineno":1288}
{"timestamp":"2026-07-03T10:42:32.748431Z","level":"info","event":"Pushing xcom","ti":"RuntimeTaskInstance(id=UUID('019f2792-8788-779e-8b2f-9dcf9b2573cb'), task_id='ingest_data_to_filesystem', dag_id='dag_data', run_id='manual__2026-07-03T10:42:22.204271+00:00', try_number=1, dag_version_id=UUID('019f25ad-46c6-7fd0-85e3-80d02836df93'), map_index=-1, hostname='burugulas-macbook-air.local', context_carrier={'traceparent': '00-5055b4a0ebe5f8a4d6b85ec4d4400b26-45088bafd171eb97-01'}, task=<Task(_PythonDecoratedOperator): ingest_data_to_filesystem>, bundle_instance=LocalDagBundle(name=dags-folder), max_tries=0, start_date=datetime.datetime(2026, 7, 3, 10, 42, 27, 530630, tzinfo=datetime.timezone.utc), end_date=None, state=<TaskInstanceState.RUNNING: 'running'>, is_mapped=False, rendered_map_index=None, sentry_integration='')","task_id":"ingest_data_to_filesystem","dag_id":"dag_data","ti_id":"019f2792-8788-779e-8b2f-9dcf9b2573cb","run_id":"manual__2026-07-03T10:42:22.204271+00:00","try_number":1,"map_index":-1,"logger":"task","filename":"task_runner.py","lineno":1791}
{"timestamp":"2026-07-03T10:42:32.757165Z","level":"info","event":"::endgroup::","task_id":"ingest_data_to_filesystem","dag_id":"dag_data","ti_id":"019f2792-8788-779e-8b2f-9dcf9b2573cb","run_id":"manual__2026-07-03T10:42:22.204271+00:00","try_number":1,"map_index":-1,"logger":"task","filename":"task_runner.py","lineno":1896}
