{"timestamp":"2026-07-04T10:14:47.673779Z","level":"info","event":"2026-07-04T10:14:47.673631Z [info     ] ::group::Pre Execute           [task] loc=task_runner.py:1926","logger":"task.stdout"}
{"timestamp":"2026-07-04T10:14:47.755925Z","level":"info","event":"setup plugin alembic.autogenerate.schemas","logger":"alembic.runtime.plugins","map_index":-1,"run_id":"manual__2026-07-04T10:14:35.964753+00:00","ti_id":"019f2c9f-76ca-7fa0-9376-557c8906e201","try_number":1,"task_id":"transform_data_from_filesystem","dag_id":"dag_data","filename":"plugins.py","lineno":37}
{"timestamp":"2026-07-04T10:14:47.755996Z","level":"info","event":"setup plugin alembic.autogenerate.tables","logger":"alembic.runtime.plugins","map_index":-1,"run_id":"manual__2026-07-04T10:14:35.964753+00:00","ti_id":"019f2c9f-76ca-7fa0-9376-557c8906e201","try_number":1,"task_id":"transform_data_from_filesystem","dag_id":"dag_data","filename":"plugins.py","lineno":37}
{"timestamp":"2026-07-04T10:14:47.756029Z","level":"info","event":"setup plugin alembic.autogenerate.types","logger":"alembic.runtime.plugins","map_index":-1,"run_id":"manual__2026-07-04T10:14:35.964753+00:00","ti_id":"019f2c9f-76ca-7fa0-9376-557c8906e201","try_number":1,"task_id":"transform_data_from_filesystem","dag_id":"dag_data","filename":"plugins.py","lineno":37}
{"timestamp":"2026-07-04T10:14:47.756053Z","level":"info","event":"setup plugin alembic.autogenerate.constraints","logger":"alembic.runtime.plugins","map_index":-1,"run_id":"manual__2026-07-04T10:14:35.964753+00:00","ti_id":"019f2c9f-76ca-7fa0-9376-557c8906e201","try_number":1,"task_id":"transform_data_from_filesystem","dag_id":"dag_data","filename":"plugins.py","lineno":37}
{"timestamp":"2026-07-04T10:14:47.756074Z","level":"info","event":"setup plugin alembic.autogenerate.defaults","logger":"alembic.runtime.plugins","map_index":-1,"run_id":"manual__2026-07-04T10:14:35.964753+00:00","ti_id":"019f2c9f-76ca-7fa0-9376-557c8906e201","try_number":1,"task_id":"transform_data_from_filesystem","dag_id":"dag_data","filename":"plugins.py","lineno":37}
{"timestamp":"2026-07-04T10:14:47.756094Z","level":"info","event":"setup plugin alembic.autogenerate.comments","logger":"alembic.runtime.plugins","map_index":-1,"run_id":"manual__2026-07-04T10:14:35.964753+00:00","ti_id":"019f2c9f-76ca-7fa0-9376-557c8906e201","try_number":1,"task_id":"transform_data_from_filesystem","dag_id":"dag_data","filename":"plugins.py","lineno":37}
{"timestamp":"2026-07-04T10:14:47.797695Z","level":"info","event":"DAG bundles loaded: dags-folder","map_index":-1,"run_id":"manual__2026-07-04T10:14:35.964753+00:00","ti_id":"019f2c9f-76ca-7fa0-9376-557c8906e201","try_number":1,"task_id":"transform_data_from_filesystem","dag_id":"dag_data","logger":"airflow.dag_processing.bundles.manager.DagBundlesManager","filename":"manager.py","lineno":209}
{"timestamp":"2026-07-04T10:14:47.797906Z","level":"info","event":"Filling up the DagBag from /Users/burugula.sasank/airflow/dags/etl_scheduler.py","map_index":-1,"run_id":"manual__2026-07-04T10:14:35.964753+00:00","ti_id":"019f2c9f-76ca-7fa0-9376-557c8906e201","try_number":1,"task_id":"transform_data_from_filesystem","dag_id":"dag_data","logger":"airflow.dag_processing.dagbag.BundleDagBag","filename":"dagbag.py","lineno":469}
{"timestamp":"2026-07-04T10:14:47.832567Z","level":"warning","event":"The `airflow.decorators.task` attribute is deprecated. Please use `'airflow.sdk.task'`.","category":"UserWarning","filename":"/Users/burugula.sasank/airflow/dags/etl_scheduler.py","lineno":1,"map_index":-1,"run_id":"manual__2026-07-04T10:14:35.964753+00:00","ti_id":"019f2c9f-76ca-7fa0-9376-557c8906e201","try_number":1,"task_id":"transform_data_from_filesystem","dag_id":"dag_data","logger":"py.warnings"}
{"timestamp":"2026-07-04T10:14:47.832618Z","level":"warning","event":"The `airflow.decorators.dag` attribute is deprecated. Please use `'airflow.sdk.dag'`.","category":"UserWarning","filename":"/Users/burugula.sasank/airflow/dags/etl_scheduler.py","lineno":1,"map_index":-1,"run_id":"manual__2026-07-04T10:14:35.964753+00:00","ti_id":"019f2c9f-76ca-7fa0-9376-557c8906e201","try_number":1,"task_id":"transform_data_from_filesystem","dag_id":"dag_data","logger":"py.warnings"}
{"timestamp":"2026-07-04T10:14:47.832642Z","level":"warning","event":"The `airflow.hooks.base.BaseHook` attribute is deprecated. Please use `'airflow.sdk.bases.hook.BaseHook'`.","category":"UserWarning","filename":"/Users/burugula.sasank/airflow/dags/etl_scheduler.py","lineno":2,"map_index":-1,"run_id":"manual__2026-07-04T10:14:35.964753+00:00","ti_id":"019f2c9f-76ca-7fa0-9376-557c8906e201","try_number":1,"task_id":"transform_data_from_filesystem","dag_id":"dag_data","logger":"py.warnings"}
{"timestamp":"2026-07-04T10:14:47.845117Z","level":"info","event":"::endgroup::","map_index":-1,"run_id":"manual__2026-07-04T10:14:35.964753+00:00","ti_id":"019f2c9f-76ca-7fa0-9376-557c8906e201","try_number":1,"task_id":"transform_data_from_filesystem","dag_id":"dag_data","logger":"task","filename":"task_runner.py","lineno":1727}
{"timestamp":"2026-07-04T10:14:47.926165Z","level":"error","event":"/Library/Frameworks/Python.framework/Versions/3.14/lib/python3.14/site-packages/pyspark/sql/udf.py:134: UserWarning: Cannot infer the eval type from type hints.","logger":"task.stderr"}
{"timestamp":"2026-07-04T10:14:47.926256Z","level":"error","event":"  warnings.warn(\"Cannot infer the eval type from type hints. \", UserWarning)","logger":"task.stderr"}
{"timestamp":"2026-07-04T10:14:48.060645Z","level":"error","event":"WARNING: Using incubator modules: jdk.incubator.vector","logger":"task.stderr"}
{"timestamp":"2026-07-04T10:14:48.417575Z","level":"error","event":"Using Spark's default log4j profile: org/apache/spark/log4j2-defaults.properties","logger":"task.stderr"}
{"timestamp":"2026-07-04T10:14:48.422913Z","level":"error","event":"26/07/04 15:44:48 WARN Utils: Your hostname, Burugulas-MacBook-Air.local, resolves to a loopback address: 127.0.0.1; using 192.168.0.107 instead (on interface en0)","logger":"task.stderr"}
{"timestamp":"2026-07-04T10:14:48.423887Z","level":"error","event":"26/07/04 15:44:48 WARN Utils: Set SPARK_LOCAL_IP if you need to bind to another address","logger":"task.stderr"}
{"timestamp":"2026-07-04T10:14:48.484223Z","level":"error","event":":: loading settings :: url = jar:file:/Library/Frameworks/Python.framework/Versions/3.14/lib/python3.14/site-packages/pyspark/jars/ivy-2.5.3.jar!/org/apache/ivy/core/settings/ivysettings.xml","logger":"task.stderr"}
{"timestamp":"2026-07-04T10:14:48.514526Z","level":"error","event":"Ivy Default Cache set to: /Users/burugula.sasank/.ivy2.5.2/cache","logger":"task.stderr"}
{"timestamp":"2026-07-04T10:14:48.514631Z","level":"error","event":"The jars for the packages stored in: /Users/burugula.sasank/.ivy2.5.2/jars","logger":"task.stderr"}
{"timestamp":"2026-07-04T10:14:48.515765Z","level":"error","event":"org.postgresql#postgresql added as a dependency","logger":"task.stderr"}
{"timestamp":"2026-07-04T10:14:48.516003Z","level":"error","event":":: resolving dependencies :: org.apache.spark#spark-submit-parent-b12fd1c5-a5b2-4aed-b474-08cbe6b01848;1.0","logger":"task.stderr"}
{"timestamp":"2026-07-04T10:14:48.516057Z","level":"error","event":"\tconfs: [default]","logger":"task.stderr"}
{"timestamp":"2026-07-04T10:14:48.557269Z","level":"error","event":"\tfound org.postgresql#postgresql;42.7.3 in central","logger":"task.stderr"}
{"timestamp":"2026-07-04T10:14:48.565887Z","level":"error","event":"\tfound org.checkerframework#checker-qual;3.42.0 in central","logger":"task.stderr"}
{"timestamp":"2026-07-04T10:14:48.571729Z","level":"error","event":":: resolution report :: resolve 54ms :: artifacts dl 2ms","logger":"task.stderr"}
{"timestamp":"2026-07-04T10:14:48.571874Z","level":"error","event":"\t:: modules in use:","logger":"task.stderr"}
{"timestamp":"2026-07-04T10:14:48.571907Z","level":"error","event":"\torg.checkerframework#checker-qual;3.42.0 from central in [default]","logger":"task.stderr"}
{"timestamp":"2026-07-04T10:14:48.571932Z","level":"error","event":"\torg.postgresql#postgresql;42.7.3 from central in [default]","logger":"task.stderr"}
{"timestamp":"2026-07-04T10:14:48.571953Z","level":"error","event":"\t---------------------------------------------------------------------","logger":"task.stderr"}
{"timestamp":"2026-07-04T10:14:48.571987Z","level":"error","event":"\t|                  |            modules            ||   artifacts   |","logger":"task.stderr"}
{"timestamp":"2026-07-04T10:14:48.572032Z","level":"error","event":"\t|       conf       | number| search|dwnlded|evicted|| number|dwnlded|","logger":"task.stderr"}
{"timestamp":"2026-07-04T10:14:48.572053Z","level":"error","event":"\t---------------------------------------------------------------------","logger":"task.stderr"}
{"timestamp":"2026-07-04T10:14:48.572071Z","level":"error","event":"\t|      default     |   2   |   0   |   0   |   0   ||   2   |   0   |","logger":"task.stderr"}
{"timestamp":"2026-07-04T10:14:48.572090Z","level":"error","event":"\t---------------------------------------------------------------------","logger":"task.stderr"}
{"timestamp":"2026-07-04T10:14:48.573053Z","level":"error","event":":: retrieving :: org.apache.spark#spark-submit-parent-b12fd1c5-a5b2-4aed-b474-08cbe6b01848","logger":"task.stderr"}
{"timestamp":"2026-07-04T10:14:48.573132Z","level":"error","event":"\tconfs: [default]","logger":"task.stderr"}
{"timestamp":"2026-07-04T10:14:48.574845Z","level":"error","event":"\t0 artifacts copied, 2 already retrieved (0kB/1ms)","logger":"task.stderr"}
{"timestamp":"2026-07-04T10:14:48.635731Z","level":"error","event":"26/07/04 15:44:48 WARN NativeCodeLoader: Unable to load native-hadoop library for your platform... using builtin-java classes where applicable","logger":"task.stderr"}
{"timestamp":"2026-07-04T10:14:48.686346Z","level":"error","event":"Using Spark's default log4j profile: org/apache/spark/log4j2-defaults.properties","logger":"task.stderr"}
{"timestamp":"2026-07-04T10:14:48.686573Z","level":"error","event":"Setting default log level to \"WARN\".","logger":"task.stderr"}
{"timestamp":"2026-07-04T10:14:48.686655Z","level":"error","event":"To adjust logging level use sc.setLogLevel(newLevel). For SparkR, use setLogLevel(newLevel).","logger":"task.stderr"}
{"timestamp":"2026-07-04T10:14:51.752412Z","level":"error","event":"Traceback (most recent call last):","logger":"task.stderr"}
{"timestamp":"2026-07-04T10:14:51.752695Z","level":"error","event":"  File \"/Users/burugula.sasank/airflow/dags/spark/notebooks/silver_layer/data_transformations.py\", line 286, in <module>","logger":"task.stderr"}
{"timestamp":"2026-07-04T10:14:51.752733Z","level":"error","event":"    write_to_database(data_silver_batsmen_odi,\"batsmen_odi\")","logger":"task.stderr"}
{"timestamp":"2026-07-04T10:14:51.752761Z","level":"error","event":"    ~~~~~~~~~~~~~~~~~^^^^^^^^^^^^^^^^^^^^^^^^^^^^^^^^^^^^^^^","logger":"task.stderr"}
{"timestamp":"2026-07-04T10:14:51.752785Z","level":"error","event":"  File \"/Users/burugula.sasank/airflow/dags/spark/notebooks/silver_layer/data_transformations.py\", line 179, in write_to_database","logger":"task.stderr"}
{"timestamp":"2026-07-04T10:14:51.752810Z","level":"error","event":"    option(\"driver\",os.getenv(\"DATABASE_DRIVER\")).option(\"dbtable\",dbtable).option(\"user\",os.getenv(\"USER_NAME\")).option(\"cascadeTruncate\", \"true\").option(\"password\",os.getenv(\"PASSWORD\")).save()","logger":"task.stderr"}
{"timestamp":"2026-07-04T10:14:51.752833Z","level":"error","event":"                                                                                                                                                                                             ~~~~^^","logger":"task.stderr"}
{"timestamp":"2026-07-04T10:14:51.752854Z","level":"error","event":"  File \"/Library/Frameworks/Python.framework/Versions/3.14/lib/python3.14/site-packages/pyspark/sql/readwriter.py\", line 1743, in save","logger":"task.stderr"}
{"timestamp":"2026-07-04T10:14:51.752876Z","level":"error","event":"    self._jwrite.save()","logger":"task.stderr"}
{"timestamp":"2026-07-04T10:14:51.752898Z","level":"error","event":"    ~~~~~~~~~~~~~~~~~^^","logger":"task.stderr"}
{"timestamp":"2026-07-04T10:14:51.752918Z","level":"error","event":"  File \"/Library/Frameworks/Python.framework/Versions/3.14/lib/python3.14/site-packages/py4j/java_gateway.py\", line 1362, in __call__","logger":"task.stderr"}
{"timestamp":"2026-07-04T10:14:51.752943Z","level":"error","event":"    return_value = get_return_value(","logger":"task.stderr"}
{"timestamp":"2026-07-04T10:14:51.752964Z","level":"error","event":"        answer, self.gateway_client, self.target_id, self.name)","logger":"task.stderr"}
{"timestamp":"2026-07-04T10:14:51.753032Z","level":"error","event":"  File \"/Library/Frameworks/Python.framework/Versions/3.14/lib/python3.14/site-packages/pyspark/errors/exceptions/captured.py\", line 263, in deco","logger":"task.stderr"}
{"timestamp":"2026-07-04T10:14:51.753059Z","level":"error","event":"    return f(*a, **kw)","logger":"task.stderr"}
{"timestamp":"2026-07-04T10:14:51.753077Z","level":"error","event":"  File \"/Library/Frameworks/Python.framework/Versions/3.14/lib/python3.14/site-packages/py4j/protocol.py\", line 327, in get_return_value","logger":"task.stderr"}
{"timestamp":"2026-07-04T10:14:51.753095Z","level":"error","event":"    raise Py4JJavaError(","logger":"task.stderr"}
{"timestamp":"2026-07-04T10:14:51.753113Z","level":"error","event":"        \"An error occurred while calling {0}{1}{2}.\\n\".","logger":"task.stderr"}
{"timestamp":"2026-07-04T10:14:51.753130Z","level":"error","event":"        format(target_id, \".\", name), value)","logger":"task.stderr"}
{"timestamp":"2026-07-04T10:14:51.753148Z","level":"error","event":"py4j.protocol.Py4JJavaError: An error occurred while calling o1180.save.","logger":"task.stderr"}
{"timestamp":"2026-07-04T10:14:51.753168Z","level":"error","event":": org.postgresql.util.PSQLException: ERROR: cannot drop table batsmen_odi because other objects depend on it","logger":"task.stderr"}
{"timestamp":"2026-07-04T10:14:51.753195Z","level":"error","event":"  Detail: materialized view odi_batsmen_stats_country_wise depends on table batsmen_odi","logger":"task.stderr"}
{"timestamp":"2026-07-04T10:14:51.753214Z","level":"error","event":"  Hint: Use DROP ... CASCADE to drop the dependent objects too.","logger":"task.stderr"}
{"timestamp":"2026-07-04T10:14:51.753232Z","level":"error","event":"\tat org.postgresql.core.v3.QueryExecutorImpl.receiveErrorResponse(QueryExecutorImpl.java:2725)","logger":"task.stderr"}
{"timestamp":"2026-07-04T10:14:51.753250Z","level":"error","event":"\tat org.postgresql.core.v3.QueryExecutorImpl.processResults(QueryExecutorImpl.java:2412)","logger":"task.stderr"}
{"timestamp":"2026-07-04T10:14:51.753268Z","level":"error","event":"\tat org.postgresql.core.v3.QueryExecutorImpl.execute(QueryExecutorImpl.java:371)","logger":"task.stderr"}
{"timestamp":"2026-07-04T10:14:51.753291Z","level":"error","event":"\tat org.postgresql.jdbc.PgStatement.executeInternal(PgStatement.java:502)","logger":"task.stderr"}
{"timestamp":"2026-07-04T10:14:51.753312Z","level":"error","event":"\tat org.postgresql.jdbc.PgStatement.execute(PgStatement.java:419)","logger":"task.stderr"}
{"timestamp":"2026-07-04T10:14:51.753330Z","level":"error","event":"\tat org.postgresql.jdbc.PgStatement.executeWithFlags(PgStatement.java:341)","logger":"task.stderr"}
{"timestamp":"2026-07-04T10:14:51.753346Z","level":"error","event":"\tat org.postgresql.jdbc.PgStatement.executeCachedSql(PgStatement.java:326)","logger":"task.stderr"}
{"timestamp":"2026-07-04T10:14:51.753362Z","level":"error","event":"\tat org.postgresql.jdbc.PgStatement.executeWithFlags(PgStatement.java:302)","logger":"task.stderr"}
{"timestamp":"2026-07-04T10:14:51.753379Z","level":"error","event":"\tat org.postgresql.jdbc.PgStatement.executeUpdate(PgStatement.java:275)","logger":"task.stderr"}
{"timestamp":"2026-07-04T10:14:51.753395Z","level":"error","event":"\tat org.apache.spark.sql.execution.datasources.jdbc.JdbcUtils$.executeStatement(JdbcUtils.scala:1210)","logger":"task.stderr"}
{"timestamp":"2026-07-04T10:14:51.753417Z","level":"error","event":"\tat org.apache.spark.sql.execution.datasources.jdbc.JdbcUtils$.dropTable(JdbcUtils.scala:90)","logger":"task.stderr"}
{"timestamp":"2026-07-04T10:14:51.753443Z","level":"error","event":"\tat org.apache.spark.sql.execution.datasources.jdbc.JdbcRelationProvider.createRelation(JdbcRelationProvider.scala:73)","logger":"task.stderr"}
{"timestamp":"2026-07-04T10:14:51.753460Z","level":"error","event":"\tat org.apache.spark.sql.execution.datasources.SaveIntoDataSourceCommand.run(SaveIntoDataSourceCommand.scala:55)","logger":"task.stderr"}
{"timestamp":"2026-07-04T10:14:51.753476Z","level":"error","event":"\tat org.apache.spark.sql.execution.command.ExecutedCommandExec.sideEffectResult$lzycompute(commands.scala:79)","logger":"task.stderr"}
{"timestamp":"2026-07-04T10:14:51.753493Z","level":"error","event":"\tat org.apache.spark.sql.execution.command.ExecutedCommandExec.sideEffectResult(commands.scala:77)","logger":"task.stderr"}
{"timestamp":"2026-07-04T10:14:51.753510Z","level":"error","event":"\tat org.apache.spark.sql.execution.command.ExecutedCommandExec.executeCollect(commands.scala:88)","logger":"task.stderr"}
{"timestamp":"2026-07-04T10:14:51.753526Z","level":"error","event":"\tat org.apache.spark.sql.execution.QueryExecution.$anonfun$eagerlyExecuteCommands$2(QueryExecution.scala:185)","logger":"task.stderr"}
{"timestamp":"2026-07-04T10:14:51.753549Z","level":"error","event":"\tat org.apache.spark.sql.execution.SQLExecution$.$anonfun$withNewExecutionId0$8(SQLExecution.scala:177)","logger":"task.stderr"}
{"timestamp":"2026-07-04T10:14:51.753566Z","level":"error","event":"\tat org.apache.spark.sql.execution.SQLExecution$.withSessionTagsApplied(SQLExecution.scala:285)","logger":"task.stderr"}
{"timestamp":"2026-07-04T10:14:51.753582Z","level":"error","event":"\tat org.apache.spark.sql.execution.SQLExecution$.$anonfun$withNewExecutionId0$7(SQLExecution.scala:139)","logger":"task.stderr"}
{"timestamp":"2026-07-04T10:14:51.753599Z","level":"error","event":"\tat org.apache.spark.JobArtifactSet$.withActiveJobArtifactState(JobArtifactSet.scala:94)","logger":"task.stderr"}
{"timestamp":"2026-07-04T10:14:51.753615Z","level":"error","event":"\tat org.apache.spark.sql.artifact.ArtifactManager.$anonfun$withResources$1(ArtifactManager.scala:112)","logger":"task.stderr"}
{"timestamp":"2026-07-04T10:14:51.753631Z","level":"error","event":"\tat org.apache.spark.sql.artifact.ArtifactManager.withClassLoaderIfNeeded(ArtifactManager.scala:106)","logger":"task.stderr"}
{"timestamp":"2026-07-04T10:14:51.753647Z","level":"error","event":"\tat org.apache.spark.sql.artifact.ArtifactManager.withResources(ArtifactManager.scala:111)","logger":"task.stderr"}
{"timestamp":"2026-07-04T10:14:51.753664Z","level":"error","event":"\tat org.apache.spark.sql.execution.SQLExecution$.$anonfun$withNewExecutionId0$6(SQLExecution.scala:139)","logger":"task.stderr"}
{"timestamp":"2026-07-04T10:14:51.753680Z","level":"error","event":"\tat org.apache.spark.sql.execution.SQLExecution$.withSQLConfPropagated(SQLExecution.scala:308)","logger":"task.stderr"}
{"timestamp":"2026-07-04T10:14:51.753696Z","level":"error","event":"\tat org.apache.spark.sql.execution.SQLExecution$.$anonfun$withNewExecutionId0$1(SQLExecution.scala:138)","logger":"task.stderr"}
{"timestamp":"2026-07-04T10:14:51.753713Z","level":"error","event":"\tat org.apache.spark.sql.SparkSession.withActive(SparkSession.scala:804)","logger":"task.stderr"}
{"timestamp":"2026-07-04T10:14:51.753730Z","level":"error","event":"\tat org.apache.spark.sql.execution.SQLExecution$.withNewExecutionId0(SQLExecution.scala:92)","logger":"task.stderr"}
{"timestamp":"2026-07-04T10:14:51.753746Z","level":"error","event":"\tat org.apache.spark.sql.execution.SQLExecution$.withNewExecutionId(SQLExecution.scala:250)","logger":"task.stderr"}
{"timestamp":"2026-07-04T10:14:51.753762Z","level":"error","event":"\tat org.apache.spark.sql.execution.QueryExecution.$anonfun$eagerlyExecuteCommands$1(QueryExecution.scala:185)","logger":"task.stderr"}
{"timestamp":"2026-07-04T10:14:51.753778Z","level":"error","event":"\tat org.apache.spark.sql.execution.QueryExecution$.withInternalError(QueryExecution.scala:717)","logger":"task.stderr"}
{"timestamp":"2026-07-04T10:14:51.753797Z","level":"error","event":"\tat org.apache.spark.sql.execution.QueryExecution.org$apache$spark$sql$execution$QueryExecution$$eagerlyExecute$1(QueryExecution.scala:184)","logger":"task.stderr"}
{"timestamp":"2026-07-04T10:14:51.753813Z","level":"error","event":"\tat org.apache.spark.sql.execution.QueryExecution$$anonfun$eagerlyExecuteCommands$3.applyOrElse(QueryExecution.scala:201)","logger":"task.stderr"}
{"timestamp":"2026-07-04T10:14:51.753861Z","level":"error","event":"\tat org.apache.spark.sql.execution.QueryExecution$$anonfun$eagerlyExecuteCommands$3.applyOrElse(QueryExecution.scala:194)","logger":"task.stderr"}
{"timestamp":"2026-07-04T10:14:51.753885Z","level":"error","event":"\tat org.apache.spark.sql.catalyst.trees.TreeNode.$anonfun$transformDownWithPruning$1(TreeNode.scala:491)","logger":"task.stderr"}
{"timestamp":"2026-07-04T10:14:51.753902Z","level":"error","event":"\tat org.apache.spark.sql.catalyst.trees.CurrentOrigin$.withOrigin(origin.scala:107)","logger":"task.stderr"}
{"timestamp":"2026-07-04T10:14:51.753919Z","level":"error","event":"\tat org.apache.spark.sql.catalyst.trees.TreeNode.transformDownWithPruning(TreeNode.scala:491)","logger":"task.stderr"}
{"timestamp":"2026-07-04T10:14:51.753936Z","level":"error","event":"\tat org.apache.spark.sql.catalyst.plans.logical.LogicalPlan.org$apache$spark$sql$catalyst$plans$logical$AnalysisHelper$$super$transformDownWithPruning(LogicalPlan.scala:37)","logger":"task.stderr"}
{"timestamp":"2026-07-04T10:14:51.753954Z","level":"error","event":"\tat org.apache.spark.sql.catalyst.plans.logical.AnalysisHelper.transformDownWithPruning(AnalysisHelper.scala:360)","logger":"task.stderr"}
{"timestamp":"2026-07-04T10:14:51.753971Z","level":"error","event":"\tat org.apache.spark.sql.catalyst.plans.logical.AnalysisHelper.transformDownWithPruning$(AnalysisHelper.scala:356)","logger":"task.stderr"}
{"timestamp":"2026-07-04T10:14:51.753987Z","level":"error","event":"\tat org.apache.spark.sql.catalyst.plans.logical.LogicalPlan.transformDownWithPruning(LogicalPlan.scala:37)","logger":"task.stderr"}
{"timestamp":"2026-07-04T10:14:51.754007Z","level":"error","event":"\tat org.apache.spark.sql.catalyst.plans.logical.LogicalPlan.transformDownWithPruning(LogicalPlan.scala:37)","logger":"task.stderr"}
{"timestamp":"2026-07-04T10:14:51.754024Z","level":"error","event":"\tat org.apache.spark.sql.catalyst.trees.TreeNode.transformDown(TreeNode.scala:467)","logger":"task.stderr"}
{"timestamp":"2026-07-04T10:14:51.754041Z","level":"error","event":"\tat org.apache.spark.sql.execution.QueryExecution.eagerlyExecuteCommands(QueryExecution.scala:194)","logger":"task.stderr"}
{"timestamp":"2026-07-04T10:14:51.754058Z","level":"error","event":"\tat org.apache.spark.sql.execution.QueryExecution.$anonfun$lazyCommandExecuted$1(QueryExecution.scala:155)","logger":"task.stderr"}
{"timestamp":"2026-07-04T10:14:51.754075Z","level":"error","event":"\tat scala.util.Try$.apply(Try.scala:217)","logger":"task.stderr"}
{"timestamp":"2026-07-04T10:14:51.754092Z","level":"error","event":"\tat org.apache.spark.util.Utils$.doTryWithCallerStacktrace(Utils.scala:1392)","logger":"task.stderr"}
{"timestamp":"2026-07-04T10:14:51.754108Z","level":"error","event":"\tat org.apache.spark.util.Utils$.getTryWithCallerStacktrace(Utils.scala:1453)","logger":"task.stderr"}
{"timestamp":"2026-07-04T10:14:51.754125Z","level":"error","event":"\tat org.apache.spark.util.LazyTry.get(LazyTry.scala:58)","logger":"task.stderr"}
{"timestamp":"2026-07-04T10:14:51.754142Z","level":"error","event":"\tat org.apache.spark.sql.execution.QueryExecution.commandExecuted(QueryExecution.scala:160)","logger":"task.stderr"}
{"timestamp":"2026-07-04T10:14:51.754159Z","level":"error","event":"\tat org.apache.spark.sql.execution.QueryExecution.assertCommandExecuted(QueryExecution.scala:239)","logger":"task.stderr"}
{"timestamp":"2026-07-04T10:14:51.754175Z","level":"error","event":"\tat org.apache.spark.sql.classic.DataFrameWriter.runCommand(DataFrameWriter.scala:592)","logger":"task.stderr"}
{"timestamp":"2026-07-04T10:14:51.754191Z","level":"error","event":"\tat org.apache.spark.sql.classic.DataFrameWriter.save(DataFrameWriter.scala:126)","logger":"task.stderr"}
{"timestamp":"2026-07-04T10:14:51.754210Z","level":"error","event":"\tat java.base/jdk.internal.reflect.NativeMethodAccessorImpl.invoke0(Native Method)","logger":"task.stderr"}
{"timestamp":"2026-07-04T10:14:51.754226Z","level":"error","event":"\tat java.base/jdk.internal.reflect.NativeMethodAccessorImpl.invoke(NativeMethodAccessorImpl.java:76)","logger":"task.stderr"}
{"timestamp":"2026-07-04T10:14:51.754242Z","level":"error","event":"\tat java.base/jdk.internal.reflect.DelegatingMethodAccessorImpl.invoke(DelegatingMethodAccessorImpl.java:52)","logger":"task.stderr"}
{"timestamp":"2026-07-04T10:14:51.754259Z","level":"error","event":"\tat java.base/java.lang.reflect.Method.invoke(Method.java:578)","logger":"task.stderr"}
{"timestamp":"2026-07-04T10:14:51.754275Z","level":"error","event":"\tat py4j.reflection.MethodInvoker.invoke(MethodInvoker.java:244)","logger":"task.stderr"}
{"timestamp":"2026-07-04T10:14:51.754292Z","level":"error","event":"\tat py4j.reflection.ReflectionEngine.invoke(ReflectionEngine.java:374)","logger":"task.stderr"}
{"timestamp":"2026-07-04T10:14:51.754308Z","level":"error","event":"\tat py4j.Gateway.invoke(Gateway.java:282)","logger":"task.stderr"}
{"timestamp":"2026-07-04T10:14:51.754324Z","level":"error","event":"\tat py4j.commands.AbstractCommand.invokeMethod(AbstractCommand.java:132)","logger":"task.stderr"}
{"timestamp":"2026-07-04T10:14:51.754341Z","level":"error","event":"\tat py4j.commands.CallCommand.execute(CallCommand.java:79)","logger":"task.stderr"}
{"timestamp":"2026-07-04T10:14:51.754357Z","level":"error","event":"\tat py4j.ClientServerConnection.waitForCommands(ClientServerConnection.java:184)","logger":"task.stderr"}
{"timestamp":"2026-07-04T10:14:51.754373Z","level":"error","event":"\tat py4j.ClientServerConnection.run(ClientServerConnection.java:108)","logger":"task.stderr"}
{"timestamp":"2026-07-04T10:14:51.754390Z","level":"error","event":"\tat java.base/java.lang.Thread.run(Thread.java:1589)","logger":"task.stderr"}
{"timestamp":"2026-07-04T10:14:51.754406Z","level":"error","event":"\tSuppressed: org.apache.spark.util.Utils$OriginalTryStackTraceException: Full stacktrace of original doTryWithCallerStacktrace caller","logger":"task.stderr"}
{"timestamp":"2026-07-04T10:14:51.754422Z","level":"error","event":"\t\tat org.postgresql.core.v3.QueryExecutorImpl.receiveErrorResponse(QueryExecutorImpl.java:2725)","logger":"task.stderr"}
{"timestamp":"2026-07-04T10:14:51.754438Z","level":"error","event":"\t\tat org.postgresql.core.v3.QueryExecutorImpl.processResults(QueryExecutorImpl.java:2412)","logger":"task.stderr"}
{"timestamp":"2026-07-04T10:14:51.754454Z","level":"error","event":"\t\tat org.postgresql.core.v3.QueryExecutorImpl.execute(QueryExecutorImpl.java:371)","logger":"task.stderr"}
{"timestamp":"2026-07-04T10:14:51.754470Z","level":"error","event":"\t\tat org.postgresql.jdbc.PgStatement.executeInternal(PgStatement.java:502)","logger":"task.stderr"}
{"timestamp":"2026-07-04T10:14:51.754486Z","level":"error","event":"\t\tat org.postgresql.jdbc.PgStatement.execute(PgStatement.java:419)","logger":"task.stderr"}
{"timestamp":"2026-07-04T10:14:51.754502Z","level":"error","event":"\t\tat org.postgresql.jdbc.PgStatement.executeWithFlags(PgStatement.java:341)","logger":"task.stderr"}
{"timestamp":"2026-07-04T10:14:51.754518Z","level":"error","event":"\t\tat org.postgresql.jdbc.PgStatement.executeCachedSql(PgStatement.java:326)","logger":"task.stderr"}
{"timestamp":"2026-07-04T10:14:51.754534Z","level":"error","event":"\t\tat org.postgresql.jdbc.PgStatement.executeWithFlags(PgStatement.java:302)","logger":"task.stderr"}
{"timestamp":"2026-07-04T10:14:51.754550Z","level":"error","event":"\t\tat org.postgresql.jdbc.PgStatement.executeUpdate(PgStatement.java:275)","logger":"task.stderr"}
{"timestamp":"2026-07-04T10:14:51.754566Z","level":"error","event":"\t\tat org.apache.spark.sql.execution.datasources.jdbc.JdbcUtils$.executeStatement(JdbcUtils.scala:1210)","logger":"task.stderr"}
{"timestamp":"2026-07-04T10:14:51.754584Z","level":"error","event":"\t\tat org.apache.spark.sql.execution.datasources.jdbc.JdbcUtils$.dropTable(JdbcUtils.scala:90)","logger":"task.stderr"}
{"timestamp":"2026-07-04T10:14:51.754601Z","level":"error","event":"\t\tat org.apache.spark.sql.execution.datasources.jdbc.JdbcRelationProvider.createRelation(JdbcRelationProvider.scala:73)","logger":"task.stderr"}
{"timestamp":"2026-07-04T10:14:51.754617Z","level":"error","event":"\t\tat org.apache.spark.sql.execution.datasources.SaveIntoDataSourceCommand.run(SaveIntoDataSourceCommand.scala:55)","logger":"task.stderr"}
{"timestamp":"2026-07-04T10:14:51.754660Z","level":"error","event":"\t\tat org.apache.spark.sql.execution.command.ExecutedCommandExec.sideEffectResult$lzycompute(commands.scala:79)","logger":"task.stderr"}
{"timestamp":"2026-07-04T10:14:51.754679Z","level":"error","event":"\t\tat org.apache.spark.sql.execution.command.ExecutedCommandExec.sideEffectResult(commands.scala:77)","logger":"task.stderr"}
{"timestamp":"2026-07-04T10:14:51.754695Z","level":"error","event":"\t\tat org.apache.spark.sql.execution.command.ExecutedCommandExec.executeCollect(commands.scala:88)","logger":"task.stderr"}
{"timestamp":"2026-07-04T10:14:51.754711Z","level":"error","event":"\t\tat org.apache.spark.sql.execution.QueryExecution.$anonfun$eagerlyExecuteCommands$2(QueryExecution.scala:185)","logger":"task.stderr"}
{"timestamp":"2026-07-04T10:14:51.754728Z","level":"error","event":"\t\tat org.apache.spark.sql.execution.SQLExecution$.$anonfun$withNewExecutionId0$8(SQLExecution.scala:177)","logger":"task.stderr"}
{"timestamp":"2026-07-04T10:14:51.754744Z","level":"error","event":"\t\tat org.apache.spark.sql.execution.SQLExecution$.withSessionTagsApplied(SQLExecution.scala:285)","logger":"task.stderr"}
{"timestamp":"2026-07-04T10:14:51.754760Z","level":"error","event":"\t\tat org.apache.spark.sql.execution.SQLExecution$.$anonfun$withNewExecutionId0$7(SQLExecution.scala:139)","logger":"task.stderr"}
{"timestamp":"2026-07-04T10:14:51.754777Z","level":"error","event":"\t\tat org.apache.spark.JobArtifactSet$.withActiveJobArtifactState(JobArtifactSet.scala:94)","logger":"task.stderr"}
{"timestamp":"2026-07-04T10:14:51.754793Z","level":"error","event":"\t\tat org.apache.spark.sql.artifact.ArtifactManager.$anonfun$withResources$1(ArtifactManager.scala:112)","logger":"task.stderr"}
{"timestamp":"2026-07-04T10:14:51.754809Z","level":"error","event":"\t\tat org.apache.spark.sql.artifact.ArtifactManager.withClassLoaderIfNeeded(ArtifactManager.scala:106)","logger":"task.stderr"}
{"timestamp":"2026-07-04T10:14:51.754825Z","level":"error","event":"\t\tat org.apache.spark.sql.artifact.ArtifactManager.withResources(ArtifactManager.scala:111)","logger":"task.stderr"}
{"timestamp":"2026-07-04T10:14:51.754841Z","level":"error","event":"\t\tat org.apache.spark.sql.execution.SQLExecution$.$anonfun$withNewExecutionId0$6(SQLExecution.scala:139)","logger":"task.stderr"}
{"timestamp":"2026-07-04T10:14:51.754857Z","level":"error","event":"\t\tat org.apache.spark.sql.execution.SQLExecution$.withSQLConfPropagated(SQLExecution.scala:308)","logger":"task.stderr"}
{"timestamp":"2026-07-04T10:14:51.754873Z","level":"error","event":"\t\tat org.apache.spark.sql.execution.SQLExecution$.$anonfun$withNewExecutionId0$1(SQLExecution.scala:138)","logger":"task.stderr"}
{"timestamp":"2026-07-04T10:14:51.754889Z","level":"error","event":"\t\tat org.apache.spark.sql.SparkSession.withActive(SparkSession.scala:804)","logger":"task.stderr"}
{"timestamp":"2026-07-04T10:14:51.754906Z","level":"error","event":"\t\tat org.apache.spark.sql.execution.SQLExecution$.withNewExecutionId0(SQLExecution.scala:92)","logger":"task.stderr"}
{"timestamp":"2026-07-04T10:14:51.754923Z","level":"error","event":"\t\tat org.apache.spark.sql.execution.SQLExecution$.withNewExecutionId(SQLExecution.scala:250)","logger":"task.stderr"}
{"timestamp":"2026-07-04T10:14:51.754939Z","level":"error","event":"\t\tat org.apache.spark.sql.execution.QueryExecution.$anonfun$eagerlyExecuteCommands$1(QueryExecution.scala:185)","logger":"task.stderr"}
{"timestamp":"2026-07-04T10:14:51.754959Z","level":"error","event":"\t\tat org.apache.spark.sql.execution.QueryExecution$.withInternalError(QueryExecution.scala:717)","logger":"task.stderr"}
{"timestamp":"2026-07-04T10:14:51.754976Z","level":"error","event":"\t\tat org.apache.spark.sql.execution.QueryExecution.org$apache$spark$sql$execution$QueryExecution$$eagerlyExecute$1(QueryExecution.scala:184)","logger":"task.stderr"}
{"timestamp":"2026-07-04T10:14:51.754992Z","level":"error","event":"\t\tat org.apache.spark.sql.execution.QueryExecution$$anonfun$eagerlyExecuteCommands$3.applyOrElse(QueryExecution.scala:201)","logger":"task.stderr"}
{"timestamp":"2026-07-04T10:14:51.755008Z","level":"error","event":"\t\tat org.apache.spark.sql.execution.QueryExecution$$anonfun$eagerlyExecuteCommands$3.applyOrElse(QueryExecution.scala:194)","logger":"task.stderr"}
{"timestamp":"2026-07-04T10:14:51.755025Z","level":"error","event":"\t\tat org.apache.spark.sql.catalyst.trees.TreeNode.$anonfun$transformDownWithPruning$1(TreeNode.scala:491)","logger":"task.stderr"}
{"timestamp":"2026-07-04T10:14:51.755042Z","level":"error","event":"\t\tat org.apache.spark.sql.catalyst.trees.CurrentOrigin$.withOrigin(origin.scala:107)","logger":"task.stderr"}
{"timestamp":"2026-07-04T10:14:51.755058Z","level":"error","event":"\t\tat org.apache.spark.sql.catalyst.trees.TreeNode.transformDownWithPruning(TreeNode.scala:491)","logger":"task.stderr"}
{"timestamp":"2026-07-04T10:14:51.755074Z","level":"error","event":"\t\tat org.apache.spark.sql.catalyst.plans.logical.LogicalPlan.org$apache$spark$sql$catalyst$plans$logical$AnalysisHelper$$super$transformDownWithPruning(LogicalPlan.scala:37)","logger":"task.stderr"}
{"timestamp":"2026-07-04T10:14:51.755091Z","level":"error","event":"\t\tat org.apache.spark.sql.catalyst.plans.logical.AnalysisHelper.transformDownWithPruning(AnalysisHelper.scala:360)","logger":"task.stderr"}
{"timestamp":"2026-07-04T10:14:51.755107Z","level":"error","event":"\t\tat org.apache.spark.sql.catalyst.plans.logical.AnalysisHelper.transformDownWithPruning$(AnalysisHelper.scala:356)","logger":"task.stderr"}
{"timestamp":"2026-07-04T10:14:51.755124Z","level":"error","event":"\t\tat org.apache.spark.sql.catalyst.plans.logical.LogicalPlan.transformDownWithPruning(LogicalPlan.scala:37)","logger":"task.stderr"}
{"timestamp":"2026-07-04T10:14:51.755139Z","level":"error","event":"\t\tat org.apache.spark.sql.catalyst.plans.logical.LogicalPlan.transformDownWithPruning(LogicalPlan.scala:37)","logger":"task.stderr"}
{"timestamp":"2026-07-04T10:14:51.755155Z","level":"error","event":"\t\tat org.apache.spark.sql.catalyst.trees.TreeNode.transformDown(TreeNode.scala:467)","logger":"task.stderr"}
{"timestamp":"2026-07-04T10:14:51.755171Z","level":"error","event":"\t\tat org.apache.spark.sql.execution.QueryExecution.eagerlyExecuteCommands(QueryExecution.scala:194)","logger":"task.stderr"}
{"timestamp":"2026-07-04T10:14:51.755187Z","level":"error","event":"\t\tat org.apache.spark.sql.execution.QueryExecution.$anonfun$lazyCommandExecuted$1(QueryExecution.scala:155)","logger":"task.stderr"}
{"timestamp":"2026-07-04T10:14:51.755203Z","level":"error","event":"\t\tat scala.util.Try$.apply(Try.scala:217)","logger":"task.stderr"}
{"timestamp":"2026-07-04T10:14:51.755219Z","level":"error","event":"\t\tat org.apache.spark.util.Utils$.doTryWithCallerStacktrace(Utils.scala:1392)","logger":"task.stderr"}
{"timestamp":"2026-07-04T10:14:51.755235Z","level":"error","event":"\t\tat org.apache.spark.util.LazyTry.tryT$lzycompute(LazyTry.scala:46)","logger":"task.stderr"}
{"timestamp":"2026-07-04T10:14:51.755251Z","level":"error","event":"\t\tat org.apache.spark.util.LazyTry.tryT(LazyTry.scala:46)","logger":"task.stderr"}
{"timestamp":"2026-07-04T10:14:51.755267Z","level":"error","event":"\t\t... 17 more","logger":"task.stderr"}
{"timestamp":"2026-07-04T10:14:51.755284Z","level":"error","event":"","logger":"task.stderr"}
{"timestamp":"2026-07-04T10:14:51.770349Z","level":"error","event":"Task failed with exception","map_index":-1,"run_id":"manual__2026-07-04T10:14:35.964753+00:00","ti_id":"019f2c9f-76ca-7fa0-9376-557c8906e201","try_number":1,"task_id":"transform_data_from_filesystem","dag_id":"dag_data","logger":"task","filename":"task_runner.py","lineno":1381,"error_detail":[{"exc_type":"CalledProcessError","exc_value":"Command '['python3', '/Users/burugula.sasank/airflow/dags/spark/notebooks/silver_layer/data_transformations.py']' returned non-zero exit status 1.","exc_notes":[],"syntax_error":null,"is_cause":false,"frames":[{"filename":"/Library/Frameworks/Python.framework/Versions/3.14/lib/python3.14/site-packages/airflow/sdk/execution_time/task_runner.py","lineno":1287,"name":"run"},{"filename":"/Library/Frameworks/Python.framework/Versions/3.14/lib/python3.14/site-packages/airflow/sdk/execution_time/task_runner.py","lineno":1745,"name":"_execute_task"},{"filename":"/Library/Frameworks/Python.framework/Versions/3.14/lib/python3.14/site-packages/airflow/sdk/bases/operator.py","lineno":443,"name":"wrapper"},{"filename":"/Library/Frameworks/Python.framework/Versions/3.14/lib/python3.14/site-packages/airflow/sdk/bases/decorator.py","lineno":398,"name":"execute"},{"filename":"/Library/Frameworks/Python.framework/Versions/3.14/lib/python3.14/site-packages/airflow/sdk/bases/operator.py","lineno":443,"name":"wrapper"},{"filename":"/Library/Frameworks/Python.framework/Versions/3.14/lib/python3.14/site-packages/airflow/providers/standard/operators/python.py","lineno":231,"name":"execute"},{"filename":"/Library/Frameworks/Python.framework/Versions/3.14/lib/python3.14/site-packages/airflow/providers/standard/operators/python.py","lineno":254,"name":"execute_callable"},{"filename":"/Library/Frameworks/Python.framework/Versions/3.14/lib/python3.14/site-packages/airflow/sdk/execution_time/callback_runner.py","lineno":97,"name":"run"},{"filename":"/Users/burugula.sasank/airflow/dags/etl_scheduler.py","lineno":57,"name":"transform_data_from_filesystem"},{"filename":"/Library/Frameworks/Python.framework/Versions/3.14/lib/python3.14/subprocess.py","lineno":578,"name":"run"}],"is_group":false,"exceptions":[]}]}
{"timestamp":"2026-07-04T10:14:51.770650Z","level":"info","event":"::group::Post Execute","map_index":-1,"run_id":"manual__2026-07-04T10:14:35.964753+00:00","ti_id":"019f2c9f-76ca-7fa0-9376-557c8906e201","try_number":1,"task_id":"transform_data_from_filesystem","dag_id":"dag_data","logger":"task","filename":"task_runner.py","lineno":1382}
{"timestamp":"2026-07-04T10:14:51.771352Z","level":"info","event":"::endgroup::","map_index":-1,"run_id":"manual__2026-07-04T10:14:35.964753+00:00","ti_id":"019f2c9f-76ca-7fa0-9376-557c8906e201","try_number":1,"task_id":"transform_data_from_filesystem","dag_id":"dag_data","logger":"task","filename":"task_runner.py","lineno":1896}
