{"timestamp":"2026-07-04T11:15:40.299005Z","level":"info","event":"2026-07-04T11:15:40.298824Z [info     ] ::group::Pre Execute           [task] loc=task_runner.py:1926","logger":"task.stdout"}
{"timestamp":"2026-07-04T11:15:40.378619Z","level":"info","event":"setup plugin alembic.autogenerate.schemas","logger":"alembic.runtime.plugins","try_number":1,"task_id":"ingest_data_to_filesystem","ti_id":"019f2cd7-4974-757d-a2cf-64674259c761","map_index":-1,"dag_id":"dag_data","run_id":"manual__2026-07-04T11:15:34.376891+00:00","filename":"plugins.py","lineno":37}
{"timestamp":"2026-07-04T11:15:40.378691Z","level":"info","event":"setup plugin alembic.autogenerate.tables","logger":"alembic.runtime.plugins","try_number":1,"task_id":"ingest_data_to_filesystem","ti_id":"019f2cd7-4974-757d-a2cf-64674259c761","map_index":-1,"dag_id":"dag_data","run_id":"manual__2026-07-04T11:15:34.376891+00:00","filename":"plugins.py","lineno":37}
{"timestamp":"2026-07-04T11:15:40.378723Z","level":"info","event":"setup plugin alembic.autogenerate.types","logger":"alembic.runtime.plugins","try_number":1,"task_id":"ingest_data_to_filesystem","ti_id":"019f2cd7-4974-757d-a2cf-64674259c761","map_index":-1,"dag_id":"dag_data","run_id":"manual__2026-07-04T11:15:34.376891+00:00","filename":"plugins.py","lineno":37}
{"timestamp":"2026-07-04T11:15:40.378747Z","level":"info","event":"setup plugin alembic.autogenerate.constraints","logger":"alembic.runtime.plugins","try_number":1,"task_id":"ingest_data_to_filesystem","ti_id":"019f2cd7-4974-757d-a2cf-64674259c761","map_index":-1,"dag_id":"dag_data","run_id":"manual__2026-07-04T11:15:34.376891+00:00","filename":"plugins.py","lineno":37}
{"timestamp":"2026-07-04T11:15:40.378768Z","level":"info","event":"setup plugin alembic.autogenerate.defaults","logger":"alembic.runtime.plugins","try_number":1,"task_id":"ingest_data_to_filesystem","ti_id":"019f2cd7-4974-757d-a2cf-64674259c761","map_index":-1,"dag_id":"dag_data","run_id":"manual__2026-07-04T11:15:34.376891+00:00","filename":"plugins.py","lineno":37}
{"timestamp":"2026-07-04T11:15:40.378788Z","level":"info","event":"setup plugin alembic.autogenerate.comments","logger":"alembic.runtime.plugins","try_number":1,"task_id":"ingest_data_to_filesystem","ti_id":"019f2cd7-4974-757d-a2cf-64674259c761","map_index":-1,"dag_id":"dag_data","run_id":"manual__2026-07-04T11:15:34.376891+00:00","filename":"plugins.py","lineno":37}
{"timestamp":"2026-07-04T11:15:40.418074Z","level":"info","event":"DAG bundles loaded: dags-folder","try_number":1,"task_id":"ingest_data_to_filesystem","ti_id":"019f2cd7-4974-757d-a2cf-64674259c761","map_index":-1,"dag_id":"dag_data","run_id":"manual__2026-07-04T11:15:34.376891+00:00","logger":"airflow.dag_processing.bundles.manager.DagBundlesManager","filename":"manager.py","lineno":209}
{"timestamp":"2026-07-04T11:15:40.418266Z","level":"info","event":"Filling up the DagBag from /Users/burugula.sasank/airflow/dags/etl_scheduler.py","try_number":1,"task_id":"ingest_data_to_filesystem","ti_id":"019f2cd7-4974-757d-a2cf-64674259c761","map_index":-1,"dag_id":"dag_data","run_id":"manual__2026-07-04T11:15:34.376891+00:00","logger":"airflow.dag_processing.dagbag.BundleDagBag","filename":"dagbag.py","lineno":469}
{"timestamp":"2026-07-04T11:15:40.450204Z","level":"warning","event":"The `airflow.decorators.task` attribute is deprecated. Please use `'airflow.sdk.task'`.","category":"UserWarning","filename":"/Users/burugula.sasank/airflow/dags/etl_scheduler.py","lineno":1,"try_number":1,"task_id":"ingest_data_to_filesystem","ti_id":"019f2cd7-4974-757d-a2cf-64674259c761","map_index":-1,"dag_id":"dag_data","run_id":"manual__2026-07-04T11:15:34.376891+00:00","logger":"py.warnings"}
{"timestamp":"2026-07-04T11:15:40.450252Z","level":"warning","event":"The `airflow.decorators.dag` attribute is deprecated. Please use `'airflow.sdk.dag'`.","category":"UserWarning","filename":"/Users/burugula.sasank/airflow/dags/etl_scheduler.py","lineno":1,"try_number":1,"task_id":"ingest_data_to_filesystem","ti_id":"019f2cd7-4974-757d-a2cf-64674259c761","map_index":-1,"dag_id":"dag_data","run_id":"manual__2026-07-04T11:15:34.376891+00:00","logger":"py.warnings"}
{"timestamp":"2026-07-04T11:15:40.450284Z","level":"warning","event":"The `airflow.hooks.base.BaseHook` attribute is deprecated. Please use `'airflow.sdk.bases.hook.BaseHook'`.","category":"UserWarning","filename":"/Users/burugula.sasank/airflow/dags/etl_scheduler.py","lineno":2,"try_number":1,"task_id":"ingest_data_to_filesystem","ti_id":"019f2cd7-4974-757d-a2cf-64674259c761","map_index":-1,"dag_id":"dag_data","run_id":"manual__2026-07-04T11:15:34.376891+00:00","logger":"py.warnings"}
{"timestamp":"2026-07-04T11:15:40.462362Z","level":"info","event":"::endgroup::","try_number":1,"task_id":"ingest_data_to_filesystem","ti_id":"019f2cd7-4974-757d-a2cf-64674259c761","map_index":-1,"dag_id":"dag_data","run_id":"manual__2026-07-04T11:15:34.376891+00:00","logger":"task","filename":"task_runner.py","lineno":1727}
{"timestamp":"2026-07-04T11:15:40.656678Z","level":"error","event":"WARNING: Using incubator modules: jdk.incubator.vector","logger":"task.stderr"}
{"timestamp":"2026-07-04T11:15:40.972426Z","level":"error","event":"Using Spark's default log4j profile: org/apache/spark/log4j2-defaults.properties","logger":"task.stderr"}
{"timestamp":"2026-07-04T11:15:40.977572Z","level":"error","event":"26/07/04 16:45:40 WARN Utils: Your hostname, Burugulas-MacBook-Air.local, resolves to a loopback address: 127.0.0.1; using 192.168.0.107 instead (on interface en0)","logger":"task.stderr"}
{"timestamp":"2026-07-04T11:15:40.978615Z","level":"error","event":"26/07/04 16:45:40 WARN Utils: Set SPARK_LOCAL_IP if you need to bind to another address","logger":"task.stderr"}
{"timestamp":"2026-07-04T11:15:41.077619Z","level":"error","event":"Using Spark's default log4j profile: org/apache/spark/log4j2-defaults.properties","logger":"task.stderr"}
{"timestamp":"2026-07-04T11:15:41.077762Z","level":"error","event":"Setting default log level to \"WARN\".","logger":"task.stderr"}
{"timestamp":"2026-07-04T11:15:41.077792Z","level":"error","event":"To adjust logging level use sc.setLogLevel(newLevel). For SparkR, use setLogLevel(newLevel).","logger":"task.stderr"}
{"timestamp":"2026-07-04T11:15:41.236167Z","level":"error","event":"26/07/04 16:45:41 WARN NativeCodeLoader: Unable to load native-hadoop library for your platform... using builtin-java classes where applicable","logger":"task.stderr"}
{"timestamp":"2026-07-04T11:15:43.684623Z","level":"error","event":"26/07/04 16:45:43 WARN CSVHeaderChecker: CSV header does not conform to the schema.","logger":"task.stderr"}
{"timestamp":"2026-07-04T11:15:43.684757Z","level":"error","event":" Header: , Player, Span, Mat, Inns, NO, Runs, HS, Ave, BF, SR, 100, 50, 0, Unnamed: 13","logger":"task.stderr"}
{"timestamp":"2026-07-04T11:15:43.684786Z","level":"error","event":" Schema: _c0, Player, Span, Mat, Inns, NO, Runs, HS, Ave, BF, SR, 100, 50, 0, Unnamed: 13","logger":"task.stderr"}
{"timestamp":"2026-07-04T11:15:43.684807Z","level":"error","event":"Expected: _c0 but found:","logger":"task.stderr"}
{"timestamp":"2026-07-04T11:15:43.684827Z","level":"error","event":"CSV file: file:///Users/burugula.sasank/airflow/dags/file_stores/api_dump/cric_data/Batting/ODI%20data.csv","logger":"task.stderr"}
{"timestamp":"2026-07-04T11:15:44.121366Z","level":"error","event":"26/07/04 16:45:44 WARN CSVHeaderChecker: CSV header does not conform to the schema.","logger":"task.stderr"}
{"timestamp":"2026-07-04T11:15:44.121482Z","level":"error","event":" Header: , Player, Span, Mat, Inns, NO, Runs, HS, Ave, BF, SR, 100, 50, 0, 4s, 6s, Unnamed: 15","logger":"task.stderr"}
{"timestamp":"2026-07-04T11:15:44.121517Z","level":"error","event":" Schema: _c0, Player, Span, Mat, Inns, NO, Runs, HS, Ave, BF, SR, 100, 50, 0, 4s, 6s, Unnamed: 15","logger":"task.stderr"}
{"timestamp":"2026-07-04T11:15:44.121543Z","level":"error","event":"Expected: _c0 but found:","logger":"task.stderr"}
{"timestamp":"2026-07-04T11:15:44.121565Z","level":"error","event":"CSV file: file:///Users/burugula.sasank/airflow/dags/file_stores/api_dump/cric_data/Batting/t20.csv","logger":"task.stderr"}
{"timestamp":"2026-07-04T11:15:44.250587Z","level":"error","event":"26/07/04 16:45:44 WARN CSVHeaderChecker: CSV header does not conform to the schema.","logger":"task.stderr"}
{"timestamp":"2026-07-04T11:15:44.250690Z","level":"error","event":" Header: , Player, Span, Mat, Inns, NO, Runs, HS, Ave, 100, 50, 0, Unnamed: 11","logger":"task.stderr"}
{"timestamp":"2026-07-04T11:15:44.250717Z","level":"error","event":" Schema: _c0, Player, Span, Mat, Inns, NO, Runs, HS, Ave, 100, 50, 0, Unnamed: 11","logger":"task.stderr"}
{"timestamp":"2026-07-04T11:15:44.250738Z","level":"error","event":"Expected: _c0 but found:","logger":"task.stderr"}
{"timestamp":"2026-07-04T11:15:44.250759Z","level":"error","event":"CSV file: file:///Users/burugula.sasank/airflow/dags/file_stores/api_dump/cric_data/Batting/test.csv","logger":"task.stderr"}
{"timestamp":"2026-07-04T11:15:44.387098Z","level":"error","event":"26/07/04 16:45:44 WARN CSVHeaderChecker: CSV header does not conform to the schema.","logger":"task.stderr"}
{"timestamp":"2026-07-04T11:15:44.387210Z","level":"error","event":" Header: , Player, Span, Mat, Inns, Balls, Runs, Wkts, BBI, Ave, Econ, SR, 4, 5, Unnamed: 13","logger":"task.stderr"}
{"timestamp":"2026-07-04T11:15:44.387239Z","level":"error","event":" Schema: _c0, Player, Span, Mat, Inns, Balls, Runs, Wkts, BBI, Ave, Econ, SR, 4, 5, Unnamed: 13","logger":"task.stderr"}
{"timestamp":"2026-07-04T11:15:44.387261Z","level":"error","event":"Expected: _c0 but found:","logger":"task.stderr"}
{"timestamp":"2026-07-04T11:15:44.387294Z","level":"error","event":"CSV file: file:///Users/burugula.sasank/airflow/dags/file_stores/api_dump/cric_data/Bowling/Bowling_ODI.csv","logger":"task.stderr"}
{"timestamp":"2026-07-04T11:15:44.511714Z","level":"error","event":"26/07/04 16:45:44 WARN CSVHeaderChecker: CSV header does not conform to the schema.","logger":"task.stderr"}
{"timestamp":"2026-07-04T11:15:44.511820Z","level":"error","event":" Header: , Player, Span, Mat, Inns, Overs, Mdns, Runs, Wkts, BBI, Ave, Econ, SR, 4, 5, Unnamed: 14","logger":"task.stderr"}
{"timestamp":"2026-07-04T11:15:44.511849Z","level":"error","event":" Schema: _c0, Player, Span, Mat, Inns, Overs, Mdns, Runs, Wkts, BBI, Ave, Econ, SR, 4, 5, Unnamed: 14","logger":"task.stderr"}
{"timestamp":"2026-07-04T11:15:44.511870Z","level":"error","event":"Expected: _c0 but found:","logger":"task.stderr"}
{"timestamp":"2026-07-04T11:15:44.511891Z","level":"error","event":"CSV file: file:///Users/burugula.sasank/airflow/dags/file_stores/api_dump/cric_data/Bowling/Bowling_t20.csv","logger":"task.stderr"}
{"timestamp":"2026-07-04T11:15:44.650972Z","level":"error","event":"26/07/04 16:45:44 WARN CSVHeaderChecker: CSV header does not conform to the schema.","logger":"task.stderr"}
{"timestamp":"2026-07-04T11:15:44.651077Z","level":"error","event":" Header: , Player, Span, Mat, Inns, Balls, Runs, Wkts, BBI, BBM, Ave, Econ, SR, 5, 10, Unnamed: 14","logger":"task.stderr"}
{"timestamp":"2026-07-04T11:15:44.651110Z","level":"error","event":" Schema: _c0, Player, Span, Mat, Inns, Balls, Runs, Wkts, BBI, BBM, Ave, Econ, SR, 5, 10, Unnamed: 14","logger":"task.stderr"}
{"timestamp":"2026-07-04T11:15:44.651131Z","level":"error","event":"Expected: _c0 but found:","logger":"task.stderr"}
{"timestamp":"2026-07-04T11:15:44.651151Z","level":"error","event":"CSV file: file:///Users/burugula.sasank/airflow/dags/file_stores/api_dump/cric_data/Bowling/Bowling_test.csv","logger":"task.stderr"}
{"timestamp":"2026-07-04T11:15:44.791763Z","level":"error","event":"26/07/04 16:45:44 WARN CSVHeaderChecker: CSV header does not conform to the schema.","logger":"task.stderr"}
{"timestamp":"2026-07-04T11:15:44.791880Z","level":"error","event":" Header: , Player, Span, Mat, Inns, Dis, Ct, St, Ct Wk, Ct Fi, MD, D/I, Unnamed: 11","logger":"task.stderr"}
{"timestamp":"2026-07-04T11:15:44.791909Z","level":"error","event":" Schema: _c0, Player, Span, Mat, Inns, Dis, Ct, St, Ct Wk, Ct Fi, MD, D/I, Unnamed: 11","logger":"task.stderr"}
{"timestamp":"2026-07-04T11:15:44.791931Z","level":"error","event":"Expected: _c0 but found:","logger":"task.stderr"}
{"timestamp":"2026-07-04T11:15:44.791958Z","level":"error","event":"CSV file: file:///Users/burugula.sasank/airflow/dags/file_stores/api_dump/cric_data/Fielding/Fielding_ODI.csv","logger":"task.stderr"}
{"timestamp":"2026-07-04T11:15:44.900988Z","level":"error","event":"26/07/04 16:45:44 WARN CSVHeaderChecker: CSV header does not conform to the schema.","logger":"task.stderr"}
{"timestamp":"2026-07-04T11:15:44.901091Z","level":"error","event":" Header: , Player, Span, Mat, Inns, Dis, Ct, St, Ct Wk, Ct Fi, MD, D/I, Unnamed: 11","logger":"task.stderr"}
{"timestamp":"2026-07-04T11:15:44.901118Z","level":"error","event":" Schema: _c0, Player, Span, Mat, Inns, Dis, Ct, St, Ct Wk, Ct Fi, MD, D/I, Unnamed: 11","logger":"task.stderr"}
{"timestamp":"2026-07-04T11:15:44.901140Z","level":"error","event":"Expected: _c0 but found:","logger":"task.stderr"}
{"timestamp":"2026-07-04T11:15:44.901161Z","level":"error","event":"CSV file: file:///Users/burugula.sasank/airflow/dags/file_stores/api_dump/cric_data/Fielding/Fielding_t20.csv","logger":"task.stderr"}
{"timestamp":"2026-07-04T11:15:45.029024Z","level":"error","event":"26/07/04 16:45:45 WARN CSVHeaderChecker: CSV header does not conform to the schema.","logger":"task.stderr"}
{"timestamp":"2026-07-04T11:15:45.029138Z","level":"error","event":" Header: , Player, Span, Mat, Inns, Dis, Ct, St, Ct Wk, Ct Fi, MD, D/I, Unnamed: 11","logger":"task.stderr"}
{"timestamp":"2026-07-04T11:15:45.029173Z","level":"error","event":" Schema: _c0, Player, Span, Mat, Inns, Dis, Ct, St, Ct Wk, Ct Fi, MD, D/I, Unnamed: 11","logger":"task.stderr"}
{"timestamp":"2026-07-04T11:15:45.029197Z","level":"error","event":"Expected: _c0 but found:","logger":"task.stderr"}
{"timestamp":"2026-07-04T11:15:45.029219Z","level":"error","event":"CSV file: file:///Users/burugula.sasank/airflow/dags/file_stores/api_dump/cric_data/Fielding/Fielding_test.csv","logger":"task.stderr"}
{"timestamp":"2026-07-04T11:15:45.088823Z","level":"error","event":"26/07/04 16:45:45 WARN CSVHeaderChecker: CSV header does not conform to the schema.","logger":"task.stderr"}
{"timestamp":"2026-07-04T11:15:45.088916Z","level":"error","event":" Header: , Player, Span, Mat, Inns, NO, Runs, HS, Ave, BF, SR, 100, 50, 0, Unnamed: 13","logger":"task.stderr"}
{"timestamp":"2026-07-04T11:15:45.088942Z","level":"error","event":" Schema: _c0, Player, Span, Mat, Inns, NO, Runs, HS, Ave, BF, SR, 100, 50, 0, Unnamed: 13","logger":"task.stderr"}
{"timestamp":"2026-07-04T11:15:45.088963Z","level":"error","event":"Expected: _c0 but found:","logger":"task.stderr"}
{"timestamp":"2026-07-04T11:15:45.088985Z","level":"error","event":"CSV file: file:///Users/burugula.sasank/airflow/dags/file_stores/api_dump/cric_data/Batting/ODI%20data.csv","logger":"task.stderr"}
{"timestamp":"2026-07-04T11:15:45.262602Z","level":"info","event":"Sample Data (ODI Batsmen):","logger":"task.stdout"}
{"timestamp":"2026-07-04T11:15:45.262716Z","level":"info","event":"+---+--------------------+---------+---+----+---+-----+----+-----+-----+-----+---+---+---+-----------+","logger":"task.stdout"}
{"timestamp":"2026-07-04T11:15:45.262748Z","level":"info","event":"|_c0|              Player|     Span|Mat|Inns| NO| Runs|  HS|  Ave|   BF|   SR|100| 50|  0|Unnamed: 13|","logger":"task.stdout"}
{"timestamp":"2026-07-04T11:15:45.262772Z","level":"info","event":"+---+--------------------+---------+---+----+---+-----+----+-----+-----+-----+---+---+---+-----------+","logger":"task.stdout"}
{"timestamp":"2026-07-04T11:15:45.262792Z","level":"info","event":"|  0|SR Tendulkar (INDIA)|1989-2012|463| 452| 41|18426|200*|44.83|21367|86.23| 49| 96| 20|       NULL|","logger":"task.stdout"}
{"timestamp":"2026-07-04T11:15:45.262811Z","level":"info","event":"|  1|KC Sangakkara (As...|2000-2015|404| 380| 41|14234| 169|41.98|18048|78.86| 25| 93| 15|       NULL|","logger":"task.stdout"}
{"timestamp":"2026-07-04T11:15:45.262830Z","level":"info","event":"+---+--------------------+---------+---+----+---+-----+----+-----+-----+-----+---+---+---+-----------+","logger":"task.stdout"}
{"timestamp":"2026-07-04T11:15:45.262859Z","level":"info","event":"only showing top 2 rows","logger":"task.stdout"}
{"timestamp":"2026-07-04T11:15:45.278557Z","level":"info","event":"Bronze Ingestion Success","logger":"task.stdout"}
{"timestamp":"2026-07-04T11:15:45.278820Z","level":"info","event":"Done. Returned value was: ","try_number":1,"task_id":"ingest_data_to_filesystem","ti_id":"019f2cd7-4974-757d-a2cf-64674259c761","map_index":-1,"dag_id":"dag_data","run_id":"manual__2026-07-04T11:15:34.376891+00:00","logger":"airflow.task.operators.airflow.providers.standard.decorators.python._PythonDecoratedOperator","filename":"python.py","lineno":233}
{"timestamp":"2026-07-04T11:15:45.279165Z","level":"info","event":"::group::Post Execute","try_number":1,"task_id":"ingest_data_to_filesystem","ti_id":"019f2cd7-4974-757d-a2cf-64674259c761","map_index":-1,"dag_id":"dag_data","run_id":"manual__2026-07-04T11:15:34.376891+00:00","logger":"task","filename":"task_runner.py","lineno":1288}
{"timestamp":"2026-07-04T11:15:45.279347Z","level":"info","event":"Pushing xcom","ti":"RuntimeTaskInstance(id=UUID('019f2cd7-4974-757d-a2cf-64674259c761'), task_id='ingest_data_to_filesystem', dag_id='dag_data', run_id='manual__2026-07-04T11:15:34.376891+00:00', try_number=1, dag_version_id=UUID('019f2c09-88cb-79f1-ada2-a2bc16a5412d'), map_index=-1, hostname='burugulas-macbook-air.local', context_carrier={'traceparent': '00-ce97c4e4ec17901941b1aa29bcceddf0-88ce1f5d66d6484d-01'}, task=<Task(_PythonDecoratedOperator): ingest_data_to_filesystem>, bundle_instance=LocalDagBundle(name=dags-folder), max_tries=0, start_date=datetime.datetime(2026, 7, 4, 11, 15, 39, 879125, tzinfo=datetime.timezone.utc), end_date=None, state=<TaskInstanceState.RUNNING: 'running'>, is_mapped=False, rendered_map_index=None, sentry_integration='')","try_number":1,"task_id":"ingest_data_to_filesystem","ti_id":"019f2cd7-4974-757d-a2cf-64674259c761","map_index":-1,"dag_id":"dag_data","run_id":"manual__2026-07-04T11:15:34.376891+00:00","logger":"task","filename":"task_runner.py","lineno":1791}
{"timestamp":"2026-07-04T11:15:45.287034Z","level":"info","event":"::endgroup::","try_number":1,"task_id":"ingest_data_to_filesystem","ti_id":"019f2cd7-4974-757d-a2cf-64674259c761","map_index":-1,"dag_id":"dag_data","run_id":"manual__2026-07-04T11:15:34.376891+00:00","logger":"task","filename":"task_runner.py","lineno":1896}
