{"timestamp":"2026-07-04T12:23:53.181054Z","level":"info","event":"2026-07-04T12:23:53.180935Z [info     ] ::group::Pre Execute           [task] loc=task_runner.py:1926","logger":"task.stdout"}
{"timestamp":"2026-07-04T12:23:53.261747Z","level":"info","event":"setup plugin alembic.autogenerate.schemas","logger":"alembic.runtime.plugins","dag_id":"dag_data","ti_id":"019f2d15-9ebc-7418-a7cd-3ff15ba93367","map_index":-1,"try_number":1,"run_id":"manual__2026-07-04T12:23:39.438608+00:00","task_id":"transform_data_from_filesystem","filename":"plugins.py","lineno":37}
{"timestamp":"2026-07-04T12:23:53.261822Z","level":"info","event":"setup plugin alembic.autogenerate.tables","logger":"alembic.runtime.plugins","dag_id":"dag_data","ti_id":"019f2d15-9ebc-7418-a7cd-3ff15ba93367","map_index":-1,"try_number":1,"run_id":"manual__2026-07-04T12:23:39.438608+00:00","task_id":"transform_data_from_filesystem","filename":"plugins.py","lineno":37}
{"timestamp":"2026-07-04T12:23:53.261853Z","level":"info","event":"setup plugin alembic.autogenerate.types","logger":"alembic.runtime.plugins","dag_id":"dag_data","ti_id":"019f2d15-9ebc-7418-a7cd-3ff15ba93367","map_index":-1,"try_number":1,"run_id":"manual__2026-07-04T12:23:39.438608+00:00","task_id":"transform_data_from_filesystem","filename":"plugins.py","lineno":37}
{"timestamp":"2026-07-04T12:23:53.261877Z","level":"info","event":"setup plugin alembic.autogenerate.constraints","logger":"alembic.runtime.plugins","dag_id":"dag_data","ti_id":"019f2d15-9ebc-7418-a7cd-3ff15ba93367","map_index":-1,"try_number":1,"run_id":"manual__2026-07-04T12:23:39.438608+00:00","task_id":"transform_data_from_filesystem","filename":"plugins.py","lineno":37}
{"timestamp":"2026-07-04T12:23:53.261897Z","level":"info","event":"setup plugin alembic.autogenerate.defaults","logger":"alembic.runtime.plugins","dag_id":"dag_data","ti_id":"019f2d15-9ebc-7418-a7cd-3ff15ba93367","map_index":-1,"try_number":1,"run_id":"manual__2026-07-04T12:23:39.438608+00:00","task_id":"transform_data_from_filesystem","filename":"plugins.py","lineno":37}
{"timestamp":"2026-07-04T12:23:53.261918Z","level":"info","event":"setup plugin alembic.autogenerate.comments","logger":"alembic.runtime.plugins","dag_id":"dag_data","ti_id":"019f2d15-9ebc-7418-a7cd-3ff15ba93367","map_index":-1,"try_number":1,"run_id":"manual__2026-07-04T12:23:39.438608+00:00","task_id":"transform_data_from_filesystem","filename":"plugins.py","lineno":37}
{"timestamp":"2026-07-04T12:23:53.302010Z","level":"info","event":"DAG bundles loaded: dags-folder","dag_id":"dag_data","ti_id":"019f2d15-9ebc-7418-a7cd-3ff15ba93367","map_index":-1,"try_number":1,"run_id":"manual__2026-07-04T12:23:39.438608+00:00","task_id":"transform_data_from_filesystem","logger":"airflow.dag_processing.bundles.manager.DagBundlesManager","filename":"manager.py","lineno":209}
{"timestamp":"2026-07-04T12:23:53.302212Z","level":"info","event":"Filling up the DagBag from /Users/burugula.sasank/airflow/dags/etl_scheduler.py","dag_id":"dag_data","ti_id":"019f2d15-9ebc-7418-a7cd-3ff15ba93367","map_index":-1,"try_number":1,"run_id":"manual__2026-07-04T12:23:39.438608+00:00","task_id":"transform_data_from_filesystem","logger":"airflow.dag_processing.dagbag.BundleDagBag","filename":"dagbag.py","lineno":469}
{"timestamp":"2026-07-04T12:23:53.337745Z","level":"warning","event":"The `airflow.decorators.task` attribute is deprecated. Please use `'airflow.sdk.task'`.","category":"UserWarning","filename":"/Users/burugula.sasank/airflow/dags/etl_scheduler.py","lineno":1,"dag_id":"dag_data","ti_id":"019f2d15-9ebc-7418-a7cd-3ff15ba93367","map_index":-1,"try_number":1,"run_id":"manual__2026-07-04T12:23:39.438608+00:00","task_id":"transform_data_from_filesystem","logger":"py.warnings"}
{"timestamp":"2026-07-04T12:23:53.337801Z","level":"warning","event":"The `airflow.decorators.dag` attribute is deprecated. Please use `'airflow.sdk.dag'`.","category":"UserWarning","filename":"/Users/burugula.sasank/airflow/dags/etl_scheduler.py","lineno":1,"dag_id":"dag_data","ti_id":"019f2d15-9ebc-7418-a7cd-3ff15ba93367","map_index":-1,"try_number":1,"run_id":"manual__2026-07-04T12:23:39.438608+00:00","task_id":"transform_data_from_filesystem","logger":"py.warnings"}
{"timestamp":"2026-07-04T12:23:53.337825Z","level":"warning","event":"The `airflow.hooks.base.BaseHook` attribute is deprecated. Please use `'airflow.sdk.bases.hook.BaseHook'`.","category":"UserWarning","filename":"/Users/burugula.sasank/airflow/dags/etl_scheduler.py","lineno":2,"dag_id":"dag_data","ti_id":"019f2d15-9ebc-7418-a7cd-3ff15ba93367","map_index":-1,"try_number":1,"run_id":"manual__2026-07-04T12:23:39.438608+00:00","task_id":"transform_data_from_filesystem","logger":"py.warnings"}
{"timestamp":"2026-07-04T12:23:53.349987Z","level":"info","event":"::endgroup::","dag_id":"dag_data","ti_id":"019f2d15-9ebc-7418-a7cd-3ff15ba93367","map_index":-1,"try_number":1,"run_id":"manual__2026-07-04T12:23:39.438608+00:00","task_id":"transform_data_from_filesystem","logger":"task","filename":"task_runner.py","lineno":1727}
{"timestamp":"2026-07-04T12:23:53.438592Z","level":"error","event":"/Library/Frameworks/Python.framework/Versions/3.14/lib/python3.14/site-packages/pyspark/sql/udf.py:134: UserWarning: Cannot infer the eval type from type hints.","logger":"task.stderr"}
{"timestamp":"2026-07-04T12:23:53.438683Z","level":"error","event":"  warnings.warn(\"Cannot infer the eval type from type hints. \", UserWarning)","logger":"task.stderr"}
{"timestamp":"2026-07-04T12:23:53.553388Z","level":"error","event":"WARNING: Using incubator modules: jdk.incubator.vector","logger":"task.stderr"}
{"timestamp":"2026-07-04T12:23:53.885856Z","level":"error","event":"Using Spark's default log4j profile: org/apache/spark/log4j2-defaults.properties","logger":"task.stderr"}
{"timestamp":"2026-07-04T12:23:53.891679Z","level":"error","event":"26/07/04 17:53:53 WARN Utils: Your hostname, Burugulas-MacBook-Air.local, resolves to a loopback address: 127.0.0.1; using 192.168.0.107 instead (on interface en0)","logger":"task.stderr"}
{"timestamp":"2026-07-04T12:23:53.892659Z","level":"error","event":"26/07/04 17:53:53 WARN Utils: Set SPARK_LOCAL_IP if you need to bind to another address","logger":"task.stderr"}
{"timestamp":"2026-07-04T12:23:53.961580Z","level":"error","event":":: loading settings :: url = jar:file:/Library/Frameworks/Python.framework/Versions/3.14/lib/python3.14/site-packages/pyspark/jars/ivy-2.5.3.jar!/org/apache/ivy/core/settings/ivysettings.xml","logger":"task.stderr"}
{"timestamp":"2026-07-04T12:23:53.991893Z","level":"error","event":"Ivy Default Cache set to: /Users/burugula.sasank/.ivy2.5.2/cache","logger":"task.stderr"}
{"timestamp":"2026-07-04T12:23:53.991988Z","level":"error","event":"The jars for the packages stored in: /Users/burugula.sasank/.ivy2.5.2/jars","logger":"task.stderr"}
{"timestamp":"2026-07-04T12:23:53.993091Z","level":"error","event":"org.postgresql#postgresql added as a dependency","logger":"task.stderr"}
{"timestamp":"2026-07-04T12:23:53.993316Z","level":"error","event":":: resolving dependencies :: org.apache.spark#spark-submit-parent-e8d53917-a6ce-4ec4-9e50-4d30157b6ede;1.0","logger":"task.stderr"}
{"timestamp":"2026-07-04T12:23:53.993364Z","level":"error","event":"\tconfs: [default]","logger":"task.stderr"}
{"timestamp":"2026-07-04T12:23:54.032168Z","level":"error","event":"\tfound org.postgresql#postgresql;42.7.3 in central","logger":"task.stderr"}
{"timestamp":"2026-07-04T12:23:54.040101Z","level":"error","event":"\tfound org.checkerframework#checker-qual;3.42.0 in central","logger":"task.stderr"}
{"timestamp":"2026-07-04T12:23:54.045885Z","level":"error","event":":: resolution report :: resolve 50ms :: artifacts dl 2ms","logger":"task.stderr"}
{"timestamp":"2026-07-04T12:23:54.046042Z","level":"error","event":"\t:: modules in use:","logger":"task.stderr"}
{"timestamp":"2026-07-04T12:23:54.046096Z","level":"error","event":"\torg.checkerframework#checker-qual;3.42.0 from central in [default]","logger":"task.stderr"}
{"timestamp":"2026-07-04T12:23:54.046143Z","level":"error","event":"\torg.postgresql#postgresql;42.7.3 from central in [default]","logger":"task.stderr"}
{"timestamp":"2026-07-04T12:23:54.046187Z","level":"error","event":"\t---------------------------------------------------------------------","logger":"task.stderr"}
{"timestamp":"2026-07-04T12:23:54.046238Z","level":"error","event":"\t|                  |            modules            ||   artifacts   |","logger":"task.stderr"}
{"timestamp":"2026-07-04T12:23:54.046280Z","level":"error","event":"\t|       conf       | number| search|dwnlded|evicted|| number|dwnlded|","logger":"task.stderr"}
{"timestamp":"2026-07-04T12:23:54.046321Z","level":"error","event":"\t---------------------------------------------------------------------","logger":"task.stderr"}
{"timestamp":"2026-07-04T12:23:54.046398Z","level":"error","event":"\t|      default     |   2   |   0   |   0   |   0   ||   2   |   0   |","logger":"task.stderr"}
{"timestamp":"2026-07-04T12:23:54.046443Z","level":"error","event":"\t---------------------------------------------------------------------","logger":"task.stderr"}
{"timestamp":"2026-07-04T12:23:54.047299Z","level":"error","event":":: retrieving :: org.apache.spark#spark-submit-parent-e8d53917-a6ce-4ec4-9e50-4d30157b6ede","logger":"task.stderr"}
{"timestamp":"2026-07-04T12:23:54.047400Z","level":"error","event":"\tconfs: [default]","logger":"task.stderr"}
{"timestamp":"2026-07-04T12:23:54.049192Z","level":"error","event":"\t0 artifacts copied, 2 already retrieved (0kB/2ms)","logger":"task.stderr"}
{"timestamp":"2026-07-04T12:23:54.116483Z","level":"error","event":"26/07/04 17:53:54 WARN NativeCodeLoader: Unable to load native-hadoop library for your platform... using builtin-java classes where applicable","logger":"task.stderr"}
{"timestamp":"2026-07-04T12:23:54.160760Z","level":"error","event":"Using Spark's default log4j profile: org/apache/spark/log4j2-defaults.properties","logger":"task.stderr"}
{"timestamp":"2026-07-04T12:23:54.160904Z","level":"error","event":"Setting default log level to \"WARN\".","logger":"task.stderr"}
{"timestamp":"2026-07-04T12:23:54.160936Z","level":"error","event":"To adjust logging level use sc.setLogLevel(newLevel). For SparkR, use setLogLevel(newLevel).","logger":"task.stderr"}
{"timestamp":"2026-07-04T12:23:57.495390Z","level":"error","event":"26/07/04 17:53:57 WARN SparkStringUtils: Truncated the string representation of a plan since it was too large. This behavior can be adjusted by setting 'spark.sql.debug.maxToStringFields'.","logger":"task.stderr"}
{"timestamp":"2026-07-04T12:24:01.432666Z","level":"info","event":".....Connection with the database is successfull......","logger":"task.stdout"}
{"timestamp":"2026-07-04T12:24:01.432992Z","level":"info","event":".....Erased stale materialized views......","logger":"task.stdout"}
{"timestamp":"2026-07-04T12:24:01.433035Z","level":"info","event":"+-----------+-----------+------------+--------------+--------------+--------+----+-------------+-------+-----------+-----------+--------+-------+-----+---------------+---------------+------+","logger":"task.stdout"}
{"timestamp":"2026-07-04T12:24:01.433061Z","level":"info","event":"|  full_name|    country|years_active|matches_played|innings_played|not_outs|Runs|highest_score|average|balls_faced|strike_rate|hundreds|fifties|ducks|number_of_fours|number_of_sixes|format|","logger":"task.stdout"}
{"timestamp":"2026-07-04T12:24:01.433082Z","level":"info","event":"+-----------+-----------+------------+--------------+--------------+--------+----+-------------+-------+-----------+-----------+--------+-------+-----+---------------+---------------+------+","logger":"task.stdout"}
{"timestamp":"2026-07-04T12:24:01.433107Z","level":"info","event":"|LMP Simmons|West Indies|          12|            49|            48|       7| 990|           82|  24.14|        848|     116.74|       0|      6|    6|             92|             37|   T20|","logger":"task.stdout"}
{"timestamp":"2026-07-04T12:24:01.433126Z","level":"info","event":"+-----------+-----------+------------+--------------+--------------+--------+----+-------------+-------+-----------+-----------+--------+-------+-----+---------------+---------------+------+","logger":"task.stdout"}
{"timestamp":"2026-07-04T12:24:01.433166Z","level":"info","event":"only showing top 1 row","logger":"task.stdout"}
{"timestamp":"2026-07-04T12:24:01.433184Z","level":"info","event":"+---------+-------+------------+--------------+--------------+--------+----+-------------+-------+--------+-------+-----+------+","logger":"task.stdout"}
{"timestamp":"2026-07-04T12:24:01.433203Z","level":"info","event":"|full_name|country|years_active|matches_played|innings_played|not_outs|Runs|highest_score|average|hundreds|fifties|ducks|format|","logger":"task.stdout"}
{"timestamp":"2026-07-04T12:24:01.433220Z","level":"info","event":"+---------+-------+------------+--------------+--------------+--------+----+-------------+-------+--------+-------+-----+------+","logger":"task.stdout"}
{"timestamp":"2026-07-04T12:24:01.433236Z","level":"info","event":"| DB Close|England|          27|            22|            37|       2| 887|           70|  25.34|       0|      4|    3|  Test|","logger":"task.stdout"}
{"timestamp":"2026-07-04T12:24:01.433253Z","level":"info","event":"+---------+-------+------------+--------------+--------------+--------+----+-------------+-------+--------+-------+-----+------+","logger":"task.stdout"}
{"timestamp":"2026-07-04T12:24:01.433273Z","level":"info","event":"only showing top 1 row","logger":"task.stdout"}
{"timestamp":"2026-07-04T12:24:01.433290Z","level":"info","event":"+---------+-----------+------------+--------------+--------------+-----+----+-------+----+-------+-------+-----------+-----------------+-----------------+------+","logger":"task.stdout"}
{"timestamp":"2026-07-04T12:24:01.433307Z","level":"info","event":"|full_name|    country|years_active|matches_played|innings_played|Balls|Runs|wickets| BBI|average|economy|strike_rate|four_wicket_hauls|five_wicket_hauls|format|","logger":"task.stdout"}
{"timestamp":"2026-07-04T12:24:01.433328Z","level":"info","event":"+---------+-----------+------------+--------------+--------------+-----+----+-------+----+-------+-------+-----------+-----------------+-----------------+------+","logger":"task.stdout"}
{"timestamp":"2026-07-04T12:24:01.433345Z","level":"info","event":"| CH Gayle|West Indies|          20|           301|           199| 7424|5926|    167|5/46|  35.48|   4.78|       44.4|                3|                1|   ODI|","logger":"task.stdout"}
{"timestamp":"2026-07-04T12:24:01.433362Z","level":"info","event":"+---------+-----------+------------+--------------+--------------+-----+----+-------+----+-------+-------+-----------+-----------------+-----------------+------+","logger":"task.stdout"}
{"timestamp":"2026-07-04T12:24:01.433378Z","level":"info","event":"only showing top 1 row","logger":"task.stdout"}
{"timestamp":"2026-07-04T12:24:01.433395Z","level":"info","event":"+---------+-------+------------+--------------+--------------+-----+-----------------+----+-------+----+-------+-------+-----------+-----------------+-----------------+------+","logger":"task.stdout"}
{"timestamp":"2026-07-04T12:24:01.433414Z","level":"info","event":"|full_name|country|years_active|matches_played|innings_played|Overs|number_of_maidens|Runs|wickets| BBI|average|economy|strike_rate|four_wicket_hauls|five_wicket_hauls|format|","logger":"task.stdout"}
{"timestamp":"2026-07-04T12:24:01.433434Z","level":"info","event":"+---------+-------+------------+--------------+--------------+-----+-----------------+----+-------+----+-------+-------+-----------+-----------------+-----------------+------+","logger":"task.stdout"}
{"timestamp":"2026-07-04T12:24:01.433451Z","level":"info","event":"|  B Kumar|  India|           7|            43|            43|  926|                2|1088|     41|5/24|  26.53|   7.04|       22.5|                0|                1|   T20|","logger":"task.stdout"}
{"timestamp":"2026-07-04T12:24:01.433467Z","level":"info","event":"+---------+-------+------------+--------------+--------------+-----+-----------------+----+-------+----+-------+-------+-----------+-----------------+-----------------+------+","logger":"task.stdout"}
{"timestamp":"2026-07-04T12:24:01.433484Z","level":"info","event":"only showing top 1 row","logger":"task.stdout"}
{"timestamp":"2026-07-04T12:24:01.433508Z","level":"info","event":"+--------------+---------+------------+--------------+--------------+-----+-----+-------+----+------+-------+-------+-----------+-----------------+---+------+","logger":"task.stdout"}
{"timestamp":"2026-07-04T12:24:01.433525Z","level":"info","event":"|     full_name|  country|years_active|matches_played|innings_played|Balls| Runs|wickets| BBI|   BBM|average|economy|strike_rate|five_wicket_hauls| 10|format|","logger":"task.stdout"}
{"timestamp":"2026-07-04T12:24:01.433541Z","level":"info","event":"+--------------+---------+------------+--------------+--------------+-----+-----+-------+----+------+-------+-------+-----------+-----------------+---+------+","logger":"task.stdout"}
{"timestamp":"2026-07-04T12:24:01.433609Z","level":"info","event":"|M Muralitharan|Sri Lanka|          18|           133|           230|44039|18180|    800|9/51|16/220|  22.72|   2.47|       55.0|               67| 22|  Test|","logger":"task.stdout"}
{"timestamp":"2026-07-04T12:24:01.433629Z","level":"info","event":"+--------------+---------+------------+--------------+--------------+-----+-----+-------+----+------+-------+-------+-----------+-----------------+---+------+","logger":"task.stdout"}
{"timestamp":"2026-07-04T12:24:01.433646Z","level":"info","event":"only showing top 1 row","logger":"task.stdout"}
{"timestamp":"2026-07-04T12:24:01.433663Z","level":"info","event":"+---------+-------+------------+--------------+--------------+----------+-------+---------+-------------+------+","logger":"task.stdout"}
{"timestamp":"2026-07-04T12:24:01.433679Z","level":"info","event":"|full_name|country|years_active|matches_played|innings_played|dismissals|catches|stumpings|catch_wickets|format|","logger":"task.stdout"}
{"timestamp":"2026-07-04T12:24:01.433695Z","level":"info","event":"+---------+-------+------------+--------------+--------------+----------+-------+---------+-------------+------+","logger":"task.stdout"}
{"timestamp":"2026-07-04T12:24:01.433712Z","level":"info","event":"|  V Kohli|  India|          11|           242|           240|       124|    124|        0|            0|   ODI|","logger":"task.stdout"}
{"timestamp":"2026-07-04T12:24:01.433728Z","level":"info","event":"+---------+-------+------------+--------------+--------------+----------+-------+---------+-------------+------+","logger":"task.stdout"}
{"timestamp":"2026-07-04T12:24:01.433744Z","level":"info","event":"only showing top 1 row","logger":"task.stdout"}
{"timestamp":"2026-07-04T12:24:01.433760Z","level":"info","event":"+------------+----------+------------+--------------+--------------+----------+-------+---------+-------------+------+","logger":"task.stdout"}
{"timestamp":"2026-07-04T12:24:01.433776Z","level":"info","event":"|   full_name|   country|years_active|matches_played|innings_played|dismissals|catches|stumpings|catch_wickets|format|","logger":"task.stdout"}
{"timestamp":"2026-07-04T12:24:01.433792Z","level":"info","event":"+------------+----------+------------+--------------+--------------+----------+-------+---------+-------------+------+","logger":"task.stdout"}
{"timestamp":"2026-07-04T12:24:01.433808Z","level":"info","event":"|Ziaur Rahman|Bangladesh|           2|            14|            14|         4|      4|        0|            0|   T20|","logger":"task.stdout"}
{"timestamp":"2026-07-04T12:24:01.433825Z","level":"info","event":"+------------+----------+------------+--------------+--------------+----------+-------+---------+-------------+------+","logger":"task.stdout"}
{"timestamp":"2026-07-04T12:24:01.433841Z","level":"info","event":"only showing top 1 row","logger":"task.stdout"}
{"timestamp":"2026-07-04T12:24:01.433857Z","level":"info","event":"+---------+---------+------------+--------------+--------------+----------+-------+---------+-------------+------+","logger":"task.stdout"}
{"timestamp":"2026-07-04T12:24:01.433877Z","level":"info","event":"|full_name|  country|years_active|matches_played|innings_played|dismissals|catches|stumpings|catch_wickets|format|","logger":"task.stdout"}
{"timestamp":"2026-07-04T12:24:01.433897Z","level":"info","event":"+---------+---------+------------+--------------+--------------+----------+-------+---------+-------------+------+","logger":"task.stdout"}
{"timestamp":"2026-07-04T12:24:01.433913Z","level":"info","event":"|BN Jarman|Australia|          10|            19|            36|        54|     50|        4|           50|  Test|","logger":"task.stdout"}
{"timestamp":"2026-07-04T12:24:01.433930Z","level":"info","event":"+---------+---------+------------+--------------+--------------+----------+-------+---------+-------------+------+","logger":"task.stdout"}
{"timestamp":"2026-07-04T12:24:01.433946Z","level":"info","event":"only showing top 1 row","logger":"task.stdout"}
{"timestamp":"2026-07-04T12:24:01.454433Z","level":"info","event":"Silver Ingestion Success with returned val:CompletedProcess(args=['python3', '/Users/burugula.sasank/airflow/dags/spark/notebooks/silver_layer/data_transformations.py'], returncode=0)","logger":"task.stdout"}
{"timestamp":"2026-07-04T12:24:01.454774Z","level":"info","event":"Done. Returned value was: ","dag_id":"dag_data","ti_id":"019f2d15-9ebc-7418-a7cd-3ff15ba93367","map_index":-1,"try_number":1,"run_id":"manual__2026-07-04T12:23:39.438608+00:00","task_id":"transform_data_from_filesystem","logger":"airflow.task.operators.airflow.providers.standard.decorators.python._PythonDecoratedOperator","filename":"python.py","lineno":233}
{"timestamp":"2026-07-04T12:24:01.455154Z","level":"info","event":"::group::Post Execute","dag_id":"dag_data","ti_id":"019f2d15-9ebc-7418-a7cd-3ff15ba93367","map_index":-1,"try_number":1,"run_id":"manual__2026-07-04T12:23:39.438608+00:00","task_id":"transform_data_from_filesystem","logger":"task","filename":"task_runner.py","lineno":1288}
{"timestamp":"2026-07-04T12:24:01.455416Z","level":"info","event":"Pushing xcom","ti":"RuntimeTaskInstance(id=UUID('019f2d15-9ebc-7418-a7cd-3ff15ba93367'), task_id='transform_data_from_filesystem', dag_id='dag_data', run_id='manual__2026-07-04T12:23:39.438608+00:00', try_number=1, dag_version_id=UUID('019f2d15-3f54-73b0-98f2-bb5d0fb262b5'), map_index=-1, hostname='burugulas-macbook-air.local', context_carrier={'traceparent': '00-3e2c4642e07c7174cb42bd90dbff1db7-e24919db7c30e0a6-01'}, task=<Task(_PythonDecoratedOperator): transform_data_from_filesystem>, bundle_instance=LocalDagBundle(name=dags-folder), max_tries=3, start_date=datetime.datetime(2026, 7, 4, 12, 23, 52, 764814, tzinfo=datetime.timezone.utc), end_date=None, state=<TaskInstanceState.RUNNING: 'running'>, is_mapped=False, rendered_map_index=None, sentry_integration='')","dag_id":"dag_data","ti_id":"019f2d15-9ebc-7418-a7cd-3ff15ba93367","map_index":-1,"try_number":1,"run_id":"manual__2026-07-04T12:23:39.438608+00:00","task_id":"transform_data_from_filesystem","logger":"task","filename":"task_runner.py","lineno":1791}
{"timestamp":"2026-07-04T12:24:01.469786Z","level":"info","event":"::endgroup::","dag_id":"dag_data","ti_id":"019f2d15-9ebc-7418-a7cd-3ff15ba93367","map_index":-1,"try_number":1,"run_id":"manual__2026-07-04T12:23:39.438608+00:00","task_id":"transform_data_from_filesystem","logger":"task","filename":"task_runner.py","lineno":1896}
{"timestamp":"2026-07-04T12:24:01.937642Z","level":"error","event":"\r[Stage 9:>                                                          (0 + 1) / 1]","logger":"task.stderr"}
