{"timestamp":"2026-07-04T12:01:29.109219Z","level":"info","event":"2026-07-04T12:01:29.108722Z [info     ] ::group::Pre Execute           [task] loc=task_runner.py:1926","logger":"task.stdout"}
{"timestamp":"2026-07-04T12:01:29.188404Z","level":"info","event":"setup plugin alembic.autogenerate.schemas","logger":"alembic.runtime.plugins","map_index":-1,"try_number":1,"ti_id":"019f2d01-368c-74ce-aea0-b478d200f56f","task_id":"ingest_data_to_filesystem","run_id":"manual__2026-07-04T12:01:22.046936+00:00","dag_id":"dag_data","filename":"plugins.py","lineno":37}
{"timestamp":"2026-07-04T12:01:29.188477Z","level":"info","event":"setup plugin alembic.autogenerate.tables","logger":"alembic.runtime.plugins","map_index":-1,"try_number":1,"ti_id":"019f2d01-368c-74ce-aea0-b478d200f56f","task_id":"ingest_data_to_filesystem","run_id":"manual__2026-07-04T12:01:22.046936+00:00","dag_id":"dag_data","filename":"plugins.py","lineno":37}
{"timestamp":"2026-07-04T12:01:29.188508Z","level":"info","event":"setup plugin alembic.autogenerate.types","logger":"alembic.runtime.plugins","map_index":-1,"try_number":1,"ti_id":"019f2d01-368c-74ce-aea0-b478d200f56f","task_id":"ingest_data_to_filesystem","run_id":"manual__2026-07-04T12:01:22.046936+00:00","dag_id":"dag_data","filename":"plugins.py","lineno":37}
{"timestamp":"2026-07-04T12:01:29.188531Z","level":"info","event":"setup plugin alembic.autogenerate.constraints","logger":"alembic.runtime.plugins","map_index":-1,"try_number":1,"ti_id":"019f2d01-368c-74ce-aea0-b478d200f56f","task_id":"ingest_data_to_filesystem","run_id":"manual__2026-07-04T12:01:22.046936+00:00","dag_id":"dag_data","filename":"plugins.py","lineno":37}
{"timestamp":"2026-07-04T12:01:29.188551Z","level":"info","event":"setup plugin alembic.autogenerate.defaults","logger":"alembic.runtime.plugins","map_index":-1,"try_number":1,"ti_id":"019f2d01-368c-74ce-aea0-b478d200f56f","task_id":"ingest_data_to_filesystem","run_id":"manual__2026-07-04T12:01:22.046936+00:00","dag_id":"dag_data","filename":"plugins.py","lineno":37}
{"timestamp":"2026-07-04T12:01:29.188571Z","level":"info","event":"setup plugin alembic.autogenerate.comments","logger":"alembic.runtime.plugins","map_index":-1,"try_number":1,"ti_id":"019f2d01-368c-74ce-aea0-b478d200f56f","task_id":"ingest_data_to_filesystem","run_id":"manual__2026-07-04T12:01:22.046936+00:00","dag_id":"dag_data","filename":"plugins.py","lineno":37}
{"timestamp":"2026-07-04T12:01:29.228528Z","level":"info","event":"DAG bundles loaded: dags-folder","map_index":-1,"try_number":1,"ti_id":"019f2d01-368c-74ce-aea0-b478d200f56f","task_id":"ingest_data_to_filesystem","run_id":"manual__2026-07-04T12:01:22.046936+00:00","dag_id":"dag_data","logger":"airflow.dag_processing.bundles.manager.DagBundlesManager","filename":"manager.py","lineno":209}
{"timestamp":"2026-07-04T12:01:29.228719Z","level":"info","event":"Filling up the DagBag from /Users/burugula.sasank/airflow/dags/etl_scheduler.py","map_index":-1,"try_number":1,"ti_id":"019f2d01-368c-74ce-aea0-b478d200f56f","task_id":"ingest_data_to_filesystem","run_id":"manual__2026-07-04T12:01:22.046936+00:00","dag_id":"dag_data","logger":"airflow.dag_processing.dagbag.BundleDagBag","filename":"dagbag.py","lineno":469}
{"timestamp":"2026-07-04T12:01:29.258406Z","level":"warning","event":"The `airflow.decorators.task` attribute is deprecated. Please use `'airflow.sdk.task'`.","category":"UserWarning","filename":"/Users/burugula.sasank/airflow/dags/etl_scheduler.py","lineno":1,"map_index":-1,"try_number":1,"ti_id":"019f2d01-368c-74ce-aea0-b478d200f56f","task_id":"ingest_data_to_filesystem","run_id":"manual__2026-07-04T12:01:22.046936+00:00","dag_id":"dag_data","logger":"py.warnings"}
{"timestamp":"2026-07-04T12:01:29.258456Z","level":"warning","event":"The `airflow.decorators.dag` attribute is deprecated. Please use `'airflow.sdk.dag'`.","category":"UserWarning","filename":"/Users/burugula.sasank/airflow/dags/etl_scheduler.py","lineno":1,"map_index":-1,"try_number":1,"ti_id":"019f2d01-368c-74ce-aea0-b478d200f56f","task_id":"ingest_data_to_filesystem","run_id":"manual__2026-07-04T12:01:22.046936+00:00","dag_id":"dag_data","logger":"py.warnings"}
{"timestamp":"2026-07-04T12:01:29.258480Z","level":"warning","event":"The `airflow.hooks.base.BaseHook` attribute is deprecated. Please use `'airflow.sdk.bases.hook.BaseHook'`.","category":"UserWarning","filename":"/Users/burugula.sasank/airflow/dags/etl_scheduler.py","lineno":2,"map_index":-1,"try_number":1,"ti_id":"019f2d01-368c-74ce-aea0-b478d200f56f","task_id":"ingest_data_to_filesystem","run_id":"manual__2026-07-04T12:01:22.046936+00:00","dag_id":"dag_data","logger":"py.warnings"}
{"timestamp":"2026-07-04T12:01:29.272577Z","level":"info","event":"::endgroup::","map_index":-1,"try_number":1,"ti_id":"019f2d01-368c-74ce-aea0-b478d200f56f","task_id":"ingest_data_to_filesystem","run_id":"manual__2026-07-04T12:01:22.046936+00:00","dag_id":"dag_data","logger":"task","filename":"task_runner.py","lineno":1727}
{"timestamp":"2026-07-04T12:01:29.578234Z","level":"error","event":"WARNING: Using incubator modules: jdk.incubator.vector","logger":"task.stderr"}
{"timestamp":"2026-07-04T12:01:29.986849Z","level":"error","event":"Using Spark's default log4j profile: org/apache/spark/log4j2-defaults.properties","logger":"task.stderr"}
{"timestamp":"2026-07-04T12:01:29.993489Z","level":"error","event":"26/07/04 17:31:29 WARN Utils: Your hostname, Burugulas-MacBook-Air.local, resolves to a loopback address: 127.0.0.1; using 192.168.0.107 instead (on interface en0)","logger":"task.stderr"}
{"timestamp":"2026-07-04T12:01:29.994556Z","level":"error","event":"26/07/04 17:31:29 WARN Utils: Set SPARK_LOCAL_IP if you need to bind to another address","logger":"task.stderr"}
{"timestamp":"2026-07-04T12:01:30.119302Z","level":"error","event":"Using Spark's default log4j profile: org/apache/spark/log4j2-defaults.properties","logger":"task.stderr"}
{"timestamp":"2026-07-04T12:01:30.119436Z","level":"error","event":"Setting default log level to \"WARN\".","logger":"task.stderr"}
{"timestamp":"2026-07-04T12:01:30.119466Z","level":"error","event":"To adjust logging level use sc.setLogLevel(newLevel). For SparkR, use setLogLevel(newLevel).","logger":"task.stderr"}
{"timestamp":"2026-07-04T12:01:30.284913Z","level":"error","event":"26/07/04 17:31:30 WARN NativeCodeLoader: Unable to load native-hadoop library for your platform... using builtin-java classes where applicable","logger":"task.stderr"}
{"timestamp":"2026-07-04T12:01:32.951103Z","level":"error","event":"26/07/04 17:31:32 WARN CSVHeaderChecker: CSV header does not conform to the schema.","logger":"task.stderr"}
{"timestamp":"2026-07-04T12:01:32.951212Z","level":"error","event":" Header: , Player, Span, Mat, Inns, NO, Runs, HS, Ave, BF, SR, 100, 50, 0, Unnamed: 13","logger":"task.stderr"}
{"timestamp":"2026-07-04T12:01:32.951251Z","level":"error","event":" Schema: _c0, Player, Span, Mat, Inns, NO, Runs, HS, Ave, BF, SR, 100, 50, 0, Unnamed: 13","logger":"task.stderr"}
{"timestamp":"2026-07-04T12:01:32.951272Z","level":"error","event":"Expected: _c0 but found:","logger":"task.stderr"}
{"timestamp":"2026-07-04T12:01:32.951292Z","level":"error","event":"CSV file: file:///Users/burugula.sasank/airflow/dags/file_stores/api_dump/cric_data/Batting/ODI%20data.csv","logger":"task.stderr"}
{"timestamp":"2026-07-04T12:01:33.414091Z","level":"error","event":"26/07/04 17:31:33 WARN CSVHeaderChecker: CSV header does not conform to the schema.","logger":"task.stderr"}
{"timestamp":"2026-07-04T12:01:33.414201Z","level":"error","event":" Header: , Player, Span, Mat, Inns, NO, Runs, HS, Ave, BF, SR, 100, 50, 0, 4s, 6s, Unnamed: 15","logger":"task.stderr"}
{"timestamp":"2026-07-04T12:01:33.414230Z","level":"error","event":" Schema: _c0, Player, Span, Mat, Inns, NO, Runs, HS, Ave, BF, SR, 100, 50, 0, 4s, 6s, Unnamed: 15","logger":"task.stderr"}
{"timestamp":"2026-07-04T12:01:33.414255Z","level":"error","event":"Expected: _c0 but found:","logger":"task.stderr"}
{"timestamp":"2026-07-04T12:01:33.414276Z","level":"error","event":"CSV file: file:///Users/burugula.sasank/airflow/dags/file_stores/api_dump/cric_data/Batting/t20.csv","logger":"task.stderr"}
{"timestamp":"2026-07-04T12:01:33.540777Z","level":"error","event":"26/07/04 17:31:33 WARN CSVHeaderChecker: CSV header does not conform to the schema.","logger":"task.stderr"}
{"timestamp":"2026-07-04T12:01:33.540897Z","level":"error","event":" Header: , Player, Span, Mat, Inns, NO, Runs, HS, Ave, 100, 50, 0, Unnamed: 11","logger":"task.stderr"}
{"timestamp":"2026-07-04T12:01:33.540926Z","level":"error","event":" Schema: _c0, Player, Span, Mat, Inns, NO, Runs, HS, Ave, 100, 50, 0, Unnamed: 11","logger":"task.stderr"}
{"timestamp":"2026-07-04T12:01:33.540948Z","level":"error","event":"Expected: _c0 but found:","logger":"task.stderr"}
{"timestamp":"2026-07-04T12:01:33.540969Z","level":"error","event":"CSV file: file:///Users/burugula.sasank/airflow/dags/file_stores/api_dump/cric_data/Batting/test.csv","logger":"task.stderr"}
{"timestamp":"2026-07-04T12:01:33.687355Z","level":"error","event":"26/07/04 17:31:33 WARN CSVHeaderChecker: CSV header does not conform to the schema.","logger":"task.stderr"}
{"timestamp":"2026-07-04T12:01:33.687458Z","level":"error","event":" Header: , Player, Span, Mat, Inns, Balls, Runs, Wkts, BBI, Ave, Econ, SR, 4, 5, Unnamed: 13","logger":"task.stderr"}
{"timestamp":"2026-07-04T12:01:33.687486Z","level":"error","event":" Schema: _c0, Player, Span, Mat, Inns, Balls, Runs, Wkts, BBI, Ave, Econ, SR, 4, 5, Unnamed: 13","logger":"task.stderr"}
{"timestamp":"2026-07-04T12:01:33.687508Z","level":"error","event":"Expected: _c0 but found:","logger":"task.stderr"}
{"timestamp":"2026-07-04T12:01:33.687529Z","level":"error","event":"CSV file: file:///Users/burugula.sasank/airflow/dags/file_stores/api_dump/cric_data/Bowling/Bowling_ODI.csv","logger":"task.stderr"}
{"timestamp":"2026-07-04T12:01:33.812175Z","level":"error","event":"26/07/04 17:31:33 WARN CSVHeaderChecker: CSV header does not conform to the schema.","logger":"task.stderr"}
{"timestamp":"2026-07-04T12:01:33.812279Z","level":"error","event":" Header: , Player, Span, Mat, Inns, Overs, Mdns, Runs, Wkts, BBI, Ave, Econ, SR, 4, 5, Unnamed: 14","logger":"task.stderr"}
{"timestamp":"2026-07-04T12:01:33.812307Z","level":"error","event":" Schema: _c0, Player, Span, Mat, Inns, Overs, Mdns, Runs, Wkts, BBI, Ave, Econ, SR, 4, 5, Unnamed: 14","logger":"task.stderr"}
{"timestamp":"2026-07-04T12:01:33.812328Z","level":"error","event":"Expected: _c0 but found:","logger":"task.stderr"}
{"timestamp":"2026-07-04T12:01:33.812347Z","level":"error","event":"CSV file: file:///Users/burugula.sasank/airflow/dags/file_stores/api_dump/cric_data/Bowling/Bowling_t20.csv","logger":"task.stderr"}
{"timestamp":"2026-07-04T12:01:33.970893Z","level":"error","event":"26/07/04 17:31:33 WARN CSVHeaderChecker: CSV header does not conform to the schema.","logger":"task.stderr"}
{"timestamp":"2026-07-04T12:01:33.971055Z","level":"error","event":" Header: , Player, Span, Mat, Inns, Balls, Runs, Wkts, BBI, BBM, Ave, Econ, SR, 5, 10, Unnamed: 14","logger":"task.stderr"}
{"timestamp":"2026-07-04T12:01:33.971093Z","level":"error","event":" Schema: _c0, Player, Span, Mat, Inns, Balls, Runs, Wkts, BBI, BBM, Ave, Econ, SR, 5, 10, Unnamed: 14","logger":"task.stderr"}
{"timestamp":"2026-07-04T12:01:33.971117Z","level":"error","event":"Expected: _c0 but found:","logger":"task.stderr"}
{"timestamp":"2026-07-04T12:01:33.971139Z","level":"error","event":"CSV file: file:///Users/burugula.sasank/airflow/dags/file_stores/api_dump/cric_data/Bowling/Bowling_test.csv","logger":"task.stderr"}
{"timestamp":"2026-07-04T12:01:34.085296Z","level":"error","event":"26/07/04 17:31:34 WARN CSVHeaderChecker: CSV header does not conform to the schema.","logger":"task.stderr"}
{"timestamp":"2026-07-04T12:01:34.085419Z","level":"error","event":" Header: , Player, Span, Mat, Inns, Dis, Ct, St, Ct Wk, Ct Fi, MD, D/I, Unnamed: 11","logger":"task.stderr"}
{"timestamp":"2026-07-04T12:01:34.085448Z","level":"error","event":" Schema: _c0, Player, Span, Mat, Inns, Dis, Ct, St, Ct Wk, Ct Fi, MD, D/I, Unnamed: 11","logger":"task.stderr"}
{"timestamp":"2026-07-04T12:01:34.085476Z","level":"error","event":"Expected: _c0 but found:","logger":"task.stderr"}
{"timestamp":"2026-07-04T12:01:34.085514Z","level":"error","event":"CSV file: file:///Users/burugula.sasank/airflow/dags/file_stores/api_dump/cric_data/Fielding/Fielding_ODI.csv","logger":"task.stderr"}
{"timestamp":"2026-07-04T12:01:34.227241Z","level":"error","event":"26/07/04 17:31:34 WARN CSVHeaderChecker: CSV header does not conform to the schema.","logger":"task.stderr"}
{"timestamp":"2026-07-04T12:01:34.227341Z","level":"error","event":" Header: , Player, Span, Mat, Inns, Dis, Ct, St, Ct Wk, Ct Fi, MD, D/I, Unnamed: 11","logger":"task.stderr"}
{"timestamp":"2026-07-04T12:01:34.227368Z","level":"error","event":" Schema: _c0, Player, Span, Mat, Inns, Dis, Ct, St, Ct Wk, Ct Fi, MD, D/I, Unnamed: 11","logger":"task.stderr"}
{"timestamp":"2026-07-04T12:01:34.227389Z","level":"error","event":"Expected: _c0 but found:","logger":"task.stderr"}
{"timestamp":"2026-07-04T12:01:34.227412Z","level":"error","event":"CSV file: file:///Users/burugula.sasank/airflow/dags/file_stores/api_dump/cric_data/Fielding/Fielding_t20.csv","logger":"task.stderr"}
{"timestamp":"2026-07-04T12:01:34.333070Z","level":"error","event":"26/07/04 17:31:34 WARN CSVHeaderChecker: CSV header does not conform to the schema.","logger":"task.stderr"}
{"timestamp":"2026-07-04T12:01:34.333177Z","level":"error","event":" Header: , Player, Span, Mat, Inns, Dis, Ct, St, Ct Wk, Ct Fi, MD, D/I, Unnamed: 11","logger":"task.stderr"}
{"timestamp":"2026-07-04T12:01:34.333209Z","level":"error","event":" Schema: _c0, Player, Span, Mat, Inns, Dis, Ct, St, Ct Wk, Ct Fi, MD, D/I, Unnamed: 11","logger":"task.stderr"}
{"timestamp":"2026-07-04T12:01:34.333231Z","level":"error","event":"Expected: _c0 but found:","logger":"task.stderr"}
{"timestamp":"2026-07-04T12:01:34.333251Z","level":"error","event":"CSV file: file:///Users/burugula.sasank/airflow/dags/file_stores/api_dump/cric_data/Fielding/Fielding_test.csv","logger":"task.stderr"}
{"timestamp":"2026-07-04T12:01:34.394235Z","level":"error","event":"26/07/04 17:31:34 WARN CSVHeaderChecker: CSV header does not conform to the schema.","logger":"task.stderr"}
{"timestamp":"2026-07-04T12:01:34.394346Z","level":"error","event":" Header: , Player, Span, Mat, Inns, NO, Runs, HS, Ave, BF, SR, 100, 50, 0, Unnamed: 13","logger":"task.stderr"}
{"timestamp":"2026-07-04T12:01:34.394374Z","level":"error","event":" Schema: _c0, Player, Span, Mat, Inns, NO, Runs, HS, Ave, BF, SR, 100, 50, 0, Unnamed: 13","logger":"task.stderr"}
{"timestamp":"2026-07-04T12:01:34.394396Z","level":"error","event":"Expected: _c0 but found:","logger":"task.stderr"}
{"timestamp":"2026-07-04T12:01:34.394416Z","level":"error","event":"CSV file: file:///Users/burugula.sasank/airflow/dags/file_stores/api_dump/cric_data/Batting/ODI%20data.csv","logger":"task.stderr"}
{"timestamp":"2026-07-04T12:01:34.860313Z","level":"info","event":"Sample Data (ODI Batsmen):","logger":"task.stdout"}
{"timestamp":"2026-07-04T12:01:34.860631Z","level":"info","event":"+---+--------------------+---------+---+----+---+-----+----+-----+-----+-----+---+---+---+-----------+","logger":"task.stdout"}
{"timestamp":"2026-07-04T12:01:34.860717Z","level":"info","event":"|_c0|              Player|     Span|Mat|Inns| NO| Runs|  HS|  Ave|   BF|   SR|100| 50|  0|Unnamed: 13|","logger":"task.stdout"}
{"timestamp":"2026-07-04T12:01:34.860778Z","level":"info","event":"+---+--------------------+---------+---+----+---+-----+----+-----+-----+-----+---+---+---+-----------+","logger":"task.stdout"}
{"timestamp":"2026-07-04T12:01:34.860835Z","level":"info","event":"|  0|SR Tendulkar (INDIA)|1989-2012|463| 452| 41|18426|200*|44.83|21367|86.23| 49| 96| 20|       NULL|","logger":"task.stdout"}
{"timestamp":"2026-07-04T12:01:34.860892Z","level":"info","event":"|  1|KC Sangakkara (As...|2000-2015|404| 380| 41|14234| 169|41.98|18048|78.86| 25| 93| 15|       NULL|","logger":"task.stdout"}
{"timestamp":"2026-07-04T12:01:34.860950Z","level":"info","event":"+---+--------------------+---------+---+----+---+-----+----+-----+-----+-----+---+---+---+-----------+","logger":"task.stdout"}
{"timestamp":"2026-07-04T12:01:34.861036Z","level":"info","event":"only showing top 2 rows","logger":"task.stdout"}
{"timestamp":"2026-07-04T12:01:34.901422Z","level":"info","event":"Bronze Ingestion Success","logger":"task.stdout"}
{"timestamp":"2026-07-04T12:01:34.901749Z","level":"info","event":"Done. Returned value was: ","map_index":-1,"try_number":1,"ti_id":"019f2d01-368c-74ce-aea0-b478d200f56f","task_id":"ingest_data_to_filesystem","run_id":"manual__2026-07-04T12:01:22.046936+00:00","dag_id":"dag_data","logger":"airflow.task.operators.airflow.providers.standard.decorators.python._PythonDecoratedOperator","filename":"python.py","lineno":233}
{"timestamp":"2026-07-04T12:01:34.902143Z","level":"info","event":"::group::Post Execute","map_index":-1,"try_number":1,"ti_id":"019f2d01-368c-74ce-aea0-b478d200f56f","task_id":"ingest_data_to_filesystem","run_id":"manual__2026-07-04T12:01:22.046936+00:00","dag_id":"dag_data","logger":"task","filename":"task_runner.py","lineno":1288}
{"timestamp":"2026-07-04T12:01:34.902398Z","level":"info","event":"Pushing xcom","ti":"RuntimeTaskInstance(id=UUID('019f2d01-368c-74ce-aea0-b478d200f56f'), task_id='ingest_data_to_filesystem', dag_id='dag_data', run_id='manual__2026-07-04T12:01:22.046936+00:00', try_number=1, dag_version_id=UUID('019f2c09-88cb-79f1-ada2-a2bc16a5412d'), map_index=-1, hostname='burugulas-macbook-air.local', context_carrier={'traceparent': '00-4467609b3eacff949ac2d414676acd22-ed4d3452234734ea-01'}, task=<Task(_PythonDecoratedOperator): ingest_data_to_filesystem>, bundle_instance=LocalDagBundle(name=dags-folder), max_tries=0, start_date=datetime.datetime(2026, 7, 4, 12, 1, 28, 684271, tzinfo=datetime.timezone.utc), end_date=None, state=<TaskInstanceState.RUNNING: 'running'>, is_mapped=False, rendered_map_index=None, sentry_integration='')","map_index":-1,"try_number":1,"ti_id":"019f2d01-368c-74ce-aea0-b478d200f56f","task_id":"ingest_data_to_filesystem","run_id":"manual__2026-07-04T12:01:22.046936+00:00","dag_id":"dag_data","logger":"task","filename":"task_runner.py","lineno":1791}
{"timestamp":"2026-07-04T12:01:34.911981Z","level":"info","event":"::endgroup::","map_index":-1,"try_number":1,"ti_id":"019f2d01-368c-74ce-aea0-b478d200f56f","task_id":"ingest_data_to_filesystem","run_id":"manual__2026-07-04T12:01:22.046936+00:00","dag_id":"dag_data","logger":"task","filename":"task_runner.py","lineno":1896}
