{"timestamp":"2026-07-04T12:03:42.331985Z","level":"info","event":"2026-07-04T12:03:42.331821Z [info     ] ::group::Pre Execute           [task] loc=task_runner.py:1926","logger":"task.stdout"}
{"timestamp":"2026-07-04T12:03:42.411796Z","level":"info","event":"setup plugin alembic.autogenerate.schemas","logger":"alembic.runtime.plugins","try_number":1,"run_id":"manual__2026-07-04T12:03:30.471763+00:00","task_id":"transform_data_from_filesystem","dag_id":"dag_data","ti_id":"019f2d03-2c31-769e-bc73-decbc3553aaa","map_index":-1,"filename":"plugins.py","lineno":37}
{"timestamp":"2026-07-04T12:03:42.411873Z","level":"info","event":"setup plugin alembic.autogenerate.tables","logger":"alembic.runtime.plugins","try_number":1,"run_id":"manual__2026-07-04T12:03:30.471763+00:00","task_id":"transform_data_from_filesystem","dag_id":"dag_data","ti_id":"019f2d03-2c31-769e-bc73-decbc3553aaa","map_index":-1,"filename":"plugins.py","lineno":37}
{"timestamp":"2026-07-04T12:03:42.411905Z","level":"info","event":"setup plugin alembic.autogenerate.types","logger":"alembic.runtime.plugins","try_number":1,"run_id":"manual__2026-07-04T12:03:30.471763+00:00","task_id":"transform_data_from_filesystem","dag_id":"dag_data","ti_id":"019f2d03-2c31-769e-bc73-decbc3553aaa","map_index":-1,"filename":"plugins.py","lineno":37}
{"timestamp":"2026-07-04T12:03:42.411930Z","level":"info","event":"setup plugin alembic.autogenerate.constraints","logger":"alembic.runtime.plugins","try_number":1,"run_id":"manual__2026-07-04T12:03:30.471763+00:00","task_id":"transform_data_from_filesystem","dag_id":"dag_data","ti_id":"019f2d03-2c31-769e-bc73-decbc3553aaa","map_index":-1,"filename":"plugins.py","lineno":37}
{"timestamp":"2026-07-04T12:03:42.411952Z","level":"info","event":"setup plugin alembic.autogenerate.defaults","logger":"alembic.runtime.plugins","try_number":1,"run_id":"manual__2026-07-04T12:03:30.471763+00:00","task_id":"transform_data_from_filesystem","dag_id":"dag_data","ti_id":"019f2d03-2c31-769e-bc73-decbc3553aaa","map_index":-1,"filename":"plugins.py","lineno":37}
{"timestamp":"2026-07-04T12:03:42.411972Z","level":"info","event":"setup plugin alembic.autogenerate.comments","logger":"alembic.runtime.plugins","try_number":1,"run_id":"manual__2026-07-04T12:03:30.471763+00:00","task_id":"transform_data_from_filesystem","dag_id":"dag_data","ti_id":"019f2d03-2c31-769e-bc73-decbc3553aaa","map_index":-1,"filename":"plugins.py","lineno":37}
{"timestamp":"2026-07-04T12:03:42.452066Z","level":"info","event":"DAG bundles loaded: dags-folder","try_number":1,"run_id":"manual__2026-07-04T12:03:30.471763+00:00","task_id":"transform_data_from_filesystem","dag_id":"dag_data","ti_id":"019f2d03-2c31-769e-bc73-decbc3553aaa","map_index":-1,"logger":"airflow.dag_processing.bundles.manager.DagBundlesManager","filename":"manager.py","lineno":209}
{"timestamp":"2026-07-04T12:03:42.452274Z","level":"info","event":"Filling up the DagBag from /Users/burugula.sasank/airflow/dags/etl_scheduler.py","try_number":1,"run_id":"manual__2026-07-04T12:03:30.471763+00:00","task_id":"transform_data_from_filesystem","dag_id":"dag_data","ti_id":"019f2d03-2c31-769e-bc73-decbc3553aaa","map_index":-1,"logger":"airflow.dag_processing.dagbag.BundleDagBag","filename":"dagbag.py","lineno":469}
{"timestamp":"2026-07-04T12:03:42.483472Z","level":"warning","event":"The `airflow.decorators.task` attribute is deprecated. Please use `'airflow.sdk.task'`.","category":"UserWarning","filename":"/Users/burugula.sasank/airflow/dags/etl_scheduler.py","lineno":1,"try_number":1,"run_id":"manual__2026-07-04T12:03:30.471763+00:00","task_id":"transform_data_from_filesystem","dag_id":"dag_data","ti_id":"019f2d03-2c31-769e-bc73-decbc3553aaa","map_index":-1,"logger":"py.warnings"}
{"timestamp":"2026-07-04T12:03:42.483524Z","level":"warning","event":"The `airflow.decorators.dag` attribute is deprecated. Please use `'airflow.sdk.dag'`.","category":"UserWarning","filename":"/Users/burugula.sasank/airflow/dags/etl_scheduler.py","lineno":1,"try_number":1,"run_id":"manual__2026-07-04T12:03:30.471763+00:00","task_id":"transform_data_from_filesystem","dag_id":"dag_data","ti_id":"019f2d03-2c31-769e-bc73-decbc3553aaa","map_index":-1,"logger":"py.warnings"}
{"timestamp":"2026-07-04T12:03:42.483549Z","level":"warning","event":"The `airflow.hooks.base.BaseHook` attribute is deprecated. Please use `'airflow.sdk.bases.hook.BaseHook'`.","category":"UserWarning","filename":"/Users/burugula.sasank/airflow/dags/etl_scheduler.py","lineno":2,"try_number":1,"run_id":"manual__2026-07-04T12:03:30.471763+00:00","task_id":"transform_data_from_filesystem","dag_id":"dag_data","ti_id":"019f2d03-2c31-769e-bc73-decbc3553aaa","map_index":-1,"logger":"py.warnings"}
{"timestamp":"2026-07-04T12:03:42.495906Z","level":"info","event":"::endgroup::","try_number":1,"run_id":"manual__2026-07-04T12:03:30.471763+00:00","task_id":"transform_data_from_filesystem","dag_id":"dag_data","ti_id":"019f2d03-2c31-769e-bc73-decbc3553aaa","map_index":-1,"logger":"task","filename":"task_runner.py","lineno":1727}
{"timestamp":"2026-07-04T12:03:42.572853Z","level":"error","event":"/Library/Frameworks/Python.framework/Versions/3.14/lib/python3.14/site-packages/pyspark/sql/udf.py:134: UserWarning: Cannot infer the eval type from type hints.","logger":"task.stderr"}
{"timestamp":"2026-07-04T12:03:42.572947Z","level":"error","event":"  warnings.warn(\"Cannot infer the eval type from type hints. \", UserWarning)","logger":"task.stderr"}
{"timestamp":"2026-07-04T12:03:42.678963Z","level":"error","event":"WARNING: Using incubator modules: jdk.incubator.vector","logger":"task.stderr"}
{"timestamp":"2026-07-04T12:03:42.991807Z","level":"error","event":"Using Spark's default log4j profile: org/apache/spark/log4j2-defaults.properties","logger":"task.stderr"}
{"timestamp":"2026-07-04T12:03:42.998051Z","level":"error","event":"26/07/04 17:33:42 WARN Utils: Your hostname, Burugulas-MacBook-Air.local, resolves to a loopback address: 127.0.0.1; using 192.168.0.107 instead (on interface en0)","logger":"task.stderr"}
{"timestamp":"2026-07-04T12:03:42.999092Z","level":"error","event":"26/07/04 17:33:42 WARN Utils: Set SPARK_LOCAL_IP if you need to bind to another address","logger":"task.stderr"}
{"timestamp":"2026-07-04T12:03:43.071413Z","level":"error","event":":: loading settings :: url = jar:file:/Library/Frameworks/Python.framework/Versions/3.14/lib/python3.14/site-packages/pyspark/jars/ivy-2.5.3.jar!/org/apache/ivy/core/settings/ivysettings.xml","logger":"task.stderr"}
{"timestamp":"2026-07-04T12:03:43.106707Z","level":"error","event":"Ivy Default Cache set to: /Users/burugula.sasank/.ivy2.5.2/cache","logger":"task.stderr"}
{"timestamp":"2026-07-04T12:03:43.106861Z","level":"error","event":"The jars for the packages stored in: /Users/burugula.sasank/.ivy2.5.2/jars","logger":"task.stderr"}
{"timestamp":"2026-07-04T12:03:43.108340Z","level":"error","event":"org.postgresql#postgresql added as a dependency","logger":"task.stderr"}
{"timestamp":"2026-07-04T12:03:43.108578Z","level":"error","event":":: resolving dependencies :: org.apache.spark#spark-submit-parent-5d568085-0eda-4740-8139-e7ce9aaf1e56;1.0","logger":"task.stderr"}
{"timestamp":"2026-07-04T12:03:43.108665Z","level":"error","event":"\tconfs: [default]","logger":"task.stderr"}
{"timestamp":"2026-07-04T12:03:43.167484Z","level":"error","event":"\tfound org.postgresql#postgresql;42.7.3 in central","logger":"task.stderr"}
{"timestamp":"2026-07-04T12:03:43.176014Z","level":"error","event":"\tfound org.checkerframework#checker-qual;3.42.0 in central","logger":"task.stderr"}
{"timestamp":"2026-07-04T12:03:43.181362Z","level":"error","event":":: resolution report :: resolve 71ms :: artifacts dl 2ms","logger":"task.stderr"}
{"timestamp":"2026-07-04T12:03:43.181552Z","level":"error","event":"\t:: modules in use:","logger":"task.stderr"}
{"timestamp":"2026-07-04T12:03:43.181640Z","level":"error","event":"\torg.checkerframework#checker-qual;3.42.0 from central in [default]","logger":"task.stderr"}
{"timestamp":"2026-07-04T12:03:43.181671Z","level":"error","event":"\torg.postgresql#postgresql;42.7.3 from central in [default]","logger":"task.stderr"}
{"timestamp":"2026-07-04T12:03:43.181698Z","level":"error","event":"\t---------------------------------------------------------------------","logger":"task.stderr"}
{"timestamp":"2026-07-04T12:03:43.181725Z","level":"error","event":"\t|                  |            modules            ||   artifacts   |","logger":"task.stderr"}
{"timestamp":"2026-07-04T12:03:43.181744Z","level":"error","event":"\t|       conf       | number| search|dwnlded|evicted|| number|dwnlded|","logger":"task.stderr"}
{"timestamp":"2026-07-04T12:03:43.181763Z","level":"error","event":"\t---------------------------------------------------------------------","logger":"task.stderr"}
{"timestamp":"2026-07-04T12:03:43.181782Z","level":"error","event":"\t|      default     |   2   |   0   |   0   |   0   ||   2   |   0   |","logger":"task.stderr"}
{"timestamp":"2026-07-04T12:03:43.181800Z","level":"error","event":"\t---------------------------------------------------------------------","logger":"task.stderr"}
{"timestamp":"2026-07-04T12:03:43.183215Z","level":"error","event":":: retrieving :: org.apache.spark#spark-submit-parent-5d568085-0eda-4740-8139-e7ce9aaf1e56","logger":"task.stderr"}
{"timestamp":"2026-07-04T12:03:43.183314Z","level":"error","event":"\tconfs: [default]","logger":"task.stderr"}
{"timestamp":"2026-07-04T12:03:43.185267Z","level":"error","event":"\t0 artifacts copied, 2 already retrieved (0kB/2ms)","logger":"task.stderr"}
{"timestamp":"2026-07-04T12:03:43.249889Z","level":"error","event":"26/07/04 17:33:43 WARN NativeCodeLoader: Unable to load native-hadoop library for your platform... using builtin-java classes where applicable","logger":"task.stderr"}
{"timestamp":"2026-07-04T12:03:43.299057Z","level":"error","event":"Using Spark's default log4j profile: org/apache/spark/log4j2-defaults.properties","logger":"task.stderr"}
{"timestamp":"2026-07-04T12:03:43.299216Z","level":"error","event":"Setting default log level to \"WARN\".","logger":"task.stderr"}
{"timestamp":"2026-07-04T12:03:43.299249Z","level":"error","event":"To adjust logging level use sc.setLogLevel(newLevel). For SparkR, use setLogLevel(newLevel).","logger":"task.stderr"}
{"timestamp":"2026-07-04T12:03:46.672426Z","level":"error","event":"26/07/04 17:33:46 WARN SparkStringUtils: Truncated the string representation of a plan since it was too large. This behavior can be adjusted by setting 'spark.sql.debug.maxToStringFields'.","logger":"task.stderr"}
{"timestamp":"2026-07-04T12:03:50.892762Z","level":"info","event":".....Connection with the database is successfull......","logger":"task.stdout"}
{"timestamp":"2026-07-04T12:03:50.893236Z","level":"info","event":".....Erased stale materialized views......","logger":"task.stdout"}
{"timestamp":"2026-07-04T12:03:50.893284Z","level":"info","event":"+-----------+-----------+------------+--------------+--------------+--------+----+-------------+-------+-----------+-----------+--------+-------+-----+---------------+---------------+------+","logger":"task.stdout"}
{"timestamp":"2026-07-04T12:03:50.893309Z","level":"info","event":"|  full_name|    country|years_active|matches_played|innings_played|not_outs|Runs|highest_score|average|balls_faced|strike_rate|hundreds|fifties|ducks|number_of_fours|number_of_sixes|format|","logger":"task.stdout"}
{"timestamp":"2026-07-04T12:03:50.893330Z","level":"info","event":"+-----------+-----------+------------+--------------+--------------+--------+----+-------------+-------+-----------+-----------+--------+-------+-----+---------------+---------------+------+","logger":"task.stdout"}
{"timestamp":"2026-07-04T12:03:50.893349Z","level":"info","event":"|LMP Simmons|West Indies|          12|            49|            48|       7| 990|           82|  24.14|        848|     116.74|       0|      6|    6|             92|             37|   T20|","logger":"task.stdout"}
{"timestamp":"2026-07-04T12:03:50.893368Z","level":"info","event":"+-----------+-----------+------------+--------------+--------------+--------+----+-------------+-------+-----------+-----------+--------+-------+-----+---------------+---------------+------+","logger":"task.stdout"}
{"timestamp":"2026-07-04T12:03:50.893396Z","level":"info","event":"only showing top 1 row","logger":"task.stdout"}
{"timestamp":"2026-07-04T12:03:50.893415Z","level":"info","event":"+---------+-------+------------+--------------+--------------+--------+----+-------------+-------+--------+-------+-----+------+","logger":"task.stdout"}
{"timestamp":"2026-07-04T12:03:50.893436Z","level":"info","event":"|full_name|country|years_active|matches_played|innings_played|not_outs|Runs|highest_score|average|hundreds|fifties|ducks|format|","logger":"task.stdout"}
{"timestamp":"2026-07-04T12:03:50.893454Z","level":"info","event":"+---------+-------+------------+--------------+--------------+--------+----+-------------+-------+--------+-------+-----+------+","logger":"task.stdout"}
{"timestamp":"2026-07-04T12:03:50.893472Z","level":"info","event":"| DB Close|England|          27|            22|            37|       2| 887|           70|  25.34|       0|      4|    3|  Test|","logger":"task.stdout"}
{"timestamp":"2026-07-04T12:03:50.893489Z","level":"info","event":"+---------+-------+------------+--------------+--------------+--------+----+-------------+-------+--------+-------+-----+------+","logger":"task.stdout"}
{"timestamp":"2026-07-04T12:03:50.893506Z","level":"info","event":"only showing top 1 row","logger":"task.stdout"}
{"timestamp":"2026-07-04T12:03:50.893524Z","level":"info","event":"+---------+-----------+------------+--------------+--------------+-----+----+-------+----+-------+-------+-----------+-----------------+-----------------+------+","logger":"task.stdout"}
{"timestamp":"2026-07-04T12:03:50.893541Z","level":"info","event":"|full_name|    country|years_active|matches_played|innings_played|Balls|Runs|wickets| BBI|average|economy|strike_rate|four_wicket_hauls|five_wicket_hauls|format|","logger":"task.stdout"}
{"timestamp":"2026-07-04T12:03:50.893558Z","level":"info","event":"+---------+-----------+------------+--------------+--------------+-----+----+-------+----+-------+-------+-----------+-----------------+-----------------+------+","logger":"task.stdout"}
{"timestamp":"2026-07-04T12:03:50.893575Z","level":"info","event":"| CH Gayle|West Indies|          20|           301|           199| 7424|5926|    167|5/46|  35.48|   4.78|       44.4|                3|                1|   ODI|","logger":"task.stdout"}
{"timestamp":"2026-07-04T12:03:50.893591Z","level":"info","event":"+---------+-----------+------------+--------------+--------------+-----+----+-------+----+-------+-------+-----------+-----------------+-----------------+------+","logger":"task.stdout"}
{"timestamp":"2026-07-04T12:03:50.893608Z","level":"info","event":"only showing top 1 row","logger":"task.stdout"}
{"timestamp":"2026-07-04T12:03:50.893625Z","level":"info","event":"+---------+-------+------------+--------------+--------------+-----+-----------------+----+-------+----+-------+-------+-----------+-----------------+-----------------+------+","logger":"task.stdout"}
{"timestamp":"2026-07-04T12:03:50.893643Z","level":"info","event":"|full_name|country|years_active|matches_played|innings_played|Overs|number_of_maidens|Runs|wickets| BBI|average|economy|strike_rate|four_wicket_hauls|five_wicket_hauls|format|","logger":"task.stdout"}
{"timestamp":"2026-07-04T12:03:50.893660Z","level":"info","event":"+---------+-------+------------+--------------+--------------+-----+-----------------+----+-------+----+-------+-------+-----------+-----------------+-----------------+------+","logger":"task.stdout"}
{"timestamp":"2026-07-04T12:03:50.893677Z","level":"info","event":"|  B Kumar|  India|           7|            43|            43|  926|                2|1088|     41|5/24|  26.53|   7.04|       22.5|                0|                1|   T20|","logger":"task.stdout"}
{"timestamp":"2026-07-04T12:03:50.893694Z","level":"info","event":"+---------+-------+------------+--------------+--------------+-----+-----------------+----+-------+----+-------+-------+-----------+-----------------+-----------------+------+","logger":"task.stdout"}
{"timestamp":"2026-07-04T12:03:50.893711Z","level":"info","event":"only showing top 1 row","logger":"task.stdout"}
{"timestamp":"2026-07-04T12:03:50.893735Z","level":"info","event":"+--------------+---------+------------+--------------+--------------+-----+-----+-------+----+------+-------+-------+-----------+-----------------+---+------+","logger":"task.stdout"}
{"timestamp":"2026-07-04T12:03:50.893752Z","level":"info","event":"|     full_name|  country|years_active|matches_played|innings_played|Balls| Runs|wickets| BBI|   BBM|average|economy|strike_rate|five_wicket_hauls| 10|format|","logger":"task.stdout"}
{"timestamp":"2026-07-04T12:03:50.893769Z","level":"info","event":"+--------------+---------+------------+--------------+--------------+-----+-----+-------+----+------+-------+-------+-----------+-----------------+---+------+","logger":"task.stdout"}
{"timestamp":"2026-07-04T12:03:50.893842Z","level":"info","event":"|M Muralitharan|Sri Lanka|          18|           133|           230|44039|18180|    800|9/51|16/220|  22.72|   2.47|       55.0|               67| 22|  Test|","logger":"task.stdout"}
{"timestamp":"2026-07-04T12:03:50.893863Z","level":"info","event":"+--------------+---------+------------+--------------+--------------+-----+-----+-------+----+------+-------+-------+-----------+-----------------+---+------+","logger":"task.stdout"}
{"timestamp":"2026-07-04T12:03:50.893881Z","level":"info","event":"only showing top 1 row","logger":"task.stdout"}
{"timestamp":"2026-07-04T12:03:50.893898Z","level":"info","event":"+---------+-------+------------+--------------+--------------+----------+-------+---------+-------------+------+","logger":"task.stdout"}
{"timestamp":"2026-07-04T12:03:50.893915Z","level":"info","event":"|full_name|country|years_active|matches_played|innings_played|dismissals|catches|stumpings|catch_wickets|format|","logger":"task.stdout"}
{"timestamp":"2026-07-04T12:03:50.893931Z","level":"info","event":"+---------+-------+------------+--------------+--------------+----------+-------+---------+-------------+------+","logger":"task.stdout"}
{"timestamp":"2026-07-04T12:03:50.893947Z","level":"info","event":"|  V Kohli|  India|          11|           242|           240|       124|    124|        0|            0|   ODI|","logger":"task.stdout"}
{"timestamp":"2026-07-04T12:03:50.893964Z","level":"info","event":"+---------+-------+------------+--------------+--------------+----------+-------+---------+-------------+------+","logger":"task.stdout"}
{"timestamp":"2026-07-04T12:03:50.893979Z","level":"info","event":"only showing top 1 row","logger":"task.stdout"}
{"timestamp":"2026-07-04T12:03:50.893996Z","level":"info","event":"+------------+----------+------------+--------------+--------------+----------+-------+---------+-------------+------+","logger":"task.stdout"}
{"timestamp":"2026-07-04T12:03:50.894012Z","level":"info","event":"|   full_name|   country|years_active|matches_played|innings_played|dismissals|catches|stumpings|catch_wickets|format|","logger":"task.stdout"}
{"timestamp":"2026-07-04T12:03:50.894028Z","level":"info","event":"+------------+----------+------------+--------------+--------------+----------+-------+---------+-------------+------+","logger":"task.stdout"}
{"timestamp":"2026-07-04T12:03:50.894044Z","level":"info","event":"|Ziaur Rahman|Bangladesh|           2|            14|            14|         4|      4|        0|            0|   T20|","logger":"task.stdout"}
{"timestamp":"2026-07-04T12:03:50.894060Z","level":"info","event":"+------------+----------+------------+--------------+--------------+----------+-------+---------+-------------+------+","logger":"task.stdout"}
{"timestamp":"2026-07-04T12:03:50.894076Z","level":"info","event":"only showing top 1 row","logger":"task.stdout"}
{"timestamp":"2026-07-04T12:03:50.894093Z","level":"info","event":"+---------+---------+------------+--------------+--------------+----------+-------+---------+-------------+------+","logger":"task.stdout"}
{"timestamp":"2026-07-04T12:03:50.894109Z","level":"info","event":"|full_name|  country|years_active|matches_played|innings_played|dismissals|catches|stumpings|catch_wickets|format|","logger":"task.stdout"}
{"timestamp":"2026-07-04T12:03:50.894127Z","level":"info","event":"+---------+---------+------------+--------------+--------------+----------+-------+---------+-------------+------+","logger":"task.stdout"}
{"timestamp":"2026-07-04T12:03:50.894143Z","level":"info","event":"|BN Jarman|Australia|          10|            19|            36|        54|     50|        4|           50|  Test|","logger":"task.stdout"}
{"timestamp":"2026-07-04T12:03:50.894159Z","level":"info","event":"+---------+---------+------------+--------------+--------------+----------+-------+---------+-------------+------+","logger":"task.stdout"}
{"timestamp":"2026-07-04T12:03:50.894175Z","level":"info","event":"only showing top 1 row","logger":"task.stdout"}
{"timestamp":"2026-07-04T12:03:50.910564Z","level":"info","event":"Silver Ingestion Success with returned val:CompletedProcess(args=['python3', '/Users/burugula.sasank/airflow/dags/spark/notebooks/silver_layer/data_transformations.py'], returncode=0)","logger":"task.stdout"}
{"timestamp":"2026-07-04T12:03:50.910777Z","level":"info","event":"Done. Returned value was: ","try_number":1,"run_id":"manual__2026-07-04T12:03:30.471763+00:00","task_id":"transform_data_from_filesystem","dag_id":"dag_data","ti_id":"019f2d03-2c31-769e-bc73-decbc3553aaa","map_index":-1,"logger":"airflow.task.operators.airflow.providers.standard.decorators.python._PythonDecoratedOperator","filename":"python.py","lineno":233}
{"timestamp":"2026-07-04T12:03:50.910995Z","level":"info","event":"::group::Post Execute","try_number":1,"run_id":"manual__2026-07-04T12:03:30.471763+00:00","task_id":"transform_data_from_filesystem","dag_id":"dag_data","ti_id":"019f2d03-2c31-769e-bc73-decbc3553aaa","map_index":-1,"logger":"task","filename":"task_runner.py","lineno":1288}
{"timestamp":"2026-07-04T12:03:50.911169Z","level":"info","event":"Pushing xcom","ti":"RuntimeTaskInstance(id=UUID('019f2d03-2c31-769e-bc73-decbc3553aaa'), task_id='transform_data_from_filesystem', dag_id='dag_data', run_id='manual__2026-07-04T12:03:30.471763+00:00', try_number=1, dag_version_id=UUID('019f2c09-88cb-79f1-ada2-a2bc16a5412d'), map_index=-1, hostname='burugulas-macbook-air.local', context_carrier={'traceparent': '00-9c11627d07fe73eb8939f525d0879efa-a6df6293efde2d90-01'}, task=<Task(_PythonDecoratedOperator): transform_data_from_filesystem>, bundle_instance=LocalDagBundle(name=dags-folder), max_tries=0, start_date=datetime.datetime(2026, 7, 4, 12, 3, 41, 909577, tzinfo=datetime.timezone.utc), end_date=None, state=<TaskInstanceState.RUNNING: 'running'>, is_mapped=False, rendered_map_index=None, sentry_integration='')","try_number":1,"run_id":"manual__2026-07-04T12:03:30.471763+00:00","task_id":"transform_data_from_filesystem","dag_id":"dag_data","ti_id":"019f2d03-2c31-769e-bc73-decbc3553aaa","map_index":-1,"logger":"task","filename":"task_runner.py","lineno":1791}
{"timestamp":"2026-07-04T12:03:50.919933Z","level":"info","event":"::endgroup::","try_number":1,"run_id":"manual__2026-07-04T12:03:30.471763+00:00","task_id":"transform_data_from_filesystem","dag_id":"dag_data","ti_id":"019f2d03-2c31-769e-bc73-decbc3553aaa","map_index":-1,"logger":"task","filename":"task_runner.py","lineno":1896}
{"timestamp":"2026-07-04T12:03:51.378970Z","level":"error","event":"\r[Stage 9:>                                                          (0 + 1) / 1]","logger":"task.stderr"}
