{"timestamp":"2026-07-03T11:32:38.538006Z","level":"info","event":"2026-07-03T11:32:38.537845Z [info     ] ::group::Pre Execute           [task] loc=task_runner.py:1926","logger":"task.stdout"}
{"timestamp":"2026-07-03T11:32:38.617604Z","level":"info","event":"setup plugin alembic.autogenerate.schemas","logger":"alembic.runtime.plugins","task_id":"transform_data_from_filesystem","run_id":"manual__2026-07-03T11:32:25.793178+00:00","dag_id":"dag_data","map_index":-1,"try_number":1,"ti_id":"019f27c0-5c56-7c05-a3ed-d2143c0fb636","filename":"plugins.py","lineno":37}
{"timestamp":"2026-07-03T11:32:38.617678Z","level":"info","event":"setup plugin alembic.autogenerate.tables","logger":"alembic.runtime.plugins","task_id":"transform_data_from_filesystem","run_id":"manual__2026-07-03T11:32:25.793178+00:00","dag_id":"dag_data","map_index":-1,"try_number":1,"ti_id":"019f27c0-5c56-7c05-a3ed-d2143c0fb636","filename":"plugins.py","lineno":37}
{"timestamp":"2026-07-03T11:32:38.617710Z","level":"info","event":"setup plugin alembic.autogenerate.types","logger":"alembic.runtime.plugins","task_id":"transform_data_from_filesystem","run_id":"manual__2026-07-03T11:32:25.793178+00:00","dag_id":"dag_data","map_index":-1,"try_number":1,"ti_id":"019f27c0-5c56-7c05-a3ed-d2143c0fb636","filename":"plugins.py","lineno":37}
{"timestamp":"2026-07-03T11:32:38.617734Z","level":"info","event":"setup plugin alembic.autogenerate.constraints","logger":"alembic.runtime.plugins","task_id":"transform_data_from_filesystem","run_id":"manual__2026-07-03T11:32:25.793178+00:00","dag_id":"dag_data","map_index":-1,"try_number":1,"ti_id":"019f27c0-5c56-7c05-a3ed-d2143c0fb636","filename":"plugins.py","lineno":37}
{"timestamp":"2026-07-03T11:32:38.617754Z","level":"info","event":"setup plugin alembic.autogenerate.defaults","logger":"alembic.runtime.plugins","task_id":"transform_data_from_filesystem","run_id":"manual__2026-07-03T11:32:25.793178+00:00","dag_id":"dag_data","map_index":-1,"try_number":1,"ti_id":"019f27c0-5c56-7c05-a3ed-d2143c0fb636","filename":"plugins.py","lineno":37}
{"timestamp":"2026-07-03T11:32:38.617775Z","level":"info","event":"setup plugin alembic.autogenerate.comments","logger":"alembic.runtime.plugins","task_id":"transform_data_from_filesystem","run_id":"manual__2026-07-03T11:32:25.793178+00:00","dag_id":"dag_data","map_index":-1,"try_number":1,"ti_id":"019f27c0-5c56-7c05-a3ed-d2143c0fb636","filename":"plugins.py","lineno":37}
{"timestamp":"2026-07-03T11:32:38.660140Z","level":"info","event":"DAG bundles loaded: dags-folder","task_id":"transform_data_from_filesystem","run_id":"manual__2026-07-03T11:32:25.793178+00:00","dag_id":"dag_data","map_index":-1,"try_number":1,"ti_id":"019f27c0-5c56-7c05-a3ed-d2143c0fb636","logger":"airflow.dag_processing.bundles.manager.DagBundlesManager","filename":"manager.py","lineno":209}
{"timestamp":"2026-07-03T11:32:38.660363Z","level":"info","event":"Filling up the DagBag from /Users/burugula.sasank/airflow/dags/etl_scheduler.py","task_id":"transform_data_from_filesystem","run_id":"manual__2026-07-03T11:32:25.793178+00:00","dag_id":"dag_data","map_index":-1,"try_number":1,"ti_id":"019f27c0-5c56-7c05-a3ed-d2143c0fb636","logger":"airflow.dag_processing.dagbag.BundleDagBag","filename":"dagbag.py","lineno":469}
{"timestamp":"2026-07-03T11:32:38.694531Z","level":"warning","event":"The `airflow.decorators.task` attribute is deprecated. Please use `'airflow.sdk.task'`.","category":"UserWarning","filename":"/Users/burugula.sasank/airflow/dags/etl_scheduler.py","lineno":1,"task_id":"transform_data_from_filesystem","run_id":"manual__2026-07-03T11:32:25.793178+00:00","dag_id":"dag_data","map_index":-1,"try_number":1,"ti_id":"019f27c0-5c56-7c05-a3ed-d2143c0fb636","logger":"py.warnings"}
{"timestamp":"2026-07-03T11:32:38.694584Z","level":"warning","event":"The `airflow.decorators.dag` attribute is deprecated. Please use `'airflow.sdk.dag'`.","category":"UserWarning","filename":"/Users/burugula.sasank/airflow/dags/etl_scheduler.py","lineno":1,"task_id":"transform_data_from_filesystem","run_id":"manual__2026-07-03T11:32:25.793178+00:00","dag_id":"dag_data","map_index":-1,"try_number":1,"ti_id":"019f27c0-5c56-7c05-a3ed-d2143c0fb636","logger":"py.warnings"}
{"timestamp":"2026-07-03T11:32:38.694609Z","level":"warning","event":"The `airflow.hooks.base.BaseHook` attribute is deprecated. Please use `'airflow.sdk.bases.hook.BaseHook'`.","category":"UserWarning","filename":"/Users/burugula.sasank/airflow/dags/etl_scheduler.py","lineno":2,"task_id":"transform_data_from_filesystem","run_id":"manual__2026-07-03T11:32:25.793178+00:00","dag_id":"dag_data","map_index":-1,"try_number":1,"ti_id":"019f27c0-5c56-7c05-a3ed-d2143c0fb636","logger":"py.warnings"}
{"timestamp":"2026-07-03T11:32:38.708031Z","level":"info","event":"::endgroup::","task_id":"transform_data_from_filesystem","run_id":"manual__2026-07-03T11:32:25.793178+00:00","dag_id":"dag_data","map_index":-1,"try_number":1,"ti_id":"019f27c0-5c56-7c05-a3ed-d2143c0fb636","logger":"task","filename":"task_runner.py","lineno":1727}
{"timestamp":"2026-07-03T11:32:38.787556Z","level":"error","event":"/Library/Frameworks/Python.framework/Versions/3.14/lib/python3.14/site-packages/pyspark/sql/udf.py:134: UserWarning: Cannot infer the eval type from type hints.","logger":"task.stderr"}
{"timestamp":"2026-07-03T11:32:38.787644Z","level":"error","event":"  warnings.warn(\"Cannot infer the eval type from type hints. \", UserWarning)","logger":"task.stderr"}
{"timestamp":"2026-07-03T11:32:38.897289Z","level":"error","event":"WARNING: Using incubator modules: jdk.incubator.vector","logger":"task.stderr"}
{"timestamp":"2026-07-03T11:32:39.178039Z","level":"error","event":"Using Spark's default log4j profile: org/apache/spark/log4j2-defaults.properties","logger":"task.stderr"}
{"timestamp":"2026-07-03T11:32:39.183241Z","level":"error","event":"26/07/03 17:02:39 WARN Utils: Your hostname, Burugulas-MacBook-Air.local, resolves to a loopback address: 127.0.0.1; using 192.168.0.107 instead (on interface en0)","logger":"task.stderr"}
{"timestamp":"2026-07-03T11:32:39.184290Z","level":"error","event":"26/07/03 17:02:39 WARN Utils: Set SPARK_LOCAL_IP if you need to bind to another address","logger":"task.stderr"}
{"timestamp":"2026-07-03T11:32:39.249246Z","level":"error","event":":: loading settings :: url = jar:file:/Library/Frameworks/Python.framework/Versions/3.14/lib/python3.14/site-packages/pyspark/jars/ivy-2.5.3.jar!/org/apache/ivy/core/settings/ivysettings.xml","logger":"task.stderr"}
{"timestamp":"2026-07-03T11:32:39.279977Z","level":"error","event":"Ivy Default Cache set to: /Users/burugula.sasank/.ivy2.5.2/cache","logger":"task.stderr"}
{"timestamp":"2026-07-03T11:32:39.280074Z","level":"error","event":"The jars for the packages stored in: /Users/burugula.sasank/.ivy2.5.2/jars","logger":"task.stderr"}
{"timestamp":"2026-07-03T11:32:39.281187Z","level":"error","event":"org.postgresql#postgresql added as a dependency","logger":"task.stderr"}
{"timestamp":"2026-07-03T11:32:39.281427Z","level":"error","event":":: resolving dependencies :: org.apache.spark#spark-submit-parent-9e8e72b9-0e27-4abb-9fec-3ed6608b8980;1.0","logger":"task.stderr"}
{"timestamp":"2026-07-03T11:32:39.281486Z","level":"error","event":"\tconfs: [default]","logger":"task.stderr"}
{"timestamp":"2026-07-03T11:32:39.319752Z","level":"error","event":"\tfound org.postgresql#postgresql;42.7.3 in central","logger":"task.stderr"}
{"timestamp":"2026-07-03T11:32:39.326795Z","level":"error","event":"\tfound org.checkerframework#checker-qual;3.42.0 in central","logger":"task.stderr"}
{"timestamp":"2026-07-03T11:32:39.331128Z","level":"error","event":":: resolution report :: resolve 48ms :: artifacts dl 2ms","logger":"task.stderr"}
{"timestamp":"2026-07-03T11:32:39.331211Z","level":"error","event":"\t:: modules in use:","logger":"task.stderr"}
{"timestamp":"2026-07-03T11:32:39.331239Z","level":"error","event":"\torg.checkerframework#checker-qual;3.42.0 from central in [default]","logger":"task.stderr"}
{"timestamp":"2026-07-03T11:32:39.331286Z","level":"error","event":"\torg.postgresql#postgresql;42.7.3 from central in [default]","logger":"task.stderr"}
{"timestamp":"2026-07-03T11:32:39.331309Z","level":"error","event":"\t---------------------------------------------------------------------","logger":"task.stderr"}
{"timestamp":"2026-07-03T11:32:39.331334Z","level":"error","event":"\t|                  |            modules            ||   artifacts   |","logger":"task.stderr"}
{"timestamp":"2026-07-03T11:32:39.331356Z","level":"error","event":"\t|       conf       | number| search|dwnlded|evicted|| number|dwnlded|","logger":"task.stderr"}
{"timestamp":"2026-07-03T11:32:39.331376Z","level":"error","event":"\t---------------------------------------------------------------------","logger":"task.stderr"}
{"timestamp":"2026-07-03T11:32:39.331395Z","level":"error","event":"\t|      default     |   2   |   0   |   0   |   0   ||   2   |   0   |","logger":"task.stderr"}
{"timestamp":"2026-07-03T11:32:39.331435Z","level":"error","event":"\t---------------------------------------------------------------------","logger":"task.stderr"}
{"timestamp":"2026-07-03T11:32:39.332051Z","level":"error","event":":: retrieving :: org.apache.spark#spark-submit-parent-9e8e72b9-0e27-4abb-9fec-3ed6608b8980","logger":"task.stderr"}
{"timestamp":"2026-07-03T11:32:39.332095Z","level":"error","event":"\tconfs: [default]","logger":"task.stderr"}
{"timestamp":"2026-07-03T11:32:39.334716Z","level":"error","event":"\t0 artifacts copied, 2 already retrieved (0kB/2ms)","logger":"task.stderr"}
{"timestamp":"2026-07-03T11:32:39.393748Z","level":"error","event":"26/07/03 17:02:39 WARN NativeCodeLoader: Unable to load native-hadoop library for your platform... using builtin-java classes where applicable","logger":"task.stderr"}
{"timestamp":"2026-07-03T11:32:39.441073Z","level":"error","event":"Using Spark's default log4j profile: org/apache/spark/log4j2-defaults.properties","logger":"task.stderr"}
{"timestamp":"2026-07-03T11:32:39.441253Z","level":"error","event":"Setting default log level to \"WARN\".","logger":"task.stderr"}
{"timestamp":"2026-07-03T11:32:39.441286Z","level":"error","event":"To adjust logging level use sc.setLogLevel(newLevel). For SparkR, use setLogLevel(newLevel).","logger":"task.stderr"}
{"timestamp":"2026-07-03T11:32:42.760095Z","level":"error","event":"26/07/03 17:02:42 WARN SparkStringUtils: Truncated the string representation of a plan since it was too large. This behavior can be adjusted by setting 'spark.sql.debug.maxToStringFields'.","logger":"task.stderr"}
{"timestamp":"2026-07-03T11:32:43.644909Z","level":"error","event":"\r[Stage 9:>                                                          (0 + 1) / 1]\r26/07/03 17:02:43 ERROR Executor: Exception in task 0.0 in stage 9.0 (TID 9)","logger":"task.stderr"}
{"timestamp":"2026-07-03T11:32:43.645199Z","level":"error","event":"org.apache.spark.SparkNumberFormatException: [CAST_INVALID_INPUT] The value '-' of the type \"STRING\" cannot be cast to \"INT\" because it is malformed. Correct the value as per the syntax, or change its target type. Use `try_cast` to tolerate malformed input and return NULL instead. SQLSTATE: 22018","logger":"task.stderr"}
{"timestamp":"2026-07-03T11:32:43.645265Z","level":"error","event":"== DataFrame ==","logger":"task.stderr"}
{"timestamp":"2026-07-03T11:32:43.645293Z","level":"error","event":"\"cast\" was called from","logger":"task.stderr"}
{"timestamp":"2026-07-03T11:32:43.645316Z","level":"error","event":"/Users/burugula.sasank/airflow/dags/spark/notebooks/silver_layer/data_transformations.py:120","logger":"task.stderr"}
{"timestamp":"2026-07-03T11:32:43.645338Z","level":"error","event":"","logger":"task.stderr"}
{"timestamp":"2026-07-03T11:32:43.645359Z","level":"error","event":"\tat org.apache.spark.sql.errors.QueryExecutionErrors$.invalidInputInCastToNumberError(QueryExecutionErrors.scala:147)","logger":"task.stderr"}
{"timestamp":"2026-07-03T11:32:43.645380Z","level":"error","event":"\tat org.apache.spark.sql.catalyst.util.UTF8StringUtils$.withException(UTF8StringUtils.scala:51)","logger":"task.stderr"}
{"timestamp":"2026-07-03T11:32:43.645403Z","level":"error","event":"\tat org.apache.spark.sql.catalyst.util.UTF8StringUtils$.toIntExact(UTF8StringUtils.scala:34)","logger":"task.stderr"}
{"timestamp":"2026-07-03T11:32:43.645433Z","level":"error","event":"\tat org.apache.spark.sql.catalyst.util.UTF8StringUtils.toIntExact(UTF8StringUtils.scala)","logger":"task.stderr"}
{"timestamp":"2026-07-03T11:32:43.645453Z","level":"error","event":"\tat org.apache.spark.sql.catalyst.expressions.GeneratedClass$GeneratedIteratorForCodegenStage2.sort_addToSorter_0$(Unknown Source)","logger":"task.stderr"}
{"timestamp":"2026-07-03T11:32:43.645472Z","level":"error","event":"\tat org.apache.spark.sql.catalyst.expressions.GeneratedClass$GeneratedIteratorForCodegenStage2.processNext(Unknown Source)","logger":"task.stderr"}
{"timestamp":"2026-07-03T11:32:43.645492Z","level":"error","event":"\tat org.apache.spark.sql.execution.BufferedRowIterator.hasNext(BufferedRowIterator.java:43)","logger":"task.stderr"}
{"timestamp":"2026-07-03T11:32:43.645511Z","level":"error","event":"\tat org.apache.spark.sql.execution.WholeStageCodegenEvaluatorFactory$WholeStageCodegenPartitionEvaluator$$anon$1.hasNext(WholeStageCodegenEvaluatorFactory.scala:50)","logger":"task.stderr"}
{"timestamp":"2026-07-03T11:32:43.645535Z","level":"error","event":"\tat org.apache.spark.sql.execution.aggregate.SortAggregateExec.$anonfun$doExecute$1(SortAggregateExec.scala:63)","logger":"task.stderr"}
{"timestamp":"2026-07-03T11:32:43.645554Z","level":"error","event":"\tat org.apache.spark.sql.execution.aggregate.SortAggregateExec.$anonfun$doExecute$1$adapted(SortAggregateExec.scala:60)","logger":"task.stderr"}
{"timestamp":"2026-07-03T11:32:43.645573Z","level":"error","event":"\tat org.apache.spark.rdd.RDD.$anonfun$mapPartitionsWithIndexInternal$2(RDD.scala:888)","logger":"task.stderr"}
{"timestamp":"2026-07-03T11:32:43.645595Z","level":"error","event":"\tat org.apache.spark.rdd.RDD.$anonfun$mapPartitionsWithIndexInternal$2$adapted(RDD.scala:888)","logger":"task.stderr"}
{"timestamp":"2026-07-03T11:32:43.645613Z","level":"error","event":"\tat org.apache.spark.rdd.MapPartitionsRDD.compute(MapPartitionsRDD.scala:52)","logger":"task.stderr"}
{"timestamp":"2026-07-03T11:32:43.645633Z","level":"error","event":"\tat org.apache.spark.rdd.RDD.computeOrReadCheckpoint(RDD.scala:374)","logger":"task.stderr"}
{"timestamp":"2026-07-03T11:32:43.645655Z","level":"error","event":"\tat org.apache.spark.rdd.RDD.iterator(RDD.scala:338)","logger":"task.stderr"}
{"timestamp":"2026-07-03T11:32:43.645674Z","level":"error","event":"\tat org.apache.spark.rdd.MapPartitionsRDD.compute(MapPartitionsRDD.scala:52)","logger":"task.stderr"}
{"timestamp":"2026-07-03T11:32:43.645692Z","level":"error","event":"\tat org.apache.spark.rdd.RDD.computeOrReadCheckpoint(RDD.scala:374)","logger":"task.stderr"}
{"timestamp":"2026-07-03T11:32:43.645710Z","level":"error","event":"\tat org.apache.spark.rdd.RDD.iterator(RDD.scala:338)","logger":"task.stderr"}
{"timestamp":"2026-07-03T11:32:43.645728Z","level":"error","event":"\tat org.apache.spark.scheduler.ShuffleMapTask.runTask(ShuffleMapTask.scala:107)","logger":"task.stderr"}
{"timestamp":"2026-07-03T11:32:43.645747Z","level":"error","event":"\tat org.apache.spark.scheduler.ShuffleMapTask.runTask(ShuffleMapTask.scala:54)","logger":"task.stderr"}
{"timestamp":"2026-07-03T11:32:43.645765Z","level":"error","event":"\tat org.apache.spark.TaskContext.runTaskWithListeners(TaskContext.scala:180)","logger":"task.stderr"}
{"timestamp":"2026-07-03T11:32:43.645784Z","level":"error","event":"\tat org.apache.spark.scheduler.Task.run(Task.scala:147)","logger":"task.stderr"}
{"timestamp":"2026-07-03T11:32:43.645802Z","level":"error","event":"\tat org.apache.spark.executor.Executor$TaskRunner.$anonfun$run$4(Executor.scala:873)","logger":"task.stderr"}
{"timestamp":"2026-07-03T11:32:43.645820Z","level":"error","event":"\tat org.apache.spark.util.SparkErrorUtils.tryWithSafeFinally(SparkErrorUtils.scala:86)","logger":"task.stderr"}
{"timestamp":"2026-07-03T11:32:43.645837Z","level":"error","event":"\tat org.apache.spark.util.SparkErrorUtils.tryWithSafeFinally$(SparkErrorUtils.scala:83)","logger":"task.stderr"}
{"timestamp":"2026-07-03T11:32:43.645859Z","level":"error","event":"\tat org.apache.spark.util.Utils$.tryWithSafeFinally(Utils.scala:97)","logger":"task.stderr"}
{"timestamp":"2026-07-03T11:32:43.645877Z","level":"error","event":"\tat org.apache.spark.executor.Executor$TaskRunner.run(Executor.scala:876)","logger":"task.stderr"}
{"timestamp":"2026-07-03T11:32:43.645895Z","level":"error","event":"\tat java.base/java.util.concurrent.ThreadPoolExecutor.runWorker(ThreadPoolExecutor.java:1144)","logger":"task.stderr"}
{"timestamp":"2026-07-03T11:32:43.645912Z","level":"error","event":"\tat java.base/java.util.concurrent.ThreadPoolExecutor$Worker.run(ThreadPoolExecutor.java:642)","logger":"task.stderr"}
{"timestamp":"2026-07-03T11:32:43.645930Z","level":"error","event":"\tat java.base/java.lang.Thread.run(Thread.java:1589)","logger":"task.stderr"}
{"timestamp":"2026-07-03T11:32:43.650340Z","level":"error","event":"26/07/03 17:02:43 WARN TaskSetManager: Lost task 0.0 in stage 9.0 (TID 9) (192.168.0.107 executor driver): org.apache.spark.SparkNumberFormatException: [CAST_INVALID_INPUT] The value '-' of the type \"STRING\" cannot be cast to \"INT\" because it is malformed. Correct the value as per the syntax, or change its target type. Use `try_cast` to tolerate malformed input and return NULL instead. SQLSTATE: 22018","logger":"task.stderr"}
{"timestamp":"2026-07-03T11:32:43.650496Z","level":"error","event":"== DataFrame ==","logger":"task.stderr"}
{"timestamp":"2026-07-03T11:32:43.650557Z","level":"error","event":"\"cast\" was called from","logger":"task.stderr"}
{"timestamp":"2026-07-03T11:32:43.650625Z","level":"error","event":"/Users/burugula.sasank/airflow/dags/spark/notebooks/silver_layer/data_transformations.py:120","logger":"task.stderr"}
{"timestamp":"2026-07-03T11:32:43.650674Z","level":"error","event":"","logger":"task.stderr"}
{"timestamp":"2026-07-03T11:32:43.650732Z","level":"error","event":"\tat org.apache.spark.sql.errors.QueryExecutionErrors$.invalidInputInCastToNumberError(QueryExecutionErrors.scala:147)","logger":"task.stderr"}
{"timestamp":"2026-07-03T11:32:43.650781Z","level":"error","event":"\tat org.apache.spark.sql.catalyst.util.UTF8StringUtils$.withException(UTF8StringUtils.scala:51)","logger":"task.stderr"}
{"timestamp":"2026-07-03T11:32:43.650829Z","level":"error","event":"\tat org.apache.spark.sql.catalyst.util.UTF8StringUtils$.toIntExact(UTF8StringUtils.scala:34)","logger":"task.stderr"}
{"timestamp":"2026-07-03T11:32:43.650876Z","level":"error","event":"\tat org.apache.spark.sql.catalyst.util.UTF8StringUtils.toIntExact(UTF8StringUtils.scala)","logger":"task.stderr"}
{"timestamp":"2026-07-03T11:32:43.650918Z","level":"error","event":"\tat org.apache.spark.sql.catalyst.expressions.GeneratedClass$GeneratedIteratorForCodegenStage2.sort_addToSorter_0$(Unknown Source)","logger":"task.stderr"}
{"timestamp":"2026-07-03T11:32:43.650963Z","level":"error","event":"\tat org.apache.spark.sql.catalyst.expressions.GeneratedClass$GeneratedIteratorForCodegenStage2.processNext(Unknown Source)","logger":"task.stderr"}
{"timestamp":"2026-07-03T11:32:43.651010Z","level":"error","event":"\tat org.apache.spark.sql.execution.BufferedRowIterator.hasNext(BufferedRowIterator.java:43)","logger":"task.stderr"}
{"timestamp":"2026-07-03T11:32:43.651054Z","level":"error","event":"\tat org.apache.spark.sql.execution.WholeStageCodegenEvaluatorFactory$WholeStageCodegenPartitionEvaluator$$anon$1.hasNext(WholeStageCodegenEvaluatorFactory.scala:50)","logger":"task.stderr"}
{"timestamp":"2026-07-03T11:32:43.651155Z","level":"error","event":"\tat org.apache.spark.sql.execution.aggregate.SortAggregateExec.$anonfun$doExecute$1(SortAggregateExec.scala:63)","logger":"task.stderr"}
{"timestamp":"2026-07-03T11:32:43.651214Z","level":"error","event":"\tat org.apache.spark.sql.execution.aggregate.SortAggregateExec.$anonfun$doExecute$1$adapted(SortAggregateExec.scala:60)","logger":"task.stderr"}
{"timestamp":"2026-07-03T11:32:43.651262Z","level":"error","event":"\tat org.apache.spark.rdd.RDD.$anonfun$mapPartitionsWithIndexInternal$2(RDD.scala:888)","logger":"task.stderr"}
{"timestamp":"2026-07-03T11:32:43.651316Z","level":"error","event":"\tat org.apache.spark.rdd.RDD.$anonfun$mapPartitionsWithIndexInternal$2$adapted(RDD.scala:888)","logger":"task.stderr"}
{"timestamp":"2026-07-03T11:32:43.651367Z","level":"error","event":"\tat org.apache.spark.rdd.MapPartitionsRDD.compute(MapPartitionsRDD.scala:52)","logger":"task.stderr"}
{"timestamp":"2026-07-03T11:32:43.651413Z","level":"error","event":"\tat org.apache.spark.rdd.RDD.computeOrReadCheckpoint(RDD.scala:374)","logger":"task.stderr"}
{"timestamp":"2026-07-03T11:32:43.651457Z","level":"error","event":"\tat org.apache.spark.rdd.RDD.iterator(RDD.scala:338)","logger":"task.stderr"}
{"timestamp":"2026-07-03T11:32:43.651554Z","level":"error","event":"\tat org.apache.spark.rdd.MapPartitionsRDD.compute(MapPartitionsRDD.scala:52)","logger":"task.stderr"}
{"timestamp":"2026-07-03T11:32:43.651609Z","level":"error","event":"\tat org.apache.spark.rdd.RDD.computeOrReadCheckpoint(RDD.scala:374)","logger":"task.stderr"}
{"timestamp":"2026-07-03T11:32:43.651637Z","level":"error","event":"\tat org.apache.spark.rdd.RDD.iterator(RDD.scala:338)","logger":"task.stderr"}
{"timestamp":"2026-07-03T11:32:43.651659Z","level":"error","event":"\tat org.apache.spark.scheduler.ShuffleMapTask.runTask(ShuffleMapTask.scala:107)","logger":"task.stderr"}
{"timestamp":"2026-07-03T11:32:43.651679Z","level":"error","event":"\tat org.apache.spark.scheduler.ShuffleMapTask.runTask(ShuffleMapTask.scala:54)","logger":"task.stderr"}
{"timestamp":"2026-07-03T11:32:43.651699Z","level":"error","event":"\tat org.apache.spark.TaskContext.runTaskWithListeners(TaskContext.scala:180)","logger":"task.stderr"}
{"timestamp":"2026-07-03T11:32:43.651718Z","level":"error","event":"\tat org.apache.spark.scheduler.Task.run(Task.scala:147)","logger":"task.stderr"}
{"timestamp":"2026-07-03T11:32:43.651737Z","level":"error","event":"\tat org.apache.spark.executor.Executor$TaskRunner.$anonfun$run$4(Executor.scala:873)","logger":"task.stderr"}
{"timestamp":"2026-07-03T11:32:43.651756Z","level":"error","event":"\tat org.apache.spark.util.SparkErrorUtils.tryWithSafeFinally(SparkErrorUtils.scala:86)","logger":"task.stderr"}
{"timestamp":"2026-07-03T11:32:43.651774Z","level":"error","event":"\tat org.apache.spark.util.SparkErrorUtils.tryWithSafeFinally$(SparkErrorUtils.scala:83)","logger":"task.stderr"}
{"timestamp":"2026-07-03T11:32:43.651792Z","level":"error","event":"\tat org.apache.spark.util.Utils$.tryWithSafeFinally(Utils.scala:97)","logger":"task.stderr"}
{"timestamp":"2026-07-03T11:32:43.651811Z","level":"error","event":"\tat org.apache.spark.executor.Executor$TaskRunner.run(Executor.scala:876)","logger":"task.stderr"}
{"timestamp":"2026-07-03T11:32:43.651829Z","level":"error","event":"\tat java.base/java.util.concurrent.ThreadPoolExecutor.runWorker(ThreadPoolExecutor.java:1144)","logger":"task.stderr"}
{"timestamp":"2026-07-03T11:32:43.651847Z","level":"error","event":"\tat java.base/java.util.concurrent.ThreadPoolExecutor$Worker.run(ThreadPoolExecutor.java:642)","logger":"task.stderr"}
{"timestamp":"2026-07-03T11:32:43.651865Z","level":"error","event":"\tat java.base/java.lang.Thread.run(Thread.java:1589)","logger":"task.stderr"}
{"timestamp":"2026-07-03T11:32:43.651884Z","level":"error","event":"","logger":"task.stderr"}
{"timestamp":"2026-07-03T11:32:43.651980Z","level":"error","event":"26/07/03 17:02:43 ERROR TaskSetManager: Task 0 in stage 9.0 failed 1 times; aborting job","logger":"task.stderr"}
{"timestamp":"2026-07-03T11:32:43.664729Z","level":"error","event":"{\"ts\": \"2026-07-03 17:02:43.663\", \"level\": \"ERROR\", \"logger\": \"DataFrameQueryContextLogger\", \"msg\": \"[CAST_INVALID_INPUT] The value '-' of the type \\\"STRING\\\" cannot be cast to \\\"INT\\\" because it is malformed. Correct the value as per the syntax, or change its target type. Use `try_cast` to tolerate malformed input and return NULL instead. SQLSTATE: 22018\", \"context\": {\"file\": \"/Users/burugula.sasank/airflow/dags/spark/notebooks/silver_layer/data_transformations.py\", \"line\": \"120\", \"fragment\": \"cast\", \"errorClass\": \"CAST_INVALID_INPUT\"}, \"exception\": {\"class\": \"Py4JJavaError\", \"msg\": \"An error occurred while calling o1200.save.\\n: org.apache.spark.SparkNumberFormatException: [CAST_INVALID_INPUT] The value '-' of the type \\\"STRING\\\" cannot be cast to \\\"INT\\\" because it is malformed. Correct the value as per the syntax, or change its target type. Use `try_cast` to tolerate malformed input and return NULL instead. SQLSTATE: 22018\\n== DataFrame ==\\n\\\"cast\\\" was called from\\n/Users/burugula.sasank/airflow/dags/spark/notebooks/silver_layer/data_transformations.py:120\\n\\n\\tat org.apache.spark.sql.errors.QueryExecutionErrors$.invalidInputInCastToNumberError(QueryExecutionErrors.scala:147)\\n\\tat org.apache.spark.sql.catalyst.util.UTF8StringUtils$.withException(UTF8StringUtils.scala:51)\\n\\tat org.apache.spark.sql.catalyst.util.UTF8StringUtils$.toIntExact(UTF8StringUtils.scala:34)\\n\\tat org.apache.spark.sql.catalyst.util.UTF8StringUtils.toIntExact(UTF8StringUtils.scala)\\n\\tat org.apache.spark.sql.catalyst.expressions.GeneratedClass$GeneratedIteratorForCodegenStage2.sort_addToSorter_0$(Unknown Source)\\n\\tat org.apache.spark.sql.catalyst.expressions.GeneratedClass$GeneratedIteratorForCodegenStage2.processNext(Unknown Source)\\n\\tat org.apache.spark.sql.execution.BufferedRowIterator.hasNext(BufferedRowIterator.java:43)\\n\\tat org.apache.spark.sql.execution.WholeStageCodegenEvaluatorFactory$WholeStageCodegenPartitionEvaluator$$anon$1.hasNext(WholeStageCodegenEvaluatorFactory.scala:50)\\n\\tat org.apache.spark.sql.execution.aggregate.SortAggregateExec.$anonfun$doExecute$1(SortAggregateExec.scala:63)\\n\\tat org.apache.spark.sql.execution.aggregate.SortAggregateExec.$anonfun$doExecute$1$adapted(SortAggregateExec.scala:60)\\n\\tat org.apache.spark.rdd.RDD.$anonfun$mapPartitionsWithIndexInternal$2(RDD.scala:888)\\n\\tat org.apache.spark.rdd.RDD.$anonfun$mapPartitionsWithIndexInternal$2$adapted(RDD.scala:888)\\n\\tat org.apache.spark.rdd.MapPartitionsRDD.compute(MapPartitionsRDD.scala:52)\\n\\tat org.apache.spark.rdd.RDD.computeOrReadCheckpoint(RDD.scala:374)\\n\\tat org.apache.spark.rdd.RDD.iterator(RDD.scala:338)\\n\\tat org.apache.spark.rdd.MapPartitionsRDD.compute(MapPartitionsRDD.scala:52)\\n\\tat org.apache.spark.rdd.RDD.computeOrReadCheckpoint(RDD.scala:374)\\n\\tat org.apache.spark.rdd.RDD.iterator(RDD.scala:338)\\n\\tat org.apache.spark.scheduler.ShuffleMapTask.runTask(ShuffleMapTask.scala:107)\\n\\tat org.apache.spark.scheduler.ShuffleMapTask.runTask(ShuffleMapTask.scala:54)\\n\\tat org.apache.spark.TaskContext.runTaskWithListeners(TaskContext.scala:180)\\n\\tat org.apache.spark.scheduler.Task.run(Task.scala:147)\\n\\tat org.apache.spark.executor.Executor$TaskRunner.$anonfun$run$4(Executor.scala:873)\\n\\tat org.apache.spark.util.SparkErrorUtils.tryWithSafeFinally(SparkErrorUtils.scala:86)\\n\\tat org.apache.spark.util.SparkErrorUtils.tryWithSafeFinally$(SparkErrorUtils.scala:83)\\n\\tat org.apache.spark.util.Utils$.tryWithSafeFinally(Utils.scala:97)\\n\\tat org.apache.spark.executor.Executor$TaskRunner.run(Executor.scala:876)\\n\\tat java.base/java.util.concurrent.ThreadPoolExecutor.runWorker(ThreadPoolExecutor.java:1144)\\n\\tat java.base/java.util.concurrent.ThreadPoolExecutor$Worker.run(ThreadPoolExecutor.java:642)\\n\\tat java.base/java.lang.Thread.run(Thread.java:1589)\\n\\tat org.apache.spark.util.Utils$.getTryWithCallerStacktrace(Utils.scala:1453)\\n\\tat org.apache.spark.util.LazyTry.get(LazyTry.scala:58)\\n\\tat org.apache.spark.sql.execution.QueryExecution.commandExecuted(QueryExecution.scala:160)\\n\\tat org.apache.spark.sql.execution.QueryExecution.assertCommandExecuted(QueryExecution.scala:239)\\n\\tat org.apache.spark.sql.classic.DataFrameWriter.runCommand(DataFrameWriter.scala:592)\\n\\tat org.apache.spark.sql.classic.DataFrameWriter.save(DataFrameWriter.scala:126)\\n\\tat java.base/jdk.internal.reflect.NativeMethodAccessorImpl.invoke0(Native Method)\\n\\tat java.base/jdk.internal.reflect.NativeMethodAccessorImpl.invoke(NativeMethodAccessorImpl.java:76)\\n\\tat java.base/jdk.internal.reflect.DelegatingMethodAccessorImpl.invoke(DelegatingMethodAccessorImpl.java:52)\\n\\tat java.base/java.lang.reflect.Method.invoke(Method.java:578)\\n\\tat py4j.reflection.MethodInvoker.invoke(MethodInvoker.java:244)\\n\\tat py4j.reflection.ReflectionEngine.invoke(ReflectionEngine.java:374)\\n\\tat py4j.Gateway.invoke(Gateway.java:282)\\n\\tat py4j.commands.AbstractCommand.invokeMethod(AbstractCommand.java:132)\\n\\tat py4j.commands.CallCommand.execute(CallCommand.java:79)\\n\\tat py4j.ClientServerConnection.waitForCommands(ClientServerConnection.java:184)\\n\\tat py4j.ClientServerConnection.run(ClientServerConnection.java:108)\\n\\tat java.base/java.lang.Thread.run(Thread.java:1589)\\n\\tSuppressed: org.apache.spark.util.Utils$OriginalTryStackTraceException: Full stacktrace of original doTryWithCallerStacktrace caller\\n\\t\\tat org.apache.spark.sql.errors.QueryExecutionErrors$.invalidInputInCastToNumberError(QueryExecutionErrors.scala:147)\\n\\t\\tat org.apache.spark.sql.catalyst.util.UTF8StringUtils$.withException(UTF8StringUtils.scala:51)\\n\\t\\tat org.apache.spark.sql.catalyst.util.UTF8StringUtils$.toIntExact(UTF8StringUtils.scala:34)\\n\\t\\tat org.apache.spark.sql.catalyst.util.UTF8StringUtils.toIntExact(UTF8StringUtils.scala)\\n\\t\\tat org.apache.spark.sql.catalyst.expressions.GeneratedClass$GeneratedIteratorForCodegenStage2.sort_addToSorter_0$(Unknown Source)\\n\\t\\tat org.apache.spark.sql.catalyst.expressions.GeneratedClass$GeneratedIteratorForCodegenStage2.processNext(Unknown Source)\\n\\t\\tat org.apache.spark.sql.execution.BufferedRowIterator.hasNext(BufferedRowIterator.java:43)\\n\\t\\tat org.apache.spark.sql.execution.WholeStageCodegenEvaluatorFactory$WholeStageCodegenPartitionEvaluator$$anon$1.hasNext(WholeStageCodegenEvaluatorFactory.scala:50)\\n\\t\\tat org.apache.spark.sql.execution.aggregate.SortAggregateExec.$anonfun$doExecute$1(SortAggregateExec.scala:63)\\n\\t\\tat org.apache.spark.sql.execution.aggregate.SortAggregateExec.$anonfun$doExecute$1$adapted(SortAggregateExec.scala:60)\\n\\t\\tat org.apache.spark.rdd.RDD.$anonfun$mapPartitionsWithIndexInternal$2(RDD.scala:888)\\n\\t\\tat org.apache.spark.rdd.RDD.$anonfun$mapPartitionsWithIndexInternal$2$adapted(RDD.scala:888)\\n\\t\\tat org.apache.spark.rdd.MapPartitionsRDD.compute(MapPartitionsRDD.scala:52)\\n\\t\\tat org.apache.spark.rdd.RDD.computeOrReadCheckpoint(RDD.scala:374)\\n\\t\\tat org.apache.spark.rdd.RDD.iterator(RDD.scala:338)\\n\\t\\tat org.apache.spark.rdd.MapPartitionsRDD.compute(MapPartitionsRDD.scala:52)\\n\\t\\tat org.apache.spark.rdd.RDD.computeOrReadCheckpoint(RDD.scala:374)\\n\\t\\tat org.apache.spark.rdd.RDD.iterator(RDD.scala:338)\\n\\t\\tat org.apache.spark.scheduler.ShuffleMapTask.runTask(ShuffleMapTask.scala:107)\\n\\t\\tat org.apache.spark.scheduler.ShuffleMapTask.runTask(ShuffleMapTask.scala:54)\\n\\t\\tat org.apache.spark.TaskContext.runTaskWithListeners(TaskContext.scala:180)\\n\\t\\tat org.apache.spark.scheduler.Task.run(Task.scala:147)\\n\\t\\tat org.apache.spark.executor.Executor$TaskRunner.$anonfun$run$4(Executor.scala:873)\\n\\t\\tat org.apache.spark.util.SparkErrorUtils.tryWithSafeFinally(SparkErrorUtils.scala:86)\\n\\t\\tat org.apache.spark.util.SparkErrorUtils.tryWithSafeFinally$(SparkErrorUtils.scala:83)\\n\\t\\tat org.apache.spark.util.Utils$.tryWithSafeFinally(Utils.scala:97)\\n\\t\\tat org.apache.spark.executor.Executor$TaskRunner.run(Executor.scala:876)\\n\\t\\tat java.base/java.util.concurrent.ThreadPoolExecutor.runWorker(ThreadPoolExecutor.java:1144)\\n\\t\\tat java.base/java.util.concurrent.ThreadPoolExecutor$Worker.run(ThreadPoolExecutor.java:642)\\n\\t\\t... 1 more\\n\", \"stacktrace\": [{\"class\": null, \"method\": \"deco\", \"file\": \"/Library/Frameworks/Python.framework/Versions/3.14/lib/python3.14/site-packages/pyspark/errors/exceptions/captured.py\", \"line\": \"263\"}, {\"class\": null, \"method\": \"get_return_value\", \"file\": \"/Library/Frameworks/Python.framework/Versions/3.14/lib/python3.14/site-packages/py4j/protocol.py\", \"line\": \"327\"}]}}","logger":"task.stderr"}
{"timestamp":"2026-07-03T11:32:43.668927Z","level":"error","event":"Traceback (most recent call last):","logger":"task.stderr"}
{"timestamp":"2026-07-03T11:32:43.669217Z","level":"error","event":"  File \"/Users/burugula.sasank/airflow/dags/spark/notebooks/silver_layer/data_transformations.py\", line 280, in <module>","logger":"task.stderr"}
{"timestamp":"2026-07-03T11:32:43.669284Z","level":"error","event":"    write_to_database(data_silver_batsmen_odi,\"batsmen_odi\")","logger":"task.stderr"}
{"timestamp":"2026-07-03T11:32:43.669349Z","level":"error","event":"    ~~~~~~~~~~~~~~~~~^^^^^^^^^^^^^^^^^^^^^^^^^^^^^^^^^^^^^^^","logger":"task.stderr"}
{"timestamp":"2026-07-03T11:32:43.669400Z","level":"error","event":"  File \"/Users/burugula.sasank/airflow/dags/spark/notebooks/silver_layer/data_transformations.py\", line 173, in write_to_database","logger":"task.stderr"}
{"timestamp":"2026-07-03T11:32:43.669453Z","level":"error","event":"    option(\"driver\",os.getenv(\"DATABASE_DRIVER\")).option(\"dbtable\",dbtable).option(\"user\",os.getenv(\"USER_NAME\")).option(\"password\",os.getenv(\"PASSWORD\")).save()","logger":"task.stderr"}
{"timestamp":"2026-07-03T11:32:43.669499Z","level":"error","event":"                                                                                                                                                           ~~~~^^","logger":"task.stderr"}
{"timestamp":"2026-07-03T11:32:43.669543Z","level":"error","event":"  File \"/Library/Frameworks/Python.framework/Versions/3.14/lib/python3.14/site-packages/pyspark/sql/readwriter.py\", line 1743, in save","logger":"task.stderr"}
{"timestamp":"2026-07-03T11:32:43.669588Z","level":"error","event":"    self._jwrite.save()","logger":"task.stderr"}
{"timestamp":"2026-07-03T11:32:43.669632Z","level":"error","event":"    ~~~~~~~~~~~~~~~~~^^","logger":"task.stderr"}
{"timestamp":"2026-07-03T11:32:43.669673Z","level":"error","event":"  File \"/Library/Frameworks/Python.framework/Versions/3.14/lib/python3.14/site-packages/py4j/java_gateway.py\", line 1362, in __call__","logger":"task.stderr"}
{"timestamp":"2026-07-03T11:32:43.669715Z","level":"error","event":"    return_value = get_return_value(","logger":"task.stderr"}
{"timestamp":"2026-07-03T11:32:43.669758Z","level":"error","event":"        answer, self.gateway_client, self.target_id, self.name)","logger":"task.stderr"}
{"timestamp":"2026-07-03T11:32:43.669800Z","level":"error","event":"  File \"/Library/Frameworks/Python.framework/Versions/3.14/lib/python3.14/site-packages/pyspark/errors/exceptions/captured.py\", line 269, in deco","logger":"task.stderr"}
{"timestamp":"2026-07-03T11:32:43.669849Z","level":"error","event":"    raise converted from None","logger":"task.stderr"}
{"timestamp":"2026-07-03T11:32:43.669938Z","level":"error","event":"pyspark.errors.exceptions.captured.NumberFormatException: [CAST_INVALID_INPUT] The value '-' of the type \"STRING\" cannot be cast to \"INT\" because it is malformed. Correct the value as per the syntax, or change its target type. Use `try_cast` to tolerate malformed input and return NULL instead. SQLSTATE: 22018","logger":"task.stderr"}
{"timestamp":"2026-07-03T11:32:43.669989Z","level":"error","event":"== DataFrame ==","logger":"task.stderr"}
{"timestamp":"2026-07-03T11:32:43.670032Z","level":"error","event":"\"cast\" was called from","logger":"task.stderr"}
{"timestamp":"2026-07-03T11:32:43.670078Z","level":"error","event":"/Users/burugula.sasank/airflow/dags/spark/notebooks/silver_layer/data_transformations.py:120","logger":"task.stderr"}
{"timestamp":"2026-07-03T11:32:43.670121Z","level":"error","event":"","logger":"task.stderr"}
{"timestamp":"2026-07-03T11:32:43.689837Z","level":"error","event":"Task failed with exception","task_id":"transform_data_from_filesystem","run_id":"manual__2026-07-03T11:32:25.793178+00:00","dag_id":"dag_data","map_index":-1,"try_number":1,"ti_id":"019f27c0-5c56-7c05-a3ed-d2143c0fb636","logger":"task","filename":"task_runner.py","lineno":1381,"error_detail":[{"exc_type":"CalledProcessError","exc_value":"Command '['python3', '/Users/burugula.sasank/airflow/dags/spark/notebooks/silver_layer/data_transformations.py']' returned non-zero exit status 1.","exc_notes":[],"syntax_error":null,"is_cause":false,"frames":[{"filename":"/Library/Frameworks/Python.framework/Versions/3.14/lib/python3.14/site-packages/airflow/sdk/execution_time/task_runner.py","lineno":1287,"name":"run"},{"filename":"/Library/Frameworks/Python.framework/Versions/3.14/lib/python3.14/site-packages/airflow/sdk/execution_time/task_runner.py","lineno":1745,"name":"_execute_task"},{"filename":"/Library/Frameworks/Python.framework/Versions/3.14/lib/python3.14/site-packages/airflow/sdk/bases/operator.py","lineno":443,"name":"wrapper"},{"filename":"/Library/Frameworks/Python.framework/Versions/3.14/lib/python3.14/site-packages/airflow/sdk/bases/decorator.py","lineno":398,"name":"execute"},{"filename":"/Library/Frameworks/Python.framework/Versions/3.14/lib/python3.14/site-packages/airflow/sdk/bases/operator.py","lineno":443,"name":"wrapper"},{"filename":"/Library/Frameworks/Python.framework/Versions/3.14/lib/python3.14/site-packages/airflow/providers/standard/operators/python.py","lineno":231,"name":"execute"},{"filename":"/Library/Frameworks/Python.framework/Versions/3.14/lib/python3.14/site-packages/airflow/providers/standard/operators/python.py","lineno":254,"name":"execute_callable"},{"filename":"/Library/Frameworks/Python.framework/Versions/3.14/lib/python3.14/site-packages/airflow/sdk/execution_time/callback_runner.py","lineno":97,"name":"run"},{"filename":"/Users/burugula.sasank/airflow/dags/etl_scheduler.py","lineno":57,"name":"transform_data_from_filesystem"},{"filename":"/Library/Frameworks/Python.framework/Versions/3.14/lib/python3.14/subprocess.py","lineno":578,"name":"run"}],"is_group":false,"exceptions":[]}]}
{"timestamp":"2026-07-03T11:32:43.690418Z","level":"info","event":"::group::Post Execute","task_id":"transform_data_from_filesystem","run_id":"manual__2026-07-03T11:32:25.793178+00:00","dag_id":"dag_data","map_index":-1,"try_number":1,"ti_id":"019f27c0-5c56-7c05-a3ed-d2143c0fb636","logger":"task","filename":"task_runner.py","lineno":1382}
{"timestamp":"2026-07-03T11:32:43.691255Z","level":"info","event":"::endgroup::","task_id":"transform_data_from_filesystem","run_id":"manual__2026-07-03T11:32:25.793178+00:00","dag_id":"dag_data","map_index":-1,"try_number":1,"ti_id":"019f27c0-5c56-7c05-a3ed-d2143c0fb636","logger":"task","filename":"task_runner.py","lineno":1896}
