{"timestamp":"2026-07-04T12:17:49.595052Z","level":"info","event":"2026-07-04T12:17:49.594869Z [info     ] ::group::Pre Execute           [task] loc=task_runner.py:1926","logger":"task.stdout"}
{"timestamp":"2026-07-04T12:17:49.676816Z","level":"info","event":"setup plugin alembic.autogenerate.schemas","logger":"alembic.runtime.plugins","map_index":-1,"dag_id":"dag_data","try_number":1,"ti_id":"019f2d10-2e78-7490-8c90-0b686035698c","run_id":"manual__2026-07-04T12:17:43.019115+00:00","task_id":"ingest_data_to_filesystem","filename":"plugins.py","lineno":37}
{"timestamp":"2026-07-04T12:17:49.676890Z","level":"info","event":"setup plugin alembic.autogenerate.tables","logger":"alembic.runtime.plugins","map_index":-1,"dag_id":"dag_data","try_number":1,"ti_id":"019f2d10-2e78-7490-8c90-0b686035698c","run_id":"manual__2026-07-04T12:17:43.019115+00:00","task_id":"ingest_data_to_filesystem","filename":"plugins.py","lineno":37}
{"timestamp":"2026-07-04T12:17:49.676922Z","level":"info","event":"setup plugin alembic.autogenerate.types","logger":"alembic.runtime.plugins","map_index":-1,"dag_id":"dag_data","try_number":1,"ti_id":"019f2d10-2e78-7490-8c90-0b686035698c","run_id":"manual__2026-07-04T12:17:43.019115+00:00","task_id":"ingest_data_to_filesystem","filename":"plugins.py","lineno":37}
{"timestamp":"2026-07-04T12:17:49.676947Z","level":"info","event":"setup plugin alembic.autogenerate.constraints","logger":"alembic.runtime.plugins","map_index":-1,"dag_id":"dag_data","try_number":1,"ti_id":"019f2d10-2e78-7490-8c90-0b686035698c","run_id":"manual__2026-07-04T12:17:43.019115+00:00","task_id":"ingest_data_to_filesystem","filename":"plugins.py","lineno":37}
{"timestamp":"2026-07-04T12:17:49.676967Z","level":"info","event":"setup plugin alembic.autogenerate.defaults","logger":"alembic.runtime.plugins","map_index":-1,"dag_id":"dag_data","try_number":1,"ti_id":"019f2d10-2e78-7490-8c90-0b686035698c","run_id":"manual__2026-07-04T12:17:43.019115+00:00","task_id":"ingest_data_to_filesystem","filename":"plugins.py","lineno":37}
{"timestamp":"2026-07-04T12:17:49.676988Z","level":"info","event":"setup plugin alembic.autogenerate.comments","logger":"alembic.runtime.plugins","map_index":-1,"dag_id":"dag_data","try_number":1,"ti_id":"019f2d10-2e78-7490-8c90-0b686035698c","run_id":"manual__2026-07-04T12:17:43.019115+00:00","task_id":"ingest_data_to_filesystem","filename":"plugins.py","lineno":37}
{"timestamp":"2026-07-04T12:17:49.717723Z","level":"info","event":"DAG bundles loaded: dags-folder","map_index":-1,"dag_id":"dag_data","try_number":1,"ti_id":"019f2d10-2e78-7490-8c90-0b686035698c","run_id":"manual__2026-07-04T12:17:43.019115+00:00","task_id":"ingest_data_to_filesystem","logger":"airflow.dag_processing.bundles.manager.DagBundlesManager","filename":"manager.py","lineno":209}
{"timestamp":"2026-07-04T12:17:49.717934Z","level":"info","event":"Filling up the DagBag from /Users/burugula.sasank/airflow/dags/etl_scheduler.py","map_index":-1,"dag_id":"dag_data","try_number":1,"ti_id":"019f2d10-2e78-7490-8c90-0b686035698c","run_id":"manual__2026-07-04T12:17:43.019115+00:00","task_id":"ingest_data_to_filesystem","logger":"airflow.dag_processing.dagbag.BundleDagBag","filename":"dagbag.py","lineno":469}
{"timestamp":"2026-07-04T12:17:49.748052Z","level":"warning","event":"The `airflow.decorators.task` attribute is deprecated. Please use `'airflow.sdk.task'`.","category":"UserWarning","filename":"/Users/burugula.sasank/airflow/dags/etl_scheduler.py","lineno":1,"map_index":-1,"dag_id":"dag_data","try_number":1,"ti_id":"019f2d10-2e78-7490-8c90-0b686035698c","run_id":"manual__2026-07-04T12:17:43.019115+00:00","task_id":"ingest_data_to_filesystem","logger":"py.warnings"}
{"timestamp":"2026-07-04T12:17:49.748097Z","level":"warning","event":"The `airflow.decorators.dag` attribute is deprecated. Please use `'airflow.sdk.dag'`.","category":"UserWarning","filename":"/Users/burugula.sasank/airflow/dags/etl_scheduler.py","lineno":1,"map_index":-1,"dag_id":"dag_data","try_number":1,"ti_id":"019f2d10-2e78-7490-8c90-0b686035698c","run_id":"manual__2026-07-04T12:17:43.019115+00:00","task_id":"ingest_data_to_filesystem","logger":"py.warnings"}
{"timestamp":"2026-07-04T12:17:49.748120Z","level":"warning","event":"The `airflow.hooks.base.BaseHook` attribute is deprecated. Please use `'airflow.sdk.bases.hook.BaseHook'`.","category":"UserWarning","filename":"/Users/burugula.sasank/airflow/dags/etl_scheduler.py","lineno":2,"map_index":-1,"dag_id":"dag_data","try_number":1,"ti_id":"019f2d10-2e78-7490-8c90-0b686035698c","run_id":"manual__2026-07-04T12:17:43.019115+00:00","task_id":"ingest_data_to_filesystem","logger":"py.warnings"}
{"timestamp":"2026-07-04T12:17:49.760125Z","level":"info","event":"::endgroup::","map_index":-1,"dag_id":"dag_data","try_number":1,"ti_id":"019f2d10-2e78-7490-8c90-0b686035698c","run_id":"manual__2026-07-04T12:17:43.019115+00:00","task_id":"ingest_data_to_filesystem","logger":"task","filename":"task_runner.py","lineno":1727}
{"timestamp":"2026-07-04T12:17:50.067614Z","level":"error","event":"WARNING: Using incubator modules: jdk.incubator.vector","logger":"task.stderr"}
{"timestamp":"2026-07-04T12:17:50.478192Z","level":"error","event":"Using Spark's default log4j profile: org/apache/spark/log4j2-defaults.properties","logger":"task.stderr"}
{"timestamp":"2026-07-04T12:17:50.484398Z","level":"error","event":"26/07/04 17:47:50 WARN Utils: Your hostname, Burugulas-MacBook-Air.local, resolves to a loopback address: 127.0.0.1; using 192.168.0.107 instead (on interface en0)","logger":"task.stderr"}
{"timestamp":"2026-07-04T12:17:50.485365Z","level":"error","event":"26/07/04 17:47:50 WARN Utils: Set SPARK_LOCAL_IP if you need to bind to another address","logger":"task.stderr"}
{"timestamp":"2026-07-04T12:17:50.608567Z","level":"error","event":"Using Spark's default log4j profile: org/apache/spark/log4j2-defaults.properties","logger":"task.stderr"}
{"timestamp":"2026-07-04T12:17:50.608707Z","level":"error","event":"Setting default log level to \"WARN\".","logger":"task.stderr"}
{"timestamp":"2026-07-04T12:17:50.608737Z","level":"error","event":"To adjust logging level use sc.setLogLevel(newLevel). For SparkR, use setLogLevel(newLevel).","logger":"task.stderr"}
{"timestamp":"2026-07-04T12:17:50.771619Z","level":"error","event":"26/07/04 17:47:50 WARN NativeCodeLoader: Unable to load native-hadoop library for your platform... using builtin-java classes where applicable","logger":"task.stderr"}
{"timestamp":"2026-07-04T12:17:53.497372Z","level":"error","event":"26/07/04 17:47:53 WARN CSVHeaderChecker: CSV header does not conform to the schema.","logger":"task.stderr"}
{"timestamp":"2026-07-04T12:17:53.497478Z","level":"error","event":" Header: , Player, Span, Mat, Inns, NO, Runs, HS, Ave, BF, SR, 100, 50, 0, Unnamed: 13","logger":"task.stderr"}
{"timestamp":"2026-07-04T12:17:53.497506Z","level":"error","event":" Schema: _c0, Player, Span, Mat, Inns, NO, Runs, HS, Ave, BF, SR, 100, 50, 0, Unnamed: 13","logger":"task.stderr"}
{"timestamp":"2026-07-04T12:17:53.497528Z","level":"error","event":"Expected: _c0 but found:","logger":"task.stderr"}
{"timestamp":"2026-07-04T12:17:53.497549Z","level":"error","event":"CSV file: file:///Users/burugula.sasank/airflow/dags/file_stores/api_dump/cric_data/Batting/ODI%20data.csv","logger":"task.stderr"}
{"timestamp":"2026-07-04T12:17:53.991755Z","level":"error","event":"\r[Stage 2:>                                                          (0 + 1) / 1]\r\r                                                                                \r26/07/04 17:47:53 WARN CSVHeaderChecker: CSV header does not conform to the schema.","logger":"task.stderr"}
{"timestamp":"2026-07-04T12:17:53.991877Z","level":"error","event":" Header: , Player, Span, Mat, Inns, NO, Runs, HS, Ave, BF, SR, 100, 50, 0, 4s, 6s, Unnamed: 15","logger":"task.stderr"}
{"timestamp":"2026-07-04T12:17:53.991907Z","level":"error","event":" Schema: _c0, Player, Span, Mat, Inns, NO, Runs, HS, Ave, BF, SR, 100, 50, 0, 4s, 6s, Unnamed: 15","logger":"task.stderr"}
{"timestamp":"2026-07-04T12:17:53.991936Z","level":"error","event":"Expected: _c0 but found:","logger":"task.stderr"}
{"timestamp":"2026-07-04T12:17:53.991958Z","level":"error","event":"CSV file: file:///Users/burugula.sasank/airflow/dags/file_stores/api_dump/cric_data/Batting/t20.csv","logger":"task.stderr"}
{"timestamp":"2026-07-04T12:17:54.171877Z","level":"error","event":"26/07/04 17:47:54 WARN CSVHeaderChecker: CSV header does not conform to the schema.","logger":"task.stderr"}
{"timestamp":"2026-07-04T12:17:54.171977Z","level":"error","event":" Header: , Player, Span, Mat, Inns, NO, Runs, HS, Ave, 100, 50, 0, Unnamed: 11","logger":"task.stderr"}
{"timestamp":"2026-07-04T12:17:54.172005Z","level":"error","event":" Schema: _c0, Player, Span, Mat, Inns, NO, Runs, HS, Ave, 100, 50, 0, Unnamed: 11","logger":"task.stderr"}
{"timestamp":"2026-07-04T12:17:54.172026Z","level":"error","event":"Expected: _c0 but found:","logger":"task.stderr"}
{"timestamp":"2026-07-04T12:17:54.172046Z","level":"error","event":"CSV file: file:///Users/burugula.sasank/airflow/dags/file_stores/api_dump/cric_data/Batting/test.csv","logger":"task.stderr"}
{"timestamp":"2026-07-04T12:17:54.309000Z","level":"error","event":"26/07/04 17:47:54 WARN CSVHeaderChecker: CSV header does not conform to the schema.","logger":"task.stderr"}
{"timestamp":"2026-07-04T12:17:54.309197Z","level":"error","event":" Header: , Player, Span, Mat, Inns, Balls, Runs, Wkts, BBI, Ave, Econ, SR, 4, 5, Unnamed: 13","logger":"task.stderr"}
{"timestamp":"2026-07-04T12:17:54.309237Z","level":"error","event":" Schema: _c0, Player, Span, Mat, Inns, Balls, Runs, Wkts, BBI, Ave, Econ, SR, 4, 5, Unnamed: 13","logger":"task.stderr"}
{"timestamp":"2026-07-04T12:17:54.309261Z","level":"error","event":"Expected: _c0 but found:","logger":"task.stderr"}
{"timestamp":"2026-07-04T12:17:54.309288Z","level":"error","event":"CSV file: file:///Users/burugula.sasank/airflow/dags/file_stores/api_dump/cric_data/Bowling/Bowling_ODI.csv","logger":"task.stderr"}
{"timestamp":"2026-07-04T12:17:54.436995Z","level":"error","event":"26/07/04 17:47:54 WARN CSVHeaderChecker: CSV header does not conform to the schema.","logger":"task.stderr"}
{"timestamp":"2026-07-04T12:17:54.437107Z","level":"error","event":" Header: , Player, Span, Mat, Inns, Overs, Mdns, Runs, Wkts, BBI, Ave, Econ, SR, 4, 5, Unnamed: 14","logger":"task.stderr"}
{"timestamp":"2026-07-04T12:17:54.437147Z","level":"error","event":" Schema: _c0, Player, Span, Mat, Inns, Overs, Mdns, Runs, Wkts, BBI, Ave, Econ, SR, 4, 5, Unnamed: 14","logger":"task.stderr"}
{"timestamp":"2026-07-04T12:17:54.437169Z","level":"error","event":"Expected: _c0 but found:","logger":"task.stderr"}
{"timestamp":"2026-07-04T12:17:54.437190Z","level":"error","event":"CSV file: file:///Users/burugula.sasank/airflow/dags/file_stores/api_dump/cric_data/Bowling/Bowling_t20.csv","logger":"task.stderr"}
{"timestamp":"2026-07-04T12:17:54.572627Z","level":"error","event":"26/07/04 17:47:54 WARN CSVHeaderChecker: CSV header does not conform to the schema.","logger":"task.stderr"}
{"timestamp":"2026-07-04T12:17:54.572742Z","level":"error","event":" Header: , Player, Span, Mat, Inns, Balls, Runs, Wkts, BBI, BBM, Ave, Econ, SR, 5, 10, Unnamed: 14","logger":"task.stderr"}
{"timestamp":"2026-07-04T12:17:54.572772Z","level":"error","event":" Schema: _c0, Player, Span, Mat, Inns, Balls, Runs, Wkts, BBI, BBM, Ave, Econ, SR, 5, 10, Unnamed: 14","logger":"task.stderr"}
{"timestamp":"2026-07-04T12:17:54.572794Z","level":"error","event":"Expected: _c0 but found:","logger":"task.stderr"}
{"timestamp":"2026-07-04T12:17:54.572814Z","level":"error","event":"CSV file: file:///Users/burugula.sasank/airflow/dags/file_stores/api_dump/cric_data/Bowling/Bowling_test.csv","logger":"task.stderr"}
{"timestamp":"2026-07-04T12:17:54.711502Z","level":"error","event":"26/07/04 17:47:54 WARN CSVHeaderChecker: CSV header does not conform to the schema.","logger":"task.stderr"}
{"timestamp":"2026-07-04T12:17:54.711605Z","level":"error","event":" Header: , Player, Span, Mat, Inns, Dis, Ct, St, Ct Wk, Ct Fi, MD, D/I, Unnamed: 11","logger":"task.stderr"}
{"timestamp":"2026-07-04T12:17:54.711633Z","level":"error","event":" Schema: _c0, Player, Span, Mat, Inns, Dis, Ct, St, Ct Wk, Ct Fi, MD, D/I, Unnamed: 11","logger":"task.stderr"}
{"timestamp":"2026-07-04T12:17:54.711660Z","level":"error","event":"Expected: _c0 but found:","logger":"task.stderr"}
{"timestamp":"2026-07-04T12:17:54.711680Z","level":"error","event":"CSV file: file:///Users/burugula.sasank/airflow/dags/file_stores/api_dump/cric_data/Fielding/Fielding_ODI.csv","logger":"task.stderr"}
{"timestamp":"2026-07-04T12:17:54.845240Z","level":"error","event":"26/07/04 17:47:54 WARN CSVHeaderChecker: CSV header does not conform to the schema.","logger":"task.stderr"}
{"timestamp":"2026-07-04T12:17:54.845345Z","level":"error","event":" Header: , Player, Span, Mat, Inns, Dis, Ct, St, Ct Wk, Ct Fi, MD, D/I, Unnamed: 11","logger":"task.stderr"}
{"timestamp":"2026-07-04T12:17:54.845374Z","level":"error","event":" Schema: _c0, Player, Span, Mat, Inns, Dis, Ct, St, Ct Wk, Ct Fi, MD, D/I, Unnamed: 11","logger":"task.stderr"}
{"timestamp":"2026-07-04T12:17:54.845397Z","level":"error","event":"Expected: _c0 but found:","logger":"task.stderr"}
{"timestamp":"2026-07-04T12:17:54.845418Z","level":"error","event":"CSV file: file:///Users/burugula.sasank/airflow/dags/file_stores/api_dump/cric_data/Fielding/Fielding_t20.csv","logger":"task.stderr"}
{"timestamp":"2026-07-04T12:17:54.959498Z","level":"error","event":"26/07/04 17:47:54 WARN CSVHeaderChecker: CSV header does not conform to the schema.","logger":"task.stderr"}
{"timestamp":"2026-07-04T12:17:54.959620Z","level":"error","event":" Header: , Player, Span, Mat, Inns, Dis, Ct, St, Ct Wk, Ct Fi, MD, D/I, Unnamed: 11","logger":"task.stderr"}
{"timestamp":"2026-07-04T12:17:54.959649Z","level":"error","event":" Schema: _c0, Player, Span, Mat, Inns, Dis, Ct, St, Ct Wk, Ct Fi, MD, D/I, Unnamed: 11","logger":"task.stderr"}
{"timestamp":"2026-07-04T12:17:54.959672Z","level":"error","event":"Expected: _c0 but found:","logger":"task.stderr"}
{"timestamp":"2026-07-04T12:17:54.959693Z","level":"error","event":"CSV file: file:///Users/burugula.sasank/airflow/dags/file_stores/api_dump/cric_data/Fielding/Fielding_test.csv","logger":"task.stderr"}
{"timestamp":"2026-07-04T12:17:55.019731Z","level":"error","event":"26/07/04 17:47:55 WARN CSVHeaderChecker: CSV header does not conform to the schema.","logger":"task.stderr"}
{"timestamp":"2026-07-04T12:17:55.019846Z","level":"error","event":" Header: , Player, Span, Mat, Inns, NO, Runs, HS, Ave, BF, SR, 100, 50, 0, Unnamed: 13","logger":"task.stderr"}
{"timestamp":"2026-07-04T12:17:55.019875Z","level":"error","event":" Schema: _c0, Player, Span, Mat, Inns, NO, Runs, HS, Ave, BF, SR, 100, 50, 0, Unnamed: 13","logger":"task.stderr"}
{"timestamp":"2026-07-04T12:17:55.019897Z","level":"error","event":"Expected: _c0 but found:","logger":"task.stderr"}
{"timestamp":"2026-07-04T12:17:55.019918Z","level":"error","event":"CSV file: file:///Users/burugula.sasank/airflow/dags/file_stores/api_dump/cric_data/Batting/ODI%20data.csv","logger":"task.stderr"}
{"timestamp":"2026-07-04T12:17:55.360523Z","level":"info","event":"Sample Data (ODI Batsmen):","logger":"task.stdout"}
{"timestamp":"2026-07-04T12:17:55.360750Z","level":"info","event":"+---+--------------------+---------+---+----+---+-----+----+-----+-----+-----+---+---+---+-----------+","logger":"task.stdout"}
{"timestamp":"2026-07-04T12:17:55.360819Z","level":"info","event":"|_c0|              Player|     Span|Mat|Inns| NO| Runs|  HS|  Ave|   BF|   SR|100| 50|  0|Unnamed: 13|","logger":"task.stdout"}
{"timestamp":"2026-07-04T12:17:55.360874Z","level":"info","event":"+---+--------------------+---------+---+----+---+-----+----+-----+-----+-----+---+---+---+-----------+","logger":"task.stdout"}
{"timestamp":"2026-07-04T12:17:55.360929Z","level":"info","event":"|  0|SR Tendulkar (INDIA)|1989-2012|463| 452| 41|18426|200*|44.83|21367|86.23| 49| 96| 20|       NULL|","logger":"task.stdout"}
{"timestamp":"2026-07-04T12:17:55.360982Z","level":"info","event":"|  1|KC Sangakkara (As...|2000-2015|404| 380| 41|14234| 169|41.98|18048|78.86| 25| 93| 15|       NULL|","logger":"task.stdout"}
{"timestamp":"2026-07-04T12:17:55.361032Z","level":"info","event":"+---+--------------------+---------+---+----+---+-----+----+-----+-----+-----+---+---+---+-----------+","logger":"task.stdout"}
{"timestamp":"2026-07-04T12:17:55.361108Z","level":"info","event":"only showing top 2 rows","logger":"task.stdout"}
{"timestamp":"2026-07-04T12:17:55.392296Z","level":"info","event":"Bronze Ingestion Success","logger":"task.stdout"}
{"timestamp":"2026-07-04T12:17:55.392502Z","level":"info","event":"Done. Returned value was: ","map_index":-1,"dag_id":"dag_data","try_number":1,"ti_id":"019f2d10-2e78-7490-8c90-0b686035698c","run_id":"manual__2026-07-04T12:17:43.019115+00:00","task_id":"ingest_data_to_filesystem","logger":"airflow.task.operators.airflow.providers.standard.decorators.python._PythonDecoratedOperator","filename":"python.py","lineno":233}
{"timestamp":"2026-07-04T12:17:55.392764Z","level":"info","event":"::group::Post Execute","map_index":-1,"dag_id":"dag_data","try_number":1,"ti_id":"019f2d10-2e78-7490-8c90-0b686035698c","run_id":"manual__2026-07-04T12:17:43.019115+00:00","task_id":"ingest_data_to_filesystem","logger":"task","filename":"task_runner.py","lineno":1288}
{"timestamp":"2026-07-04T12:17:55.392961Z","level":"info","event":"Pushing xcom","ti":"RuntimeTaskInstance(id=UUID('019f2d10-2e78-7490-8c90-0b686035698c'), task_id='ingest_data_to_filesystem', dag_id='dag_data', run_id='manual__2026-07-04T12:17:43.019115+00:00', try_number=1, dag_version_id=UUID('019f2c09-88cb-79f1-ada2-a2bc16a5412d'), map_index=-1, hostname='burugulas-macbook-air.local', context_carrier={'traceparent': '00-3b371d261a7d9fb82e98e6becf964b74-fe987297047cdc29-01'}, task=<Task(_PythonDecoratedOperator): ingest_data_to_filesystem>, bundle_instance=LocalDagBundle(name=dags-folder), max_tries=0, start_date=datetime.datetime(2026, 7, 4, 12, 17, 49, 153968, tzinfo=datetime.timezone.utc), end_date=None, state=<TaskInstanceState.RUNNING: 'running'>, is_mapped=False, rendered_map_index=None, sentry_integration='')","map_index":-1,"dag_id":"dag_data","try_number":1,"ti_id":"019f2d10-2e78-7490-8c90-0b686035698c","run_id":"manual__2026-07-04T12:17:43.019115+00:00","task_id":"ingest_data_to_filesystem","logger":"task","filename":"task_runner.py","lineno":1791}
{"timestamp":"2026-07-04T12:17:55.404569Z","level":"info","event":"::endgroup::","map_index":-1,"dag_id":"dag_data","try_number":1,"ti_id":"019f2d10-2e78-7490-8c90-0b686035698c","run_id":"manual__2026-07-04T12:17:43.019115+00:00","task_id":"ingest_data_to_filesystem","logger":"task","filename":"task_runner.py","lineno":1896}
