{"timestamp":"2026-07-03T11:32:31.672708Z","level":"info","event":"2026-07-03T11:32:31.672568Z [info     ] ::group::Pre Execute           [task] loc=task_runner.py:1926","logger":"task.stdout"}
{"timestamp":"2026-07-03T11:32:31.755347Z","level":"info","event":"setup plugin alembic.autogenerate.schemas","logger":"alembic.runtime.plugins","try_number":1,"task_id":"ingest_data_to_filesystem","dag_id":"dag_data","run_id":"manual__2026-07-03T11:32:25.793178+00:00","map_index":-1,"ti_id":"019f27c0-5c55-744b-8239-b95e9a70aa15","filename":"plugins.py","lineno":37}
{"timestamp":"2026-07-03T11:32:31.755419Z","level":"info","event":"setup plugin alembic.autogenerate.tables","logger":"alembic.runtime.plugins","try_number":1,"task_id":"ingest_data_to_filesystem","dag_id":"dag_data","run_id":"manual__2026-07-03T11:32:25.793178+00:00","map_index":-1,"ti_id":"019f27c0-5c55-744b-8239-b95e9a70aa15","filename":"plugins.py","lineno":37}
{"timestamp":"2026-07-03T11:32:31.755451Z","level":"info","event":"setup plugin alembic.autogenerate.types","logger":"alembic.runtime.plugins","try_number":1,"task_id":"ingest_data_to_filesystem","dag_id":"dag_data","run_id":"manual__2026-07-03T11:32:25.793178+00:00","map_index":-1,"ti_id":"019f27c0-5c55-744b-8239-b95e9a70aa15","filename":"plugins.py","lineno":37}
{"timestamp":"2026-07-03T11:32:31.755474Z","level":"info","event":"setup plugin alembic.autogenerate.constraints","logger":"alembic.runtime.plugins","try_number":1,"task_id":"ingest_data_to_filesystem","dag_id":"dag_data","run_id":"manual__2026-07-03T11:32:25.793178+00:00","map_index":-1,"ti_id":"019f27c0-5c55-744b-8239-b95e9a70aa15","filename":"plugins.py","lineno":37}
{"timestamp":"2026-07-03T11:32:31.755493Z","level":"info","event":"setup plugin alembic.autogenerate.defaults","logger":"alembic.runtime.plugins","try_number":1,"task_id":"ingest_data_to_filesystem","dag_id":"dag_data","run_id":"manual__2026-07-03T11:32:25.793178+00:00","map_index":-1,"ti_id":"019f27c0-5c55-744b-8239-b95e9a70aa15","filename":"plugins.py","lineno":37}
{"timestamp":"2026-07-03T11:32:31.755514Z","level":"info","event":"setup plugin alembic.autogenerate.comments","logger":"alembic.runtime.plugins","try_number":1,"task_id":"ingest_data_to_filesystem","dag_id":"dag_data","run_id":"manual__2026-07-03T11:32:25.793178+00:00","map_index":-1,"ti_id":"019f27c0-5c55-744b-8239-b95e9a70aa15","filename":"plugins.py","lineno":37}
{"timestamp":"2026-07-03T11:32:31.797332Z","level":"info","event":"DAG bundles loaded: dags-folder","try_number":1,"task_id":"ingest_data_to_filesystem","dag_id":"dag_data","run_id":"manual__2026-07-03T11:32:25.793178+00:00","map_index":-1,"ti_id":"019f27c0-5c55-744b-8239-b95e9a70aa15","logger":"airflow.dag_processing.bundles.manager.DagBundlesManager","filename":"manager.py","lineno":209}
{"timestamp":"2026-07-03T11:32:31.797539Z","level":"info","event":"Filling up the DagBag from /Users/burugula.sasank/airflow/dags/etl_scheduler.py","try_number":1,"task_id":"ingest_data_to_filesystem","dag_id":"dag_data","run_id":"manual__2026-07-03T11:32:25.793178+00:00","map_index":-1,"ti_id":"019f27c0-5c55-744b-8239-b95e9a70aa15","logger":"airflow.dag_processing.dagbag.BundleDagBag","filename":"dagbag.py","lineno":469}
{"timestamp":"2026-07-03T11:32:31.827921Z","level":"warning","event":"The `airflow.decorators.task` attribute is deprecated. Please use `'airflow.sdk.task'`.","category":"UserWarning","filename":"/Users/burugula.sasank/airflow/dags/etl_scheduler.py","lineno":1,"try_number":1,"task_id":"ingest_data_to_filesystem","dag_id":"dag_data","run_id":"manual__2026-07-03T11:32:25.793178+00:00","map_index":-1,"ti_id":"019f27c0-5c55-744b-8239-b95e9a70aa15","logger":"py.warnings"}
{"timestamp":"2026-07-03T11:32:31.827974Z","level":"warning","event":"The `airflow.decorators.dag` attribute is deprecated. Please use `'airflow.sdk.dag'`.","category":"UserWarning","filename":"/Users/burugula.sasank/airflow/dags/etl_scheduler.py","lineno":1,"try_number":1,"task_id":"ingest_data_to_filesystem","dag_id":"dag_data","run_id":"manual__2026-07-03T11:32:25.793178+00:00","map_index":-1,"ti_id":"019f27c0-5c55-744b-8239-b95e9a70aa15","logger":"py.warnings"}
{"timestamp":"2026-07-03T11:32:31.828005Z","level":"warning","event":"The `airflow.hooks.base.BaseHook` attribute is deprecated. Please use `'airflow.sdk.bases.hook.BaseHook'`.","category":"UserWarning","filename":"/Users/burugula.sasank/airflow/dags/etl_scheduler.py","lineno":2,"try_number":1,"task_id":"ingest_data_to_filesystem","dag_id":"dag_data","run_id":"manual__2026-07-03T11:32:25.793178+00:00","map_index":-1,"ti_id":"019f27c0-5c55-744b-8239-b95e9a70aa15","logger":"py.warnings"}
{"timestamp":"2026-07-03T11:32:31.839313Z","level":"info","event":"::endgroup::","try_number":1,"task_id":"ingest_data_to_filesystem","dag_id":"dag_data","run_id":"manual__2026-07-03T11:32:25.793178+00:00","map_index":-1,"ti_id":"019f27c0-5c55-744b-8239-b95e9a70aa15","logger":"task","filename":"task_runner.py","lineno":1727}
{"timestamp":"2026-07-03T11:32:32.167197Z","level":"error","event":"WARNING: Using incubator modules: jdk.incubator.vector","logger":"task.stderr"}
{"timestamp":"2026-07-03T11:32:32.591847Z","level":"error","event":"Using Spark's default log4j profile: org/apache/spark/log4j2-defaults.properties","logger":"task.stderr"}
{"timestamp":"2026-07-03T11:32:32.597757Z","level":"error","event":"26/07/03 17:02:32 WARN Utils: Your hostname, Burugulas-MacBook-Air.local, resolves to a loopback address: 127.0.0.1; using 192.168.0.107 instead (on interface en0)","logger":"task.stderr"}
{"timestamp":"2026-07-03T11:32:32.598789Z","level":"error","event":"26/07/03 17:02:32 WARN Utils: Set SPARK_LOCAL_IP if you need to bind to another address","logger":"task.stderr"}
{"timestamp":"2026-07-03T11:32:32.727214Z","level":"error","event":"Using Spark's default log4j profile: org/apache/spark/log4j2-defaults.properties","logger":"task.stderr"}
{"timestamp":"2026-07-03T11:32:32.727364Z","level":"error","event":"Setting default log level to \"WARN\".","logger":"task.stderr"}
{"timestamp":"2026-07-03T11:32:32.727397Z","level":"error","event":"To adjust logging level use sc.setLogLevel(newLevel). For SparkR, use setLogLevel(newLevel).","logger":"task.stderr"}
{"timestamp":"2026-07-03T11:32:32.831582Z","level":"error","event":"26/07/03 17:02:32 WARN NativeCodeLoader: Unable to load native-hadoop library for your platform... using builtin-java classes where applicable","logger":"task.stderr"}
{"timestamp":"2026-07-03T11:32:35.575019Z","level":"error","event":"26/07/03 17:02:35 WARN CSVHeaderChecker: CSV header does not conform to the schema.","logger":"task.stderr"}
{"timestamp":"2026-07-03T11:32:35.575124Z","level":"error","event":" Header: , Player, Span, Mat, Inns, NO, Runs, HS, Ave, BF, SR, 100, 50, 0, Unnamed: 13","logger":"task.stderr"}
{"timestamp":"2026-07-03T11:32:35.575152Z","level":"error","event":" Schema: _c0, Player, Span, Mat, Inns, NO, Runs, HS, Ave, BF, SR, 100, 50, 0, Unnamed: 13","logger":"task.stderr"}
{"timestamp":"2026-07-03T11:32:35.575173Z","level":"error","event":"Expected: _c0 but found:","logger":"task.stderr"}
{"timestamp":"2026-07-03T11:32:35.575194Z","level":"error","event":"CSV file: file:///Users/burugula.sasank/airflow/dags/file_stores/api_dump/cric_data/Batting/ODI%20data.csv","logger":"task.stderr"}
{"timestamp":"2026-07-03T11:32:36.045380Z","level":"error","event":"26/07/03 17:02:36 WARN CSVHeaderChecker: CSV header does not conform to the schema.","logger":"task.stderr"}
{"timestamp":"2026-07-03T11:32:36.045473Z","level":"error","event":" Header: , Player, Span, Mat, Inns, NO, Runs, HS, Ave, BF, SR, 100, 50, 0, 4s, 6s, Unnamed: 15","logger":"task.stderr"}
{"timestamp":"2026-07-03T11:32:36.045501Z","level":"error","event":" Schema: _c0, Player, Span, Mat, Inns, NO, Runs, HS, Ave, BF, SR, 100, 50, 0, 4s, 6s, Unnamed: 15","logger":"task.stderr"}
{"timestamp":"2026-07-03T11:32:36.045523Z","level":"error","event":"Expected: _c0 but found:","logger":"task.stderr"}
{"timestamp":"2026-07-03T11:32:36.045543Z","level":"error","event":"CSV file: file:///Users/burugula.sasank/airflow/dags/file_stores/api_dump/cric_data/Batting/t20.csv","logger":"task.stderr"}
{"timestamp":"2026-07-03T11:32:36.187491Z","level":"error","event":"26/07/03 17:02:36 WARN CSVHeaderChecker: CSV header does not conform to the schema.","logger":"task.stderr"}
{"timestamp":"2026-07-03T11:32:36.187600Z","level":"error","event":" Header: , Player, Span, Mat, Inns, NO, Runs, HS, Ave, 100, 50, 0, Unnamed: 11","logger":"task.stderr"}
{"timestamp":"2026-07-03T11:32:36.187637Z","level":"error","event":" Schema: _c0, Player, Span, Mat, Inns, NO, Runs, HS, Ave, 100, 50, 0, Unnamed: 11","logger":"task.stderr"}
{"timestamp":"2026-07-03T11:32:36.187659Z","level":"error","event":"Expected: _c0 but found:","logger":"task.stderr"}
{"timestamp":"2026-07-03T11:32:36.187679Z","level":"error","event":"CSV file: file:///Users/burugula.sasank/airflow/dags/file_stores/api_dump/cric_data/Batting/test.csv","logger":"task.stderr"}
{"timestamp":"2026-07-03T11:32:36.319140Z","level":"error","event":"26/07/03 17:02:36 WARN CSVHeaderChecker: CSV header does not conform to the schema.","logger":"task.stderr"}
{"timestamp":"2026-07-03T11:32:36.319243Z","level":"error","event":" Header: , Player, Span, Mat, Inns, Balls, Runs, Wkts, BBI, Ave, Econ, SR, 4, 5, Unnamed: 13","logger":"task.stderr"}
{"timestamp":"2026-07-03T11:32:36.319321Z","level":"error","event":" Schema: _c0, Player, Span, Mat, Inns, Balls, Runs, Wkts, BBI, Ave, Econ, SR, 4, 5, Unnamed: 13","logger":"task.stderr"}
{"timestamp":"2026-07-03T11:32:36.319353Z","level":"error","event":"Expected: _c0 but found:","logger":"task.stderr"}
{"timestamp":"2026-07-03T11:32:36.319376Z","level":"error","event":"CSV file: file:///Users/burugula.sasank/airflow/dags/file_stores/api_dump/cric_data/Bowling/Bowling_ODI.csv","logger":"task.stderr"}
{"timestamp":"2026-07-03T11:32:36.440122Z","level":"error","event":"26/07/03 17:02:36 WARN CSVHeaderChecker: CSV header does not conform to the schema.","logger":"task.stderr"}
{"timestamp":"2026-07-03T11:32:36.440228Z","level":"error","event":" Header: , Player, Span, Mat, Inns, Overs, Mdns, Runs, Wkts, BBI, Ave, Econ, SR, 4, 5, Unnamed: 14","logger":"task.stderr"}
{"timestamp":"2026-07-03T11:32:36.440255Z","level":"error","event":" Schema: _c0, Player, Span, Mat, Inns, Overs, Mdns, Runs, Wkts, BBI, Ave, Econ, SR, 4, 5, Unnamed: 14","logger":"task.stderr"}
{"timestamp":"2026-07-03T11:32:36.440276Z","level":"error","event":"Expected: _c0 but found:","logger":"task.stderr"}
{"timestamp":"2026-07-03T11:32:36.440296Z","level":"error","event":"CSV file: file:///Users/burugula.sasank/airflow/dags/file_stores/api_dump/cric_data/Bowling/Bowling_t20.csv","logger":"task.stderr"}
{"timestamp":"2026-07-03T11:32:36.594308Z","level":"error","event":"26/07/03 17:02:36 WARN CSVHeaderChecker: CSV header does not conform to the schema.","logger":"task.stderr"}
{"timestamp":"2026-07-03T11:32:36.594447Z","level":"error","event":" Header: , Player, Span, Mat, Inns, Balls, Runs, Wkts, BBI, BBM, Ave, Econ, SR, 5, 10, Unnamed: 14","logger":"task.stderr"}
{"timestamp":"2026-07-03T11:32:36.594476Z","level":"error","event":" Schema: _c0, Player, Span, Mat, Inns, Balls, Runs, Wkts, BBI, BBM, Ave, Econ, SR, 5, 10, Unnamed: 14","logger":"task.stderr"}
{"timestamp":"2026-07-03T11:32:36.594498Z","level":"error","event":"Expected: _c0 but found:","logger":"task.stderr"}
{"timestamp":"2026-07-03T11:32:36.594518Z","level":"error","event":"CSV file: file:///Users/burugula.sasank/airflow/dags/file_stores/api_dump/cric_data/Bowling/Bowling_test.csv","logger":"task.stderr"}
{"timestamp":"2026-07-03T11:32:36.717727Z","level":"error","event":"26/07/03 17:02:36 WARN CSVHeaderChecker: CSV header does not conform to the schema.","logger":"task.stderr"}
{"timestamp":"2026-07-03T11:32:36.717832Z","level":"error","event":" Header: , Player, Span, Mat, Inns, Dis, Ct, St, Ct Wk, Ct Fi, MD, D/I, Unnamed: 11","logger":"task.stderr"}
{"timestamp":"2026-07-03T11:32:36.717860Z","level":"error","event":" Schema: _c0, Player, Span, Mat, Inns, Dis, Ct, St, Ct Wk, Ct Fi, MD, D/I, Unnamed: 11","logger":"task.stderr"}
{"timestamp":"2026-07-03T11:32:36.717881Z","level":"error","event":"Expected: _c0 but found:","logger":"task.stderr"}
{"timestamp":"2026-07-03T11:32:36.717908Z","level":"error","event":"CSV file: file:///Users/burugula.sasank/airflow/dags/file_stores/api_dump/cric_data/Fielding/Fielding_ODI.csv","logger":"task.stderr"}
{"timestamp":"2026-07-03T11:32:36.838797Z","level":"error","event":"26/07/03 17:02:36 WARN CSVHeaderChecker: CSV header does not conform to the schema.","logger":"task.stderr"}
{"timestamp":"2026-07-03T11:32:36.838971Z","level":"error","event":" Header: , Player, Span, Mat, Inns, Dis, Ct, St, Ct Wk, Ct Fi, MD, D/I, Unnamed: 11","logger":"task.stderr"}
{"timestamp":"2026-07-03T11:32:36.839011Z","level":"error","event":" Schema: _c0, Player, Span, Mat, Inns, Dis, Ct, St, Ct Wk, Ct Fi, MD, D/I, Unnamed: 11","logger":"task.stderr"}
{"timestamp":"2026-07-03T11:32:36.839036Z","level":"error","event":"Expected: _c0 but found:","logger":"task.stderr"}
{"timestamp":"2026-07-03T11:32:36.839057Z","level":"error","event":"CSV file: file:///Users/burugula.sasank/airflow/dags/file_stores/api_dump/cric_data/Fielding/Fielding_t20.csv","logger":"task.stderr"}
{"timestamp":"2026-07-03T11:32:36.945703Z","level":"error","event":"26/07/03 17:02:36 WARN CSVHeaderChecker: CSV header does not conform to the schema.","logger":"task.stderr"}
{"timestamp":"2026-07-03T11:32:36.945809Z","level":"error","event":" Header: , Player, Span, Mat, Inns, Dis, Ct, St, Ct Wk, Ct Fi, MD, D/I, Unnamed: 11","logger":"task.stderr"}
{"timestamp":"2026-07-03T11:32:36.945837Z","level":"error","event":" Schema: _c0, Player, Span, Mat, Inns, Dis, Ct, St, Ct Wk, Ct Fi, MD, D/I, Unnamed: 11","logger":"task.stderr"}
{"timestamp":"2026-07-03T11:32:36.945860Z","level":"error","event":"Expected: _c0 but found:","logger":"task.stderr"}
{"timestamp":"2026-07-03T11:32:36.945880Z","level":"error","event":"CSV file: file:///Users/burugula.sasank/airflow/dags/file_stores/api_dump/cric_data/Fielding/Fielding_test.csv","logger":"task.stderr"}
{"timestamp":"2026-07-03T11:32:37.014313Z","level":"error","event":"26/07/03 17:02:37 WARN CSVHeaderChecker: CSV header does not conform to the schema.","logger":"task.stderr"}
{"timestamp":"2026-07-03T11:32:37.014418Z","level":"error","event":" Header: , Player, Span, Mat, Inns, NO, Runs, HS, Ave, BF, SR, 100, 50, 0, Unnamed: 13","logger":"task.stderr"}
{"timestamp":"2026-07-03T11:32:37.014446Z","level":"error","event":" Schema: _c0, Player, Span, Mat, Inns, NO, Runs, HS, Ave, BF, SR, 100, 50, 0, Unnamed: 13","logger":"task.stderr"}
{"timestamp":"2026-07-03T11:32:37.014469Z","level":"error","event":"Expected: _c0 but found:","logger":"task.stderr"}
{"timestamp":"2026-07-03T11:32:37.014491Z","level":"error","event":"CSV file: file:///Users/burugula.sasank/airflow/dags/file_stores/api_dump/cric_data/Batting/ODI%20data.csv","logger":"task.stderr"}
{"timestamp":"2026-07-03T11:32:37.419167Z","level":"info","event":"Sample Data (ODI Batsmen):","logger":"task.stdout"}
{"timestamp":"2026-07-03T11:32:37.419521Z","level":"info","event":"+---+--------------------+---------+---+----+---+-----+----+-----+-----+-----+---+---+---+-----------+","logger":"task.stdout"}
{"timestamp":"2026-07-03T11:32:37.419633Z","level":"info","event":"|_c0|              Player|     Span|Mat|Inns| NO| Runs|  HS|  Ave|   BF|   SR|100| 50|  0|Unnamed: 13|","logger":"task.stdout"}
{"timestamp":"2026-07-03T11:32:37.419731Z","level":"info","event":"+---+--------------------+---------+---+----+---+-----+----+-----+-----+-----+---+---+---+-----------+","logger":"task.stdout"}
{"timestamp":"2026-07-03T11:32:37.419819Z","level":"info","event":"|  0|SR Tendulkar (INDIA)|1989-2012|463| 452| 41|18426|200*|44.83|21367|86.23| 49| 96| 20|       NULL|","logger":"task.stdout"}
{"timestamp":"2026-07-03T11:32:37.419905Z","level":"info","event":"|  1|KC Sangakkara (As...|2000-2015|404| 380| 41|14234| 169|41.98|18048|78.86| 25| 93| 15|       NULL|","logger":"task.stdout"}
{"timestamp":"2026-07-03T11:32:37.419989Z","level":"info","event":"+---+--------------------+---------+---+----+---+-----+----+-----+-----+-----+---+---+---+-----------+","logger":"task.stdout"}
{"timestamp":"2026-07-03T11:32:37.420107Z","level":"info","event":"only showing top 2 rows","logger":"task.stdout"}
{"timestamp":"2026-07-03T11:32:37.459920Z","level":"info","event":"Bronze Ingestion Success","logger":"task.stdout"}
{"timestamp":"2026-07-03T11:32:37.460155Z","level":"info","event":"Done. Returned value was: ","try_number":1,"task_id":"ingest_data_to_filesystem","dag_id":"dag_data","run_id":"manual__2026-07-03T11:32:25.793178+00:00","map_index":-1,"ti_id":"019f27c0-5c55-744b-8239-b95e9a70aa15","logger":"airflow.task.operators.airflow.providers.standard.decorators.python._PythonDecoratedOperator","filename":"python.py","lineno":233}
{"timestamp":"2026-07-03T11:32:37.460459Z","level":"info","event":"::group::Post Execute","try_number":1,"task_id":"ingest_data_to_filesystem","dag_id":"dag_data","run_id":"manual__2026-07-03T11:32:25.793178+00:00","map_index":-1,"ti_id":"019f27c0-5c55-744b-8239-b95e9a70aa15","logger":"task","filename":"task_runner.py","lineno":1288}
{"timestamp":"2026-07-03T11:32:37.460677Z","level":"info","event":"Pushing xcom","ti":"RuntimeTaskInstance(id=UUID('019f27c0-5c55-744b-8239-b95e9a70aa15'), task_id='ingest_data_to_filesystem', dag_id='dag_data', run_id='manual__2026-07-03T11:32:25.793178+00:00', try_number=1, dag_version_id=UUID('019f25ad-46c6-7fd0-85e3-80d02836df93'), map_index=-1, hostname='burugulas-macbook-air.local', context_carrier={'traceparent': '00-2f2795396552b94eda9e7d304f9f6ef9-c88b0c91cec6a3d2-01'}, task=<Task(_PythonDecoratedOperator): ingest_data_to_filesystem>, bundle_instance=LocalDagBundle(name=dags-folder), max_tries=0, start_date=datetime.datetime(2026, 7, 3, 11, 32, 31, 260218, tzinfo=datetime.timezone.utc), end_date=None, state=<TaskInstanceState.RUNNING: 'running'>, is_mapped=False, rendered_map_index=None, sentry_integration='')","try_number":1,"task_id":"ingest_data_to_filesystem","dag_id":"dag_data","run_id":"manual__2026-07-03T11:32:25.793178+00:00","map_index":-1,"ti_id":"019f27c0-5c55-744b-8239-b95e9a70aa15","logger":"task","filename":"task_runner.py","lineno":1791}
{"timestamp":"2026-07-03T11:32:37.474357Z","level":"info","event":"::endgroup::","try_number":1,"task_id":"ingest_data_to_filesystem","dag_id":"dag_data","run_id":"manual__2026-07-03T11:32:25.793178+00:00","map_index":-1,"ti_id":"019f27c0-5c55-744b-8239-b95e9a70aa15","logger":"task","filename":"task_runner.py","lineno":1896}
