{"timestamp":"2026-07-05T12:17:06.081066Z","level":"info","event":"2026-07-05T12:17:06.080834Z [info     ] ::group::Pre Execute           [task] loc=task_runner.py:1926","logger":"task.stdout"}
{"timestamp":"2026-07-05T12:17:06.172920Z","level":"info","event":"setup plugin alembic.autogenerate.schemas","logger":"alembic.runtime.plugins","task_id":"transform_data_from_filesystem","dag_id":"dag_data","map_index":-1,"ti_id":"019f3235-bf3b-7687-80c8-ead3e423e179","try_number":1,"run_id":"manual__2026-07-05T12:16:50.983665+00:00","filename":"plugins.py","lineno":37}
{"timestamp":"2026-07-05T12:17:06.172993Z","level":"info","event":"setup plugin alembic.autogenerate.tables","logger":"alembic.runtime.plugins","task_id":"transform_data_from_filesystem","dag_id":"dag_data","map_index":-1,"ti_id":"019f3235-bf3b-7687-80c8-ead3e423e179","try_number":1,"run_id":"manual__2026-07-05T12:16:50.983665+00:00","filename":"plugins.py","lineno":37}
{"timestamp":"2026-07-05T12:17:06.173025Z","level":"info","event":"setup plugin alembic.autogenerate.types","logger":"alembic.runtime.plugins","task_id":"transform_data_from_filesystem","dag_id":"dag_data","map_index":-1,"ti_id":"019f3235-bf3b-7687-80c8-ead3e423e179","try_number":1,"run_id":"manual__2026-07-05T12:16:50.983665+00:00","filename":"plugins.py","lineno":37}
{"timestamp":"2026-07-05T12:17:06.173049Z","level":"info","event":"setup plugin alembic.autogenerate.constraints","logger":"alembic.runtime.plugins","task_id":"transform_data_from_filesystem","dag_id":"dag_data","map_index":-1,"ti_id":"019f3235-bf3b-7687-80c8-ead3e423e179","try_number":1,"run_id":"manual__2026-07-05T12:16:50.983665+00:00","filename":"plugins.py","lineno":37}
{"timestamp":"2026-07-05T12:17:06.173069Z","level":"info","event":"setup plugin alembic.autogenerate.defaults","logger":"alembic.runtime.plugins","task_id":"transform_data_from_filesystem","dag_id":"dag_data","map_index":-1,"ti_id":"019f3235-bf3b-7687-80c8-ead3e423e179","try_number":1,"run_id":"manual__2026-07-05T12:16:50.983665+00:00","filename":"plugins.py","lineno":37}
{"timestamp":"2026-07-05T12:17:06.173090Z","level":"info","event":"setup plugin alembic.autogenerate.comments","logger":"alembic.runtime.plugins","task_id":"transform_data_from_filesystem","dag_id":"dag_data","map_index":-1,"ti_id":"019f3235-bf3b-7687-80c8-ead3e423e179","try_number":1,"run_id":"manual__2026-07-05T12:16:50.983665+00:00","filename":"plugins.py","lineno":37}
{"timestamp":"2026-07-05T12:17:06.219364Z","level":"info","event":"DAG bundles loaded: dags-folder","task_id":"transform_data_from_filesystem","dag_id":"dag_data","map_index":-1,"ti_id":"019f3235-bf3b-7687-80c8-ead3e423e179","try_number":1,"run_id":"manual__2026-07-05T12:16:50.983665+00:00","logger":"airflow.dag_processing.bundles.manager.DagBundlesManager","filename":"manager.py","lineno":209}
{"timestamp":"2026-07-05T12:17:06.219574Z","level":"info","event":"Filling up the DagBag from /Users/burugula.sasank/airflow/dags/etl_scheduler.py","task_id":"transform_data_from_filesystem","dag_id":"dag_data","map_index":-1,"ti_id":"019f3235-bf3b-7687-80c8-ead3e423e179","try_number":1,"run_id":"manual__2026-07-05T12:16:50.983665+00:00","logger":"airflow.dag_processing.dagbag.BundleDagBag","filename":"dagbag.py","lineno":469}
{"timestamp":"2026-07-05T12:17:06.252028Z","level":"warning","event":"The `airflow.decorators.task` attribute is deprecated. Please use `'airflow.sdk.task'`.","category":"UserWarning","filename":"/Users/burugula.sasank/airflow/dags/etl_scheduler.py","lineno":1,"task_id":"transform_data_from_filesystem","dag_id":"dag_data","map_index":-1,"ti_id":"019f3235-bf3b-7687-80c8-ead3e423e179","try_number":1,"run_id":"manual__2026-07-05T12:16:50.983665+00:00","logger":"py.warnings"}
{"timestamp":"2026-07-05T12:17:06.252080Z","level":"warning","event":"The `airflow.decorators.dag` attribute is deprecated. Please use `'airflow.sdk.dag'`.","category":"UserWarning","filename":"/Users/burugula.sasank/airflow/dags/etl_scheduler.py","lineno":1,"task_id":"transform_data_from_filesystem","dag_id":"dag_data","map_index":-1,"ti_id":"019f3235-bf3b-7687-80c8-ead3e423e179","try_number":1,"run_id":"manual__2026-07-05T12:16:50.983665+00:00","logger":"py.warnings"}
{"timestamp":"2026-07-05T12:17:06.252106Z","level":"warning","event":"The `airflow.hooks.base.BaseHook` attribute is deprecated. Please use `'airflow.sdk.bases.hook.BaseHook'`.","category":"UserWarning","filename":"/Users/burugula.sasank/airflow/dags/etl_scheduler.py","lineno":2,"task_id":"transform_data_from_filesystem","dag_id":"dag_data","map_index":-1,"ti_id":"019f3235-bf3b-7687-80c8-ead3e423e179","try_number":1,"run_id":"manual__2026-07-05T12:16:50.983665+00:00","logger":"py.warnings"}
{"timestamp":"2026-07-05T12:17:06.267743Z","level":"info","event":"::endgroup::","task_id":"transform_data_from_filesystem","dag_id":"dag_data","map_index":-1,"ti_id":"019f3235-bf3b-7687-80c8-ead3e423e179","try_number":1,"run_id":"manual__2026-07-05T12:16:50.983665+00:00","logger":"task","filename":"task_runner.py","lineno":1727}
{"timestamp":"2026-07-05T12:17:06.340784Z","level":"error","event":"/Library/Frameworks/Python.framework/Versions/3.14/lib/python3.14/site-packages/pyspark/sql/udf.py:134: UserWarning: Cannot infer the eval type from type hints.","logger":"task.stderr"}
{"timestamp":"2026-07-05T12:17:06.340873Z","level":"error","event":"  warnings.warn(\"Cannot infer the eval type from type hints. \", UserWarning)","logger":"task.stderr"}
{"timestamp":"2026-07-05T12:17:06.465980Z","level":"error","event":"WARNING: Using incubator modules: jdk.incubator.vector","logger":"task.stderr"}
{"timestamp":"2026-07-05T12:17:06.819442Z","level":"error","event":"Using Spark's default log4j profile: org/apache/spark/log4j2-defaults.properties","logger":"task.stderr"}
{"timestamp":"2026-07-05T12:17:06.826521Z","level":"error","event":"26/07/05 17:47:06 WARN Utils: Your hostname, Burugulas-MacBook-Air.local, resolves to a loopback address: 127.0.0.1; using 192.168.0.107 instead (on interface en0)","logger":"task.stderr"}
{"timestamp":"2026-07-05T12:17:06.828166Z","level":"error","event":"26/07/05 17:47:06 WARN Utils: Set SPARK_LOCAL_IP if you need to bind to another address","logger":"task.stderr"}
{"timestamp":"2026-07-05T12:17:06.899006Z","level":"error","event":":: loading settings :: url = jar:file:/Library/Frameworks/Python.framework/Versions/3.14/lib/python3.14/site-packages/pyspark/jars/ivy-2.5.3.jar!/org/apache/ivy/core/settings/ivysettings.xml","logger":"task.stderr"}
{"timestamp":"2026-07-05T12:17:06.931562Z","level":"error","event":"Ivy Default Cache set to: /Users/burugula.sasank/.ivy2.5.2/cache","logger":"task.stderr"}
{"timestamp":"2026-07-05T12:17:06.931735Z","level":"error","event":"The jars for the packages stored in: /Users/burugula.sasank/.ivy2.5.2/jars","logger":"task.stderr"}
{"timestamp":"2026-07-05T12:17:06.932826Z","level":"error","event":"org.postgresql#postgresql added as a dependency","logger":"task.stderr"}
{"timestamp":"2026-07-05T12:17:06.933060Z","level":"error","event":":: resolving dependencies :: org.apache.spark#spark-submit-parent-905b69d0-2912-494d-a492-a8fdc855c405;1.0","logger":"task.stderr"}
{"timestamp":"2026-07-05T12:17:06.933090Z","level":"error","event":"\tconfs: [default]","logger":"task.stderr"}
{"timestamp":"2026-07-05T12:17:06.976202Z","level":"error","event":"\tfound org.postgresql#postgresql;42.7.3 in central","logger":"task.stderr"}
{"timestamp":"2026-07-05T12:17:06.986276Z","level":"error","event":"\tfound org.checkerframework#checker-qual;3.42.0 in central","logger":"task.stderr"}
{"timestamp":"2026-07-05T12:17:06.996037Z","level":"error","event":":: resolution report :: resolve 60ms :: artifacts dl 2ms","logger":"task.stderr"}
{"timestamp":"2026-07-05T12:17:06.996226Z","level":"error","event":"\t:: modules in use:","logger":"task.stderr"}
{"timestamp":"2026-07-05T12:17:06.996296Z","level":"error","event":"\torg.checkerframework#checker-qual;3.42.0 from central in [default]","logger":"task.stderr"}
{"timestamp":"2026-07-05T12:17:06.996345Z","level":"error","event":"\torg.postgresql#postgresql;42.7.3 from central in [default]","logger":"task.stderr"}
{"timestamp":"2026-07-05T12:17:06.996389Z","level":"error","event":"\t---------------------------------------------------------------------","logger":"task.stderr"}
{"timestamp":"2026-07-05T12:17:06.996501Z","level":"error","event":"\t|                  |            modules            ||   artifacts   |","logger":"task.stderr"}
{"timestamp":"2026-07-05T12:17:06.996552Z","level":"error","event":"\t|       conf       | number| search|dwnlded|evicted|| number|dwnlded|","logger":"task.stderr"}
{"timestamp":"2026-07-05T12:17:06.996579Z","level":"error","event":"\t---------------------------------------------------------------------","logger":"task.stderr"}
{"timestamp":"2026-07-05T12:17:06.996600Z","level":"error","event":"\t|      default     |   2   |   0   |   0   |   0   ||   2   |   0   |","logger":"task.stderr"}
{"timestamp":"2026-07-05T12:17:06.996620Z","level":"error","event":"\t---------------------------------------------------------------------","logger":"task.stderr"}
{"timestamp":"2026-07-05T12:17:06.997588Z","level":"error","event":":: retrieving :: org.apache.spark#spark-submit-parent-905b69d0-2912-494d-a492-a8fdc855c405","logger":"task.stderr"}
{"timestamp":"2026-07-05T12:17:06.997768Z","level":"error","event":"\tconfs: [default]","logger":"task.stderr"}
{"timestamp":"2026-07-05T12:17:06.999600Z","level":"error","event":"\t0 artifacts copied, 2 already retrieved (0kB/2ms)","logger":"task.stderr"}
{"timestamp":"2026-07-05T12:17:07.071921Z","level":"error","event":"26/07/05 17:47:07 WARN NativeCodeLoader: Unable to load native-hadoop library for your platform... using builtin-java classes where applicable","logger":"task.stderr"}
{"timestamp":"2026-07-05T12:17:07.120226Z","level":"error","event":"Using Spark's default log4j profile: org/apache/spark/log4j2-defaults.properties","logger":"task.stderr"}
{"timestamp":"2026-07-05T12:17:07.120392Z","level":"error","event":"Setting default log level to \"WARN\".","logger":"task.stderr"}
{"timestamp":"2026-07-05T12:17:07.120423Z","level":"error","event":"To adjust logging level use sc.setLogLevel(newLevel). For SparkR, use setLogLevel(newLevel).","logger":"task.stderr"}
{"timestamp":"2026-07-05T12:17:10.662949Z","level":"error","event":"26/07/05 17:47:10 WARN SparkStringUtils: Truncated the string representation of a plan since it was too large. This behavior can be adjusted by setting 'spark.sql.debug.maxToStringFields'.","logger":"task.stderr"}
{"timestamp":"2026-07-05T12:17:13.962094Z","level":"info","event":".....Connection with the database is successfull......","logger":"task.stdout"}
{"timestamp":"2026-07-05T12:17:13.962535Z","level":"info","event":".....Erased stale materialized views......","logger":"task.stdout"}
{"timestamp":"2026-07-05T12:17:13.962572Z","level":"info","event":"['full_name', 'country', 'years_active', 'matches_played', 'innings_played', 'dismissals', 'catches', 'stumpings', 'catch_wickets', 'format']","logger":"task.stdout"}
{"timestamp":"2026-07-05T12:17:13.962595Z","level":"info","event":"['full_name', 'country', 'years_active', 'matches_played', 'innings_played', 'dismissals', 'catches', 'stumpings', 'catch_wickets', 'format']","logger":"task.stdout"}
{"timestamp":"2026-07-05T12:17:13.962616Z","level":"info","event":"['full_name', 'country', 'years_active', 'matches_played', 'innings_played', 'dismissals', 'catches', 'stumpings', 'catch_wickets', 'format']","logger":"task.stdout"}
{"timestamp":"2026-07-05T12:17:13.982248Z","level":"info","event":"Silver Ingestion Success with returned val:CompletedProcess(args=['python3', '/Users/burugula.sasank/airflow/dags/spark/notebooks/silver_layer/data_transformations.py'], returncode=0)","logger":"task.stdout"}
{"timestamp":"2026-07-05T12:17:13.982581Z","level":"info","event":"Done. Returned value was: ","task_id":"transform_data_from_filesystem","dag_id":"dag_data","map_index":-1,"ti_id":"019f3235-bf3b-7687-80c8-ead3e423e179","try_number":1,"run_id":"manual__2026-07-05T12:16:50.983665+00:00","logger":"airflow.task.operators.airflow.providers.standard.decorators.python._PythonDecoratedOperator","filename":"python.py","lineno":233}
{"timestamp":"2026-07-05T12:17:13.982851Z","level":"info","event":"::group::Post Execute","task_id":"transform_data_from_filesystem","dag_id":"dag_data","map_index":-1,"ti_id":"019f3235-bf3b-7687-80c8-ead3e423e179","try_number":1,"run_id":"manual__2026-07-05T12:16:50.983665+00:00","logger":"task","filename":"task_runner.py","lineno":1288}
{"timestamp":"2026-07-05T12:17:13.983151Z","level":"info","event":"Pushing xcom","ti":"RuntimeTaskInstance(id=UUID('019f3235-bf3b-7687-80c8-ead3e423e179'), task_id='transform_data_from_filesystem', dag_id='dag_data', run_id='manual__2026-07-05T12:16:50.983665+00:00', try_number=1, dag_version_id=UUID('019f3235-608d-7e68-9413-1c64a2d48f0d'), map_index=-1, hostname='burugulas-macbook-air.local', context_carrier={'traceparent': '00-65e5e6800b16c4370dff9f48a5774dcd-8a3981996cf54d9f-01'}, task=<Task(_PythonDecoratedOperator): transform_data_from_filesystem>, bundle_instance=LocalDagBundle(name=dags-folder), max_tries=3, start_date=datetime.datetime(2026, 7, 5, 12, 17, 5, 568099, tzinfo=datetime.timezone.utc), end_date=None, state=<TaskInstanceState.RUNNING: 'running'>, is_mapped=False, rendered_map_index=None, sentry_integration='')","task_id":"transform_data_from_filesystem","dag_id":"dag_data","map_index":-1,"ti_id":"019f3235-bf3b-7687-80c8-ead3e423e179","try_number":1,"run_id":"manual__2026-07-05T12:16:50.983665+00:00","logger":"task","filename":"task_runner.py","lineno":1791}
{"timestamp":"2026-07-05T12:17:13.993112Z","level":"info","event":"::endgroup::","task_id":"transform_data_from_filesystem","dag_id":"dag_data","map_index":-1,"ti_id":"019f3235-bf3b-7687-80c8-ead3e423e179","try_number":1,"run_id":"manual__2026-07-05T12:16:50.983665+00:00","logger":"task","filename":"task_runner.py","lineno":1896}
{"timestamp":"2026-07-05T12:17:14.434813Z","level":"error","event":"\r[Stage 9:>                                                          (0 + 1) / 1]","logger":"task.stderr"}
