{"timestamp":"2026-07-04T09:34:11.685298Z","level":"info","event":"2026-07-04T09:34:11.685179Z [info     ] ::group::Pre Execute           [task] loc=task_runner.py:1926","logger":"task.stdout"}
{"timestamp":"2026-07-04T09:34:11.762606Z","level":"info","event":"setup plugin alembic.autogenerate.schemas","logger":"alembic.runtime.plugins","map_index":-1,"dag_id":"dag_data","task_id":"ingest_data_to_filesystem","ti_id":"019f2c7a-613f-7883-8301-5f31523091d1","run_id":"manual__2026-07-04T09:34:05.612923+00:00","try_number":1,"filename":"plugins.py","lineno":37}
{"timestamp":"2026-07-04T09:34:11.762679Z","level":"info","event":"setup plugin alembic.autogenerate.tables","logger":"alembic.runtime.plugins","map_index":-1,"dag_id":"dag_data","task_id":"ingest_data_to_filesystem","ti_id":"019f2c7a-613f-7883-8301-5f31523091d1","run_id":"manual__2026-07-04T09:34:05.612923+00:00","try_number":1,"filename":"plugins.py","lineno":37}
{"timestamp":"2026-07-04T09:34:11.762710Z","level":"info","event":"setup plugin alembic.autogenerate.types","logger":"alembic.runtime.plugins","map_index":-1,"dag_id":"dag_data","task_id":"ingest_data_to_filesystem","ti_id":"019f2c7a-613f-7883-8301-5f31523091d1","run_id":"manual__2026-07-04T09:34:05.612923+00:00","try_number":1,"filename":"plugins.py","lineno":37}
{"timestamp":"2026-07-04T09:34:11.762734Z","level":"info","event":"setup plugin alembic.autogenerate.constraints","logger":"alembic.runtime.plugins","map_index":-1,"dag_id":"dag_data","task_id":"ingest_data_to_filesystem","ti_id":"019f2c7a-613f-7883-8301-5f31523091d1","run_id":"manual__2026-07-04T09:34:05.612923+00:00","try_number":1,"filename":"plugins.py","lineno":37}
{"timestamp":"2026-07-04T09:34:11.762753Z","level":"info","event":"setup plugin alembic.autogenerate.defaults","logger":"alembic.runtime.plugins","map_index":-1,"dag_id":"dag_data","task_id":"ingest_data_to_filesystem","ti_id":"019f2c7a-613f-7883-8301-5f31523091d1","run_id":"manual__2026-07-04T09:34:05.612923+00:00","try_number":1,"filename":"plugins.py","lineno":37}
{"timestamp":"2026-07-04T09:34:11.762773Z","level":"info","event":"setup plugin alembic.autogenerate.comments","logger":"alembic.runtime.plugins","map_index":-1,"dag_id":"dag_data","task_id":"ingest_data_to_filesystem","ti_id":"019f2c7a-613f-7883-8301-5f31523091d1","run_id":"manual__2026-07-04T09:34:05.612923+00:00","try_number":1,"filename":"plugins.py","lineno":37}
{"timestamp":"2026-07-04T09:34:11.802415Z","level":"info","event":"DAG bundles loaded: dags-folder","map_index":-1,"dag_id":"dag_data","task_id":"ingest_data_to_filesystem","ti_id":"019f2c7a-613f-7883-8301-5f31523091d1","run_id":"manual__2026-07-04T09:34:05.612923+00:00","try_number":1,"logger":"airflow.dag_processing.bundles.manager.DagBundlesManager","filename":"manager.py","lineno":209}
{"timestamp":"2026-07-04T09:34:11.802633Z","level":"info","event":"Filling up the DagBag from /Users/burugula.sasank/airflow/dags/etl_scheduler.py","map_index":-1,"dag_id":"dag_data","task_id":"ingest_data_to_filesystem","ti_id":"019f2c7a-613f-7883-8301-5f31523091d1","run_id":"manual__2026-07-04T09:34:05.612923+00:00","try_number":1,"logger":"airflow.dag_processing.dagbag.BundleDagBag","filename":"dagbag.py","lineno":469}
{"timestamp":"2026-07-04T09:34:11.833126Z","level":"warning","event":"The `airflow.decorators.task` attribute is deprecated. Please use `'airflow.sdk.task'`.","category":"UserWarning","filename":"/Users/burugula.sasank/airflow/dags/etl_scheduler.py","lineno":1,"map_index":-1,"dag_id":"dag_data","task_id":"ingest_data_to_filesystem","ti_id":"019f2c7a-613f-7883-8301-5f31523091d1","run_id":"manual__2026-07-04T09:34:05.612923+00:00","try_number":1,"logger":"py.warnings"}
{"timestamp":"2026-07-04T09:34:11.833174Z","level":"warning","event":"The `airflow.decorators.dag` attribute is deprecated. Please use `'airflow.sdk.dag'`.","category":"UserWarning","filename":"/Users/burugula.sasank/airflow/dags/etl_scheduler.py","lineno":1,"map_index":-1,"dag_id":"dag_data","task_id":"ingest_data_to_filesystem","ti_id":"019f2c7a-613f-7883-8301-5f31523091d1","run_id":"manual__2026-07-04T09:34:05.612923+00:00","try_number":1,"logger":"py.warnings"}
{"timestamp":"2026-07-04T09:34:11.833198Z","level":"warning","event":"The `airflow.hooks.base.BaseHook` attribute is deprecated. Please use `'airflow.sdk.bases.hook.BaseHook'`.","category":"UserWarning","filename":"/Users/burugula.sasank/airflow/dags/etl_scheduler.py","lineno":2,"map_index":-1,"dag_id":"dag_data","task_id":"ingest_data_to_filesystem","ti_id":"019f2c7a-613f-7883-8301-5f31523091d1","run_id":"manual__2026-07-04T09:34:05.612923+00:00","try_number":1,"logger":"py.warnings"}
{"timestamp":"2026-07-04T09:34:11.843744Z","level":"info","event":"::endgroup::","map_index":-1,"dag_id":"dag_data","task_id":"ingest_data_to_filesystem","ti_id":"019f2c7a-613f-7883-8301-5f31523091d1","run_id":"manual__2026-07-04T09:34:05.612923+00:00","try_number":1,"logger":"task","filename":"task_runner.py","lineno":1727}
{"timestamp":"2026-07-04T09:34:12.015343Z","level":"error","event":"WARNING: Using incubator modules: jdk.incubator.vector","logger":"task.stderr"}
{"timestamp":"2026-07-04T09:34:12.296224Z","level":"error","event":"Using Spark's default log4j profile: org/apache/spark/log4j2-defaults.properties","logger":"task.stderr"}
{"timestamp":"2026-07-04T09:34:12.301890Z","level":"error","event":"26/07/04 15:04:12 WARN Utils: Your hostname, Burugulas-MacBook-Air.local, resolves to a loopback address: 127.0.0.1; using 192.168.0.107 instead (on interface en0)","logger":"task.stderr"}
{"timestamp":"2026-07-04T09:34:12.302893Z","level":"error","event":"26/07/04 15:04:12 WARN Utils: Set SPARK_LOCAL_IP if you need to bind to another address","logger":"task.stderr"}
{"timestamp":"2026-07-04T09:34:12.406035Z","level":"error","event":"Using Spark's default log4j profile: org/apache/spark/log4j2-defaults.properties","logger":"task.stderr"}
{"timestamp":"2026-07-04T09:34:12.406185Z","level":"error","event":"Setting default log level to \"WARN\".","logger":"task.stderr"}
{"timestamp":"2026-07-04T09:34:12.406218Z","level":"error","event":"To adjust logging level use sc.setLogLevel(newLevel). For SparkR, use setLogLevel(newLevel).","logger":"task.stderr"}
{"timestamp":"2026-07-04T09:34:12.498369Z","level":"error","event":"26/07/04 15:04:12 WARN NativeCodeLoader: Unable to load native-hadoop library for your platform... using builtin-java classes where applicable","logger":"task.stderr"}
{"timestamp":"2026-07-04T09:34:15.024070Z","level":"error","event":"26/07/04 15:04:15 WARN CSVHeaderChecker: CSV header does not conform to the schema.","logger":"task.stderr"}
{"timestamp":"2026-07-04T09:34:15.024229Z","level":"error","event":" Header: , Player, Span, Mat, Inns, NO, Runs, HS, Ave, BF, SR, 100, 50, 0, Unnamed: 13","logger":"task.stderr"}
{"timestamp":"2026-07-04T09:34:15.024260Z","level":"error","event":" Schema: _c0, Player, Span, Mat, Inns, NO, Runs, HS, Ave, BF, SR, 100, 50, 0, Unnamed: 13","logger":"task.stderr"}
{"timestamp":"2026-07-04T09:34:15.024282Z","level":"error","event":"Expected: _c0 but found:","logger":"task.stderr"}
{"timestamp":"2026-07-04T09:34:15.024304Z","level":"error","event":"CSV file: file:///Users/burugula.sasank/airflow/dags/file_stores/api_dump/cric_data/Batting/ODI%20data.csv","logger":"task.stderr"}
{"timestamp":"2026-07-04T09:34:15.455808Z","level":"error","event":"26/07/04 15:04:15 WARN CSVHeaderChecker: CSV header does not conform to the schema.","logger":"task.stderr"}
{"timestamp":"2026-07-04T09:34:15.455917Z","level":"error","event":" Header: , Player, Span, Mat, Inns, NO, Runs, HS, Ave, BF, SR, 100, 50, 0, 4s, 6s, Unnamed: 15","logger":"task.stderr"}
{"timestamp":"2026-07-04T09:34:15.455946Z","level":"error","event":" Schema: _c0, Player, Span, Mat, Inns, NO, Runs, HS, Ave, BF, SR, 100, 50, 0, 4s, 6s, Unnamed: 15","logger":"task.stderr"}
{"timestamp":"2026-07-04T09:34:15.455970Z","level":"error","event":"Expected: _c0 but found:","logger":"task.stderr"}
{"timestamp":"2026-07-04T09:34:15.455991Z","level":"error","event":"CSV file: file:///Users/burugula.sasank/airflow/dags/file_stores/api_dump/cric_data/Batting/t20.csv","logger":"task.stderr"}
{"timestamp":"2026-07-04T09:34:15.595021Z","level":"error","event":"26/07/04 15:04:15 WARN CSVHeaderChecker: CSV header does not conform to the schema.","logger":"task.stderr"}
{"timestamp":"2026-07-04T09:34:15.595134Z","level":"error","event":" Header: , Player, Span, Mat, Inns, NO, Runs, HS, Ave, 100, 50, 0, Unnamed: 11","logger":"task.stderr"}
{"timestamp":"2026-07-04T09:34:15.595166Z","level":"error","event":" Schema: _c0, Player, Span, Mat, Inns, NO, Runs, HS, Ave, 100, 50, 0, Unnamed: 11","logger":"task.stderr"}
{"timestamp":"2026-07-04T09:34:15.595189Z","level":"error","event":"Expected: _c0 but found:","logger":"task.stderr"}
{"timestamp":"2026-07-04T09:34:15.595209Z","level":"error","event":"CSV file: file:///Users/burugula.sasank/airflow/dags/file_stores/api_dump/cric_data/Batting/test.csv","logger":"task.stderr"}
{"timestamp":"2026-07-04T09:34:15.737398Z","level":"error","event":"26/07/04 15:04:15 WARN CSVHeaderChecker: CSV header does not conform to the schema.","logger":"task.stderr"}
{"timestamp":"2026-07-04T09:34:15.737506Z","level":"error","event":" Header: , Player, Span, Mat, Inns, Balls, Runs, Wkts, BBI, Ave, Econ, SR, 4, 5, Unnamed: 13","logger":"task.stderr"}
{"timestamp":"2026-07-04T09:34:15.737535Z","level":"error","event":" Schema: _c0, Player, Span, Mat, Inns, Balls, Runs, Wkts, BBI, Ave, Econ, SR, 4, 5, Unnamed: 13","logger":"task.stderr"}
{"timestamp":"2026-07-04T09:34:15.737558Z","level":"error","event":"Expected: _c0 but found:","logger":"task.stderr"}
{"timestamp":"2026-07-04T09:34:15.737579Z","level":"error","event":"CSV file: file:///Users/burugula.sasank/airflow/dags/file_stores/api_dump/cric_data/Bowling/Bowling_ODI.csv","logger":"task.stderr"}
{"timestamp":"2026-07-04T09:34:15.859610Z","level":"error","event":"26/07/04 15:04:15 WARN CSVHeaderChecker: CSV header does not conform to the schema.","logger":"task.stderr"}
{"timestamp":"2026-07-04T09:34:15.859723Z","level":"error","event":" Header: , Player, Span, Mat, Inns, Overs, Mdns, Runs, Wkts, BBI, Ave, Econ, SR, 4, 5, Unnamed: 14","logger":"task.stderr"}
{"timestamp":"2026-07-04T09:34:15.859752Z","level":"error","event":" Schema: _c0, Player, Span, Mat, Inns, Overs, Mdns, Runs, Wkts, BBI, Ave, Econ, SR, 4, 5, Unnamed: 14","logger":"task.stderr"}
{"timestamp":"2026-07-04T09:34:15.859774Z","level":"error","event":"Expected: _c0 but found:","logger":"task.stderr"}
{"timestamp":"2026-07-04T09:34:15.859794Z","level":"error","event":"CSV file: file:///Users/burugula.sasank/airflow/dags/file_stores/api_dump/cric_data/Bowling/Bowling_t20.csv","logger":"task.stderr"}
{"timestamp":"2026-07-04T09:34:16.018293Z","level":"error","event":"26/07/04 15:04:16 WARN CSVHeaderChecker: CSV header does not conform to the schema.","logger":"task.stderr"}
{"timestamp":"2026-07-04T09:34:16.018419Z","level":"error","event":" Header: , Player, Span, Mat, Inns, Balls, Runs, Wkts, BBI, BBM, Ave, Econ, SR, 5, 10, Unnamed: 14","logger":"task.stderr"}
{"timestamp":"2026-07-04T09:34:16.018450Z","level":"error","event":" Schema: _c0, Player, Span, Mat, Inns, Balls, Runs, Wkts, BBI, BBM, Ave, Econ, SR, 5, 10, Unnamed: 14","logger":"task.stderr"}
{"timestamp":"2026-07-04T09:34:16.018472Z","level":"error","event":"Expected: _c0 but found:","logger":"task.stderr"}
{"timestamp":"2026-07-04T09:34:16.018492Z","level":"error","event":"CSV file: file:///Users/burugula.sasank/airflow/dags/file_stores/api_dump/cric_data/Bowling/Bowling_test.csv","logger":"task.stderr"}
{"timestamp":"2026-07-04T09:34:16.170539Z","level":"error","event":"26/07/04 15:04:16 WARN CSVHeaderChecker: CSV header does not conform to the schema.","logger":"task.stderr"}
{"timestamp":"2026-07-04T09:34:16.170647Z","level":"error","event":" Header: , Player, Span, Mat, Inns, Dis, Ct, St, Ct Wk, Ct Fi, MD, D/I, Unnamed: 11","logger":"task.stderr"}
{"timestamp":"2026-07-04T09:34:16.170678Z","level":"error","event":" Schema: _c0, Player, Span, Mat, Inns, Dis, Ct, St, Ct Wk, Ct Fi, MD, D/I, Unnamed: 11","logger":"task.stderr"}
{"timestamp":"2026-07-04T09:34:16.170700Z","level":"error","event":"Expected: _c0 but found:","logger":"task.stderr"}
{"timestamp":"2026-07-04T09:34:16.170730Z","level":"error","event":"CSV file: file:///Users/burugula.sasank/airflow/dags/file_stores/api_dump/cric_data/Fielding/Fielding_ODI.csv","logger":"task.stderr"}
{"timestamp":"2026-07-04T09:34:16.285459Z","level":"error","event":"26/07/04 15:04:16 WARN CSVHeaderChecker: CSV header does not conform to the schema.","logger":"task.stderr"}
{"timestamp":"2026-07-04T09:34:16.285565Z","level":"error","event":" Header: , Player, Span, Mat, Inns, Dis, Ct, St, Ct Wk, Ct Fi, MD, D/I, Unnamed: 11","logger":"task.stderr"}
{"timestamp":"2026-07-04T09:34:16.285596Z","level":"error","event":" Schema: _c0, Player, Span, Mat, Inns, Dis, Ct, St, Ct Wk, Ct Fi, MD, D/I, Unnamed: 11","logger":"task.stderr"}
{"timestamp":"2026-07-04T09:34:16.285619Z","level":"error","event":"Expected: _c0 but found:","logger":"task.stderr"}
{"timestamp":"2026-07-04T09:34:16.285640Z","level":"error","event":"CSV file: file:///Users/burugula.sasank/airflow/dags/file_stores/api_dump/cric_data/Fielding/Fielding_t20.csv","logger":"task.stderr"}
{"timestamp":"2026-07-04T09:34:16.392782Z","level":"error","event":"26/07/04 15:04:16 WARN CSVHeaderChecker: CSV header does not conform to the schema.","logger":"task.stderr"}
{"timestamp":"2026-07-04T09:34:16.392888Z","level":"error","event":" Header: , Player, Span, Mat, Inns, Dis, Ct, St, Ct Wk, Ct Fi, MD, D/I, Unnamed: 11","logger":"task.stderr"}
{"timestamp":"2026-07-04T09:34:16.392916Z","level":"error","event":" Schema: _c0, Player, Span, Mat, Inns, Dis, Ct, St, Ct Wk, Ct Fi, MD, D/I, Unnamed: 11","logger":"task.stderr"}
{"timestamp":"2026-07-04T09:34:16.392938Z","level":"error","event":"Expected: _c0 but found:","logger":"task.stderr"}
{"timestamp":"2026-07-04T09:34:16.392959Z","level":"error","event":"CSV file: file:///Users/burugula.sasank/airflow/dags/file_stores/api_dump/cric_data/Fielding/Fielding_test.csv","logger":"task.stderr"}
{"timestamp":"2026-07-04T09:34:16.466287Z","level":"error","event":"26/07/04 15:04:16 WARN CSVHeaderChecker: CSV header does not conform to the schema.","logger":"task.stderr"}
{"timestamp":"2026-07-04T09:34:16.466398Z","level":"error","event":" Header: , Player, Span, Mat, Inns, NO, Runs, HS, Ave, BF, SR, 100, 50, 0, Unnamed: 13","logger":"task.stderr"}
{"timestamp":"2026-07-04T09:34:16.466427Z","level":"error","event":" Schema: _c0, Player, Span, Mat, Inns, NO, Runs, HS, Ave, BF, SR, 100, 50, 0, Unnamed: 13","logger":"task.stderr"}
{"timestamp":"2026-07-04T09:34:16.466449Z","level":"error","event":"Expected: _c0 but found:","logger":"task.stderr"}
{"timestamp":"2026-07-04T09:34:16.466470Z","level":"error","event":"CSV file: file:///Users/burugula.sasank/airflow/dags/file_stores/api_dump/cric_data/Batting/ODI%20data.csv","logger":"task.stderr"}
{"timestamp":"2026-07-04T09:34:17.001902Z","level":"info","event":"Sample Data (ODI Batsmen):","logger":"task.stdout"}
{"timestamp":"2026-07-04T09:34:17.002290Z","level":"info","event":"+---+--------------------+---------+---+----+---+-----+----+-----+-----+-----+---+---+---+-----------+","logger":"task.stdout"}
{"timestamp":"2026-07-04T09:34:17.002510Z","level":"info","event":"|_c0|              Player|     Span|Mat|Inns| NO| Runs|  HS|  Ave|   BF|   SR|100| 50|  0|Unnamed: 13|","logger":"task.stdout"}
{"timestamp":"2026-07-04T09:34:17.002634Z","level":"info","event":"+---+--------------------+---------+---+----+---+-----+----+-----+-----+-----+---+---+---+-----------+","logger":"task.stdout"}
{"timestamp":"2026-07-04T09:34:17.002737Z","level":"info","event":"|  0|SR Tendulkar (INDIA)|1989-2012|463| 452| 41|18426|200*|44.83|21367|86.23| 49| 96| 20|       NULL|","logger":"task.stdout"}
{"timestamp":"2026-07-04T09:34:17.002832Z","level":"info","event":"|  1|KC Sangakkara (As...|2000-2015|404| 380| 41|14234| 169|41.98|18048|78.86| 25| 93| 15|       NULL|","logger":"task.stdout"}
{"timestamp":"2026-07-04T09:34:17.002922Z","level":"info","event":"+---+--------------------+---------+---+----+---+-----+----+-----+-----+-----+---+---+---+-----------+","logger":"task.stdout"}
{"timestamp":"2026-07-04T09:34:17.003048Z","level":"info","event":"only showing top 2 rows","logger":"task.stdout"}
{"timestamp":"2026-07-04T09:34:17.043892Z","level":"info","event":"Bronze Ingestion Success","logger":"task.stdout"}
{"timestamp":"2026-07-04T09:34:17.044146Z","level":"info","event":"Done. Returned value was: ","map_index":-1,"dag_id":"dag_data","task_id":"ingest_data_to_filesystem","ti_id":"019f2c7a-613f-7883-8301-5f31523091d1","run_id":"manual__2026-07-04T09:34:05.612923+00:00","try_number":1,"logger":"airflow.task.operators.airflow.providers.standard.decorators.python._PythonDecoratedOperator","filename":"python.py","lineno":233}
{"timestamp":"2026-07-04T09:34:17.044442Z","level":"info","event":"::group::Post Execute","map_index":-1,"dag_id":"dag_data","task_id":"ingest_data_to_filesystem","ti_id":"019f2c7a-613f-7883-8301-5f31523091d1","run_id":"manual__2026-07-04T09:34:05.612923+00:00","try_number":1,"logger":"task","filename":"task_runner.py","lineno":1288}
{"timestamp":"2026-07-04T09:34:17.044644Z","level":"info","event":"Pushing xcom","ti":"RuntimeTaskInstance(id=UUID('019f2c7a-613f-7883-8301-5f31523091d1'), task_id='ingest_data_to_filesystem', dag_id='dag_data', run_id='manual__2026-07-04T09:34:05.612923+00:00', try_number=1, dag_version_id=UUID('019f2c09-88cb-79f1-ada2-a2bc16a5412d'), map_index=-1, hostname='burugulas-macbook-air.local', context_carrier={'traceparent': '00-96e2990102b76009ad45ba04499b5380-d1027271f7373f07-01'}, task=<Task(_PythonDecoratedOperator): ingest_data_to_filesystem>, bundle_instance=LocalDagBundle(name=dags-folder), max_tries=0, start_date=datetime.datetime(2026, 7, 4, 9, 34, 11, 298420, tzinfo=datetime.timezone.utc), end_date=None, state=<TaskInstanceState.RUNNING: 'running'>, is_mapped=False, rendered_map_index=None, sentry_integration='')","map_index":-1,"dag_id":"dag_data","task_id":"ingest_data_to_filesystem","ti_id":"019f2c7a-613f-7883-8301-5f31523091d1","run_id":"manual__2026-07-04T09:34:05.612923+00:00","try_number":1,"logger":"task","filename":"task_runner.py","lineno":1791}
{"timestamp":"2026-07-04T09:34:17.054606Z","level":"info","event":"::endgroup::","map_index":-1,"dag_id":"dag_data","task_id":"ingest_data_to_filesystem","ti_id":"019f2c7a-613f-7883-8301-5f31523091d1","run_id":"manual__2026-07-04T09:34:05.612923+00:00","try_number":1,"logger":"task","filename":"task_runner.py","lineno":1896}
