{"timestamp":"2026-07-04T11:42:39.384566Z","level":"info","event":"2026-07-04T11:42:39.384452Z [info     ] ::group::Pre Execute           [task] loc=task_runner.py:1926","logger":"task.stdout"}
{"timestamp":"2026-07-04T11:42:39.462279Z","level":"info","event":"setup plugin alembic.autogenerate.schemas","logger":"alembic.runtime.plugins","dag_id":"dag_data","run_id":"manual__2026-07-04T11:42:32.373124+00:00","task_id":"ingest_data_to_filesystem","ti_id":"019f2cef-f9c7-77bd-a7ac-80a558792bd0","try_number":1,"map_index":-1,"filename":"plugins.py","lineno":37}
{"timestamp":"2026-07-04T11:42:39.462356Z","level":"info","event":"setup plugin alembic.autogenerate.tables","logger":"alembic.runtime.plugins","dag_id":"dag_data","run_id":"manual__2026-07-04T11:42:32.373124+00:00","task_id":"ingest_data_to_filesystem","ti_id":"019f2cef-f9c7-77bd-a7ac-80a558792bd0","try_number":1,"map_index":-1,"filename":"plugins.py","lineno":37}
{"timestamp":"2026-07-04T11:42:39.462387Z","level":"info","event":"setup plugin alembic.autogenerate.types","logger":"alembic.runtime.plugins","dag_id":"dag_data","run_id":"manual__2026-07-04T11:42:32.373124+00:00","task_id":"ingest_data_to_filesystem","ti_id":"019f2cef-f9c7-77bd-a7ac-80a558792bd0","try_number":1,"map_index":-1,"filename":"plugins.py","lineno":37}
{"timestamp":"2026-07-04T11:42:39.462410Z","level":"info","event":"setup plugin alembic.autogenerate.constraints","logger":"alembic.runtime.plugins","dag_id":"dag_data","run_id":"manual__2026-07-04T11:42:32.373124+00:00","task_id":"ingest_data_to_filesystem","ti_id":"019f2cef-f9c7-77bd-a7ac-80a558792bd0","try_number":1,"map_index":-1,"filename":"plugins.py","lineno":37}
{"timestamp":"2026-07-04T11:42:39.462434Z","level":"info","event":"setup plugin alembic.autogenerate.defaults","logger":"alembic.runtime.plugins","dag_id":"dag_data","run_id":"manual__2026-07-04T11:42:32.373124+00:00","task_id":"ingest_data_to_filesystem","ti_id":"019f2cef-f9c7-77bd-a7ac-80a558792bd0","try_number":1,"map_index":-1,"filename":"plugins.py","lineno":37}
{"timestamp":"2026-07-04T11:42:39.462455Z","level":"info","event":"setup plugin alembic.autogenerate.comments","logger":"alembic.runtime.plugins","dag_id":"dag_data","run_id":"manual__2026-07-04T11:42:32.373124+00:00","task_id":"ingest_data_to_filesystem","ti_id":"019f2cef-f9c7-77bd-a7ac-80a558792bd0","try_number":1,"map_index":-1,"filename":"plugins.py","lineno":37}
{"timestamp":"2026-07-04T11:42:39.501541Z","level":"info","event":"DAG bundles loaded: dags-folder","dag_id":"dag_data","run_id":"manual__2026-07-04T11:42:32.373124+00:00","task_id":"ingest_data_to_filesystem","ti_id":"019f2cef-f9c7-77bd-a7ac-80a558792bd0","try_number":1,"map_index":-1,"logger":"airflow.dag_processing.bundles.manager.DagBundlesManager","filename":"manager.py","lineno":209}
{"timestamp":"2026-07-04T11:42:39.501733Z","level":"info","event":"Filling up the DagBag from /Users/burugula.sasank/airflow/dags/etl_scheduler.py","dag_id":"dag_data","run_id":"manual__2026-07-04T11:42:32.373124+00:00","task_id":"ingest_data_to_filesystem","ti_id":"019f2cef-f9c7-77bd-a7ac-80a558792bd0","try_number":1,"map_index":-1,"logger":"airflow.dag_processing.dagbag.BundleDagBag","filename":"dagbag.py","lineno":469}
{"timestamp":"2026-07-04T11:42:39.531934Z","level":"warning","event":"The `airflow.decorators.task` attribute is deprecated. Please use `'airflow.sdk.task'`.","category":"UserWarning","filename":"/Users/burugula.sasank/airflow/dags/etl_scheduler.py","lineno":1,"dag_id":"dag_data","run_id":"manual__2026-07-04T11:42:32.373124+00:00","task_id":"ingest_data_to_filesystem","ti_id":"019f2cef-f9c7-77bd-a7ac-80a558792bd0","try_number":1,"map_index":-1,"logger":"py.warnings"}
{"timestamp":"2026-07-04T11:42:39.531981Z","level":"warning","event":"The `airflow.decorators.dag` attribute is deprecated. Please use `'airflow.sdk.dag'`.","category":"UserWarning","filename":"/Users/burugula.sasank/airflow/dags/etl_scheduler.py","lineno":1,"dag_id":"dag_data","run_id":"manual__2026-07-04T11:42:32.373124+00:00","task_id":"ingest_data_to_filesystem","ti_id":"019f2cef-f9c7-77bd-a7ac-80a558792bd0","try_number":1,"map_index":-1,"logger":"py.warnings"}
{"timestamp":"2026-07-04T11:42:39.532005Z","level":"warning","event":"The `airflow.hooks.base.BaseHook` attribute is deprecated. Please use `'airflow.sdk.bases.hook.BaseHook'`.","category":"UserWarning","filename":"/Users/burugula.sasank/airflow/dags/etl_scheduler.py","lineno":2,"dag_id":"dag_data","run_id":"manual__2026-07-04T11:42:32.373124+00:00","task_id":"ingest_data_to_filesystem","ti_id":"019f2cef-f9c7-77bd-a7ac-80a558792bd0","try_number":1,"map_index":-1,"logger":"py.warnings"}
{"timestamp":"2026-07-04T11:42:39.545557Z","level":"info","event":"::endgroup::","dag_id":"dag_data","run_id":"manual__2026-07-04T11:42:32.373124+00:00","task_id":"ingest_data_to_filesystem","ti_id":"019f2cef-f9c7-77bd-a7ac-80a558792bd0","try_number":1,"map_index":-1,"logger":"task","filename":"task_runner.py","lineno":1727}
{"timestamp":"2026-07-04T11:42:39.751991Z","level":"error","event":"WARNING: Using incubator modules: jdk.incubator.vector","logger":"task.stderr"}
{"timestamp":"2026-07-04T11:42:40.083159Z","level":"error","event":"Using Spark's default log4j profile: org/apache/spark/log4j2-defaults.properties","logger":"task.stderr"}
{"timestamp":"2026-07-04T11:42:40.089052Z","level":"error","event":"26/07/04 17:12:40 WARN Utils: Your hostname, Burugulas-MacBook-Air.local, resolves to a loopback address: 127.0.0.1; using 192.168.0.107 instead (on interface en0)","logger":"task.stderr"}
{"timestamp":"2026-07-04T11:42:40.090020Z","level":"error","event":"26/07/04 17:12:40 WARN Utils: Set SPARK_LOCAL_IP if you need to bind to another address","logger":"task.stderr"}
{"timestamp":"2026-07-04T11:42:40.203136Z","level":"error","event":"Using Spark's default log4j profile: org/apache/spark/log4j2-defaults.properties","logger":"task.stderr"}
{"timestamp":"2026-07-04T11:42:40.203285Z","level":"error","event":"Setting default log level to \"WARN\".","logger":"task.stderr"}
{"timestamp":"2026-07-04T11:42:40.203316Z","level":"error","event":"To adjust logging level use sc.setLogLevel(newLevel). For SparkR, use setLogLevel(newLevel).","logger":"task.stderr"}
{"timestamp":"2026-07-04T11:42:40.336936Z","level":"error","event":"26/07/04 17:12:40 WARN NativeCodeLoader: Unable to load native-hadoop library for your platform... using builtin-java classes where applicable","logger":"task.stderr"}
{"timestamp":"2026-07-04T11:42:42.827808Z","level":"error","event":"26/07/04 17:12:42 WARN CSVHeaderChecker: CSV header does not conform to the schema.","logger":"task.stderr"}
{"timestamp":"2026-07-04T11:42:42.827979Z","level":"error","event":" Header: , Player, Span, Mat, Inns, NO, Runs, HS, Ave, BF, SR, 100, 50, 0, Unnamed: 13","logger":"task.stderr"}
{"timestamp":"2026-07-04T11:42:42.828010Z","level":"error","event":" Schema: _c0, Player, Span, Mat, Inns, NO, Runs, HS, Ave, BF, SR, 100, 50, 0, Unnamed: 13","logger":"task.stderr"}
{"timestamp":"2026-07-04T11:42:42.828033Z","level":"error","event":"Expected: _c0 but found:","logger":"task.stderr"}
{"timestamp":"2026-07-04T11:42:42.828053Z","level":"error","event":"CSV file: file:///Users/burugula.sasank/airflow/dags/file_stores/api_dump/cric_data/Batting/ODI%20data.csv","logger":"task.stderr"}
{"timestamp":"2026-07-04T11:42:43.246734Z","level":"error","event":"26/07/04 17:12:43 WARN CSVHeaderChecker: CSV header does not conform to the schema.","logger":"task.stderr"}
{"timestamp":"2026-07-04T11:42:43.246853Z","level":"error","event":" Header: , Player, Span, Mat, Inns, NO, Runs, HS, Ave, BF, SR, 100, 50, 0, 4s, 6s, Unnamed: 15","logger":"task.stderr"}
{"timestamp":"2026-07-04T11:42:43.246883Z","level":"error","event":" Schema: _c0, Player, Span, Mat, Inns, NO, Runs, HS, Ave, BF, SR, 100, 50, 0, 4s, 6s, Unnamed: 15","logger":"task.stderr"}
{"timestamp":"2026-07-04T11:42:43.246914Z","level":"error","event":"Expected: _c0 but found:","logger":"task.stderr"}
{"timestamp":"2026-07-04T11:42:43.246935Z","level":"error","event":"CSV file: file:///Users/burugula.sasank/airflow/dags/file_stores/api_dump/cric_data/Batting/t20.csv","logger":"task.stderr"}
{"timestamp":"2026-07-04T11:42:43.399576Z","level":"error","event":"26/07/04 17:12:43 WARN CSVHeaderChecker: CSV header does not conform to the schema.","logger":"task.stderr"}
{"timestamp":"2026-07-04T11:42:43.399690Z","level":"error","event":" Header: , Player, Span, Mat, Inns, NO, Runs, HS, Ave, 100, 50, 0, Unnamed: 11","logger":"task.stderr"}
{"timestamp":"2026-07-04T11:42:43.399719Z","level":"error","event":" Schema: _c0, Player, Span, Mat, Inns, NO, Runs, HS, Ave, 100, 50, 0, Unnamed: 11","logger":"task.stderr"}
{"timestamp":"2026-07-04T11:42:43.399749Z","level":"error","event":"Expected: _c0 but found:","logger":"task.stderr"}
{"timestamp":"2026-07-04T11:42:43.399775Z","level":"error","event":"CSV file: file:///Users/burugula.sasank/airflow/dags/file_stores/api_dump/cric_data/Batting/test.csv","logger":"task.stderr"}
{"timestamp":"2026-07-04T11:42:43.531486Z","level":"error","event":"26/07/04 17:12:43 WARN CSVHeaderChecker: CSV header does not conform to the schema.","logger":"task.stderr"}
{"timestamp":"2026-07-04T11:42:43.531593Z","level":"error","event":" Header: , Player, Span, Mat, Inns, Balls, Runs, Wkts, BBI, Ave, Econ, SR, 4, 5, Unnamed: 13","logger":"task.stderr"}
{"timestamp":"2026-07-04T11:42:43.531622Z","level":"error","event":" Schema: _c0, Player, Span, Mat, Inns, Balls, Runs, Wkts, BBI, Ave, Econ, SR, 4, 5, Unnamed: 13","logger":"task.stderr"}
{"timestamp":"2026-07-04T11:42:43.531651Z","level":"error","event":"Expected: _c0 but found:","logger":"task.stderr"}
{"timestamp":"2026-07-04T11:42:43.531671Z","level":"error","event":"CSV file: file:///Users/burugula.sasank/airflow/dags/file_stores/api_dump/cric_data/Bowling/Bowling_ODI.csv","logger":"task.stderr"}
{"timestamp":"2026-07-04T11:42:43.656820Z","level":"error","event":"26/07/04 17:12:43 WARN CSVHeaderChecker: CSV header does not conform to the schema.","logger":"task.stderr"}
{"timestamp":"2026-07-04T11:42:43.656948Z","level":"error","event":" Header: , Player, Span, Mat, Inns, Overs, Mdns, Runs, Wkts, BBI, Ave, Econ, SR, 4, 5, Unnamed: 14","logger":"task.stderr"}
{"timestamp":"2026-07-04T11:42:43.656979Z","level":"error","event":" Schema: _c0, Player, Span, Mat, Inns, Overs, Mdns, Runs, Wkts, BBI, Ave, Econ, SR, 4, 5, Unnamed: 14","logger":"task.stderr"}
{"timestamp":"2026-07-04T11:42:43.657009Z","level":"error","event":"Expected: _c0 but found:","logger":"task.stderr"}
{"timestamp":"2026-07-04T11:42:43.657031Z","level":"error","event":"CSV file: file:///Users/burugula.sasank/airflow/dags/file_stores/api_dump/cric_data/Bowling/Bowling_t20.csv","logger":"task.stderr"}
{"timestamp":"2026-07-04T11:42:43.784465Z","level":"error","event":"26/07/04 17:12:43 WARN CSVHeaderChecker: CSV header does not conform to the schema.","logger":"task.stderr"}
{"timestamp":"2026-07-04T11:42:43.784576Z","level":"error","event":" Header: , Player, Span, Mat, Inns, Balls, Runs, Wkts, BBI, BBM, Ave, Econ, SR, 5, 10, Unnamed: 14","logger":"task.stderr"}
{"timestamp":"2026-07-04T11:42:43.784609Z","level":"error","event":" Schema: _c0, Player, Span, Mat, Inns, Balls, Runs, Wkts, BBI, BBM, Ave, Econ, SR, 5, 10, Unnamed: 14","logger":"task.stderr"}
{"timestamp":"2026-07-04T11:42:43.784630Z","level":"error","event":"Expected: _c0 but found:","logger":"task.stderr"}
{"timestamp":"2026-07-04T11:42:43.784649Z","level":"error","event":"CSV file: file:///Users/burugula.sasank/airflow/dags/file_stores/api_dump/cric_data/Bowling/Bowling_test.csv","logger":"task.stderr"}
{"timestamp":"2026-07-04T11:42:43.919571Z","level":"error","event":"26/07/04 17:12:43 WARN CSVHeaderChecker: CSV header does not conform to the schema.","logger":"task.stderr"}
{"timestamp":"2026-07-04T11:42:43.919683Z","level":"error","event":" Header: , Player, Span, Mat, Inns, Dis, Ct, St, Ct Wk, Ct Fi, MD, D/I, Unnamed: 11","logger":"task.stderr"}
{"timestamp":"2026-07-04T11:42:43.919720Z","level":"error","event":" Schema: _c0, Player, Span, Mat, Inns, Dis, Ct, St, Ct Wk, Ct Fi, MD, D/I, Unnamed: 11","logger":"task.stderr"}
{"timestamp":"2026-07-04T11:42:43.919743Z","level":"error","event":"Expected: _c0 but found:","logger":"task.stderr"}
{"timestamp":"2026-07-04T11:42:43.919771Z","level":"error","event":"CSV file: file:///Users/burugula.sasank/airflow/dags/file_stores/api_dump/cric_data/Fielding/Fielding_ODI.csv","logger":"task.stderr"}
{"timestamp":"2026-07-04T11:42:44.035827Z","level":"error","event":"26/07/04 17:12:44 WARN CSVHeaderChecker: CSV header does not conform to the schema.","logger":"task.stderr"}
{"timestamp":"2026-07-04T11:42:44.035927Z","level":"error","event":" Header: , Player, Span, Mat, Inns, Dis, Ct, St, Ct Wk, Ct Fi, MD, D/I, Unnamed: 11","logger":"task.stderr"}
{"timestamp":"2026-07-04T11:42:44.035954Z","level":"error","event":" Schema: _c0, Player, Span, Mat, Inns, Dis, Ct, St, Ct Wk, Ct Fi, MD, D/I, Unnamed: 11","logger":"task.stderr"}
{"timestamp":"2026-07-04T11:42:44.035976Z","level":"error","event":"Expected: _c0 but found:","logger":"task.stderr"}
{"timestamp":"2026-07-04T11:42:44.035997Z","level":"error","event":"CSV file: file:///Users/burugula.sasank/airflow/dags/file_stores/api_dump/cric_data/Fielding/Fielding_t20.csv","logger":"task.stderr"}
{"timestamp":"2026-07-04T11:42:44.137608Z","level":"error","event":"26/07/04 17:12:44 WARN CSVHeaderChecker: CSV header does not conform to the schema.","logger":"task.stderr"}
{"timestamp":"2026-07-04T11:42:44.137714Z","level":"error","event":" Header: , Player, Span, Mat, Inns, Dis, Ct, St, Ct Wk, Ct Fi, MD, D/I, Unnamed: 11","logger":"task.stderr"}
{"timestamp":"2026-07-04T11:42:44.137741Z","level":"error","event":" Schema: _c0, Player, Span, Mat, Inns, Dis, Ct, St, Ct Wk, Ct Fi, MD, D/I, Unnamed: 11","logger":"task.stderr"}
{"timestamp":"2026-07-04T11:42:44.137762Z","level":"error","event":"Expected: _c0 but found:","logger":"task.stderr"}
{"timestamp":"2026-07-04T11:42:44.137782Z","level":"error","event":"CSV file: file:///Users/burugula.sasank/airflow/dags/file_stores/api_dump/cric_data/Fielding/Fielding_test.csv","logger":"task.stderr"}
{"timestamp":"2026-07-04T11:42:44.202341Z","level":"error","event":"26/07/04 17:12:44 WARN CSVHeaderChecker: CSV header does not conform to the schema.","logger":"task.stderr"}
{"timestamp":"2026-07-04T11:42:44.202451Z","level":"error","event":" Header: , Player, Span, Mat, Inns, NO, Runs, HS, Ave, BF, SR, 100, 50, 0, Unnamed: 13","logger":"task.stderr"}
{"timestamp":"2026-07-04T11:42:44.202479Z","level":"error","event":" Schema: _c0, Player, Span, Mat, Inns, NO, Runs, HS, Ave, BF, SR, 100, 50, 0, Unnamed: 13","logger":"task.stderr"}
{"timestamp":"2026-07-04T11:42:44.202500Z","level":"error","event":"Expected: _c0 but found:","logger":"task.stderr"}
{"timestamp":"2026-07-04T11:42:44.202520Z","level":"error","event":"CSV file: file:///Users/burugula.sasank/airflow/dags/file_stores/api_dump/cric_data/Batting/ODI%20data.csv","logger":"task.stderr"}
{"timestamp":"2026-07-04T11:42:44.372131Z","level":"info","event":"Sample Data (ODI Batsmen):","logger":"task.stdout"}
{"timestamp":"2026-07-04T11:42:44.372267Z","level":"info","event":"+---+--------------------+---------+---+----+---+-----+----+-----+-----+-----+---+---+---+-----------+","logger":"task.stdout"}
{"timestamp":"2026-07-04T11:42:44.372311Z","level":"info","event":"|_c0|              Player|     Span|Mat|Inns| NO| Runs|  HS|  Ave|   BF|   SR|100| 50|  0|Unnamed: 13|","logger":"task.stdout"}
{"timestamp":"2026-07-04T11:42:44.372344Z","level":"info","event":"+---+--------------------+---------+---+----+---+-----+----+-----+-----+-----+---+---+---+-----------+","logger":"task.stdout"}
{"timestamp":"2026-07-04T11:42:44.372374Z","level":"info","event":"|  0|SR Tendulkar (INDIA)|1989-2012|463| 452| 41|18426|200*|44.83|21367|86.23| 49| 96| 20|       NULL|","logger":"task.stdout"}
{"timestamp":"2026-07-04T11:42:44.372402Z","level":"info","event":"|  1|KC Sangakkara (As...|2000-2015|404| 380| 41|14234| 169|41.98|18048|78.86| 25| 93| 15|       NULL|","logger":"task.stdout"}
{"timestamp":"2026-07-04T11:42:44.372429Z","level":"info","event":"+---+--------------------+---------+---+----+---+-----+----+-----+-----+-----+---+---+---+-----------+","logger":"task.stdout"}
{"timestamp":"2026-07-04T11:42:44.372467Z","level":"info","event":"only showing top 2 rows","logger":"task.stdout"}
{"timestamp":"2026-07-04T11:42:44.392298Z","level":"info","event":"Bronze Ingestion Success","logger":"task.stdout"}
{"timestamp":"2026-07-04T11:42:44.392583Z","level":"info","event":"Done. Returned value was: ","dag_id":"dag_data","run_id":"manual__2026-07-04T11:42:32.373124+00:00","task_id":"ingest_data_to_filesystem","ti_id":"019f2cef-f9c7-77bd-a7ac-80a558792bd0","try_number":1,"map_index":-1,"logger":"airflow.task.operators.airflow.providers.standard.decorators.python._PythonDecoratedOperator","filename":"python.py","lineno":233}
{"timestamp":"2026-07-04T11:42:44.392838Z","level":"info","event":"::group::Post Execute","dag_id":"dag_data","run_id":"manual__2026-07-04T11:42:32.373124+00:00","task_id":"ingest_data_to_filesystem","ti_id":"019f2cef-f9c7-77bd-a7ac-80a558792bd0","try_number":1,"map_index":-1,"logger":"task","filename":"task_runner.py","lineno":1288}
{"timestamp":"2026-07-04T11:42:44.393094Z","level":"info","event":"Pushing xcom","ti":"RuntimeTaskInstance(id=UUID('019f2cef-f9c7-77bd-a7ac-80a558792bd0'), task_id='ingest_data_to_filesystem', dag_id='dag_data', run_id='manual__2026-07-04T11:42:32.373124+00:00', try_number=1, dag_version_id=UUID('019f2c09-88cb-79f1-ada2-a2bc16a5412d'), map_index=-1, hostname='burugulas-macbook-air.local', context_carrier={'traceparent': '00-30b557832b97dcbb36189b5be2ebfba9-473bcac969f1e79a-01'}, task=<Task(_PythonDecoratedOperator): ingest_data_to_filesystem>, bundle_instance=LocalDagBundle(name=dags-folder), max_tries=0, start_date=datetime.datetime(2026, 7, 4, 11, 42, 38, 991238, tzinfo=datetime.timezone.utc), end_date=None, state=<TaskInstanceState.RUNNING: 'running'>, is_mapped=False, rendered_map_index=None, sentry_integration='')","dag_id":"dag_data","run_id":"manual__2026-07-04T11:42:32.373124+00:00","task_id":"ingest_data_to_filesystem","ti_id":"019f2cef-f9c7-77bd-a7ac-80a558792bd0","try_number":1,"map_index":-1,"logger":"task","filename":"task_runner.py","lineno":1791}
{"timestamp":"2026-07-04T11:42:44.402837Z","level":"info","event":"::endgroup::","dag_id":"dag_data","run_id":"manual__2026-07-04T11:42:32.373124+00:00","task_id":"ingest_data_to_filesystem","ti_id":"019f2cef-f9c7-77bd-a7ac-80a558792bd0","try_number":1,"map_index":-1,"logger":"task","filename":"task_runner.py","lineno":1896}
