{"timestamp":"2026-07-04T10:22:53.992580Z","level":"info","event":"2026-07-04T10:22:53.992426Z [info     ] ::group::Pre Execute           [task] loc=task_runner.py:1926","logger":"task.stdout"}
{"timestamp":"2026-07-04T10:22:54.073339Z","level":"info","event":"setup plugin alembic.autogenerate.schemas","logger":"alembic.runtime.plugins","task_id":"transform_data_from_filesystem","run_id":"manual__2026-07-04T10:22:42.290058+00:00","ti_id":"019f2ca6-e27f-708a-aa18-e8fb8dbff3b9","try_number":1,"map_index":-1,"dag_id":"dag_data","filename":"plugins.py","lineno":37}
{"timestamp":"2026-07-04T10:22:54.073411Z","level":"info","event":"setup plugin alembic.autogenerate.tables","logger":"alembic.runtime.plugins","task_id":"transform_data_from_filesystem","run_id":"manual__2026-07-04T10:22:42.290058+00:00","ti_id":"019f2ca6-e27f-708a-aa18-e8fb8dbff3b9","try_number":1,"map_index":-1,"dag_id":"dag_data","filename":"plugins.py","lineno":37}
{"timestamp":"2026-07-04T10:22:54.073444Z","level":"info","event":"setup plugin alembic.autogenerate.types","logger":"alembic.runtime.plugins","task_id":"transform_data_from_filesystem","run_id":"manual__2026-07-04T10:22:42.290058+00:00","ti_id":"019f2ca6-e27f-708a-aa18-e8fb8dbff3b9","try_number":1,"map_index":-1,"dag_id":"dag_data","filename":"plugins.py","lineno":37}
{"timestamp":"2026-07-04T10:22:54.073469Z","level":"info","event":"setup plugin alembic.autogenerate.constraints","logger":"alembic.runtime.plugins","task_id":"transform_data_from_filesystem","run_id":"manual__2026-07-04T10:22:42.290058+00:00","ti_id":"019f2ca6-e27f-708a-aa18-e8fb8dbff3b9","try_number":1,"map_index":-1,"dag_id":"dag_data","filename":"plugins.py","lineno":37}
{"timestamp":"2026-07-04T10:22:54.073489Z","level":"info","event":"setup plugin alembic.autogenerate.defaults","logger":"alembic.runtime.plugins","task_id":"transform_data_from_filesystem","run_id":"manual__2026-07-04T10:22:42.290058+00:00","ti_id":"019f2ca6-e27f-708a-aa18-e8fb8dbff3b9","try_number":1,"map_index":-1,"dag_id":"dag_data","filename":"plugins.py","lineno":37}
{"timestamp":"2026-07-04T10:22:54.073510Z","level":"info","event":"setup plugin alembic.autogenerate.comments","logger":"alembic.runtime.plugins","task_id":"transform_data_from_filesystem","run_id":"manual__2026-07-04T10:22:42.290058+00:00","ti_id":"019f2ca6-e27f-708a-aa18-e8fb8dbff3b9","try_number":1,"map_index":-1,"dag_id":"dag_data","filename":"plugins.py","lineno":37}
{"timestamp":"2026-07-04T10:22:54.115823Z","level":"info","event":"DAG bundles loaded: dags-folder","task_id":"transform_data_from_filesystem","run_id":"manual__2026-07-04T10:22:42.290058+00:00","ti_id":"019f2ca6-e27f-708a-aa18-e8fb8dbff3b9","try_number":1,"map_index":-1,"dag_id":"dag_data","logger":"airflow.dag_processing.bundles.manager.DagBundlesManager","filename":"manager.py","lineno":209}
{"timestamp":"2026-07-04T10:22:54.116032Z","level":"info","event":"Filling up the DagBag from /Users/burugula.sasank/airflow/dags/etl_scheduler.py","task_id":"transform_data_from_filesystem","run_id":"manual__2026-07-04T10:22:42.290058+00:00","ti_id":"019f2ca6-e27f-708a-aa18-e8fb8dbff3b9","try_number":1,"map_index":-1,"dag_id":"dag_data","logger":"airflow.dag_processing.dagbag.BundleDagBag","filename":"dagbag.py","lineno":469}
{"timestamp":"2026-07-04T10:22:54.148181Z","level":"warning","event":"The `airflow.decorators.task` attribute is deprecated. Please use `'airflow.sdk.task'`.","category":"UserWarning","filename":"/Users/burugula.sasank/airflow/dags/etl_scheduler.py","lineno":1,"task_id":"transform_data_from_filesystem","run_id":"manual__2026-07-04T10:22:42.290058+00:00","ti_id":"019f2ca6-e27f-708a-aa18-e8fb8dbff3b9","try_number":1,"map_index":-1,"dag_id":"dag_data","logger":"py.warnings"}
{"timestamp":"2026-07-04T10:22:54.148233Z","level":"warning","event":"The `airflow.decorators.dag` attribute is deprecated. Please use `'airflow.sdk.dag'`.","category":"UserWarning","filename":"/Users/burugula.sasank/airflow/dags/etl_scheduler.py","lineno":1,"task_id":"transform_data_from_filesystem","run_id":"manual__2026-07-04T10:22:42.290058+00:00","ti_id":"019f2ca6-e27f-708a-aa18-e8fb8dbff3b9","try_number":1,"map_index":-1,"dag_id":"dag_data","logger":"py.warnings"}
{"timestamp":"2026-07-04T10:22:54.148257Z","level":"warning","event":"The `airflow.hooks.base.BaseHook` attribute is deprecated. Please use `'airflow.sdk.bases.hook.BaseHook'`.","category":"UserWarning","filename":"/Users/burugula.sasank/airflow/dags/etl_scheduler.py","lineno":2,"task_id":"transform_data_from_filesystem","run_id":"manual__2026-07-04T10:22:42.290058+00:00","ti_id":"019f2ca6-e27f-708a-aa18-e8fb8dbff3b9","try_number":1,"map_index":-1,"dag_id":"dag_data","logger":"py.warnings"}
{"timestamp":"2026-07-04T10:22:54.160725Z","level":"info","event":"::endgroup::","task_id":"transform_data_from_filesystem","run_id":"manual__2026-07-04T10:22:42.290058+00:00","ti_id":"019f2ca6-e27f-708a-aa18-e8fb8dbff3b9","try_number":1,"map_index":-1,"dag_id":"dag_data","logger":"task","filename":"task_runner.py","lineno":1727}
{"timestamp":"2026-07-04T10:22:54.233334Z","level":"error","event":"/Library/Frameworks/Python.framework/Versions/3.14/lib/python3.14/site-packages/pyspark/sql/udf.py:134: UserWarning: Cannot infer the eval type from type hints.","logger":"task.stderr"}
{"timestamp":"2026-07-04T10:22:54.233444Z","level":"error","event":"  warnings.warn(\"Cannot infer the eval type from type hints. \", UserWarning)","logger":"task.stderr"}
{"timestamp":"2026-07-04T10:22:54.362748Z","level":"error","event":"WARNING: Using incubator modules: jdk.incubator.vector","logger":"task.stderr"}
{"timestamp":"2026-07-04T10:22:54.654107Z","level":"error","event":"Using Spark's default log4j profile: org/apache/spark/log4j2-defaults.properties","logger":"task.stderr"}
{"timestamp":"2026-07-04T10:22:54.659247Z","level":"error","event":"26/07/04 15:52:54 WARN Utils: Your hostname, Burugulas-MacBook-Air.local, resolves to a loopback address: 127.0.0.1; using 192.168.0.107 instead (on interface en0)","logger":"task.stderr"}
{"timestamp":"2026-07-04T10:22:54.660278Z","level":"error","event":"26/07/04 15:52:54 WARN Utils: Set SPARK_LOCAL_IP if you need to bind to another address","logger":"task.stderr"}
{"timestamp":"2026-07-04T10:22:54.725278Z","level":"error","event":":: loading settings :: url = jar:file:/Library/Frameworks/Python.framework/Versions/3.14/lib/python3.14/site-packages/pyspark/jars/ivy-2.5.3.jar!/org/apache/ivy/core/settings/ivysettings.xml","logger":"task.stderr"}
{"timestamp":"2026-07-04T10:22:54.755948Z","level":"error","event":"Ivy Default Cache set to: /Users/burugula.sasank/.ivy2.5.2/cache","logger":"task.stderr"}
{"timestamp":"2026-07-04T10:22:54.756057Z","level":"error","event":"The jars for the packages stored in: /Users/burugula.sasank/.ivy2.5.2/jars","logger":"task.stderr"}
{"timestamp":"2026-07-04T10:22:54.757146Z","level":"error","event":"org.postgresql#postgresql added as a dependency","logger":"task.stderr"}
{"timestamp":"2026-07-04T10:22:54.757359Z","level":"error","event":":: resolving dependencies :: org.apache.spark#spark-submit-parent-d4a06b37-423c-404b-bbe8-8371f441f21f;1.0","logger":"task.stderr"}
{"timestamp":"2026-07-04T10:22:54.757404Z","level":"error","event":"\tconfs: [default]","logger":"task.stderr"}
{"timestamp":"2026-07-04T10:22:54.794739Z","level":"error","event":"\tfound org.postgresql#postgresql;42.7.3 in central","logger":"task.stderr"}
{"timestamp":"2026-07-04T10:22:54.802593Z","level":"error","event":"\tfound org.checkerframework#checker-qual;3.42.0 in central","logger":"task.stderr"}
{"timestamp":"2026-07-04T10:22:54.808024Z","level":"error","event":":: resolution report :: resolve 48ms :: artifacts dl 2ms","logger":"task.stderr"}
{"timestamp":"2026-07-04T10:22:54.808133Z","level":"error","event":"\t:: modules in use:","logger":"task.stderr"}
{"timestamp":"2026-07-04T10:22:54.808162Z","level":"error","event":"\torg.checkerframework#checker-qual;3.42.0 from central in [default]","logger":"task.stderr"}
{"timestamp":"2026-07-04T10:22:54.808222Z","level":"error","event":"\torg.postgresql#postgresql;42.7.3 from central in [default]","logger":"task.stderr"}
{"timestamp":"2026-07-04T10:22:54.808246Z","level":"error","event":"\t---------------------------------------------------------------------","logger":"task.stderr"}
{"timestamp":"2026-07-04T10:22:54.808272Z","level":"error","event":"\t|                  |            modules            ||   artifacts   |","logger":"task.stderr"}
{"timestamp":"2026-07-04T10:22:54.808292Z","level":"error","event":"\t|       conf       | number| search|dwnlded|evicted|| number|dwnlded|","logger":"task.stderr"}
{"timestamp":"2026-07-04T10:22:54.808310Z","level":"error","event":"\t---------------------------------------------------------------------","logger":"task.stderr"}
{"timestamp":"2026-07-04T10:22:54.808329Z","level":"error","event":"\t|      default     |   2   |   0   |   0   |   0   ||   2   |   0   |","logger":"task.stderr"}
{"timestamp":"2026-07-04T10:22:54.808347Z","level":"error","event":"\t---------------------------------------------------------------------","logger":"task.stderr"}
{"timestamp":"2026-07-04T10:22:54.809889Z","level":"error","event":":: retrieving :: org.apache.spark#spark-submit-parent-d4a06b37-423c-404b-bbe8-8371f441f21f","logger":"task.stderr"}
{"timestamp":"2026-07-04T10:22:54.809950Z","level":"error","event":"\tconfs: [default]","logger":"task.stderr"}
{"timestamp":"2026-07-04T10:22:54.811672Z","level":"error","event":"\t0 artifacts copied, 2 already retrieved (0kB/2ms)","logger":"task.stderr"}
{"timestamp":"2026-07-04T10:22:54.871824Z","level":"error","event":"26/07/04 15:52:54 WARN NativeCodeLoader: Unable to load native-hadoop library for your platform... using builtin-java classes where applicable","logger":"task.stderr"}
{"timestamp":"2026-07-04T10:22:54.919940Z","level":"error","event":"Using Spark's default log4j profile: org/apache/spark/log4j2-defaults.properties","logger":"task.stderr"}
{"timestamp":"2026-07-04T10:22:54.920092Z","level":"error","event":"Setting default log level to \"WARN\".","logger":"task.stderr"}
{"timestamp":"2026-07-04T10:22:54.920148Z","level":"error","event":"To adjust logging level use sc.setLogLevel(newLevel). For SparkR, use setLogLevel(newLevel).","logger":"task.stderr"}
{"timestamp":"2026-07-04T10:22:58.132768Z","level":"error","event":"Traceback (most recent call last):","logger":"task.stderr"}
{"timestamp":"2026-07-04T10:22:58.133047Z","level":"error","event":"  File \"/Users/burugula.sasank/airflow/dags/spark/notebooks/silver_layer/data_transformations.py\", line 286, in <module>","logger":"task.stderr"}
{"timestamp":"2026-07-04T10:22:58.133089Z","level":"error","event":"    write_to_database(data_silver_batsmen_odi,\"batsmen_odi\")","logger":"task.stderr"}
{"timestamp":"2026-07-04T10:22:58.133116Z","level":"error","event":"    ~~~~~~~~~~~~~~~~~^^^^^^^^^^^^^^^^^^^^^^^^^^^^^^^^^^^^^^^","logger":"task.stderr"}
{"timestamp":"2026-07-04T10:22:58.133148Z","level":"error","event":"  File \"/Users/burugula.sasank/airflow/dags/spark/notebooks/silver_layer/data_transformations.py\", line 179, in write_to_database","logger":"task.stderr"}
{"timestamp":"2026-07-04T10:22:58.133170Z","level":"error","event":"    option(\"driver\",os.getenv(\"DATABASE_DRIVER\")).option(\"dbtable\",dbtable).option(\"user\",os.getenv(\"USER_NAME\")).option(\"cascadeTruncate\", \"true\").option(\"password\",os.getenv(\"PASSWORD\")).save()","logger":"task.stderr"}
{"timestamp":"2026-07-04T10:22:58.133194Z","level":"error","event":"                                                                                                                                                                                             ~~~~^^","logger":"task.stderr"}
{"timestamp":"2026-07-04T10:22:58.133216Z","level":"error","event":"  File \"/Library/Frameworks/Python.framework/Versions/3.14/lib/python3.14/site-packages/pyspark/sql/readwriter.py\", line 1743, in save","logger":"task.stderr"}
{"timestamp":"2026-07-04T10:22:58.133237Z","level":"error","event":"    self._jwrite.save()","logger":"task.stderr"}
{"timestamp":"2026-07-04T10:22:58.133259Z","level":"error","event":"    ~~~~~~~~~~~~~~~~~^^","logger":"task.stderr"}
{"timestamp":"2026-07-04T10:22:58.133277Z","level":"error","event":"  File \"/Library/Frameworks/Python.framework/Versions/3.14/lib/python3.14/site-packages/py4j/java_gateway.py\", line 1362, in __call__","logger":"task.stderr"}
{"timestamp":"2026-07-04T10:22:58.133306Z","level":"error","event":"    return_value = get_return_value(","logger":"task.stderr"}
{"timestamp":"2026-07-04T10:22:58.133328Z","level":"error","event":"        answer, self.gateway_client, self.target_id, self.name)","logger":"task.stderr"}
{"timestamp":"2026-07-04T10:22:58.133385Z","level":"error","event":"  File \"/Library/Frameworks/Python.framework/Versions/3.14/lib/python3.14/site-packages/pyspark/errors/exceptions/captured.py\", line 263, in deco","logger":"task.stderr"}
{"timestamp":"2026-07-04T10:22:58.133409Z","level":"error","event":"    return f(*a, **kw)","logger":"task.stderr"}
{"timestamp":"2026-07-04T10:22:58.133430Z","level":"error","event":"  File \"/Library/Frameworks/Python.framework/Versions/3.14/lib/python3.14/site-packages/py4j/protocol.py\", line 327, in get_return_value","logger":"task.stderr"}
{"timestamp":"2026-07-04T10:22:58.133448Z","level":"error","event":"    raise Py4JJavaError(","logger":"task.stderr"}
{"timestamp":"2026-07-04T10:22:58.133465Z","level":"error","event":"        \"An error occurred while calling {0}{1}{2}.\\n\".","logger":"task.stderr"}
{"timestamp":"2026-07-04T10:22:58.133483Z","level":"error","event":"        format(target_id, \".\", name), value)","logger":"task.stderr"}
{"timestamp":"2026-07-04T10:22:58.133500Z","level":"error","event":"py4j.protocol.Py4JJavaError: An error occurred while calling o1180.save.","logger":"task.stderr"}
{"timestamp":"2026-07-04T10:22:58.133518Z","level":"error","event":": org.postgresql.util.PSQLException: ERROR: cannot drop table batsmen_odi because other objects depend on it","logger":"task.stderr"}
{"timestamp":"2026-07-04T10:22:58.133553Z","level":"error","event":"  Detail: materialized view odi_batsmen_stats_country_wise depends on table batsmen_odi","logger":"task.stderr"}
{"timestamp":"2026-07-04T10:22:58.133572Z","level":"error","event":"  Hint: Use DROP ... CASCADE to drop the dependent objects too.","logger":"task.stderr"}
{"timestamp":"2026-07-04T10:22:58.133590Z","level":"error","event":"\tat org.postgresql.core.v3.QueryExecutorImpl.receiveErrorResponse(QueryExecutorImpl.java:2725)","logger":"task.stderr"}
{"timestamp":"2026-07-04T10:22:58.133611Z","level":"error","event":"\tat org.postgresql.core.v3.QueryExecutorImpl.processResults(QueryExecutorImpl.java:2412)","logger":"task.stderr"}
{"timestamp":"2026-07-04T10:22:58.133629Z","level":"error","event":"\tat org.postgresql.core.v3.QueryExecutorImpl.execute(QueryExecutorImpl.java:371)","logger":"task.stderr"}
{"timestamp":"2026-07-04T10:22:58.133654Z","level":"error","event":"\tat org.postgresql.jdbc.PgStatement.executeInternal(PgStatement.java:502)","logger":"task.stderr"}
{"timestamp":"2026-07-04T10:22:58.133673Z","level":"error","event":"\tat org.postgresql.jdbc.PgStatement.execute(PgStatement.java:419)","logger":"task.stderr"}
{"timestamp":"2026-07-04T10:22:58.133690Z","level":"error","event":"\tat org.postgresql.jdbc.PgStatement.executeWithFlags(PgStatement.java:341)","logger":"task.stderr"}
{"timestamp":"2026-07-04T10:22:58.133707Z","level":"error","event":"\tat org.postgresql.jdbc.PgStatement.executeCachedSql(PgStatement.java:326)","logger":"task.stderr"}
{"timestamp":"2026-07-04T10:22:58.133724Z","level":"error","event":"\tat org.postgresql.jdbc.PgStatement.executeWithFlags(PgStatement.java:302)","logger":"task.stderr"}
{"timestamp":"2026-07-04T10:22:58.133741Z","level":"error","event":"\tat org.postgresql.jdbc.PgStatement.executeUpdate(PgStatement.java:275)","logger":"task.stderr"}
{"timestamp":"2026-07-04T10:22:58.133757Z","level":"error","event":"\tat org.apache.spark.sql.execution.datasources.jdbc.JdbcUtils$.executeStatement(JdbcUtils.scala:1210)","logger":"task.stderr"}
{"timestamp":"2026-07-04T10:22:58.133779Z","level":"error","event":"\tat org.apache.spark.sql.execution.datasources.jdbc.JdbcUtils$.dropTable(JdbcUtils.scala:90)","logger":"task.stderr"}
{"timestamp":"2026-07-04T10:22:58.133804Z","level":"error","event":"\tat org.apache.spark.sql.execution.datasources.jdbc.JdbcRelationProvider.createRelation(JdbcRelationProvider.scala:73)","logger":"task.stderr"}
{"timestamp":"2026-07-04T10:22:58.133822Z","level":"error","event":"\tat org.apache.spark.sql.execution.datasources.SaveIntoDataSourceCommand.run(SaveIntoDataSourceCommand.scala:55)","logger":"task.stderr"}
{"timestamp":"2026-07-04T10:22:58.133839Z","level":"error","event":"\tat org.apache.spark.sql.execution.command.ExecutedCommandExec.sideEffectResult$lzycompute(commands.scala:79)","logger":"task.stderr"}
{"timestamp":"2026-07-04T10:22:58.133856Z","level":"error","event":"\tat org.apache.spark.sql.execution.command.ExecutedCommandExec.sideEffectResult(commands.scala:77)","logger":"task.stderr"}
{"timestamp":"2026-07-04T10:22:58.133873Z","level":"error","event":"\tat org.apache.spark.sql.execution.command.ExecutedCommandExec.executeCollect(commands.scala:88)","logger":"task.stderr"}
{"timestamp":"2026-07-04T10:22:58.133890Z","level":"error","event":"\tat org.apache.spark.sql.execution.QueryExecution.$anonfun$eagerlyExecuteCommands$2(QueryExecution.scala:185)","logger":"task.stderr"}
{"timestamp":"2026-07-04T10:22:58.133907Z","level":"error","event":"\tat org.apache.spark.sql.execution.SQLExecution$.$anonfun$withNewExecutionId0$8(SQLExecution.scala:177)","logger":"task.stderr"}
{"timestamp":"2026-07-04T10:22:58.133923Z","level":"error","event":"\tat org.apache.spark.sql.execution.SQLExecution$.withSessionTagsApplied(SQLExecution.scala:285)","logger":"task.stderr"}
{"timestamp":"2026-07-04T10:22:58.133940Z","level":"error","event":"\tat org.apache.spark.sql.execution.SQLExecution$.$anonfun$withNewExecutionId0$7(SQLExecution.scala:139)","logger":"task.stderr"}
{"timestamp":"2026-07-04T10:22:58.133957Z","level":"error","event":"\tat org.apache.spark.JobArtifactSet$.withActiveJobArtifactState(JobArtifactSet.scala:94)","logger":"task.stderr"}
{"timestamp":"2026-07-04T10:22:58.133973Z","level":"error","event":"\tat org.apache.spark.sql.artifact.ArtifactManager.$anonfun$withResources$1(ArtifactManager.scala:112)","logger":"task.stderr"}
{"timestamp":"2026-07-04T10:22:58.133989Z","level":"error","event":"\tat org.apache.spark.sql.artifact.ArtifactManager.withClassLoaderIfNeeded(ArtifactManager.scala:106)","logger":"task.stderr"}
{"timestamp":"2026-07-04T10:22:58.134005Z","level":"error","event":"\tat org.apache.spark.sql.artifact.ArtifactManager.withResources(ArtifactManager.scala:111)","logger":"task.stderr"}
{"timestamp":"2026-07-04T10:22:58.134022Z","level":"error","event":"\tat org.apache.spark.sql.execution.SQLExecution$.$anonfun$withNewExecutionId0$6(SQLExecution.scala:139)","logger":"task.stderr"}
{"timestamp":"2026-07-04T10:22:58.134038Z","level":"error","event":"\tat org.apache.spark.sql.execution.SQLExecution$.withSQLConfPropagated(SQLExecution.scala:308)","logger":"task.stderr"}
{"timestamp":"2026-07-04T10:22:58.134054Z","level":"error","event":"\tat org.apache.spark.sql.execution.SQLExecution$.$anonfun$withNewExecutionId0$1(SQLExecution.scala:138)","logger":"task.stderr"}
{"timestamp":"2026-07-04T10:22:58.134071Z","level":"error","event":"\tat org.apache.spark.sql.SparkSession.withActive(SparkSession.scala:804)","logger":"task.stderr"}
{"timestamp":"2026-07-04T10:22:58.134088Z","level":"error","event":"\tat org.apache.spark.sql.execution.SQLExecution$.withNewExecutionId0(SQLExecution.scala:92)","logger":"task.stderr"}
{"timestamp":"2026-07-04T10:22:58.134105Z","level":"error","event":"\tat org.apache.spark.sql.execution.SQLExecution$.withNewExecutionId(SQLExecution.scala:250)","logger":"task.stderr"}
{"timestamp":"2026-07-04T10:22:58.134121Z","level":"error","event":"\tat org.apache.spark.sql.execution.QueryExecution.$anonfun$eagerlyExecuteCommands$1(QueryExecution.scala:185)","logger":"task.stderr"}
{"timestamp":"2026-07-04T10:22:58.134138Z","level":"error","event":"\tat org.apache.spark.sql.execution.QueryExecution$.withInternalError(QueryExecution.scala:717)","logger":"task.stderr"}
{"timestamp":"2026-07-04T10:22:58.134157Z","level":"error","event":"\tat org.apache.spark.sql.execution.QueryExecution.org$apache$spark$sql$execution$QueryExecution$$eagerlyExecute$1(QueryExecution.scala:184)","logger":"task.stderr"}
{"timestamp":"2026-07-04T10:22:58.134173Z","level":"error","event":"\tat org.apache.spark.sql.execution.QueryExecution$$anonfun$eagerlyExecuteCommands$3.applyOrElse(QueryExecution.scala:201)","logger":"task.stderr"}
{"timestamp":"2026-07-04T10:22:58.134218Z","level":"error","event":"\tat org.apache.spark.sql.execution.QueryExecution$$anonfun$eagerlyExecuteCommands$3.applyOrElse(QueryExecution.scala:194)","logger":"task.stderr"}
{"timestamp":"2026-07-04T10:22:58.134237Z","level":"error","event":"\tat org.apache.spark.sql.catalyst.trees.TreeNode.$anonfun$transformDownWithPruning$1(TreeNode.scala:491)","logger":"task.stderr"}
{"timestamp":"2026-07-04T10:22:58.134255Z","level":"error","event":"\tat org.apache.spark.sql.catalyst.trees.CurrentOrigin$.withOrigin(origin.scala:107)","logger":"task.stderr"}
{"timestamp":"2026-07-04T10:22:58.134271Z","level":"error","event":"\tat org.apache.spark.sql.catalyst.trees.TreeNode.transformDownWithPruning(TreeNode.scala:491)","logger":"task.stderr"}
{"timestamp":"2026-07-04T10:22:58.134288Z","level":"error","event":"\tat org.apache.spark.sql.catalyst.plans.logical.LogicalPlan.org$apache$spark$sql$catalyst$plans$logical$AnalysisHelper$$super$transformDownWithPruning(LogicalPlan.scala:37)","logger":"task.stderr"}
{"timestamp":"2026-07-04T10:22:58.134305Z","level":"error","event":"\tat org.apache.spark.sql.catalyst.plans.logical.AnalysisHelper.transformDownWithPruning(AnalysisHelper.scala:360)","logger":"task.stderr"}
{"timestamp":"2026-07-04T10:22:58.134322Z","level":"error","event":"\tat org.apache.spark.sql.catalyst.plans.logical.AnalysisHelper.transformDownWithPruning$(AnalysisHelper.scala:356)","logger":"task.stderr"}
{"timestamp":"2026-07-04T10:22:58.134339Z","level":"error","event":"\tat org.apache.spark.sql.catalyst.plans.logical.LogicalPlan.transformDownWithPruning(LogicalPlan.scala:37)","logger":"task.stderr"}
{"timestamp":"2026-07-04T10:22:58.134355Z","level":"error","event":"\tat org.apache.spark.sql.catalyst.plans.logical.LogicalPlan.transformDownWithPruning(LogicalPlan.scala:37)","logger":"task.stderr"}
{"timestamp":"2026-07-04T10:22:58.134372Z","level":"error","event":"\tat org.apache.spark.sql.catalyst.trees.TreeNode.transformDown(TreeNode.scala:467)","logger":"task.stderr"}
{"timestamp":"2026-07-04T10:22:58.134389Z","level":"error","event":"\tat org.apache.spark.sql.execution.QueryExecution.eagerlyExecuteCommands(QueryExecution.scala:194)","logger":"task.stderr"}
{"timestamp":"2026-07-04T10:22:58.134405Z","level":"error","event":"\tat org.apache.spark.sql.execution.QueryExecution.$anonfun$lazyCommandExecuted$1(QueryExecution.scala:155)","logger":"task.stderr"}
{"timestamp":"2026-07-04T10:22:58.134421Z","level":"error","event":"\tat scala.util.Try$.apply(Try.scala:217)","logger":"task.stderr"}
{"timestamp":"2026-07-04T10:22:58.134437Z","level":"error","event":"\tat org.apache.spark.util.Utils$.doTryWithCallerStacktrace(Utils.scala:1392)","logger":"task.stderr"}
{"timestamp":"2026-07-04T10:22:58.134453Z","level":"error","event":"\tat org.apache.spark.util.Utils$.getTryWithCallerStacktrace(Utils.scala:1453)","logger":"task.stderr"}
{"timestamp":"2026-07-04T10:22:58.134469Z","level":"error","event":"\tat org.apache.spark.util.LazyTry.get(LazyTry.scala:58)","logger":"task.stderr"}
{"timestamp":"2026-07-04T10:22:58.134486Z","level":"error","event":"\tat org.apache.spark.sql.execution.QueryExecution.commandExecuted(QueryExecution.scala:160)","logger":"task.stderr"}
{"timestamp":"2026-07-04T10:22:58.134502Z","level":"error","event":"\tat org.apache.spark.sql.execution.QueryExecution.assertCommandExecuted(QueryExecution.scala:239)","logger":"task.stderr"}
{"timestamp":"2026-07-04T10:22:58.134519Z","level":"error","event":"\tat org.apache.spark.sql.classic.DataFrameWriter.runCommand(DataFrameWriter.scala:592)","logger":"task.stderr"}
{"timestamp":"2026-07-04T10:22:58.134536Z","level":"error","event":"\tat org.apache.spark.sql.classic.DataFrameWriter.save(DataFrameWriter.scala:126)","logger":"task.stderr"}
{"timestamp":"2026-07-04T10:22:58.134555Z","level":"error","event":"\tat java.base/jdk.internal.reflect.NativeMethodAccessorImpl.invoke0(Native Method)","logger":"task.stderr"}
{"timestamp":"2026-07-04T10:22:58.134571Z","level":"error","event":"\tat java.base/jdk.internal.reflect.NativeMethodAccessorImpl.invoke(NativeMethodAccessorImpl.java:76)","logger":"task.stderr"}
{"timestamp":"2026-07-04T10:22:58.134588Z","level":"error","event":"\tat java.base/jdk.internal.reflect.DelegatingMethodAccessorImpl.invoke(DelegatingMethodAccessorImpl.java:52)","logger":"task.stderr"}
{"timestamp":"2026-07-04T10:22:58.134605Z","level":"error","event":"\tat java.base/java.lang.reflect.Method.invoke(Method.java:578)","logger":"task.stderr"}
{"timestamp":"2026-07-04T10:22:58.134622Z","level":"error","event":"\tat py4j.reflection.MethodInvoker.invoke(MethodInvoker.java:244)","logger":"task.stderr"}
{"timestamp":"2026-07-04T10:22:58.134638Z","level":"error","event":"\tat py4j.reflection.ReflectionEngine.invoke(ReflectionEngine.java:374)","logger":"task.stderr"}
{"timestamp":"2026-07-04T10:22:58.134654Z","level":"error","event":"\tat py4j.Gateway.invoke(Gateway.java:282)","logger":"task.stderr"}
{"timestamp":"2026-07-04T10:22:58.134670Z","level":"error","event":"\tat py4j.commands.AbstractCommand.invokeMethod(AbstractCommand.java:132)","logger":"task.stderr"}
{"timestamp":"2026-07-04T10:22:58.134687Z","level":"error","event":"\tat py4j.commands.CallCommand.execute(CallCommand.java:79)","logger":"task.stderr"}
{"timestamp":"2026-07-04T10:22:58.134707Z","level":"error","event":"\tat py4j.ClientServerConnection.waitForCommands(ClientServerConnection.java:184)","logger":"task.stderr"}
{"timestamp":"2026-07-04T10:22:58.134723Z","level":"error","event":"\tat py4j.ClientServerConnection.run(ClientServerConnection.java:108)","logger":"task.stderr"}
{"timestamp":"2026-07-04T10:22:58.134739Z","level":"error","event":"\tat java.base/java.lang.Thread.run(Thread.java:1589)","logger":"task.stderr"}
{"timestamp":"2026-07-04T10:22:58.134755Z","level":"error","event":"\tSuppressed: org.apache.spark.util.Utils$OriginalTryStackTraceException: Full stacktrace of original doTryWithCallerStacktrace caller","logger":"task.stderr"}
{"timestamp":"2026-07-04T10:22:58.134772Z","level":"error","event":"\t\tat org.postgresql.core.v3.QueryExecutorImpl.receiveErrorResponse(QueryExecutorImpl.java:2725)","logger":"task.stderr"}
{"timestamp":"2026-07-04T10:22:58.134788Z","level":"error","event":"\t\tat org.postgresql.core.v3.QueryExecutorImpl.processResults(QueryExecutorImpl.java:2412)","logger":"task.stderr"}
{"timestamp":"2026-07-04T10:22:58.134804Z","level":"error","event":"\t\tat org.postgresql.core.v3.QueryExecutorImpl.execute(QueryExecutorImpl.java:371)","logger":"task.stderr"}
{"timestamp":"2026-07-04T10:22:58.134821Z","level":"error","event":"\t\tat org.postgresql.jdbc.PgStatement.executeInternal(PgStatement.java:502)","logger":"task.stderr"}
{"timestamp":"2026-07-04T10:22:58.134837Z","level":"error","event":"\t\tat org.postgresql.jdbc.PgStatement.execute(PgStatement.java:419)","logger":"task.stderr"}
{"timestamp":"2026-07-04T10:22:58.134853Z","level":"error","event":"\t\tat org.postgresql.jdbc.PgStatement.executeWithFlags(PgStatement.java:341)","logger":"task.stderr"}
{"timestamp":"2026-07-04T10:22:58.134869Z","level":"error","event":"\t\tat org.postgresql.jdbc.PgStatement.executeCachedSql(PgStatement.java:326)","logger":"task.stderr"}
{"timestamp":"2026-07-04T10:22:58.134885Z","level":"error","event":"\t\tat org.postgresql.jdbc.PgStatement.executeWithFlags(PgStatement.java:302)","logger":"task.stderr"}
{"timestamp":"2026-07-04T10:22:58.134901Z","level":"error","event":"\t\tat org.postgresql.jdbc.PgStatement.executeUpdate(PgStatement.java:275)","logger":"task.stderr"}
{"timestamp":"2026-07-04T10:22:58.134917Z","level":"error","event":"\t\tat org.apache.spark.sql.execution.datasources.jdbc.JdbcUtils$.executeStatement(JdbcUtils.scala:1210)","logger":"task.stderr"}
{"timestamp":"2026-07-04T10:22:58.134935Z","level":"error","event":"\t\tat org.apache.spark.sql.execution.datasources.jdbc.JdbcUtils$.dropTable(JdbcUtils.scala:90)","logger":"task.stderr"}
{"timestamp":"2026-07-04T10:22:58.134951Z","level":"error","event":"\t\tat org.apache.spark.sql.execution.datasources.jdbc.JdbcRelationProvider.createRelation(JdbcRelationProvider.scala:73)","logger":"task.stderr"}
{"timestamp":"2026-07-04T10:22:58.134967Z","level":"error","event":"\t\tat org.apache.spark.sql.execution.datasources.SaveIntoDataSourceCommand.run(SaveIntoDataSourceCommand.scala:55)","logger":"task.stderr"}
{"timestamp":"2026-07-04T10:22:58.135008Z","level":"error","event":"\t\tat org.apache.spark.sql.execution.command.ExecutedCommandExec.sideEffectResult$lzycompute(commands.scala:79)","logger":"task.stderr"}
{"timestamp":"2026-07-04T10:22:58.135026Z","level":"error","event":"\t\tat org.apache.spark.sql.execution.command.ExecutedCommandExec.sideEffectResult(commands.scala:77)","logger":"task.stderr"}
{"timestamp":"2026-07-04T10:22:58.135044Z","level":"error","event":"\t\tat org.apache.spark.sql.execution.command.ExecutedCommandExec.executeCollect(commands.scala:88)","logger":"task.stderr"}
{"timestamp":"2026-07-04T10:22:58.135061Z","level":"error","event":"\t\tat org.apache.spark.sql.execution.QueryExecution.$anonfun$eagerlyExecuteCommands$2(QueryExecution.scala:185)","logger":"task.stderr"}
{"timestamp":"2026-07-04T10:22:58.135078Z","level":"error","event":"\t\tat org.apache.spark.sql.execution.SQLExecution$.$anonfun$withNewExecutionId0$8(SQLExecution.scala:177)","logger":"task.stderr"}
{"timestamp":"2026-07-04T10:22:58.135094Z","level":"error","event":"\t\tat org.apache.spark.sql.execution.SQLExecution$.withSessionTagsApplied(SQLExecution.scala:285)","logger":"task.stderr"}
{"timestamp":"2026-07-04T10:22:58.135110Z","level":"error","event":"\t\tat org.apache.spark.sql.execution.SQLExecution$.$anonfun$withNewExecutionId0$7(SQLExecution.scala:139)","logger":"task.stderr"}
{"timestamp":"2026-07-04T10:22:58.135126Z","level":"error","event":"\t\tat org.apache.spark.JobArtifactSet$.withActiveJobArtifactState(JobArtifactSet.scala:94)","logger":"task.stderr"}
{"timestamp":"2026-07-04T10:22:58.135145Z","level":"error","event":"\t\tat org.apache.spark.sql.artifact.ArtifactManager.$anonfun$withResources$1(ArtifactManager.scala:112)","logger":"task.stderr"}
{"timestamp":"2026-07-04T10:22:58.135161Z","level":"error","event":"\t\tat org.apache.spark.sql.artifact.ArtifactManager.withClassLoaderIfNeeded(ArtifactManager.scala:106)","logger":"task.stderr"}
{"timestamp":"2026-07-04T10:22:58.135177Z","level":"error","event":"\t\tat org.apache.spark.sql.artifact.ArtifactManager.withResources(ArtifactManager.scala:111)","logger":"task.stderr"}
{"timestamp":"2026-07-04T10:22:58.135193Z","level":"error","event":"\t\tat org.apache.spark.sql.execution.SQLExecution$.$anonfun$withNewExecutionId0$6(SQLExecution.scala:139)","logger":"task.stderr"}
{"timestamp":"2026-07-04T10:22:58.135209Z","level":"error","event":"\t\tat org.apache.spark.sql.execution.SQLExecution$.withSQLConfPropagated(SQLExecution.scala:308)","logger":"task.stderr"}
{"timestamp":"2026-07-04T10:22:58.135226Z","level":"error","event":"\t\tat org.apache.spark.sql.execution.SQLExecution$.$anonfun$withNewExecutionId0$1(SQLExecution.scala:138)","logger":"task.stderr"}
{"timestamp":"2026-07-04T10:22:58.135241Z","level":"error","event":"\t\tat org.apache.spark.sql.SparkSession.withActive(SparkSession.scala:804)","logger":"task.stderr"}
{"timestamp":"2026-07-04T10:22:58.135258Z","level":"error","event":"\t\tat org.apache.spark.sql.execution.SQLExecution$.withNewExecutionId0(SQLExecution.scala:92)","logger":"task.stderr"}
{"timestamp":"2026-07-04T10:22:58.135275Z","level":"error","event":"\t\tat org.apache.spark.sql.execution.SQLExecution$.withNewExecutionId(SQLExecution.scala:250)","logger":"task.stderr"}
{"timestamp":"2026-07-04T10:22:58.135291Z","level":"error","event":"\t\tat org.apache.spark.sql.execution.QueryExecution.$anonfun$eagerlyExecuteCommands$1(QueryExecution.scala:185)","logger":"task.stderr"}
{"timestamp":"2026-07-04T10:22:58.135311Z","level":"error","event":"\t\tat org.apache.spark.sql.execution.QueryExecution$.withInternalError(QueryExecution.scala:717)","logger":"task.stderr"}
{"timestamp":"2026-07-04T10:22:58.135328Z","level":"error","event":"\t\tat org.apache.spark.sql.execution.QueryExecution.org$apache$spark$sql$execution$QueryExecution$$eagerlyExecute$1(QueryExecution.scala:184)","logger":"task.stderr"}
{"timestamp":"2026-07-04T10:22:58.135345Z","level":"error","event":"\t\tat org.apache.spark.sql.execution.QueryExecution$$anonfun$eagerlyExecuteCommands$3.applyOrElse(QueryExecution.scala:201)","logger":"task.stderr"}
{"timestamp":"2026-07-04T10:22:58.135362Z","level":"error","event":"\t\tat org.apache.spark.sql.execution.QueryExecution$$anonfun$eagerlyExecuteCommands$3.applyOrElse(QueryExecution.scala:194)","logger":"task.stderr"}
{"timestamp":"2026-07-04T10:22:58.135383Z","level":"error","event":"\t\tat org.apache.spark.sql.catalyst.trees.TreeNode.$anonfun$transformDownWithPruning$1(TreeNode.scala:491)","logger":"task.stderr"}
{"timestamp":"2026-07-04T10:22:58.135400Z","level":"error","event":"\t\tat org.apache.spark.sql.catalyst.trees.CurrentOrigin$.withOrigin(origin.scala:107)","logger":"task.stderr"}
{"timestamp":"2026-07-04T10:22:58.135416Z","level":"error","event":"\t\tat org.apache.spark.sql.catalyst.trees.TreeNode.transformDownWithPruning(TreeNode.scala:491)","logger":"task.stderr"}
{"timestamp":"2026-07-04T10:22:58.135433Z","level":"error","event":"\t\tat org.apache.spark.sql.catalyst.plans.logical.LogicalPlan.org$apache$spark$sql$catalyst$plans$logical$AnalysisHelper$$super$transformDownWithPruning(LogicalPlan.scala:37)","logger":"task.stderr"}
{"timestamp":"2026-07-04T10:22:58.135450Z","level":"error","event":"\t\tat org.apache.spark.sql.catalyst.plans.logical.AnalysisHelper.transformDownWithPruning(AnalysisHelper.scala:360)","logger":"task.stderr"}
{"timestamp":"2026-07-04T10:22:58.135466Z","level":"error","event":"\t\tat org.apache.spark.sql.catalyst.plans.logical.AnalysisHelper.transformDownWithPruning$(AnalysisHelper.scala:356)","logger":"task.stderr"}
{"timestamp":"2026-07-04T10:22:58.135482Z","level":"error","event":"\t\tat org.apache.spark.sql.catalyst.plans.logical.LogicalPlan.transformDownWithPruning(LogicalPlan.scala:37)","logger":"task.stderr"}
{"timestamp":"2026-07-04T10:22:58.135499Z","level":"error","event":"\t\tat org.apache.spark.sql.catalyst.plans.logical.LogicalPlan.transformDownWithPruning(LogicalPlan.scala:37)","logger":"task.stderr"}
{"timestamp":"2026-07-04T10:22:58.135515Z","level":"error","event":"\t\tat org.apache.spark.sql.catalyst.trees.TreeNode.transformDown(TreeNode.scala:467)","logger":"task.stderr"}
{"timestamp":"2026-07-04T10:22:58.135531Z","level":"error","event":"\t\tat org.apache.spark.sql.execution.QueryExecution.eagerlyExecuteCommands(QueryExecution.scala:194)","logger":"task.stderr"}
{"timestamp":"2026-07-04T10:22:58.135547Z","level":"error","event":"\t\tat org.apache.spark.sql.execution.QueryExecution.$anonfun$lazyCommandExecuted$1(QueryExecution.scala:155)","logger":"task.stderr"}
{"timestamp":"2026-07-04T10:22:58.135563Z","level":"error","event":"\t\tat scala.util.Try$.apply(Try.scala:217)","logger":"task.stderr"}
{"timestamp":"2026-07-04T10:22:58.135579Z","level":"error","event":"\t\tat org.apache.spark.util.Utils$.doTryWithCallerStacktrace(Utils.scala:1392)","logger":"task.stderr"}
{"timestamp":"2026-07-04T10:22:58.135595Z","level":"error","event":"\t\tat org.apache.spark.util.LazyTry.tryT$lzycompute(LazyTry.scala:46)","logger":"task.stderr"}
{"timestamp":"2026-07-04T10:22:58.135611Z","level":"error","event":"\t\tat org.apache.spark.util.LazyTry.tryT(LazyTry.scala:46)","logger":"task.stderr"}
{"timestamp":"2026-07-04T10:22:58.135627Z","level":"error","event":"\t\t... 17 more","logger":"task.stderr"}
{"timestamp":"2026-07-04T10:22:58.135644Z","level":"error","event":"","logger":"task.stderr"}
{"timestamp":"2026-07-04T10:22:58.160807Z","level":"error","event":"Task failed with exception","task_id":"transform_data_from_filesystem","run_id":"manual__2026-07-04T10:22:42.290058+00:00","ti_id":"019f2ca6-e27f-708a-aa18-e8fb8dbff3b9","try_number":1,"map_index":-1,"dag_id":"dag_data","logger":"task","filename":"task_runner.py","lineno":1381,"error_detail":[{"exc_type":"CalledProcessError","exc_value":"Command '['python3', '/Users/burugula.sasank/airflow/dags/spark/notebooks/silver_layer/data_transformations.py']' returned non-zero exit status 1.","exc_notes":[],"syntax_error":null,"is_cause":false,"frames":[{"filename":"/Library/Frameworks/Python.framework/Versions/3.14/lib/python3.14/site-packages/airflow/sdk/execution_time/task_runner.py","lineno":1287,"name":"run"},{"filename":"/Library/Frameworks/Python.framework/Versions/3.14/lib/python3.14/site-packages/airflow/sdk/execution_time/task_runner.py","lineno":1745,"name":"_execute_task"},{"filename":"/Library/Frameworks/Python.framework/Versions/3.14/lib/python3.14/site-packages/airflow/sdk/bases/operator.py","lineno":443,"name":"wrapper"},{"filename":"/Library/Frameworks/Python.framework/Versions/3.14/lib/python3.14/site-packages/airflow/sdk/bases/decorator.py","lineno":398,"name":"execute"},{"filename":"/Library/Frameworks/Python.framework/Versions/3.14/lib/python3.14/site-packages/airflow/sdk/bases/operator.py","lineno":443,"name":"wrapper"},{"filename":"/Library/Frameworks/Python.framework/Versions/3.14/lib/python3.14/site-packages/airflow/providers/standard/operators/python.py","lineno":231,"name":"execute"},{"filename":"/Library/Frameworks/Python.framework/Versions/3.14/lib/python3.14/site-packages/airflow/providers/standard/operators/python.py","lineno":254,"name":"execute_callable"},{"filename":"/Library/Frameworks/Python.framework/Versions/3.14/lib/python3.14/site-packages/airflow/sdk/execution_time/callback_runner.py","lineno":97,"name":"run"},{"filename":"/Users/burugula.sasank/airflow/dags/etl_scheduler.py","lineno":57,"name":"transform_data_from_filesystem"},{"filename":"/Library/Frameworks/Python.framework/Versions/3.14/lib/python3.14/subprocess.py","lineno":578,"name":"run"}],"is_group":false,"exceptions":[]}]}
{"timestamp":"2026-07-04T10:22:58.162094Z","level":"info","event":"::group::Post Execute","task_id":"transform_data_from_filesystem","run_id":"manual__2026-07-04T10:22:42.290058+00:00","ti_id":"019f2ca6-e27f-708a-aa18-e8fb8dbff3b9","try_number":1,"map_index":-1,"dag_id":"dag_data","logger":"task","filename":"task_runner.py","lineno":1382}
{"timestamp":"2026-07-04T10:22:58.164684Z","level":"info","event":"::endgroup::","task_id":"transform_data_from_filesystem","run_id":"manual__2026-07-04T10:22:42.290058+00:00","ti_id":"019f2ca6-e27f-708a-aa18-e8fb8dbff3b9","try_number":1,"map_index":-1,"dag_id":"dag_data","logger":"task","filename":"task_runner.py","lineno":1896}
