{"timestamp":"2026-07-04T09:39:46.210309Z","level":"info","event":"2026-07-04T09:39:46.210115Z [info     ] ::group::Pre Execute           [task] loc=task_runner.py:1926","logger":"task.stdout"}
{"timestamp":"2026-07-04T09:39:46.290229Z","level":"info","event":"setup plugin alembic.autogenerate.schemas","logger":"alembic.runtime.plugins","ti_id":"019f2c7f-6005-73e9-9643-d182dab7dd18","dag_id":"dag_data","run_id":"manual__2026-07-04T09:39:32.980138+00:00","try_number":1,"map_index":-1,"task_id":"transform_data_from_filesystem","filename":"plugins.py","lineno":37}
{"timestamp":"2026-07-04T09:39:46.290306Z","level":"info","event":"setup plugin alembic.autogenerate.tables","logger":"alembic.runtime.plugins","ti_id":"019f2c7f-6005-73e9-9643-d182dab7dd18","dag_id":"dag_data","run_id":"manual__2026-07-04T09:39:32.980138+00:00","try_number":1,"map_index":-1,"task_id":"transform_data_from_filesystem","filename":"plugins.py","lineno":37}
{"timestamp":"2026-07-04T09:39:46.290338Z","level":"info","event":"setup plugin alembic.autogenerate.types","logger":"alembic.runtime.plugins","ti_id":"019f2c7f-6005-73e9-9643-d182dab7dd18","dag_id":"dag_data","run_id":"manual__2026-07-04T09:39:32.980138+00:00","try_number":1,"map_index":-1,"task_id":"transform_data_from_filesystem","filename":"plugins.py","lineno":37}
{"timestamp":"2026-07-04T09:39:46.290362Z","level":"info","event":"setup plugin alembic.autogenerate.constraints","logger":"alembic.runtime.plugins","ti_id":"019f2c7f-6005-73e9-9643-d182dab7dd18","dag_id":"dag_data","run_id":"manual__2026-07-04T09:39:32.980138+00:00","try_number":1,"map_index":-1,"task_id":"transform_data_from_filesystem","filename":"plugins.py","lineno":37}
{"timestamp":"2026-07-04T09:39:46.290383Z","level":"info","event":"setup plugin alembic.autogenerate.defaults","logger":"alembic.runtime.plugins","ti_id":"019f2c7f-6005-73e9-9643-d182dab7dd18","dag_id":"dag_data","run_id":"manual__2026-07-04T09:39:32.980138+00:00","try_number":1,"map_index":-1,"task_id":"transform_data_from_filesystem","filename":"plugins.py","lineno":37}
{"timestamp":"2026-07-04T09:39:46.290404Z","level":"info","event":"setup plugin alembic.autogenerate.comments","logger":"alembic.runtime.plugins","ti_id":"019f2c7f-6005-73e9-9643-d182dab7dd18","dag_id":"dag_data","run_id":"manual__2026-07-04T09:39:32.980138+00:00","try_number":1,"map_index":-1,"task_id":"transform_data_from_filesystem","filename":"plugins.py","lineno":37}
{"timestamp":"2026-07-04T09:39:46.332269Z","level":"info","event":"DAG bundles loaded: dags-folder","ti_id":"019f2c7f-6005-73e9-9643-d182dab7dd18","dag_id":"dag_data","run_id":"manual__2026-07-04T09:39:32.980138+00:00","try_number":1,"map_index":-1,"task_id":"transform_data_from_filesystem","logger":"airflow.dag_processing.bundles.manager.DagBundlesManager","filename":"manager.py","lineno":209}
{"timestamp":"2026-07-04T09:39:46.332500Z","level":"info","event":"Filling up the DagBag from /Users/burugula.sasank/airflow/dags/etl_scheduler.py","ti_id":"019f2c7f-6005-73e9-9643-d182dab7dd18","dag_id":"dag_data","run_id":"manual__2026-07-04T09:39:32.980138+00:00","try_number":1,"map_index":-1,"task_id":"transform_data_from_filesystem","logger":"airflow.dag_processing.dagbag.BundleDagBag","filename":"dagbag.py","lineno":469}
{"timestamp":"2026-07-04T09:39:46.364418Z","level":"warning","event":"The `airflow.decorators.task` attribute is deprecated. Please use `'airflow.sdk.task'`.","category":"UserWarning","filename":"/Users/burugula.sasank/airflow/dags/etl_scheduler.py","lineno":1,"ti_id":"019f2c7f-6005-73e9-9643-d182dab7dd18","dag_id":"dag_data","run_id":"manual__2026-07-04T09:39:32.980138+00:00","try_number":1,"map_index":-1,"task_id":"transform_data_from_filesystem","logger":"py.warnings"}
{"timestamp":"2026-07-04T09:39:46.364465Z","level":"warning","event":"The `airflow.decorators.dag` attribute is deprecated. Please use `'airflow.sdk.dag'`.","category":"UserWarning","filename":"/Users/burugula.sasank/airflow/dags/etl_scheduler.py","lineno":1,"ti_id":"019f2c7f-6005-73e9-9643-d182dab7dd18","dag_id":"dag_data","run_id":"manual__2026-07-04T09:39:32.980138+00:00","try_number":1,"map_index":-1,"task_id":"transform_data_from_filesystem","logger":"py.warnings"}
{"timestamp":"2026-07-04T09:39:46.364489Z","level":"warning","event":"The `airflow.hooks.base.BaseHook` attribute is deprecated. Please use `'airflow.sdk.bases.hook.BaseHook'`.","category":"UserWarning","filename":"/Users/burugula.sasank/airflow/dags/etl_scheduler.py","lineno":2,"ti_id":"019f2c7f-6005-73e9-9643-d182dab7dd18","dag_id":"dag_data","run_id":"manual__2026-07-04T09:39:32.980138+00:00","try_number":1,"map_index":-1,"task_id":"transform_data_from_filesystem","logger":"py.warnings"}
{"timestamp":"2026-07-04T09:39:46.376530Z","level":"info","event":"::endgroup::","ti_id":"019f2c7f-6005-73e9-9643-d182dab7dd18","dag_id":"dag_data","run_id":"manual__2026-07-04T09:39:32.980138+00:00","try_number":1,"map_index":-1,"task_id":"transform_data_from_filesystem","logger":"task","filename":"task_runner.py","lineno":1727}
{"timestamp":"2026-07-04T09:39:46.442496Z","level":"error","event":"/Library/Frameworks/Python.framework/Versions/3.14/lib/python3.14/site-packages/pyspark/sql/udf.py:134: UserWarning: Cannot infer the eval type from type hints.","logger":"task.stderr"}
{"timestamp":"2026-07-04T09:39:46.442589Z","level":"error","event":"  warnings.warn(\"Cannot infer the eval type from type hints. \", UserWarning)","logger":"task.stderr"}
{"timestamp":"2026-07-04T09:39:46.548928Z","level":"error","event":"WARNING: Using incubator modules: jdk.incubator.vector","logger":"task.stderr"}
{"timestamp":"2026-07-04T09:39:46.825465Z","level":"error","event":"Using Spark's default log4j profile: org/apache/spark/log4j2-defaults.properties","logger":"task.stderr"}
{"timestamp":"2026-07-04T09:39:46.830681Z","level":"error","event":"26/07/04 15:09:46 WARN Utils: Your hostname, Burugulas-MacBook-Air.local, resolves to a loopback address: 127.0.0.1; using 192.168.0.107 instead (on interface en0)","logger":"task.stderr"}
{"timestamp":"2026-07-04T09:39:46.831699Z","level":"error","event":"26/07/04 15:09:46 WARN Utils: Set SPARK_LOCAL_IP if you need to bind to another address","logger":"task.stderr"}
{"timestamp":"2026-07-04T09:39:46.895741Z","level":"error","event":":: loading settings :: url = jar:file:/Library/Frameworks/Python.framework/Versions/3.14/lib/python3.14/site-packages/pyspark/jars/ivy-2.5.3.jar!/org/apache/ivy/core/settings/ivysettings.xml","logger":"task.stderr"}
{"timestamp":"2026-07-04T09:39:46.925753Z","level":"error","event":"Ivy Default Cache set to: /Users/burugula.sasank/.ivy2.5.2/cache","logger":"task.stderr"}
{"timestamp":"2026-07-04T09:39:46.925858Z","level":"error","event":"The jars for the packages stored in: /Users/burugula.sasank/.ivy2.5.2/jars","logger":"task.stderr"}
{"timestamp":"2026-07-04T09:39:46.927029Z","level":"error","event":"org.postgresql#postgresql added as a dependency","logger":"task.stderr"}
{"timestamp":"2026-07-04T09:39:46.927252Z","level":"error","event":":: resolving dependencies :: org.apache.spark#spark-submit-parent-a515da65-d186-47d6-bae1-34e253728ee7;1.0","logger":"task.stderr"}
{"timestamp":"2026-07-04T09:39:46.927306Z","level":"error","event":"\tconfs: [default]","logger":"task.stderr"}
{"timestamp":"2026-07-04T09:39:46.965863Z","level":"error","event":"\tfound org.postgresql#postgresql;42.7.3 in central","logger":"task.stderr"}
{"timestamp":"2026-07-04T09:39:46.973498Z","level":"error","event":"\tfound org.checkerframework#checker-qual;3.42.0 in central","logger":"task.stderr"}
{"timestamp":"2026-07-04T09:39:46.978685Z","level":"error","event":":: resolution report :: resolve 49ms :: artifacts dl 2ms","logger":"task.stderr"}
{"timestamp":"2026-07-04T09:39:46.978798Z","level":"error","event":"\t:: modules in use:","logger":"task.stderr"}
{"timestamp":"2026-07-04T09:39:46.978893Z","level":"error","event":"\torg.checkerframework#checker-qual;3.42.0 from central in [default]","logger":"task.stderr"}
{"timestamp":"2026-07-04T09:39:46.978942Z","level":"error","event":"\torg.postgresql#postgresql;42.7.3 from central in [default]","logger":"task.stderr"}
{"timestamp":"2026-07-04T09:39:46.978986Z","level":"error","event":"\t---------------------------------------------------------------------","logger":"task.stderr"}
{"timestamp":"2026-07-04T09:39:46.979038Z","level":"error","event":"\t|                  |            modules            ||   artifacts   |","logger":"task.stderr"}
{"timestamp":"2026-07-04T09:39:46.979081Z","level":"error","event":"\t|       conf       | number| search|dwnlded|evicted|| number|dwnlded|","logger":"task.stderr"}
{"timestamp":"2026-07-04T09:39:46.979124Z","level":"error","event":"\t---------------------------------------------------------------------","logger":"task.stderr"}
{"timestamp":"2026-07-04T09:39:46.979165Z","level":"error","event":"\t|      default     |   2   |   0   |   0   |   0   ||   2   |   0   |","logger":"task.stderr"}
{"timestamp":"2026-07-04T09:39:46.979207Z","level":"error","event":"\t---------------------------------------------------------------------","logger":"task.stderr"}
{"timestamp":"2026-07-04T09:39:46.979678Z","level":"error","event":":: retrieving :: org.apache.spark#spark-submit-parent-a515da65-d186-47d6-bae1-34e253728ee7","logger":"task.stderr"}
{"timestamp":"2026-07-04T09:39:46.979817Z","level":"error","event":"\tconfs: [default]","logger":"task.stderr"}
{"timestamp":"2026-07-04T09:39:46.981488Z","level":"error","event":"\t0 artifacts copied, 2 already retrieved (0kB/2ms)","logger":"task.stderr"}
{"timestamp":"2026-07-04T09:39:47.040363Z","level":"error","event":"26/07/04 15:09:47 WARN NativeCodeLoader: Unable to load native-hadoop library for your platform... using builtin-java classes where applicable","logger":"task.stderr"}
{"timestamp":"2026-07-04T09:39:47.086469Z","level":"error","event":"Using Spark's default log4j profile: org/apache/spark/log4j2-defaults.properties","logger":"task.stderr"}
{"timestamp":"2026-07-04T09:39:47.086646Z","level":"error","event":"Setting default log level to \"WARN\".","logger":"task.stderr"}
{"timestamp":"2026-07-04T09:39:47.086745Z","level":"error","event":"To adjust logging level use sc.setLogLevel(newLevel). For SparkR, use setLogLevel(newLevel).","logger":"task.stderr"}
{"timestamp":"2026-07-04T09:39:50.263648Z","level":"error","event":"26/07/04 15:09:50 WARN SparkStringUtils: Truncated the string representation of a plan since it was too large. This behavior can be adjusted by setting 'spark.sql.debug.maxToStringFields'.","logger":"task.stderr"}
{"timestamp":"2026-07-04T09:39:53.143565Z","level":"info","event":"Silver Ingestion Success with returned val:CompletedProcess(args=['python3', '/Users/burugula.sasank/airflow/dags/spark/notebooks/silver_layer/data_transformations.py'], returncode=0)","logger":"task.stdout"}
{"timestamp":"2026-07-04T09:39:53.143793Z","level":"info","event":"Done. Returned value was: ","ti_id":"019f2c7f-6005-73e9-9643-d182dab7dd18","dag_id":"dag_data","run_id":"manual__2026-07-04T09:39:32.980138+00:00","try_number":1,"map_index":-1,"task_id":"transform_data_from_filesystem","logger":"airflow.task.operators.airflow.providers.standard.decorators.python._PythonDecoratedOperator","filename":"python.py","lineno":233}
{"timestamp":"2026-07-04T09:39:53.144052Z","level":"info","event":"::group::Post Execute","ti_id":"019f2c7f-6005-73e9-9643-d182dab7dd18","dag_id":"dag_data","run_id":"manual__2026-07-04T09:39:32.980138+00:00","try_number":1,"map_index":-1,"task_id":"transform_data_from_filesystem","logger":"task","filename":"task_runner.py","lineno":1288}
{"timestamp":"2026-07-04T09:39:53.144246Z","level":"info","event":"Pushing xcom","ti":"RuntimeTaskInstance(id=UUID('019f2c7f-6005-73e9-9643-d182dab7dd18'), task_id='transform_data_from_filesystem', dag_id='dag_data', run_id='manual__2026-07-04T09:39:32.980138+00:00', try_number=1, dag_version_id=UUID('019f2c09-88cb-79f1-ada2-a2bc16a5412d'), map_index=-1, hostname='burugulas-macbook-air.local', context_carrier={'traceparent': '00-f546c21f17dba075983a1037399adef3-389445dcf85f454d-01'}, task=<Task(_PythonDecoratedOperator): transform_data_from_filesystem>, bundle_instance=LocalDagBundle(name=dags-folder), max_tries=0, start_date=datetime.datetime(2026, 7, 4, 9, 39, 45, 764458, tzinfo=datetime.timezone.utc), end_date=None, state=<TaskInstanceState.RUNNING: 'running'>, is_mapped=False, rendered_map_index=None, sentry_integration='')","ti_id":"019f2c7f-6005-73e9-9643-d182dab7dd18","dag_id":"dag_data","run_id":"manual__2026-07-04T09:39:32.980138+00:00","try_number":1,"map_index":-1,"task_id":"transform_data_from_filesystem","logger":"task","filename":"task_runner.py","lineno":1791}
{"timestamp":"2026-07-04T09:39:53.152667Z","level":"info","event":"::endgroup::","ti_id":"019f2c7f-6005-73e9-9643-d182dab7dd18","dag_id":"dag_data","run_id":"manual__2026-07-04T09:39:32.980138+00:00","try_number":1,"map_index":-1,"task_id":"transform_data_from_filesystem","logger":"task","filename":"task_runner.py","lineno":1896}
{"timestamp":"2026-07-04T09:39:53.612390Z","level":"error","event":"\r[Stage 9:>                                                          (0 + 1) / 1]","logger":"task.stderr"}
