{"timestamp":"2026-07-03T10:49:34.720990Z","level":"info","event":"2026-07-03T10:49:34.720822Z [info     ] ::group::Pre Execute           [task] loc=task_runner.py:1926","logger":"task.stdout"}
{"timestamp":"2026-07-03T10:49:34.799623Z","level":"info","event":"setup plugin alembic.autogenerate.schemas","logger":"alembic.runtime.plugins","ti_id":"019f2799-0b21-7344-9d04-5bbaf5e4f37e","dag_id":"dag_data","try_number":1,"map_index":-1,"task_id":"ingest_data_to_filesystem","run_id":"manual__2026-07-03T10:49:29.106864+00:00","filename":"plugins.py","lineno":37}
{"timestamp":"2026-07-03T10:49:34.799708Z","level":"info","event":"setup plugin alembic.autogenerate.tables","logger":"alembic.runtime.plugins","ti_id":"019f2799-0b21-7344-9d04-5bbaf5e4f37e","dag_id":"dag_data","try_number":1,"map_index":-1,"task_id":"ingest_data_to_filesystem","run_id":"manual__2026-07-03T10:49:29.106864+00:00","filename":"plugins.py","lineno":37}
{"timestamp":"2026-07-03T10:49:34.799741Z","level":"info","event":"setup plugin alembic.autogenerate.types","logger":"alembic.runtime.plugins","ti_id":"019f2799-0b21-7344-9d04-5bbaf5e4f37e","dag_id":"dag_data","try_number":1,"map_index":-1,"task_id":"ingest_data_to_filesystem","run_id":"manual__2026-07-03T10:49:29.106864+00:00","filename":"plugins.py","lineno":37}
{"timestamp":"2026-07-03T10:49:34.799766Z","level":"info","event":"setup plugin alembic.autogenerate.constraints","logger":"alembic.runtime.plugins","ti_id":"019f2799-0b21-7344-9d04-5bbaf5e4f37e","dag_id":"dag_data","try_number":1,"map_index":-1,"task_id":"ingest_data_to_filesystem","run_id":"manual__2026-07-03T10:49:29.106864+00:00","filename":"plugins.py","lineno":37}
{"timestamp":"2026-07-03T10:49:34.799787Z","level":"info","event":"setup plugin alembic.autogenerate.defaults","logger":"alembic.runtime.plugins","ti_id":"019f2799-0b21-7344-9d04-5bbaf5e4f37e","dag_id":"dag_data","try_number":1,"map_index":-1,"task_id":"ingest_data_to_filesystem","run_id":"manual__2026-07-03T10:49:29.106864+00:00","filename":"plugins.py","lineno":37}
{"timestamp":"2026-07-03T10:49:34.799808Z","level":"info","event":"setup plugin alembic.autogenerate.comments","logger":"alembic.runtime.plugins","ti_id":"019f2799-0b21-7344-9d04-5bbaf5e4f37e","dag_id":"dag_data","try_number":1,"map_index":-1,"task_id":"ingest_data_to_filesystem","run_id":"manual__2026-07-03T10:49:29.106864+00:00","filename":"plugins.py","lineno":37}
{"timestamp":"2026-07-03T10:49:34.839901Z","level":"info","event":"DAG bundles loaded: dags-folder","ti_id":"019f2799-0b21-7344-9d04-5bbaf5e4f37e","dag_id":"dag_data","try_number":1,"map_index":-1,"task_id":"ingest_data_to_filesystem","run_id":"manual__2026-07-03T10:49:29.106864+00:00","logger":"airflow.dag_processing.bundles.manager.DagBundlesManager","filename":"manager.py","lineno":209}
{"timestamp":"2026-07-03T10:49:34.840092Z","level":"info","event":"Filling up the DagBag from /Users/burugula.sasank/airflow/dags/etl_scheduler.py","ti_id":"019f2799-0b21-7344-9d04-5bbaf5e4f37e","dag_id":"dag_data","try_number":1,"map_index":-1,"task_id":"ingest_data_to_filesystem","run_id":"manual__2026-07-03T10:49:29.106864+00:00","logger":"airflow.dag_processing.dagbag.BundleDagBag","filename":"dagbag.py","lineno":469}
{"timestamp":"2026-07-03T10:49:34.869803Z","level":"warning","event":"The `airflow.decorators.task` attribute is deprecated. Please use `'airflow.sdk.task'`.","category":"UserWarning","filename":"/Users/burugula.sasank/airflow/dags/etl_scheduler.py","lineno":1,"ti_id":"019f2799-0b21-7344-9d04-5bbaf5e4f37e","dag_id":"dag_data","try_number":1,"map_index":-1,"task_id":"ingest_data_to_filesystem","run_id":"manual__2026-07-03T10:49:29.106864+00:00","logger":"py.warnings"}
{"timestamp":"2026-07-03T10:49:34.869851Z","level":"warning","event":"The `airflow.decorators.dag` attribute is deprecated. Please use `'airflow.sdk.dag'`.","category":"UserWarning","filename":"/Users/burugula.sasank/airflow/dags/etl_scheduler.py","lineno":1,"ti_id":"019f2799-0b21-7344-9d04-5bbaf5e4f37e","dag_id":"dag_data","try_number":1,"map_index":-1,"task_id":"ingest_data_to_filesystem","run_id":"manual__2026-07-03T10:49:29.106864+00:00","logger":"py.warnings"}
{"timestamp":"2026-07-03T10:49:34.869874Z","level":"warning","event":"The `airflow.hooks.base.BaseHook` attribute is deprecated. Please use `'airflow.sdk.bases.hook.BaseHook'`.","category":"UserWarning","filename":"/Users/burugula.sasank/airflow/dags/etl_scheduler.py","lineno":2,"ti_id":"019f2799-0b21-7344-9d04-5bbaf5e4f37e","dag_id":"dag_data","try_number":1,"map_index":-1,"task_id":"ingest_data_to_filesystem","run_id":"manual__2026-07-03T10:49:29.106864+00:00","logger":"py.warnings"}
{"timestamp":"2026-07-03T10:49:34.881281Z","level":"info","event":"::endgroup::","ti_id":"019f2799-0b21-7344-9d04-5bbaf5e4f37e","dag_id":"dag_data","try_number":1,"map_index":-1,"task_id":"ingest_data_to_filesystem","run_id":"manual__2026-07-03T10:49:29.106864+00:00","logger":"task","filename":"task_runner.py","lineno":1727}
{"timestamp":"2026-07-03T10:49:35.217878Z","level":"error","event":"WARNING: Using incubator modules: jdk.incubator.vector","logger":"task.stderr"}
{"timestamp":"2026-07-03T10:49:35.646629Z","level":"error","event":"Using Spark's default log4j profile: org/apache/spark/log4j2-defaults.properties","logger":"task.stderr"}
{"timestamp":"2026-07-03T10:49:35.652516Z","level":"error","event":"26/07/03 16:19:35 WARN Utils: Your hostname, Burugulas-MacBook-Air.local, resolves to a loopback address: 127.0.0.1; using 192.168.0.107 instead (on interface en0)","logger":"task.stderr"}
{"timestamp":"2026-07-03T10:49:35.653654Z","level":"error","event":"26/07/03 16:19:35 WARN Utils: Set SPARK_LOCAL_IP if you need to bind to another address","logger":"task.stderr"}
{"timestamp":"2026-07-03T10:49:35.791772Z","level":"error","event":"Using Spark's default log4j profile: org/apache/spark/log4j2-defaults.properties","logger":"task.stderr"}
{"timestamp":"2026-07-03T10:49:35.791956Z","level":"error","event":"Setting default log level to \"WARN\".","logger":"task.stderr"}
{"timestamp":"2026-07-03T10:49:35.792064Z","level":"error","event":"To adjust logging level use sc.setLogLevel(newLevel). For SparkR, use setLogLevel(newLevel).","logger":"task.stderr"}
{"timestamp":"2026-07-03T10:49:35.961841Z","level":"error","event":"26/07/03 16:19:35 WARN NativeCodeLoader: Unable to load native-hadoop library for your platform... using builtin-java classes where applicable","logger":"task.stderr"}
{"timestamp":"2026-07-03T10:49:36.481048Z","level":"error","event":"26/07/03 16:19:36 WARN Utils: Service 'SparkUI' could not bind on port 4040. Attempting port 4041.","logger":"task.stderr"}
{"timestamp":"2026-07-03T10:49:38.993817Z","level":"error","event":"26/07/03 16:19:38 WARN CSVHeaderChecker: CSV header does not conform to the schema.","logger":"task.stderr"}
{"timestamp":"2026-07-03T10:49:38.993937Z","level":"error","event":" Header: , Player, Span, Mat, Inns, NO, Runs, HS, Ave, BF, SR, 100, 50, 0, Unnamed: 13","logger":"task.stderr"}
{"timestamp":"2026-07-03T10:49:38.993965Z","level":"error","event":" Schema: _c0, Player, Span, Mat, Inns, NO, Runs, HS, Ave, BF, SR, 100, 50, 0, Unnamed: 13","logger":"task.stderr"}
{"timestamp":"2026-07-03T10:49:38.993989Z","level":"error","event":"Expected: _c0 but found:","logger":"task.stderr"}
{"timestamp":"2026-07-03T10:49:38.994010Z","level":"error","event":"CSV file: file:///Users/burugula.sasank/airflow/dags/file_stores/api_dump/cric_data/Batting/ODI%20data.csv","logger":"task.stderr"}
{"timestamp":"2026-07-03T10:49:39.302129Z","level":"error","event":"26/07/03 16:19:39 WARN BasicWriteTaskStatsTracker: Expected 1 files, but only saw 0. This could be due to the output format not writing empty files, or files being not immediately visible in the filesystem.","logger":"task.stderr"}
{"timestamp":"2026-07-03T10:49:39.311198Z","level":"error","event":"26/07/03 16:19:39 ERROR FileFormatWriter: Aborting job 17b661c3-2e05-430e-acd6-c2c6e9dcc9b9.","logger":"task.stderr"}
{"timestamp":"2026-07-03T10:49:39.311325Z","level":"error","event":"java.io.FileNotFoundException: File file:/Users/burugula.sasank/airflow/dags/file_stores/bronze_layer/Batting/ODI/_temporary/0 does not exist","logger":"task.stderr"}
{"timestamp":"2026-07-03T10:49:39.311389Z","level":"error","event":"\tat org.apache.hadoop.fs.RawLocalFileSystem.listStatus(RawLocalFileSystem.java:798)","logger":"task.stderr"}
{"timestamp":"2026-07-03T10:49:39.311436Z","level":"error","event":"\tat org.apache.hadoop.fs.FileSystem.listStatus(FileSystem.java:2078)","logger":"task.stderr"}
{"timestamp":"2026-07-03T10:49:39.311533Z","level":"error","event":"\tat org.apache.hadoop.fs.FileSystem.listStatus(FileSystem.java:2122)","logger":"task.stderr"}
{"timestamp":"2026-07-03T10:49:39.311594Z","level":"error","event":"\tat org.apache.hadoop.fs.ChecksumFileSystem.listStatus(ChecksumFileSystem.java:1020)","logger":"task.stderr"}
{"timestamp":"2026-07-03T10:49:39.311655Z","level":"error","event":"\tat org.apache.hadoop.fs.FileSystem.listStatus(FileSystem.java:2078)","logger":"task.stderr"}
{"timestamp":"2026-07-03T10:49:39.311704Z","level":"error","event":"\tat org.apache.hadoop.fs.FileSystem.listStatus(FileSystem.java:2122)","logger":"task.stderr"}
{"timestamp":"2026-07-03T10:49:39.311751Z","level":"error","event":"\tat org.apache.hadoop.mapreduce.lib.output.FileOutputCommitter.getAllCommittedTaskPaths(FileOutputCommitter.java:334)","logger":"task.stderr"}
{"timestamp":"2026-07-03T10:49:39.311798Z","level":"error","event":"\tat org.apache.hadoop.mapreduce.lib.output.FileOutputCommitter.commitJobInternal(FileOutputCommitter.java:404)","logger":"task.stderr"}
{"timestamp":"2026-07-03T10:49:39.311844Z","level":"error","event":"\tat org.apache.hadoop.mapreduce.lib.output.FileOutputCommitter.commitJob(FileOutputCommitter.java:377)","logger":"task.stderr"}
{"timestamp":"2026-07-03T10:49:39.311934Z","level":"error","event":"\tat org.apache.parquet.hadoop.ParquetOutputCommitter.commitJob(ParquetOutputCommitter.java:46)","logger":"task.stderr"}
{"timestamp":"2026-07-03T10:49:39.311992Z","level":"error","event":"\tat org.apache.spark.internal.io.HadoopMapReduceCommitProtocol.commitJob(HadoopMapReduceCommitProtocol.scala:184)","logger":"task.stderr"}
{"timestamp":"2026-07-03T10:49:39.312042Z","level":"error","event":"\tat org.apache.spark.sql.execution.datasources.FileFormatWriter$.$anonfun$writeAndCommit$3(FileFormatWriter.scala:275)","logger":"task.stderr"}
{"timestamp":"2026-07-03T10:49:39.312088Z","level":"error","event":"\tat scala.runtime.java8.JFunction0$mcV$sp.apply(JFunction0$mcV$sp.scala:18)","logger":"task.stderr"}
{"timestamp":"2026-07-03T10:49:39.312135Z","level":"error","event":"\tat org.apache.spark.util.Utils$.timeTakenMs(Utils.scala:496)","logger":"task.stderr"}
{"timestamp":"2026-07-03T10:49:39.312182Z","level":"error","event":"\tat org.apache.spark.sql.execution.datasources.FileFormatWriter$.writeAndCommit(FileFormatWriter.scala:275)","logger":"task.stderr"}
{"timestamp":"2026-07-03T10:49:39.312227Z","level":"error","event":"\tat org.apache.spark.sql.execution.datasources.FileFormatWriter$.executeWrite(FileFormatWriter.scala:306)","logger":"task.stderr"}
{"timestamp":"2026-07-03T10:49:39.312274Z","level":"error","event":"\tat org.apache.spark.sql.execution.datasources.FileFormatWriter$.write(FileFormatWriter.scala:189)","logger":"task.stderr"}
{"timestamp":"2026-07-03T10:49:39.312318Z","level":"error","event":"\tat org.apache.spark.sql.execution.datasources.InsertIntoHadoopFsRelationCommand.run(InsertIntoHadoopFsRelationCommand.scala:195)","logger":"task.stderr"}
{"timestamp":"2026-07-03T10:49:39.312362Z","level":"error","event":"\tat org.apache.spark.sql.execution.command.DataWritingCommandExec.sideEffectResult$lzycompute(commands.scala:117)","logger":"task.stderr"}
{"timestamp":"2026-07-03T10:49:39.312406Z","level":"error","event":"\tat org.apache.spark.sql.execution.command.DataWritingCommandExec.sideEffectResult(commands.scala:115)","logger":"task.stderr"}
{"timestamp":"2026-07-03T10:49:39.312457Z","level":"error","event":"\tat org.apache.spark.sql.execution.command.DataWritingCommandExec.executeCollect(commands.scala:129)","logger":"task.stderr"}
{"timestamp":"2026-07-03T10:49:39.312505Z","level":"error","event":"\tat org.apache.spark.sql.execution.QueryExecution.$anonfun$eagerlyExecuteCommands$2(QueryExecution.scala:185)","logger":"task.stderr"}
{"timestamp":"2026-07-03T10:49:39.312572Z","level":"error","event":"\tat org.apache.spark.sql.execution.SQLExecution$.$anonfun$withNewExecutionId0$8(SQLExecution.scala:177)","logger":"task.stderr"}
{"timestamp":"2026-07-03T10:49:39.312668Z","level":"error","event":"\tat org.apache.spark.sql.execution.SQLExecution$.withSessionTagsApplied(SQLExecution.scala:285)","logger":"task.stderr"}
{"timestamp":"2026-07-03T10:49:39.312727Z","level":"error","event":"\tat org.apache.spark.sql.execution.SQLExecution$.$anonfun$withNewExecutionId0$7(SQLExecution.scala:139)","logger":"task.stderr"}
{"timestamp":"2026-07-03T10:49:39.312775Z","level":"error","event":"\tat org.apache.spark.JobArtifactSet$.withActiveJobArtifactState(JobArtifactSet.scala:94)","logger":"task.stderr"}
{"timestamp":"2026-07-03T10:49:39.312820Z","level":"error","event":"\tat org.apache.spark.sql.artifact.ArtifactManager.$anonfun$withResources$1(ArtifactManager.scala:112)","logger":"task.stderr"}
{"timestamp":"2026-07-03T10:49:39.312871Z","level":"error","event":"\tat org.apache.spark.sql.artifact.ArtifactManager.withClassLoaderIfNeeded(ArtifactManager.scala:106)","logger":"task.stderr"}
{"timestamp":"2026-07-03T10:49:39.312916Z","level":"error","event":"\tat org.apache.spark.sql.artifact.ArtifactManager.withResources(ArtifactManager.scala:111)","logger":"task.stderr"}
{"timestamp":"2026-07-03T10:49:39.313008Z","level":"error","event":"\tat org.apache.spark.sql.execution.SQLExecution$.$anonfun$withNewExecutionId0$6(SQLExecution.scala:139)","logger":"task.stderr"}
{"timestamp":"2026-07-03T10:49:39.313037Z","level":"error","event":"\tat org.apache.spark.sql.execution.SQLExecution$.withSQLConfPropagated(SQLExecution.scala:308)","logger":"task.stderr"}
{"timestamp":"2026-07-03T10:49:39.313060Z","level":"error","event":"\tat org.apache.spark.sql.execution.SQLExecution$.$anonfun$withNewExecutionId0$1(SQLExecution.scala:138)","logger":"task.stderr"}
{"timestamp":"2026-07-03T10:49:39.313088Z","level":"error","event":"\tat org.apache.spark.sql.SparkSession.withActive(SparkSession.scala:804)","logger":"task.stderr"}
{"timestamp":"2026-07-03T10:49:39.313109Z","level":"error","event":"\tat org.apache.spark.sql.execution.SQLExecution$.withNewExecutionId0(SQLExecution.scala:92)","logger":"task.stderr"}
{"timestamp":"2026-07-03T10:49:39.313128Z","level":"error","event":"\tat org.apache.spark.sql.execution.SQLExecution$.withNewExecutionId(SQLExecution.scala:250)","logger":"task.stderr"}
{"timestamp":"2026-07-03T10:49:39.313150Z","level":"error","event":"\tat org.apache.spark.sql.execution.QueryExecution.$anonfun$eagerlyExecuteCommands$1(QueryExecution.scala:185)","logger":"task.stderr"}
{"timestamp":"2026-07-03T10:49:39.313169Z","level":"error","event":"\tat org.apache.spark.sql.execution.QueryExecution$.withInternalError(QueryExecution.scala:717)","logger":"task.stderr"}
{"timestamp":"2026-07-03T10:49:39.313187Z","level":"error","event":"\tat org.apache.spark.sql.execution.QueryExecution.org$apache$spark$sql$execution$QueryExecution$$eagerlyExecute$1(QueryExecution.scala:184)","logger":"task.stderr"}
{"timestamp":"2026-07-03T10:49:39.313206Z","level":"error","event":"\tat org.apache.spark.sql.execution.QueryExecution$$anonfun$eagerlyExecuteCommands$3.applyOrElse(QueryExecution.scala:201)","logger":"task.stderr"}
{"timestamp":"2026-07-03T10:49:39.313298Z","level":"error","event":"\tat org.apache.spark.sql.execution.QueryExecution$$anonfun$eagerlyExecuteCommands$3.applyOrElse(QueryExecution.scala:194)","logger":"task.stderr"}
{"timestamp":"2026-07-03T10:49:39.313319Z","level":"error","event":"\tat org.apache.spark.sql.catalyst.trees.TreeNode.$anonfun$transformDownWithPruning$1(TreeNode.scala:491)","logger":"task.stderr"}
{"timestamp":"2026-07-03T10:49:39.313338Z","level":"error","event":"\tat org.apache.spark.sql.catalyst.trees.CurrentOrigin$.withOrigin(origin.scala:107)","logger":"task.stderr"}
{"timestamp":"2026-07-03T10:49:39.313357Z","level":"error","event":"\tat org.apache.spark.sql.catalyst.trees.TreeNode.transformDownWithPruning(TreeNode.scala:491)","logger":"task.stderr"}
{"timestamp":"2026-07-03T10:49:39.313382Z","level":"error","event":"\tat org.apache.spark.sql.catalyst.plans.logical.LogicalPlan.org$apache$spark$sql$catalyst$plans$logical$AnalysisHelper$$super$transformDownWithPruning(LogicalPlan.scala:37)","logger":"task.stderr"}
{"timestamp":"2026-07-03T10:49:39.313401Z","level":"error","event":"\tat org.apache.spark.sql.catalyst.plans.logical.AnalysisHelper.transformDownWithPruning(AnalysisHelper.scala:360)","logger":"task.stderr"}
{"timestamp":"2026-07-03T10:49:39.313418Z","level":"error","event":"\tat org.apache.spark.sql.catalyst.plans.logical.AnalysisHelper.transformDownWithPruning$(AnalysisHelper.scala:356)","logger":"task.stderr"}
{"timestamp":"2026-07-03T10:49:39.313437Z","level":"error","event":"\tat org.apache.spark.sql.catalyst.plans.logical.LogicalPlan.transformDownWithPruning(LogicalPlan.scala:37)","logger":"task.stderr"}
{"timestamp":"2026-07-03T10:49:39.313454Z","level":"error","event":"\tat org.apache.spark.sql.catalyst.plans.logical.LogicalPlan.transformDownWithPruning(LogicalPlan.scala:37)","logger":"task.stderr"}
{"timestamp":"2026-07-03T10:49:39.313472Z","level":"error","event":"\tat org.apache.spark.sql.catalyst.trees.TreeNode.transformDown(TreeNode.scala:467)","logger":"task.stderr"}
{"timestamp":"2026-07-03T10:49:39.313490Z","level":"error","event":"\tat org.apache.spark.sql.execution.QueryExecution.eagerlyExecuteCommands(QueryExecution.scala:194)","logger":"task.stderr"}
{"timestamp":"2026-07-03T10:49:39.313508Z","level":"error","event":"\tat org.apache.spark.sql.execution.QueryExecution.$anonfun$lazyCommandExecuted$1(QueryExecution.scala:155)","logger":"task.stderr"}
{"timestamp":"2026-07-03T10:49:39.313526Z","level":"error","event":"\tat scala.util.Try$.apply(Try.scala:217)","logger":"task.stderr"}
{"timestamp":"2026-07-03T10:49:39.313544Z","level":"error","event":"\tat org.apache.spark.util.Utils$.doTryWithCallerStacktrace(Utils.scala:1392)","logger":"task.stderr"}
{"timestamp":"2026-07-03T10:49:39.313563Z","level":"error","event":"\tat org.apache.spark.util.LazyTry.tryT$lzycompute(LazyTry.scala:46)","logger":"task.stderr"}
{"timestamp":"2026-07-03T10:49:39.313580Z","level":"error","event":"\tat org.apache.spark.util.LazyTry.tryT(LazyTry.scala:46)","logger":"task.stderr"}
{"timestamp":"2026-07-03T10:49:39.313605Z","level":"error","event":"\tat org.apache.spark.util.LazyTry.get(LazyTry.scala:58)","logger":"task.stderr"}
{"timestamp":"2026-07-03T10:49:39.313623Z","level":"error","event":"\tat org.apache.spark.sql.execution.QueryExecution.commandExecuted(QueryExecution.scala:160)","logger":"task.stderr"}
{"timestamp":"2026-07-03T10:49:39.313640Z","level":"error","event":"\tat org.apache.spark.sql.execution.QueryExecution.assertCommandExecuted(QueryExecution.scala:239)","logger":"task.stderr"}
{"timestamp":"2026-07-03T10:49:39.313658Z","level":"error","event":"\tat org.apache.spark.sql.classic.DataFrameWriter.runCommand(DataFrameWriter.scala:592)","logger":"task.stderr"}
{"timestamp":"2026-07-03T10:49:39.313676Z","level":"error","event":"\tat org.apache.spark.sql.classic.DataFrameWriter.save(DataFrameWriter.scala:115)","logger":"task.stderr"}
{"timestamp":"2026-07-03T10:49:39.313694Z","level":"error","event":"\tat java.base/jdk.internal.reflect.NativeMethodAccessorImpl.invoke0(Native Method)","logger":"task.stderr"}
{"timestamp":"2026-07-03T10:49:39.313712Z","level":"error","event":"\tat java.base/jdk.internal.reflect.NativeMethodAccessorImpl.invoke(NativeMethodAccessorImpl.java:76)","logger":"task.stderr"}
{"timestamp":"2026-07-03T10:49:39.313729Z","level":"error","event":"\tat java.base/jdk.internal.reflect.DelegatingMethodAccessorImpl.invoke(DelegatingMethodAccessorImpl.java:52)","logger":"task.stderr"}
{"timestamp":"2026-07-03T10:49:39.313747Z","level":"error","event":"\tat java.base/java.lang.reflect.Method.invoke(Method.java:578)","logger":"task.stderr"}
{"timestamp":"2026-07-03T10:49:39.313765Z","level":"error","event":"\tat py4j.reflection.MethodInvoker.invoke(MethodInvoker.java:244)","logger":"task.stderr"}
{"timestamp":"2026-07-03T10:49:39.313786Z","level":"error","event":"\tat py4j.reflection.ReflectionEngine.invoke(ReflectionEngine.java:374)","logger":"task.stderr"}
{"timestamp":"2026-07-03T10:49:39.313804Z","level":"error","event":"\tat py4j.Gateway.invoke(Gateway.java:282)","logger":"task.stderr"}
{"timestamp":"2026-07-03T10:49:39.313821Z","level":"error","event":"\tat py4j.commands.AbstractCommand.invokeMethod(AbstractCommand.java:132)","logger":"task.stderr"}
{"timestamp":"2026-07-03T10:49:39.313838Z","level":"error","event":"\tat py4j.commands.CallCommand.execute(CallCommand.java:79)","logger":"task.stderr"}
{"timestamp":"2026-07-03T10:49:39.313855Z","level":"error","event":"\tat py4j.ClientServerConnection.waitForCommands(ClientServerConnection.java:184)","logger":"task.stderr"}
{"timestamp":"2026-07-03T10:49:39.313873Z","level":"error","event":"\tat py4j.ClientServerConnection.run(ClientServerConnection.java:108)","logger":"task.stderr"}
{"timestamp":"2026-07-03T10:49:39.313890Z","level":"error","event":"\tat java.base/java.lang.Thread.run(Thread.java:1589)","logger":"task.stderr"}
{"timestamp":"2026-07-03T10:49:39.344025Z","level":"error","event":"Traceback (most recent call last):","logger":"task.stderr"}
{"timestamp":"2026-07-03T10:49:39.344585Z","level":"error","event":"  File \"/Users/burugula.sasank/airflow/dags/spark/notebooks/bronze_layer/ingest_data_to_bronze.py\", line 61, in <module>","logger":"task.stderr"}
{"timestamp":"2026-07-03T10:49:39.344684Z","level":"error","event":"    parse_file_contents()","logger":"task.stderr"}
{"timestamp":"2026-07-03T10:49:39.344719Z","level":"error","event":"    ~~~~~~~~~~~~~~~~~~~^^","logger":"task.stderr"}
{"timestamp":"2026-07-03T10:49:39.344742Z","level":"error","event":"  File \"/Users/burugula.sasank/airflow/dags/spark/notebooks/bronze_layer/ingest_data_to_bronze.py\", line 32, in parse_file_contents","logger":"task.stderr"}
{"timestamp":"2026-07-03T10:49:39.344765Z","level":"error","event":"    df_batsmen_odi.write.mode(\"overwrite\").option(\"overwriteSchema\", \"true\").save(\"/Users/burugula.sasank/airflow/dags/file_stores/bronze_layer/Batting/ODI/\")","logger":"task.stderr"}
{"timestamp":"2026-07-03T10:49:39.344786Z","level":"error","event":"    ~~~~~~~~~~~~~~~~~~~~~~~~~~~~~~~~~~~~~~~~~~~~~~~~~~~~~~~~~~~~~~~~~~~~~~~~~~~~~^^^^^^^^^^^^^^^^^^^^^^^^^^^^^^^^^^^^^^^^^^^^^^^^^^^^^^^^^^^^^^^^^^^^^^^^^^^^^","logger":"task.stderr"}
{"timestamp":"2026-07-03T10:49:39.344805Z","level":"error","event":"  File \"/Library/Frameworks/Python.framework/Versions/3.14/lib/python3.14/site-packages/pyspark/sql/readwriter.py\", line 1745, in save","logger":"task.stderr"}
{"timestamp":"2026-07-03T10:49:39.344824Z","level":"error","event":"    self._jwrite.save(path)","logger":"task.stderr"}
{"timestamp":"2026-07-03T10:49:39.344841Z","level":"error","event":"    ~~~~~~~~~~~~~~~~~^^^^^^","logger":"task.stderr"}
{"timestamp":"2026-07-03T10:49:39.344859Z","level":"error","event":"  File \"/Library/Frameworks/Python.framework/Versions/3.14/lib/python3.14/site-packages/py4j/java_gateway.py\", line 1362, in __call__","logger":"task.stderr"}
{"timestamp":"2026-07-03T10:49:39.344877Z","level":"error","event":"    return_value = get_return_value(","logger":"task.stderr"}
{"timestamp":"2026-07-03T10:49:39.344894Z","level":"error","event":"        answer, self.gateway_client, self.target_id, self.name)","logger":"task.stderr"}
{"timestamp":"2026-07-03T10:49:39.344912Z","level":"error","event":"  File \"/Library/Frameworks/Python.framework/Versions/3.14/lib/python3.14/site-packages/pyspark/errors/exceptions/captured.py\", line 263, in deco","logger":"task.stderr"}
{"timestamp":"2026-07-03T10:49:39.344929Z","level":"error","event":"    return f(*a, **kw)","logger":"task.stderr"}
{"timestamp":"2026-07-03T10:49:39.344947Z","level":"error","event":"  File \"/Library/Frameworks/Python.framework/Versions/3.14/lib/python3.14/site-packages/py4j/protocol.py\", line 327, in get_return_value","logger":"task.stderr"}
{"timestamp":"2026-07-03T10:49:39.344969Z","level":"error","event":"    raise Py4JJavaError(","logger":"task.stderr"}
{"timestamp":"2026-07-03T10:49:39.344985Z","level":"error","event":"        \"An error occurred while calling {0}{1}{2}.\\n\".","logger":"task.stderr"}
{"timestamp":"2026-07-03T10:49:39.345002Z","level":"error","event":"        format(target_id, \".\", name), value)","logger":"task.stderr"}
{"timestamp":"2026-07-03T10:49:39.345060Z","level":"error","event":"py4j.protocol.Py4JJavaError: An error occurred while calling o64.save.","logger":"task.stderr"}
{"timestamp":"2026-07-03T10:49:39.345081Z","level":"error","event":": java.io.FileNotFoundException: File file:/Users/burugula.sasank/airflow/dags/file_stores/bronze_layer/Batting/ODI/_temporary/0 does not exist","logger":"task.stderr"}
{"timestamp":"2026-07-03T10:49:39.345099Z","level":"error","event":"\tat org.apache.hadoop.fs.RawLocalFileSystem.listStatus(RawLocalFileSystem.java:798)","logger":"task.stderr"}
{"timestamp":"2026-07-03T10:49:39.345116Z","level":"error","event":"\tat org.apache.hadoop.fs.FileSystem.listStatus(FileSystem.java:2078)","logger":"task.stderr"}
{"timestamp":"2026-07-03T10:49:39.345133Z","level":"error","event":"\tat org.apache.hadoop.fs.FileSystem.listStatus(FileSystem.java:2122)","logger":"task.stderr"}
{"timestamp":"2026-07-03T10:49:39.345149Z","level":"error","event":"\tat org.apache.hadoop.fs.ChecksumFileSystem.listStatus(ChecksumFileSystem.java:1020)","logger":"task.stderr"}
{"timestamp":"2026-07-03T10:49:39.345166Z","level":"error","event":"\tat org.apache.hadoop.fs.FileSystem.listStatus(FileSystem.java:2078)","logger":"task.stderr"}
{"timestamp":"2026-07-03T10:49:39.345183Z","level":"error","event":"\tat org.apache.hadoop.fs.FileSystem.listStatus(FileSystem.java:2122)","logger":"task.stderr"}
{"timestamp":"2026-07-03T10:49:39.345199Z","level":"error","event":"\tat org.apache.hadoop.mapreduce.lib.output.FileOutputCommitter.getAllCommittedTaskPaths(FileOutputCommitter.java:334)","logger":"task.stderr"}
{"timestamp":"2026-07-03T10:49:39.345216Z","level":"error","event":"\tat org.apache.hadoop.mapreduce.lib.output.FileOutputCommitter.commitJobInternal(FileOutputCommitter.java:404)","logger":"task.stderr"}
{"timestamp":"2026-07-03T10:49:39.345233Z","level":"error","event":"\tat org.apache.hadoop.mapreduce.lib.output.FileOutputCommitter.commitJob(FileOutputCommitter.java:377)","logger":"task.stderr"}
{"timestamp":"2026-07-03T10:49:39.345249Z","level":"error","event":"\tat org.apache.parquet.hadoop.ParquetOutputCommitter.commitJob(ParquetOutputCommitter.java:46)","logger":"task.stderr"}
{"timestamp":"2026-07-03T10:49:39.345266Z","level":"error","event":"\tat org.apache.spark.internal.io.HadoopMapReduceCommitProtocol.commitJob(HadoopMapReduceCommitProtocol.scala:184)","logger":"task.stderr"}
{"timestamp":"2026-07-03T10:49:39.345283Z","level":"error","event":"\tat org.apache.spark.sql.execution.datasources.FileFormatWriter$.$anonfun$writeAndCommit$3(FileFormatWriter.scala:275)","logger":"task.stderr"}
{"timestamp":"2026-07-03T10:49:39.345299Z","level":"error","event":"\tat scala.runtime.java8.JFunction0$mcV$sp.apply(JFunction0$mcV$sp.scala:18)","logger":"task.stderr"}
{"timestamp":"2026-07-03T10:49:39.345316Z","level":"error","event":"\tat org.apache.spark.util.Utils$.timeTakenMs(Utils.scala:496)","logger":"task.stderr"}
{"timestamp":"2026-07-03T10:49:39.345335Z","level":"error","event":"\tat org.apache.spark.sql.execution.datasources.FileFormatWriter$.writeAndCommit(FileFormatWriter.scala:275)","logger":"task.stderr"}
{"timestamp":"2026-07-03T10:49:39.345351Z","level":"error","event":"\tat org.apache.spark.sql.execution.datasources.FileFormatWriter$.executeWrite(FileFormatWriter.scala:306)","logger":"task.stderr"}
{"timestamp":"2026-07-03T10:49:39.345370Z","level":"error","event":"\tat org.apache.spark.sql.execution.datasources.FileFormatWriter$.write(FileFormatWriter.scala:189)","logger":"task.stderr"}
{"timestamp":"2026-07-03T10:49:39.345387Z","level":"error","event":"\tat org.apache.spark.sql.execution.datasources.InsertIntoHadoopFsRelationCommand.run(InsertIntoHadoopFsRelationCommand.scala:195)","logger":"task.stderr"}
{"timestamp":"2026-07-03T10:49:39.345406Z","level":"error","event":"\tat org.apache.spark.sql.execution.command.DataWritingCommandExec.sideEffectResult$lzycompute(commands.scala:117)","logger":"task.stderr"}
{"timestamp":"2026-07-03T10:49:39.345422Z","level":"error","event":"\tat org.apache.spark.sql.execution.command.DataWritingCommandExec.sideEffectResult(commands.scala:115)","logger":"task.stderr"}
{"timestamp":"2026-07-03T10:49:39.345439Z","level":"error","event":"\tat org.apache.spark.sql.execution.command.DataWritingCommandExec.executeCollect(commands.scala:129)","logger":"task.stderr"}
{"timestamp":"2026-07-03T10:49:39.345455Z","level":"error","event":"\tat org.apache.spark.sql.execution.QueryExecution.$anonfun$eagerlyExecuteCommands$2(QueryExecution.scala:185)","logger":"task.stderr"}
{"timestamp":"2026-07-03T10:49:39.345472Z","level":"error","event":"\tat org.apache.spark.sql.execution.SQLExecution$.$anonfun$withNewExecutionId0$8(SQLExecution.scala:177)","logger":"task.stderr"}
{"timestamp":"2026-07-03T10:49:39.345488Z","level":"error","event":"\tat org.apache.spark.sql.execution.SQLExecution$.withSessionTagsApplied(SQLExecution.scala:285)","logger":"task.stderr"}
{"timestamp":"2026-07-03T10:49:39.345509Z","level":"error","event":"\tat org.apache.spark.sql.execution.SQLExecution$.$anonfun$withNewExecutionId0$7(SQLExecution.scala:139)","logger":"task.stderr"}
{"timestamp":"2026-07-03T10:49:39.345526Z","level":"error","event":"\tat org.apache.spark.JobArtifactSet$.withActiveJobArtifactState(JobArtifactSet.scala:94)","logger":"task.stderr"}
{"timestamp":"2026-07-03T10:49:39.345543Z","level":"error","event":"\tat org.apache.spark.sql.artifact.ArtifactManager.$anonfun$withResources$1(ArtifactManager.scala:112)","logger":"task.stderr"}
{"timestamp":"2026-07-03T10:49:39.345560Z","level":"error","event":"\tat org.apache.spark.sql.artifact.ArtifactManager.withClassLoaderIfNeeded(ArtifactManager.scala:106)","logger":"task.stderr"}
{"timestamp":"2026-07-03T10:49:39.345576Z","level":"error","event":"\tat org.apache.spark.sql.artifact.ArtifactManager.withResources(ArtifactManager.scala:111)","logger":"task.stderr"}
{"timestamp":"2026-07-03T10:49:39.345592Z","level":"error","event":"\tat org.apache.spark.sql.execution.SQLExecution$.$anonfun$withNewExecutionId0$6(SQLExecution.scala:139)","logger":"task.stderr"}
{"timestamp":"2026-07-03T10:49:39.345610Z","level":"error","event":"\tat org.apache.spark.sql.execution.SQLExecution$.withSQLConfPropagated(SQLExecution.scala:308)","logger":"task.stderr"}
{"timestamp":"2026-07-03T10:49:39.345626Z","level":"error","event":"\tat org.apache.spark.sql.execution.SQLExecution$.$anonfun$withNewExecutionId0$1(SQLExecution.scala:138)","logger":"task.stderr"}
{"timestamp":"2026-07-03T10:49:39.345643Z","level":"error","event":"\tat org.apache.spark.sql.SparkSession.withActive(SparkSession.scala:804)","logger":"task.stderr"}
{"timestamp":"2026-07-03T10:49:39.345660Z","level":"error","event":"\tat org.apache.spark.sql.execution.SQLExecution$.withNewExecutionId0(SQLExecution.scala:92)","logger":"task.stderr"}
{"timestamp":"2026-07-03T10:49:39.345677Z","level":"error","event":"\tat org.apache.spark.sql.execution.SQLExecution$.withNewExecutionId(SQLExecution.scala:250)","logger":"task.stderr"}
{"timestamp":"2026-07-03T10:49:39.345693Z","level":"error","event":"\tat org.apache.spark.sql.execution.QueryExecution.$anonfun$eagerlyExecuteCommands$1(QueryExecution.scala:185)","logger":"task.stderr"}
{"timestamp":"2026-07-03T10:49:39.345714Z","level":"error","event":"\tat org.apache.spark.sql.execution.QueryExecution$.withInternalError(QueryExecution.scala:717)","logger":"task.stderr"}
{"timestamp":"2026-07-03T10:49:39.345731Z","level":"error","event":"\tat org.apache.spark.sql.execution.QueryExecution.org$apache$spark$sql$execution$QueryExecution$$eagerlyExecute$1(QueryExecution.scala:184)","logger":"task.stderr"}
{"timestamp":"2026-07-03T10:49:39.345748Z","level":"error","event":"\tat org.apache.spark.sql.execution.QueryExecution$$anonfun$eagerlyExecuteCommands$3.applyOrElse(QueryExecution.scala:201)","logger":"task.stderr"}
{"timestamp":"2026-07-03T10:49:39.345797Z","level":"error","event":"\tat org.apache.spark.sql.execution.QueryExecution$$anonfun$eagerlyExecuteCommands$3.applyOrElse(QueryExecution.scala:194)","logger":"task.stderr"}
{"timestamp":"2026-07-03T10:49:39.345816Z","level":"error","event":"\tat org.apache.spark.sql.catalyst.trees.TreeNode.$anonfun$transformDownWithPruning$1(TreeNode.scala:491)","logger":"task.stderr"}
{"timestamp":"2026-07-03T10:49:39.345835Z","level":"error","event":"\tat org.apache.spark.sql.catalyst.trees.CurrentOrigin$.withOrigin(origin.scala:107)","logger":"task.stderr"}
{"timestamp":"2026-07-03T10:49:39.345852Z","level":"error","event":"\tat org.apache.spark.sql.catalyst.trees.TreeNode.transformDownWithPruning(TreeNode.scala:491)","logger":"task.stderr"}
{"timestamp":"2026-07-03T10:49:39.345872Z","level":"error","event":"\tat org.apache.spark.sql.catalyst.plans.logical.LogicalPlan.org$apache$spark$sql$catalyst$plans$logical$AnalysisHelper$$super$transformDownWithPruning(LogicalPlan.scala:37)","logger":"task.stderr"}
{"timestamp":"2026-07-03T10:49:39.345895Z","level":"error","event":"\tat org.apache.spark.sql.catalyst.plans.logical.AnalysisHelper.transformDownWithPruning(AnalysisHelper.scala:360)","logger":"task.stderr"}
{"timestamp":"2026-07-03T10:49:39.345912Z","level":"error","event":"\tat org.apache.spark.sql.catalyst.plans.logical.AnalysisHelper.transformDownWithPruning$(AnalysisHelper.scala:356)","logger":"task.stderr"}
{"timestamp":"2026-07-03T10:49:39.345933Z","level":"error","event":"\tat org.apache.spark.sql.catalyst.plans.logical.LogicalPlan.transformDownWithPruning(LogicalPlan.scala:37)","logger":"task.stderr"}
{"timestamp":"2026-07-03T10:49:39.345950Z","level":"error","event":"\tat org.apache.spark.sql.catalyst.plans.logical.LogicalPlan.transformDownWithPruning(LogicalPlan.scala:37)","logger":"task.stderr"}
{"timestamp":"2026-07-03T10:49:39.345967Z","level":"error","event":"\tat org.apache.spark.sql.catalyst.trees.TreeNode.transformDown(TreeNode.scala:467)","logger":"task.stderr"}
{"timestamp":"2026-07-03T10:49:39.345991Z","level":"error","event":"\tat org.apache.spark.sql.execution.QueryExecution.eagerlyExecuteCommands(QueryExecution.scala:194)","logger":"task.stderr"}
{"timestamp":"2026-07-03T10:49:39.346009Z","level":"error","event":"\tat org.apache.spark.sql.execution.QueryExecution.$anonfun$lazyCommandExecuted$1(QueryExecution.scala:155)","logger":"task.stderr"}
{"timestamp":"2026-07-03T10:49:39.346026Z","level":"error","event":"\tat scala.util.Try$.apply(Try.scala:217)","logger":"task.stderr"}
{"timestamp":"2026-07-03T10:49:39.346044Z","level":"error","event":"\tat org.apache.spark.util.Utils$.doTryWithCallerStacktrace(Utils.scala:1392)","logger":"task.stderr"}
{"timestamp":"2026-07-03T10:49:39.346062Z","level":"error","event":"\tat org.apache.spark.util.Utils$.getTryWithCallerStacktrace(Utils.scala:1453)","logger":"task.stderr"}
{"timestamp":"2026-07-03T10:49:39.346079Z","level":"error","event":"\tat org.apache.spark.util.LazyTry.get(LazyTry.scala:58)","logger":"task.stderr"}
{"timestamp":"2026-07-03T10:49:39.346097Z","level":"error","event":"\tat org.apache.spark.sql.execution.QueryExecution.commandExecuted(QueryExecution.scala:160)","logger":"task.stderr"}
{"timestamp":"2026-07-03T10:49:39.346114Z","level":"error","event":"\tat org.apache.spark.sql.execution.QueryExecution.assertCommandExecuted(QueryExecution.scala:239)","logger":"task.stderr"}
{"timestamp":"2026-07-03T10:49:39.346132Z","level":"error","event":"\tat org.apache.spark.sql.classic.DataFrameWriter.runCommand(DataFrameWriter.scala:592)","logger":"task.stderr"}
{"timestamp":"2026-07-03T10:49:39.346150Z","level":"error","event":"\tat org.apache.spark.sql.classic.DataFrameWriter.save(DataFrameWriter.scala:115)","logger":"task.stderr"}
{"timestamp":"2026-07-03T10:49:39.346172Z","level":"error","event":"\tat java.base/jdk.internal.reflect.NativeMethodAccessorImpl.invoke0(Native Method)","logger":"task.stderr"}
{"timestamp":"2026-07-03T10:49:39.346189Z","level":"error","event":"\tat java.base/jdk.internal.reflect.NativeMethodAccessorImpl.invoke(NativeMethodAccessorImpl.java:76)","logger":"task.stderr"}
{"timestamp":"2026-07-03T10:49:39.346209Z","level":"error","event":"\tat java.base/jdk.internal.reflect.DelegatingMethodAccessorImpl.invoke(DelegatingMethodAccessorImpl.java:52)","logger":"task.stderr"}
{"timestamp":"2026-07-03T10:49:39.346228Z","level":"error","event":"\tat java.base/java.lang.reflect.Method.invoke(Method.java:578)","logger":"task.stderr"}
{"timestamp":"2026-07-03T10:49:39.346245Z","level":"error","event":"\tat py4j.reflection.MethodInvoker.invoke(MethodInvoker.java:244)","logger":"task.stderr"}
{"timestamp":"2026-07-03T10:49:39.346263Z","level":"error","event":"\tat py4j.reflection.ReflectionEngine.invoke(ReflectionEngine.java:374)","logger":"task.stderr"}
{"timestamp":"2026-07-03T10:49:39.346281Z","level":"error","event":"\tat py4j.Gateway.invoke(Gateway.java:282)","logger":"task.stderr"}
{"timestamp":"2026-07-03T10:49:39.346298Z","level":"error","event":"\tat py4j.commands.AbstractCommand.invokeMethod(AbstractCommand.java:132)","logger":"task.stderr"}
{"timestamp":"2026-07-03T10:49:39.346315Z","level":"error","event":"\tat py4j.commands.CallCommand.execute(CallCommand.java:79)","logger":"task.stderr"}
{"timestamp":"2026-07-03T10:49:39.346332Z","level":"error","event":"\tat py4j.ClientServerConnection.waitForCommands(ClientServerConnection.java:184)","logger":"task.stderr"}
{"timestamp":"2026-07-03T10:49:39.346350Z","level":"error","event":"\tat py4j.ClientServerConnection.run(ClientServerConnection.java:108)","logger":"task.stderr"}
{"timestamp":"2026-07-03T10:49:39.346367Z","level":"error","event":"\tat java.base/java.lang.Thread.run(Thread.java:1589)","logger":"task.stderr"}
{"timestamp":"2026-07-03T10:49:39.346387Z","level":"error","event":"\tSuppressed: org.apache.spark.util.Utils$OriginalTryStackTraceException: Full stacktrace of original doTryWithCallerStacktrace caller","logger":"task.stderr"}
{"timestamp":"2026-07-03T10:49:39.346405Z","level":"error","event":"\t\tat org.apache.hadoop.fs.RawLocalFileSystem.listStatus(RawLocalFileSystem.java:798)","logger":"task.stderr"}
{"timestamp":"2026-07-03T10:49:39.346422Z","level":"error","event":"\t\tat org.apache.hadoop.fs.FileSystem.listStatus(FileSystem.java:2078)","logger":"task.stderr"}
{"timestamp":"2026-07-03T10:49:39.346440Z","level":"error","event":"\t\tat org.apache.hadoop.fs.FileSystem.listStatus(FileSystem.java:2122)","logger":"task.stderr"}
{"timestamp":"2026-07-03T10:49:39.346457Z","level":"error","event":"\t\tat org.apache.hadoop.fs.ChecksumFileSystem.listStatus(ChecksumFileSystem.java:1020)","logger":"task.stderr"}
{"timestamp":"2026-07-03T10:49:39.346474Z","level":"error","event":"\t\tat org.apache.hadoop.fs.FileSystem.listStatus(FileSystem.java:2078)","logger":"task.stderr"}
{"timestamp":"2026-07-03T10:49:39.346491Z","level":"error","event":"\t\tat org.apache.hadoop.fs.FileSystem.listStatus(FileSystem.java:2122)","logger":"task.stderr"}
{"timestamp":"2026-07-03T10:49:39.346508Z","level":"error","event":"\t\tat org.apache.hadoop.mapreduce.lib.output.FileOutputCommitter.getAllCommittedTaskPaths(FileOutputCommitter.java:334)","logger":"task.stderr"}
{"timestamp":"2026-07-03T10:49:39.346525Z","level":"error","event":"\t\tat org.apache.hadoop.mapreduce.lib.output.FileOutputCommitter.commitJobInternal(FileOutputCommitter.java:404)","logger":"task.stderr"}
{"timestamp":"2026-07-03T10:49:39.346543Z","level":"error","event":"\t\tat org.apache.hadoop.mapreduce.lib.output.FileOutputCommitter.commitJob(FileOutputCommitter.java:377)","logger":"task.stderr"}
{"timestamp":"2026-07-03T10:49:39.346560Z","level":"error","event":"\t\tat org.apache.parquet.hadoop.ParquetOutputCommitter.commitJob(ParquetOutputCommitter.java:46)","logger":"task.stderr"}
{"timestamp":"2026-07-03T10:49:39.346578Z","level":"error","event":"\t\tat org.apache.spark.internal.io.HadoopMapReduceCommitProtocol.commitJob(HadoopMapReduceCommitProtocol.scala:184)","logger":"task.stderr"}
{"timestamp":"2026-07-03T10:49:39.346595Z","level":"error","event":"\t\tat org.apache.spark.sql.execution.datasources.FileFormatWriter$.$anonfun$writeAndCommit$3(FileFormatWriter.scala:275)","logger":"task.stderr"}
{"timestamp":"2026-07-03T10:49:39.346613Z","level":"error","event":"\t\tat scala.runtime.java8.JFunction0$mcV$sp.apply(JFunction0$mcV$sp.scala:18)","logger":"task.stderr"}
{"timestamp":"2026-07-03T10:49:39.346657Z","level":"error","event":"\t\tat org.apache.spark.util.Utils$.timeTakenMs(Utils.scala:496)","logger":"task.stderr"}
{"timestamp":"2026-07-03T10:49:39.346676Z","level":"error","event":"\t\tat org.apache.spark.sql.execution.datasources.FileFormatWriter$.writeAndCommit(FileFormatWriter.scala:275)","logger":"task.stderr"}
{"timestamp":"2026-07-03T10:49:39.346695Z","level":"error","event":"\t\tat org.apache.spark.sql.execution.datasources.FileFormatWriter$.executeWrite(FileFormatWriter.scala:306)","logger":"task.stderr"}
{"timestamp":"2026-07-03T10:49:39.346712Z","level":"error","event":"\t\tat org.apache.spark.sql.execution.datasources.FileFormatWriter$.write(FileFormatWriter.scala:189)","logger":"task.stderr"}
{"timestamp":"2026-07-03T10:49:39.346730Z","level":"error","event":"\t\tat org.apache.spark.sql.execution.datasources.InsertIntoHadoopFsRelationCommand.run(InsertIntoHadoopFsRelationCommand.scala:195)","logger":"task.stderr"}
{"timestamp":"2026-07-03T10:49:39.346748Z","level":"error","event":"\t\tat org.apache.spark.sql.execution.command.DataWritingCommandExec.sideEffectResult$lzycompute(commands.scala:117)","logger":"task.stderr"}
{"timestamp":"2026-07-03T10:49:39.346766Z","level":"error","event":"\t\tat org.apache.spark.sql.execution.command.DataWritingCommandExec.sideEffectResult(commands.scala:115)","logger":"task.stderr"}
{"timestamp":"2026-07-03T10:49:39.346784Z","level":"error","event":"\t\tat org.apache.spark.sql.execution.command.DataWritingCommandExec.executeCollect(commands.scala:129)","logger":"task.stderr"}
{"timestamp":"2026-07-03T10:49:39.346801Z","level":"error","event":"\t\tat org.apache.spark.sql.execution.QueryExecution.$anonfun$eagerlyExecuteCommands$2(QueryExecution.scala:185)","logger":"task.stderr"}
{"timestamp":"2026-07-03T10:49:39.346818Z","level":"error","event":"\t\tat org.apache.spark.sql.execution.SQLExecution$.$anonfun$withNewExecutionId0$8(SQLExecution.scala:177)","logger":"task.stderr"}
{"timestamp":"2026-07-03T10:49:39.346835Z","level":"error","event":"\t\tat org.apache.spark.sql.execution.SQLExecution$.withSessionTagsApplied(SQLExecution.scala:285)","logger":"task.stderr"}
{"timestamp":"2026-07-03T10:49:39.346853Z","level":"error","event":"\t\tat org.apache.spark.sql.execution.SQLExecution$.$anonfun$withNewExecutionId0$7(SQLExecution.scala:139)","logger":"task.stderr"}
{"timestamp":"2026-07-03T10:49:39.346870Z","level":"error","event":"\t\tat org.apache.spark.JobArtifactSet$.withActiveJobArtifactState(JobArtifactSet.scala:94)","logger":"task.stderr"}
{"timestamp":"2026-07-03T10:49:39.346888Z","level":"error","event":"\t\tat org.apache.spark.sql.artifact.ArtifactManager.$anonfun$withResources$1(ArtifactManager.scala:112)","logger":"task.stderr"}
{"timestamp":"2026-07-03T10:49:39.346905Z","level":"error","event":"\t\tat org.apache.spark.sql.artifact.ArtifactManager.withClassLoaderIfNeeded(ArtifactManager.scala:106)","logger":"task.stderr"}
{"timestamp":"2026-07-03T10:49:39.346923Z","level":"error","event":"\t\tat org.apache.spark.sql.artifact.ArtifactManager.withResources(ArtifactManager.scala:111)","logger":"task.stderr"}
{"timestamp":"2026-07-03T10:49:39.346942Z","level":"error","event":"\t\tat org.apache.spark.sql.execution.SQLExecution$.$anonfun$withNewExecutionId0$6(SQLExecution.scala:139)","logger":"task.stderr"}
{"timestamp":"2026-07-03T10:49:39.346959Z","level":"error","event":"\t\tat org.apache.spark.sql.execution.SQLExecution$.withSQLConfPropagated(SQLExecution.scala:308)","logger":"task.stderr"}
{"timestamp":"2026-07-03T10:49:39.346976Z","level":"error","event":"\t\tat org.apache.spark.sql.execution.SQLExecution$.$anonfun$withNewExecutionId0$1(SQLExecution.scala:138)","logger":"task.stderr"}
{"timestamp":"2026-07-03T10:49:39.346996Z","level":"error","event":"\t\tat org.apache.spark.sql.SparkSession.withActive(SparkSession.scala:804)","logger":"task.stderr"}
{"timestamp":"2026-07-03T10:49:39.347013Z","level":"error","event":"\t\tat org.apache.spark.sql.execution.SQLExecution$.withNewExecutionId0(SQLExecution.scala:92)","logger":"task.stderr"}
{"timestamp":"2026-07-03T10:49:39.347030Z","level":"error","event":"\t\tat org.apache.spark.sql.execution.SQLExecution$.withNewExecutionId(SQLExecution.scala:250)","logger":"task.stderr"}
{"timestamp":"2026-07-03T10:49:39.347047Z","level":"error","event":"\t\tat org.apache.spark.sql.execution.QueryExecution.$anonfun$eagerlyExecuteCommands$1(QueryExecution.scala:185)","logger":"task.stderr"}
{"timestamp":"2026-07-03T10:49:39.347065Z","level":"error","event":"\t\tat org.apache.spark.sql.execution.QueryExecution$.withInternalError(QueryExecution.scala:717)","logger":"task.stderr"}
{"timestamp":"2026-07-03T10:49:39.347082Z","level":"error","event":"\t\tat org.apache.spark.sql.execution.QueryExecution.org$apache$spark$sql$execution$QueryExecution$$eagerlyExecute$1(QueryExecution.scala:184)","logger":"task.stderr"}
{"timestamp":"2026-07-03T10:49:39.347100Z","level":"error","event":"\t\tat org.apache.spark.sql.execution.QueryExecution$$anonfun$eagerlyExecuteCommands$3.applyOrElse(QueryExecution.scala:201)","logger":"task.stderr"}
{"timestamp":"2026-07-03T10:49:39.347117Z","level":"error","event":"\t\tat org.apache.spark.sql.execution.QueryExecution$$anonfun$eagerlyExecuteCommands$3.applyOrElse(QueryExecution.scala:194)","logger":"task.stderr"}
{"timestamp":"2026-07-03T10:49:39.347134Z","level":"error","event":"\t\tat org.apache.spark.sql.catalyst.trees.TreeNode.$anonfun$transformDownWithPruning$1(TreeNode.scala:491)","logger":"task.stderr"}
{"timestamp":"2026-07-03T10:49:39.347151Z","level":"error","event":"\t\tat org.apache.spark.sql.catalyst.trees.CurrentOrigin$.withOrigin(origin.scala:107)","logger":"task.stderr"}
{"timestamp":"2026-07-03T10:49:39.347168Z","level":"error","event":"\t\tat org.apache.spark.sql.catalyst.trees.TreeNode.transformDownWithPruning(TreeNode.scala:491)","logger":"task.stderr"}
{"timestamp":"2026-07-03T10:49:39.347186Z","level":"error","event":"\t\tat org.apache.spark.sql.catalyst.plans.logical.LogicalPlan.org$apache$spark$sql$catalyst$plans$logical$AnalysisHelper$$super$transformDownWithPruning(LogicalPlan.scala:37)","logger":"task.stderr"}
{"timestamp":"2026-07-03T10:49:39.347203Z","level":"error","event":"\t\tat org.apache.spark.sql.catalyst.plans.logical.AnalysisHelper.transformDownWithPruning(AnalysisHelper.scala:360)","logger":"task.stderr"}
{"timestamp":"2026-07-03T10:49:39.347221Z","level":"error","event":"\t\tat org.apache.spark.sql.catalyst.plans.logical.AnalysisHelper.transformDownWithPruning$(AnalysisHelper.scala:356)","logger":"task.stderr"}
{"timestamp":"2026-07-03T10:49:39.347238Z","level":"error","event":"\t\tat org.apache.spark.sql.catalyst.plans.logical.LogicalPlan.transformDownWithPruning(LogicalPlan.scala:37)","logger":"task.stderr"}
{"timestamp":"2026-07-03T10:49:39.347256Z","level":"error","event":"\t\tat org.apache.spark.sql.catalyst.plans.logical.LogicalPlan.transformDownWithPruning(LogicalPlan.scala:37)","logger":"task.stderr"}
{"timestamp":"2026-07-03T10:49:39.347273Z","level":"error","event":"\t\tat org.apache.spark.sql.catalyst.trees.TreeNode.transformDown(TreeNode.scala:467)","logger":"task.stderr"}
{"timestamp":"2026-07-03T10:49:39.347290Z","level":"error","event":"\t\tat org.apache.spark.sql.execution.QueryExecution.eagerlyExecuteCommands(QueryExecution.scala:194)","logger":"task.stderr"}
{"timestamp":"2026-07-03T10:49:39.347307Z","level":"error","event":"\t\tat org.apache.spark.sql.execution.QueryExecution.$anonfun$lazyCommandExecuted$1(QueryExecution.scala:155)","logger":"task.stderr"}
{"timestamp":"2026-07-03T10:49:39.347325Z","level":"error","event":"\t\tat scala.util.Try$.apply(Try.scala:217)","logger":"task.stderr"}
{"timestamp":"2026-07-03T10:49:39.347343Z","level":"error","event":"\t\tat org.apache.spark.util.Utils$.doTryWithCallerStacktrace(Utils.scala:1392)","logger":"task.stderr"}
{"timestamp":"2026-07-03T10:49:39.347431Z","level":"error","event":"\t\tat org.apache.spark.util.LazyTry.tryT$lzycompute(LazyTry.scala:46)","logger":"task.stderr"}
{"timestamp":"2026-07-03T10:49:39.347558Z","level":"error","event":"\t\tat org.apache.spark.util.LazyTry.tryT(LazyTry.scala:46)","logger":"task.stderr"}
{"timestamp":"2026-07-03T10:49:39.347619Z","level":"error","event":"\t\t... 17 more","logger":"task.stderr"}
{"timestamp":"2026-07-03T10:49:39.347649Z","level":"error","event":"","logger":"task.stderr"}
{"timestamp":"2026-07-03T10:49:39.365954Z","level":"error","event":"Task failed with exception","ti_id":"019f2799-0b21-7344-9d04-5bbaf5e4f37e","dag_id":"dag_data","try_number":1,"map_index":-1,"task_id":"ingest_data_to_filesystem","run_id":"manual__2026-07-03T10:49:29.106864+00:00","logger":"task","filename":"task_runner.py","lineno":1381,"error_detail":[{"exc_type":"CalledProcessError","exc_value":"Command '['python3', '/Users/burugula.sasank/airflow/dags/spark/notebooks/bronze_layer/ingest_data_to_bronze.py']' returned non-zero exit status 1.","exc_notes":[],"syntax_error":null,"is_cause":false,"frames":[{"filename":"/Library/Frameworks/Python.framework/Versions/3.14/lib/python3.14/site-packages/airflow/sdk/execution_time/task_runner.py","lineno":1287,"name":"run"},{"filename":"/Library/Frameworks/Python.framework/Versions/3.14/lib/python3.14/site-packages/airflow/sdk/execution_time/task_runner.py","lineno":1745,"name":"_execute_task"},{"filename":"/Library/Frameworks/Python.framework/Versions/3.14/lib/python3.14/site-packages/airflow/sdk/bases/operator.py","lineno":443,"name":"wrapper"},{"filename":"/Library/Frameworks/Python.framework/Versions/3.14/lib/python3.14/site-packages/airflow/sdk/bases/decorator.py","lineno":398,"name":"execute"},{"filename":"/Library/Frameworks/Python.framework/Versions/3.14/lib/python3.14/site-packages/airflow/sdk/bases/operator.py","lineno":443,"name":"wrapper"},{"filename":"/Library/Frameworks/Python.framework/Versions/3.14/lib/python3.14/site-packages/airflow/providers/standard/operators/python.py","lineno":231,"name":"execute"},{"filename":"/Library/Frameworks/Python.framework/Versions/3.14/lib/python3.14/site-packages/airflow/providers/standard/operators/python.py","lineno":254,"name":"execute_callable"},{"filename":"/Library/Frameworks/Python.framework/Versions/3.14/lib/python3.14/site-packages/airflow/sdk/execution_time/callback_runner.py","lineno":97,"name":"run"},{"filename":"/Users/burugula.sasank/airflow/dags/etl_scheduler.py","lineno":51,"name":"ingest_data_to_filesystem"},{"filename":"/Library/Frameworks/Python.framework/Versions/3.14/lib/python3.14/subprocess.py","lineno":578,"name":"run"}],"is_group":false,"exceptions":[]}]}
{"timestamp":"2026-07-03T10:49:39.366459Z","level":"info","event":"::group::Post Execute","ti_id":"019f2799-0b21-7344-9d04-5bbaf5e4f37e","dag_id":"dag_data","try_number":1,"map_index":-1,"task_id":"ingest_data_to_filesystem","run_id":"manual__2026-07-03T10:49:29.106864+00:00","logger":"task","filename":"task_runner.py","lineno":1382}
{"timestamp":"2026-07-03T10:49:39.367515Z","level":"info","event":"::endgroup::","ti_id":"019f2799-0b21-7344-9d04-5bbaf5e4f37e","dag_id":"dag_data","try_number":1,"map_index":-1,"task_id":"ingest_data_to_filesystem","run_id":"manual__2026-07-03T10:49:29.106864+00:00","logger":"task","filename":"task_runner.py","lineno":1896}
