{"timestamp":"2026-07-01T14:04:36.023476Z","level":"info","event":"2026-07-01T14:04:36.023127Z [info     ] ::group::Pre Execute           [task] loc=task_runner.py:1926","logger":"task.stdout"}
{"timestamp":"2026-07-01T14:04:36.202085Z","level":"info","event":"setup plugin alembic.autogenerate.schemas","logger":"alembic.runtime.plugins","dag_id":"dag_data","task_id":"ingest_data_to_bronze","try_number":1,"run_id":"manual__2026-07-01T14:04:25.389335+00:00","map_index":-1,"ti_id":"019f1dfe-cbbc-728d-bf8b-1e0ee625fdbd","filename":"plugins.py","lineno":37}
{"timestamp":"2026-07-01T14:04:36.202216Z","level":"info","event":"setup plugin alembic.autogenerate.tables","logger":"alembic.runtime.plugins","dag_id":"dag_data","task_id":"ingest_data_to_bronze","try_number":1,"run_id":"manual__2026-07-01T14:04:25.389335+00:00","map_index":-1,"ti_id":"019f1dfe-cbbc-728d-bf8b-1e0ee625fdbd","filename":"plugins.py","lineno":37}
{"timestamp":"2026-07-01T14:04:36.202278Z","level":"info","event":"setup plugin alembic.autogenerate.types","logger":"alembic.runtime.plugins","dag_id":"dag_data","task_id":"ingest_data_to_bronze","try_number":1,"run_id":"manual__2026-07-01T14:04:25.389335+00:00","map_index":-1,"ti_id":"019f1dfe-cbbc-728d-bf8b-1e0ee625fdbd","filename":"plugins.py","lineno":37}
{"timestamp":"2026-07-01T14:04:36.202326Z","level":"info","event":"setup plugin alembic.autogenerate.constraints","logger":"alembic.runtime.plugins","dag_id":"dag_data","task_id":"ingest_data_to_bronze","try_number":1,"run_id":"manual__2026-07-01T14:04:25.389335+00:00","map_index":-1,"ti_id":"019f1dfe-cbbc-728d-bf8b-1e0ee625fdbd","filename":"plugins.py","lineno":37}
{"timestamp":"2026-07-01T14:04:36.202367Z","level":"info","event":"setup plugin alembic.autogenerate.defaults","logger":"alembic.runtime.plugins","dag_id":"dag_data","task_id":"ingest_data_to_bronze","try_number":1,"run_id":"manual__2026-07-01T14:04:25.389335+00:00","map_index":-1,"ti_id":"019f1dfe-cbbc-728d-bf8b-1e0ee625fdbd","filename":"plugins.py","lineno":37}
{"timestamp":"2026-07-01T14:04:36.202407Z","level":"info","event":"setup plugin alembic.autogenerate.comments","logger":"alembic.runtime.plugins","dag_id":"dag_data","task_id":"ingest_data_to_bronze","try_number":1,"run_id":"manual__2026-07-01T14:04:25.389335+00:00","map_index":-1,"ti_id":"019f1dfe-cbbc-728d-bf8b-1e0ee625fdbd","filename":"plugins.py","lineno":37}
{"timestamp":"2026-07-01T14:04:36.285871Z","level":"info","event":"DAG bundles loaded: dags-folder","dag_id":"dag_data","task_id":"ingest_data_to_bronze","try_number":1,"run_id":"manual__2026-07-01T14:04:25.389335+00:00","map_index":-1,"ti_id":"019f1dfe-cbbc-728d-bf8b-1e0ee625fdbd","logger":"airflow.dag_processing.bundles.manager.DagBundlesManager","filename":"manager.py","lineno":209}
{"timestamp":"2026-07-01T14:04:36.286225Z","level":"info","event":"Filling up the DagBag from /Users/burugula.sasank/airflow/dags/etl_scheduler.py","dag_id":"dag_data","task_id":"ingest_data_to_bronze","try_number":1,"run_id":"manual__2026-07-01T14:04:25.389335+00:00","map_index":-1,"ti_id":"019f1dfe-cbbc-728d-bf8b-1e0ee625fdbd","logger":"airflow.dag_processing.dagbag.BundleDagBag","filename":"dagbag.py","lineno":469}
{"timestamp":"2026-07-01T14:04:36.351758Z","level":"warning","event":"The `airflow.decorators.task` attribute is deprecated. Please use `'airflow.sdk.task'`.","category":"UserWarning","filename":"/Users/burugula.sasank/airflow/dags/etl_scheduler.py","lineno":1,"dag_id":"dag_data","task_id":"ingest_data_to_bronze","try_number":1,"run_id":"manual__2026-07-01T14:04:25.389335+00:00","map_index":-1,"ti_id":"019f1dfe-cbbc-728d-bf8b-1e0ee625fdbd","logger":"py.warnings"}
{"timestamp":"2026-07-01T14:04:36.351861Z","level":"warning","event":"The `airflow.decorators.dag` attribute is deprecated. Please use `'airflow.sdk.dag'`.","category":"UserWarning","filename":"/Users/burugula.sasank/airflow/dags/etl_scheduler.py","lineno":1,"dag_id":"dag_data","task_id":"ingest_data_to_bronze","try_number":1,"run_id":"manual__2026-07-01T14:04:25.389335+00:00","map_index":-1,"ti_id":"019f1dfe-cbbc-728d-bf8b-1e0ee625fdbd","logger":"py.warnings"}
{"timestamp":"2026-07-01T14:04:36.351910Z","level":"warning","event":"The `airflow.hooks.base.BaseHook` attribute is deprecated. Please use `'airflow.sdk.bases.hook.BaseHook'`.","category":"UserWarning","filename":"/Users/burugula.sasank/airflow/dags/etl_scheduler.py","lineno":2,"dag_id":"dag_data","task_id":"ingest_data_to_bronze","try_number":1,"run_id":"manual__2026-07-01T14:04:25.389335+00:00","map_index":-1,"ti_id":"019f1dfe-cbbc-728d-bf8b-1e0ee625fdbd","logger":"py.warnings"}
{"timestamp":"2026-07-01T14:04:36.374588Z","level":"info","event":"::endgroup::","dag_id":"dag_data","task_id":"ingest_data_to_bronze","try_number":1,"run_id":"manual__2026-07-01T14:04:25.389335+00:00","map_index":-1,"ti_id":"019f1dfe-cbbc-728d-bf8b-1e0ee625fdbd","logger":"task","filename":"task_runner.py","lineno":1727}
{"timestamp":"2026-07-01T14:04:36.727418Z","level":"error","event":"WARNING: Using incubator modules: jdk.incubator.vector","logger":"task.stderr"}
{"timestamp":"2026-07-01T14:04:37.295081Z","level":"error","event":"Using Spark's default log4j profile: org/apache/spark/log4j2-defaults.properties","logger":"task.stderr"}
{"timestamp":"2026-07-01T14:04:37.305907Z","level":"error","event":"26/07/01 19:34:37 WARN Utils: Your hostname, Burugulas-MacBook-Air.local, resolves to a loopback address: 127.0.0.1; using 192.168.0.106 instead (on interface en0)","logger":"task.stderr"}
{"timestamp":"2026-07-01T14:04:37.308123Z","level":"error","event":"26/07/01 19:34:37 WARN Utils: Set SPARK_LOCAL_IP if you need to bind to another address","logger":"task.stderr"}
{"timestamp":"2026-07-01T14:04:37.508550Z","level":"error","event":"Using Spark's default log4j profile: org/apache/spark/log4j2-defaults.properties","logger":"task.stderr"}
{"timestamp":"2026-07-01T14:04:37.508745Z","level":"error","event":"Setting default log level to \"WARN\".","logger":"task.stderr"}
{"timestamp":"2026-07-01T14:04:37.508811Z","level":"error","event":"To adjust logging level use sc.setLogLevel(newLevel). For SparkR, use setLogLevel(newLevel).","logger":"task.stderr"}
{"timestamp":"2026-07-01T14:04:37.677575Z","level":"error","event":"26/07/01 19:34:37 WARN NativeCodeLoader: Unable to load native-hadoop library for your platform... using builtin-java classes where applicable","logger":"task.stderr"}
{"timestamp":"2026-07-01T14:04:41.631207Z","level":"error","event":"26/07/01 19:34:41 WARN CSVHeaderChecker: CSV header does not conform to the schema.","logger":"task.stderr"}
{"timestamp":"2026-07-01T14:04:41.631341Z","level":"error","event":" Header: , Player, Span, Mat, Inns, NO, Runs, HS, Ave, BF, SR, 100, 50, 0, Unnamed: 13","logger":"task.stderr"}
{"timestamp":"2026-07-01T14:04:41.631388Z","level":"error","event":" Schema: _c0, Player, Span, Mat, Inns, NO, Runs, HS, Ave, BF, SR, 100, 50, 0, Unnamed: 13","logger":"task.stderr"}
{"timestamp":"2026-07-01T14:04:41.631424Z","level":"error","event":"Expected: _c0 but found:","logger":"task.stderr"}
{"timestamp":"2026-07-01T14:04:41.631458Z","level":"error","event":"CSV file: file:///Users/burugula.sasank/airflow/dags/file_stores/api_dump/cric_data/Batting/ODI%20data.csv","logger":"task.stderr"}
{"timestamp":"2026-07-01T14:04:42.230903Z","level":"error","event":"\r[Stage 2:>                                                          (0 + 1) / 1]\r\r                                                                                \r26/07/01 19:34:42 WARN CSVHeaderChecker: CSV header does not conform to the schema.","logger":"task.stderr"}
{"timestamp":"2026-07-01T14:04:42.231054Z","level":"error","event":" Header: , Player, Span, Mat, Inns, NO, Runs, HS, Ave, BF, SR, 100, 50, 0, 4s, 6s, Unnamed: 15","logger":"task.stderr"}
{"timestamp":"2026-07-01T14:04:42.231106Z","level":"error","event":" Schema: _c0, Player, Span, Mat, Inns, NO, Runs, HS, Ave, BF, SR, 100, 50, 0, 4s, 6s, Unnamed: 15","logger":"task.stderr"}
{"timestamp":"2026-07-01T14:04:42.231147Z","level":"error","event":"Expected: _c0 but found:","logger":"task.stderr"}
{"timestamp":"2026-07-01T14:04:42.231183Z","level":"error","event":"CSV file: file:///Users/burugula.sasank/airflow/dags/file_stores/api_dump/cric_data/Batting/t20.csv","logger":"task.stderr"}
{"timestamp":"2026-07-01T14:04:42.466662Z","level":"error","event":"26/07/01 19:34:42 WARN CSVHeaderChecker: CSV header does not conform to the schema.","logger":"task.stderr"}
{"timestamp":"2026-07-01T14:04:42.466856Z","level":"error","event":" Header: , Player, Span, Mat, Inns, NO, Runs, HS, Ave, 100, 50, 0, Unnamed: 11","logger":"task.stderr"}
{"timestamp":"2026-07-01T14:04:42.466921Z","level":"error","event":" Schema: _c0, Player, Span, Mat, Inns, NO, Runs, HS, Ave, 100, 50, 0, Unnamed: 11","logger":"task.stderr"}
{"timestamp":"2026-07-01T14:04:42.466976Z","level":"error","event":"Expected: _c0 but found:","logger":"task.stderr"}
{"timestamp":"2026-07-01T14:04:42.467029Z","level":"error","event":"CSV file: file:///Users/burugula.sasank/airflow/dags/file_stores/api_dump/cric_data/Batting/test.csv","logger":"task.stderr"}
{"timestamp":"2026-07-01T14:04:42.710971Z","level":"error","event":"26/07/01 19:34:42 WARN CSVHeaderChecker: CSV header does not conform to the schema.","logger":"task.stderr"}
{"timestamp":"2026-07-01T14:04:42.711144Z","level":"error","event":" Header: , Player, Span, Mat, Inns, Balls, Runs, Wkts, BBI, Ave, Econ, SR, 4, 5, Unnamed: 13","logger":"task.stderr"}
{"timestamp":"2026-07-01T14:04:42.711209Z","level":"error","event":" Schema: _c0, Player, Span, Mat, Inns, Balls, Runs, Wkts, BBI, Ave, Econ, SR, 4, 5, Unnamed: 13","logger":"task.stderr"}
{"timestamp":"2026-07-01T14:04:42.711263Z","level":"error","event":"Expected: _c0 but found:","logger":"task.stderr"}
{"timestamp":"2026-07-01T14:04:42.711315Z","level":"error","event":"CSV file: file:///Users/burugula.sasank/airflow/dags/file_stores/api_dump/cric_data/Bowling/Bowling_ODI.csv","logger":"task.stderr"}
{"timestamp":"2026-07-01T14:04:42.917270Z","level":"error","event":"26/07/01 19:34:42 WARN CSVHeaderChecker: CSV header does not conform to the schema.","logger":"task.stderr"}
{"timestamp":"2026-07-01T14:04:42.917423Z","level":"error","event":" Header: , Player, Span, Mat, Inns, Overs, Mdns, Runs, Wkts, BBI, Ave, Econ, SR, 4, 5, Unnamed: 14","logger":"task.stderr"}
{"timestamp":"2026-07-01T14:04:42.917471Z","level":"error","event":" Schema: _c0, Player, Span, Mat, Inns, Overs, Mdns, Runs, Wkts, BBI, Ave, Econ, SR, 4, 5, Unnamed: 14","logger":"task.stderr"}
{"timestamp":"2026-07-01T14:04:42.917507Z","level":"error","event":"Expected: _c0 but found:","logger":"task.stderr"}
{"timestamp":"2026-07-01T14:04:42.917542Z","level":"error","event":"CSV file: file:///Users/burugula.sasank/airflow/dags/file_stores/api_dump/cric_data/Bowling/Bowling_t20.csv","logger":"task.stderr"}
{"timestamp":"2026-07-01T14:04:43.133930Z","level":"error","event":"26/07/01 19:34:43 WARN CSVHeaderChecker: CSV header does not conform to the schema.","logger":"task.stderr"}
{"timestamp":"2026-07-01T14:04:43.134110Z","level":"error","event":" Header: , Player, Span, Mat, Inns, Balls, Runs, Wkts, BBI, BBM, Ave, Econ, SR, 5, 10, Unnamed: 14","logger":"task.stderr"}
{"timestamp":"2026-07-01T14:04:43.134178Z","level":"error","event":" Schema: _c0, Player, Span, Mat, Inns, Balls, Runs, Wkts, BBI, BBM, Ave, Econ, SR, 5, 10, Unnamed: 14","logger":"task.stderr"}
{"timestamp":"2026-07-01T14:04:43.134235Z","level":"error","event":"Expected: _c0 but found:","logger":"task.stderr"}
{"timestamp":"2026-07-01T14:04:43.134290Z","level":"error","event":"CSV file: file:///Users/burugula.sasank/airflow/dags/file_stores/api_dump/cric_data/Bowling/Bowling_test.csv","logger":"task.stderr"}
{"timestamp":"2026-07-01T14:04:43.399743Z","level":"error","event":"26/07/01 19:34:43 WARN CSVHeaderChecker: CSV header does not conform to the schema.","logger":"task.stderr"}
{"timestamp":"2026-07-01T14:04:43.399911Z","level":"error","event":" Header: , Player, Span, Mat, Inns, Dis, Ct, St, Ct Wk, Ct Fi, MD, D/I, Unnamed: 11","logger":"task.stderr"}
{"timestamp":"2026-07-01T14:04:43.399965Z","level":"error","event":" Schema: _c0, Player, Span, Mat, Inns, Dis, Ct, St, Ct Wk, Ct Fi, MD, D/I, Unnamed: 11","logger":"task.stderr"}
{"timestamp":"2026-07-01T14:04:43.400024Z","level":"error","event":"Expected: _c0 but found:","logger":"task.stderr"}
{"timestamp":"2026-07-01T14:04:43.400064Z","level":"error","event":"CSV file: file:///Users/burugula.sasank/airflow/dags/file_stores/api_dump/cric_data/Fielding/Fielding_ODI.csv","logger":"task.stderr"}
{"timestamp":"2026-07-01T14:04:43.600648Z","level":"error","event":"26/07/01 19:34:43 WARN CSVHeaderChecker: CSV header does not conform to the schema.","logger":"task.stderr"}
{"timestamp":"2026-07-01T14:04:43.601051Z","level":"error","event":" Header: , Player, Span, Mat, Inns, Dis, Ct, St, Ct Wk, Ct Fi, MD, D/I, Unnamed: 11","logger":"task.stderr"}
{"timestamp":"2026-07-01T14:04:43.601136Z","level":"error","event":" Schema: _c0, Player, Span, Mat, Inns, Dis, Ct, St, Ct Wk, Ct Fi, MD, D/I, Unnamed: 11","logger":"task.stderr"}
{"timestamp":"2026-07-01T14:04:43.601185Z","level":"error","event":"Expected: _c0 but found:","logger":"task.stderr"}
{"timestamp":"2026-07-01T14:04:43.601224Z","level":"error","event":"CSV file: file:///Users/burugula.sasank/airflow/dags/file_stores/api_dump/cric_data/Fielding/Fielding_t20.csv","logger":"task.stderr"}
{"timestamp":"2026-07-01T14:04:43.783025Z","level":"error","event":"26/07/01 19:34:43 WARN CSVHeaderChecker: CSV header does not conform to the schema.","logger":"task.stderr"}
{"timestamp":"2026-07-01T14:04:43.783186Z","level":"error","event":" Header: , Player, Span, Mat, Inns, Dis, Ct, St, Ct Wk, Ct Fi, MD, D/I, Unnamed: 11","logger":"task.stderr"}
{"timestamp":"2026-07-01T14:04:43.783245Z","level":"error","event":" Schema: _c0, Player, Span, Mat, Inns, Dis, Ct, St, Ct Wk, Ct Fi, MD, D/I, Unnamed: 11","logger":"task.stderr"}
{"timestamp":"2026-07-01T14:04:43.783296Z","level":"error","event":"Expected: _c0 but found:","logger":"task.stderr"}
{"timestamp":"2026-07-01T14:04:43.783348Z","level":"error","event":"CSV file: file:///Users/burugula.sasank/airflow/dags/file_stores/api_dump/cric_data/Fielding/Fielding_test.csv","logger":"task.stderr"}
{"timestamp":"2026-07-01T14:04:43.899261Z","level":"error","event":"26/07/01 19:34:43 WARN CSVHeaderChecker: CSV header does not conform to the schema.","logger":"task.stderr"}
{"timestamp":"2026-07-01T14:04:43.899406Z","level":"error","event":" Header: , Player, Span, Mat, Inns, NO, Runs, HS, Ave, BF, SR, 100, 50, 0, Unnamed: 13","logger":"task.stderr"}
{"timestamp":"2026-07-01T14:04:43.899455Z","level":"error","event":" Schema: _c0, Player, Span, Mat, Inns, NO, Runs, HS, Ave, BF, SR, 100, 50, 0, Unnamed: 13","logger":"task.stderr"}
{"timestamp":"2026-07-01T14:04:43.899493Z","level":"error","event":"Expected: _c0 but found:","logger":"task.stderr"}
{"timestamp":"2026-07-01T14:04:43.899529Z","level":"error","event":"CSV file: file:///Users/burugula.sasank/airflow/dags/file_stores/api_dump/cric_data/Batting/ODI%20data.csv","logger":"task.stderr"}
{"timestamp":"2026-07-01T14:04:44.414496Z","level":"info","event":"Sample Data (ODI Batsmen):","logger":"task.stdout"}
{"timestamp":"2026-07-01T14:04:44.414835Z","level":"info","event":"+---+--------------------+---------+---+----+---+-----+----+-----+-----+-----+---+---+---+-----------+","logger":"task.stdout"}
{"timestamp":"2026-07-01T14:04:44.414932Z","level":"info","event":"|_c0|              Player|     Span|Mat|Inns| NO| Runs|  HS|  Ave|   BF|   SR|100| 50|  0|Unnamed: 13|","logger":"task.stdout"}
{"timestamp":"2026-07-01T14:04:44.414980Z","level":"info","event":"+---+--------------------+---------+---+----+---+-----+----+-----+-----+-----+---+---+---+-----------+","logger":"task.stdout"}
{"timestamp":"2026-07-01T14:04:44.415028Z","level":"info","event":"|  0|SR Tendulkar (INDIA)|1989-2012|463| 452| 41|18426|200*|44.83|21367|86.23| 49| 96| 20|       NULL|","logger":"task.stdout"}
{"timestamp":"2026-07-01T14:04:44.415076Z","level":"info","event":"|  1|KC Sangakkara (As...|2000-2015|404| 380| 41|14234| 169|41.98|18048|78.86| 25| 93| 15|       NULL|","logger":"task.stdout"}
{"timestamp":"2026-07-01T14:04:44.415128Z","level":"info","event":"+---+--------------------+---------+---+----+---+-----+----+-----+-----+-----+---+---+---+-----------+","logger":"task.stdout"}
{"timestamp":"2026-07-01T14:04:44.415187Z","level":"info","event":"only showing top 2 rows","logger":"task.stdout"}
{"timestamp":"2026-07-01T14:04:44.446658Z","level":"info","event":"Bronze Ingestion Success","logger":"task.stdout"}
{"timestamp":"2026-07-01T14:04:44.446815Z","level":"info","event":"Done. Returned value was: None","dag_id":"dag_data","task_id":"ingest_data_to_bronze","try_number":1,"run_id":"manual__2026-07-01T14:04:25.389335+00:00","map_index":-1,"ti_id":"019f1dfe-cbbc-728d-bf8b-1e0ee625fdbd","logger":"airflow.task.operators.airflow.providers.standard.decorators.python._PythonDecoratedOperator","filename":"python.py","lineno":233}
{"timestamp":"2026-07-01T14:04:44.447052Z","level":"info","event":"::group::Post Execute","dag_id":"dag_data","task_id":"ingest_data_to_bronze","try_number":1,"run_id":"manual__2026-07-01T14:04:25.389335+00:00","map_index":-1,"ti_id":"019f1dfe-cbbc-728d-bf8b-1e0ee625fdbd","logger":"task","filename":"task_runner.py","lineno":1288}
{"timestamp":"2026-07-01T14:04:44.454989Z","level":"info","event":"::endgroup::","dag_id":"dag_data","task_id":"ingest_data_to_bronze","try_number":1,"run_id":"manual__2026-07-01T14:04:25.389335+00:00","map_index":-1,"ti_id":"019f1dfe-cbbc-728d-bf8b-1e0ee625fdbd","logger":"task","filename":"task_runner.py","lineno":1896}
