{"timestamp":"2026-07-04T12:05:18.457650Z","level":"info","event":"2026-07-04T12:05:18.457471Z [info     ] ::group::Pre Execute           [task] loc=task_runner.py:1926","logger":"task.stdout"}
{"timestamp":"2026-07-04T12:05:18.546506Z","level":"info","event":"setup plugin alembic.autogenerate.schemas","logger":"alembic.runtime.plugins","task_id":"transform_data_from_filesystem","dag_id":"dag_data","try_number":1,"ti_id":"019f2d04-a2a9-7644-a288-8a40c175cae9","run_id":"manual__2026-07-04T12:05:06.331896+00:00","map_index":-1,"filename":"plugins.py","lineno":37}
{"timestamp":"2026-07-04T12:05:18.546585Z","level":"info","event":"setup plugin alembic.autogenerate.tables","logger":"alembic.runtime.plugins","task_id":"transform_data_from_filesystem","dag_id":"dag_data","try_number":1,"ti_id":"019f2d04-a2a9-7644-a288-8a40c175cae9","run_id":"manual__2026-07-04T12:05:06.331896+00:00","map_index":-1,"filename":"plugins.py","lineno":37}
{"timestamp":"2026-07-04T12:05:18.546618Z","level":"info","event":"setup plugin alembic.autogenerate.types","logger":"alembic.runtime.plugins","task_id":"transform_data_from_filesystem","dag_id":"dag_data","try_number":1,"ti_id":"019f2d04-a2a9-7644-a288-8a40c175cae9","run_id":"manual__2026-07-04T12:05:06.331896+00:00","map_index":-1,"filename":"plugins.py","lineno":37}
{"timestamp":"2026-07-04T12:05:18.546643Z","level":"info","event":"setup plugin alembic.autogenerate.constraints","logger":"alembic.runtime.plugins","task_id":"transform_data_from_filesystem","dag_id":"dag_data","try_number":1,"ti_id":"019f2d04-a2a9-7644-a288-8a40c175cae9","run_id":"manual__2026-07-04T12:05:06.331896+00:00","map_index":-1,"filename":"plugins.py","lineno":37}
{"timestamp":"2026-07-04T12:05:18.546664Z","level":"info","event":"setup plugin alembic.autogenerate.defaults","logger":"alembic.runtime.plugins","task_id":"transform_data_from_filesystem","dag_id":"dag_data","try_number":1,"ti_id":"019f2d04-a2a9-7644-a288-8a40c175cae9","run_id":"manual__2026-07-04T12:05:06.331896+00:00","map_index":-1,"filename":"plugins.py","lineno":37}
{"timestamp":"2026-07-04T12:05:18.546685Z","level":"info","event":"setup plugin alembic.autogenerate.comments","logger":"alembic.runtime.plugins","task_id":"transform_data_from_filesystem","dag_id":"dag_data","try_number":1,"ti_id":"019f2d04-a2a9-7644-a288-8a40c175cae9","run_id":"manual__2026-07-04T12:05:06.331896+00:00","map_index":-1,"filename":"plugins.py","lineno":37}
{"timestamp":"2026-07-04T12:05:18.592974Z","level":"info","event":"DAG bundles loaded: dags-folder","task_id":"transform_data_from_filesystem","dag_id":"dag_data","try_number":1,"ti_id":"019f2d04-a2a9-7644-a288-8a40c175cae9","run_id":"manual__2026-07-04T12:05:06.331896+00:00","map_index":-1,"logger":"airflow.dag_processing.bundles.manager.DagBundlesManager","filename":"manager.py","lineno":209}
{"timestamp":"2026-07-04T12:05:18.593218Z","level":"info","event":"Filling up the DagBag from /Users/burugula.sasank/airflow/dags/etl_scheduler.py","task_id":"transform_data_from_filesystem","dag_id":"dag_data","try_number":1,"ti_id":"019f2d04-a2a9-7644-a288-8a40c175cae9","run_id":"manual__2026-07-04T12:05:06.331896+00:00","map_index":-1,"logger":"airflow.dag_processing.dagbag.BundleDagBag","filename":"dagbag.py","lineno":469}
{"timestamp":"2026-07-04T12:05:18.627107Z","level":"warning","event":"The `airflow.decorators.task` attribute is deprecated. Please use `'airflow.sdk.task'`.","category":"UserWarning","filename":"/Users/burugula.sasank/airflow/dags/etl_scheduler.py","lineno":1,"task_id":"transform_data_from_filesystem","dag_id":"dag_data","try_number":1,"ti_id":"019f2d04-a2a9-7644-a288-8a40c175cae9","run_id":"manual__2026-07-04T12:05:06.331896+00:00","map_index":-1,"logger":"py.warnings"}
{"timestamp":"2026-07-04T12:05:18.627169Z","level":"warning","event":"The `airflow.decorators.dag` attribute is deprecated. Please use `'airflow.sdk.dag'`.","category":"UserWarning","filename":"/Users/burugula.sasank/airflow/dags/etl_scheduler.py","lineno":1,"task_id":"transform_data_from_filesystem","dag_id":"dag_data","try_number":1,"ti_id":"019f2d04-a2a9-7644-a288-8a40c175cae9","run_id":"manual__2026-07-04T12:05:06.331896+00:00","map_index":-1,"logger":"py.warnings"}
{"timestamp":"2026-07-04T12:05:18.627194Z","level":"warning","event":"The `airflow.hooks.base.BaseHook` attribute is deprecated. Please use `'airflow.sdk.bases.hook.BaseHook'`.","category":"UserWarning","filename":"/Users/burugula.sasank/airflow/dags/etl_scheduler.py","lineno":2,"task_id":"transform_data_from_filesystem","dag_id":"dag_data","try_number":1,"ti_id":"019f2d04-a2a9-7644-a288-8a40c175cae9","run_id":"manual__2026-07-04T12:05:06.331896+00:00","map_index":-1,"logger":"py.warnings"}
{"timestamp":"2026-07-04T12:05:18.639834Z","level":"info","event":"::endgroup::","task_id":"transform_data_from_filesystem","dag_id":"dag_data","try_number":1,"ti_id":"019f2d04-a2a9-7644-a288-8a40c175cae9","run_id":"manual__2026-07-04T12:05:06.331896+00:00","map_index":-1,"logger":"task","filename":"task_runner.py","lineno":1727}
{"timestamp":"2026-07-04T12:05:18.722117Z","level":"error","event":"/Library/Frameworks/Python.framework/Versions/3.14/lib/python3.14/site-packages/pyspark/sql/udf.py:134: UserWarning: Cannot infer the eval type from type hints.","logger":"task.stderr"}
{"timestamp":"2026-07-04T12:05:18.722204Z","level":"error","event":"  warnings.warn(\"Cannot infer the eval type from type hints. \", UserWarning)","logger":"task.stderr"}
{"timestamp":"2026-07-04T12:05:18.843323Z","level":"error","event":"WARNING: Using incubator modules: jdk.incubator.vector","logger":"task.stderr"}
{"timestamp":"2026-07-04T12:05:19.153684Z","level":"error","event":"Using Spark's default log4j profile: org/apache/spark/log4j2-defaults.properties","logger":"task.stderr"}
{"timestamp":"2026-07-04T12:05:19.159667Z","level":"error","event":"26/07/04 17:35:19 WARN Utils: Your hostname, Burugulas-MacBook-Air.local, resolves to a loopback address: 127.0.0.1; using 192.168.0.107 instead (on interface en0)","logger":"task.stderr"}
{"timestamp":"2026-07-04T12:05:19.160716Z","level":"error","event":"26/07/04 17:35:19 WARN Utils: Set SPARK_LOCAL_IP if you need to bind to another address","logger":"task.stderr"}
{"timestamp":"2026-07-04T12:05:19.233374Z","level":"error","event":":: loading settings :: url = jar:file:/Library/Frameworks/Python.framework/Versions/3.14/lib/python3.14/site-packages/pyspark/jars/ivy-2.5.3.jar!/org/apache/ivy/core/settings/ivysettings.xml","logger":"task.stderr"}
{"timestamp":"2026-07-04T12:05:19.266828Z","level":"error","event":"Ivy Default Cache set to: /Users/burugula.sasank/.ivy2.5.2/cache","logger":"task.stderr"}
{"timestamp":"2026-07-04T12:05:19.266985Z","level":"error","event":"The jars for the packages stored in: /Users/burugula.sasank/.ivy2.5.2/jars","logger":"task.stderr"}
{"timestamp":"2026-07-04T12:05:19.268071Z","level":"error","event":"org.postgresql#postgresql added as a dependency","logger":"task.stderr"}
{"timestamp":"2026-07-04T12:05:19.268338Z","level":"error","event":":: resolving dependencies :: org.apache.spark#spark-submit-parent-7e0f9fe8-25bf-46ef-b4fe-b1feca7ad94b;1.0","logger":"task.stderr"}
{"timestamp":"2026-07-04T12:05:19.268394Z","level":"error","event":"\tconfs: [default]","logger":"task.stderr"}
{"timestamp":"2026-07-04T12:05:19.311277Z","level":"error","event":"\tfound org.postgresql#postgresql;42.7.3 in central","logger":"task.stderr"}
{"timestamp":"2026-07-04T12:05:19.319378Z","level":"error","event":"\tfound org.checkerframework#checker-qual;3.42.0 in central","logger":"task.stderr"}
{"timestamp":"2026-07-04T12:05:19.324719Z","level":"error","event":":: resolution report :: resolve 54ms :: artifacts dl 2ms","logger":"task.stderr"}
{"timestamp":"2026-07-04T12:05:19.324927Z","level":"error","event":"\t:: modules in use:","logger":"task.stderr"}
{"timestamp":"2026-07-04T12:05:19.324995Z","level":"error","event":"\torg.checkerframework#checker-qual;3.42.0 from central in [default]","logger":"task.stderr"}
{"timestamp":"2026-07-04T12:05:19.325045Z","level":"error","event":"\torg.postgresql#postgresql;42.7.3 from central in [default]","logger":"task.stderr"}
{"timestamp":"2026-07-04T12:05:19.325089Z","level":"error","event":"\t---------------------------------------------------------------------","logger":"task.stderr"}
{"timestamp":"2026-07-04T12:05:19.325168Z","level":"error","event":"\t|                  |            modules            ||   artifacts   |","logger":"task.stderr"}
{"timestamp":"2026-07-04T12:05:19.325242Z","level":"error","event":"\t|       conf       | number| search|dwnlded|evicted|| number|dwnlded|","logger":"task.stderr"}
{"timestamp":"2026-07-04T12:05:19.325273Z","level":"error","event":"\t---------------------------------------------------------------------","logger":"task.stderr"}
{"timestamp":"2026-07-04T12:05:19.325300Z","level":"error","event":"\t|      default     |   2   |   0   |   0   |   0   ||   2   |   0   |","logger":"task.stderr"}
{"timestamp":"2026-07-04T12:05:19.325320Z","level":"error","event":"\t---------------------------------------------------------------------","logger":"task.stderr"}
{"timestamp":"2026-07-04T12:05:19.326622Z","level":"error","event":":: retrieving :: org.apache.spark#spark-submit-parent-7e0f9fe8-25bf-46ef-b4fe-b1feca7ad94b","logger":"task.stderr"}
{"timestamp":"2026-07-04T12:05:19.326809Z","level":"error","event":"\tconfs: [default]","logger":"task.stderr"}
{"timestamp":"2026-07-04T12:05:19.329162Z","level":"error","event":"\t0 artifacts copied, 2 already retrieved (0kB/3ms)","logger":"task.stderr"}
{"timestamp":"2026-07-04T12:05:19.411321Z","level":"error","event":"26/07/04 17:35:19 WARN NativeCodeLoader: Unable to load native-hadoop library for your platform... using builtin-java classes where applicable","logger":"task.stderr"}
{"timestamp":"2026-07-04T12:05:19.468335Z","level":"error","event":"Using Spark's default log4j profile: org/apache/spark/log4j2-defaults.properties","logger":"task.stderr"}
{"timestamp":"2026-07-04T12:05:19.468549Z","level":"error","event":"Setting default log level to \"WARN\".","logger":"task.stderr"}
{"timestamp":"2026-07-04T12:05:19.468608Z","level":"error","event":"To adjust logging level use sc.setLogLevel(newLevel). For SparkR, use setLogLevel(newLevel).","logger":"task.stderr"}
{"timestamp":"2026-07-04T12:05:19.935157Z","level":"error","event":"26/07/04 17:35:19 WARN Utils: Service 'SparkUI' could not bind on port 4040. Attempting port 4041.","logger":"task.stderr"}
{"timestamp":"2026-07-04T12:05:22.825837Z","level":"error","event":"26/07/04 17:35:22 WARN SparkStringUtils: Truncated the string representation of a plan since it was too large. This behavior can be adjusted by setting 'spark.sql.debug.maxToStringFields'.","logger":"task.stderr"}
{"timestamp":"2026-07-04T12:05:27.051389Z","level":"info","event":".....Connection with the database is successfull......","logger":"task.stdout"}
{"timestamp":"2026-07-04T12:05:27.051757Z","level":"info","event":".....Erased stale materialized views......","logger":"task.stdout"}
{"timestamp":"2026-07-04T12:05:27.051801Z","level":"info","event":"+-----------+-----------+------------+--------------+--------------+--------+----+-------------+-------+-----------+-----------+--------+-------+-----+---------------+---------------+------+","logger":"task.stdout"}
{"timestamp":"2026-07-04T12:05:27.051827Z","level":"info","event":"|  full_name|    country|years_active|matches_played|innings_played|not_outs|Runs|highest_score|average|balls_faced|strike_rate|hundreds|fifties|ducks|number_of_fours|number_of_sixes|format|","logger":"task.stdout"}
{"timestamp":"2026-07-04T12:05:27.051848Z","level":"info","event":"+-----------+-----------+------------+--------------+--------------+--------+----+-------------+-------+-----------+-----------+--------+-------+-----+---------------+---------------+------+","logger":"task.stdout"}
{"timestamp":"2026-07-04T12:05:27.051872Z","level":"info","event":"|LMP Simmons|West Indies|          12|            49|            48|       7| 990|           82|  24.14|        848|     116.74|       0|      6|    6|             92|             37|   T20|","logger":"task.stdout"}
{"timestamp":"2026-07-04T12:05:27.051891Z","level":"info","event":"+-----------+-----------+------------+--------------+--------------+--------+----+-------------+-------+-----------+-----------+--------+-------+-----+---------------+---------------+------+","logger":"task.stdout"}
{"timestamp":"2026-07-04T12:05:27.051924Z","level":"info","event":"only showing top 1 row","logger":"task.stdout"}
{"timestamp":"2026-07-04T12:05:27.051943Z","level":"info","event":"+---------+-------+------------+--------------+--------------+--------+----+-------------+-------+--------+-------+-----+------+","logger":"task.stdout"}
{"timestamp":"2026-07-04T12:05:27.051962Z","level":"info","event":"|full_name|country|years_active|matches_played|innings_played|not_outs|Runs|highest_score|average|hundreds|fifties|ducks|format|","logger":"task.stdout"}
{"timestamp":"2026-07-04T12:05:27.051979Z","level":"info","event":"+---------+-------+------------+--------------+--------------+--------+----+-------------+-------+--------+-------+-----+------+","logger":"task.stdout"}
{"timestamp":"2026-07-04T12:05:27.051996Z","level":"info","event":"| DB Close|England|          27|            22|            37|       2| 887|           70|  25.34|       0|      4|    3|  Test|","logger":"task.stdout"}
{"timestamp":"2026-07-04T12:05:27.052018Z","level":"info","event":"+---------+-------+------------+--------------+--------------+--------+----+-------------+-------+--------+-------+-----+------+","logger":"task.stdout"}
{"timestamp":"2026-07-04T12:05:27.052044Z","level":"info","event":"only showing top 1 row","logger":"task.stdout"}
{"timestamp":"2026-07-04T12:05:27.052063Z","level":"info","event":"+---------+-----------+------------+--------------+--------------+-----+----+-------+----+-------+-------+-----------+-----------------+-----------------+------+","logger":"task.stdout"}
{"timestamp":"2026-07-04T12:05:27.052084Z","level":"info","event":"|full_name|    country|years_active|matches_played|innings_played|Balls|Runs|wickets| BBI|average|economy|strike_rate|four_wicket_hauls|five_wicket_hauls|format|","logger":"task.stdout"}
{"timestamp":"2026-07-04T12:05:27.052106Z","level":"info","event":"+---------+-----------+------------+--------------+--------------+-----+----+-------+----+-------+-------+-----------+-----------------+-----------------+------+","logger":"task.stdout"}
{"timestamp":"2026-07-04T12:05:27.052126Z","level":"info","event":"| CH Gayle|West Indies|          20|           301|           199| 7424|5926|    167|5/46|  35.48|   4.78|       44.4|                3|                1|   ODI|","logger":"task.stdout"}
{"timestamp":"2026-07-04T12:05:27.052151Z","level":"info","event":"+---------+-----------+------------+--------------+--------------+-----+----+-------+----+-------+-------+-----------+-----------------+-----------------+------+","logger":"task.stdout"}
{"timestamp":"2026-07-04T12:05:27.052168Z","level":"info","event":"only showing top 1 row","logger":"task.stdout"}
{"timestamp":"2026-07-04T12:05:27.052193Z","level":"info","event":"+---------+-------+------------+--------------+--------------+-----+-----------------+----+-------+----+-------+-------+-----------+-----------------+-----------------+------+","logger":"task.stdout"}
{"timestamp":"2026-07-04T12:05:27.052216Z","level":"info","event":"|full_name|country|years_active|matches_played|innings_played|Overs|number_of_maidens|Runs|wickets| BBI|average|economy|strike_rate|four_wicket_hauls|five_wicket_hauls|format|","logger":"task.stdout"}
{"timestamp":"2026-07-04T12:05:27.052237Z","level":"info","event":"+---------+-------+------------+--------------+--------------+-----+-----------------+----+-------+----+-------+-------+-----------+-----------------+-----------------+------+","logger":"task.stdout"}
{"timestamp":"2026-07-04T12:05:27.052263Z","level":"info","event":"|  B Kumar|  India|           7|            43|            43|  926|                2|1088|     41|5/24|  26.53|   7.04|       22.5|                0|                1|   T20|","logger":"task.stdout"}
{"timestamp":"2026-07-04T12:05:27.052284Z","level":"info","event":"+---------+-------+------------+--------------+--------------+-----+-----------------+----+-------+----+-------+-------+-----------+-----------------+-----------------+------+","logger":"task.stdout"}
{"timestamp":"2026-07-04T12:05:27.052306Z","level":"info","event":"only showing top 1 row","logger":"task.stdout"}
{"timestamp":"2026-07-04T12:05:27.052330Z","level":"info","event":"+--------------+---------+------------+--------------+--------------+-----+-----+-------+----+------+-------+-------+-----------+-----------------+---+------+","logger":"task.stdout"}
{"timestamp":"2026-07-04T12:05:27.052351Z","level":"info","event":"|     full_name|  country|years_active|matches_played|innings_played|Balls| Runs|wickets| BBI|   BBM|average|economy|strike_rate|five_wicket_hauls| 10|format|","logger":"task.stdout"}
{"timestamp":"2026-07-04T12:05:27.052371Z","level":"info","event":"+--------------+---------+------------+--------------+--------------+-----+-----+-------+----+------+-------+-------+-----------+-----------------+---+------+","logger":"task.stdout"}
{"timestamp":"2026-07-04T12:05:27.052441Z","level":"info","event":"|M Muralitharan|Sri Lanka|          18|           133|           230|44039|18180|    800|9/51|16/220|  22.72|   2.47|       55.0|               67| 22|  Test|","logger":"task.stdout"}
{"timestamp":"2026-07-04T12:05:27.052462Z","level":"info","event":"+--------------+---------+------------+--------------+--------------+-----+-----+-------+----+------+-------+-------+-----------+-----------------+---+------+","logger":"task.stdout"}
{"timestamp":"2026-07-04T12:05:27.052482Z","level":"info","event":"only showing top 1 row","logger":"task.stdout"}
{"timestamp":"2026-07-04T12:05:27.052502Z","level":"info","event":"+---------+-------+------------+--------------+--------------+----------+-------+---------+-------------+------+","logger":"task.stdout"}
{"timestamp":"2026-07-04T12:05:27.052522Z","level":"info","event":"|full_name|country|years_active|matches_played|innings_played|dismissals|catches|stumpings|catch_wickets|format|","logger":"task.stdout"}
{"timestamp":"2026-07-04T12:05:27.052540Z","level":"info","event":"+---------+-------+------------+--------------+--------------+----------+-------+---------+-------------+------+","logger":"task.stdout"}
{"timestamp":"2026-07-04T12:05:27.052560Z","level":"info","event":"|  V Kohli|  India|          11|           242|           240|       124|    124|        0|            0|   ODI|","logger":"task.stdout"}
{"timestamp":"2026-07-04T12:05:27.052580Z","level":"info","event":"+---------+-------+------------+--------------+--------------+----------+-------+---------+-------------+------+","logger":"task.stdout"}
{"timestamp":"2026-07-04T12:05:27.052597Z","level":"info","event":"only showing top 1 row","logger":"task.stdout"}
{"timestamp":"2026-07-04T12:05:27.052617Z","level":"info","event":"+------------+----------+------------+--------------+--------------+----------+-------+---------+-------------+------+","logger":"task.stdout"}
{"timestamp":"2026-07-04T12:05:27.052633Z","level":"info","event":"|   full_name|   country|years_active|matches_played|innings_played|dismissals|catches|stumpings|catch_wickets|format|","logger":"task.stdout"}
{"timestamp":"2026-07-04T12:05:27.052653Z","level":"info","event":"+------------+----------+------------+--------------+--------------+----------+-------+---------+-------------+------+","logger":"task.stdout"}
{"timestamp":"2026-07-04T12:05:27.052673Z","level":"info","event":"|Ziaur Rahman|Bangladesh|           2|            14|            14|         4|      4|        0|            0|   T20|","logger":"task.stdout"}
{"timestamp":"2026-07-04T12:05:27.052695Z","level":"info","event":"+------------+----------+------------+--------------+--------------+----------+-------+---------+-------------+------+","logger":"task.stdout"}
{"timestamp":"2026-07-04T12:05:27.052715Z","level":"info","event":"only showing top 1 row","logger":"task.stdout"}
{"timestamp":"2026-07-04T12:05:27.052735Z","level":"info","event":"+---------+---------+------------+--------------+--------------+----------+-------+---------+-------------+------+","logger":"task.stdout"}
{"timestamp":"2026-07-04T12:05:27.052758Z","level":"info","event":"|full_name|  country|years_active|matches_played|innings_played|dismissals|catches|stumpings|catch_wickets|format|","logger":"task.stdout"}
{"timestamp":"2026-07-04T12:05:27.052775Z","level":"info","event":"+---------+---------+------------+--------------+--------------+----------+-------+---------+-------------+------+","logger":"task.stdout"}
{"timestamp":"2026-07-04T12:05:27.052794Z","level":"info","event":"|BN Jarman|Australia|          10|            19|            36|        54|     50|        4|           50|  Test|","logger":"task.stdout"}
{"timestamp":"2026-07-04T12:05:27.052811Z","level":"info","event":"+---------+---------+------------+--------------+--------------+----------+-------+---------+-------------+------+","logger":"task.stdout"}
{"timestamp":"2026-07-04T12:05:27.052830Z","level":"info","event":"only showing top 1 row","logger":"task.stdout"}
{"timestamp":"2026-07-04T12:05:27.072128Z","level":"info","event":"Silver Ingestion Success with returned val:CompletedProcess(args=['python3', '/Users/burugula.sasank/airflow/dags/spark/notebooks/silver_layer/data_transformations.py'], returncode=0)","logger":"task.stdout"}
{"timestamp":"2026-07-04T12:05:27.072560Z","level":"info","event":"Done. Returned value was: ","task_id":"transform_data_from_filesystem","dag_id":"dag_data","try_number":1,"ti_id":"019f2d04-a2a9-7644-a288-8a40c175cae9","run_id":"manual__2026-07-04T12:05:06.331896+00:00","map_index":-1,"logger":"airflow.task.operators.airflow.providers.standard.decorators.python._PythonDecoratedOperator","filename":"python.py","lineno":233}
{"timestamp":"2026-07-04T12:05:27.073164Z","level":"info","event":"::group::Post Execute","task_id":"transform_data_from_filesystem","dag_id":"dag_data","try_number":1,"ti_id":"019f2d04-a2a9-7644-a288-8a40c175cae9","run_id":"manual__2026-07-04T12:05:06.331896+00:00","map_index":-1,"logger":"task","filename":"task_runner.py","lineno":1288}
{"timestamp":"2026-07-04T12:05:27.073618Z","level":"info","event":"Pushing xcom","ti":"RuntimeTaskInstance(id=UUID('019f2d04-a2a9-7644-a288-8a40c175cae9'), task_id='transform_data_from_filesystem', dag_id='dag_data', run_id='manual__2026-07-04T12:05:06.331896+00:00', try_number=1, dag_version_id=UUID('019f2c09-88cb-79f1-ada2-a2bc16a5412d'), map_index=-1, hostname='burugulas-macbook-air.local', context_carrier={'traceparent': '00-2e7c110261d7f7af316b486d3bec14b5-5de74c657111f181-01'}, task=<Task(_PythonDecoratedOperator): transform_data_from_filesystem>, bundle_instance=LocalDagBundle(name=dags-folder), max_tries=0, start_date=datetime.datetime(2026, 7, 4, 12, 5, 18, 3038, tzinfo=datetime.timezone.utc), end_date=None, state=<TaskInstanceState.RUNNING: 'running'>, is_mapped=False, rendered_map_index=None, sentry_integration='')","task_id":"transform_data_from_filesystem","dag_id":"dag_data","try_number":1,"ti_id":"019f2d04-a2a9-7644-a288-8a40c175cae9","run_id":"manual__2026-07-04T12:05:06.331896+00:00","map_index":-1,"logger":"task","filename":"task_runner.py","lineno":1791}
{"timestamp":"2026-07-04T12:05:27.087136Z","level":"info","event":"::endgroup::","task_id":"transform_data_from_filesystem","dag_id":"dag_data","try_number":1,"ti_id":"019f2d04-a2a9-7644-a288-8a40c175cae9","run_id":"manual__2026-07-04T12:05:06.331896+00:00","map_index":-1,"logger":"task","filename":"task_runner.py","lineno":1896}
{"timestamp":"2026-07-04T12:05:27.554861Z","level":"error","event":"\r[Stage 9:>                                                          (0 + 1) / 1]","logger":"task.stderr"}
