{"timestamp":"2026-07-01T14:20:11.841248Z","level":"info","event":"2026-07-01T14:20:11.840920Z [info     ] ::group::Pre Execute           [task] loc=task_runner.py:1926","logger":"task.stdout"}
{"timestamp":"2026-07-01T14:20:11.991056Z","level":"info","event":"setup plugin alembic.autogenerate.schemas","logger":"alembic.runtime.plugins","run_id":"manual__2026-07-01T14:20:02.120091+00:00","task_id":"ingest_data_to_bronze","dag_id":"dag_data","map_index":-1,"try_number":1,"ti_id":"019f1e0d-16d4-7971-b94c-20308ecb50d2","filename":"plugins.py","lineno":37}
{"timestamp":"2026-07-01T14:20:11.991166Z","level":"info","event":"setup plugin alembic.autogenerate.tables","logger":"alembic.runtime.plugins","run_id":"manual__2026-07-01T14:20:02.120091+00:00","task_id":"ingest_data_to_bronze","dag_id":"dag_data","map_index":-1,"try_number":1,"ti_id":"019f1e0d-16d4-7971-b94c-20308ecb50d2","filename":"plugins.py","lineno":37}
{"timestamp":"2026-07-01T14:20:11.991221Z","level":"info","event":"setup plugin alembic.autogenerate.types","logger":"alembic.runtime.plugins","run_id":"manual__2026-07-01T14:20:02.120091+00:00","task_id":"ingest_data_to_bronze","dag_id":"dag_data","map_index":-1,"try_number":1,"ti_id":"019f1e0d-16d4-7971-b94c-20308ecb50d2","filename":"plugins.py","lineno":37}
{"timestamp":"2026-07-01T14:20:11.991263Z","level":"info","event":"setup plugin alembic.autogenerate.constraints","logger":"alembic.runtime.plugins","run_id":"manual__2026-07-01T14:20:02.120091+00:00","task_id":"ingest_data_to_bronze","dag_id":"dag_data","map_index":-1,"try_number":1,"ti_id":"019f1e0d-16d4-7971-b94c-20308ecb50d2","filename":"plugins.py","lineno":37}
{"timestamp":"2026-07-01T14:20:11.991298Z","level":"info","event":"setup plugin alembic.autogenerate.defaults","logger":"alembic.runtime.plugins","run_id":"manual__2026-07-01T14:20:02.120091+00:00","task_id":"ingest_data_to_bronze","dag_id":"dag_data","map_index":-1,"try_number":1,"ti_id":"019f1e0d-16d4-7971-b94c-20308ecb50d2","filename":"plugins.py","lineno":37}
{"timestamp":"2026-07-01T14:20:11.991333Z","level":"info","event":"setup plugin alembic.autogenerate.comments","logger":"alembic.runtime.plugins","run_id":"manual__2026-07-01T14:20:02.120091+00:00","task_id":"ingest_data_to_bronze","dag_id":"dag_data","map_index":-1,"try_number":1,"ti_id":"019f1e0d-16d4-7971-b94c-20308ecb50d2","filename":"plugins.py","lineno":37}
{"timestamp":"2026-07-01T14:20:12.062981Z","level":"info","event":"DAG bundles loaded: dags-folder","run_id":"manual__2026-07-01T14:20:02.120091+00:00","task_id":"ingest_data_to_bronze","dag_id":"dag_data","map_index":-1,"try_number":1,"ti_id":"019f1e0d-16d4-7971-b94c-20308ecb50d2","logger":"airflow.dag_processing.bundles.manager.DagBundlesManager","filename":"manager.py","lineno":209}
{"timestamp":"2026-07-01T14:20:12.063294Z","level":"info","event":"Filling up the DagBag from /Users/burugula.sasank/airflow/dags/etl_scheduler.py","run_id":"manual__2026-07-01T14:20:02.120091+00:00","task_id":"ingest_data_to_bronze","dag_id":"dag_data","map_index":-1,"try_number":1,"ti_id":"019f1e0d-16d4-7971-b94c-20308ecb50d2","logger":"airflow.dag_processing.dagbag.BundleDagBag","filename":"dagbag.py","lineno":469}
{"timestamp":"2026-07-01T14:20:12.119815Z","level":"warning","event":"The `airflow.decorators.task` attribute is deprecated. Please use `'airflow.sdk.task'`.","category":"UserWarning","filename":"/Users/burugula.sasank/airflow/dags/etl_scheduler.py","lineno":1,"run_id":"manual__2026-07-01T14:20:02.120091+00:00","task_id":"ingest_data_to_bronze","dag_id":"dag_data","map_index":-1,"try_number":1,"ti_id":"019f1e0d-16d4-7971-b94c-20308ecb50d2","logger":"py.warnings"}
{"timestamp":"2026-07-01T14:20:12.119891Z","level":"warning","event":"The `airflow.decorators.dag` attribute is deprecated. Please use `'airflow.sdk.dag'`.","category":"UserWarning","filename":"/Users/burugula.sasank/airflow/dags/etl_scheduler.py","lineno":1,"run_id":"manual__2026-07-01T14:20:02.120091+00:00","task_id":"ingest_data_to_bronze","dag_id":"dag_data","map_index":-1,"try_number":1,"ti_id":"019f1e0d-16d4-7971-b94c-20308ecb50d2","logger":"py.warnings"}
{"timestamp":"2026-07-01T14:20:12.119932Z","level":"warning","event":"The `airflow.hooks.base.BaseHook` attribute is deprecated. Please use `'airflow.sdk.bases.hook.BaseHook'`.","category":"UserWarning","filename":"/Users/burugula.sasank/airflow/dags/etl_scheduler.py","lineno":2,"run_id":"manual__2026-07-01T14:20:02.120091+00:00","task_id":"ingest_data_to_bronze","dag_id":"dag_data","map_index":-1,"try_number":1,"ti_id":"019f1e0d-16d4-7971-b94c-20308ecb50d2","logger":"py.warnings"}
{"timestamp":"2026-07-01T14:20:12.138447Z","level":"info","event":"::endgroup::","run_id":"manual__2026-07-01T14:20:02.120091+00:00","task_id":"ingest_data_to_bronze","dag_id":"dag_data","map_index":-1,"try_number":1,"ti_id":"019f1e0d-16d4-7971-b94c-20308ecb50d2","logger":"task","filename":"task_runner.py","lineno":1727}
{"timestamp":"2026-07-01T14:20:12.615240Z","level":"error","event":"WARNING: Using incubator modules: jdk.incubator.vector","logger":"task.stderr"}
{"timestamp":"2026-07-01T14:20:13.287365Z","level":"error","event":"Using Spark's default log4j profile: org/apache/spark/log4j2-defaults.properties","logger":"task.stderr"}
{"timestamp":"2026-07-01T14:20:13.298001Z","level":"error","event":"26/07/01 19:50:13 WARN Utils: Your hostname, Burugulas-MacBook-Air.local, resolves to a loopback address: 127.0.0.1; using 192.168.0.106 instead (on interface en0)","logger":"task.stderr"}
{"timestamp":"2026-07-01T14:20:13.299917Z","level":"error","event":"26/07/01 19:50:13 WARN Utils: Set SPARK_LOCAL_IP if you need to bind to another address","logger":"task.stderr"}
{"timestamp":"2026-07-01T14:20:13.523417Z","level":"error","event":"Using Spark's default log4j profile: org/apache/spark/log4j2-defaults.properties","logger":"task.stderr"}
{"timestamp":"2026-07-01T14:20:13.523638Z","level":"error","event":"Setting default log level to \"WARN\".","logger":"task.stderr"}
{"timestamp":"2026-07-01T14:20:13.523729Z","level":"error","event":"To adjust logging level use sc.setLogLevel(newLevel). For SparkR, use setLogLevel(newLevel).","logger":"task.stderr"}
{"timestamp":"2026-07-01T14:20:13.734475Z","level":"error","event":"26/07/01 19:50:13 WARN NativeCodeLoader: Unable to load native-hadoop library for your platform... using builtin-java classes where applicable","logger":"task.stderr"}
{"timestamp":"2026-07-01T14:20:19.364820Z","level":"error","event":"26/07/01 19:50:19 WARN CSVHeaderChecker: CSV header does not conform to the schema.","logger":"task.stderr"}
{"timestamp":"2026-07-01T14:20:19.365903Z","level":"error","event":" Header: , Player, Span, Mat, Inns, NO, Runs, HS, Ave, BF, SR, 100, 50, 0, Unnamed: 13","logger":"task.stderr"}
{"timestamp":"2026-07-01T14:20:19.366017Z","level":"error","event":" Schema: _c0, Player, Span, Mat, Inns, NO, Runs, HS, Ave, BF, SR, 100, 50, 0, Unnamed: 13","logger":"task.stderr"}
{"timestamp":"2026-07-01T14:20:19.366075Z","level":"error","event":"Expected: _c0 but found:","logger":"task.stderr"}
{"timestamp":"2026-07-01T14:20:19.366129Z","level":"error","event":"CSV file: file:///Users/burugula.sasank/airflow/dags/file_stores/api_dump/cric_data/Batting/ODI%20data.csv","logger":"task.stderr"}
{"timestamp":"2026-07-01T14:20:20.210685Z","level":"error","event":"\r[Stage 2:>                                                          (0 + 1) / 1]\r\r                                                                                \r26/07/01 19:50:20 WARN CSVHeaderChecker: CSV header does not conform to the schema.","logger":"task.stderr"}
{"timestamp":"2026-07-01T14:20:20.210944Z","level":"error","event":" Header: , Player, Span, Mat, Inns, NO, Runs, HS, Ave, BF, SR, 100, 50, 0, 4s, 6s, Unnamed: 15","logger":"task.stderr"}
{"timestamp":"2026-07-01T14:20:20.211031Z","level":"error","event":" Schema: _c0, Player, Span, Mat, Inns, NO, Runs, HS, Ave, BF, SR, 100, 50, 0, 4s, 6s, Unnamed: 15","logger":"task.stderr"}
{"timestamp":"2026-07-01T14:20:20.211087Z","level":"error","event":"Expected: _c0 but found:","logger":"task.stderr"}
{"timestamp":"2026-07-01T14:20:20.211134Z","level":"error","event":"CSV file: file:///Users/burugula.sasank/airflow/dags/file_stores/api_dump/cric_data/Batting/t20.csv","logger":"task.stderr"}
{"timestamp":"2026-07-01T14:20:20.575867Z","level":"error","event":"26/07/01 19:50:20 WARN CSVHeaderChecker: CSV header does not conform to the schema.","logger":"task.stderr"}
{"timestamp":"2026-07-01T14:20:20.576066Z","level":"error","event":" Header: , Player, Span, Mat, Inns, NO, Runs, HS, Ave, 100, 50, 0, Unnamed: 11","logger":"task.stderr"}
{"timestamp":"2026-07-01T14:20:20.576168Z","level":"error","event":" Schema: _c0, Player, Span, Mat, Inns, NO, Runs, HS, Ave, 100, 50, 0, Unnamed: 11","logger":"task.stderr"}
{"timestamp":"2026-07-01T14:20:20.576303Z","level":"error","event":"Expected: _c0 but found:","logger":"task.stderr"}
{"timestamp":"2026-07-01T14:20:20.576380Z","level":"error","event":"CSV file: file:///Users/burugula.sasank/airflow/dags/file_stores/api_dump/cric_data/Batting/test.csv","logger":"task.stderr"}
{"timestamp":"2026-07-01T14:20:20.971279Z","level":"error","event":"26/07/01 19:50:20 WARN CSVHeaderChecker: CSV header does not conform to the schema.","logger":"task.stderr"}
{"timestamp":"2026-07-01T14:20:20.971487Z","level":"error","event":" Header: , Player, Span, Mat, Inns, Balls, Runs, Wkts, BBI, Ave, Econ, SR, 4, 5, Unnamed: 13","logger":"task.stderr"}
{"timestamp":"2026-07-01T14:20:20.971563Z","level":"error","event":" Schema: _c0, Player, Span, Mat, Inns, Balls, Runs, Wkts, BBI, Ave, Econ, SR, 4, 5, Unnamed: 13","logger":"task.stderr"}
{"timestamp":"2026-07-01T14:20:20.971621Z","level":"error","event":"Expected: _c0 but found:","logger":"task.stderr"}
{"timestamp":"2026-07-01T14:20:20.971683Z","level":"error","event":"CSV file: file:///Users/burugula.sasank/airflow/dags/file_stores/api_dump/cric_data/Bowling/Bowling_ODI.csv","logger":"task.stderr"}
{"timestamp":"2026-07-01T14:20:21.305440Z","level":"error","event":"26/07/01 19:50:21 WARN CSVHeaderChecker: CSV header does not conform to the schema.","logger":"task.stderr"}
{"timestamp":"2026-07-01T14:20:21.305617Z","level":"error","event":" Header: , Player, Span, Mat, Inns, Overs, Mdns, Runs, Wkts, BBI, Ave, Econ, SR, 4, 5, Unnamed: 14","logger":"task.stderr"}
{"timestamp":"2026-07-01T14:20:21.305728Z","level":"error","event":" Schema: _c0, Player, Span, Mat, Inns, Overs, Mdns, Runs, Wkts, BBI, Ave, Econ, SR, 4, 5, Unnamed: 14","logger":"task.stderr"}
{"timestamp":"2026-07-01T14:20:21.305870Z","level":"error","event":"Expected: _c0 but found:","logger":"task.stderr"}
{"timestamp":"2026-07-01T14:20:21.305958Z","level":"error","event":"CSV file: file:///Users/burugula.sasank/airflow/dags/file_stores/api_dump/cric_data/Bowling/Bowling_t20.csv","logger":"task.stderr"}
{"timestamp":"2026-07-01T14:20:21.652689Z","level":"error","event":"26/07/01 19:50:21 WARN CSVHeaderChecker: CSV header does not conform to the schema.","logger":"task.stderr"}
{"timestamp":"2026-07-01T14:20:21.652909Z","level":"error","event":" Header: , Player, Span, Mat, Inns, Balls, Runs, Wkts, BBI, BBM, Ave, Econ, SR, 5, 10, Unnamed: 14","logger":"task.stderr"}
{"timestamp":"2026-07-01T14:20:21.652981Z","level":"error","event":" Schema: _c0, Player, Span, Mat, Inns, Balls, Runs, Wkts, BBI, BBM, Ave, Econ, SR, 5, 10, Unnamed: 14","logger":"task.stderr"}
{"timestamp":"2026-07-01T14:20:21.653044Z","level":"error","event":"Expected: _c0 but found:","logger":"task.stderr"}
{"timestamp":"2026-07-01T14:20:21.653112Z","level":"error","event":"CSV file: file:///Users/burugula.sasank/airflow/dags/file_stores/api_dump/cric_data/Bowling/Bowling_test.csv","logger":"task.stderr"}
{"timestamp":"2026-07-01T14:20:21.962812Z","level":"error","event":"26/07/01 19:50:21 WARN CSVHeaderChecker: CSV header does not conform to the schema.","logger":"task.stderr"}
{"timestamp":"2026-07-01T14:20:21.963030Z","level":"error","event":" Header: , Player, Span, Mat, Inns, Dis, Ct, St, Ct Wk, Ct Fi, MD, D/I, Unnamed: 11","logger":"task.stderr"}
{"timestamp":"2026-07-01T14:20:21.963115Z","level":"error","event":" Schema: _c0, Player, Span, Mat, Inns, Dis, Ct, St, Ct Wk, Ct Fi, MD, D/I, Unnamed: 11","logger":"task.stderr"}
{"timestamp":"2026-07-01T14:20:21.963192Z","level":"error","event":"Expected: _c0 but found:","logger":"task.stderr"}
{"timestamp":"2026-07-01T14:20:21.963255Z","level":"error","event":"CSV file: file:///Users/burugula.sasank/airflow/dags/file_stores/api_dump/cric_data/Fielding/Fielding_ODI.csv","logger":"task.stderr"}
{"timestamp":"2026-07-01T14:20:22.234896Z","level":"error","event":"26/07/01 19:50:22 WARN CSVHeaderChecker: CSV header does not conform to the schema.","logger":"task.stderr"}
{"timestamp":"2026-07-01T14:20:22.236025Z","level":"error","event":" Header: , Player, Span, Mat, Inns, Dis, Ct, St, Ct Wk, Ct Fi, MD, D/I, Unnamed: 11","logger":"task.stderr"}
{"timestamp":"2026-07-01T14:20:22.236281Z","level":"error","event":" Schema: _c0, Player, Span, Mat, Inns, Dis, Ct, St, Ct Wk, Ct Fi, MD, D/I, Unnamed: 11","logger":"task.stderr"}
{"timestamp":"2026-07-01T14:20:22.236409Z","level":"error","event":"Expected: _c0 but found:","logger":"task.stderr"}
{"timestamp":"2026-07-01T14:20:22.236566Z","level":"error","event":"CSV file: file:///Users/burugula.sasank/airflow/dags/file_stores/api_dump/cric_data/Fielding/Fielding_t20.csv","logger":"task.stderr"}
{"timestamp":"2026-07-01T14:20:22.493632Z","level":"error","event":"26/07/01 19:50:22 WARN CSVHeaderChecker: CSV header does not conform to the schema.","logger":"task.stderr"}
{"timestamp":"2026-07-01T14:20:22.493836Z","level":"error","event":" Header: , Player, Span, Mat, Inns, Dis, Ct, St, Ct Wk, Ct Fi, MD, D/I, Unnamed: 11","logger":"task.stderr"}
{"timestamp":"2026-07-01T14:20:22.493925Z","level":"error","event":" Schema: _c0, Player, Span, Mat, Inns, Dis, Ct, St, Ct Wk, Ct Fi, MD, D/I, Unnamed: 11","logger":"task.stderr"}
{"timestamp":"2026-07-01T14:20:22.493992Z","level":"error","event":"Expected: _c0 but found:","logger":"task.stderr"}
{"timestamp":"2026-07-01T14:20:22.494057Z","level":"error","event":"CSV file: file:///Users/burugula.sasank/airflow/dags/file_stores/api_dump/cric_data/Fielding/Fielding_test.csv","logger":"task.stderr"}
{"timestamp":"2026-07-01T14:20:22.645300Z","level":"error","event":"26/07/01 19:50:22 WARN CSVHeaderChecker: CSV header does not conform to the schema.","logger":"task.stderr"}
{"timestamp":"2026-07-01T14:20:22.645501Z","level":"error","event":" Header: , Player, Span, Mat, Inns, NO, Runs, HS, Ave, BF, SR, 100, 50, 0, Unnamed: 13","logger":"task.stderr"}
{"timestamp":"2026-07-01T14:20:22.645614Z","level":"error","event":" Schema: _c0, Player, Span, Mat, Inns, NO, Runs, HS, Ave, BF, SR, 100, 50, 0, Unnamed: 13","logger":"task.stderr"}
{"timestamp":"2026-07-01T14:20:22.645767Z","level":"error","event":"Expected: _c0 but found:","logger":"task.stderr"}
{"timestamp":"2026-07-01T14:20:22.645833Z","level":"error","event":"CSV file: file:///Users/burugula.sasank/airflow/dags/file_stores/api_dump/cric_data/Batting/ODI%20data.csv","logger":"task.stderr"}
{"timestamp":"2026-07-01T14:20:23.187802Z","level":"info","event":"Sample Data (ODI Batsmen):","logger":"task.stdout"}
{"timestamp":"2026-07-01T14:20:23.188085Z","level":"info","event":"+---+--------------------+---------+---+----+---+-----+----+-----+-----+-----+---+---+---+-----------+","logger":"task.stdout"}
{"timestamp":"2026-07-01T14:20:23.188221Z","level":"info","event":"|_c0|              Player|     Span|Mat|Inns| NO| Runs|  HS|  Ave|   BF|   SR|100| 50|  0|Unnamed: 13|","logger":"task.stdout"}
{"timestamp":"2026-07-01T14:20:23.188284Z","level":"info","event":"+---+--------------------+---------+---+----+---+-----+----+-----+-----+-----+---+---+---+-----------+","logger":"task.stdout"}
{"timestamp":"2026-07-01T14:20:23.188335Z","level":"info","event":"|  0|SR Tendulkar (INDIA)|1989-2012|463| 452| 41|18426|200*|44.83|21367|86.23| 49| 96| 20|       NULL|","logger":"task.stdout"}
{"timestamp":"2026-07-01T14:20:23.188385Z","level":"info","event":"|  1|KC Sangakkara (As...|2000-2015|404| 380| 41|14234| 169|41.98|18048|78.86| 25| 93| 15|       NULL|","logger":"task.stdout"}
{"timestamp":"2026-07-01T14:20:23.188437Z","level":"info","event":"+---+--------------------+---------+---+----+---+-----+----+-----+-----+-----+---+---+---+-----------+","logger":"task.stdout"}
{"timestamp":"2026-07-01T14:20:23.188501Z","level":"info","event":"only showing top 2 rows","logger":"task.stdout"}
{"timestamp":"2026-07-01T14:20:23.220832Z","level":"info","event":"Bronze Ingestion Success","logger":"task.stdout"}
{"timestamp":"2026-07-01T14:20:23.221647Z","level":"info","event":"Done. Returned value was: ","run_id":"manual__2026-07-01T14:20:02.120091+00:00","task_id":"ingest_data_to_bronze","dag_id":"dag_data","map_index":-1,"try_number":1,"ti_id":"019f1e0d-16d4-7971-b94c-20308ecb50d2","logger":"airflow.task.operators.airflow.providers.standard.decorators.python._PythonDecoratedOperator","filename":"python.py","lineno":233}
{"timestamp":"2026-07-01T14:20:23.222531Z","level":"info","event":"::group::Post Execute","run_id":"manual__2026-07-01T14:20:02.120091+00:00","task_id":"ingest_data_to_bronze","dag_id":"dag_data","map_index":-1,"try_number":1,"ti_id":"019f1e0d-16d4-7971-b94c-20308ecb50d2","logger":"task","filename":"task_runner.py","lineno":1288}
{"timestamp":"2026-07-01T14:20:23.223269Z","level":"info","event":"Pushing xcom","ti":"RuntimeTaskInstance(id=UUID('019f1e0d-16d4-7971-b94c-20308ecb50d2'), task_id='ingest_data_to_bronze', dag_id='dag_data', run_id='manual__2026-07-01T14:20:02.120091+00:00', try_number=1, dag_version_id=UUID('019f1e0a-ce24-78cf-968c-64a1e3b4de38'), map_index=-1, hostname='burugulas-macbook-air.local', context_carrier={'traceparent': '00-01ab6fb3a6a2c4aee1e36dcf17a21b5c-a3d794ad9ec122b2-01'}, task=<Task(_PythonDecoratedOperator): ingest_data_to_bronze>, bundle_instance=LocalDagBundle(name=dags-folder), max_tries=0, start_date=datetime.datetime(2026, 7, 1, 14, 20, 11, 85011, tzinfo=datetime.timezone.utc), end_date=None, state=<TaskInstanceState.RUNNING: 'running'>, is_mapped=False, rendered_map_index=None, sentry_integration='')","run_id":"manual__2026-07-01T14:20:02.120091+00:00","task_id":"ingest_data_to_bronze","dag_id":"dag_data","map_index":-1,"try_number":1,"ti_id":"019f1e0d-16d4-7971-b94c-20308ecb50d2","logger":"task","filename":"task_runner.py","lineno":1791}
{"timestamp":"2026-07-01T14:20:23.255464Z","level":"info","event":"::endgroup::","run_id":"manual__2026-07-01T14:20:02.120091+00:00","task_id":"ingest_data_to_bronze","dag_id":"dag_data","map_index":-1,"try_number":1,"ti_id":"019f1e0d-16d4-7971-b94c-20308ecb50d2","logger":"task","filename":"task_runner.py","lineno":1896}
