{"timestamp":"2026-07-04T12:16:05.609265Z","level":"info","event":"2026-07-04T12:16:05.609077Z [info     ] ::group::Pre Execute           [task] loc=task_runner.py:1926","logger":"task.stdout"}
{"timestamp":"2026-07-04T12:16:05.692130Z","level":"info","event":"setup plugin alembic.autogenerate.schemas","logger":"alembic.runtime.plugins","dag_id":"dag_data","task_id":"ingest_data_to_filesystem","run_id":"manual__2026-07-04T12:15:59.820660+00:00","ti_id":"019f2d0e-9b59-7fb0-8841-f6aac5c60d5f","try_number":1,"map_index":-1,"filename":"plugins.py","lineno":37}
{"timestamp":"2026-07-04T12:16:05.692208Z","level":"info","event":"setup plugin alembic.autogenerate.tables","logger":"alembic.runtime.plugins","dag_id":"dag_data","task_id":"ingest_data_to_filesystem","run_id":"manual__2026-07-04T12:15:59.820660+00:00","ti_id":"019f2d0e-9b59-7fb0-8841-f6aac5c60d5f","try_number":1,"map_index":-1,"filename":"plugins.py","lineno":37}
{"timestamp":"2026-07-04T12:16:05.692241Z","level":"info","event":"setup plugin alembic.autogenerate.types","logger":"alembic.runtime.plugins","dag_id":"dag_data","task_id":"ingest_data_to_filesystem","run_id":"manual__2026-07-04T12:15:59.820660+00:00","ti_id":"019f2d0e-9b59-7fb0-8841-f6aac5c60d5f","try_number":1,"map_index":-1,"filename":"plugins.py","lineno":37}
{"timestamp":"2026-07-04T12:16:05.692266Z","level":"info","event":"setup plugin alembic.autogenerate.constraints","logger":"alembic.runtime.plugins","dag_id":"dag_data","task_id":"ingest_data_to_filesystem","run_id":"manual__2026-07-04T12:15:59.820660+00:00","ti_id":"019f2d0e-9b59-7fb0-8841-f6aac5c60d5f","try_number":1,"map_index":-1,"filename":"plugins.py","lineno":37}
{"timestamp":"2026-07-04T12:16:05.692286Z","level":"info","event":"setup plugin alembic.autogenerate.defaults","logger":"alembic.runtime.plugins","dag_id":"dag_data","task_id":"ingest_data_to_filesystem","run_id":"manual__2026-07-04T12:15:59.820660+00:00","ti_id":"019f2d0e-9b59-7fb0-8841-f6aac5c60d5f","try_number":1,"map_index":-1,"filename":"plugins.py","lineno":37}
{"timestamp":"2026-07-04T12:16:05.692306Z","level":"info","event":"setup plugin alembic.autogenerate.comments","logger":"alembic.runtime.plugins","dag_id":"dag_data","task_id":"ingest_data_to_filesystem","run_id":"manual__2026-07-04T12:15:59.820660+00:00","ti_id":"019f2d0e-9b59-7fb0-8841-f6aac5c60d5f","try_number":1,"map_index":-1,"filename":"plugins.py","lineno":37}
{"timestamp":"2026-07-04T12:16:05.732025Z","level":"info","event":"DAG bundles loaded: dags-folder","dag_id":"dag_data","task_id":"ingest_data_to_filesystem","run_id":"manual__2026-07-04T12:15:59.820660+00:00","ti_id":"019f2d0e-9b59-7fb0-8841-f6aac5c60d5f","try_number":1,"map_index":-1,"logger":"airflow.dag_processing.bundles.manager.DagBundlesManager","filename":"manager.py","lineno":209}
{"timestamp":"2026-07-04T12:16:05.732235Z","level":"info","event":"Filling up the DagBag from /Users/burugula.sasank/airflow/dags/etl_scheduler.py","dag_id":"dag_data","task_id":"ingest_data_to_filesystem","run_id":"manual__2026-07-04T12:15:59.820660+00:00","ti_id":"019f2d0e-9b59-7fb0-8841-f6aac5c60d5f","try_number":1,"map_index":-1,"logger":"airflow.dag_processing.dagbag.BundleDagBag","filename":"dagbag.py","lineno":469}
{"timestamp":"2026-07-04T12:16:05.762361Z","level":"warning","event":"The `airflow.decorators.task` attribute is deprecated. Please use `'airflow.sdk.task'`.","category":"UserWarning","filename":"/Users/burugula.sasank/airflow/dags/etl_scheduler.py","lineno":1,"dag_id":"dag_data","task_id":"ingest_data_to_filesystem","run_id":"manual__2026-07-04T12:15:59.820660+00:00","ti_id":"019f2d0e-9b59-7fb0-8841-f6aac5c60d5f","try_number":1,"map_index":-1,"logger":"py.warnings"}
{"timestamp":"2026-07-04T12:16:05.762411Z","level":"warning","event":"The `airflow.decorators.dag` attribute is deprecated. Please use `'airflow.sdk.dag'`.","category":"UserWarning","filename":"/Users/burugula.sasank/airflow/dags/etl_scheduler.py","lineno":1,"dag_id":"dag_data","task_id":"ingest_data_to_filesystem","run_id":"manual__2026-07-04T12:15:59.820660+00:00","ti_id":"019f2d0e-9b59-7fb0-8841-f6aac5c60d5f","try_number":1,"map_index":-1,"logger":"py.warnings"}
{"timestamp":"2026-07-04T12:16:05.762434Z","level":"warning","event":"The `airflow.hooks.base.BaseHook` attribute is deprecated. Please use `'airflow.sdk.bases.hook.BaseHook'`.","category":"UserWarning","filename":"/Users/burugula.sasank/airflow/dags/etl_scheduler.py","lineno":2,"dag_id":"dag_data","task_id":"ingest_data_to_filesystem","run_id":"manual__2026-07-04T12:15:59.820660+00:00","ti_id":"019f2d0e-9b59-7fb0-8841-f6aac5c60d5f","try_number":1,"map_index":-1,"logger":"py.warnings"}
{"timestamp":"2026-07-04T12:16:05.775285Z","level":"info","event":"::endgroup::","dag_id":"dag_data","task_id":"ingest_data_to_filesystem","run_id":"manual__2026-07-04T12:15:59.820660+00:00","ti_id":"019f2d0e-9b59-7fb0-8841-f6aac5c60d5f","try_number":1,"map_index":-1,"logger":"task","filename":"task_runner.py","lineno":1727}
{"timestamp":"2026-07-04T12:16:06.067843Z","level":"error","event":"WARNING: Using incubator modules: jdk.incubator.vector","logger":"task.stderr"}
{"timestamp":"2026-07-04T12:16:06.484936Z","level":"error","event":"Using Spark's default log4j profile: org/apache/spark/log4j2-defaults.properties","logger":"task.stderr"}
{"timestamp":"2026-07-04T12:16:06.490926Z","level":"error","event":"26/07/04 17:46:06 WARN Utils: Your hostname, Burugulas-MacBook-Air.local, resolves to a loopback address: 127.0.0.1; using 192.168.0.107 instead (on interface en0)","logger":"task.stderr"}
{"timestamp":"2026-07-04T12:16:06.491937Z","level":"error","event":"26/07/04 17:46:06 WARN Utils: Set SPARK_LOCAL_IP if you need to bind to another address","logger":"task.stderr"}
{"timestamp":"2026-07-04T12:16:06.616741Z","level":"error","event":"Using Spark's default log4j profile: org/apache/spark/log4j2-defaults.properties","logger":"task.stderr"}
{"timestamp":"2026-07-04T12:16:06.616880Z","level":"error","event":"Setting default log level to \"WARN\".","logger":"task.stderr"}
{"timestamp":"2026-07-04T12:16:06.616910Z","level":"error","event":"To adjust logging level use sc.setLogLevel(newLevel). For SparkR, use setLogLevel(newLevel).","logger":"task.stderr"}
{"timestamp":"2026-07-04T12:16:06.791665Z","level":"error","event":"26/07/04 17:46:06 WARN NativeCodeLoader: Unable to load native-hadoop library for your platform... using builtin-java classes where applicable","logger":"task.stderr"}
{"timestamp":"2026-07-04T12:16:09.667996Z","level":"error","event":"26/07/04 17:46:09 WARN CSVHeaderChecker: CSV header does not conform to the schema.","logger":"task.stderr"}
{"timestamp":"2026-07-04T12:16:09.668096Z","level":"error","event":" Header: , Player, Span, Mat, Inns, NO, Runs, HS, Ave, BF, SR, 100, 50, 0, Unnamed: 13","logger":"task.stderr"}
{"timestamp":"2026-07-04T12:16:09.668124Z","level":"error","event":" Schema: _c0, Player, Span, Mat, Inns, NO, Runs, HS, Ave, BF, SR, 100, 50, 0, Unnamed: 13","logger":"task.stderr"}
{"timestamp":"2026-07-04T12:16:09.668147Z","level":"error","event":"Expected: _c0 but found:","logger":"task.stderr"}
{"timestamp":"2026-07-04T12:16:09.668169Z","level":"error","event":"CSV file: file:///Users/burugula.sasank/airflow/dags/file_stores/api_dump/cric_data/Batting/ODI%20data.csv","logger":"task.stderr"}
{"timestamp":"2026-07-04T12:16:10.142586Z","level":"error","event":"26/07/04 17:46:10 WARN CSVHeaderChecker: CSV header does not conform to the schema.","logger":"task.stderr"}
{"timestamp":"2026-07-04T12:16:10.142746Z","level":"error","event":" Header: , Player, Span, Mat, Inns, NO, Runs, HS, Ave, BF, SR, 100, 50, 0, 4s, 6s, Unnamed: 15","logger":"task.stderr"}
{"timestamp":"2026-07-04T12:16:10.142802Z","level":"error","event":" Schema: _c0, Player, Span, Mat, Inns, NO, Runs, HS, Ave, BF, SR, 100, 50, 0, 4s, 6s, Unnamed: 15","logger":"task.stderr"}
{"timestamp":"2026-07-04T12:16:10.142853Z","level":"error","event":"Expected: _c0 but found:","logger":"task.stderr"}
{"timestamp":"2026-07-04T12:16:10.142899Z","level":"error","event":"CSV file: file:///Users/burugula.sasank/airflow/dags/file_stores/api_dump/cric_data/Batting/t20.csv","logger":"task.stderr"}
{"timestamp":"2026-07-04T12:16:10.339330Z","level":"error","event":"26/07/04 17:46:10 WARN CSVHeaderChecker: CSV header does not conform to the schema.","logger":"task.stderr"}
{"timestamp":"2026-07-04T12:16:10.339571Z","level":"error","event":" Header: , Player, Span, Mat, Inns, NO, Runs, HS, Ave, 100, 50, 0, Unnamed: 11","logger":"task.stderr"}
{"timestamp":"2026-07-04T12:16:10.339621Z","level":"error","event":" Schema: _c0, Player, Span, Mat, Inns, NO, Runs, HS, Ave, 100, 50, 0, Unnamed: 11","logger":"task.stderr"}
{"timestamp":"2026-07-04T12:16:10.339649Z","level":"error","event":"Expected: _c0 but found:","logger":"task.stderr"}
{"timestamp":"2026-07-04T12:16:10.339672Z","level":"error","event":"CSV file: file:///Users/burugula.sasank/airflow/dags/file_stores/api_dump/cric_data/Batting/test.csv","logger":"task.stderr"}
{"timestamp":"2026-07-04T12:16:10.503741Z","level":"error","event":"26/07/04 17:46:10 WARN CSVHeaderChecker: CSV header does not conform to the schema.","logger":"task.stderr"}
{"timestamp":"2026-07-04T12:16:10.503905Z","level":"error","event":" Header: , Player, Span, Mat, Inns, Balls, Runs, Wkts, BBI, Ave, Econ, SR, 4, 5, Unnamed: 13","logger":"task.stderr"}
{"timestamp":"2026-07-04T12:16:10.503961Z","level":"error","event":" Schema: _c0, Player, Span, Mat, Inns, Balls, Runs, Wkts, BBI, Ave, Econ, SR, 4, 5, Unnamed: 13","logger":"task.stderr"}
{"timestamp":"2026-07-04T12:16:10.504011Z","level":"error","event":"Expected: _c0 but found:","logger":"task.stderr"}
{"timestamp":"2026-07-04T12:16:10.504058Z","level":"error","event":"CSV file: file:///Users/burugula.sasank/airflow/dags/file_stores/api_dump/cric_data/Bowling/Bowling_ODI.csv","logger":"task.stderr"}
{"timestamp":"2026-07-04T12:16:10.667764Z","level":"error","event":"26/07/04 17:46:10 WARN CSVHeaderChecker: CSV header does not conform to the schema.","logger":"task.stderr"}
{"timestamp":"2026-07-04T12:16:10.667936Z","level":"error","event":" Header: , Player, Span, Mat, Inns, Overs, Mdns, Runs, Wkts, BBI, Ave, Econ, SR, 4, 5, Unnamed: 14","logger":"task.stderr"}
{"timestamp":"2026-07-04T12:16:10.667992Z","level":"error","event":" Schema: _c0, Player, Span, Mat, Inns, Overs, Mdns, Runs, Wkts, BBI, Ave, Econ, SR, 4, 5, Unnamed: 14","logger":"task.stderr"}
{"timestamp":"2026-07-04T12:16:10.668039Z","level":"error","event":"Expected: _c0 but found:","logger":"task.stderr"}
{"timestamp":"2026-07-04T12:16:10.668089Z","level":"error","event":"CSV file: file:///Users/burugula.sasank/airflow/dags/file_stores/api_dump/cric_data/Bowling/Bowling_t20.csv","logger":"task.stderr"}
{"timestamp":"2026-07-04T12:16:10.845036Z","level":"error","event":"26/07/04 17:46:10 WARN CSVHeaderChecker: CSV header does not conform to the schema.","logger":"task.stderr"}
{"timestamp":"2026-07-04T12:16:10.845215Z","level":"error","event":" Header: , Player, Span, Mat, Inns, Balls, Runs, Wkts, BBI, BBM, Ave, Econ, SR, 5, 10, Unnamed: 14","logger":"task.stderr"}
{"timestamp":"2026-07-04T12:16:10.845251Z","level":"error","event":" Schema: _c0, Player, Span, Mat, Inns, Balls, Runs, Wkts, BBI, BBM, Ave, Econ, SR, 5, 10, Unnamed: 14","logger":"task.stderr"}
{"timestamp":"2026-07-04T12:16:10.845276Z","level":"error","event":"Expected: _c0 but found:","logger":"task.stderr"}
{"timestamp":"2026-07-04T12:16:10.845299Z","level":"error","event":"CSV file: file:///Users/burugula.sasank/airflow/dags/file_stores/api_dump/cric_data/Bowling/Bowling_test.csv","logger":"task.stderr"}
{"timestamp":"2026-07-04T12:16:11.003757Z","level":"error","event":"26/07/04 17:46:11 WARN CSVHeaderChecker: CSV header does not conform to the schema.","logger":"task.stderr"}
{"timestamp":"2026-07-04T12:16:11.003878Z","level":"error","event":" Header: , Player, Span, Mat, Inns, Dis, Ct, St, Ct Wk, Ct Fi, MD, D/I, Unnamed: 11","logger":"task.stderr"}
{"timestamp":"2026-07-04T12:16:11.003908Z","level":"error","event":" Schema: _c0, Player, Span, Mat, Inns, Dis, Ct, St, Ct Wk, Ct Fi, MD, D/I, Unnamed: 11","logger":"task.stderr"}
{"timestamp":"2026-07-04T12:16:11.003932Z","level":"error","event":"Expected: _c0 but found:","logger":"task.stderr"}
{"timestamp":"2026-07-04T12:16:11.003967Z","level":"error","event":"CSV file: file:///Users/burugula.sasank/airflow/dags/file_stores/api_dump/cric_data/Fielding/Fielding_ODI.csv","logger":"task.stderr"}
{"timestamp":"2026-07-04T12:16:11.174660Z","level":"error","event":"26/07/04 17:46:11 WARN CSVHeaderChecker: CSV header does not conform to the schema.","logger":"task.stderr"}
{"timestamp":"2026-07-04T12:16:11.174821Z","level":"error","event":" Header: , Player, Span, Mat, Inns, Dis, Ct, St, Ct Wk, Ct Fi, MD, D/I, Unnamed: 11","logger":"task.stderr"}
{"timestamp":"2026-07-04T12:16:11.174872Z","level":"error","event":" Schema: _c0, Player, Span, Mat, Inns, Dis, Ct, St, Ct Wk, Ct Fi, MD, D/I, Unnamed: 11","logger":"task.stderr"}
{"timestamp":"2026-07-04T12:16:11.174916Z","level":"error","event":"Expected: _c0 but found:","logger":"task.stderr"}
{"timestamp":"2026-07-04T12:16:11.174960Z","level":"error","event":"CSV file: file:///Users/burugula.sasank/airflow/dags/file_stores/api_dump/cric_data/Fielding/Fielding_t20.csv","logger":"task.stderr"}
{"timestamp":"2026-07-04T12:16:11.306671Z","level":"error","event":"26/07/04 17:46:11 WARN CSVHeaderChecker: CSV header does not conform to the schema.","logger":"task.stderr"}
{"timestamp":"2026-07-04T12:16:11.306797Z","level":"error","event":" Header: , Player, Span, Mat, Inns, Dis, Ct, St, Ct Wk, Ct Fi, MD, D/I, Unnamed: 11","logger":"task.stderr"}
{"timestamp":"2026-07-04T12:16:11.306825Z","level":"error","event":" Schema: _c0, Player, Span, Mat, Inns, Dis, Ct, St, Ct Wk, Ct Fi, MD, D/I, Unnamed: 11","logger":"task.stderr"}
{"timestamp":"2026-07-04T12:16:11.306846Z","level":"error","event":"Expected: _c0 but found:","logger":"task.stderr"}
{"timestamp":"2026-07-04T12:16:11.306865Z","level":"error","event":"CSV file: file:///Users/burugula.sasank/airflow/dags/file_stores/api_dump/cric_data/Fielding/Fielding_test.csv","logger":"task.stderr"}
{"timestamp":"2026-07-04T12:16:11.382461Z","level":"error","event":"26/07/04 17:46:11 WARN CSVHeaderChecker: CSV header does not conform to the schema.","logger":"task.stderr"}
{"timestamp":"2026-07-04T12:16:11.382631Z","level":"error","event":" Header: , Player, Span, Mat, Inns, NO, Runs, HS, Ave, BF, SR, 100, 50, 0, Unnamed: 13","logger":"task.stderr"}
{"timestamp":"2026-07-04T12:16:11.382685Z","level":"error","event":" Schema: _c0, Player, Span, Mat, Inns, NO, Runs, HS, Ave, BF, SR, 100, 50, 0, Unnamed: 13","logger":"task.stderr"}
{"timestamp":"2026-07-04T12:16:11.382731Z","level":"error","event":"Expected: _c0 but found:","logger":"task.stderr"}
{"timestamp":"2026-07-04T12:16:11.382777Z","level":"error","event":"CSV file: file:///Users/burugula.sasank/airflow/dags/file_stores/api_dump/cric_data/Batting/ODI%20data.csv","logger":"task.stderr"}
{"timestamp":"2026-07-04T12:16:11.547404Z","level":"info","event":"Sample Data (ODI Batsmen):","logger":"task.stdout"}
{"timestamp":"2026-07-04T12:16:11.547520Z","level":"info","event":"+---+--------------------+---------+---+----+---+-----+----+-----+-----+-----+---+---+---+-----------+","logger":"task.stdout"}
{"timestamp":"2026-07-04T12:16:11.547550Z","level":"info","event":"|_c0|              Player|     Span|Mat|Inns| NO| Runs|  HS|  Ave|   BF|   SR|100| 50|  0|Unnamed: 13|","logger":"task.stdout"}
{"timestamp":"2026-07-04T12:16:11.547573Z","level":"info","event":"+---+--------------------+---------+---+----+---+-----+----+-----+-----+-----+---+---+---+-----------+","logger":"task.stdout"}
{"timestamp":"2026-07-04T12:16:11.547593Z","level":"info","event":"|  0|SR Tendulkar (INDIA)|1989-2012|463| 452| 41|18426|200*|44.83|21367|86.23| 49| 96| 20|       NULL|","logger":"task.stdout"}
{"timestamp":"2026-07-04T12:16:11.547612Z","level":"info","event":"|  1|KC Sangakkara (As...|2000-2015|404| 380| 41|14234| 169|41.98|18048|78.86| 25| 93| 15|       NULL|","logger":"task.stdout"}
{"timestamp":"2026-07-04T12:16:11.547631Z","level":"info","event":"+---+--------------------+---------+---+----+---+-----+----+-----+-----+-----+---+---+---+-----------+","logger":"task.stdout"}
{"timestamp":"2026-07-04T12:16:11.547658Z","level":"info","event":"only showing top 2 rows","logger":"task.stdout"}
{"timestamp":"2026-07-04T12:16:11.565333Z","level":"info","event":"Bronze Ingestion Success","logger":"task.stdout"}
{"timestamp":"2026-07-04T12:16:11.565522Z","level":"info","event":"Done. Returned value was: ","dag_id":"dag_data","task_id":"ingest_data_to_filesystem","run_id":"manual__2026-07-04T12:15:59.820660+00:00","ti_id":"019f2d0e-9b59-7fb0-8841-f6aac5c60d5f","try_number":1,"map_index":-1,"logger":"airflow.task.operators.airflow.providers.standard.decorators.python._PythonDecoratedOperator","filename":"python.py","lineno":233}
{"timestamp":"2026-07-04T12:16:11.565723Z","level":"info","event":"::group::Post Execute","dag_id":"dag_data","task_id":"ingest_data_to_filesystem","run_id":"manual__2026-07-04T12:15:59.820660+00:00","ti_id":"019f2d0e-9b59-7fb0-8841-f6aac5c60d5f","try_number":1,"map_index":-1,"logger":"task","filename":"task_runner.py","lineno":1288}
{"timestamp":"2026-07-04T12:16:11.565876Z","level":"info","event":"Pushing xcom","ti":"RuntimeTaskInstance(id=UUID('019f2d0e-9b59-7fb0-8841-f6aac5c60d5f'), task_id='ingest_data_to_filesystem', dag_id='dag_data', run_id='manual__2026-07-04T12:15:59.820660+00:00', try_number=1, dag_version_id=UUID('019f2c09-88cb-79f1-ada2-a2bc16a5412d'), map_index=-1, hostname='burugulas-macbook-air.local', context_carrier={'traceparent': '00-59106ddd4e895e7113e511f3514c8504-cd989830a43326c4-01'}, task=<Task(_PythonDecoratedOperator): ingest_data_to_filesystem>, bundle_instance=LocalDagBundle(name=dags-folder), max_tries=0, start_date=datetime.datetime(2026, 7, 4, 12, 16, 5, 179262, tzinfo=datetime.timezone.utc), end_date=None, state=<TaskInstanceState.RUNNING: 'running'>, is_mapped=False, rendered_map_index=None, sentry_integration='')","dag_id":"dag_data","task_id":"ingest_data_to_filesystem","run_id":"manual__2026-07-04T12:15:59.820660+00:00","ti_id":"019f2d0e-9b59-7fb0-8841-f6aac5c60d5f","try_number":1,"map_index":-1,"logger":"task","filename":"task_runner.py","lineno":1791}
{"timestamp":"2026-07-04T12:16:11.573895Z","level":"info","event":"::endgroup::","dag_id":"dag_data","task_id":"ingest_data_to_filesystem","run_id":"manual__2026-07-04T12:15:59.820660+00:00","ti_id":"019f2d0e-9b59-7fb0-8841-f6aac5c60d5f","try_number":1,"map_index":-1,"logger":"task","filename":"task_runner.py","lineno":1896}
