{"timestamp":"2026-07-04T09:34:17.832946Z","level":"info","event":"2026-07-04T09:34:17.832712Z [info     ] ::group::Pre Execute           [task] loc=task_runner.py:1926","logger":"task.stdout"}
{"timestamp":"2026-07-04T09:34:17.917660Z","level":"info","event":"setup plugin alembic.autogenerate.schemas","logger":"alembic.runtime.plugins","dag_id":"dag_data","map_index":-1,"task_id":"transform_data_from_filesystem","try_number":1,"ti_id":"019f2c7a-6140-7395-bae5-b265af5c4ba3","run_id":"manual__2026-07-04T09:34:05.612923+00:00","filename":"plugins.py","lineno":37}
{"timestamp":"2026-07-04T09:34:17.917736Z","level":"info","event":"setup plugin alembic.autogenerate.tables","logger":"alembic.runtime.plugins","dag_id":"dag_data","map_index":-1,"task_id":"transform_data_from_filesystem","try_number":1,"ti_id":"019f2c7a-6140-7395-bae5-b265af5c4ba3","run_id":"manual__2026-07-04T09:34:05.612923+00:00","filename":"plugins.py","lineno":37}
{"timestamp":"2026-07-04T09:34:17.917769Z","level":"info","event":"setup plugin alembic.autogenerate.types","logger":"alembic.runtime.plugins","dag_id":"dag_data","map_index":-1,"task_id":"transform_data_from_filesystem","try_number":1,"ti_id":"019f2c7a-6140-7395-bae5-b265af5c4ba3","run_id":"manual__2026-07-04T09:34:05.612923+00:00","filename":"plugins.py","lineno":37}
{"timestamp":"2026-07-04T09:34:17.917794Z","level":"info","event":"setup plugin alembic.autogenerate.constraints","logger":"alembic.runtime.plugins","dag_id":"dag_data","map_index":-1,"task_id":"transform_data_from_filesystem","try_number":1,"ti_id":"019f2c7a-6140-7395-bae5-b265af5c4ba3","run_id":"manual__2026-07-04T09:34:05.612923+00:00","filename":"plugins.py","lineno":37}
{"timestamp":"2026-07-04T09:34:17.917815Z","level":"info","event":"setup plugin alembic.autogenerate.defaults","logger":"alembic.runtime.plugins","dag_id":"dag_data","map_index":-1,"task_id":"transform_data_from_filesystem","try_number":1,"ti_id":"019f2c7a-6140-7395-bae5-b265af5c4ba3","run_id":"manual__2026-07-04T09:34:05.612923+00:00","filename":"plugins.py","lineno":37}
{"timestamp":"2026-07-04T09:34:17.917836Z","level":"info","event":"setup plugin alembic.autogenerate.comments","logger":"alembic.runtime.plugins","dag_id":"dag_data","map_index":-1,"task_id":"transform_data_from_filesystem","try_number":1,"ti_id":"019f2c7a-6140-7395-bae5-b265af5c4ba3","run_id":"manual__2026-07-04T09:34:05.612923+00:00","filename":"plugins.py","lineno":37}
{"timestamp":"2026-07-04T09:34:17.960748Z","level":"info","event":"DAG bundles loaded: dags-folder","dag_id":"dag_data","map_index":-1,"task_id":"transform_data_from_filesystem","try_number":1,"ti_id":"019f2c7a-6140-7395-bae5-b265af5c4ba3","run_id":"manual__2026-07-04T09:34:05.612923+00:00","logger":"airflow.dag_processing.bundles.manager.DagBundlesManager","filename":"manager.py","lineno":209}
{"timestamp":"2026-07-04T09:34:17.960950Z","level":"info","event":"Filling up the DagBag from /Users/burugula.sasank/airflow/dags/etl_scheduler.py","dag_id":"dag_data","map_index":-1,"task_id":"transform_data_from_filesystem","try_number":1,"ti_id":"019f2c7a-6140-7395-bae5-b265af5c4ba3","run_id":"manual__2026-07-04T09:34:05.612923+00:00","logger":"airflow.dag_processing.dagbag.BundleDagBag","filename":"dagbag.py","lineno":469}
{"timestamp":"2026-07-04T09:34:17.992419Z","level":"warning","event":"The `airflow.decorators.task` attribute is deprecated. Please use `'airflow.sdk.task'`.","category":"UserWarning","filename":"/Users/burugula.sasank/airflow/dags/etl_scheduler.py","lineno":1,"dag_id":"dag_data","map_index":-1,"task_id":"transform_data_from_filesystem","try_number":1,"ti_id":"019f2c7a-6140-7395-bae5-b265af5c4ba3","run_id":"manual__2026-07-04T09:34:05.612923+00:00","logger":"py.warnings"}
{"timestamp":"2026-07-04T09:34:17.992471Z","level":"warning","event":"The `airflow.decorators.dag` attribute is deprecated. Please use `'airflow.sdk.dag'`.","category":"UserWarning","filename":"/Users/burugula.sasank/airflow/dags/etl_scheduler.py","lineno":1,"dag_id":"dag_data","map_index":-1,"task_id":"transform_data_from_filesystem","try_number":1,"ti_id":"019f2c7a-6140-7395-bae5-b265af5c4ba3","run_id":"manual__2026-07-04T09:34:05.612923+00:00","logger":"py.warnings"}
{"timestamp":"2026-07-04T09:34:17.992495Z","level":"warning","event":"The `airflow.hooks.base.BaseHook` attribute is deprecated. Please use `'airflow.sdk.bases.hook.BaseHook'`.","category":"UserWarning","filename":"/Users/burugula.sasank/airflow/dags/etl_scheduler.py","lineno":2,"dag_id":"dag_data","map_index":-1,"task_id":"transform_data_from_filesystem","try_number":1,"ti_id":"019f2c7a-6140-7395-bae5-b265af5c4ba3","run_id":"manual__2026-07-04T09:34:05.612923+00:00","logger":"py.warnings"}
{"timestamp":"2026-07-04T09:34:18.005708Z","level":"info","event":"::endgroup::","dag_id":"dag_data","map_index":-1,"task_id":"transform_data_from_filesystem","try_number":1,"ti_id":"019f2c7a-6140-7395-bae5-b265af5c4ba3","run_id":"manual__2026-07-04T09:34:05.612923+00:00","logger":"task","filename":"task_runner.py","lineno":1727}
{"timestamp":"2026-07-04T09:34:18.072171Z","level":"error","event":"/Library/Frameworks/Python.framework/Versions/3.14/lib/python3.14/site-packages/pyspark/sql/udf.py:134: UserWarning: Cannot infer the eval type from type hints.","logger":"task.stderr"}
{"timestamp":"2026-07-04T09:34:18.072269Z","level":"error","event":"  warnings.warn(\"Cannot infer the eval type from type hints. \", UserWarning)","logger":"task.stderr"}
{"timestamp":"2026-07-04T09:34:18.188392Z","level":"error","event":"WARNING: Using incubator modules: jdk.incubator.vector","logger":"task.stderr"}
{"timestamp":"2026-07-04T09:34:18.478941Z","level":"error","event":"Using Spark's default log4j profile: org/apache/spark/log4j2-defaults.properties","logger":"task.stderr"}
{"timestamp":"2026-07-04T09:34:18.484264Z","level":"error","event":"26/07/04 15:04:18 WARN Utils: Your hostname, Burugulas-MacBook-Air.local, resolves to a loopback address: 127.0.0.1; using 192.168.0.107 instead (on interface en0)","logger":"task.stderr"}
{"timestamp":"2026-07-04T09:34:18.485267Z","level":"error","event":"26/07/04 15:04:18 WARN Utils: Set SPARK_LOCAL_IP if you need to bind to another address","logger":"task.stderr"}
{"timestamp":"2026-07-04T09:34:18.549654Z","level":"error","event":":: loading settings :: url = jar:file:/Library/Frameworks/Python.framework/Versions/3.14/lib/python3.14/site-packages/pyspark/jars/ivy-2.5.3.jar!/org/apache/ivy/core/settings/ivysettings.xml","logger":"task.stderr"}
{"timestamp":"2026-07-04T09:34:18.579979Z","level":"error","event":"Ivy Default Cache set to: /Users/burugula.sasank/.ivy2.5.2/cache","logger":"task.stderr"}
{"timestamp":"2026-07-04T09:34:18.580082Z","level":"error","event":"The jars for the packages stored in: /Users/burugula.sasank/.ivy2.5.2/jars","logger":"task.stderr"}
{"timestamp":"2026-07-04T09:34:18.581272Z","level":"error","event":"org.postgresql#postgresql added as a dependency","logger":"task.stderr"}
{"timestamp":"2026-07-04T09:34:18.581488Z","level":"error","event":":: resolving dependencies :: org.apache.spark#spark-submit-parent-45dcd1a2-fa91-445a-bdea-31700f84b7f6;1.0","logger":"task.stderr"}
{"timestamp":"2026-07-04T09:34:18.581544Z","level":"error","event":"\tconfs: [default]","logger":"task.stderr"}
{"timestamp":"2026-07-04T09:34:18.618796Z","level":"error","event":"\tfound org.postgresql#postgresql;42.7.3 in central","logger":"task.stderr"}
{"timestamp":"2026-07-04T09:34:18.626804Z","level":"error","event":"\tfound org.checkerframework#checker-qual;3.42.0 in central","logger":"task.stderr"}
{"timestamp":"2026-07-04T09:34:18.631752Z","level":"error","event":":: resolution report :: resolve 49ms :: artifacts dl 1ms","logger":"task.stderr"}
{"timestamp":"2026-07-04T09:34:18.631861Z","level":"error","event":"\t:: modules in use:","logger":"task.stderr"}
{"timestamp":"2026-07-04T09:34:18.631970Z","level":"error","event":"\torg.checkerframework#checker-qual;3.42.0 from central in [default]","logger":"task.stderr"}
{"timestamp":"2026-07-04T09:34:18.632023Z","level":"error","event":"\torg.postgresql#postgresql;42.7.3 from central in [default]","logger":"task.stderr"}
{"timestamp":"2026-07-04T09:34:18.632107Z","level":"error","event":"\t---------------------------------------------------------------------","logger":"task.stderr"}
{"timestamp":"2026-07-04T09:34:18.632196Z","level":"error","event":"\t|                  |            modules            ||   artifacts   |","logger":"task.stderr"}
{"timestamp":"2026-07-04T09:34:18.632226Z","level":"error","event":"\t|       conf       | number| search|dwnlded|evicted|| number|dwnlded|","logger":"task.stderr"}
{"timestamp":"2026-07-04T09:34:18.632253Z","level":"error","event":"\t---------------------------------------------------------------------","logger":"task.stderr"}
{"timestamp":"2026-07-04T09:34:18.632273Z","level":"error","event":"\t|      default     |   2   |   0   |   0   |   0   ||   2   |   0   |","logger":"task.stderr"}
{"timestamp":"2026-07-04T09:34:18.632292Z","level":"error","event":"\t---------------------------------------------------------------------","logger":"task.stderr"}
{"timestamp":"2026-07-04T09:34:18.632742Z","level":"error","event":":: retrieving :: org.apache.spark#spark-submit-parent-45dcd1a2-fa91-445a-bdea-31700f84b7f6","logger":"task.stderr"}
{"timestamp":"2026-07-04T09:34:18.632859Z","level":"error","event":"\tconfs: [default]","logger":"task.stderr"}
{"timestamp":"2026-07-04T09:34:18.635196Z","level":"error","event":"\t0 artifacts copied, 2 already retrieved (0kB/3ms)","logger":"task.stderr"}
{"timestamp":"2026-07-04T09:34:18.694769Z","level":"error","event":"26/07/04 15:04:18 WARN NativeCodeLoader: Unable to load native-hadoop library for your platform... using builtin-java classes where applicable","logger":"task.stderr"}
{"timestamp":"2026-07-04T09:34:18.742671Z","level":"error","event":"Using Spark's default log4j profile: org/apache/spark/log4j2-defaults.properties","logger":"task.stderr"}
{"timestamp":"2026-07-04T09:34:18.742832Z","level":"error","event":"Setting default log level to \"WARN\".","logger":"task.stderr"}
{"timestamp":"2026-07-04T09:34:18.742865Z","level":"error","event":"To adjust logging level use sc.setLogLevel(newLevel). For SparkR, use setLogLevel(newLevel).","logger":"task.stderr"}
{"timestamp":"2026-07-04T09:34:21.837052Z","level":"error","event":"26/07/04 15:04:21 WARN SparkStringUtils: Truncated the string representation of a plan since it was too large. This behavior can be adjusted by setting 'spark.sql.debug.maxToStringFields'.","logger":"task.stderr"}
{"timestamp":"2026-07-04T09:34:24.713014Z","level":"info","event":"Silver Ingestion Success with returned val:CompletedProcess(args=['python3', '/Users/burugula.sasank/airflow/dags/spark/notebooks/silver_layer/data_transformations.py'], returncode=0)","logger":"task.stdout"}
{"timestamp":"2026-07-04T09:34:24.713253Z","level":"info","event":"Done. Returned value was: ","dag_id":"dag_data","map_index":-1,"task_id":"transform_data_from_filesystem","try_number":1,"ti_id":"019f2c7a-6140-7395-bae5-b265af5c4ba3","run_id":"manual__2026-07-04T09:34:05.612923+00:00","logger":"airflow.task.operators.airflow.providers.standard.decorators.python._PythonDecoratedOperator","filename":"python.py","lineno":233}
{"timestamp":"2026-07-04T09:34:24.713471Z","level":"info","event":"::group::Post Execute","dag_id":"dag_data","map_index":-1,"task_id":"transform_data_from_filesystem","try_number":1,"ti_id":"019f2c7a-6140-7395-bae5-b265af5c4ba3","run_id":"manual__2026-07-04T09:34:05.612923+00:00","logger":"task","filename":"task_runner.py","lineno":1288}
{"timestamp":"2026-07-04T09:34:24.713638Z","level":"info","event":"Pushing xcom","ti":"RuntimeTaskInstance(id=UUID('019f2c7a-6140-7395-bae5-b265af5c4ba3'), task_id='transform_data_from_filesystem', dag_id='dag_data', run_id='manual__2026-07-04T09:34:05.612923+00:00', try_number=1, dag_version_id=UUID('019f2c09-88cb-79f1-ada2-a2bc16a5412d'), map_index=-1, hostname='burugulas-macbook-air.local', context_carrier={'traceparent': '00-96e2990102b76009ad45ba04499b5380-d1027271f7373f07-01'}, task=<Task(_PythonDecoratedOperator): transform_data_from_filesystem>, bundle_instance=LocalDagBundle(name=dags-folder), max_tries=0, start_date=datetime.datetime(2026, 7, 4, 9, 34, 17, 384450, tzinfo=datetime.timezone.utc), end_date=None, state=<TaskInstanceState.RUNNING: 'running'>, is_mapped=False, rendered_map_index=None, sentry_integration='')","dag_id":"dag_data","map_index":-1,"task_id":"transform_data_from_filesystem","try_number":1,"ti_id":"019f2c7a-6140-7395-bae5-b265af5c4ba3","run_id":"manual__2026-07-04T09:34:05.612923+00:00","logger":"task","filename":"task_runner.py","lineno":1791}
{"timestamp":"2026-07-04T09:34:24.722439Z","level":"info","event":"::endgroup::","dag_id":"dag_data","map_index":-1,"task_id":"transform_data_from_filesystem","try_number":1,"ti_id":"019f2c7a-6140-7395-bae5-b265af5c4ba3","run_id":"manual__2026-07-04T09:34:05.612923+00:00","logger":"task","filename":"task_runner.py","lineno":1896}
{"timestamp":"2026-07-04T09:34:25.188545Z","level":"error","event":"\r[Stage 9:>                                                          (0 + 1) / 1]","logger":"task.stderr"}
