{"timestamp":"2026-07-01T13:26:20.894416Z","level":"info","event":"2026-07-01T13:26:20.894072Z [info     ] ::group::Pre Execute           [task] loc=task_runner.py:1926","logger":"task.stdout"}
{"timestamp":"2026-07-01T13:26:21.038418Z","level":"info","event":"setup plugin alembic.autogenerate.schemas","logger":"alembic.runtime.plugins","ti_id":"019f1ddb-d65d-7c3d-a402-04e83655a418","run_id":"manual__2026-07-01T13:26:14.356157+00:00","map_index":-1,"try_number":1,"task_id":"ingest_data_to_bronze","dag_id":"dag_data","filename":"plugins.py","lineno":37}
{"timestamp":"2026-07-01T13:26:21.038531Z","level":"info","event":"setup plugin alembic.autogenerate.tables","logger":"alembic.runtime.plugins","ti_id":"019f1ddb-d65d-7c3d-a402-04e83655a418","run_id":"manual__2026-07-01T13:26:14.356157+00:00","map_index":-1,"try_number":1,"task_id":"ingest_data_to_bronze","dag_id":"dag_data","filename":"plugins.py","lineno":37}
{"timestamp":"2026-07-01T13:26:21.038587Z","level":"info","event":"setup plugin alembic.autogenerate.types","logger":"alembic.runtime.plugins","ti_id":"019f1ddb-d65d-7c3d-a402-04e83655a418","run_id":"manual__2026-07-01T13:26:14.356157+00:00","map_index":-1,"try_number":1,"task_id":"ingest_data_to_bronze","dag_id":"dag_data","filename":"plugins.py","lineno":37}
{"timestamp":"2026-07-01T13:26:21.038630Z","level":"info","event":"setup plugin alembic.autogenerate.constraints","logger":"alembic.runtime.plugins","ti_id":"019f1ddb-d65d-7c3d-a402-04e83655a418","run_id":"manual__2026-07-01T13:26:14.356157+00:00","map_index":-1,"try_number":1,"task_id":"ingest_data_to_bronze","dag_id":"dag_data","filename":"plugins.py","lineno":37}
{"timestamp":"2026-07-01T13:26:21.038667Z","level":"info","event":"setup plugin alembic.autogenerate.defaults","logger":"alembic.runtime.plugins","ti_id":"019f1ddb-d65d-7c3d-a402-04e83655a418","run_id":"manual__2026-07-01T13:26:14.356157+00:00","map_index":-1,"try_number":1,"task_id":"ingest_data_to_bronze","dag_id":"dag_data","filename":"plugins.py","lineno":37}
{"timestamp":"2026-07-01T13:26:21.038704Z","level":"info","event":"setup plugin alembic.autogenerate.comments","logger":"alembic.runtime.plugins","ti_id":"019f1ddb-d65d-7c3d-a402-04e83655a418","run_id":"manual__2026-07-01T13:26:14.356157+00:00","map_index":-1,"try_number":1,"task_id":"ingest_data_to_bronze","dag_id":"dag_data","filename":"plugins.py","lineno":37}
{"timestamp":"2026-07-01T13:26:21.112200Z","level":"info","event":"DAG bundles loaded: dags-folder","ti_id":"019f1ddb-d65d-7c3d-a402-04e83655a418","run_id":"manual__2026-07-01T13:26:14.356157+00:00","map_index":-1,"try_number":1,"task_id":"ingest_data_to_bronze","dag_id":"dag_data","logger":"airflow.dag_processing.bundles.manager.DagBundlesManager","filename":"manager.py","lineno":209}
{"timestamp":"2026-07-01T13:26:21.112530Z","level":"info","event":"Filling up the DagBag from /Users/burugula.sasank/airflow/dags/etl_scheduler.py","ti_id":"019f1ddb-d65d-7c3d-a402-04e83655a418","run_id":"manual__2026-07-01T13:26:14.356157+00:00","map_index":-1,"try_number":1,"task_id":"ingest_data_to_bronze","dag_id":"dag_data","logger":"airflow.dag_processing.dagbag.BundleDagBag","filename":"dagbag.py","lineno":469}
{"timestamp":"2026-07-01T13:26:21.169405Z","level":"warning","event":"The `airflow.decorators.task` attribute is deprecated. Please use `'airflow.sdk.task'`.","category":"UserWarning","filename":"/Users/burugula.sasank/airflow/dags/etl_scheduler.py","lineno":1,"ti_id":"019f1ddb-d65d-7c3d-a402-04e83655a418","run_id":"manual__2026-07-01T13:26:14.356157+00:00","map_index":-1,"try_number":1,"task_id":"ingest_data_to_bronze","dag_id":"dag_data","logger":"py.warnings"}
{"timestamp":"2026-07-01T13:26:21.169483Z","level":"warning","event":"The `airflow.decorators.dag` attribute is deprecated. Please use `'airflow.sdk.dag'`.","category":"UserWarning","filename":"/Users/burugula.sasank/airflow/dags/etl_scheduler.py","lineno":1,"ti_id":"019f1ddb-d65d-7c3d-a402-04e83655a418","run_id":"manual__2026-07-01T13:26:14.356157+00:00","map_index":-1,"try_number":1,"task_id":"ingest_data_to_bronze","dag_id":"dag_data","logger":"py.warnings"}
{"timestamp":"2026-07-01T13:26:21.169525Z","level":"warning","event":"The `airflow.hooks.base.BaseHook` attribute is deprecated. Please use `'airflow.sdk.bases.hook.BaseHook'`.","category":"UserWarning","filename":"/Users/burugula.sasank/airflow/dags/etl_scheduler.py","lineno":2,"ti_id":"019f1ddb-d65d-7c3d-a402-04e83655a418","run_id":"manual__2026-07-01T13:26:14.356157+00:00","map_index":-1,"try_number":1,"task_id":"ingest_data_to_bronze","dag_id":"dag_data","logger":"py.warnings"}
{"timestamp":"2026-07-01T13:26:21.189866Z","level":"info","event":"::endgroup::","ti_id":"019f1ddb-d65d-7c3d-a402-04e83655a418","run_id":"manual__2026-07-01T13:26:14.356157+00:00","map_index":-1,"try_number":1,"task_id":"ingest_data_to_bronze","dag_id":"dag_data","logger":"task","filename":"task_runner.py","lineno":1727}
{"timestamp":"2026-07-01T13:26:22.007153Z","level":"error","event":"WARNING: Using incubator modules: jdk.incubator.vector","logger":"task.stderr"}
{"timestamp":"2026-07-01T13:26:22.632411Z","level":"error","event":"Using Spark's default log4j profile: org/apache/spark/log4j2-defaults.properties","logger":"task.stderr"}
{"timestamp":"2026-07-01T13:26:22.641804Z","level":"error","event":"26/07/01 18:56:22 WARN Utils: Your hostname, Burugulas-MacBook-Air.local, resolves to a loopback address: 127.0.0.1; using 192.168.0.106 instead (on interface en0)","logger":"task.stderr"}
{"timestamp":"2026-07-01T13:26:22.643550Z","level":"error","event":"26/07/01 18:56:22 WARN Utils: Set SPARK_LOCAL_IP if you need to bind to another address","logger":"task.stderr"}
{"timestamp":"2026-07-01T13:26:22.885550Z","level":"error","event":"Using Spark's default log4j profile: org/apache/spark/log4j2-defaults.properties","logger":"task.stderr"}
{"timestamp":"2026-07-01T13:26:22.885849Z","level":"error","event":"Setting default log level to \"WARN\".","logger":"task.stderr"}
{"timestamp":"2026-07-01T13:26:22.885935Z","level":"error","event":"To adjust logging level use sc.setLogLevel(newLevel). For SparkR, use setLogLevel(newLevel).","logger":"task.stderr"}
{"timestamp":"2026-07-01T13:26:23.131995Z","level":"error","event":"26/07/01 18:56:23 WARN NativeCodeLoader: Unable to load native-hadoop library for your platform... using builtin-java classes where applicable","logger":"task.stderr"}
{"timestamp":"2026-07-01T13:26:25.966537Z","level":"error","event":"26/07/01 18:56:25 WARN FileStreamSink: Assume no metadata directory. Error while looking for metadata directory in the path: /usr/local/airflow/include/file_stores/api_dump/cric_data/Batting/ODI data.csv.","logger":"task.stderr"}
{"timestamp":"2026-07-01T13:26:25.966784Z","level":"error","event":"java.io.FileNotFoundException: File /usr/local/airflow/include/file_stores/api_dump/cric_data/Batting/ODI data.csv does not exist","logger":"task.stderr"}
{"timestamp":"2026-07-01T13:26:25.966837Z","level":"error","event":"\tat org.apache.hadoop.fs.RawLocalFileSystem.deprecatedGetFileStatus(RawLocalFileSystem.java:980)","logger":"task.stderr"}
{"timestamp":"2026-07-01T13:26:25.966886Z","level":"error","event":"\tat org.apache.hadoop.fs.RawLocalFileSystem.getFileLinkStatusInternal(RawLocalFileSystem.java:1301)","logger":"task.stderr"}
{"timestamp":"2026-07-01T13:26:25.966928Z","level":"error","event":"\tat org.apache.hadoop.fs.RawLocalFileSystem.getFileStatus(RawLocalFileSystem.java:970)","logger":"task.stderr"}
{"timestamp":"2026-07-01T13:26:25.966966Z","level":"error","event":"\tat org.apache.hadoop.fs.FilterFileSystem.getFileStatus(FilterFileSystem.java:462)","logger":"task.stderr"}
{"timestamp":"2026-07-01T13:26:25.966995Z","level":"error","event":"\tat org.apache.spark.sql.execution.streaming.sinks.FileStreamSink$.hasMetadata(FileStreamSink.scala:58)","logger":"task.stderr"}
{"timestamp":"2026-07-01T13:26:25.967024Z","level":"error","event":"\tat org.apache.spark.sql.execution.datasources.DataSource.resolveRelation(DataSource.scala:384)","logger":"task.stderr"}
{"timestamp":"2026-07-01T13:26:25.967053Z","level":"error","event":"\tat org.apache.spark.sql.catalyst.analysis.ResolveDataSource.org$apache$spark$sql$catalyst$analysis$ResolveDataSource$$loadV1BatchSource(ResolveDataSource.scala:143)","logger":"task.stderr"}
{"timestamp":"2026-07-01T13:26:25.967101Z","level":"error","event":"\tat org.apache.spark.sql.catalyst.analysis.ResolveDataSource$$anonfun$apply$1.$anonfun$applyOrElse$2(ResolveDataSource.scala:61)","logger":"task.stderr"}
{"timestamp":"2026-07-01T13:26:25.967130Z","level":"error","event":"\tat scala.Option.getOrElse(Option.scala:201)","logger":"task.stderr"}
{"timestamp":"2026-07-01T13:26:25.967159Z","level":"error","event":"\tat org.apache.spark.sql.catalyst.analysis.ResolveDataSource$$anonfun$apply$1.applyOrElse(ResolveDataSource.scala:61)","logger":"task.stderr"}
{"timestamp":"2026-07-01T13:26:25.967188Z","level":"error","event":"\tat org.apache.spark.sql.catalyst.analysis.ResolveDataSource$$anonfun$apply$1.applyOrElse(ResolveDataSource.scala:45)","logger":"task.stderr"}
{"timestamp":"2026-07-01T13:26:25.967215Z","level":"error","event":"\tat org.apache.spark.sql.catalyst.plans.logical.AnalysisHelper.$anonfun$resolveOperatorsUpWithPruning$3(AnalysisHelper.scala:139)","logger":"task.stderr"}
{"timestamp":"2026-07-01T13:26:25.967243Z","level":"error","event":"\tat org.apache.spark.sql.catalyst.trees.CurrentOrigin$.withOrigin(origin.scala:107)","logger":"task.stderr"}
{"timestamp":"2026-07-01T13:26:25.967271Z","level":"error","event":"\tat org.apache.spark.sql.catalyst.plans.logical.AnalysisHelper.$anonfun$resolveOperatorsUpWithPruning$1(AnalysisHelper.scala:139)","logger":"task.stderr"}
{"timestamp":"2026-07-01T13:26:25.967298Z","level":"error","event":"\tat org.apache.spark.sql.catalyst.plans.logical.AnalysisHelper$.allowInvokingTransformsInAnalyzer(AnalysisHelper.scala:416)","logger":"task.stderr"}
{"timestamp":"2026-07-01T13:26:25.967325Z","level":"error","event":"\tat org.apache.spark.sql.catalyst.plans.logical.AnalysisHelper.resolveOperatorsUpWithPruning(AnalysisHelper.scala:135)","logger":"task.stderr"}
{"timestamp":"2026-07-01T13:26:25.967354Z","level":"error","event":"\tat org.apache.spark.sql.catalyst.plans.logical.AnalysisHelper.resolveOperatorsUpWithPruning$(AnalysisHelper.scala:131)","logger":"task.stderr"}
{"timestamp":"2026-07-01T13:26:25.967382Z","level":"error","event":"\tat org.apache.spark.sql.catalyst.plans.logical.LogicalPlan.resolveOperatorsUpWithPruning(LogicalPlan.scala:37)","logger":"task.stderr"}
{"timestamp":"2026-07-01T13:26:25.967409Z","level":"error","event":"\tat org.apache.spark.sql.catalyst.plans.logical.AnalysisHelper.resolveOperatorsUp(AnalysisHelper.scala:112)","logger":"task.stderr"}
{"timestamp":"2026-07-01T13:26:25.967435Z","level":"error","event":"\tat org.apache.spark.sql.catalyst.plans.logical.AnalysisHelper.resolveOperatorsUp$(AnalysisHelper.scala:111)","logger":"task.stderr"}
{"timestamp":"2026-07-01T13:26:25.967461Z","level":"error","event":"\tat org.apache.spark.sql.catalyst.plans.logical.LogicalPlan.resolveOperatorsUp(LogicalPlan.scala:37)","logger":"task.stderr"}
{"timestamp":"2026-07-01T13:26:25.967487Z","level":"error","event":"\tat org.apache.spark.sql.catalyst.analysis.ResolveDataSource.apply(ResolveDataSource.scala:45)","logger":"task.stderr"}
{"timestamp":"2026-07-01T13:26:25.967512Z","level":"error","event":"\tat org.apache.spark.sql.catalyst.analysis.ResolveDataSource.apply(ResolveDataSource.scala:43)","logger":"task.stderr"}
{"timestamp":"2026-07-01T13:26:25.967538Z","level":"error","event":"\tat org.apache.spark.sql.catalyst.rules.RuleExecutor.$anonfun$execute$2(RuleExecutor.scala:248)","logger":"task.stderr"}
{"timestamp":"2026-07-01T13:26:25.967564Z","level":"error","event":"\tat scala.collection.LinearSeqOps.foldLeft(LinearSeq.scala:183)","logger":"task.stderr"}
{"timestamp":"2026-07-01T13:26:25.967590Z","level":"error","event":"\tat scala.collection.LinearSeqOps.foldLeft$(LinearSeq.scala:179)","logger":"task.stderr"}
{"timestamp":"2026-07-01T13:26:25.967617Z","level":"error","event":"\tat scala.collection.immutable.List.foldLeft(List.scala:79)","logger":"task.stderr"}
{"timestamp":"2026-07-01T13:26:25.967644Z","level":"error","event":"\tat org.apache.spark.sql.catalyst.rules.RuleExecutor.$anonfun$execute$1(RuleExecutor.scala:245)","logger":"task.stderr"}
{"timestamp":"2026-07-01T13:26:25.967675Z","level":"error","event":"\tat org.apache.spark.sql.catalyst.rules.RuleExecutor.$anonfun$execute$1$adapted(RuleExecutor.scala:237)","logger":"task.stderr"}
{"timestamp":"2026-07-01T13:26:25.967703Z","level":"error","event":"\tat scala.collection.immutable.List.foreach(List.scala:323)","logger":"task.stderr"}
{"timestamp":"2026-07-01T13:26:25.967730Z","level":"error","event":"\tat org.apache.spark.sql.catalyst.rules.RuleExecutor.execute(RuleExecutor.scala:237)","logger":"task.stderr"}
{"timestamp":"2026-07-01T13:26:25.967756Z","level":"error","event":"\tat org.apache.spark.sql.catalyst.analysis.Analyzer.org$apache$spark$sql$catalyst$analysis$Analyzer$$executeSameContext(Analyzer.scala:343)","logger":"task.stderr"}
{"timestamp":"2026-07-01T13:26:25.967783Z","level":"error","event":"\tat org.apache.spark.sql.catalyst.analysis.Analyzer.$anonfun$execute$1(Analyzer.scala:339)","logger":"task.stderr"}
{"timestamp":"2026-07-01T13:26:25.967810Z","level":"error","event":"\tat org.apache.spark.sql.catalyst.analysis.AnalysisContext$.withNewAnalysisContext(Analyzer.scala:224)","logger":"task.stderr"}
{"timestamp":"2026-07-01T13:26:25.967837Z","level":"error","event":"\tat org.apache.spark.sql.catalyst.analysis.Analyzer.execute(Analyzer.scala:339)","logger":"task.stderr"}
{"timestamp":"2026-07-01T13:26:25.967863Z","level":"error","event":"\tat org.apache.spark.sql.catalyst.analysis.Analyzer.execute(Analyzer.scala:289)","logger":"task.stderr"}
{"timestamp":"2026-07-01T13:26:25.967889Z","level":"error","event":"\tat org.apache.spark.sql.catalyst.rules.RuleExecutor.$anonfun$executeAndTrack$1(RuleExecutor.scala:207)","logger":"task.stderr"}
{"timestamp":"2026-07-01T13:26:25.972750Z","level":"error","event":"\tat org.apache.spark.sql.catalyst.QueryPlanningTracker$.withTracker(QueryPlanningTracker.scala:89)","logger":"task.stderr"}
{"timestamp":"2026-07-01T13:26:25.972848Z","level":"error","event":"\tat org.apache.spark.sql.catalyst.rules.RuleExecutor.executeAndTrack(RuleExecutor.scala:207)","logger":"task.stderr"}
{"timestamp":"2026-07-01T13:26:25.972890Z","level":"error","event":"\tat org.apache.spark.sql.catalyst.analysis.resolver.HybridAnalyzer.resolveInFixedPoint(HybridAnalyzer.scala:236)","logger":"task.stderr"}
{"timestamp":"2026-07-01T13:26:25.972923Z","level":"error","event":"\tat org.apache.spark.sql.catalyst.analysis.resolver.HybridAnalyzer.$anonfun$apply$1(HybridAnalyzer.scala:91)","logger":"task.stderr"}
{"timestamp":"2026-07-01T13:26:25.972952Z","level":"error","event":"\tat org.apache.spark.sql.catalyst.analysis.resolver.HybridAnalyzer.withTrackedAnalyzerBridgeState(HybridAnalyzer.scala:122)","logger":"task.stderr"}
{"timestamp":"2026-07-01T13:26:25.972981Z","level":"error","event":"\tat org.apache.spark.sql.catalyst.analysis.resolver.HybridAnalyzer.apply(HybridAnalyzer.scala:84)","logger":"task.stderr"}
{"timestamp":"2026-07-01T13:26:25.973009Z","level":"error","event":"\tat org.apache.spark.sql.catalyst.analysis.Analyzer.$anonfun$executeAndCheck$1(Analyzer.scala:322)","logger":"task.stderr"}
{"timestamp":"2026-07-01T13:26:25.973036Z","level":"error","event":"\tat org.apache.spark.sql.catalyst.plans.logical.AnalysisHelper$.markInAnalyzer(AnalysisHelper.scala:423)","logger":"task.stderr"}
{"timestamp":"2026-07-01T13:26:25.973064Z","level":"error","event":"\tat org.apache.spark.sql.catalyst.analysis.Analyzer.executeAndCheck(Analyzer.scala:322)","logger":"task.stderr"}
{"timestamp":"2026-07-01T13:26:25.973090Z","level":"error","event":"\tat org.apache.spark.sql.execution.QueryExecution.$anonfun$lazyAnalyzed$2(QueryExecution.scala:139)","logger":"task.stderr"}
{"timestamp":"2026-07-01T13:26:25.973116Z","level":"error","event":"\tat org.apache.spark.sql.catalyst.QueryPlanningTracker.measurePhase(QueryPlanningTracker.scala:148)","logger":"task.stderr"}
{"timestamp":"2026-07-01T13:26:25.973143Z","level":"error","event":"\tat org.apache.spark.sql.execution.QueryExecution.$anonfun$executePhase$2(QueryExecution.scala:330)","logger":"task.stderr"}
{"timestamp":"2026-07-01T13:26:25.973179Z","level":"error","event":"\tat org.apache.spark.sql.execution.QueryExecution$.withInternalError(QueryExecution.scala:717)","logger":"task.stderr"}
{"timestamp":"2026-07-01T13:26:25.973205Z","level":"error","event":"\tat org.apache.spark.sql.execution.QueryExecution.$anonfun$executePhase$1(QueryExecution.scala:330)","logger":"task.stderr"}
{"timestamp":"2026-07-01T13:26:25.973231Z","level":"error","event":"\tat org.apache.spark.sql.SparkSession.withActive(SparkSession.scala:804)","logger":"task.stderr"}
{"timestamp":"2026-07-01T13:26:25.973257Z","level":"error","event":"\tat org.apache.spark.sql.execution.QueryExecution.executePhase(QueryExecution.scala:329)","logger":"task.stderr"}
{"timestamp":"2026-07-01T13:26:25.973284Z","level":"error","event":"\tat org.apache.spark.sql.execution.QueryExecution.$anonfun$lazyAnalyzed$1(QueryExecution.scala:139)","logger":"task.stderr"}
{"timestamp":"2026-07-01T13:26:25.973308Z","level":"error","event":"\tat scala.util.Try$.apply(Try.scala:217)","logger":"task.stderr"}
{"timestamp":"2026-07-01T13:26:25.973475Z","level":"error","event":"\tat org.apache.spark.util.Utils$.doTryWithCallerStacktrace(Utils.scala:1392)","logger":"task.stderr"}
{"timestamp":"2026-07-01T13:26:25.973511Z","level":"error","event":"\tat org.apache.spark.util.LazyTry.tryT$lzycompute(LazyTry.scala:46)","logger":"task.stderr"}
{"timestamp":"2026-07-01T13:26:25.973540Z","level":"error","event":"\tat org.apache.spark.util.LazyTry.tryT(LazyTry.scala:46)","logger":"task.stderr"}
{"timestamp":"2026-07-01T13:26:25.973568Z","level":"error","event":"\tat org.apache.spark.util.LazyTry.get(LazyTry.scala:58)","logger":"task.stderr"}
{"timestamp":"2026-07-01T13:26:25.973595Z","level":"error","event":"\tat org.apache.spark.sql.execution.QueryExecution.analyzed(QueryExecution.scala:150)","logger":"task.stderr"}
{"timestamp":"2026-07-01T13:26:25.973623Z","level":"error","event":"\tat org.apache.spark.sql.execution.QueryExecution.assertAnalyzed(QueryExecution.scala:90)","logger":"task.stderr"}
{"timestamp":"2026-07-01T13:26:25.973650Z","level":"error","event":"\tat org.apache.spark.sql.classic.Dataset$.$anonfun$ofRows$1(Dataset.scala:114)","logger":"task.stderr"}
{"timestamp":"2026-07-01T13:26:25.973675Z","level":"error","event":"\tat org.apache.spark.sql.SparkSession.withActive(SparkSession.scala:804)","logger":"task.stderr"}
{"timestamp":"2026-07-01T13:26:25.973703Z","level":"error","event":"\tat org.apache.spark.sql.classic.Dataset$.ofRows(Dataset.scala:112)","logger":"task.stderr"}
{"timestamp":"2026-07-01T13:26:25.973731Z","level":"error","event":"\tat org.apache.spark.sql.classic.DataFrameReader.load(DataFrameReader.scala:108)","logger":"task.stderr"}
{"timestamp":"2026-07-01T13:26:25.973757Z","level":"error","event":"\tat org.apache.spark.sql.classic.DataFrameReader.load(DataFrameReader.scala:57)","logger":"task.stderr"}
{"timestamp":"2026-07-01T13:26:25.973782Z","level":"error","event":"\tat org.apache.spark.sql.DataFrameReader.csv(DataFrameReader.scala:392)","logger":"task.stderr"}
{"timestamp":"2026-07-01T13:26:25.973809Z","level":"error","event":"\tat org.apache.spark.sql.classic.DataFrameReader.csv(DataFrameReader.scala:258)","logger":"task.stderr"}
{"timestamp":"2026-07-01T13:26:25.973835Z","level":"error","event":"\tat java.base/jdk.internal.reflect.NativeMethodAccessorImpl.invoke0(Native Method)","logger":"task.stderr"}
{"timestamp":"2026-07-01T13:26:25.973863Z","level":"error","event":"\tat java.base/jdk.internal.reflect.NativeMethodAccessorImpl.invoke(NativeMethodAccessorImpl.java:76)","logger":"task.stderr"}
{"timestamp":"2026-07-01T13:26:25.973889Z","level":"error","event":"\tat java.base/jdk.internal.reflect.DelegatingMethodAccessorImpl.invoke(DelegatingMethodAccessorImpl.java:52)","logger":"task.stderr"}
{"timestamp":"2026-07-01T13:26:25.973915Z","level":"error","event":"\tat java.base/java.lang.reflect.Method.invoke(Method.java:578)","logger":"task.stderr"}
{"timestamp":"2026-07-01T13:26:25.973940Z","level":"error","event":"\tat py4j.reflection.MethodInvoker.invoke(MethodInvoker.java:244)","logger":"task.stderr"}
{"timestamp":"2026-07-01T13:26:25.973970Z","level":"error","event":"\tat py4j.reflection.ReflectionEngine.invoke(ReflectionEngine.java:374)","logger":"task.stderr"}
{"timestamp":"2026-07-01T13:26:25.973995Z","level":"error","event":"\tat py4j.Gateway.invoke(Gateway.java:282)","logger":"task.stderr"}
{"timestamp":"2026-07-01T13:26:25.974020Z","level":"error","event":"\tat py4j.commands.AbstractCommand.invokeMethod(AbstractCommand.java:132)","logger":"task.stderr"}
{"timestamp":"2026-07-01T13:26:25.974046Z","level":"error","event":"\tat py4j.commands.CallCommand.execute(CallCommand.java:79)","logger":"task.stderr"}
{"timestamp":"2026-07-01T13:26:25.974071Z","level":"error","event":"\tat py4j.ClientServerConnection.waitForCommands(ClientServerConnection.java:184)","logger":"task.stderr"}
{"timestamp":"2026-07-01T13:26:25.974097Z","level":"error","event":"\tat py4j.ClientServerConnection.run(ClientServerConnection.java:108)","logger":"task.stderr"}
{"timestamp":"2026-07-01T13:26:25.974123Z","level":"error","event":"\tat java.base/java.lang.Thread.run(Thread.java:1589)","logger":"task.stderr"}
{"timestamp":"2026-07-01T13:26:25.988017Z","level":"error","event":"Traceback (most recent call last):","logger":"task.stderr"}
{"timestamp":"2026-07-01T13:26:25.988673Z","level":"error","event":"  File \"/Users/burugula.sasank/Desktop/Airflow/my_airflow/spark/notebooks/bronze_layer/ingest_data_to_bronze.py\", line 61, in <module>","logger":"task.stderr"}
{"timestamp":"2026-07-01T13:26:25.988791Z","level":"error","event":"    parse_file_contents()","logger":"task.stderr"}
{"timestamp":"2026-07-01T13:26:25.988838Z","level":"error","event":"    ~~~~~~~~~~~~~~~~~~~^^","logger":"task.stderr"}
{"timestamp":"2026-07-01T13:26:25.988873Z","level":"error","event":"  File \"/Users/burugula.sasank/Desktop/Airflow/my_airflow/spark/notebooks/bronze_layer/ingest_data_to_bronze.py\", line 31, in parse_file_contents","logger":"task.stderr"}
{"timestamp":"2026-07-01T13:26:25.988904Z","level":"error","event":"    df_batsmen_odi = spark.read.csv(\"/usr/local/airflow/include/file_stores/api_dump/cric_data/Batting/ODI data.csv\", inferSchema=True, header=True)","logger":"task.stderr"}
{"timestamp":"2026-07-01T13:26:25.988933Z","level":"error","event":"  File \"/Library/Frameworks/Python.framework/Versions/3.14/lib/python3.14/site-packages/pyspark/sql/readwriter.py\", line 838, in csv","logger":"task.stderr"}
{"timestamp":"2026-07-01T13:26:25.988962Z","level":"error","event":"    return self._df(self._jreader.csv(self._spark._sc._jvm.PythonUtils.toSeq(path)))","logger":"task.stderr"}
{"timestamp":"2026-07-01T13:26:25.988989Z","level":"error","event":"                    ~~~~~~~~~~~~~~~~~^^^^^^^^^^^^^^^^^^^^^^^^^^^^^^^^^^^^^^^^^^^^^^","logger":"task.stderr"}
{"timestamp":"2026-07-01T13:26:25.989016Z","level":"error","event":"  File \"/Library/Frameworks/Python.framework/Versions/3.14/lib/python3.14/site-packages/py4j/java_gateway.py\", line 1362, in __call__","logger":"task.stderr"}
{"timestamp":"2026-07-01T13:26:25.989043Z","level":"error","event":"    return_value = get_return_value(","logger":"task.stderr"}
{"timestamp":"2026-07-01T13:26:25.989071Z","level":"error","event":"        answer, self.gateway_client, self.target_id, self.name)","logger":"task.stderr"}
{"timestamp":"2026-07-01T13:26:25.989097Z","level":"error","event":"  File \"/Library/Frameworks/Python.framework/Versions/3.14/lib/python3.14/site-packages/pyspark/errors/exceptions/captured.py\", line 269, in deco","logger":"task.stderr"}
{"timestamp":"2026-07-01T13:26:25.989123Z","level":"error","event":"    raise converted from None","logger":"task.stderr"}
{"timestamp":"2026-07-01T13:26:25.989148Z","level":"error","event":"pyspark.errors.exceptions.captured.AnalysisException: [PATH_NOT_FOUND] Path does not exist: file:/usr/local/airflow/include/file_stores/api_dump/cric_data/Batting/ODI data.csv. SQLSTATE: 42K03","logger":"task.stderr"}
{"timestamp":"2026-07-01T13:26:26.016804Z","level":"error","event":"Task failed with exception","ti_id":"019f1ddb-d65d-7c3d-a402-04e83655a418","run_id":"manual__2026-07-01T13:26:14.356157+00:00","map_index":-1,"try_number":1,"task_id":"ingest_data_to_bronze","dag_id":"dag_data","logger":"task","filename":"task_runner.py","lineno":1381,"error_detail":[{"exc_type":"CalledProcessError","exc_value":"Command '['python3', '/Users/burugula.sasank/Desktop/Airflow/my_airflow/spark/notebooks/bronze_layer/ingest_data_to_bronze.py']' returned non-zero exit status 1.","exc_notes":[],"syntax_error":null,"is_cause":false,"frames":[{"filename":"/Library/Frameworks/Python.framework/Versions/3.14/lib/python3.14/site-packages/airflow/sdk/execution_time/task_runner.py","lineno":1287,"name":"run"},{"filename":"/Library/Frameworks/Python.framework/Versions/3.14/lib/python3.14/site-packages/airflow/sdk/execution_time/task_runner.py","lineno":1745,"name":"_execute_task"},{"filename":"/Library/Frameworks/Python.framework/Versions/3.14/lib/python3.14/site-packages/airflow/sdk/bases/operator.py","lineno":443,"name":"wrapper"},{"filename":"/Library/Frameworks/Python.framework/Versions/3.14/lib/python3.14/site-packages/airflow/sdk/bases/decorator.py","lineno":398,"name":"execute"},{"filename":"/Library/Frameworks/Python.framework/Versions/3.14/lib/python3.14/site-packages/airflow/sdk/bases/operator.py","lineno":443,"name":"wrapper"},{"filename":"/Library/Frameworks/Python.framework/Versions/3.14/lib/python3.14/site-packages/airflow/providers/standard/operators/python.py","lineno":231,"name":"execute"},{"filename":"/Library/Frameworks/Python.framework/Versions/3.14/lib/python3.14/site-packages/airflow/providers/standard/operators/python.py","lineno":254,"name":"execute_callable"},{"filename":"/Library/Frameworks/Python.framework/Versions/3.14/lib/python3.14/site-packages/airflow/sdk/execution_time/callback_runner.py","lineno":97,"name":"run"},{"filename":"/Users/burugula.sasank/airflow/dags/etl_scheduler.py","lineno":52,"name":"ingest_data_to_bronze"},{"filename":"/Library/Frameworks/Python.framework/Versions/3.14/lib/python3.14/subprocess.py","lineno":578,"name":"run"}],"is_group":false,"exceptions":[]}]}
{"timestamp":"2026-07-01T13:26:26.017194Z","level":"info","event":"::group::Post Execute","ti_id":"019f1ddb-d65d-7c3d-a402-04e83655a418","run_id":"manual__2026-07-01T13:26:14.356157+00:00","map_index":-1,"try_number":1,"task_id":"ingest_data_to_bronze","dag_id":"dag_data","logger":"task","filename":"task_runner.py","lineno":1382}
{"timestamp":"2026-07-01T13:26:26.018007Z","level":"info","event":"::endgroup::","ti_id":"019f1ddb-d65d-7c3d-a402-04e83655a418","run_id":"manual__2026-07-01T13:26:14.356157+00:00","map_index":-1,"try_number":1,"task_id":"ingest_data_to_bronze","dag_id":"dag_data","logger":"task","filename":"task_runner.py","lineno":1896}
