{"timestamp":"2026-07-03T11:02:28.951985Z","level":"info","event":"2026-07-03T11:02:28.951834Z [info     ] ::group::Pre Execute           [task] loc=task_runner.py:1926","logger":"task.stdout"}
{"timestamp":"2026-07-03T11:02:29.029281Z","level":"info","event":"setup plugin alembic.autogenerate.schemas","logger":"alembic.runtime.plugins","ti_id":"019f27a4-d66b-7008-9704-4e03a39b8167","run_id":"manual__2026-07-03T11:02:22.046626+00:00","try_number":1,"map_index":-1,"dag_id":"dag_data","task_id":"ingest_data_to_filesystem","filename":"plugins.py","lineno":37}
{"timestamp":"2026-07-03T11:02:29.029351Z","level":"info","event":"setup plugin alembic.autogenerate.tables","logger":"alembic.runtime.plugins","ti_id":"019f27a4-d66b-7008-9704-4e03a39b8167","run_id":"manual__2026-07-03T11:02:22.046626+00:00","try_number":1,"map_index":-1,"dag_id":"dag_data","task_id":"ingest_data_to_filesystem","filename":"plugins.py","lineno":37}
{"timestamp":"2026-07-03T11:02:29.029381Z","level":"info","event":"setup plugin alembic.autogenerate.types","logger":"alembic.runtime.plugins","ti_id":"019f27a4-d66b-7008-9704-4e03a39b8167","run_id":"manual__2026-07-03T11:02:22.046626+00:00","try_number":1,"map_index":-1,"dag_id":"dag_data","task_id":"ingest_data_to_filesystem","filename":"plugins.py","lineno":37}
{"timestamp":"2026-07-03T11:02:29.029405Z","level":"info","event":"setup plugin alembic.autogenerate.constraints","logger":"alembic.runtime.plugins","ti_id":"019f27a4-d66b-7008-9704-4e03a39b8167","run_id":"manual__2026-07-03T11:02:22.046626+00:00","try_number":1,"map_index":-1,"dag_id":"dag_data","task_id":"ingest_data_to_filesystem","filename":"plugins.py","lineno":37}
{"timestamp":"2026-07-03T11:02:29.029426Z","level":"info","event":"setup plugin alembic.autogenerate.defaults","logger":"alembic.runtime.plugins","ti_id":"019f27a4-d66b-7008-9704-4e03a39b8167","run_id":"manual__2026-07-03T11:02:22.046626+00:00","try_number":1,"map_index":-1,"dag_id":"dag_data","task_id":"ingest_data_to_filesystem","filename":"plugins.py","lineno":37}
{"timestamp":"2026-07-03T11:02:29.029446Z","level":"info","event":"setup plugin alembic.autogenerate.comments","logger":"alembic.runtime.plugins","ti_id":"019f27a4-d66b-7008-9704-4e03a39b8167","run_id":"manual__2026-07-03T11:02:22.046626+00:00","try_number":1,"map_index":-1,"dag_id":"dag_data","task_id":"ingest_data_to_filesystem","filename":"plugins.py","lineno":37}
{"timestamp":"2026-07-03T11:02:29.068025Z","level":"info","event":"DAG bundles loaded: dags-folder","ti_id":"019f27a4-d66b-7008-9704-4e03a39b8167","run_id":"manual__2026-07-03T11:02:22.046626+00:00","try_number":1,"map_index":-1,"dag_id":"dag_data","task_id":"ingest_data_to_filesystem","logger":"airflow.dag_processing.bundles.manager.DagBundlesManager","filename":"manager.py","lineno":209}
{"timestamp":"2026-07-03T11:02:29.068218Z","level":"info","event":"Filling up the DagBag from /Users/burugula.sasank/airflow/dags/etl_scheduler.py","ti_id":"019f27a4-d66b-7008-9704-4e03a39b8167","run_id":"manual__2026-07-03T11:02:22.046626+00:00","try_number":1,"map_index":-1,"dag_id":"dag_data","task_id":"ingest_data_to_filesystem","logger":"airflow.dag_processing.dagbag.BundleDagBag","filename":"dagbag.py","lineno":469}
{"timestamp":"2026-07-03T11:02:29.097557Z","level":"warning","event":"The `airflow.decorators.task` attribute is deprecated. Please use `'airflow.sdk.task'`.","category":"UserWarning","filename":"/Users/burugula.sasank/airflow/dags/etl_scheduler.py","lineno":1,"ti_id":"019f27a4-d66b-7008-9704-4e03a39b8167","run_id":"manual__2026-07-03T11:02:22.046626+00:00","try_number":1,"map_index":-1,"dag_id":"dag_data","task_id":"ingest_data_to_filesystem","logger":"py.warnings"}
{"timestamp":"2026-07-03T11:02:29.097601Z","level":"warning","event":"The `airflow.decorators.dag` attribute is deprecated. Please use `'airflow.sdk.dag'`.","category":"UserWarning","filename":"/Users/burugula.sasank/airflow/dags/etl_scheduler.py","lineno":1,"ti_id":"019f27a4-d66b-7008-9704-4e03a39b8167","run_id":"manual__2026-07-03T11:02:22.046626+00:00","try_number":1,"map_index":-1,"dag_id":"dag_data","task_id":"ingest_data_to_filesystem","logger":"py.warnings"}
{"timestamp":"2026-07-03T11:02:29.097624Z","level":"warning","event":"The `airflow.hooks.base.BaseHook` attribute is deprecated. Please use `'airflow.sdk.bases.hook.BaseHook'`.","category":"UserWarning","filename":"/Users/burugula.sasank/airflow/dags/etl_scheduler.py","lineno":2,"ti_id":"019f27a4-d66b-7008-9704-4e03a39b8167","run_id":"manual__2026-07-03T11:02:22.046626+00:00","try_number":1,"map_index":-1,"dag_id":"dag_data","task_id":"ingest_data_to_filesystem","logger":"py.warnings"}
{"timestamp":"2026-07-03T11:02:29.109573Z","level":"info","event":"::endgroup::","ti_id":"019f27a4-d66b-7008-9704-4e03a39b8167","run_id":"manual__2026-07-03T11:02:22.046626+00:00","try_number":1,"map_index":-1,"dag_id":"dag_data","task_id":"ingest_data_to_filesystem","logger":"task","filename":"task_runner.py","lineno":1727}
{"timestamp":"2026-07-03T11:02:29.274816Z","level":"error","event":"WARNING: Using incubator modules: jdk.incubator.vector","logger":"task.stderr"}
{"timestamp":"2026-07-03T11:02:29.550662Z","level":"error","event":"Using Spark's default log4j profile: org/apache/spark/log4j2-defaults.properties","logger":"task.stderr"}
{"timestamp":"2026-07-03T11:02:29.556004Z","level":"error","event":"26/07/03 16:32:29 WARN Utils: Your hostname, Burugulas-MacBook-Air.local, resolves to a loopback address: 127.0.0.1; using 192.168.0.107 instead (on interface en0)","logger":"task.stderr"}
{"timestamp":"2026-07-03T11:02:29.557001Z","level":"error","event":"26/07/03 16:32:29 WARN Utils: Set SPARK_LOCAL_IP if you need to bind to another address","logger":"task.stderr"}
{"timestamp":"2026-07-03T11:02:29.655856Z","level":"error","event":"Using Spark's default log4j profile: org/apache/spark/log4j2-defaults.properties","logger":"task.stderr"}
{"timestamp":"2026-07-03T11:02:29.656006Z","level":"error","event":"Setting default log level to \"WARN\".","logger":"task.stderr"}
{"timestamp":"2026-07-03T11:02:29.656039Z","level":"error","event":"To adjust logging level use sc.setLogLevel(newLevel). For SparkR, use setLogLevel(newLevel).","logger":"task.stderr"}
{"timestamp":"2026-07-03T11:02:29.758590Z","level":"error","event":"26/07/03 16:32:29 WARN NativeCodeLoader: Unable to load native-hadoop library for your platform... using builtin-java classes where applicable","logger":"task.stderr"}
{"timestamp":"2026-07-03T11:02:32.165998Z","level":"error","event":"26/07/03 16:32:32 WARN CSVHeaderChecker: CSV header does not conform to the schema.","logger":"task.stderr"}
{"timestamp":"2026-07-03T11:02:32.166169Z","level":"error","event":" Header: , Player, Span, Mat, Inns, NO, Runs, HS, Ave, BF, SR, 100, 50, 0, Unnamed: 13","logger":"task.stderr"}
{"timestamp":"2026-07-03T11:02:32.166225Z","level":"error","event":" Schema: _c0, Player, Span, Mat, Inns, NO, Runs, HS, Ave, BF, SR, 100, 50, 0, Unnamed: 13","logger":"task.stderr"}
{"timestamp":"2026-07-03T11:02:32.166346Z","level":"error","event":"Expected: _c0 but found:","logger":"task.stderr"}
{"timestamp":"2026-07-03T11:02:32.166387Z","level":"error","event":"CSV file: file:///Users/burugula.sasank/airflow/dags/file_stores/api_dump/cric_data/Batting/ODI%20data.csv","logger":"task.stderr"}
{"timestamp":"2026-07-03T11:02:32.851150Z","level":"error","event":"\r[Stage 2:>                                                          (0 + 1) / 1]\r\r                                                                                \r26/07/03 16:32:32 WARN CSVHeaderChecker: CSV header does not conform to the schema.","logger":"task.stderr"}
{"timestamp":"2026-07-03T11:02:32.851263Z","level":"error","event":" Header: , Player, Span, Mat, Inns, NO, Runs, HS, Ave, BF, SR, 100, 50, 0, 4s, 6s, Unnamed: 15","logger":"task.stderr"}
{"timestamp":"2026-07-03T11:02:32.851294Z","level":"error","event":" Schema: _c0, Player, Span, Mat, Inns, NO, Runs, HS, Ave, BF, SR, 100, 50, 0, 4s, 6s, Unnamed: 15","logger":"task.stderr"}
{"timestamp":"2026-07-03T11:02:32.851317Z","level":"error","event":"Expected: _c0 but found:","logger":"task.stderr"}
{"timestamp":"2026-07-03T11:02:32.851339Z","level":"error","event":"CSV file: file:///Users/burugula.sasank/airflow/dags/file_stores/api_dump/cric_data/Batting/t20.csv","logger":"task.stderr"}
{"timestamp":"2026-07-03T11:02:32.981003Z","level":"error","event":"26/07/03 16:32:32 WARN CSVHeaderChecker: CSV header does not conform to the schema.","logger":"task.stderr"}
{"timestamp":"2026-07-03T11:02:32.981117Z","level":"error","event":" Header: , Player, Span, Mat, Inns, NO, Runs, HS, Ave, 100, 50, 0, Unnamed: 11","logger":"task.stderr"}
{"timestamp":"2026-07-03T11:02:32.981147Z","level":"error","event":" Schema: _c0, Player, Span, Mat, Inns, NO, Runs, HS, Ave, 100, 50, 0, Unnamed: 11","logger":"task.stderr"}
{"timestamp":"2026-07-03T11:02:32.981168Z","level":"error","event":"Expected: _c0 but found:","logger":"task.stderr"}
{"timestamp":"2026-07-03T11:02:32.981187Z","level":"error","event":"CSV file: file:///Users/burugula.sasank/airflow/dags/file_stores/api_dump/cric_data/Batting/test.csv","logger":"task.stderr"}
{"timestamp":"2026-07-03T11:02:33.117660Z","level":"error","event":"26/07/03 16:32:33 WARN CSVHeaderChecker: CSV header does not conform to the schema.","logger":"task.stderr"}
{"timestamp":"2026-07-03T11:02:33.117777Z","level":"error","event":" Header: , Player, Span, Mat, Inns, Balls, Runs, Wkts, BBI, Ave, Econ, SR, 4, 5, Unnamed: 13","logger":"task.stderr"}
{"timestamp":"2026-07-03T11:02:33.117806Z","level":"error","event":" Schema: _c0, Player, Span, Mat, Inns, Balls, Runs, Wkts, BBI, Ave, Econ, SR, 4, 5, Unnamed: 13","logger":"task.stderr"}
{"timestamp":"2026-07-03T11:02:33.117829Z","level":"error","event":"Expected: _c0 but found:","logger":"task.stderr"}
{"timestamp":"2026-07-03T11:02:33.117851Z","level":"error","event":"CSV file: file:///Users/burugula.sasank/airflow/dags/file_stores/api_dump/cric_data/Bowling/Bowling_ODI.csv","logger":"task.stderr"}
{"timestamp":"2026-07-03T11:02:33.240996Z","level":"error","event":"26/07/03 16:32:33 WARN CSVHeaderChecker: CSV header does not conform to the schema.","logger":"task.stderr"}
{"timestamp":"2026-07-03T11:02:33.241097Z","level":"error","event":" Header: , Player, Span, Mat, Inns, Overs, Mdns, Runs, Wkts, BBI, Ave, Econ, SR, 4, 5, Unnamed: 14","logger":"task.stderr"}
{"timestamp":"2026-07-03T11:02:33.241124Z","level":"error","event":" Schema: _c0, Player, Span, Mat, Inns, Overs, Mdns, Runs, Wkts, BBI, Ave, Econ, SR, 4, 5, Unnamed: 14","logger":"task.stderr"}
{"timestamp":"2026-07-03T11:02:33.241146Z","level":"error","event":"Expected: _c0 but found:","logger":"task.stderr"}
{"timestamp":"2026-07-03T11:02:33.241167Z","level":"error","event":"CSV file: file:///Users/burugula.sasank/airflow/dags/file_stores/api_dump/cric_data/Bowling/Bowling_t20.csv","logger":"task.stderr"}
{"timestamp":"2026-07-03T11:02:33.374958Z","level":"error","event":"26/07/03 16:32:33 WARN CSVHeaderChecker: CSV header does not conform to the schema.","logger":"task.stderr"}
{"timestamp":"2026-07-03T11:02:33.375057Z","level":"error","event":" Header: , Player, Span, Mat, Inns, Balls, Runs, Wkts, BBI, BBM, Ave, Econ, SR, 5, 10, Unnamed: 14","logger":"task.stderr"}
{"timestamp":"2026-07-03T11:02:33.375084Z","level":"error","event":" Schema: _c0, Player, Span, Mat, Inns, Balls, Runs, Wkts, BBI, BBM, Ave, Econ, SR, 5, 10, Unnamed: 14","logger":"task.stderr"}
{"timestamp":"2026-07-03T11:02:33.375106Z","level":"error","event":"Expected: _c0 but found:","logger":"task.stderr"}
{"timestamp":"2026-07-03T11:02:33.375126Z","level":"error","event":"CSV file: file:///Users/burugula.sasank/airflow/dags/file_stores/api_dump/cric_data/Bowling/Bowling_test.csv","logger":"task.stderr"}
{"timestamp":"2026-07-03T11:02:33.492250Z","level":"error","event":"26/07/03 16:32:33 WARN CSVHeaderChecker: CSV header does not conform to the schema.","logger":"task.stderr"}
{"timestamp":"2026-07-03T11:02:33.492357Z","level":"error","event":" Header: , Player, Span, Mat, Inns, Dis, Ct, St, Ct Wk, Ct Fi, MD, D/I, Unnamed: 11","logger":"task.stderr"}
{"timestamp":"2026-07-03T11:02:33.492384Z","level":"error","event":" Schema: _c0, Player, Span, Mat, Inns, Dis, Ct, St, Ct Wk, Ct Fi, MD, D/I, Unnamed: 11","logger":"task.stderr"}
{"timestamp":"2026-07-03T11:02:33.492411Z","level":"error","event":"Expected: _c0 but found:","logger":"task.stderr"}
{"timestamp":"2026-07-03T11:02:33.492432Z","level":"error","event":"CSV file: file:///Users/burugula.sasank/airflow/dags/file_stores/api_dump/cric_data/Fielding/Fielding_ODI.csv","logger":"task.stderr"}
{"timestamp":"2026-07-03T11:02:33.595000Z","level":"error","event":"26/07/03 16:32:33 WARN CSVHeaderChecker: CSV header does not conform to the schema.","logger":"task.stderr"}
{"timestamp":"2026-07-03T11:02:33.595149Z","level":"error","event":" Header: , Player, Span, Mat, Inns, Dis, Ct, St, Ct Wk, Ct Fi, MD, D/I, Unnamed: 11","logger":"task.stderr"}
{"timestamp":"2026-07-03T11:02:33.595199Z","level":"error","event":" Schema: _c0, Player, Span, Mat, Inns, Dis, Ct, St, Ct Wk, Ct Fi, MD, D/I, Unnamed: 11","logger":"task.stderr"}
{"timestamp":"2026-07-03T11:02:33.595243Z","level":"error","event":"Expected: _c0 but found:","logger":"task.stderr"}
{"timestamp":"2026-07-03T11:02:33.595288Z","level":"error","event":"CSV file: file:///Users/burugula.sasank/airflow/dags/file_stores/api_dump/cric_data/Fielding/Fielding_t20.csv","logger":"task.stderr"}
{"timestamp":"2026-07-03T11:02:33.692392Z","level":"error","event":"26/07/03 16:32:33 WARN CSVHeaderChecker: CSV header does not conform to the schema.","logger":"task.stderr"}
{"timestamp":"2026-07-03T11:02:33.692503Z","level":"error","event":" Header: , Player, Span, Mat, Inns, Dis, Ct, St, Ct Wk, Ct Fi, MD, D/I, Unnamed: 11","logger":"task.stderr"}
{"timestamp":"2026-07-03T11:02:33.692531Z","level":"error","event":" Schema: _c0, Player, Span, Mat, Inns, Dis, Ct, St, Ct Wk, Ct Fi, MD, D/I, Unnamed: 11","logger":"task.stderr"}
{"timestamp":"2026-07-03T11:02:33.692554Z","level":"error","event":"Expected: _c0 but found:","logger":"task.stderr"}
{"timestamp":"2026-07-03T11:02:33.692573Z","level":"error","event":"CSV file: file:///Users/burugula.sasank/airflow/dags/file_stores/api_dump/cric_data/Fielding/Fielding_test.csv","logger":"task.stderr"}
{"timestamp":"2026-07-03T11:02:33.750350Z","level":"error","event":"26/07/03 16:32:33 WARN CSVHeaderChecker: CSV header does not conform to the schema.","logger":"task.stderr"}
{"timestamp":"2026-07-03T11:02:33.750462Z","level":"error","event":" Header: , Player, Span, Mat, Inns, NO, Runs, HS, Ave, BF, SR, 100, 50, 0, Unnamed: 13","logger":"task.stderr"}
{"timestamp":"2026-07-03T11:02:33.750491Z","level":"error","event":" Schema: _c0, Player, Span, Mat, Inns, NO, Runs, HS, Ave, BF, SR, 100, 50, 0, Unnamed: 13","logger":"task.stderr"}
{"timestamp":"2026-07-03T11:02:33.750513Z","level":"error","event":"Expected: _c0 but found:","logger":"task.stderr"}
{"timestamp":"2026-07-03T11:02:33.750534Z","level":"error","event":"CSV file: file:///Users/burugula.sasank/airflow/dags/file_stores/api_dump/cric_data/Batting/ODI%20data.csv","logger":"task.stderr"}
{"timestamp":"2026-07-03T11:02:34.240286Z","level":"info","event":"Sample Data (ODI Batsmen):","logger":"task.stdout"}
{"timestamp":"2026-07-03T11:02:34.240519Z","level":"info","event":"+---+--------------------+---------+---+----+---+-----+----+-----+-----+-----+---+---+---+-----------+","logger":"task.stdout"}
{"timestamp":"2026-07-03T11:02:34.240587Z","level":"info","event":"|_c0|              Player|     Span|Mat|Inns| NO| Runs|  HS|  Ave|   BF|   SR|100| 50|  0|Unnamed: 13|","logger":"task.stdout"}
{"timestamp":"2026-07-03T11:02:34.240637Z","level":"info","event":"+---+--------------------+---------+---+----+---+-----+----+-----+-----+-----+---+---+---+-----------+","logger":"task.stdout"}
{"timestamp":"2026-07-03T11:02:34.240685Z","level":"info","event":"|  0|SR Tendulkar (INDIA)|1989-2012|463| 452| 41|18426|200*|44.83|21367|86.23| 49| 96| 20|       NULL|","logger":"task.stdout"}
{"timestamp":"2026-07-03T11:02:34.240730Z","level":"info","event":"|  1|KC Sangakkara (As...|2000-2015|404| 380| 41|14234| 169|41.98|18048|78.86| 25| 93| 15|       NULL|","logger":"task.stdout"}
{"timestamp":"2026-07-03T11:02:34.240776Z","level":"info","event":"+---+--------------------+---------+---+----+---+-----+----+-----+-----+-----+---+---+---+-----------+","logger":"task.stdout"}
{"timestamp":"2026-07-03T11:02:34.240839Z","level":"info","event":"only showing top 2 rows","logger":"task.stdout"}
{"timestamp":"2026-07-03T11:02:34.272388Z","level":"info","event":"Bronze Ingestion Success","logger":"task.stdout"}
{"timestamp":"2026-07-03T11:02:34.272546Z","level":"info","event":"Done. Returned value was: ","ti_id":"019f27a4-d66b-7008-9704-4e03a39b8167","run_id":"manual__2026-07-03T11:02:22.046626+00:00","try_number":1,"map_index":-1,"dag_id":"dag_data","task_id":"ingest_data_to_filesystem","logger":"airflow.task.operators.airflow.providers.standard.decorators.python._PythonDecoratedOperator","filename":"python.py","lineno":233}
{"timestamp":"2026-07-03T11:02:34.272762Z","level":"info","event":"::group::Post Execute","ti_id":"019f27a4-d66b-7008-9704-4e03a39b8167","run_id":"manual__2026-07-03T11:02:22.046626+00:00","try_number":1,"map_index":-1,"dag_id":"dag_data","task_id":"ingest_data_to_filesystem","logger":"task","filename":"task_runner.py","lineno":1288}
{"timestamp":"2026-07-03T11:02:34.272943Z","level":"info","event":"Pushing xcom","ti":"RuntimeTaskInstance(id=UUID('019f27a4-d66b-7008-9704-4e03a39b8167'), task_id='ingest_data_to_filesystem', dag_id='dag_data', run_id='manual__2026-07-03T11:02:22.046626+00:00', try_number=1, dag_version_id=UUID('019f25ad-46c6-7fd0-85e3-80d02836df93'), map_index=-1, hostname='burugulas-macbook-air.local', context_carrier={'traceparent': '00-77db5e75d5f054385c3e2d4630daaad5-b406e03765127f92-01'}, task=<Task(_PythonDecoratedOperator): ingest_data_to_filesystem>, bundle_instance=LocalDagBundle(name=dags-folder), max_tries=0, start_date=datetime.datetime(2026, 7, 3, 11, 2, 28, 554788, tzinfo=datetime.timezone.utc), end_date=None, state=<TaskInstanceState.RUNNING: 'running'>, is_mapped=False, rendered_map_index=None, sentry_integration='')","ti_id":"019f27a4-d66b-7008-9704-4e03a39b8167","run_id":"manual__2026-07-03T11:02:22.046626+00:00","try_number":1,"map_index":-1,"dag_id":"dag_data","task_id":"ingest_data_to_filesystem","logger":"task","filename":"task_runner.py","lineno":1791}
{"timestamp":"2026-07-03T11:02:34.289475Z","level":"info","event":"::endgroup::","ti_id":"019f27a4-d66b-7008-9704-4e03a39b8167","run_id":"manual__2026-07-03T11:02:22.046626+00:00","try_number":1,"map_index":-1,"dag_id":"dag_data","task_id":"ingest_data_to_filesystem","logger":"task","filename":"task_runner.py","lineno":1896}
