{"timestamp":"2026-07-04T10:38:50.130945Z","level":"info","event":"2026-07-04T10:38:50.130801Z [info     ] ::group::Pre Execute           [task] loc=task_runner.py:1926","logger":"task.stdout"}
{"timestamp":"2026-07-04T10:38:50.217644Z","level":"info","event":"setup plugin alembic.autogenerate.schemas","logger":"alembic.runtime.plugins","dag_id":"dag_data","map_index":-1,"run_id":"manual__2026-07-04T10:38:37.340641+00:00","try_number":1,"ti_id":"019f2cb5-752a-7990-9016-0843a4425e3c","task_id":"transform_data_from_filesystem","filename":"plugins.py","lineno":37}
{"timestamp":"2026-07-04T10:38:50.217733Z","level":"info","event":"setup plugin alembic.autogenerate.tables","logger":"alembic.runtime.plugins","dag_id":"dag_data","map_index":-1,"run_id":"manual__2026-07-04T10:38:37.340641+00:00","try_number":1,"ti_id":"019f2cb5-752a-7990-9016-0843a4425e3c","task_id":"transform_data_from_filesystem","filename":"plugins.py","lineno":37}
{"timestamp":"2026-07-04T10:38:50.217765Z","level":"info","event":"setup plugin alembic.autogenerate.types","logger":"alembic.runtime.plugins","dag_id":"dag_data","map_index":-1,"run_id":"manual__2026-07-04T10:38:37.340641+00:00","try_number":1,"ti_id":"019f2cb5-752a-7990-9016-0843a4425e3c","task_id":"transform_data_from_filesystem","filename":"plugins.py","lineno":37}
{"timestamp":"2026-07-04T10:38:50.217790Z","level":"info","event":"setup plugin alembic.autogenerate.constraints","logger":"alembic.runtime.plugins","dag_id":"dag_data","map_index":-1,"run_id":"manual__2026-07-04T10:38:37.340641+00:00","try_number":1,"ti_id":"019f2cb5-752a-7990-9016-0843a4425e3c","task_id":"transform_data_from_filesystem","filename":"plugins.py","lineno":37}
{"timestamp":"2026-07-04T10:38:50.217810Z","level":"info","event":"setup plugin alembic.autogenerate.defaults","logger":"alembic.runtime.plugins","dag_id":"dag_data","map_index":-1,"run_id":"manual__2026-07-04T10:38:37.340641+00:00","try_number":1,"ti_id":"019f2cb5-752a-7990-9016-0843a4425e3c","task_id":"transform_data_from_filesystem","filename":"plugins.py","lineno":37}
{"timestamp":"2026-07-04T10:38:50.217831Z","level":"info","event":"setup plugin alembic.autogenerate.comments","logger":"alembic.runtime.plugins","dag_id":"dag_data","map_index":-1,"run_id":"manual__2026-07-04T10:38:37.340641+00:00","try_number":1,"ti_id":"019f2cb5-752a-7990-9016-0843a4425e3c","task_id":"transform_data_from_filesystem","filename":"plugins.py","lineno":37}
{"timestamp":"2026-07-04T10:38:50.261466Z","level":"info","event":"DAG bundles loaded: dags-folder","dag_id":"dag_data","map_index":-1,"run_id":"manual__2026-07-04T10:38:37.340641+00:00","try_number":1,"ti_id":"019f2cb5-752a-7990-9016-0843a4425e3c","task_id":"transform_data_from_filesystem","logger":"airflow.dag_processing.bundles.manager.DagBundlesManager","filename":"manager.py","lineno":209}
{"timestamp":"2026-07-04T10:38:50.261699Z","level":"info","event":"Filling up the DagBag from /Users/burugula.sasank/airflow/dags/etl_scheduler.py","dag_id":"dag_data","map_index":-1,"run_id":"manual__2026-07-04T10:38:37.340641+00:00","try_number":1,"ti_id":"019f2cb5-752a-7990-9016-0843a4425e3c","task_id":"transform_data_from_filesystem","logger":"airflow.dag_processing.dagbag.BundleDagBag","filename":"dagbag.py","lineno":469}
{"timestamp":"2026-07-04T10:38:50.296006Z","level":"warning","event":"The `airflow.decorators.task` attribute is deprecated. Please use `'airflow.sdk.task'`.","category":"UserWarning","filename":"/Users/burugula.sasank/airflow/dags/etl_scheduler.py","lineno":1,"dag_id":"dag_data","map_index":-1,"run_id":"manual__2026-07-04T10:38:37.340641+00:00","try_number":1,"ti_id":"019f2cb5-752a-7990-9016-0843a4425e3c","task_id":"transform_data_from_filesystem","logger":"py.warnings"}
{"timestamp":"2026-07-04T10:38:50.296058Z","level":"warning","event":"The `airflow.decorators.dag` attribute is deprecated. Please use `'airflow.sdk.dag'`.","category":"UserWarning","filename":"/Users/burugula.sasank/airflow/dags/etl_scheduler.py","lineno":1,"dag_id":"dag_data","map_index":-1,"run_id":"manual__2026-07-04T10:38:37.340641+00:00","try_number":1,"ti_id":"019f2cb5-752a-7990-9016-0843a4425e3c","task_id":"transform_data_from_filesystem","logger":"py.warnings"}
{"timestamp":"2026-07-04T10:38:50.296083Z","level":"warning","event":"The `airflow.hooks.base.BaseHook` attribute is deprecated. Please use `'airflow.sdk.bases.hook.BaseHook'`.","category":"UserWarning","filename":"/Users/burugula.sasank/airflow/dags/etl_scheduler.py","lineno":2,"dag_id":"dag_data","map_index":-1,"run_id":"manual__2026-07-04T10:38:37.340641+00:00","try_number":1,"ti_id":"019f2cb5-752a-7990-9016-0843a4425e3c","task_id":"transform_data_from_filesystem","logger":"py.warnings"}
{"timestamp":"2026-07-04T10:38:50.309379Z","level":"info","event":"::endgroup::","dag_id":"dag_data","map_index":-1,"run_id":"manual__2026-07-04T10:38:37.340641+00:00","try_number":1,"ti_id":"019f2cb5-752a-7990-9016-0843a4425e3c","task_id":"transform_data_from_filesystem","logger":"task","filename":"task_runner.py","lineno":1727}
{"timestamp":"2026-07-04T10:38:50.402754Z","level":"error","event":"/Library/Frameworks/Python.framework/Versions/3.14/lib/python3.14/site-packages/pyspark/sql/udf.py:134: UserWarning: Cannot infer the eval type from type hints.","logger":"task.stderr"}
{"timestamp":"2026-07-04T10:38:50.402847Z","level":"error","event":"  warnings.warn(\"Cannot infer the eval type from type hints. \", UserWarning)","logger":"task.stderr"}
{"timestamp":"2026-07-04T10:38:50.524187Z","level":"error","event":"WARNING: Using incubator modules: jdk.incubator.vector","logger":"task.stderr"}
{"timestamp":"2026-07-04T10:38:50.880498Z","level":"error","event":"Using Spark's default log4j profile: org/apache/spark/log4j2-defaults.properties","logger":"task.stderr"}
{"timestamp":"2026-07-04T10:38:50.886671Z","level":"error","event":"26/07/04 16:08:50 WARN Utils: Your hostname, Burugulas-MacBook-Air.local, resolves to a loopback address: 127.0.0.1; using 192.168.0.107 instead (on interface en0)","logger":"task.stderr"}
{"timestamp":"2026-07-04T10:38:50.887808Z","level":"error","event":"26/07/04 16:08:50 WARN Utils: Set SPARK_LOCAL_IP if you need to bind to another address","logger":"task.stderr"}
{"timestamp":"2026-07-04T10:38:50.960802Z","level":"error","event":":: loading settings :: url = jar:file:/Library/Frameworks/Python.framework/Versions/3.14/lib/python3.14/site-packages/pyspark/jars/ivy-2.5.3.jar!/org/apache/ivy/core/settings/ivysettings.xml","logger":"task.stderr"}
{"timestamp":"2026-07-04T10:38:50.991873Z","level":"error","event":"Ivy Default Cache set to: /Users/burugula.sasank/.ivy2.5.2/cache","logger":"task.stderr"}
{"timestamp":"2026-07-04T10:38:50.992008Z","level":"error","event":"The jars for the packages stored in: /Users/burugula.sasank/.ivy2.5.2/jars","logger":"task.stderr"}
{"timestamp":"2026-07-04T10:38:50.993129Z","level":"error","event":"org.postgresql#postgresql added as a dependency","logger":"task.stderr"}
{"timestamp":"2026-07-04T10:38:50.993356Z","level":"error","event":":: resolving dependencies :: org.apache.spark#spark-submit-parent-4f692bea-b89a-4775-a81f-4995aa401157;1.0","logger":"task.stderr"}
{"timestamp":"2026-07-04T10:38:50.993410Z","level":"error","event":"\tconfs: [default]","logger":"task.stderr"}
{"timestamp":"2026-07-04T10:38:51.034832Z","level":"error","event":"\tfound org.postgresql#postgresql;42.7.3 in central","logger":"task.stderr"}
{"timestamp":"2026-07-04T10:38:51.043237Z","level":"error","event":"\tfound org.checkerframework#checker-qual;3.42.0 in central","logger":"task.stderr"}
{"timestamp":"2026-07-04T10:38:51.048957Z","level":"error","event":":: resolution report :: resolve 53ms :: artifacts dl 2ms","logger":"task.stderr"}
{"timestamp":"2026-07-04T10:38:51.049092Z","level":"error","event":"\t:: modules in use:","logger":"task.stderr"}
{"timestamp":"2026-07-04T10:38:51.049123Z","level":"error","event":"\torg.checkerframework#checker-qual;3.42.0 from central in [default]","logger":"task.stderr"}
{"timestamp":"2026-07-04T10:38:51.049148Z","level":"error","event":"\torg.postgresql#postgresql;42.7.3 from central in [default]","logger":"task.stderr"}
{"timestamp":"2026-07-04T10:38:51.049168Z","level":"error","event":"\t---------------------------------------------------------------------","logger":"task.stderr"}
{"timestamp":"2026-07-04T10:38:51.049218Z","level":"error","event":"\t|                  |            modules            ||   artifacts   |","logger":"task.stderr"}
{"timestamp":"2026-07-04T10:38:51.049239Z","level":"error","event":"\t|       conf       | number| search|dwnlded|evicted|| number|dwnlded|","logger":"task.stderr"}
{"timestamp":"2026-07-04T10:38:51.049258Z","level":"error","event":"\t---------------------------------------------------------------------","logger":"task.stderr"}
{"timestamp":"2026-07-04T10:38:51.049277Z","level":"error","event":"\t|      default     |   2   |   0   |   0   |   0   ||   2   |   0   |","logger":"task.stderr"}
{"timestamp":"2026-07-04T10:38:51.049294Z","level":"error","event":"\t---------------------------------------------------------------------","logger":"task.stderr"}
{"timestamp":"2026-07-04T10:38:51.050126Z","level":"error","event":":: retrieving :: org.apache.spark#spark-submit-parent-4f692bea-b89a-4775-a81f-4995aa401157","logger":"task.stderr"}
{"timestamp":"2026-07-04T10:38:51.050203Z","level":"error","event":"\tconfs: [default]","logger":"task.stderr"}
{"timestamp":"2026-07-04T10:38:51.051933Z","level":"error","event":"\t0 artifacts copied, 2 already retrieved (0kB/1ms)","logger":"task.stderr"}
{"timestamp":"2026-07-04T10:38:51.119599Z","level":"error","event":"26/07/04 16:08:51 WARN NativeCodeLoader: Unable to load native-hadoop library for your platform... using builtin-java classes where applicable","logger":"task.stderr"}
{"timestamp":"2026-07-04T10:38:51.165606Z","level":"error","event":"Using Spark's default log4j profile: org/apache/spark/log4j2-defaults.properties","logger":"task.stderr"}
{"timestamp":"2026-07-04T10:38:51.165776Z","level":"error","event":"Setting default log level to \"WARN\".","logger":"task.stderr"}
{"timestamp":"2026-07-04T10:38:51.165811Z","level":"error","event":"To adjust logging level use sc.setLogLevel(newLevel). For SparkR, use setLogLevel(newLevel).","logger":"task.stderr"}
{"timestamp":"2026-07-04T10:38:54.265810Z","level":"info","event":".....Connection with the database is successfull......","logger":"task.stdout"}
{"timestamp":"2026-07-04T10:38:54.265907Z","level":"info","event":"The exception is Expected bytes or unicode string, got dict instead","logger":"task.stdout"}
{"timestamp":"2026-07-04T10:38:54.267422Z","level":"error","event":"Traceback (most recent call last):","logger":"task.stderr"}
{"timestamp":"2026-07-04T10:38:54.267721Z","level":"error","event":"  File \"/Users/burugula.sasank/airflow/dags/spark/notebooks/silver_layer/data_transformations.py\", line 312, in <module>","logger":"task.stderr"}
{"timestamp":"2026-07-04T10:38:54.267760Z","level":"error","event":"    write_to_database(data_silver_batsmen_odi,\"batsmen_odi\")","logger":"task.stderr"}
{"timestamp":"2026-07-04T10:38:54.267784Z","level":"error","event":"    ~~~~~~~~~~~~~~~~~^^^^^^^^^^^^^^^^^^^^^^^^^^^^^^^^^^^^^^^","logger":"task.stderr"}
{"timestamp":"2026-07-04T10:38:54.267805Z","level":"error","event":"  File \"/Users/burugula.sasank/airflow/dags/spark/notebooks/silver_layer/data_transformations.py\", line 202, in write_to_database","logger":"task.stderr"}
{"timestamp":"2026-07-04T10:38:54.267828Z","level":"error","event":"    option(\"driver\",os.getenv(\"DATABASE_DRIVER\")).option(\"dbtable\",dbtable).option(\"user\",os.getenv(\"USER_NAME\")).option(\"cascadeTruncate\", \"true\").option(\"password\",os.getenv(\"PASSWORD\")).save()","logger":"task.stderr"}
{"timestamp":"2026-07-04T10:38:54.267850Z","level":"error","event":"                                                                                                                                                                                             ~~~~^^","logger":"task.stderr"}
{"timestamp":"2026-07-04T10:38:54.267919Z","level":"error","event":"  File \"/Library/Frameworks/Python.framework/Versions/3.14/lib/python3.14/site-packages/pyspark/sql/readwriter.py\", line 1743, in save","logger":"task.stderr"}
{"timestamp":"2026-07-04T10:38:54.267988Z","level":"error","event":"    self._jwrite.save()","logger":"task.stderr"}
{"timestamp":"2026-07-04T10:38:54.268017Z","level":"error","event":"    ~~~~~~~~~~~~~~~~~^^","logger":"task.stderr"}
{"timestamp":"2026-07-04T10:38:54.268038Z","level":"error","event":"  File \"/Library/Frameworks/Python.framework/Versions/3.14/lib/python3.14/site-packages/py4j/java_gateway.py\", line 1362, in __call__","logger":"task.stderr"}
{"timestamp":"2026-07-04T10:38:54.268058Z","level":"error","event":"    return_value = get_return_value(","logger":"task.stderr"}
{"timestamp":"2026-07-04T10:38:54.268077Z","level":"error","event":"        answer, self.gateway_client, self.target_id, self.name)","logger":"task.stderr"}
{"timestamp":"2026-07-04T10:38:54.268095Z","level":"error","event":"  File \"/Library/Frameworks/Python.framework/Versions/3.14/lib/python3.14/site-packages/pyspark/errors/exceptions/captured.py\", line 263, in deco","logger":"task.stderr"}
{"timestamp":"2026-07-04T10:38:54.268116Z","level":"error","event":"    return f(*a, **kw)","logger":"task.stderr"}
{"timestamp":"2026-07-04T10:38:54.268135Z","level":"error","event":"  File \"/Library/Frameworks/Python.framework/Versions/3.14/lib/python3.14/site-packages/py4j/protocol.py\", line 327, in get_return_value","logger":"task.stderr"}
{"timestamp":"2026-07-04T10:38:54.268156Z","level":"error","event":"    raise Py4JJavaError(","logger":"task.stderr"}
{"timestamp":"2026-07-04T10:38:54.268173Z","level":"error","event":"        \"An error occurred while calling {0}{1}{2}.\\n\".","logger":"task.stderr"}
{"timestamp":"2026-07-04T10:38:54.268191Z","level":"error","event":"        format(target_id, \".\", name), value)","logger":"task.stderr"}
{"timestamp":"2026-07-04T10:38:54.268208Z","level":"error","event":"py4j.protocol.Py4JJavaError: An error occurred while calling o1180.save.","logger":"task.stderr"}
{"timestamp":"2026-07-04T10:38:54.268226Z","level":"error","event":": org.postgresql.util.PSQLException: ERROR: cannot drop table batsmen_odi because other objects depend on it","logger":"task.stderr"}
{"timestamp":"2026-07-04T10:38:54.268246Z","level":"error","event":"  Detail: materialized view odi_batsmen_stats_country_wise depends on table batsmen_odi","logger":"task.stderr"}
{"timestamp":"2026-07-04T10:38:54.268263Z","level":"error","event":"  Hint: Use DROP ... CASCADE to drop the dependent objects too.","logger":"task.stderr"}
{"timestamp":"2026-07-04T10:38:54.268279Z","level":"error","event":"\tat org.postgresql.core.v3.QueryExecutorImpl.receiveErrorResponse(QueryExecutorImpl.java:2725)","logger":"task.stderr"}
{"timestamp":"2026-07-04T10:38:54.268296Z","level":"error","event":"\tat org.postgresql.core.v3.QueryExecutorImpl.processResults(QueryExecutorImpl.java:2412)","logger":"task.stderr"}
{"timestamp":"2026-07-04T10:38:54.268313Z","level":"error","event":"\tat org.postgresql.core.v3.QueryExecutorImpl.execute(QueryExecutorImpl.java:371)","logger":"task.stderr"}
{"timestamp":"2026-07-04T10:38:54.268329Z","level":"error","event":"\tat org.postgresql.jdbc.PgStatement.executeInternal(PgStatement.java:502)","logger":"task.stderr"}
{"timestamp":"2026-07-04T10:38:54.268346Z","level":"error","event":"\tat org.postgresql.jdbc.PgStatement.execute(PgStatement.java:419)","logger":"task.stderr"}
{"timestamp":"2026-07-04T10:38:54.268363Z","level":"error","event":"\tat org.postgresql.jdbc.PgStatement.executeWithFlags(PgStatement.java:341)","logger":"task.stderr"}
{"timestamp":"2026-07-04T10:38:54.268379Z","level":"error","event":"\tat org.postgresql.jdbc.PgStatement.executeCachedSql(PgStatement.java:326)","logger":"task.stderr"}
{"timestamp":"2026-07-04T10:38:54.268396Z","level":"error","event":"\tat org.postgresql.jdbc.PgStatement.executeWithFlags(PgStatement.java:302)","logger":"task.stderr"}
{"timestamp":"2026-07-04T10:38:54.268412Z","level":"error","event":"\tat org.postgresql.jdbc.PgStatement.executeUpdate(PgStatement.java:275)","logger":"task.stderr"}
{"timestamp":"2026-07-04T10:38:54.268428Z","level":"error","event":"\tat org.apache.spark.sql.execution.datasources.jdbc.JdbcUtils$.executeStatement(JdbcUtils.scala:1210)","logger":"task.stderr"}
{"timestamp":"2026-07-04T10:38:54.268450Z","level":"error","event":"\tat org.apache.spark.sql.execution.datasources.jdbc.JdbcUtils$.dropTable(JdbcUtils.scala:90)","logger":"task.stderr"}
{"timestamp":"2026-07-04T10:38:54.268467Z","level":"error","event":"\tat org.apache.spark.sql.execution.datasources.jdbc.JdbcRelationProvider.createRelation(JdbcRelationProvider.scala:73)","logger":"task.stderr"}
{"timestamp":"2026-07-04T10:38:54.268483Z","level":"error","event":"\tat org.apache.spark.sql.execution.datasources.SaveIntoDataSourceCommand.run(SaveIntoDataSourceCommand.scala:55)","logger":"task.stderr"}
{"timestamp":"2026-07-04T10:38:54.268500Z","level":"error","event":"\tat org.apache.spark.sql.execution.command.ExecutedCommandExec.sideEffectResult$lzycompute(commands.scala:79)","logger":"task.stderr"}
{"timestamp":"2026-07-04T10:38:54.268517Z","level":"error","event":"\tat org.apache.spark.sql.execution.command.ExecutedCommandExec.sideEffectResult(commands.scala:77)","logger":"task.stderr"}
{"timestamp":"2026-07-04T10:38:54.268533Z","level":"error","event":"\tat org.apache.spark.sql.execution.command.ExecutedCommandExec.executeCollect(commands.scala:88)","logger":"task.stderr"}
{"timestamp":"2026-07-04T10:38:54.268550Z","level":"error","event":"\tat org.apache.spark.sql.execution.QueryExecution.$anonfun$eagerlyExecuteCommands$2(QueryExecution.scala:185)","logger":"task.stderr"}
{"timestamp":"2026-07-04T10:38:54.268566Z","level":"error","event":"\tat org.apache.spark.sql.execution.SQLExecution$.$anonfun$withNewExecutionId0$8(SQLExecution.scala:177)","logger":"task.stderr"}
{"timestamp":"2026-07-04T10:38:54.268583Z","level":"error","event":"\tat org.apache.spark.sql.execution.SQLExecution$.withSessionTagsApplied(SQLExecution.scala:285)","logger":"task.stderr"}
{"timestamp":"2026-07-04T10:38:54.268599Z","level":"error","event":"\tat org.apache.spark.sql.execution.SQLExecution$.$anonfun$withNewExecutionId0$7(SQLExecution.scala:139)","logger":"task.stderr"}
{"timestamp":"2026-07-04T10:38:54.268615Z","level":"error","event":"\tat org.apache.spark.JobArtifactSet$.withActiveJobArtifactState(JobArtifactSet.scala:94)","logger":"task.stderr"}
{"timestamp":"2026-07-04T10:38:54.268632Z","level":"error","event":"\tat org.apache.spark.sql.artifact.ArtifactManager.$anonfun$withResources$1(ArtifactManager.scala:112)","logger":"task.stderr"}
{"timestamp":"2026-07-04T10:38:54.268648Z","level":"error","event":"\tat org.apache.spark.sql.artifact.ArtifactManager.withClassLoaderIfNeeded(ArtifactManager.scala:106)","logger":"task.stderr"}
{"timestamp":"2026-07-04T10:38:54.268665Z","level":"error","event":"\tat org.apache.spark.sql.artifact.ArtifactManager.withResources(ArtifactManager.scala:111)","logger":"task.stderr"}
{"timestamp":"2026-07-04T10:38:54.268681Z","level":"error","event":"\tat org.apache.spark.sql.execution.SQLExecution$.$anonfun$withNewExecutionId0$6(SQLExecution.scala:139)","logger":"task.stderr"}
{"timestamp":"2026-07-04T10:38:54.268697Z","level":"error","event":"\tat org.apache.spark.sql.execution.SQLExecution$.withSQLConfPropagated(SQLExecution.scala:308)","logger":"task.stderr"}
{"timestamp":"2026-07-04T10:38:54.268713Z","level":"error","event":"\tat org.apache.spark.sql.execution.SQLExecution$.$anonfun$withNewExecutionId0$1(SQLExecution.scala:138)","logger":"task.stderr"}
{"timestamp":"2026-07-04T10:38:54.268729Z","level":"error","event":"\tat org.apache.spark.sql.SparkSession.withActive(SparkSession.scala:804)","logger":"task.stderr"}
{"timestamp":"2026-07-04T10:38:54.268745Z","level":"error","event":"\tat org.apache.spark.sql.execution.SQLExecution$.withNewExecutionId0(SQLExecution.scala:92)","logger":"task.stderr"}
{"timestamp":"2026-07-04T10:38:54.268761Z","level":"error","event":"\tat org.apache.spark.sql.execution.SQLExecution$.withNewExecutionId(SQLExecution.scala:250)","logger":"task.stderr"}
{"timestamp":"2026-07-04T10:38:54.268777Z","level":"error","event":"\tat org.apache.spark.sql.execution.QueryExecution.$anonfun$eagerlyExecuteCommands$1(QueryExecution.scala:185)","logger":"task.stderr"}
{"timestamp":"2026-07-04T10:38:54.268828Z","level":"error","event":"\tat org.apache.spark.sql.execution.QueryExecution$.withInternalError(QueryExecution.scala:717)","logger":"task.stderr"}
{"timestamp":"2026-07-04T10:38:54.268848Z","level":"error","event":"\tat org.apache.spark.sql.execution.QueryExecution.org$apache$spark$sql$execution$QueryExecution$$eagerlyExecute$1(QueryExecution.scala:184)","logger":"task.stderr"}
{"timestamp":"2026-07-04T10:38:54.268865Z","level":"error","event":"\tat org.apache.spark.sql.execution.QueryExecution$$anonfun$eagerlyExecuteCommands$3.applyOrElse(QueryExecution.scala:201)","logger":"task.stderr"}
{"timestamp":"2026-07-04T10:38:54.268882Z","level":"error","event":"\tat org.apache.spark.sql.execution.QueryExecution$$anonfun$eagerlyExecuteCommands$3.applyOrElse(QueryExecution.scala:194)","logger":"task.stderr"}
{"timestamp":"2026-07-04T10:38:54.268899Z","level":"error","event":"\tat org.apache.spark.sql.catalyst.trees.TreeNode.$anonfun$transformDownWithPruning$1(TreeNode.scala:491)","logger":"task.stderr"}
{"timestamp":"2026-07-04T10:38:54.268915Z","level":"error","event":"\tat org.apache.spark.sql.catalyst.trees.CurrentOrigin$.withOrigin(origin.scala:107)","logger":"task.stderr"}
{"timestamp":"2026-07-04T10:38:54.268932Z","level":"error","event":"\tat org.apache.spark.sql.catalyst.trees.TreeNode.transformDownWithPruning(TreeNode.scala:491)","logger":"task.stderr"}
{"timestamp":"2026-07-04T10:38:54.268948Z","level":"error","event":"\tat org.apache.spark.sql.catalyst.plans.logical.LogicalPlan.org$apache$spark$sql$catalyst$plans$logical$AnalysisHelper$$super$transformDownWithPruning(LogicalPlan.scala:37)","logger":"task.stderr"}
{"timestamp":"2026-07-04T10:38:54.268965Z","level":"error","event":"\tat org.apache.spark.sql.catalyst.plans.logical.AnalysisHelper.transformDownWithPruning(AnalysisHelper.scala:360)","logger":"task.stderr"}
{"timestamp":"2026-07-04T10:38:54.268981Z","level":"error","event":"\tat org.apache.spark.sql.catalyst.plans.logical.AnalysisHelper.transformDownWithPruning$(AnalysisHelper.scala:356)","logger":"task.stderr"}
{"timestamp":"2026-07-04T10:38:54.268998Z","level":"error","event":"\tat org.apache.spark.sql.catalyst.plans.logical.LogicalPlan.transformDownWithPruning(LogicalPlan.scala:37)","logger":"task.stderr"}
{"timestamp":"2026-07-04T10:38:54.269014Z","level":"error","event":"\tat org.apache.spark.sql.catalyst.plans.logical.LogicalPlan.transformDownWithPruning(LogicalPlan.scala:37)","logger":"task.stderr"}
{"timestamp":"2026-07-04T10:38:54.269030Z","level":"error","event":"\tat org.apache.spark.sql.catalyst.trees.TreeNode.transformDown(TreeNode.scala:467)","logger":"task.stderr"}
{"timestamp":"2026-07-04T10:38:54.269046Z","level":"error","event":"\tat org.apache.spark.sql.execution.QueryExecution.eagerlyExecuteCommands(QueryExecution.scala:194)","logger":"task.stderr"}
{"timestamp":"2026-07-04T10:38:54.269070Z","level":"error","event":"\tat org.apache.spark.sql.execution.QueryExecution.$anonfun$lazyCommandExecuted$1(QueryExecution.scala:155)","logger":"task.stderr"}
{"timestamp":"2026-07-04T10:38:54.269086Z","level":"error","event":"\tat scala.util.Try$.apply(Try.scala:217)","logger":"task.stderr"}
{"timestamp":"2026-07-04T10:38:54.269102Z","level":"error","event":"\tat org.apache.spark.util.Utils$.doTryWithCallerStacktrace(Utils.scala:1392)","logger":"task.stderr"}
{"timestamp":"2026-07-04T10:38:54.269119Z","level":"error","event":"\tat org.apache.spark.util.Utils$.getTryWithCallerStacktrace(Utils.scala:1453)","logger":"task.stderr"}
{"timestamp":"2026-07-04T10:38:54.269135Z","level":"error","event":"\tat org.apache.spark.util.LazyTry.get(LazyTry.scala:58)","logger":"task.stderr"}
{"timestamp":"2026-07-04T10:38:54.269151Z","level":"error","event":"\tat org.apache.spark.sql.execution.QueryExecution.commandExecuted(QueryExecution.scala:160)","logger":"task.stderr"}
{"timestamp":"2026-07-04T10:38:54.269168Z","level":"error","event":"\tat org.apache.spark.sql.execution.QueryExecution.assertCommandExecuted(QueryExecution.scala:239)","logger":"task.stderr"}
{"timestamp":"2026-07-04T10:38:54.269186Z","level":"error","event":"\tat org.apache.spark.sql.classic.DataFrameWriter.runCommand(DataFrameWriter.scala:592)","logger":"task.stderr"}
{"timestamp":"2026-07-04T10:38:54.269203Z","level":"error","event":"\tat org.apache.spark.sql.classic.DataFrameWriter.save(DataFrameWriter.scala:126)","logger":"task.stderr"}
{"timestamp":"2026-07-04T10:38:54.269219Z","level":"error","event":"\tat java.base/jdk.internal.reflect.NativeMethodAccessorImpl.invoke0(Native Method)","logger":"task.stderr"}
{"timestamp":"2026-07-04T10:38:54.269235Z","level":"error","event":"\tat java.base/jdk.internal.reflect.NativeMethodAccessorImpl.invoke(NativeMethodAccessorImpl.java:76)","logger":"task.stderr"}
{"timestamp":"2026-07-04T10:38:54.269251Z","level":"error","event":"\tat java.base/jdk.internal.reflect.DelegatingMethodAccessorImpl.invoke(DelegatingMethodAccessorImpl.java:52)","logger":"task.stderr"}
{"timestamp":"2026-07-04T10:38:54.269267Z","level":"error","event":"\tat java.base/java.lang.reflect.Method.invoke(Method.java:578)","logger":"task.stderr"}
{"timestamp":"2026-07-04T10:38:54.269284Z","level":"error","event":"\tat py4j.reflection.MethodInvoker.invoke(MethodInvoker.java:244)","logger":"task.stderr"}
{"timestamp":"2026-07-04T10:38:54.269300Z","level":"error","event":"\tat py4j.reflection.ReflectionEngine.invoke(ReflectionEngine.java:374)","logger":"task.stderr"}
{"timestamp":"2026-07-04T10:38:54.269316Z","level":"error","event":"\tat py4j.Gateway.invoke(Gateway.java:282)","logger":"task.stderr"}
{"timestamp":"2026-07-04T10:38:54.269333Z","level":"error","event":"\tat py4j.commands.AbstractCommand.invokeMethod(AbstractCommand.java:132)","logger":"task.stderr"}
{"timestamp":"2026-07-04T10:38:54.269349Z","level":"error","event":"\tat py4j.commands.CallCommand.execute(CallCommand.java:79)","logger":"task.stderr"}
{"timestamp":"2026-07-04T10:38:54.269365Z","level":"error","event":"\tat py4j.ClientServerConnection.waitForCommands(ClientServerConnection.java:184)","logger":"task.stderr"}
{"timestamp":"2026-07-04T10:38:54.269381Z","level":"error","event":"\tat py4j.ClientServerConnection.run(ClientServerConnection.java:108)","logger":"task.stderr"}
{"timestamp":"2026-07-04T10:38:54.269398Z","level":"error","event":"\tat java.base/java.lang.Thread.run(Thread.java:1589)","logger":"task.stderr"}
{"timestamp":"2026-07-04T10:38:54.269415Z","level":"error","event":"\tSuppressed: org.apache.spark.util.Utils$OriginalTryStackTraceException: Full stacktrace of original doTryWithCallerStacktrace caller","logger":"task.stderr"}
{"timestamp":"2026-07-04T10:38:54.269432Z","level":"error","event":"\t\tat org.postgresql.core.v3.QueryExecutorImpl.receiveErrorResponse(QueryExecutorImpl.java:2725)","logger":"task.stderr"}
{"timestamp":"2026-07-04T10:38:54.269448Z","level":"error","event":"\t\tat org.postgresql.core.v3.QueryExecutorImpl.processResults(QueryExecutorImpl.java:2412)","logger":"task.stderr"}
{"timestamp":"2026-07-04T10:38:54.269464Z","level":"error","event":"\t\tat org.postgresql.core.v3.QueryExecutorImpl.execute(QueryExecutorImpl.java:371)","logger":"task.stderr"}
{"timestamp":"2026-07-04T10:38:54.269480Z","level":"error","event":"\t\tat org.postgresql.jdbc.PgStatement.executeInternal(PgStatement.java:502)","logger":"task.stderr"}
{"timestamp":"2026-07-04T10:38:54.269496Z","level":"error","event":"\t\tat org.postgresql.jdbc.PgStatement.execute(PgStatement.java:419)","logger":"task.stderr"}
{"timestamp":"2026-07-04T10:38:54.269512Z","level":"error","event":"\t\tat org.postgresql.jdbc.PgStatement.executeWithFlags(PgStatement.java:341)","logger":"task.stderr"}
{"timestamp":"2026-07-04T10:38:54.269528Z","level":"error","event":"\t\tat org.postgresql.jdbc.PgStatement.executeCachedSql(PgStatement.java:326)","logger":"task.stderr"}
{"timestamp":"2026-07-04T10:38:54.269544Z","level":"error","event":"\t\tat org.postgresql.jdbc.PgStatement.executeWithFlags(PgStatement.java:302)","logger":"task.stderr"}
{"timestamp":"2026-07-04T10:38:54.269562Z","level":"error","event":"\t\tat org.postgresql.jdbc.PgStatement.executeUpdate(PgStatement.java:275)","logger":"task.stderr"}
{"timestamp":"2026-07-04T10:38:54.269578Z","level":"error","event":"\t\tat org.apache.spark.sql.execution.datasources.jdbc.JdbcUtils$.executeStatement(JdbcUtils.scala:1210)","logger":"task.stderr"}
{"timestamp":"2026-07-04T10:38:54.269621Z","level":"error","event":"\t\tat org.apache.spark.sql.execution.datasources.jdbc.JdbcUtils$.dropTable(JdbcUtils.scala:90)","logger":"task.stderr"}
{"timestamp":"2026-07-04T10:38:54.269640Z","level":"error","event":"\t\tat org.apache.spark.sql.execution.datasources.jdbc.JdbcRelationProvider.createRelation(JdbcRelationProvider.scala:73)","logger":"task.stderr"}
{"timestamp":"2026-07-04T10:38:54.269657Z","level":"error","event":"\t\tat org.apache.spark.sql.execution.datasources.SaveIntoDataSourceCommand.run(SaveIntoDataSourceCommand.scala:55)","logger":"task.stderr"}
{"timestamp":"2026-07-04T10:38:54.269674Z","level":"error","event":"\t\tat org.apache.spark.sql.execution.command.ExecutedCommandExec.sideEffectResult$lzycompute(commands.scala:79)","logger":"task.stderr"}
{"timestamp":"2026-07-04T10:38:54.269690Z","level":"error","event":"\t\tat org.apache.spark.sql.execution.command.ExecutedCommandExec.sideEffectResult(commands.scala:77)","logger":"task.stderr"}
{"timestamp":"2026-07-04T10:38:54.269707Z","level":"error","event":"\t\tat org.apache.spark.sql.execution.command.ExecutedCommandExec.executeCollect(commands.scala:88)","logger":"task.stderr"}
{"timestamp":"2026-07-04T10:38:54.269723Z","level":"error","event":"\t\tat org.apache.spark.sql.execution.QueryExecution.$anonfun$eagerlyExecuteCommands$2(QueryExecution.scala:185)","logger":"task.stderr"}
{"timestamp":"2026-07-04T10:38:54.269740Z","level":"error","event":"\t\tat org.apache.spark.sql.execution.SQLExecution$.$anonfun$withNewExecutionId0$8(SQLExecution.scala:177)","logger":"task.stderr"}
{"timestamp":"2026-07-04T10:38:54.269756Z","level":"error","event":"\t\tat org.apache.spark.sql.execution.SQLExecution$.withSessionTagsApplied(SQLExecution.scala:285)","logger":"task.stderr"}
{"timestamp":"2026-07-04T10:38:54.269773Z","level":"error","event":"\t\tat org.apache.spark.sql.execution.SQLExecution$.$anonfun$withNewExecutionId0$7(SQLExecution.scala:139)","logger":"task.stderr"}
{"timestamp":"2026-07-04T10:38:54.269789Z","level":"error","event":"\t\tat org.apache.spark.JobArtifactSet$.withActiveJobArtifactState(JobArtifactSet.scala:94)","logger":"task.stderr"}
{"timestamp":"2026-07-04T10:38:54.269807Z","level":"error","event":"\t\tat org.apache.spark.sql.artifact.ArtifactManager.$anonfun$withResources$1(ArtifactManager.scala:112)","logger":"task.stderr"}
{"timestamp":"2026-07-04T10:38:54.269824Z","level":"error","event":"\t\tat org.apache.spark.sql.artifact.ArtifactManager.withClassLoaderIfNeeded(ArtifactManager.scala:106)","logger":"task.stderr"}
{"timestamp":"2026-07-04T10:38:54.269840Z","level":"error","event":"\t\tat org.apache.spark.sql.artifact.ArtifactManager.withResources(ArtifactManager.scala:111)","logger":"task.stderr"}
{"timestamp":"2026-07-04T10:38:54.269856Z","level":"error","event":"\t\tat org.apache.spark.sql.execution.SQLExecution$.$anonfun$withNewExecutionId0$6(SQLExecution.scala:139)","logger":"task.stderr"}
{"timestamp":"2026-07-04T10:38:54.269872Z","level":"error","event":"\t\tat org.apache.spark.sql.execution.SQLExecution$.withSQLConfPropagated(SQLExecution.scala:308)","logger":"task.stderr"}
{"timestamp":"2026-07-04T10:38:54.269888Z","level":"error","event":"\t\tat org.apache.spark.sql.execution.SQLExecution$.$anonfun$withNewExecutionId0$1(SQLExecution.scala:138)","logger":"task.stderr"}
{"timestamp":"2026-07-04T10:38:54.269904Z","level":"error","event":"\t\tat org.apache.spark.sql.SparkSession.withActive(SparkSession.scala:804)","logger":"task.stderr"}
{"timestamp":"2026-07-04T10:38:54.269920Z","level":"error","event":"\t\tat org.apache.spark.sql.execution.SQLExecution$.withNewExecutionId0(SQLExecution.scala:92)","logger":"task.stderr"}
{"timestamp":"2026-07-04T10:38:54.269936Z","level":"error","event":"\t\tat org.apache.spark.sql.execution.SQLExecution$.withNewExecutionId(SQLExecution.scala:250)","logger":"task.stderr"}
{"timestamp":"2026-07-04T10:38:54.269956Z","level":"error","event":"\t\tat org.apache.spark.sql.execution.QueryExecution.$anonfun$eagerlyExecuteCommands$1(QueryExecution.scala:185)","logger":"task.stderr"}
{"timestamp":"2026-07-04T10:38:54.269972Z","level":"error","event":"\t\tat org.apache.spark.sql.execution.QueryExecution$.withInternalError(QueryExecution.scala:717)","logger":"task.stderr"}
{"timestamp":"2026-07-04T10:38:54.269988Z","level":"error","event":"\t\tat org.apache.spark.sql.execution.QueryExecution.org$apache$spark$sql$execution$QueryExecution$$eagerlyExecute$1(QueryExecution.scala:184)","logger":"task.stderr"}
{"timestamp":"2026-07-04T10:38:54.270005Z","level":"error","event":"\t\tat org.apache.spark.sql.execution.QueryExecution$$anonfun$eagerlyExecuteCommands$3.applyOrElse(QueryExecution.scala:201)","logger":"task.stderr"}
{"timestamp":"2026-07-04T10:38:54.270022Z","level":"error","event":"\t\tat org.apache.spark.sql.execution.QueryExecution$$anonfun$eagerlyExecuteCommands$3.applyOrElse(QueryExecution.scala:194)","logger":"task.stderr"}
{"timestamp":"2026-07-04T10:38:54.270039Z","level":"error","event":"\t\tat org.apache.spark.sql.catalyst.trees.TreeNode.$anonfun$transformDownWithPruning$1(TreeNode.scala:491)","logger":"task.stderr"}
{"timestamp":"2026-07-04T10:38:54.270055Z","level":"error","event":"\t\tat org.apache.spark.sql.catalyst.trees.CurrentOrigin$.withOrigin(origin.scala:107)","logger":"task.stderr"}
{"timestamp":"2026-07-04T10:38:54.270070Z","level":"error","event":"\t\tat org.apache.spark.sql.catalyst.trees.TreeNode.transformDownWithPruning(TreeNode.scala:491)","logger":"task.stderr"}
{"timestamp":"2026-07-04T10:38:54.270087Z","level":"error","event":"\t\tat org.apache.spark.sql.catalyst.plans.logical.LogicalPlan.org$apache$spark$sql$catalyst$plans$logical$AnalysisHelper$$super$transformDownWithPruning(LogicalPlan.scala:37)","logger":"task.stderr"}
{"timestamp":"2026-07-04T10:38:54.270104Z","level":"error","event":"\t\tat org.apache.spark.sql.catalyst.plans.logical.AnalysisHelper.transformDownWithPruning(AnalysisHelper.scala:360)","logger":"task.stderr"}
{"timestamp":"2026-07-04T10:38:54.270120Z","level":"error","event":"\t\tat org.apache.spark.sql.catalyst.plans.logical.AnalysisHelper.transformDownWithPruning$(AnalysisHelper.scala:356)","logger":"task.stderr"}
{"timestamp":"2026-07-04T10:38:54.270136Z","level":"error","event":"\t\tat org.apache.spark.sql.catalyst.plans.logical.LogicalPlan.transformDownWithPruning(LogicalPlan.scala:37)","logger":"task.stderr"}
{"timestamp":"2026-07-04T10:38:54.270152Z","level":"error","event":"\t\tat org.apache.spark.sql.catalyst.plans.logical.LogicalPlan.transformDownWithPruning(LogicalPlan.scala:37)","logger":"task.stderr"}
{"timestamp":"2026-07-04T10:38:54.270167Z","level":"error","event":"\t\tat org.apache.spark.sql.catalyst.trees.TreeNode.transformDown(TreeNode.scala:467)","logger":"task.stderr"}
{"timestamp":"2026-07-04T10:38:54.270183Z","level":"error","event":"\t\tat org.apache.spark.sql.execution.QueryExecution.eagerlyExecuteCommands(QueryExecution.scala:194)","logger":"task.stderr"}
{"timestamp":"2026-07-04T10:38:54.270199Z","level":"error","event":"\t\tat org.apache.spark.sql.execution.QueryExecution.$anonfun$lazyCommandExecuted$1(QueryExecution.scala:155)","logger":"task.stderr"}
{"timestamp":"2026-07-04T10:38:54.270215Z","level":"error","event":"\t\tat scala.util.Try$.apply(Try.scala:217)","logger":"task.stderr"}
{"timestamp":"2026-07-04T10:38:54.270231Z","level":"error","event":"\t\tat org.apache.spark.util.Utils$.doTryWithCallerStacktrace(Utils.scala:1392)","logger":"task.stderr"}
{"timestamp":"2026-07-04T10:38:54.270248Z","level":"error","event":"\t\tat org.apache.spark.util.LazyTry.tryT$lzycompute(LazyTry.scala:46)","logger":"task.stderr"}
{"timestamp":"2026-07-04T10:38:54.270264Z","level":"error","event":"\t\tat org.apache.spark.util.LazyTry.tryT(LazyTry.scala:46)","logger":"task.stderr"}
{"timestamp":"2026-07-04T10:38:54.270282Z","level":"error","event":"\t\t... 17 more","logger":"task.stderr"}
{"timestamp":"2026-07-04T10:38:54.270299Z","level":"error","event":"","logger":"task.stderr"}
{"timestamp":"2026-07-04T10:38:54.285801Z","level":"error","event":"Task failed with exception","dag_id":"dag_data","map_index":-1,"run_id":"manual__2026-07-04T10:38:37.340641+00:00","try_number":1,"ti_id":"019f2cb5-752a-7990-9016-0843a4425e3c","task_id":"transform_data_from_filesystem","logger":"task","filename":"task_runner.py","lineno":1381,"error_detail":[{"exc_type":"CalledProcessError","exc_value":"Command '['python3', '/Users/burugula.sasank/airflow/dags/spark/notebooks/silver_layer/data_transformations.py']' returned non-zero exit status 1.","exc_notes":[],"syntax_error":null,"is_cause":false,"frames":[{"filename":"/Library/Frameworks/Python.framework/Versions/3.14/lib/python3.14/site-packages/airflow/sdk/execution_time/task_runner.py","lineno":1287,"name":"run"},{"filename":"/Library/Frameworks/Python.framework/Versions/3.14/lib/python3.14/site-packages/airflow/sdk/execution_time/task_runner.py","lineno":1745,"name":"_execute_task"},{"filename":"/Library/Frameworks/Python.framework/Versions/3.14/lib/python3.14/site-packages/airflow/sdk/bases/operator.py","lineno":443,"name":"wrapper"},{"filename":"/Library/Frameworks/Python.framework/Versions/3.14/lib/python3.14/site-packages/airflow/sdk/bases/decorator.py","lineno":398,"name":"execute"},{"filename":"/Library/Frameworks/Python.framework/Versions/3.14/lib/python3.14/site-packages/airflow/sdk/bases/operator.py","lineno":443,"name":"wrapper"},{"filename":"/Library/Frameworks/Python.framework/Versions/3.14/lib/python3.14/site-packages/airflow/providers/standard/operators/python.py","lineno":231,"name":"execute"},{"filename":"/Library/Frameworks/Python.framework/Versions/3.14/lib/python3.14/site-packages/airflow/providers/standard/operators/python.py","lineno":254,"name":"execute_callable"},{"filename":"/Library/Frameworks/Python.framework/Versions/3.14/lib/python3.14/site-packages/airflow/sdk/execution_time/callback_runner.py","lineno":97,"name":"run"},{"filename":"/Users/burugula.sasank/airflow/dags/etl_scheduler.py","lineno":57,"name":"transform_data_from_filesystem"},{"filename":"/Library/Frameworks/Python.framework/Versions/3.14/lib/python3.14/subprocess.py","lineno":578,"name":"run"}],"is_group":false,"exceptions":[]}]}
{"timestamp":"2026-07-04T10:38:54.286103Z","level":"info","event":"::group::Post Execute","dag_id":"dag_data","map_index":-1,"run_id":"manual__2026-07-04T10:38:37.340641+00:00","try_number":1,"ti_id":"019f2cb5-752a-7990-9016-0843a4425e3c","task_id":"transform_data_from_filesystem","logger":"task","filename":"task_runner.py","lineno":1382}
{"timestamp":"2026-07-04T10:38:54.286837Z","level":"info","event":"::endgroup::","dag_id":"dag_data","map_index":-1,"run_id":"manual__2026-07-04T10:38:37.340641+00:00","try_number":1,"ti_id":"019f2cb5-752a-7990-9016-0843a4425e3c","task_id":"transform_data_from_filesystem","logger":"task","filename":"task_runner.py","lineno":1896}
