{"timestamp":"2026-07-03T02:06:50.619578Z","level":"info","event":"2026-07-03T02:06:50.619431Z [info     ] ::group::Pre Execute           [task] loc=task_runner.py:1926","logger":"task.stdout"}
{"timestamp":"2026-07-03T02:06:50.698218Z","level":"info","event":"setup plugin alembic.autogenerate.schemas","logger":"alembic.runtime.plugins","try_number":1,"ti_id":"019f25ba-5669-7cf2-bc54-4466ca80fdab","dag_id":"dag_data","map_index":-1,"run_id":"manual__2026-07-03T02:06:36.630462+00:00","task_id":"transform_data_from_filesystem","filename":"plugins.py","lineno":37}
{"timestamp":"2026-07-03T02:06:50.698299Z","level":"info","event":"setup plugin alembic.autogenerate.tables","logger":"alembic.runtime.plugins","try_number":1,"ti_id":"019f25ba-5669-7cf2-bc54-4466ca80fdab","dag_id":"dag_data","map_index":-1,"run_id":"manual__2026-07-03T02:06:36.630462+00:00","task_id":"transform_data_from_filesystem","filename":"plugins.py","lineno":37}
{"timestamp":"2026-07-03T02:06:50.698332Z","level":"info","event":"setup plugin alembic.autogenerate.types","logger":"alembic.runtime.plugins","try_number":1,"ti_id":"019f25ba-5669-7cf2-bc54-4466ca80fdab","dag_id":"dag_data","map_index":-1,"run_id":"manual__2026-07-03T02:06:36.630462+00:00","task_id":"transform_data_from_filesystem","filename":"plugins.py","lineno":37}
{"timestamp":"2026-07-03T02:06:50.698358Z","level":"info","event":"setup plugin alembic.autogenerate.constraints","logger":"alembic.runtime.plugins","try_number":1,"ti_id":"019f25ba-5669-7cf2-bc54-4466ca80fdab","dag_id":"dag_data","map_index":-1,"run_id":"manual__2026-07-03T02:06:36.630462+00:00","task_id":"transform_data_from_filesystem","filename":"plugins.py","lineno":37}
{"timestamp":"2026-07-03T02:06:50.698379Z","level":"info","event":"setup plugin alembic.autogenerate.defaults","logger":"alembic.runtime.plugins","try_number":1,"ti_id":"019f25ba-5669-7cf2-bc54-4466ca80fdab","dag_id":"dag_data","map_index":-1,"run_id":"manual__2026-07-03T02:06:36.630462+00:00","task_id":"transform_data_from_filesystem","filename":"plugins.py","lineno":37}
{"timestamp":"2026-07-03T02:06:50.698400Z","level":"info","event":"setup plugin alembic.autogenerate.comments","logger":"alembic.runtime.plugins","try_number":1,"ti_id":"019f25ba-5669-7cf2-bc54-4466ca80fdab","dag_id":"dag_data","map_index":-1,"run_id":"manual__2026-07-03T02:06:36.630462+00:00","task_id":"transform_data_from_filesystem","filename":"plugins.py","lineno":37}
{"timestamp":"2026-07-03T02:06:50.742725Z","level":"info","event":"DAG bundles loaded: dags-folder","try_number":1,"ti_id":"019f25ba-5669-7cf2-bc54-4466ca80fdab","dag_id":"dag_data","map_index":-1,"run_id":"manual__2026-07-03T02:06:36.630462+00:00","task_id":"transform_data_from_filesystem","logger":"airflow.dag_processing.bundles.manager.DagBundlesManager","filename":"manager.py","lineno":209}
{"timestamp":"2026-07-03T02:06:50.742928Z","level":"info","event":"Filling up the DagBag from /Users/burugula.sasank/airflow/dags/etl_scheduler.py","try_number":1,"ti_id":"019f25ba-5669-7cf2-bc54-4466ca80fdab","dag_id":"dag_data","map_index":-1,"run_id":"manual__2026-07-03T02:06:36.630462+00:00","task_id":"transform_data_from_filesystem","logger":"airflow.dag_processing.dagbag.BundleDagBag","filename":"dagbag.py","lineno":469}
{"timestamp":"2026-07-03T02:06:50.774285Z","level":"warning","event":"The `airflow.decorators.task` attribute is deprecated. Please use `'airflow.sdk.task'`.","category":"UserWarning","filename":"/Users/burugula.sasank/airflow/dags/etl_scheduler.py","lineno":1,"try_number":1,"ti_id":"019f25ba-5669-7cf2-bc54-4466ca80fdab","dag_id":"dag_data","map_index":-1,"run_id":"manual__2026-07-03T02:06:36.630462+00:00","task_id":"transform_data_from_filesystem","logger":"py.warnings"}
{"timestamp":"2026-07-03T02:06:50.774332Z","level":"warning","event":"The `airflow.decorators.dag` attribute is deprecated. Please use `'airflow.sdk.dag'`.","category":"UserWarning","filename":"/Users/burugula.sasank/airflow/dags/etl_scheduler.py","lineno":1,"try_number":1,"ti_id":"019f25ba-5669-7cf2-bc54-4466ca80fdab","dag_id":"dag_data","map_index":-1,"run_id":"manual__2026-07-03T02:06:36.630462+00:00","task_id":"transform_data_from_filesystem","logger":"py.warnings"}
{"timestamp":"2026-07-03T02:06:50.774355Z","level":"warning","event":"The `airflow.hooks.base.BaseHook` attribute is deprecated. Please use `'airflow.sdk.bases.hook.BaseHook'`.","category":"UserWarning","filename":"/Users/burugula.sasank/airflow/dags/etl_scheduler.py","lineno":2,"try_number":1,"ti_id":"019f25ba-5669-7cf2-bc54-4466ca80fdab","dag_id":"dag_data","map_index":-1,"run_id":"manual__2026-07-03T02:06:36.630462+00:00","task_id":"transform_data_from_filesystem","logger":"py.warnings"}
{"timestamp":"2026-07-03T02:06:50.785949Z","level":"info","event":"::endgroup::","try_number":1,"ti_id":"019f25ba-5669-7cf2-bc54-4466ca80fdab","dag_id":"dag_data","map_index":-1,"run_id":"manual__2026-07-03T02:06:36.630462+00:00","task_id":"transform_data_from_filesystem","logger":"task","filename":"task_runner.py","lineno":1727}
{"timestamp":"2026-07-03T02:06:50.863061Z","level":"error","event":"/Library/Frameworks/Python.framework/Versions/3.14/lib/python3.14/site-packages/pyspark/sql/udf.py:134: UserWarning: Cannot infer the eval type from type hints.","logger":"task.stderr"}
{"timestamp":"2026-07-03T02:06:50.863147Z","level":"error","event":"  warnings.warn(\"Cannot infer the eval type from type hints. \", UserWarning)","logger":"task.stderr"}
{"timestamp":"2026-07-03T02:06:50.975830Z","level":"error","event":"WARNING: Using incubator modules: jdk.incubator.vector","logger":"task.stderr"}
{"timestamp":"2026-07-03T02:06:51.279128Z","level":"error","event":"Using Spark's default log4j profile: org/apache/spark/log4j2-defaults.properties","logger":"task.stderr"}
{"timestamp":"2026-07-03T02:06:51.284393Z","level":"error","event":"26/07/03 07:36:51 WARN Utils: Your hostname, Burugulas-MacBook-Air.local, resolves to a loopback address: 127.0.0.1; using 192.168.0.107 instead (on interface en0)","logger":"task.stderr"}
{"timestamp":"2026-07-03T02:06:51.285337Z","level":"error","event":"26/07/03 07:36:51 WARN Utils: Set SPARK_LOCAL_IP if you need to bind to another address","logger":"task.stderr"}
{"timestamp":"2026-07-03T02:06:51.349871Z","level":"error","event":":: loading settings :: url = jar:file:/Library/Frameworks/Python.framework/Versions/3.14/lib/python3.14/site-packages/pyspark/jars/ivy-2.5.3.jar!/org/apache/ivy/core/settings/ivysettings.xml","logger":"task.stderr"}
{"timestamp":"2026-07-03T02:06:51.380216Z","level":"error","event":"Ivy Default Cache set to: /Users/burugula.sasank/.ivy2.5.2/cache","logger":"task.stderr"}
{"timestamp":"2026-07-03T02:06:51.380318Z","level":"error","event":"The jars for the packages stored in: /Users/burugula.sasank/.ivy2.5.2/jars","logger":"task.stderr"}
{"timestamp":"2026-07-03T02:06:51.381549Z","level":"error","event":"org.postgresql#postgresql added as a dependency","logger":"task.stderr"}
{"timestamp":"2026-07-03T02:06:51.381778Z","level":"error","event":":: resolving dependencies :: org.apache.spark#spark-submit-parent-00c71148-a592-41d5-801d-920d779408ce;1.0","logger":"task.stderr"}
{"timestamp":"2026-07-03T02:06:51.381823Z","level":"error","event":"\tconfs: [default]","logger":"task.stderr"}
{"timestamp":"2026-07-03T02:06:51.421016Z","level":"error","event":"\tfound org.postgresql#postgresql;42.7.3 in central","logger":"task.stderr"}
{"timestamp":"2026-07-03T02:06:51.428961Z","level":"error","event":"\tfound org.checkerframework#checker-qual;3.42.0 in central","logger":"task.stderr"}
{"timestamp":"2026-07-03T02:06:51.434278Z","level":"error","event":":: resolution report :: resolve 50ms :: artifacts dl 3ms","logger":"task.stderr"}
{"timestamp":"2026-07-03T02:06:51.434425Z","level":"error","event":"\t:: modules in use:","logger":"task.stderr"}
{"timestamp":"2026-07-03T02:06:51.434479Z","level":"error","event":"\torg.checkerframework#checker-qual;3.42.0 from central in [default]","logger":"task.stderr"}
{"timestamp":"2026-07-03T02:06:51.434527Z","level":"error","event":"\torg.postgresql#postgresql;42.7.3 from central in [default]","logger":"task.stderr"}
{"timestamp":"2026-07-03T02:06:51.434629Z","level":"error","event":"\t---------------------------------------------------------------------","logger":"task.stderr"}
{"timestamp":"2026-07-03T02:06:51.434670Z","level":"error","event":"\t|                  |            modules            ||   artifacts   |","logger":"task.stderr"}
{"timestamp":"2026-07-03T02:06:51.434694Z","level":"error","event":"\t|       conf       | number| search|dwnlded|evicted|| number|dwnlded|","logger":"task.stderr"}
{"timestamp":"2026-07-03T02:06:51.434756Z","level":"error","event":"\t---------------------------------------------------------------------","logger":"task.stderr"}
{"timestamp":"2026-07-03T02:06:51.434779Z","level":"error","event":"\t|      default     |   2   |   0   |   0   |   0   ||   2   |   0   |","logger":"task.stderr"}
{"timestamp":"2026-07-03T02:06:51.434799Z","level":"error","event":"\t---------------------------------------------------------------------","logger":"task.stderr"}
{"timestamp":"2026-07-03T02:06:51.435562Z","level":"error","event":":: retrieving :: org.apache.spark#spark-submit-parent-00c71148-a592-41d5-801d-920d779408ce","logger":"task.stderr"}
{"timestamp":"2026-07-03T02:06:51.435651Z","level":"error","event":"\tconfs: [default]","logger":"task.stderr"}
{"timestamp":"2026-07-03T02:06:51.437569Z","level":"error","event":"\t0 artifacts copied, 2 already retrieved (0kB/2ms)","logger":"task.stderr"}
{"timestamp":"2026-07-03T02:06:51.497741Z","level":"error","event":"26/07/03 07:36:51 WARN NativeCodeLoader: Unable to load native-hadoop library for your platform... using builtin-java classes where applicable","logger":"task.stderr"}
{"timestamp":"2026-07-03T02:06:51.547736Z","level":"error","event":"Using Spark's default log4j profile: org/apache/spark/log4j2-defaults.properties","logger":"task.stderr"}
{"timestamp":"2026-07-03T02:06:51.547923Z","level":"error","event":"Setting default log level to \"WARN\".","logger":"task.stderr"}
{"timestamp":"2026-07-03T02:06:51.548019Z","level":"error","event":"To adjust logging level use sc.setLogLevel(newLevel). For SparkR, use setLogLevel(newLevel).","logger":"task.stderr"}
{"timestamp":"2026-07-03T02:06:54.431396Z","level":"error","event":"26/07/03 07:36:54 WARN SparkStringUtils: Truncated the string representation of a plan since it was too large. This behavior can be adjusted by setting 'spark.sql.debug.maxToStringFields'.","logger":"task.stderr"}
{"timestamp":"2026-07-03T02:06:56.631611Z","level":"info","event":"Silver Ingestion Success with returned val:CompletedProcess(args=['python3', '/Users/burugula.sasank/airflow/dags/spark/notebooks/silver_layer/data_transformations.py'], returncode=0)","logger":"task.stdout"}
{"timestamp":"2026-07-03T02:06:56.631749Z","level":"info","event":"Done. Returned value was: None","try_number":1,"ti_id":"019f25ba-5669-7cf2-bc54-4466ca80fdab","dag_id":"dag_data","map_index":-1,"run_id":"manual__2026-07-03T02:06:36.630462+00:00","task_id":"transform_data_from_filesystem","logger":"airflow.task.operators.airflow.providers.standard.decorators.python._PythonDecoratedOperator","filename":"python.py","lineno":233}
{"timestamp":"2026-07-03T02:06:56.631957Z","level":"info","event":"::group::Post Execute","try_number":1,"ti_id":"019f25ba-5669-7cf2-bc54-4466ca80fdab","dag_id":"dag_data","map_index":-1,"run_id":"manual__2026-07-03T02:06:36.630462+00:00","task_id":"transform_data_from_filesystem","logger":"task","filename":"task_runner.py","lineno":1288}
{"timestamp":"2026-07-03T02:06:56.637737Z","level":"info","event":"::endgroup::","try_number":1,"ti_id":"019f25ba-5669-7cf2-bc54-4466ca80fdab","dag_id":"dag_data","map_index":-1,"run_id":"manual__2026-07-03T02:06:36.630462+00:00","task_id":"transform_data_from_filesystem","logger":"task","filename":"task_runner.py","lineno":1896}
{"timestamp":"2026-07-03T02:06:57.076728Z","level":"error","event":"\r[Stage 9:>                                                          (0 + 1) / 1]","logger":"task.stderr"}
