{"timestamp":"2026-07-04T10:09:27.325735Z","level":"info","event":"2026-07-04T10:09:27.325620Z [info     ] ::group::Pre Execute           [task] loc=task_runner.py:1926","logger":"task.stdout"}
{"timestamp":"2026-07-04T10:09:27.404595Z","level":"info","event":"setup plugin alembic.autogenerate.schemas","logger":"alembic.runtime.plugins","run_id":"manual__2026-07-04T10:09:20.993867+00:00","map_index":-1,"try_number":1,"task_id":"ingest_data_to_filesystem","dag_id":"dag_data","ti_id":"019f2c9a-a873-71af-a5b0-2c431eed85fa","filename":"plugins.py","lineno":37}
{"timestamp":"2026-07-04T10:09:27.404666Z","level":"info","event":"setup plugin alembic.autogenerate.tables","logger":"alembic.runtime.plugins","run_id":"manual__2026-07-04T10:09:20.993867+00:00","map_index":-1,"try_number":1,"task_id":"ingest_data_to_filesystem","dag_id":"dag_data","ti_id":"019f2c9a-a873-71af-a5b0-2c431eed85fa","filename":"plugins.py","lineno":37}
{"timestamp":"2026-07-04T10:09:27.404697Z","level":"info","event":"setup plugin alembic.autogenerate.types","logger":"alembic.runtime.plugins","run_id":"manual__2026-07-04T10:09:20.993867+00:00","map_index":-1,"try_number":1,"task_id":"ingest_data_to_filesystem","dag_id":"dag_data","ti_id":"019f2c9a-a873-71af-a5b0-2c431eed85fa","filename":"plugins.py","lineno":37}
{"timestamp":"2026-07-04T10:09:27.404722Z","level":"info","event":"setup plugin alembic.autogenerate.constraints","logger":"alembic.runtime.plugins","run_id":"manual__2026-07-04T10:09:20.993867+00:00","map_index":-1,"try_number":1,"task_id":"ingest_data_to_filesystem","dag_id":"dag_data","ti_id":"019f2c9a-a873-71af-a5b0-2c431eed85fa","filename":"plugins.py","lineno":37}
{"timestamp":"2026-07-04T10:09:27.404743Z","level":"info","event":"setup plugin alembic.autogenerate.defaults","logger":"alembic.runtime.plugins","run_id":"manual__2026-07-04T10:09:20.993867+00:00","map_index":-1,"try_number":1,"task_id":"ingest_data_to_filesystem","dag_id":"dag_data","ti_id":"019f2c9a-a873-71af-a5b0-2c431eed85fa","filename":"plugins.py","lineno":37}
{"timestamp":"2026-07-04T10:09:27.404764Z","level":"info","event":"setup plugin alembic.autogenerate.comments","logger":"alembic.runtime.plugins","run_id":"manual__2026-07-04T10:09:20.993867+00:00","map_index":-1,"try_number":1,"task_id":"ingest_data_to_filesystem","dag_id":"dag_data","ti_id":"019f2c9a-a873-71af-a5b0-2c431eed85fa","filename":"plugins.py","lineno":37}
{"timestamp":"2026-07-04T10:09:27.445358Z","level":"info","event":"DAG bundles loaded: dags-folder","run_id":"manual__2026-07-04T10:09:20.993867+00:00","map_index":-1,"try_number":1,"task_id":"ingest_data_to_filesystem","dag_id":"dag_data","ti_id":"019f2c9a-a873-71af-a5b0-2c431eed85fa","logger":"airflow.dag_processing.bundles.manager.DagBundlesManager","filename":"manager.py","lineno":209}
{"timestamp":"2026-07-04T10:09:27.445552Z","level":"info","event":"Filling up the DagBag from /Users/burugula.sasank/airflow/dags/etl_scheduler.py","run_id":"manual__2026-07-04T10:09:20.993867+00:00","map_index":-1,"try_number":1,"task_id":"ingest_data_to_filesystem","dag_id":"dag_data","ti_id":"019f2c9a-a873-71af-a5b0-2c431eed85fa","logger":"airflow.dag_processing.dagbag.BundleDagBag","filename":"dagbag.py","lineno":469}
{"timestamp":"2026-07-04T10:09:27.475663Z","level":"warning","event":"The `airflow.decorators.task` attribute is deprecated. Please use `'airflow.sdk.task'`.","category":"UserWarning","filename":"/Users/burugula.sasank/airflow/dags/etl_scheduler.py","lineno":1,"run_id":"manual__2026-07-04T10:09:20.993867+00:00","map_index":-1,"try_number":1,"task_id":"ingest_data_to_filesystem","dag_id":"dag_data","ti_id":"019f2c9a-a873-71af-a5b0-2c431eed85fa","logger":"py.warnings"}
{"timestamp":"2026-07-04T10:09:27.475707Z","level":"warning","event":"The `airflow.decorators.dag` attribute is deprecated. Please use `'airflow.sdk.dag'`.","category":"UserWarning","filename":"/Users/burugula.sasank/airflow/dags/etl_scheduler.py","lineno":1,"run_id":"manual__2026-07-04T10:09:20.993867+00:00","map_index":-1,"try_number":1,"task_id":"ingest_data_to_filesystem","dag_id":"dag_data","ti_id":"019f2c9a-a873-71af-a5b0-2c431eed85fa","logger":"py.warnings"}
{"timestamp":"2026-07-04T10:09:27.475731Z","level":"warning","event":"The `airflow.hooks.base.BaseHook` attribute is deprecated. Please use `'airflow.sdk.bases.hook.BaseHook'`.","category":"UserWarning","filename":"/Users/burugula.sasank/airflow/dags/etl_scheduler.py","lineno":2,"run_id":"manual__2026-07-04T10:09:20.993867+00:00","map_index":-1,"try_number":1,"task_id":"ingest_data_to_filesystem","dag_id":"dag_data","ti_id":"019f2c9a-a873-71af-a5b0-2c431eed85fa","logger":"py.warnings"}
{"timestamp":"2026-07-04T10:09:27.487985Z","level":"info","event":"::endgroup::","run_id":"manual__2026-07-04T10:09:20.993867+00:00","map_index":-1,"try_number":1,"task_id":"ingest_data_to_filesystem","dag_id":"dag_data","ti_id":"019f2c9a-a873-71af-a5b0-2c431eed85fa","logger":"task","filename":"task_runner.py","lineno":1727}
{"timestamp":"2026-07-04T10:09:27.832235Z","level":"error","event":"WARNING: Using incubator modules: jdk.incubator.vector","logger":"task.stderr"}
{"timestamp":"2026-07-04T10:09:28.246315Z","level":"error","event":"Using Spark's default log4j profile: org/apache/spark/log4j2-defaults.properties","logger":"task.stderr"}
{"timestamp":"2026-07-04T10:09:28.252304Z","level":"error","event":"26/07/04 15:39:28 WARN Utils: Your hostname, Burugulas-MacBook-Air.local, resolves to a loopback address: 127.0.0.1; using 192.168.0.107 instead (on interface en0)","logger":"task.stderr"}
{"timestamp":"2026-07-04T10:09:28.253350Z","level":"error","event":"26/07/04 15:39:28 WARN Utils: Set SPARK_LOCAL_IP if you need to bind to another address","logger":"task.stderr"}
{"timestamp":"2026-07-04T10:09:28.386272Z","level":"error","event":"Using Spark's default log4j profile: org/apache/spark/log4j2-defaults.properties","logger":"task.stderr"}
{"timestamp":"2026-07-04T10:09:28.386410Z","level":"error","event":"Setting default log level to \"WARN\".","logger":"task.stderr"}
{"timestamp":"2026-07-04T10:09:28.386443Z","level":"error","event":"To adjust logging level use sc.setLogLevel(newLevel). For SparkR, use setLogLevel(newLevel).","logger":"task.stderr"}
{"timestamp":"2026-07-04T10:09:28.488437Z","level":"error","event":"26/07/04 15:39:28 WARN NativeCodeLoader: Unable to load native-hadoop library for your platform... using builtin-java classes where applicable","logger":"task.stderr"}
{"timestamp":"2026-07-04T10:09:30.268081Z","level":"error","event":"Traceback (most recent call last):","logger":"task.stderr"}
{"timestamp":"2026-07-04T10:09:30.268335Z","level":"error","event":"  File \"/Users/burugula.sasank/airflow/dags/spark/notebooks/bronze_layer/ingest_data_to_bronze.py\", line 61, in <module>","logger":"task.stderr"}
{"timestamp":"2026-07-04T10:09:30.268371Z","level":"error","event":"    parse_file_contents()","logger":"task.stderr"}
{"timestamp":"2026-07-04T10:09:30.268394Z","level":"error","event":"    ~~~~~~~~~~~~~~~~~~~^^","logger":"task.stderr"}
{"timestamp":"2026-07-04T10:09:30.268414Z","level":"error","event":"  File \"/Users/burugula.sasank/airflow/dags/spark/notebooks/bronze_layer/ingest_data_to_bronze.py\", line 19, in parse_file_contents","logger":"task.stderr"}
{"timestamp":"2026-07-04T10:09:30.268435Z","level":"error","event":"    spark.sql(\"DROP TABLE IF EXISTS cric_db.odi_batsmen CASCADE\")","logger":"task.stderr"}
{"timestamp":"2026-07-04T10:09:30.268455Z","level":"error","event":"    ~~~~~~~~~^^^^^^^^^^^^^^^^^^^^^^^^^^^^^^^^^^^^^^^^^^^^^^^^^^^^","logger":"task.stderr"}
{"timestamp":"2026-07-04T10:09:30.268474Z","level":"error","event":"  File \"/Library/Frameworks/Python.framework/Versions/3.14/lib/python3.14/site-packages/pyspark/sql/session.py\", line 1816, in sql","logger":"task.stderr"}
{"timestamp":"2026-07-04T10:09:30.268494Z","level":"error","event":"    return DataFrame(self._jsparkSession.sql(sqlQuery, litArgs), self)","logger":"task.stderr"}
{"timestamp":"2026-07-04T10:09:30.268514Z","level":"error","event":"                     ~~~~~~~~~~~~~~~~~~~~~~~^^^^^^^^^^^^^^^^^^^","logger":"task.stderr"}
{"timestamp":"2026-07-04T10:09:30.268532Z","level":"error","event":"  File \"/Library/Frameworks/Python.framework/Versions/3.14/lib/python3.14/site-packages/py4j/java_gateway.py\", line 1362, in __call__","logger":"task.stderr"}
{"timestamp":"2026-07-04T10:09:30.268558Z","level":"error","event":"    return_value = get_return_value(","logger":"task.stderr"}
{"timestamp":"2026-07-04T10:09:30.268577Z","level":"error","event":"        answer, self.gateway_client, self.target_id, self.name)","logger":"task.stderr"}
{"timestamp":"2026-07-04T10:09:30.268596Z","level":"error","event":"  File \"/Library/Frameworks/Python.framework/Versions/3.14/lib/python3.14/site-packages/pyspark/errors/exceptions/captured.py\", line 269, in deco","logger":"task.stderr"}
{"timestamp":"2026-07-04T10:09:30.268615Z","level":"error","event":"    raise converted from None","logger":"task.stderr"}
{"timestamp":"2026-07-04T10:09:30.268659Z","level":"error","event":"pyspark.errors.exceptions.captured.ParseException:","logger":"task.stderr"}
{"timestamp":"2026-07-04T10:09:30.268679Z","level":"error","event":"[PARSE_SYNTAX_ERROR] Syntax error at or near 'CASCADE': extra input 'CASCADE'. SQLSTATE: 42601 (line 1, pos 41)","logger":"task.stderr"}
{"timestamp":"2026-07-04T10:09:30.268698Z","level":"error","event":"","logger":"task.stderr"}
{"timestamp":"2026-07-04T10:09:30.268717Z","level":"error","event":"== SQL ==","logger":"task.stderr"}
{"timestamp":"2026-07-04T10:09:30.268736Z","level":"error","event":"DROP TABLE IF EXISTS cric_db.odi_batsmen CASCADE","logger":"task.stderr"}
{"timestamp":"2026-07-04T10:09:30.268754Z","level":"error","event":"-----------------------------------------^^^","logger":"task.stderr"}
{"timestamp":"2026-07-04T10:09:30.268773Z","level":"error","event":"","logger":"task.stderr"}
{"timestamp":"2026-07-04T10:09:30.284848Z","level":"error","event":"Task failed with exception","run_id":"manual__2026-07-04T10:09:20.993867+00:00","map_index":-1,"try_number":1,"task_id":"ingest_data_to_filesystem","dag_id":"dag_data","ti_id":"019f2c9a-a873-71af-a5b0-2c431eed85fa","logger":"task","filename":"task_runner.py","lineno":1381,"error_detail":[{"exc_type":"CalledProcessError","exc_value":"Command '['python3', '/Users/burugula.sasank/airflow/dags/spark/notebooks/bronze_layer/ingest_data_to_bronze.py']' returned non-zero exit status 1.","exc_notes":[],"syntax_error":null,"is_cause":false,"frames":[{"filename":"/Library/Frameworks/Python.framework/Versions/3.14/lib/python3.14/site-packages/airflow/sdk/execution_time/task_runner.py","lineno":1287,"name":"run"},{"filename":"/Library/Frameworks/Python.framework/Versions/3.14/lib/python3.14/site-packages/airflow/sdk/execution_time/task_runner.py","lineno":1745,"name":"_execute_task"},{"filename":"/Library/Frameworks/Python.framework/Versions/3.14/lib/python3.14/site-packages/airflow/sdk/bases/operator.py","lineno":443,"name":"wrapper"},{"filename":"/Library/Frameworks/Python.framework/Versions/3.14/lib/python3.14/site-packages/airflow/sdk/bases/decorator.py","lineno":398,"name":"execute"},{"filename":"/Library/Frameworks/Python.framework/Versions/3.14/lib/python3.14/site-packages/airflow/sdk/bases/operator.py","lineno":443,"name":"wrapper"},{"filename":"/Library/Frameworks/Python.framework/Versions/3.14/lib/python3.14/site-packages/airflow/providers/standard/operators/python.py","lineno":231,"name":"execute"},{"filename":"/Library/Frameworks/Python.framework/Versions/3.14/lib/python3.14/site-packages/airflow/providers/standard/operators/python.py","lineno":254,"name":"execute_callable"},{"filename":"/Library/Frameworks/Python.framework/Versions/3.14/lib/python3.14/site-packages/airflow/sdk/execution_time/callback_runner.py","lineno":97,"name":"run"},{"filename":"/Users/burugula.sasank/airflow/dags/etl_scheduler.py","lineno":51,"name":"ingest_data_to_filesystem"},{"filename":"/Library/Frameworks/Python.framework/Versions/3.14/lib/python3.14/subprocess.py","lineno":578,"name":"run"}],"is_group":false,"exceptions":[]}]}
{"timestamp":"2026-07-04T10:09:30.285201Z","level":"info","event":"::group::Post Execute","run_id":"manual__2026-07-04T10:09:20.993867+00:00","map_index":-1,"try_number":1,"task_id":"ingest_data_to_filesystem","dag_id":"dag_data","ti_id":"019f2c9a-a873-71af-a5b0-2c431eed85fa","logger":"task","filename":"task_runner.py","lineno":1382}
{"timestamp":"2026-07-04T10:09:30.285788Z","level":"info","event":"::endgroup::","run_id":"manual__2026-07-04T10:09:20.993867+00:00","map_index":-1,"try_number":1,"task_id":"ingest_data_to_filesystem","dag_id":"dag_data","ti_id":"019f2c9a-a873-71af-a5b0-2c431eed85fa","logger":"task","filename":"task_runner.py","lineno":1896}
