{"timestamp":"2026-07-04T12:23:45.964502Z","level":"info","event":"2026-07-04T12:23:45.964319Z [info     ] ::group::Pre Execute           [task] loc=task_runner.py:1926","logger":"task.stdout"}
{"timestamp":"2026-07-04T12:23:46.044590Z","level":"info","event":"setup plugin alembic.autogenerate.schemas","logger":"alembic.runtime.plugins","run_id":"manual__2026-07-04T12:23:39.438608+00:00","map_index":-1,"task_id":"ingest_data_to_filesystem","ti_id":"019f2d15-9ebb-7c97-9a1a-dc022cf13116","dag_id":"dag_data","try_number":1,"filename":"plugins.py","lineno":37}
{"timestamp":"2026-07-04T12:23:46.044673Z","level":"info","event":"setup plugin alembic.autogenerate.tables","logger":"alembic.runtime.plugins","run_id":"manual__2026-07-04T12:23:39.438608+00:00","map_index":-1,"task_id":"ingest_data_to_filesystem","ti_id":"019f2d15-9ebb-7c97-9a1a-dc022cf13116","dag_id":"dag_data","try_number":1,"filename":"plugins.py","lineno":37}
{"timestamp":"2026-07-04T12:23:46.044706Z","level":"info","event":"setup plugin alembic.autogenerate.types","logger":"alembic.runtime.plugins","run_id":"manual__2026-07-04T12:23:39.438608+00:00","map_index":-1,"task_id":"ingest_data_to_filesystem","ti_id":"019f2d15-9ebb-7c97-9a1a-dc022cf13116","dag_id":"dag_data","try_number":1,"filename":"plugins.py","lineno":37}
{"timestamp":"2026-07-04T12:23:46.044731Z","level":"info","event":"setup plugin alembic.autogenerate.constraints","logger":"alembic.runtime.plugins","run_id":"manual__2026-07-04T12:23:39.438608+00:00","map_index":-1,"task_id":"ingest_data_to_filesystem","ti_id":"019f2d15-9ebb-7c97-9a1a-dc022cf13116","dag_id":"dag_data","try_number":1,"filename":"plugins.py","lineno":37}
{"timestamp":"2026-07-04T12:23:46.044754Z","level":"info","event":"setup plugin alembic.autogenerate.defaults","logger":"alembic.runtime.plugins","run_id":"manual__2026-07-04T12:23:39.438608+00:00","map_index":-1,"task_id":"ingest_data_to_filesystem","ti_id":"019f2d15-9ebb-7c97-9a1a-dc022cf13116","dag_id":"dag_data","try_number":1,"filename":"plugins.py","lineno":37}
{"timestamp":"2026-07-04T12:23:46.044775Z","level":"info","event":"setup plugin alembic.autogenerate.comments","logger":"alembic.runtime.plugins","run_id":"manual__2026-07-04T12:23:39.438608+00:00","map_index":-1,"task_id":"ingest_data_to_filesystem","ti_id":"019f2d15-9ebb-7c97-9a1a-dc022cf13116","dag_id":"dag_data","try_number":1,"filename":"plugins.py","lineno":37}
{"timestamp":"2026-07-04T12:23:46.085393Z","level":"info","event":"DAG bundles loaded: dags-folder","run_id":"manual__2026-07-04T12:23:39.438608+00:00","map_index":-1,"task_id":"ingest_data_to_filesystem","ti_id":"019f2d15-9ebb-7c97-9a1a-dc022cf13116","dag_id":"dag_data","try_number":1,"logger":"airflow.dag_processing.bundles.manager.DagBundlesManager","filename":"manager.py","lineno":209}
{"timestamp":"2026-07-04T12:23:46.085591Z","level":"info","event":"Filling up the DagBag from /Users/burugula.sasank/airflow/dags/etl_scheduler.py","run_id":"manual__2026-07-04T12:23:39.438608+00:00","map_index":-1,"task_id":"ingest_data_to_filesystem","ti_id":"019f2d15-9ebb-7c97-9a1a-dc022cf13116","dag_id":"dag_data","try_number":1,"logger":"airflow.dag_processing.dagbag.BundleDagBag","filename":"dagbag.py","lineno":469}
{"timestamp":"2026-07-04T12:23:46.115239Z","level":"warning","event":"The `airflow.decorators.task` attribute is deprecated. Please use `'airflow.sdk.task'`.","category":"UserWarning","filename":"/Users/burugula.sasank/airflow/dags/etl_scheduler.py","lineno":1,"run_id":"manual__2026-07-04T12:23:39.438608+00:00","map_index":-1,"task_id":"ingest_data_to_filesystem","ti_id":"019f2d15-9ebb-7c97-9a1a-dc022cf13116","dag_id":"dag_data","try_number":1,"logger":"py.warnings"}
{"timestamp":"2026-07-04T12:23:46.115288Z","level":"warning","event":"The `airflow.decorators.dag` attribute is deprecated. Please use `'airflow.sdk.dag'`.","category":"UserWarning","filename":"/Users/burugula.sasank/airflow/dags/etl_scheduler.py","lineno":1,"run_id":"manual__2026-07-04T12:23:39.438608+00:00","map_index":-1,"task_id":"ingest_data_to_filesystem","ti_id":"019f2d15-9ebb-7c97-9a1a-dc022cf13116","dag_id":"dag_data","try_number":1,"logger":"py.warnings"}
{"timestamp":"2026-07-04T12:23:46.115314Z","level":"warning","event":"The `airflow.hooks.base.BaseHook` attribute is deprecated. Please use `'airflow.sdk.bases.hook.BaseHook'`.","category":"UserWarning","filename":"/Users/burugula.sasank/airflow/dags/etl_scheduler.py","lineno":2,"run_id":"manual__2026-07-04T12:23:39.438608+00:00","map_index":-1,"task_id":"ingest_data_to_filesystem","ti_id":"019f2d15-9ebb-7c97-9a1a-dc022cf13116","dag_id":"dag_data","try_number":1,"logger":"py.warnings"}
{"timestamp":"2026-07-04T12:23:46.127444Z","level":"info","event":"::endgroup::","run_id":"manual__2026-07-04T12:23:39.438608+00:00","map_index":-1,"task_id":"ingest_data_to_filesystem","ti_id":"019f2d15-9ebb-7c97-9a1a-dc022cf13116","dag_id":"dag_data","try_number":1,"logger":"task","filename":"task_runner.py","lineno":1727}
{"timestamp":"2026-07-04T12:23:46.435623Z","level":"error","event":"WARNING: Using incubator modules: jdk.incubator.vector","logger":"task.stderr"}
{"timestamp":"2026-07-04T12:23:46.845567Z","level":"error","event":"Using Spark's default log4j profile: org/apache/spark/log4j2-defaults.properties","logger":"task.stderr"}
{"timestamp":"2026-07-04T12:23:46.851747Z","level":"error","event":"26/07/04 17:53:46 WARN Utils: Your hostname, Burugulas-MacBook-Air.local, resolves to a loopback address: 127.0.0.1; using 192.168.0.107 instead (on interface en0)","logger":"task.stderr"}
{"timestamp":"2026-07-04T12:23:46.852766Z","level":"error","event":"26/07/04 17:53:46 WARN Utils: Set SPARK_LOCAL_IP if you need to bind to another address","logger":"task.stderr"}
{"timestamp":"2026-07-04T12:23:46.977408Z","level":"error","event":"Using Spark's default log4j profile: org/apache/spark/log4j2-defaults.properties","logger":"task.stderr"}
{"timestamp":"2026-07-04T12:23:46.977951Z","level":"error","event":"Setting default log level to \"WARN\".","logger":"task.stderr"}
{"timestamp":"2026-07-04T12:23:46.977985Z","level":"error","event":"To adjust logging level use sc.setLogLevel(newLevel). For SparkR, use setLogLevel(newLevel).","logger":"task.stderr"}
{"timestamp":"2026-07-04T12:23:47.133375Z","level":"error","event":"26/07/04 17:53:47 WARN NativeCodeLoader: Unable to load native-hadoop library for your platform... using builtin-java classes where applicable","logger":"task.stderr"}
{"timestamp":"2026-07-04T12:23:49.830927Z","level":"error","event":"26/07/04 17:53:49 WARN CSVHeaderChecker: CSV header does not conform to the schema.","logger":"task.stderr"}
{"timestamp":"2026-07-04T12:23:49.831041Z","level":"error","event":" Header: , Player, Span, Mat, Inns, NO, Runs, HS, Ave, BF, SR, 100, 50, 0, Unnamed: 13","logger":"task.stderr"}
{"timestamp":"2026-07-04T12:23:49.831070Z","level":"error","event":" Schema: _c0, Player, Span, Mat, Inns, NO, Runs, HS, Ave, BF, SR, 100, 50, 0, Unnamed: 13","logger":"task.stderr"}
{"timestamp":"2026-07-04T12:23:49.831092Z","level":"error","event":"Expected: _c0 but found:","logger":"task.stderr"}
{"timestamp":"2026-07-04T12:23:49.831113Z","level":"error","event":"CSV file: file:///Users/burugula.sasank/airflow/dags/file_stores/api_dump/cric_data/Batting/ODI%20data.csv","logger":"task.stderr"}
{"timestamp":"2026-07-04T12:23:50.301310Z","level":"error","event":"26/07/04 17:53:50 WARN CSVHeaderChecker: CSV header does not conform to the schema.","logger":"task.stderr"}
{"timestamp":"2026-07-04T12:23:50.301428Z","level":"error","event":" Header: , Player, Span, Mat, Inns, NO, Runs, HS, Ave, BF, SR, 100, 50, 0, 4s, 6s, Unnamed: 15","logger":"task.stderr"}
{"timestamp":"2026-07-04T12:23:50.301458Z","level":"error","event":" Schema: _c0, Player, Span, Mat, Inns, NO, Runs, HS, Ave, BF, SR, 100, 50, 0, 4s, 6s, Unnamed: 15","logger":"task.stderr"}
{"timestamp":"2026-07-04T12:23:50.301483Z","level":"error","event":"Expected: _c0 but found:","logger":"task.stderr"}
{"timestamp":"2026-07-04T12:23:50.301504Z","level":"error","event":"CSV file: file:///Users/burugula.sasank/airflow/dags/file_stores/api_dump/cric_data/Batting/t20.csv","logger":"task.stderr"}
{"timestamp":"2026-07-04T12:23:50.458696Z","level":"error","event":"26/07/04 17:53:50 WARN CSVHeaderChecker: CSV header does not conform to the schema.","logger":"task.stderr"}
{"timestamp":"2026-07-04T12:23:50.458806Z","level":"error","event":" Header: , Player, Span, Mat, Inns, NO, Runs, HS, Ave, 100, 50, 0, Unnamed: 11","logger":"task.stderr"}
{"timestamp":"2026-07-04T12:23:50.458835Z","level":"error","event":" Schema: _c0, Player, Span, Mat, Inns, NO, Runs, HS, Ave, 100, 50, 0, Unnamed: 11","logger":"task.stderr"}
{"timestamp":"2026-07-04T12:23:50.458858Z","level":"error","event":"Expected: _c0 but found:","logger":"task.stderr"}
{"timestamp":"2026-07-04T12:23:50.458921Z","level":"error","event":"CSV file: file:///Users/burugula.sasank/airflow/dags/file_stores/api_dump/cric_data/Batting/test.csv","logger":"task.stderr"}
{"timestamp":"2026-07-04T12:23:50.595473Z","level":"error","event":"26/07/04 17:53:50 WARN CSVHeaderChecker: CSV header does not conform to the schema.","logger":"task.stderr"}
{"timestamp":"2026-07-04T12:23:50.595692Z","level":"error","event":" Header: , Player, Span, Mat, Inns, Balls, Runs, Wkts, BBI, Ave, Econ, SR, 4, 5, Unnamed: 13","logger":"task.stderr"}
{"timestamp":"2026-07-04T12:23:50.595729Z","level":"error","event":" Schema: _c0, Player, Span, Mat, Inns, Balls, Runs, Wkts, BBI, Ave, Econ, SR, 4, 5, Unnamed: 13","logger":"task.stderr"}
{"timestamp":"2026-07-04T12:23:50.595754Z","level":"error","event":"Expected: _c0 but found:","logger":"task.stderr"}
{"timestamp":"2026-07-04T12:23:50.595776Z","level":"error","event":"CSV file: file:///Users/burugula.sasank/airflow/dags/file_stores/api_dump/cric_data/Bowling/Bowling_ODI.csv","logger":"task.stderr"}
{"timestamp":"2026-07-04T12:23:50.715892Z","level":"error","event":"26/07/04 17:53:50 WARN CSVHeaderChecker: CSV header does not conform to the schema.","logger":"task.stderr"}
{"timestamp":"2026-07-04T12:23:50.716002Z","level":"error","event":" Header: , Player, Span, Mat, Inns, Overs, Mdns, Runs, Wkts, BBI, Ave, Econ, SR, 4, 5, Unnamed: 14","logger":"task.stderr"}
{"timestamp":"2026-07-04T12:23:50.716029Z","level":"error","event":" Schema: _c0, Player, Span, Mat, Inns, Overs, Mdns, Runs, Wkts, BBI, Ave, Econ, SR, 4, 5, Unnamed: 14","logger":"task.stderr"}
{"timestamp":"2026-07-04T12:23:50.716051Z","level":"error","event":"Expected: _c0 but found:","logger":"task.stderr"}
{"timestamp":"2026-07-04T12:23:50.716071Z","level":"error","event":"CSV file: file:///Users/burugula.sasank/airflow/dags/file_stores/api_dump/cric_data/Bowling/Bowling_t20.csv","logger":"task.stderr"}
{"timestamp":"2026-07-04T12:23:50.849671Z","level":"error","event":"26/07/04 17:53:50 WARN CSVHeaderChecker: CSV header does not conform to the schema.","logger":"task.stderr"}
{"timestamp":"2026-07-04T12:23:50.849787Z","level":"error","event":" Header: , Player, Span, Mat, Inns, Balls, Runs, Wkts, BBI, BBM, Ave, Econ, SR, 5, 10, Unnamed: 14","logger":"task.stderr"}
{"timestamp":"2026-07-04T12:23:50.849816Z","level":"error","event":" Schema: _c0, Player, Span, Mat, Inns, Balls, Runs, Wkts, BBI, BBM, Ave, Econ, SR, 5, 10, Unnamed: 14","logger":"task.stderr"}
{"timestamp":"2026-07-04T12:23:50.849839Z","level":"error","event":"Expected: _c0 but found:","logger":"task.stderr"}
{"timestamp":"2026-07-04T12:23:50.849860Z","level":"error","event":"CSV file: file:///Users/burugula.sasank/airflow/dags/file_stores/api_dump/cric_data/Bowling/Bowling_test.csv","logger":"task.stderr"}
{"timestamp":"2026-07-04T12:23:51.000553Z","level":"error","event":"26/07/04 17:53:51 WARN CSVHeaderChecker: CSV header does not conform to the schema.","logger":"task.stderr"}
{"timestamp":"2026-07-04T12:23:51.000658Z","level":"error","event":" Header: , Player, Span, Mat, Inns, Dis, Ct, St, Ct Wk, Ct Fi, MD, D/I, Unnamed: 11","logger":"task.stderr"}
{"timestamp":"2026-07-04T12:23:51.000685Z","level":"error","event":" Schema: _c0, Player, Span, Mat, Inns, Dis, Ct, St, Ct Wk, Ct Fi, MD, D/I, Unnamed: 11","logger":"task.stderr"}
{"timestamp":"2026-07-04T12:23:51.000706Z","level":"error","event":"Expected: _c0 but found:","logger":"task.stderr"}
{"timestamp":"2026-07-04T12:23:51.000732Z","level":"error","event":"CSV file: file:///Users/burugula.sasank/airflow/dags/file_stores/api_dump/cric_data/Fielding/Fielding_ODI.csv","logger":"task.stderr"}
{"timestamp":"2026-07-04T12:23:51.102363Z","level":"error","event":"26/07/04 17:53:51 WARN CSVHeaderChecker: CSV header does not conform to the schema.","logger":"task.stderr"}
{"timestamp":"2026-07-04T12:23:51.102476Z","level":"error","event":" Header: , Player, Span, Mat, Inns, Dis, Ct, St, Ct Wk, Ct Fi, MD, D/I, Unnamed: 11","logger":"task.stderr"}
{"timestamp":"2026-07-04T12:23:51.102503Z","level":"error","event":" Schema: _c0, Player, Span, Mat, Inns, Dis, Ct, St, Ct Wk, Ct Fi, MD, D/I, Unnamed: 11","logger":"task.stderr"}
{"timestamp":"2026-07-04T12:23:51.102525Z","level":"error","event":"Expected: _c0 but found:","logger":"task.stderr"}
{"timestamp":"2026-07-04T12:23:51.102545Z","level":"error","event":"CSV file: file:///Users/burugula.sasank/airflow/dags/file_stores/api_dump/cric_data/Fielding/Fielding_t20.csv","logger":"task.stderr"}
{"timestamp":"2026-07-04T12:23:51.226972Z","level":"error","event":"26/07/04 17:53:51 WARN CSVHeaderChecker: CSV header does not conform to the schema.","logger":"task.stderr"}
{"timestamp":"2026-07-04T12:23:51.227085Z","level":"error","event":" Header: , Player, Span, Mat, Inns, Dis, Ct, St, Ct Wk, Ct Fi, MD, D/I, Unnamed: 11","logger":"task.stderr"}
{"timestamp":"2026-07-04T12:23:51.227114Z","level":"error","event":" Schema: _c0, Player, Span, Mat, Inns, Dis, Ct, St, Ct Wk, Ct Fi, MD, D/I, Unnamed: 11","logger":"task.stderr"}
{"timestamp":"2026-07-04T12:23:51.227138Z","level":"error","event":"Expected: _c0 but found:","logger":"task.stderr"}
{"timestamp":"2026-07-04T12:23:51.227158Z","level":"error","event":"CSV file: file:///Users/burugula.sasank/airflow/dags/file_stores/api_dump/cric_data/Fielding/Fielding_test.csv","logger":"task.stderr"}
{"timestamp":"2026-07-04T12:23:51.288964Z","level":"error","event":"26/07/04 17:53:51 WARN CSVHeaderChecker: CSV header does not conform to the schema.","logger":"task.stderr"}
{"timestamp":"2026-07-04T12:23:51.289117Z","level":"error","event":" Header: , Player, Span, Mat, Inns, NO, Runs, HS, Ave, BF, SR, 100, 50, 0, Unnamed: 13","logger":"task.stderr"}
{"timestamp":"2026-07-04T12:23:51.289221Z","level":"error","event":" Schema: _c0, Player, Span, Mat, Inns, NO, Runs, HS, Ave, BF, SR, 100, 50, 0, Unnamed: 13","logger":"task.stderr"}
{"timestamp":"2026-07-04T12:23:51.289256Z","level":"error","event":"Expected: _c0 but found:","logger":"task.stderr"}
{"timestamp":"2026-07-04T12:23:51.289279Z","level":"error","event":"CSV file: file:///Users/burugula.sasank/airflow/dags/file_stores/api_dump/cric_data/Batting/ODI%20data.csv","logger":"task.stderr"}
{"timestamp":"2026-07-04T12:23:51.748401Z","level":"info","event":"Sample Data (ODI Batsmen):","logger":"task.stdout"}
{"timestamp":"2026-07-04T12:23:51.748842Z","level":"info","event":"+---+--------------------+---------+---+----+---+-----+----+-----+-----+-----+---+---+---+-----------+","logger":"task.stdout"}
{"timestamp":"2026-07-04T12:23:51.748902Z","level":"info","event":"|_c0|              Player|     Span|Mat|Inns| NO| Runs|  HS|  Ave|   BF|   SR|100| 50|  0|Unnamed: 13|","logger":"task.stdout"}
{"timestamp":"2026-07-04T12:23:51.748944Z","level":"info","event":"+---+--------------------+---------+---+----+---+-----+----+-----+-----+-----+---+---+---+-----------+","logger":"task.stdout"}
{"timestamp":"2026-07-04T12:23:51.748982Z","level":"info","event":"|  0|SR Tendulkar (INDIA)|1989-2012|463| 452| 41|18426|200*|44.83|21367|86.23| 49| 96| 20|       NULL|","logger":"task.stdout"}
{"timestamp":"2026-07-04T12:23:51.749018Z","level":"info","event":"|  1|KC Sangakkara (As...|2000-2015|404| 380| 41|14234| 169|41.98|18048|78.86| 25| 93| 15|       NULL|","logger":"task.stdout"}
{"timestamp":"2026-07-04T12:23:51.749053Z","level":"info","event":"+---+--------------------+---------+---+----+---+-----+----+-----+-----+-----+---+---+---+-----------+","logger":"task.stdout"}
{"timestamp":"2026-07-04T12:23:51.749102Z","level":"info","event":"only showing top 2 rows","logger":"task.stdout"}
{"timestamp":"2026-07-04T12:23:51.774960Z","level":"info","event":"Bronze Ingestion Success","logger":"task.stdout"}
{"timestamp":"2026-07-04T12:23:51.775177Z","level":"info","event":"Done. Returned value was: ","run_id":"manual__2026-07-04T12:23:39.438608+00:00","map_index":-1,"task_id":"ingest_data_to_filesystem","ti_id":"019f2d15-9ebb-7c97-9a1a-dc022cf13116","dag_id":"dag_data","try_number":1,"logger":"airflow.task.operators.airflow.providers.standard.decorators.python._PythonDecoratedOperator","filename":"python.py","lineno":233}
{"timestamp":"2026-07-04T12:23:51.775480Z","level":"info","event":"::group::Post Execute","run_id":"manual__2026-07-04T12:23:39.438608+00:00","map_index":-1,"task_id":"ingest_data_to_filesystem","ti_id":"019f2d15-9ebb-7c97-9a1a-dc022cf13116","dag_id":"dag_data","try_number":1,"logger":"task","filename":"task_runner.py","lineno":1288}
{"timestamp":"2026-07-04T12:23:51.775653Z","level":"info","event":"Pushing xcom","ti":"RuntimeTaskInstance(id=UUID('019f2d15-9ebb-7c97-9a1a-dc022cf13116'), task_id='ingest_data_to_filesystem', dag_id='dag_data', run_id='manual__2026-07-04T12:23:39.438608+00:00', try_number=1, dag_version_id=UUID('019f2d15-3f54-73b0-98f2-bb5d0fb262b5'), map_index=-1, hostname='burugulas-macbook-air.local', context_carrier={'traceparent': '00-3e2c4642e07c7174cb42bd90dbff1db7-e24919db7c30e0a6-01'}, task=<Task(_PythonDecoratedOperator): ingest_data_to_filesystem>, bundle_instance=LocalDagBundle(name=dags-folder), max_tries=0, start_date=datetime.datetime(2026, 7, 4, 12, 23, 45, 528785, tzinfo=datetime.timezone.utc), end_date=None, state=<TaskInstanceState.RUNNING: 'running'>, is_mapped=False, rendered_map_index=None, sentry_integration='')","run_id":"manual__2026-07-04T12:23:39.438608+00:00","map_index":-1,"task_id":"ingest_data_to_filesystem","ti_id":"019f2d15-9ebb-7c97-9a1a-dc022cf13116","dag_id":"dag_data","try_number":1,"logger":"task","filename":"task_runner.py","lineno":1791}
{"timestamp":"2026-07-04T12:23:51.784423Z","level":"info","event":"::endgroup::","run_id":"manual__2026-07-04T12:23:39.438608+00:00","map_index":-1,"task_id":"ingest_data_to_filesystem","ti_id":"019f2d15-9ebb-7c97-9a1a-dc022cf13116","dag_id":"dag_data","try_number":1,"logger":"task","filename":"task_runner.py","lineno":1896}
