{"timestamp":"2026-07-03T10:36:39.492905Z","level":"info","event":"2026-07-03T10:36:39.492776Z [info     ] ::group::Pre Execute           [task] loc=task_runner.py:1926","logger":"task.stdout"}
{"timestamp":"2026-07-03T10:36:39.581772Z","level":"info","event":"setup plugin alembic.autogenerate.schemas","logger":"alembic.runtime.plugins","run_id":"manual__2026-07-03T10:36:32.324658+00:00","ti_id":"019f278d-30d6-7320-ba5b-d066057125d7","try_number":1,"map_index":-1,"task_id":"ingest_data_to_filesystem","dag_id":"dag_data","filename":"plugins.py","lineno":37}
{"timestamp":"2026-07-03T10:36:39.581851Z","level":"info","event":"setup plugin alembic.autogenerate.tables","logger":"alembic.runtime.plugins","run_id":"manual__2026-07-03T10:36:32.324658+00:00","ti_id":"019f278d-30d6-7320-ba5b-d066057125d7","try_number":1,"map_index":-1,"task_id":"ingest_data_to_filesystem","dag_id":"dag_data","filename":"plugins.py","lineno":37}
{"timestamp":"2026-07-03T10:36:39.581884Z","level":"info","event":"setup plugin alembic.autogenerate.types","logger":"alembic.runtime.plugins","run_id":"manual__2026-07-03T10:36:32.324658+00:00","ti_id":"019f278d-30d6-7320-ba5b-d066057125d7","try_number":1,"map_index":-1,"task_id":"ingest_data_to_filesystem","dag_id":"dag_data","filename":"plugins.py","lineno":37}
{"timestamp":"2026-07-03T10:36:39.581909Z","level":"info","event":"setup plugin alembic.autogenerate.constraints","logger":"alembic.runtime.plugins","run_id":"manual__2026-07-03T10:36:32.324658+00:00","ti_id":"019f278d-30d6-7320-ba5b-d066057125d7","try_number":1,"map_index":-1,"task_id":"ingest_data_to_filesystem","dag_id":"dag_data","filename":"plugins.py","lineno":37}
{"timestamp":"2026-07-03T10:36:39.581930Z","level":"info","event":"setup plugin alembic.autogenerate.defaults","logger":"alembic.runtime.plugins","run_id":"manual__2026-07-03T10:36:32.324658+00:00","ti_id":"019f278d-30d6-7320-ba5b-d066057125d7","try_number":1,"map_index":-1,"task_id":"ingest_data_to_filesystem","dag_id":"dag_data","filename":"plugins.py","lineno":37}
{"timestamp":"2026-07-03T10:36:39.581951Z","level":"info","event":"setup plugin alembic.autogenerate.comments","logger":"alembic.runtime.plugins","run_id":"manual__2026-07-03T10:36:32.324658+00:00","ti_id":"019f278d-30d6-7320-ba5b-d066057125d7","try_number":1,"map_index":-1,"task_id":"ingest_data_to_filesystem","dag_id":"dag_data","filename":"plugins.py","lineno":37}
{"timestamp":"2026-07-03T10:36:39.629406Z","level":"info","event":"DAG bundles loaded: dags-folder","run_id":"manual__2026-07-03T10:36:32.324658+00:00","ti_id":"019f278d-30d6-7320-ba5b-d066057125d7","try_number":1,"map_index":-1,"task_id":"ingest_data_to_filesystem","dag_id":"dag_data","logger":"airflow.dag_processing.bundles.manager.DagBundlesManager","filename":"manager.py","lineno":209}
{"timestamp":"2026-07-03T10:36:39.629643Z","level":"info","event":"Filling up the DagBag from /Users/burugula.sasank/airflow/dags/etl_scheduler.py","run_id":"manual__2026-07-03T10:36:32.324658+00:00","ti_id":"019f278d-30d6-7320-ba5b-d066057125d7","try_number":1,"map_index":-1,"task_id":"ingest_data_to_filesystem","dag_id":"dag_data","logger":"airflow.dag_processing.dagbag.BundleDagBag","filename":"dagbag.py","lineno":469}
{"timestamp":"2026-07-03T10:36:39.665800Z","level":"warning","event":"The `airflow.decorators.task` attribute is deprecated. Please use `'airflow.sdk.task'`.","category":"UserWarning","filename":"/Users/burugula.sasank/airflow/dags/etl_scheduler.py","lineno":1,"run_id":"manual__2026-07-03T10:36:32.324658+00:00","ti_id":"019f278d-30d6-7320-ba5b-d066057125d7","try_number":1,"map_index":-1,"task_id":"ingest_data_to_filesystem","dag_id":"dag_data","logger":"py.warnings"}
{"timestamp":"2026-07-03T10:36:39.665854Z","level":"warning","event":"The `airflow.decorators.dag` attribute is deprecated. Please use `'airflow.sdk.dag'`.","category":"UserWarning","filename":"/Users/burugula.sasank/airflow/dags/etl_scheduler.py","lineno":1,"run_id":"manual__2026-07-03T10:36:32.324658+00:00","ti_id":"019f278d-30d6-7320-ba5b-d066057125d7","try_number":1,"map_index":-1,"task_id":"ingest_data_to_filesystem","dag_id":"dag_data","logger":"py.warnings"}
{"timestamp":"2026-07-03T10:36:39.665879Z","level":"warning","event":"The `airflow.hooks.base.BaseHook` attribute is deprecated. Please use `'airflow.sdk.bases.hook.BaseHook'`.","category":"UserWarning","filename":"/Users/burugula.sasank/airflow/dags/etl_scheduler.py","lineno":2,"run_id":"manual__2026-07-03T10:36:32.324658+00:00","ti_id":"019f278d-30d6-7320-ba5b-d066057125d7","try_number":1,"map_index":-1,"task_id":"ingest_data_to_filesystem","dag_id":"dag_data","logger":"py.warnings"}
{"timestamp":"2026-07-03T10:36:39.678381Z","level":"info","event":"::endgroup::","run_id":"manual__2026-07-03T10:36:32.324658+00:00","ti_id":"019f278d-30d6-7320-ba5b-d066057125d7","try_number":1,"map_index":-1,"task_id":"ingest_data_to_filesystem","dag_id":"dag_data","logger":"task","filename":"task_runner.py","lineno":1727}
{"timestamp":"2026-07-03T10:36:39.872191Z","level":"error","event":"WARNING: Using incubator modules: jdk.incubator.vector","logger":"task.stderr"}
{"timestamp":"2026-07-03T10:36:40.177342Z","level":"error","event":"Using Spark's default log4j profile: org/apache/spark/log4j2-defaults.properties","logger":"task.stderr"}
{"timestamp":"2026-07-03T10:36:40.182814Z","level":"error","event":"26/07/03 16:06:40 WARN Utils: Your hostname, Burugulas-MacBook-Air.local, resolves to a loopback address: 127.0.0.1; using 192.168.0.107 instead (on interface en0)","logger":"task.stderr"}
{"timestamp":"2026-07-03T10:36:40.183907Z","level":"error","event":"26/07/03 16:06:40 WARN Utils: Set SPARK_LOCAL_IP if you need to bind to another address","logger":"task.stderr"}
{"timestamp":"2026-07-03T10:36:40.294192Z","level":"error","event":"Using Spark's default log4j profile: org/apache/spark/log4j2-defaults.properties","logger":"task.stderr"}
{"timestamp":"2026-07-03T10:36:40.294404Z","level":"error","event":"Setting default log level to \"WARN\".","logger":"task.stderr"}
{"timestamp":"2026-07-03T10:36:40.294470Z","level":"error","event":"To adjust logging level use sc.setLogLevel(newLevel). For SparkR, use setLogLevel(newLevel).","logger":"task.stderr"}
{"timestamp":"2026-07-03T10:36:40.442549Z","level":"error","event":"26/07/03 16:06:40 WARN NativeCodeLoader: Unable to load native-hadoop library for your platform... using builtin-java classes where applicable","logger":"task.stderr"}
{"timestamp":"2026-07-03T10:36:40.786800Z","level":"error","event":"26/07/03 16:06:40 WARN Utils: Service 'SparkUI' could not bind on port 4040. Attempting port 4041.","logger":"task.stderr"}
{"timestamp":"2026-07-03T10:36:43.076369Z","level":"error","event":"26/07/03 16:06:43 WARN CSVHeaderChecker: CSV header does not conform to the schema.","logger":"task.stderr"}
{"timestamp":"2026-07-03T10:36:43.076477Z","level":"error","event":" Header: , Player, Span, Mat, Inns, NO, Runs, HS, Ave, BF, SR, 100, 50, 0, Unnamed: 13","logger":"task.stderr"}
{"timestamp":"2026-07-03T10:36:43.076506Z","level":"error","event":" Schema: _c0, Player, Span, Mat, Inns, NO, Runs, HS, Ave, BF, SR, 100, 50, 0, Unnamed: 13","logger":"task.stderr"}
{"timestamp":"2026-07-03T10:36:43.076527Z","level":"error","event":"Expected: _c0 but found:","logger":"task.stderr"}
{"timestamp":"2026-07-03T10:36:43.076548Z","level":"error","event":"CSV file: file:///Users/burugula.sasank/airflow/dags/file_stores/api_dump/cric_data/Batting/ODI%20data.csv","logger":"task.stderr"}
{"timestamp":"2026-07-03T10:36:43.492523Z","level":"error","event":"26/07/03 16:06:43 WARN CSVHeaderChecker: CSV header does not conform to the schema.","logger":"task.stderr"}
{"timestamp":"2026-07-03T10:36:43.492635Z","level":"error","event":" Header: , Player, Span, Mat, Inns, NO, Runs, HS, Ave, BF, SR, 100, 50, 0, 4s, 6s, Unnamed: 15","logger":"task.stderr"}
{"timestamp":"2026-07-03T10:36:43.492666Z","level":"error","event":" Schema: _c0, Player, Span, Mat, Inns, NO, Runs, HS, Ave, BF, SR, 100, 50, 0, 4s, 6s, Unnamed: 15","logger":"task.stderr"}
{"timestamp":"2026-07-03T10:36:43.492688Z","level":"error","event":"Expected: _c0 but found:","logger":"task.stderr"}
{"timestamp":"2026-07-03T10:36:43.492715Z","level":"error","event":"CSV file: file:///Users/burugula.sasank/airflow/dags/file_stores/api_dump/cric_data/Batting/t20.csv","logger":"task.stderr"}
{"timestamp":"2026-07-03T10:36:43.628829Z","level":"error","event":"26/07/03 16:06:43 WARN CSVHeaderChecker: CSV header does not conform to the schema.","logger":"task.stderr"}
{"timestamp":"2026-07-03T10:36:43.628933Z","level":"error","event":" Header: , Player, Span, Mat, Inns, NO, Runs, HS, Ave, 100, 50, 0, Unnamed: 11","logger":"task.stderr"}
{"timestamp":"2026-07-03T10:36:43.628961Z","level":"error","event":" Schema: _c0, Player, Span, Mat, Inns, NO, Runs, HS, Ave, 100, 50, 0, Unnamed: 11","logger":"task.stderr"}
{"timestamp":"2026-07-03T10:36:43.628983Z","level":"error","event":"Expected: _c0 but found:","logger":"task.stderr"}
{"timestamp":"2026-07-03T10:36:43.629003Z","level":"error","event":"CSV file: file:///Users/burugula.sasank/airflow/dags/file_stores/api_dump/cric_data/Batting/test.csv","logger":"task.stderr"}
{"timestamp":"2026-07-03T10:36:43.762146Z","level":"error","event":"26/07/03 16:06:43 WARN CSVHeaderChecker: CSV header does not conform to the schema.","logger":"task.stderr"}
{"timestamp":"2026-07-03T10:36:43.762294Z","level":"error","event":" Header: , Player, Span, Mat, Inns, Balls, Runs, Wkts, BBI, Ave, Econ, SR, 4, 5, Unnamed: 13","logger":"task.stderr"}
{"timestamp":"2026-07-03T10:36:43.762346Z","level":"error","event":" Schema: _c0, Player, Span, Mat, Inns, Balls, Runs, Wkts, BBI, Ave, Econ, SR, 4, 5, Unnamed: 13","logger":"task.stderr"}
{"timestamp":"2026-07-03T10:36:43.762389Z","level":"error","event":"Expected: _c0 but found:","logger":"task.stderr"}
{"timestamp":"2026-07-03T10:36:43.762432Z","level":"error","event":"CSV file: file:///Users/burugula.sasank/airflow/dags/file_stores/api_dump/cric_data/Bowling/Bowling_ODI.csv","logger":"task.stderr"}
{"timestamp":"2026-07-03T10:36:43.903967Z","level":"error","event":"26/07/03 16:06:43 WARN CSVHeaderChecker: CSV header does not conform to the schema.","logger":"task.stderr"}
{"timestamp":"2026-07-03T10:36:43.904123Z","level":"error","event":" Header: , Player, Span, Mat, Inns, Overs, Mdns, Runs, Wkts, BBI, Ave, Econ, SR, 4, 5, Unnamed: 14","logger":"task.stderr"}
{"timestamp":"2026-07-03T10:36:43.904175Z","level":"error","event":" Schema: _c0, Player, Span, Mat, Inns, Overs, Mdns, Runs, Wkts, BBI, Ave, Econ, SR, 4, 5, Unnamed: 14","logger":"task.stderr"}
{"timestamp":"2026-07-03T10:36:43.904228Z","level":"error","event":"Expected: _c0 but found:","logger":"task.stderr"}
{"timestamp":"2026-07-03T10:36:43.904270Z","level":"error","event":"CSV file: file:///Users/burugula.sasank/airflow/dags/file_stores/api_dump/cric_data/Bowling/Bowling_t20.csv","logger":"task.stderr"}
{"timestamp":"2026-07-03T10:36:44.042111Z","level":"error","event":"26/07/03 16:06:44 WARN CSVHeaderChecker: CSV header does not conform to the schema.","logger":"task.stderr"}
{"timestamp":"2026-07-03T10:36:44.042277Z","level":"error","event":" Header: , Player, Span, Mat, Inns, Balls, Runs, Wkts, BBI, BBM, Ave, Econ, SR, 5, 10, Unnamed: 14","logger":"task.stderr"}
{"timestamp":"2026-07-03T10:36:44.042328Z","level":"error","event":" Schema: _c0, Player, Span, Mat, Inns, Balls, Runs, Wkts, BBI, BBM, Ave, Econ, SR, 5, 10, Unnamed: 14","logger":"task.stderr"}
{"timestamp":"2026-07-03T10:36:44.042374Z","level":"error","event":"Expected: _c0 but found:","logger":"task.stderr"}
{"timestamp":"2026-07-03T10:36:44.042417Z","level":"error","event":"CSV file: file:///Users/burugula.sasank/airflow/dags/file_stores/api_dump/cric_data/Bowling/Bowling_test.csv","logger":"task.stderr"}
{"timestamp":"2026-07-03T10:36:44.177454Z","level":"error","event":"26/07/03 16:06:44 WARN CSVHeaderChecker: CSV header does not conform to the schema.","logger":"task.stderr"}
{"timestamp":"2026-07-03T10:36:44.177605Z","level":"error","event":" Header: , Player, Span, Mat, Inns, Dis, Ct, St, Ct Wk, Ct Fi, MD, D/I, Unnamed: 11","logger":"task.stderr"}
{"timestamp":"2026-07-03T10:36:44.177656Z","level":"error","event":" Schema: _c0, Player, Span, Mat, Inns, Dis, Ct, St, Ct Wk, Ct Fi, MD, D/I, Unnamed: 11","logger":"task.stderr"}
{"timestamp":"2026-07-03T10:36:44.177709Z","level":"error","event":"Expected: _c0 but found:","logger":"task.stderr"}
{"timestamp":"2026-07-03T10:36:44.177753Z","level":"error","event":"CSV file: file:///Users/burugula.sasank/airflow/dags/file_stores/api_dump/cric_data/Fielding/Fielding_ODI.csv","logger":"task.stderr"}
{"timestamp":"2026-07-03T10:36:44.281336Z","level":"error","event":"26/07/03 16:06:44 WARN CSVHeaderChecker: CSV header does not conform to the schema.","logger":"task.stderr"}
{"timestamp":"2026-07-03T10:36:44.281447Z","level":"error","event":" Header: , Player, Span, Mat, Inns, Dis, Ct, St, Ct Wk, Ct Fi, MD, D/I, Unnamed: 11","logger":"task.stderr"}
{"timestamp":"2026-07-03T10:36:44.281476Z","level":"error","event":" Schema: _c0, Player, Span, Mat, Inns, Dis, Ct, St, Ct Wk, Ct Fi, MD, D/I, Unnamed: 11","logger":"task.stderr"}
{"timestamp":"2026-07-03T10:36:44.281498Z","level":"error","event":"Expected: _c0 but found:","logger":"task.stderr"}
{"timestamp":"2026-07-03T10:36:44.281518Z","level":"error","event":"CSV file: file:///Users/burugula.sasank/airflow/dags/file_stores/api_dump/cric_data/Fielding/Fielding_t20.csv","logger":"task.stderr"}
{"timestamp":"2026-07-03T10:36:44.374444Z","level":"error","event":"26/07/03 16:06:44 WARN CSVHeaderChecker: CSV header does not conform to the schema.","logger":"task.stderr"}
{"timestamp":"2026-07-03T10:36:44.374550Z","level":"error","event":" Header: , Player, Span, Mat, Inns, Dis, Ct, St, Ct Wk, Ct Fi, MD, D/I, Unnamed: 11","logger":"task.stderr"}
{"timestamp":"2026-07-03T10:36:44.374578Z","level":"error","event":" Schema: _c0, Player, Span, Mat, Inns, Dis, Ct, St, Ct Wk, Ct Fi, MD, D/I, Unnamed: 11","logger":"task.stderr"}
{"timestamp":"2026-07-03T10:36:44.374602Z","level":"error","event":"Expected: _c0 but found:","logger":"task.stderr"}
{"timestamp":"2026-07-03T10:36:44.374622Z","level":"error","event":"CSV file: file:///Users/burugula.sasank/airflow/dags/file_stores/api_dump/cric_data/Fielding/Fielding_test.csv","logger":"task.stderr"}
{"timestamp":"2026-07-03T10:36:44.436065Z","level":"error","event":"26/07/03 16:06:44 WARN CSVHeaderChecker: CSV header does not conform to the schema.","logger":"task.stderr"}
{"timestamp":"2026-07-03T10:36:44.436171Z","level":"error","event":" Header: , Player, Span, Mat, Inns, NO, Runs, HS, Ave, BF, SR, 100, 50, 0, Unnamed: 13","logger":"task.stderr"}
{"timestamp":"2026-07-03T10:36:44.436197Z","level":"error","event":" Schema: _c0, Player, Span, Mat, Inns, NO, Runs, HS, Ave, BF, SR, 100, 50, 0, Unnamed: 13","logger":"task.stderr"}
{"timestamp":"2026-07-03T10:36:44.436219Z","level":"error","event":"Expected: _c0 but found:","logger":"task.stderr"}
{"timestamp":"2026-07-03T10:36:44.436241Z","level":"error","event":"CSV file: file:///Users/burugula.sasank/airflow/dags/file_stores/api_dump/cric_data/Batting/ODI%20data.csv","logger":"task.stderr"}
{"timestamp":"2026-07-03T10:36:44.953331Z","level":"info","event":"Sample Data (ODI Batsmen):","logger":"task.stdout"}
{"timestamp":"2026-07-03T10:36:44.953500Z","level":"info","event":"+---+--------------------+---------+---+----+---+-----+----+-----+-----+-----+---+---+---+-----------+","logger":"task.stdout"}
{"timestamp":"2026-07-03T10:36:44.953566Z","level":"info","event":"|_c0|              Player|     Span|Mat|Inns| NO| Runs|  HS|  Ave|   BF|   SR|100| 50|  0|Unnamed: 13|","logger":"task.stdout"}
{"timestamp":"2026-07-03T10:36:44.953614Z","level":"info","event":"+---+--------------------+---------+---+----+---+-----+----+-----+-----+-----+---+---+---+-----------+","logger":"task.stdout"}
{"timestamp":"2026-07-03T10:36:44.953656Z","level":"info","event":"|  0|SR Tendulkar (INDIA)|1989-2012|463| 452| 41|18426|200*|44.83|21367|86.23| 49| 96| 20|       NULL|","logger":"task.stdout"}
{"timestamp":"2026-07-03T10:36:44.953695Z","level":"info","event":"|  1|KC Sangakkara (As...|2000-2015|404| 380| 41|14234| 169|41.98|18048|78.86| 25| 93| 15|       NULL|","logger":"task.stdout"}
{"timestamp":"2026-07-03T10:36:44.953747Z","level":"info","event":"+---+--------------------+---------+---+----+---+-----+----+-----+-----+-----+---+---+---+-----------+","logger":"task.stdout"}
{"timestamp":"2026-07-03T10:36:44.953788Z","level":"info","event":"only showing top 2 rows","logger":"task.stdout"}
{"timestamp":"2026-07-03T10:36:44.978613Z","level":"info","event":"Bronze Ingestion Success","logger":"task.stdout"}
{"timestamp":"2026-07-03T10:36:44.978854Z","level":"info","event":"Done. Returned value was: ","run_id":"manual__2026-07-03T10:36:32.324658+00:00","ti_id":"019f278d-30d6-7320-ba5b-d066057125d7","try_number":1,"map_index":-1,"task_id":"ingest_data_to_filesystem","dag_id":"dag_data","logger":"airflow.task.operators.airflow.providers.standard.decorators.python._PythonDecoratedOperator","filename":"python.py","lineno":233}
{"timestamp":"2026-07-03T10:36:44.979075Z","level":"info","event":"::group::Post Execute","run_id":"manual__2026-07-03T10:36:32.324658+00:00","ti_id":"019f278d-30d6-7320-ba5b-d066057125d7","try_number":1,"map_index":-1,"task_id":"ingest_data_to_filesystem","dag_id":"dag_data","logger":"task","filename":"task_runner.py","lineno":1288}
{"timestamp":"2026-07-03T10:36:44.979234Z","level":"info","event":"Pushing xcom","ti":"RuntimeTaskInstance(id=UUID('019f278d-30d6-7320-ba5b-d066057125d7'), task_id='ingest_data_to_filesystem', dag_id='dag_data', run_id='manual__2026-07-03T10:36:32.324658+00:00', try_number=1, dag_version_id=UUID('019f25ad-46c6-7fd0-85e3-80d02836df93'), map_index=-1, hostname='burugulas-macbook-air.local', context_carrier={'traceparent': '00-c7f63b74285402e270be5fee06428158-a503fbde186d52a2-01'}, task=<Task(_PythonDecoratedOperator): ingest_data_to_filesystem>, bundle_instance=LocalDagBundle(name=dags-folder), max_tries=0, start_date=datetime.datetime(2026, 7, 3, 10, 36, 39, 51279, tzinfo=datetime.timezone.utc), end_date=None, state=<TaskInstanceState.RUNNING: 'running'>, is_mapped=False, rendered_map_index=None, sentry_integration='')","run_id":"manual__2026-07-03T10:36:32.324658+00:00","ti_id":"019f278d-30d6-7320-ba5b-d066057125d7","try_number":1,"map_index":-1,"task_id":"ingest_data_to_filesystem","dag_id":"dag_data","logger":"task","filename":"task_runner.py","lineno":1791}
{"timestamp":"2026-07-03T10:36:44.990145Z","level":"info","event":"::endgroup::","run_id":"manual__2026-07-03T10:36:32.324658+00:00","ti_id":"019f278d-30d6-7320-ba5b-d066057125d7","try_number":1,"map_index":-1,"task_id":"ingest_data_to_filesystem","dag_id":"dag_data","logger":"task","filename":"task_runner.py","lineno":1896}
