{"timestamp":"2026-07-03T10:59:34.833674Z","level":"info","event":"2026-07-03T10:59:34.833505Z [info     ] ::group::Pre Execute           [task] loc=task_runner.py:1926","logger":"task.stdout"}
{"timestamp":"2026-07-03T10:59:34.914006Z","level":"info","event":"setup plugin alembic.autogenerate.schemas","logger":"alembic.runtime.plugins","map_index":-1,"dag_id":"dag_data","try_number":1,"ti_id":"019f27a2-13d8-7c00-a6f1-929c9b037a66","run_id":"manual__2026-07-03T10:59:21.156201+00:00","task_id":"transform_data_from_filesystem","filename":"plugins.py","lineno":37}
{"timestamp":"2026-07-03T10:59:34.914091Z","level":"info","event":"setup plugin alembic.autogenerate.tables","logger":"alembic.runtime.plugins","map_index":-1,"dag_id":"dag_data","try_number":1,"ti_id":"019f27a2-13d8-7c00-a6f1-929c9b037a66","run_id":"manual__2026-07-03T10:59:21.156201+00:00","task_id":"transform_data_from_filesystem","filename":"plugins.py","lineno":37}
{"timestamp":"2026-07-03T10:59:34.914123Z","level":"info","event":"setup plugin alembic.autogenerate.types","logger":"alembic.runtime.plugins","map_index":-1,"dag_id":"dag_data","try_number":1,"ti_id":"019f27a2-13d8-7c00-a6f1-929c9b037a66","run_id":"manual__2026-07-03T10:59:21.156201+00:00","task_id":"transform_data_from_filesystem","filename":"plugins.py","lineno":37}
{"timestamp":"2026-07-03T10:59:34.914147Z","level":"info","event":"setup plugin alembic.autogenerate.constraints","logger":"alembic.runtime.plugins","map_index":-1,"dag_id":"dag_data","try_number":1,"ti_id":"019f27a2-13d8-7c00-a6f1-929c9b037a66","run_id":"manual__2026-07-03T10:59:21.156201+00:00","task_id":"transform_data_from_filesystem","filename":"plugins.py","lineno":37}
{"timestamp":"2026-07-03T10:59:34.914167Z","level":"info","event":"setup plugin alembic.autogenerate.defaults","logger":"alembic.runtime.plugins","map_index":-1,"dag_id":"dag_data","try_number":1,"ti_id":"019f27a2-13d8-7c00-a6f1-929c9b037a66","run_id":"manual__2026-07-03T10:59:21.156201+00:00","task_id":"transform_data_from_filesystem","filename":"plugins.py","lineno":37}
{"timestamp":"2026-07-03T10:59:34.914187Z","level":"info","event":"setup plugin alembic.autogenerate.comments","logger":"alembic.runtime.plugins","map_index":-1,"dag_id":"dag_data","try_number":1,"ti_id":"019f27a2-13d8-7c00-a6f1-929c9b037a66","run_id":"manual__2026-07-03T10:59:21.156201+00:00","task_id":"transform_data_from_filesystem","filename":"plugins.py","lineno":37}
{"timestamp":"2026-07-03T10:59:34.957655Z","level":"info","event":"DAG bundles loaded: dags-folder","map_index":-1,"dag_id":"dag_data","try_number":1,"ti_id":"019f27a2-13d8-7c00-a6f1-929c9b037a66","run_id":"manual__2026-07-03T10:59:21.156201+00:00","task_id":"transform_data_from_filesystem","logger":"airflow.dag_processing.bundles.manager.DagBundlesManager","filename":"manager.py","lineno":209}
{"timestamp":"2026-07-03T10:59:34.957867Z","level":"info","event":"Filling up the DagBag from /Users/burugula.sasank/airflow/dags/etl_scheduler.py","map_index":-1,"dag_id":"dag_data","try_number":1,"ti_id":"019f27a2-13d8-7c00-a6f1-929c9b037a66","run_id":"manual__2026-07-03T10:59:21.156201+00:00","task_id":"transform_data_from_filesystem","logger":"airflow.dag_processing.dagbag.BundleDagBag","filename":"dagbag.py","lineno":469}
{"timestamp":"2026-07-03T10:59:34.989487Z","level":"warning","event":"The `airflow.decorators.task` attribute is deprecated. Please use `'airflow.sdk.task'`.","category":"UserWarning","filename":"/Users/burugula.sasank/airflow/dags/etl_scheduler.py","lineno":1,"map_index":-1,"dag_id":"dag_data","try_number":1,"ti_id":"019f27a2-13d8-7c00-a6f1-929c9b037a66","run_id":"manual__2026-07-03T10:59:21.156201+00:00","task_id":"transform_data_from_filesystem","logger":"py.warnings"}
{"timestamp":"2026-07-03T10:59:34.989540Z","level":"warning","event":"The `airflow.decorators.dag` attribute is deprecated. Please use `'airflow.sdk.dag'`.","category":"UserWarning","filename":"/Users/burugula.sasank/airflow/dags/etl_scheduler.py","lineno":1,"map_index":-1,"dag_id":"dag_data","try_number":1,"ti_id":"019f27a2-13d8-7c00-a6f1-929c9b037a66","run_id":"manual__2026-07-03T10:59:21.156201+00:00","task_id":"transform_data_from_filesystem","logger":"py.warnings"}
{"timestamp":"2026-07-03T10:59:34.989562Z","level":"warning","event":"The `airflow.hooks.base.BaseHook` attribute is deprecated. Please use `'airflow.sdk.bases.hook.BaseHook'`.","category":"UserWarning","filename":"/Users/burugula.sasank/airflow/dags/etl_scheduler.py","lineno":2,"map_index":-1,"dag_id":"dag_data","try_number":1,"ti_id":"019f27a2-13d8-7c00-a6f1-929c9b037a66","run_id":"manual__2026-07-03T10:59:21.156201+00:00","task_id":"transform_data_from_filesystem","logger":"py.warnings"}
{"timestamp":"2026-07-03T10:59:35.001930Z","level":"info","event":"::endgroup::","map_index":-1,"dag_id":"dag_data","try_number":1,"ti_id":"019f27a2-13d8-7c00-a6f1-929c9b037a66","run_id":"manual__2026-07-03T10:59:21.156201+00:00","task_id":"transform_data_from_filesystem","logger":"task","filename":"task_runner.py","lineno":1727}
{"timestamp":"2026-07-03T10:59:35.079082Z","level":"error","event":"/Library/Frameworks/Python.framework/Versions/3.14/lib/python3.14/site-packages/pyspark/sql/udf.py:134: UserWarning: Cannot infer the eval type from type hints.","logger":"task.stderr"}
{"timestamp":"2026-07-03T10:59:35.079174Z","level":"error","event":"  warnings.warn(\"Cannot infer the eval type from type hints. \", UserWarning)","logger":"task.stderr"}
{"timestamp":"2026-07-03T10:59:35.193841Z","level":"error","event":"WARNING: Using incubator modules: jdk.incubator.vector","logger":"task.stderr"}
{"timestamp":"2026-07-03T10:59:35.529485Z","level":"error","event":"Using Spark's default log4j profile: org/apache/spark/log4j2-defaults.properties","logger":"task.stderr"}
{"timestamp":"2026-07-03T10:59:35.535325Z","level":"error","event":"26/07/03 16:29:35 WARN Utils: Your hostname, Burugulas-MacBook-Air.local, resolves to a loopback address: 127.0.0.1; using 192.168.0.107 instead (on interface en0)","logger":"task.stderr"}
{"timestamp":"2026-07-03T10:59:35.536295Z","level":"error","event":"26/07/03 16:29:35 WARN Utils: Set SPARK_LOCAL_IP if you need to bind to another address","logger":"task.stderr"}
{"timestamp":"2026-07-03T10:59:35.601910Z","level":"error","event":":: loading settings :: url = jar:file:/Library/Frameworks/Python.framework/Versions/3.14/lib/python3.14/site-packages/pyspark/jars/ivy-2.5.3.jar!/org/apache/ivy/core/settings/ivysettings.xml","logger":"task.stderr"}
{"timestamp":"2026-07-03T10:59:35.632653Z","level":"error","event":"Ivy Default Cache set to: /Users/burugula.sasank/.ivy2.5.2/cache","logger":"task.stderr"}
{"timestamp":"2026-07-03T10:59:35.632753Z","level":"error","event":"The jars for the packages stored in: /Users/burugula.sasank/.ivy2.5.2/jars","logger":"task.stderr"}
{"timestamp":"2026-07-03T10:59:35.633900Z","level":"error","event":"org.postgresql#postgresql added as a dependency","logger":"task.stderr"}
{"timestamp":"2026-07-03T10:59:35.634122Z","level":"error","event":":: resolving dependencies :: org.apache.spark#spark-submit-parent-61bde9c5-8662-4db1-8018-62fed630a9d7;1.0","logger":"task.stderr"}
{"timestamp":"2026-07-03T10:59:35.634178Z","level":"error","event":"\tconfs: [default]","logger":"task.stderr"}
{"timestamp":"2026-07-03T10:59:35.672516Z","level":"error","event":"\tfound org.postgresql#postgresql;42.7.3 in central","logger":"task.stderr"}
{"timestamp":"2026-07-03T10:59:35.680365Z","level":"error","event":"\tfound org.checkerframework#checker-qual;3.42.0 in central","logger":"task.stderr"}
{"timestamp":"2026-07-03T10:59:35.685750Z","level":"error","event":":: resolution report :: resolve 49ms :: artifacts dl 2ms","logger":"task.stderr"}
{"timestamp":"2026-07-03T10:59:35.685927Z","level":"error","event":"\t:: modules in use:","logger":"task.stderr"}
{"timestamp":"2026-07-03T10:59:35.685967Z","level":"error","event":"\torg.checkerframework#checker-qual;3.42.0 from central in [default]","logger":"task.stderr"}
{"timestamp":"2026-07-03T10:59:35.685994Z","level":"error","event":"\torg.postgresql#postgresql;42.7.3 from central in [default]","logger":"task.stderr"}
{"timestamp":"2026-07-03T10:59:35.686015Z","level":"error","event":"\t---------------------------------------------------------------------","logger":"task.stderr"}
{"timestamp":"2026-07-03T10:59:35.686074Z","level":"error","event":"\t|                  |            modules            ||   artifacts   |","logger":"task.stderr"}
{"timestamp":"2026-07-03T10:59:35.686096Z","level":"error","event":"\t|       conf       | number| search|dwnlded|evicted|| number|dwnlded|","logger":"task.stderr"}
{"timestamp":"2026-07-03T10:59:35.686114Z","level":"error","event":"\t---------------------------------------------------------------------","logger":"task.stderr"}
{"timestamp":"2026-07-03T10:59:35.686132Z","level":"error","event":"\t|      default     |   2   |   0   |   0   |   0   ||   2   |   0   |","logger":"task.stderr"}
{"timestamp":"2026-07-03T10:59:35.686149Z","level":"error","event":"\t---------------------------------------------------------------------","logger":"task.stderr"}
{"timestamp":"2026-07-03T10:59:35.686873Z","level":"error","event":":: retrieving :: org.apache.spark#spark-submit-parent-61bde9c5-8662-4db1-8018-62fed630a9d7","logger":"task.stderr"}
{"timestamp":"2026-07-03T10:59:35.686946Z","level":"error","event":"\tconfs: [default]","logger":"task.stderr"}
{"timestamp":"2026-07-03T10:59:35.688602Z","level":"error","event":"\t0 artifacts copied, 2 already retrieved (0kB/2ms)","logger":"task.stderr"}
{"timestamp":"2026-07-03T10:59:35.757192Z","level":"error","event":"26/07/03 16:29:35 WARN NativeCodeLoader: Unable to load native-hadoop library for your platform... using builtin-java classes where applicable","logger":"task.stderr"}
{"timestamp":"2026-07-03T10:59:35.807115Z","level":"error","event":"Using Spark's default log4j profile: org/apache/spark/log4j2-defaults.properties","logger":"task.stderr"}
{"timestamp":"2026-07-03T10:59:35.807323Z","level":"error","event":"Setting default log level to \"WARN\".","logger":"task.stderr"}
{"timestamp":"2026-07-03T10:59:35.807378Z","level":"error","event":"To adjust logging level use sc.setLogLevel(newLevel). For SparkR, use setLogLevel(newLevel).","logger":"task.stderr"}
{"timestamp":"2026-07-03T10:59:38.399585Z","level":"error","event":"Traceback (most recent call last):","logger":"task.stderr"}
{"timestamp":"2026-07-03T10:59:38.399774Z","level":"error","event":"  File \"/Users/burugula.sasank/airflow/dags/spark/notebooks/silver_layer/data_transformations.py\", line 234, in <module>","logger":"task.stderr"}
{"timestamp":"2026-07-03T10:59:38.399809Z","level":"error","event":"    data_silver_bowler_t20 = rename_column(data_silver_bowler_t20,\"bowler\")","logger":"task.stderr"}
{"timestamp":"2026-07-03T10:59:38.399832Z","level":"error","event":"  File \"/Users/burugula.sasank/airflow/dags/spark/notebooks/silver_layer/data_transformations.py\", line 99, in rename_column","logger":"task.stderr"}
{"timestamp":"2026-07-03T10:59:38.399854Z","level":"error","event":"    input_df = input_df.withColumn(\"Mdns\",\"number_of_maidens\")","logger":"task.stderr"}
{"timestamp":"2026-07-03T10:59:38.399873Z","level":"error","event":"  File \"/Library/Frameworks/Python.framework/Versions/3.14/lib/python3.14/site-packages/pyspark/sql/classic/dataframe.py\", line 1643, in withColumn","logger":"task.stderr"}
{"timestamp":"2026-07-03T10:59:38.399892Z","level":"error","event":"    raise PySparkTypeError(","logger":"task.stderr"}
{"timestamp":"2026-07-03T10:59:38.399912Z","level":"error","event":"    ...<2 lines>...","logger":"task.stderr"}
{"timestamp":"2026-07-03T10:59:38.399931Z","level":"error","event":"    )","logger":"task.stderr"}
{"timestamp":"2026-07-03T10:59:38.399976Z","level":"error","event":"pyspark.errors.exceptions.base.PySparkTypeError: [NOT_COLUMN] Argument `col` should be a Column, got str.","logger":"task.stderr"}
{"timestamp":"2026-07-03T10:59:38.415018Z","level":"error","event":"Task failed with exception","map_index":-1,"dag_id":"dag_data","try_number":1,"ti_id":"019f27a2-13d8-7c00-a6f1-929c9b037a66","run_id":"manual__2026-07-03T10:59:21.156201+00:00","task_id":"transform_data_from_filesystem","logger":"task","filename":"task_runner.py","lineno":1381,"error_detail":[{"exc_type":"CalledProcessError","exc_value":"Command '['python3', '/Users/burugula.sasank/airflow/dags/spark/notebooks/silver_layer/data_transformations.py']' returned non-zero exit status 1.","exc_notes":[],"syntax_error":null,"is_cause":false,"frames":[{"filename":"/Library/Frameworks/Python.framework/Versions/3.14/lib/python3.14/site-packages/airflow/sdk/execution_time/task_runner.py","lineno":1287,"name":"run"},{"filename":"/Library/Frameworks/Python.framework/Versions/3.14/lib/python3.14/site-packages/airflow/sdk/execution_time/task_runner.py","lineno":1745,"name":"_execute_task"},{"filename":"/Library/Frameworks/Python.framework/Versions/3.14/lib/python3.14/site-packages/airflow/sdk/bases/operator.py","lineno":443,"name":"wrapper"},{"filename":"/Library/Frameworks/Python.framework/Versions/3.14/lib/python3.14/site-packages/airflow/sdk/bases/decorator.py","lineno":398,"name":"execute"},{"filename":"/Library/Frameworks/Python.framework/Versions/3.14/lib/python3.14/site-packages/airflow/sdk/bases/operator.py","lineno":443,"name":"wrapper"},{"filename":"/Library/Frameworks/Python.framework/Versions/3.14/lib/python3.14/site-packages/airflow/providers/standard/operators/python.py","lineno":231,"name":"execute"},{"filename":"/Library/Frameworks/Python.framework/Versions/3.14/lib/python3.14/site-packages/airflow/providers/standard/operators/python.py","lineno":254,"name":"execute_callable"},{"filename":"/Library/Frameworks/Python.framework/Versions/3.14/lib/python3.14/site-packages/airflow/sdk/execution_time/callback_runner.py","lineno":97,"name":"run"},{"filename":"/Users/burugula.sasank/airflow/dags/etl_scheduler.py","lineno":57,"name":"transform_data_from_filesystem"},{"filename":"/Library/Frameworks/Python.framework/Versions/3.14/lib/python3.14/subprocess.py","lineno":578,"name":"run"}],"is_group":false,"exceptions":[]}]}
{"timestamp":"2026-07-03T10:59:38.415275Z","level":"info","event":"::group::Post Execute","map_index":-1,"dag_id":"dag_data","try_number":1,"ti_id":"019f27a2-13d8-7c00-a6f1-929c9b037a66","run_id":"manual__2026-07-03T10:59:21.156201+00:00","task_id":"transform_data_from_filesystem","logger":"task","filename":"task_runner.py","lineno":1382}
{"timestamp":"2026-07-03T10:59:38.415732Z","level":"info","event":"::endgroup::","map_index":-1,"dag_id":"dag_data","try_number":1,"ti_id":"019f27a2-13d8-7c00-a6f1-929c9b037a66","run_id":"manual__2026-07-03T10:59:21.156201+00:00","task_id":"transform_data_from_filesystem","logger":"task","filename":"task_runner.py","lineno":1896}
