{"timestamp":"2026-07-05T12:17:14.870431Z","level":"info","event":"2026-07-05T12:17:14.870314Z [info     ] ::group::Pre Execute           [task] loc=task_runner.py:1926","logger":"task.stdout"}
{"timestamp":"2026-07-05T12:17:14.951060Z","level":"info","event":"setup plugin alembic.autogenerate.schemas","logger":"alembic.runtime.plugins","ti_id":"019f3235-bf3c-7a49-8e37-ec58d5eec8e5","dag_id":"dag_data","task_id":"refresh_materialized_views","map_index":-1,"run_id":"manual__2026-07-05T12:16:50.983665+00:00","try_number":1,"filename":"plugins.py","lineno":37}
{"timestamp":"2026-07-05T12:17:14.951135Z","level":"info","event":"setup plugin alembic.autogenerate.tables","logger":"alembic.runtime.plugins","ti_id":"019f3235-bf3c-7a49-8e37-ec58d5eec8e5","dag_id":"dag_data","task_id":"refresh_materialized_views","map_index":-1,"run_id":"manual__2026-07-05T12:16:50.983665+00:00","try_number":1,"filename":"plugins.py","lineno":37}
{"timestamp":"2026-07-05T12:17:14.951167Z","level":"info","event":"setup plugin alembic.autogenerate.types","logger":"alembic.runtime.plugins","ti_id":"019f3235-bf3c-7a49-8e37-ec58d5eec8e5","dag_id":"dag_data","task_id":"refresh_materialized_views","map_index":-1,"run_id":"manual__2026-07-05T12:16:50.983665+00:00","try_number":1,"filename":"plugins.py","lineno":37}
{"timestamp":"2026-07-05T12:17:14.951191Z","level":"info","event":"setup plugin alembic.autogenerate.constraints","logger":"alembic.runtime.plugins","ti_id":"019f3235-bf3c-7a49-8e37-ec58d5eec8e5","dag_id":"dag_data","task_id":"refresh_materialized_views","map_index":-1,"run_id":"manual__2026-07-05T12:16:50.983665+00:00","try_number":1,"filename":"plugins.py","lineno":37}
{"timestamp":"2026-07-05T12:17:14.951211Z","level":"info","event":"setup plugin alembic.autogenerate.defaults","logger":"alembic.runtime.plugins","ti_id":"019f3235-bf3c-7a49-8e37-ec58d5eec8e5","dag_id":"dag_data","task_id":"refresh_materialized_views","map_index":-1,"run_id":"manual__2026-07-05T12:16:50.983665+00:00","try_number":1,"filename":"plugins.py","lineno":37}
{"timestamp":"2026-07-05T12:17:14.951232Z","level":"info","event":"setup plugin alembic.autogenerate.comments","logger":"alembic.runtime.plugins","ti_id":"019f3235-bf3c-7a49-8e37-ec58d5eec8e5","dag_id":"dag_data","task_id":"refresh_materialized_views","map_index":-1,"run_id":"manual__2026-07-05T12:16:50.983665+00:00","try_number":1,"filename":"plugins.py","lineno":37}
{"timestamp":"2026-07-05T12:17:14.992609Z","level":"info","event":"DAG bundles loaded: dags-folder","ti_id":"019f3235-bf3c-7a49-8e37-ec58d5eec8e5","dag_id":"dag_data","task_id":"refresh_materialized_views","map_index":-1,"run_id":"manual__2026-07-05T12:16:50.983665+00:00","try_number":1,"logger":"airflow.dag_processing.bundles.manager.DagBundlesManager","filename":"manager.py","lineno":209}
{"timestamp":"2026-07-05T12:17:14.992831Z","level":"info","event":"Filling up the DagBag from /Users/burugula.sasank/airflow/dags/etl_scheduler.py","ti_id":"019f3235-bf3c-7a49-8e37-ec58d5eec8e5","dag_id":"dag_data","task_id":"refresh_materialized_views","map_index":-1,"run_id":"manual__2026-07-05T12:16:50.983665+00:00","try_number":1,"logger":"airflow.dag_processing.dagbag.BundleDagBag","filename":"dagbag.py","lineno":469}
{"timestamp":"2026-07-05T12:17:15.024609Z","level":"warning","event":"The `airflow.decorators.task` attribute is deprecated. Please use `'airflow.sdk.task'`.","category":"UserWarning","filename":"/Users/burugula.sasank/airflow/dags/etl_scheduler.py","lineno":1,"ti_id":"019f3235-bf3c-7a49-8e37-ec58d5eec8e5","dag_id":"dag_data","task_id":"refresh_materialized_views","map_index":-1,"run_id":"manual__2026-07-05T12:16:50.983665+00:00","try_number":1,"logger":"py.warnings"}
{"timestamp":"2026-07-05T12:17:15.024664Z","level":"warning","event":"The `airflow.decorators.dag` attribute is deprecated. Please use `'airflow.sdk.dag'`.","category":"UserWarning","filename":"/Users/burugula.sasank/airflow/dags/etl_scheduler.py","lineno":1,"ti_id":"019f3235-bf3c-7a49-8e37-ec58d5eec8e5","dag_id":"dag_data","task_id":"refresh_materialized_views","map_index":-1,"run_id":"manual__2026-07-05T12:16:50.983665+00:00","try_number":1,"logger":"py.warnings"}
{"timestamp":"2026-07-05T12:17:15.024688Z","level":"warning","event":"The `airflow.hooks.base.BaseHook` attribute is deprecated. Please use `'airflow.sdk.bases.hook.BaseHook'`.","category":"UserWarning","filename":"/Users/burugula.sasank/airflow/dags/etl_scheduler.py","lineno":2,"ti_id":"019f3235-bf3c-7a49-8e37-ec58d5eec8e5","dag_id":"dag_data","task_id":"refresh_materialized_views","map_index":-1,"run_id":"manual__2026-07-05T12:16:50.983665+00:00","try_number":1,"logger":"py.warnings"}
{"timestamp":"2026-07-05T12:17:15.037582Z","level":"info","event":"::endgroup::","ti_id":"019f3235-bf3c-7a49-8e37-ec58d5eec8e5","dag_id":"dag_data","task_id":"refresh_materialized_views","map_index":-1,"run_id":"manual__2026-07-05T12:16:50.983665+00:00","try_number":1,"logger":"task","filename":"task_runner.py","lineno":1727}
{"timestamp":"2026-07-05T12:17:15.174266Z","level":"info","event":"batsmen_stats missing, recreating from DDL","logger":"task.stdout"}
{"timestamp":"2026-07-05T12:17:15.174394Z","level":"info","event":"Created batsmen_stats","logger":"task.stdout"}
{"timestamp":"2026-07-05T12:17:15.174434Z","level":"info","event":"bowler_stats missing, recreating from DDL","logger":"task.stdout"}
{"timestamp":"2026-07-05T12:17:15.174464Z","level":"info","event":"Created bowler_stats","logger":"task.stdout"}
{"timestamp":"2026-07-05T12:17:15.174491Z","level":"info","event":"fielder_stats missing, recreating from DDL","logger":"task.stdout"}
{"timestamp":"2026-07-05T12:17:15.174518Z","level":"info","event":"Created fielder_stats","logger":"task.stdout"}
{"timestamp":"2026-07-05T12:17:15.174543Z","level":"info","event":"odi_batsmen_stats_country_wise missing, recreating from DDL","logger":"task.stdout"}
{"timestamp":"2026-07-05T12:17:15.174568Z","level":"info","event":"Created odi_batsmen_stats_country_wise","logger":"task.stdout"}
{"timestamp":"2026-07-05T12:17:15.174594Z","level":"info","event":"t20_batsmen_stats_country_wise missing, recreating from DDL","logger":"task.stdout"}
{"timestamp":"2026-07-05T12:17:15.174619Z","level":"info","event":"Created t20_batsmen_stats_country_wise","logger":"task.stdout"}
{"timestamp":"2026-07-05T12:17:15.174643Z","level":"info","event":"test_batsmen_stats_country_wise missing, recreating from DDL","logger":"task.stdout"}
{"timestamp":"2026-07-05T12:17:15.174668Z","level":"info","event":"Created test_batsmen_stats_country_wise","logger":"task.stdout"}
{"timestamp":"2026-07-05T12:17:15.174693Z","level":"info","event":"odi_bowler_stats_country_wise missing, recreating from DDL","logger":"task.stdout"}
{"timestamp":"2026-07-05T12:17:15.174717Z","level":"info","event":"Created odi_bowler_stats_country_wise","logger":"task.stdout"}
{"timestamp":"2026-07-05T12:17:15.174741Z","level":"info","event":"t20_bowler_stats_country_wise missing, recreating from DDL","logger":"task.stdout"}
{"timestamp":"2026-07-05T12:17:15.174764Z","level":"info","event":"Created t20_bowler_stats_country_wise","logger":"task.stdout"}
{"timestamp":"2026-07-05T12:17:15.174788Z","level":"info","event":"test_bowler_stats_country_wise missing, recreating from DDL","logger":"task.stdout"}
{"timestamp":"2026-07-05T12:17:15.174811Z","level":"info","event":"Created test_bowler_stats_country_wise","logger":"task.stdout"}
{"timestamp":"2026-07-05T12:17:15.174835Z","level":"info","event":"odi_fielder_stats_country_wise missing, recreating from DDL","logger":"task.stdout"}
{"timestamp":"2026-07-05T12:17:15.174858Z","level":"info","event":"Created odi_fielder_stats_country_wise","logger":"task.stdout"}
{"timestamp":"2026-07-05T12:17:15.174887Z","level":"info","event":"t20_fielder_stats_country_wise missing, recreating from DDL","logger":"task.stdout"}
{"timestamp":"2026-07-05T12:17:15.174911Z","level":"info","event":"Created t20_fielder_stats_country_wise","logger":"task.stdout"}
{"timestamp":"2026-07-05T12:17:15.174934Z","level":"info","event":"test_fielder_stats_country_wise missing, recreating from DDL","logger":"task.stdout"}
{"timestamp":"2026-07-05T12:17:15.174957Z","level":"info","event":"Created test_fielder_stats_country_wise","logger":"task.stdout"}
{"timestamp":"2026-07-05T12:17:15.174985Z","level":"info","event":"player_stats_all_formats_batsmen missing, recreating from DDL","logger":"task.stdout"}
{"timestamp":"2026-07-05T12:17:15.175010Z","level":"info","event":"Created player_stats_all_formats_batsmen","logger":"task.stdout"}
{"timestamp":"2026-07-05T12:17:15.175033Z","level":"info","event":"player_stats_all_formats_bowler missing, recreating from DDL","logger":"task.stdout"}
{"timestamp":"2026-07-05T12:17:15.175056Z","level":"info","event":"Created player_stats_all_formats_bowler","logger":"task.stdout"}
{"timestamp":"2026-07-05T12:17:15.175079Z","level":"info","event":"player_stats_all_formats_fielder missing, recreating from DDL","logger":"task.stdout"}
{"timestamp":"2026-07-05T12:17:15.175101Z","level":"info","event":"Created player_stats_all_formats_fielder","logger":"task.stdout"}
{"timestamp":"2026-07-05T12:17:15.175124Z","level":"info","event":"All materialized views are up to date.","logger":"task.stdout"}
{"timestamp":"2026-07-05T12:17:15.181816Z","level":"info","event":"Done. Returned value was: ","ti_id":"019f3235-bf3c-7a49-8e37-ec58d5eec8e5","dag_id":"dag_data","task_id":"refresh_materialized_views","map_index":-1,"run_id":"manual__2026-07-05T12:16:50.983665+00:00","try_number":1,"logger":"airflow.task.operators.airflow.providers.standard.decorators.python._PythonDecoratedOperator","filename":"python.py","lineno":233}
{"timestamp":"2026-07-05T12:17:15.182015Z","level":"info","event":"::group::Post Execute","ti_id":"019f3235-bf3c-7a49-8e37-ec58d5eec8e5","dag_id":"dag_data","task_id":"refresh_materialized_views","map_index":-1,"run_id":"manual__2026-07-05T12:16:50.983665+00:00","try_number":1,"logger":"task","filename":"task_runner.py","lineno":1288}
{"timestamp":"2026-07-05T12:17:15.182162Z","level":"info","event":"Pushing xcom","ti":"RuntimeTaskInstance(id=UUID('019f3235-bf3c-7a49-8e37-ec58d5eec8e5'), task_id='refresh_materialized_views', dag_id='dag_data', run_id='manual__2026-07-05T12:16:50.983665+00:00', try_number=1, dag_version_id=UUID('019f3235-608d-7e68-9413-1c64a2d48f0d'), map_index=-1, hostname='burugulas-macbook-air.local', context_carrier={'traceparent': '00-65e5e6800b16c4370dff9f48a5774dcd-8a3981996cf54d9f-01'}, task=<Task(_PythonDecoratedOperator): refresh_materialized_views>, bundle_instance=LocalDagBundle(name=dags-folder), max_tries=0, start_date=datetime.datetime(2026, 7, 5, 12, 17, 14, 444645, tzinfo=datetime.timezone.utc), end_date=None, state=<TaskInstanceState.RUNNING: 'running'>, is_mapped=False, rendered_map_index=None, sentry_integration='')","ti_id":"019f3235-bf3c-7a49-8e37-ec58d5eec8e5","dag_id":"dag_data","task_id":"refresh_materialized_views","map_index":-1,"run_id":"manual__2026-07-05T12:16:50.983665+00:00","try_number":1,"logger":"task","filename":"task_runner.py","lineno":1791}
{"timestamp":"2026-07-05T12:17:15.190600Z","level":"info","event":"::endgroup::","ti_id":"019f3235-bf3c-7a49-8e37-ec58d5eec8e5","dag_id":"dag_data","task_id":"refresh_materialized_views","map_index":-1,"run_id":"manual__2026-07-05T12:16:50.983665+00:00","try_number":1,"logger":"task","filename":"task_runner.py","lineno":1896}
