{"timestamp":"2026-07-01T14:17:51.738265Z","level":"info","event":"2026-07-01T14:17:51.737975Z [info     ] ::group::Pre Execute           [task] loc=task_runner.py:1926","logger":"task.stdout"}
{"timestamp":"2026-07-01T14:17:51.890500Z","level":"info","event":"setup plugin alembic.autogenerate.schemas","logger":"alembic.runtime.plugins","task_id":"ingest_data_to_bronze","map_index":-1,"ti_id":"019f1e0a-fd32-7980-a29a-9c2959ec4ca0","try_number":1,"run_id":"manual__2026-07-01T14:17:44.485664+00:00","dag_id":"dag_data","filename":"plugins.py","lineno":37}
{"timestamp":"2026-07-01T14:17:51.890612Z","level":"info","event":"setup plugin alembic.autogenerate.tables","logger":"alembic.runtime.plugins","task_id":"ingest_data_to_bronze","map_index":-1,"ti_id":"019f1e0a-fd32-7980-a29a-9c2959ec4ca0","try_number":1,"run_id":"manual__2026-07-01T14:17:44.485664+00:00","dag_id":"dag_data","filename":"plugins.py","lineno":37}
{"timestamp":"2026-07-01T14:17:51.890666Z","level":"info","event":"setup plugin alembic.autogenerate.types","logger":"alembic.runtime.plugins","task_id":"ingest_data_to_bronze","map_index":-1,"ti_id":"019f1e0a-fd32-7980-a29a-9c2959ec4ca0","try_number":1,"run_id":"manual__2026-07-01T14:17:44.485664+00:00","dag_id":"dag_data","filename":"plugins.py","lineno":37}
{"timestamp":"2026-07-01T14:17:51.890707Z","level":"info","event":"setup plugin alembic.autogenerate.constraints","logger":"alembic.runtime.plugins","task_id":"ingest_data_to_bronze","map_index":-1,"ti_id":"019f1e0a-fd32-7980-a29a-9c2959ec4ca0","try_number":1,"run_id":"manual__2026-07-01T14:17:44.485664+00:00","dag_id":"dag_data","filename":"plugins.py","lineno":37}
{"timestamp":"2026-07-01T14:17:51.890742Z","level":"info","event":"setup plugin alembic.autogenerate.defaults","logger":"alembic.runtime.plugins","task_id":"ingest_data_to_bronze","map_index":-1,"ti_id":"019f1e0a-fd32-7980-a29a-9c2959ec4ca0","try_number":1,"run_id":"manual__2026-07-01T14:17:44.485664+00:00","dag_id":"dag_data","filename":"plugins.py","lineno":37}
{"timestamp":"2026-07-01T14:17:51.890776Z","level":"info","event":"setup plugin alembic.autogenerate.comments","logger":"alembic.runtime.plugins","task_id":"ingest_data_to_bronze","map_index":-1,"ti_id":"019f1e0a-fd32-7980-a29a-9c2959ec4ca0","try_number":1,"run_id":"manual__2026-07-01T14:17:44.485664+00:00","dag_id":"dag_data","filename":"plugins.py","lineno":37}
{"timestamp":"2026-07-01T14:17:51.968292Z","level":"info","event":"DAG bundles loaded: dags-folder","task_id":"ingest_data_to_bronze","map_index":-1,"ti_id":"019f1e0a-fd32-7980-a29a-9c2959ec4ca0","try_number":1,"run_id":"manual__2026-07-01T14:17:44.485664+00:00","dag_id":"dag_data","logger":"airflow.dag_processing.bundles.manager.DagBundlesManager","filename":"manager.py","lineno":209}
{"timestamp":"2026-07-01T14:17:51.968710Z","level":"info","event":"Filling up the DagBag from /Users/burugula.sasank/airflow/dags/etl_scheduler.py","task_id":"ingest_data_to_bronze","map_index":-1,"ti_id":"019f1e0a-fd32-7980-a29a-9c2959ec4ca0","try_number":1,"run_id":"manual__2026-07-01T14:17:44.485664+00:00","dag_id":"dag_data","logger":"airflow.dag_processing.dagbag.BundleDagBag","filename":"dagbag.py","lineno":469}
{"timestamp":"2026-07-01T14:17:52.022513Z","level":"warning","event":"The `airflow.decorators.task` attribute is deprecated. Please use `'airflow.sdk.task'`.","category":"UserWarning","filename":"/Users/burugula.sasank/airflow/dags/etl_scheduler.py","lineno":1,"task_id":"ingest_data_to_bronze","map_index":-1,"ti_id":"019f1e0a-fd32-7980-a29a-9c2959ec4ca0","try_number":1,"run_id":"manual__2026-07-01T14:17:44.485664+00:00","dag_id":"dag_data","logger":"py.warnings"}
{"timestamp":"2026-07-01T14:17:52.022597Z","level":"warning","event":"The `airflow.decorators.dag` attribute is deprecated. Please use `'airflow.sdk.dag'`.","category":"UserWarning","filename":"/Users/burugula.sasank/airflow/dags/etl_scheduler.py","lineno":1,"task_id":"ingest_data_to_bronze","map_index":-1,"ti_id":"019f1e0a-fd32-7980-a29a-9c2959ec4ca0","try_number":1,"run_id":"manual__2026-07-01T14:17:44.485664+00:00","dag_id":"dag_data","logger":"py.warnings"}
{"timestamp":"2026-07-01T14:17:52.022639Z","level":"warning","event":"The `airflow.hooks.base.BaseHook` attribute is deprecated. Please use `'airflow.sdk.bases.hook.BaseHook'`.","category":"UserWarning","filename":"/Users/burugula.sasank/airflow/dags/etl_scheduler.py","lineno":2,"task_id":"ingest_data_to_bronze","map_index":-1,"ti_id":"019f1e0a-fd32-7980-a29a-9c2959ec4ca0","try_number":1,"run_id":"manual__2026-07-01T14:17:44.485664+00:00","dag_id":"dag_data","logger":"py.warnings"}
{"timestamp":"2026-07-01T14:17:52.041261Z","level":"info","event":"::endgroup::","task_id":"ingest_data_to_bronze","map_index":-1,"ti_id":"019f1e0a-fd32-7980-a29a-9c2959ec4ca0","try_number":1,"run_id":"manual__2026-07-01T14:17:44.485664+00:00","dag_id":"dag_data","logger":"task","filename":"task_runner.py","lineno":1727}
{"timestamp":"2026-07-01T14:17:52.384881Z","level":"error","event":"WARNING: Using incubator modules: jdk.incubator.vector","logger":"task.stderr"}
{"timestamp":"2026-07-01T14:17:52.967541Z","level":"error","event":"Using Spark's default log4j profile: org/apache/spark/log4j2-defaults.properties","logger":"task.stderr"}
{"timestamp":"2026-07-01T14:17:52.977506Z","level":"error","event":"26/07/01 19:47:52 WARN Utils: Your hostname, Burugulas-MacBook-Air.local, resolves to a loopback address: 127.0.0.1; using 192.168.0.106 instead (on interface en0)","logger":"task.stderr"}
{"timestamp":"2026-07-01T14:17:52.979320Z","level":"error","event":"26/07/01 19:47:52 WARN Utils: Set SPARK_LOCAL_IP if you need to bind to another address","logger":"task.stderr"}
{"timestamp":"2026-07-01T14:17:53.169893Z","level":"error","event":"Using Spark's default log4j profile: org/apache/spark/log4j2-defaults.properties","logger":"task.stderr"}
{"timestamp":"2026-07-01T14:17:53.170154Z","level":"error","event":"Setting default log level to \"WARN\".","logger":"task.stderr"}
{"timestamp":"2026-07-01T14:17:53.170258Z","level":"error","event":"To adjust logging level use sc.setLogLevel(newLevel). For SparkR, use setLogLevel(newLevel).","logger":"task.stderr"}
{"timestamp":"2026-07-01T14:17:53.335295Z","level":"error","event":"26/07/01 19:47:53 WARN NativeCodeLoader: Unable to load native-hadoop library for your platform... using builtin-java classes where applicable","logger":"task.stderr"}
{"timestamp":"2026-07-01T14:17:57.596863Z","level":"error","event":"26/07/01 19:47:57 WARN CSVHeaderChecker: CSV header does not conform to the schema.","logger":"task.stderr"}
{"timestamp":"2026-07-01T14:17:57.597223Z","level":"error","event":" Header: , Player, Span, Mat, Inns, NO, Runs, HS, Ave, BF, SR, 100, 50, 0, Unnamed: 13","logger":"task.stderr"}
{"timestamp":"2026-07-01T14:17:57.597297Z","level":"error","event":" Schema: _c0, Player, Span, Mat, Inns, NO, Runs, HS, Ave, BF, SR, 100, 50, 0, Unnamed: 13","logger":"task.stderr"}
{"timestamp":"2026-07-01T14:17:57.597344Z","level":"error","event":"Expected: _c0 but found:","logger":"task.stderr"}
{"timestamp":"2026-07-01T14:17:57.597385Z","level":"error","event":"CSV file: file:///Users/burugula.sasank/airflow/dags/file_stores/api_dump/cric_data/Batting/ODI%20data.csv","logger":"task.stderr"}
{"timestamp":"2026-07-01T14:17:58.265819Z","level":"error","event":"\r[Stage 2:>                                                          (0 + 1) / 1]\r\r                                                                                \r26/07/01 19:47:58 WARN CSVHeaderChecker: CSV header does not conform to the schema.","logger":"task.stderr"}
{"timestamp":"2026-07-01T14:17:58.266134Z","level":"error","event":" Header: , Player, Span, Mat, Inns, NO, Runs, HS, Ave, BF, SR, 100, 50, 0, 4s, 6s, Unnamed: 15","logger":"task.stderr"}
{"timestamp":"2026-07-01T14:17:58.266203Z","level":"error","event":" Schema: _c0, Player, Span, Mat, Inns, NO, Runs, HS, Ave, BF, SR, 100, 50, 0, 4s, 6s, Unnamed: 15","logger":"task.stderr"}
{"timestamp":"2026-07-01T14:17:58.266253Z","level":"error","event":"Expected: _c0 but found:","logger":"task.stderr"}
{"timestamp":"2026-07-01T14:17:58.266297Z","level":"error","event":"CSV file: file:///Users/burugula.sasank/airflow/dags/file_stores/api_dump/cric_data/Batting/t20.csv","logger":"task.stderr"}
{"timestamp":"2026-07-01T14:17:58.538581Z","level":"error","event":"26/07/01 19:47:58 WARN CSVHeaderChecker: CSV header does not conform to the schema.","logger":"task.stderr"}
{"timestamp":"2026-07-01T14:17:58.538765Z","level":"error","event":" Header: , Player, Span, Mat, Inns, NO, Runs, HS, Ave, 100, 50, 0, Unnamed: 11","logger":"task.stderr"}
{"timestamp":"2026-07-01T14:17:58.538822Z","level":"error","event":" Schema: _c0, Player, Span, Mat, Inns, NO, Runs, HS, Ave, 100, 50, 0, Unnamed: 11","logger":"task.stderr"}
{"timestamp":"2026-07-01T14:17:58.538890Z","level":"error","event":"Expected: _c0 but found:","logger":"task.stderr"}
{"timestamp":"2026-07-01T14:17:58.538929Z","level":"error","event":"CSV file: file:///Users/burugula.sasank/airflow/dags/file_stores/api_dump/cric_data/Batting/test.csv","logger":"task.stderr"}
{"timestamp":"2026-07-01T14:17:58.796141Z","level":"error","event":"26/07/01 19:47:58 WARN CSVHeaderChecker: CSV header does not conform to the schema.","logger":"task.stderr"}
{"timestamp":"2026-07-01T14:17:58.796298Z","level":"error","event":" Header: , Player, Span, Mat, Inns, Balls, Runs, Wkts, BBI, Ave, Econ, SR, 4, 5, Unnamed: 13","logger":"task.stderr"}
{"timestamp":"2026-07-01T14:17:58.796357Z","level":"error","event":" Schema: _c0, Player, Span, Mat, Inns, Balls, Runs, Wkts, BBI, Ave, Econ, SR, 4, 5, Unnamed: 13","logger":"task.stderr"}
{"timestamp":"2026-07-01T14:17:58.796401Z","level":"error","event":"Expected: _c0 but found:","logger":"task.stderr"}
{"timestamp":"2026-07-01T14:17:58.796439Z","level":"error","event":"CSV file: file:///Users/burugula.sasank/airflow/dags/file_stores/api_dump/cric_data/Bowling/Bowling_ODI.csv","logger":"task.stderr"}
{"timestamp":"2026-07-01T14:17:59.044133Z","level":"error","event":"26/07/01 19:47:59 WARN CSVHeaderChecker: CSV header does not conform to the schema.","logger":"task.stderr"}
{"timestamp":"2026-07-01T14:17:59.044309Z","level":"error","event":" Header: , Player, Span, Mat, Inns, Overs, Mdns, Runs, Wkts, BBI, Ave, Econ, SR, 4, 5, Unnamed: 14","logger":"task.stderr"}
{"timestamp":"2026-07-01T14:17:59.044369Z","level":"error","event":" Schema: _c0, Player, Span, Mat, Inns, Overs, Mdns, Runs, Wkts, BBI, Ave, Econ, SR, 4, 5, Unnamed: 14","logger":"task.stderr"}
{"timestamp":"2026-07-01T14:17:59.044413Z","level":"error","event":"Expected: _c0 but found:","logger":"task.stderr"}
{"timestamp":"2026-07-01T14:17:59.044452Z","level":"error","event":"CSV file: file:///Users/burugula.sasank/airflow/dags/file_stores/api_dump/cric_data/Bowling/Bowling_t20.csv","logger":"task.stderr"}
{"timestamp":"2026-07-01T14:17:59.293619Z","level":"error","event":"26/07/01 19:47:59 WARN CSVHeaderChecker: CSV header does not conform to the schema.","logger":"task.stderr"}
{"timestamp":"2026-07-01T14:17:59.293820Z","level":"error","event":" Header: , Player, Span, Mat, Inns, Balls, Runs, Wkts, BBI, BBM, Ave, Econ, SR, 5, 10, Unnamed: 14","logger":"task.stderr"}
{"timestamp":"2026-07-01T14:17:59.293882Z","level":"error","event":" Schema: _c0, Player, Span, Mat, Inns, Balls, Runs, Wkts, BBI, BBM, Ave, Econ, SR, 5, 10, Unnamed: 14","logger":"task.stderr"}
{"timestamp":"2026-07-01T14:17:59.293926Z","level":"error","event":"Expected: _c0 but found:","logger":"task.stderr"}
{"timestamp":"2026-07-01T14:17:59.293965Z","level":"error","event":"CSV file: file:///Users/burugula.sasank/airflow/dags/file_stores/api_dump/cric_data/Bowling/Bowling_test.csv","logger":"task.stderr"}
{"timestamp":"2026-07-01T14:17:59.564619Z","level":"error","event":"26/07/01 19:47:59 WARN CSVHeaderChecker: CSV header does not conform to the schema.","logger":"task.stderr"}
{"timestamp":"2026-07-01T14:17:59.564845Z","level":"error","event":" Header: , Player, Span, Mat, Inns, Dis, Ct, St, Ct Wk, Ct Fi, MD, D/I, Unnamed: 11","logger":"task.stderr"}
{"timestamp":"2026-07-01T14:17:59.564963Z","level":"error","event":" Schema: _c0, Player, Span, Mat, Inns, Dis, Ct, St, Ct Wk, Ct Fi, MD, D/I, Unnamed: 11","logger":"task.stderr"}
{"timestamp":"2026-07-01T14:17:59.565025Z","level":"error","event":"Expected: _c0 but found:","logger":"task.stderr"}
{"timestamp":"2026-07-01T14:17:59.565072Z","level":"error","event":"CSV file: file:///Users/burugula.sasank/airflow/dags/file_stores/api_dump/cric_data/Fielding/Fielding_ODI.csv","logger":"task.stderr"}
{"timestamp":"2026-07-01T14:17:59.773068Z","level":"error","event":"26/07/01 19:47:59 WARN CSVHeaderChecker: CSV header does not conform to the schema.","logger":"task.stderr"}
{"timestamp":"2026-07-01T14:17:59.773227Z","level":"error","event":" Header: , Player, Span, Mat, Inns, Dis, Ct, St, Ct Wk, Ct Fi, MD, D/I, Unnamed: 11","logger":"task.stderr"}
{"timestamp":"2026-07-01T14:17:59.773282Z","level":"error","event":" Schema: _c0, Player, Span, Mat, Inns, Dis, Ct, St, Ct Wk, Ct Fi, MD, D/I, Unnamed: 11","logger":"task.stderr"}
{"timestamp":"2026-07-01T14:17:59.773323Z","level":"error","event":"Expected: _c0 but found:","logger":"task.stderr"}
{"timestamp":"2026-07-01T14:17:59.773362Z","level":"error","event":"CSV file: file:///Users/burugula.sasank/airflow/dags/file_stores/api_dump/cric_data/Fielding/Fielding_t20.csv","logger":"task.stderr"}
{"timestamp":"2026-07-01T14:17:59.965342Z","level":"error","event":"26/07/01 19:47:59 WARN CSVHeaderChecker: CSV header does not conform to the schema.","logger":"task.stderr"}
{"timestamp":"2026-07-01T14:17:59.965491Z","level":"error","event":" Header: , Player, Span, Mat, Inns, Dis, Ct, St, Ct Wk, Ct Fi, MD, D/I, Unnamed: 11","logger":"task.stderr"}
{"timestamp":"2026-07-01T14:17:59.965545Z","level":"error","event":" Schema: _c0, Player, Span, Mat, Inns, Dis, Ct, St, Ct Wk, Ct Fi, MD, D/I, Unnamed: 11","logger":"task.stderr"}
{"timestamp":"2026-07-01T14:17:59.965586Z","level":"error","event":"Expected: _c0 but found:","logger":"task.stderr"}
{"timestamp":"2026-07-01T14:17:59.965627Z","level":"error","event":"CSV file: file:///Users/burugula.sasank/airflow/dags/file_stores/api_dump/cric_data/Fielding/Fielding_test.csv","logger":"task.stderr"}
{"timestamp":"2026-07-01T14:18:00.085839Z","level":"error","event":"26/07/01 19:48:00 WARN CSVHeaderChecker: CSV header does not conform to the schema.","logger":"task.stderr"}
{"timestamp":"2026-07-01T14:18:00.086097Z","level":"error","event":" Header: , Player, Span, Mat, Inns, NO, Runs, HS, Ave, BF, SR, 100, 50, 0, Unnamed: 13","logger":"task.stderr"}
{"timestamp":"2026-07-01T14:18:00.086177Z","level":"error","event":" Schema: _c0, Player, Span, Mat, Inns, NO, Runs, HS, Ave, BF, SR, 100, 50, 0, Unnamed: 13","logger":"task.stderr"}
{"timestamp":"2026-07-01T14:18:00.086227Z","level":"error","event":"Expected: _c0 but found:","logger":"task.stderr"}
{"timestamp":"2026-07-01T14:18:00.086273Z","level":"error","event":"CSV file: file:///Users/burugula.sasank/airflow/dags/file_stores/api_dump/cric_data/Batting/ODI%20data.csv","logger":"task.stderr"}
{"timestamp":"2026-07-01T14:18:00.617547Z","level":"info","event":"Sample Data (ODI Batsmen):","logger":"task.stdout"}
{"timestamp":"2026-07-01T14:18:00.617710Z","level":"info","event":"+---+--------------------+---------+---+----+---+-----+----+-----+-----+-----+---+---+---+-----------+","logger":"task.stdout"}
{"timestamp":"2026-07-01T14:18:00.617770Z","level":"info","event":"|_c0|              Player|     Span|Mat|Inns| NO| Runs|  HS|  Ave|   BF|   SR|100| 50|  0|Unnamed: 13|","logger":"task.stdout"}
{"timestamp":"2026-07-01T14:18:00.617819Z","level":"info","event":"+---+--------------------+---------+---+----+---+-----+----+-----+-----+-----+---+---+---+-----------+","logger":"task.stdout"}
{"timestamp":"2026-07-01T14:18:00.617868Z","level":"info","event":"|  0|SR Tendulkar (INDIA)|1989-2012|463| 452| 41|18426|200*|44.83|21367|86.23| 49| 96| 20|       NULL|","logger":"task.stdout"}
{"timestamp":"2026-07-01T14:18:00.617914Z","level":"info","event":"|  1|KC Sangakkara (As...|2000-2015|404| 380| 41|14234| 169|41.98|18048|78.86| 25| 93| 15|       NULL|","logger":"task.stdout"}
{"timestamp":"2026-07-01T14:18:00.617960Z","level":"info","event":"+---+--------------------+---------+---+----+---+-----+----+-----+-----+-----+---+---+---+-----------+","logger":"task.stdout"}
{"timestamp":"2026-07-01T14:18:00.618019Z","level":"info","event":"only showing top 2 rows","logger":"task.stdout"}
{"timestamp":"2026-07-01T14:18:00.652298Z","level":"info","event":"Bronze Ingestion Success","logger":"task.stdout"}
{"timestamp":"2026-07-01T14:18:00.652562Z","level":"info","event":"Done. Returned value was: ","task_id":"ingest_data_to_bronze","map_index":-1,"ti_id":"019f1e0a-fd32-7980-a29a-9c2959ec4ca0","try_number":1,"run_id":"manual__2026-07-01T14:17:44.485664+00:00","dag_id":"dag_data","logger":"airflow.task.operators.airflow.providers.standard.decorators.python._PythonDecoratedOperator","filename":"python.py","lineno":233}
{"timestamp":"2026-07-01T14:18:00.652895Z","level":"info","event":"::group::Post Execute","task_id":"ingest_data_to_bronze","map_index":-1,"ti_id":"019f1e0a-fd32-7980-a29a-9c2959ec4ca0","try_number":1,"run_id":"manual__2026-07-01T14:17:44.485664+00:00","dag_id":"dag_data","logger":"task","filename":"task_runner.py","lineno":1288}
{"timestamp":"2026-07-01T14:18:00.653143Z","level":"info","event":"Pushing xcom","ti":"RuntimeTaskInstance(id=UUID('019f1e0a-fd32-7980-a29a-9c2959ec4ca0'), task_id='ingest_data_to_bronze', dag_id='dag_data', run_id='manual__2026-07-01T14:17:44.485664+00:00', try_number=1, dag_version_id=UUID('019f1e0a-ce24-78cf-968c-64a1e3b4de38'), map_index=-1, hostname='burugulas-macbook-air.local', context_carrier={'traceparent': '00-8cb958567a143e324e09b54fa221ca3c-6feaacdc14684602-01'}, task=<Task(_PythonDecoratedOperator): ingest_data_to_bronze>, bundle_instance=LocalDagBundle(name=dags-folder), max_tries=0, start_date=datetime.datetime(2026, 7, 1, 14, 17, 50, 965699, tzinfo=datetime.timezone.utc), end_date=None, state=<TaskInstanceState.RUNNING: 'running'>, is_mapped=False, rendered_map_index=None, sentry_integration='')","task_id":"ingest_data_to_bronze","map_index":-1,"ti_id":"019f1e0a-fd32-7980-a29a-9c2959ec4ca0","try_number":1,"run_id":"manual__2026-07-01T14:17:44.485664+00:00","dag_id":"dag_data","logger":"task","filename":"task_runner.py","lineno":1791}
{"timestamp":"2026-07-01T14:18:00.668869Z","level":"info","event":"::endgroup::","task_id":"ingest_data_to_bronze","map_index":-1,"ti_id":"019f1e0a-fd32-7980-a29a-9c2959ec4ca0","try_number":1,"run_id":"manual__2026-07-01T14:17:44.485664+00:00","dag_id":"dag_data","logger":"task","filename":"task_runner.py","lineno":1896}
