{"timestamp":"2026-07-01T14:18:01.661013Z","level":"info","event":"2026-07-01T14:18:01.660716Z [info     ] ::group::Pre Execute           [task] loc=task_runner.py:1926","logger":"task.stdout"}
{"timestamp":"2026-07-01T14:18:01.804643Z","level":"info","event":"setup plugin alembic.autogenerate.schemas","logger":"alembic.runtime.plugins","dag_id":"dag_data","try_number":1,"ti_id":"019f1e0a-fd33-7a61-994b-9fbd3200349f","map_index":-1,"task_id":"transform_data_from_bronze","run_id":"manual__2026-07-01T14:17:44.485664+00:00","filename":"plugins.py","lineno":37}
{"timestamp":"2026-07-01T14:18:01.804753Z","level":"info","event":"setup plugin alembic.autogenerate.tables","logger":"alembic.runtime.plugins","dag_id":"dag_data","try_number":1,"ti_id":"019f1e0a-fd33-7a61-994b-9fbd3200349f","map_index":-1,"task_id":"transform_data_from_bronze","run_id":"manual__2026-07-01T14:17:44.485664+00:00","filename":"plugins.py","lineno":37}
{"timestamp":"2026-07-01T14:18:01.804803Z","level":"info","event":"setup plugin alembic.autogenerate.types","logger":"alembic.runtime.plugins","dag_id":"dag_data","try_number":1,"ti_id":"019f1e0a-fd33-7a61-994b-9fbd3200349f","map_index":-1,"task_id":"transform_data_from_bronze","run_id":"manual__2026-07-01T14:17:44.485664+00:00","filename":"plugins.py","lineno":37}
{"timestamp":"2026-07-01T14:18:01.804842Z","level":"info","event":"setup plugin alembic.autogenerate.constraints","logger":"alembic.runtime.plugins","dag_id":"dag_data","try_number":1,"ti_id":"019f1e0a-fd33-7a61-994b-9fbd3200349f","map_index":-1,"task_id":"transform_data_from_bronze","run_id":"manual__2026-07-01T14:17:44.485664+00:00","filename":"plugins.py","lineno":37}
{"timestamp":"2026-07-01T14:18:01.804874Z","level":"info","event":"setup plugin alembic.autogenerate.defaults","logger":"alembic.runtime.plugins","dag_id":"dag_data","try_number":1,"ti_id":"019f1e0a-fd33-7a61-994b-9fbd3200349f","map_index":-1,"task_id":"transform_data_from_bronze","run_id":"manual__2026-07-01T14:17:44.485664+00:00","filename":"plugins.py","lineno":37}
{"timestamp":"2026-07-01T14:18:01.804906Z","level":"info","event":"setup plugin alembic.autogenerate.comments","logger":"alembic.runtime.plugins","dag_id":"dag_data","try_number":1,"ti_id":"019f1e0a-fd33-7a61-994b-9fbd3200349f","map_index":-1,"task_id":"transform_data_from_bronze","run_id":"manual__2026-07-01T14:17:44.485664+00:00","filename":"plugins.py","lineno":37}
{"timestamp":"2026-07-01T14:18:01.874840Z","level":"info","event":"DAG bundles loaded: dags-folder","dag_id":"dag_data","try_number":1,"ti_id":"019f1e0a-fd33-7a61-994b-9fbd3200349f","map_index":-1,"task_id":"transform_data_from_bronze","run_id":"manual__2026-07-01T14:17:44.485664+00:00","logger":"airflow.dag_processing.bundles.manager.DagBundlesManager","filename":"manager.py","lineno":209}
{"timestamp":"2026-07-01T14:18:01.875155Z","level":"info","event":"Filling up the DagBag from /Users/burugula.sasank/airflow/dags/etl_scheduler.py","dag_id":"dag_data","try_number":1,"ti_id":"019f1e0a-fd33-7a61-994b-9fbd3200349f","map_index":-1,"task_id":"transform_data_from_bronze","run_id":"manual__2026-07-01T14:17:44.485664+00:00","logger":"airflow.dag_processing.dagbag.BundleDagBag","filename":"dagbag.py","lineno":469}
{"timestamp":"2026-07-01T14:18:01.926360Z","level":"warning","event":"The `airflow.decorators.task` attribute is deprecated. Please use `'airflow.sdk.task'`.","category":"UserWarning","filename":"/Users/burugula.sasank/airflow/dags/etl_scheduler.py","lineno":1,"dag_id":"dag_data","try_number":1,"ti_id":"019f1e0a-fd33-7a61-994b-9fbd3200349f","map_index":-1,"task_id":"transform_data_from_bronze","run_id":"manual__2026-07-01T14:17:44.485664+00:00","logger":"py.warnings"}
{"timestamp":"2026-07-01T14:18:01.926441Z","level":"warning","event":"The `airflow.decorators.dag` attribute is deprecated. Please use `'airflow.sdk.dag'`.","category":"UserWarning","filename":"/Users/burugula.sasank/airflow/dags/etl_scheduler.py","lineno":1,"dag_id":"dag_data","try_number":1,"ti_id":"019f1e0a-fd33-7a61-994b-9fbd3200349f","map_index":-1,"task_id":"transform_data_from_bronze","run_id":"manual__2026-07-01T14:17:44.485664+00:00","logger":"py.warnings"}
{"timestamp":"2026-07-01T14:18:01.926479Z","level":"warning","event":"The `airflow.hooks.base.BaseHook` attribute is deprecated. Please use `'airflow.sdk.bases.hook.BaseHook'`.","category":"UserWarning","filename":"/Users/burugula.sasank/airflow/dags/etl_scheduler.py","lineno":2,"dag_id":"dag_data","try_number":1,"ti_id":"019f1e0a-fd33-7a61-994b-9fbd3200349f","map_index":-1,"task_id":"transform_data_from_bronze","run_id":"manual__2026-07-01T14:17:44.485664+00:00","logger":"py.warnings"}
{"timestamp":"2026-07-01T14:18:01.944312Z","level":"info","event":"::endgroup::","dag_id":"dag_data","try_number":1,"ti_id":"019f1e0a-fd33-7a61-994b-9fbd3200349f","map_index":-1,"task_id":"transform_data_from_bronze","run_id":"manual__2026-07-01T14:17:44.485664+00:00","logger":"task","filename":"task_runner.py","lineno":1727}
{"timestamp":"2026-07-01T14:18:02.065923Z","level":"error","event":"/Library/Frameworks/Python.framework/Versions/3.14/lib/python3.14/site-packages/pyspark/sql/udf.py:134: UserWarning: Cannot infer the eval type from type hints.","logger":"task.stderr"}
{"timestamp":"2026-07-01T14:18:02.066107Z","level":"error","event":"  warnings.warn(\"Cannot infer the eval type from type hints. \", UserWarning)","logger":"task.stderr"}
{"timestamp":"2026-07-01T14:18:02.242783Z","level":"error","event":"WARNING: Using incubator modules: jdk.incubator.vector","logger":"task.stderr"}
{"timestamp":"2026-07-01T14:18:02.808301Z","level":"error","event":"Using Spark's default log4j profile: org/apache/spark/log4j2-defaults.properties","logger":"task.stderr"}
{"timestamp":"2026-07-01T14:18:02.818186Z","level":"error","event":"26/07/01 19:48:02 WARN Utils: Your hostname, Burugulas-MacBook-Air.local, resolves to a loopback address: 127.0.0.1; using 192.168.0.106 instead (on interface en0)","logger":"task.stderr"}
{"timestamp":"2026-07-01T14:18:02.819948Z","level":"error","event":"26/07/01 19:48:02 WARN Utils: Set SPARK_LOCAL_IP if you need to bind to another address","logger":"task.stderr"}
{"timestamp":"2026-07-01T14:18:03.016647Z","level":"error","event":"Using Spark's default log4j profile: org/apache/spark/log4j2-defaults.properties","logger":"task.stderr"}
{"timestamp":"2026-07-01T14:18:03.016922Z","level":"error","event":"Setting default log level to \"WARN\".","logger":"task.stderr"}
{"timestamp":"2026-07-01T14:18:03.017128Z","level":"error","event":"To adjust logging level use sc.setLogLevel(newLevel). For SparkR, use setLogLevel(newLevel).","logger":"task.stderr"}
{"timestamp":"2026-07-01T14:18:03.210879Z","level":"error","event":"26/07/01 19:48:03 WARN NativeCodeLoader: Unable to load native-hadoop library for your platform... using builtin-java classes where applicable","logger":"task.stderr"}
{"timestamp":"2026-07-01T14:18:11.033427Z","level":"info","event":"root","logger":"task.stdout"}
{"timestamp":"2026-07-01T14:18:11.033873Z","level":"info","event":" |-- _c0: integer (nullable = true)","logger":"task.stdout"}
{"timestamp":"2026-07-01T14:18:11.033952Z","level":"info","event":" |-- Player: string (nullable = true)","logger":"task.stdout"}
{"timestamp":"2026-07-01T14:18:11.034006Z","level":"info","event":" |-- Span: string (nullable = true)","logger":"task.stdout"}
{"timestamp":"2026-07-01T14:18:11.034048Z","level":"info","event":" |-- Mat: integer (nullable = true)","logger":"task.stdout"}
{"timestamp":"2026-07-01T14:18:11.034088Z","level":"info","event":" |-- Inns: string (nullable = true)","logger":"task.stdout"}
{"timestamp":"2026-07-01T14:18:11.034126Z","level":"info","event":" |-- NO: string (nullable = true)","logger":"task.stdout"}
{"timestamp":"2026-07-01T14:18:11.034162Z","level":"info","event":" |-- Runs: string (nullable = true)","logger":"task.stdout"}
{"timestamp":"2026-07-01T14:18:11.034197Z","level":"info","event":" |-- HS: string (nullable = true)","logger":"task.stdout"}
{"timestamp":"2026-07-01T14:18:11.034234Z","level":"info","event":" |-- Ave: string (nullable = true)","logger":"task.stdout"}
{"timestamp":"2026-07-01T14:18:11.034268Z","level":"info","event":" |-- BF: string (nullable = true)","logger":"task.stdout"}
{"timestamp":"2026-07-01T14:18:11.034312Z","level":"info","event":" |-- SR: string (nullable = true)","logger":"task.stdout"}
{"timestamp":"2026-07-01T14:18:11.034346Z","level":"info","event":" |-- 100: string (nullable = true)","logger":"task.stdout"}
{"timestamp":"2026-07-01T14:18:11.034379Z","level":"info","event":" |-- 50: string (nullable = true)","logger":"task.stdout"}
{"timestamp":"2026-07-01T14:18:11.034413Z","level":"info","event":" |-- 0: string (nullable = true)","logger":"task.stdout"}
{"timestamp":"2026-07-01T14:18:11.034446Z","level":"info","event":" |-- Unnamed: 13: string (nullable = true)","logger":"task.stdout"}
{"timestamp":"2026-07-01T14:18:11.034485Z","level":"info","event":"","logger":"task.stdout"}
{"timestamp":"2026-07-01T14:18:11.034520Z","level":"info","event":"root","logger":"task.stdout"}
{"timestamp":"2026-07-01T14:18:11.034553Z","level":"info","event":" |-- _c0: integer (nullable = true)","logger":"task.stdout"}
{"timestamp":"2026-07-01T14:18:11.034592Z","level":"info","event":" |-- Player: string (nullable = true)","logger":"task.stdout"}
{"timestamp":"2026-07-01T14:18:11.034626Z","level":"info","event":" |-- Span: string (nullable = true)","logger":"task.stdout"}
{"timestamp":"2026-07-01T14:18:11.034666Z","level":"info","event":" |-- Mat: integer (nullable = true)","logger":"task.stdout"}
{"timestamp":"2026-07-01T14:18:11.034699Z","level":"info","event":" |-- Inns: string (nullable = true)","logger":"task.stdout"}
{"timestamp":"2026-07-01T14:18:11.034731Z","level":"info","event":" |-- NO: string (nullable = true)","logger":"task.stdout"}
{"timestamp":"2026-07-01T14:18:11.034762Z","level":"info","event":" |-- Runs: string (nullable = true)","logger":"task.stdout"}
{"timestamp":"2026-07-01T14:18:11.034795Z","level":"info","event":" |-- HS: string (nullable = true)","logger":"task.stdout"}
{"timestamp":"2026-07-01T14:18:11.034828Z","level":"info","event":" |-- Ave: string (nullable = true)","logger":"task.stdout"}
{"timestamp":"2026-07-01T14:18:11.034861Z","level":"info","event":" |-- BF: string (nullable = true)","logger":"task.stdout"}
{"timestamp":"2026-07-01T14:18:11.034897Z","level":"info","event":" |-- SR: string (nullable = true)","logger":"task.stdout"}
{"timestamp":"2026-07-01T14:18:11.034928Z","level":"info","event":" |-- 100: string (nullable = true)","logger":"task.stdout"}
{"timestamp":"2026-07-01T14:18:11.034959Z","level":"info","event":" |-- 50: string (nullable = true)","logger":"task.stdout"}
{"timestamp":"2026-07-01T14:18:11.034992Z","level":"info","event":" |-- 0: string (nullable = true)","logger":"task.stdout"}
{"timestamp":"2026-07-01T14:18:11.035024Z","level":"info","event":" |-- 4s: string (nullable = true)","logger":"task.stdout"}
{"timestamp":"2026-07-01T14:18:11.035057Z","level":"info","event":" |-- 6s: string (nullable = true)","logger":"task.stdout"}
{"timestamp":"2026-07-01T14:18:11.035089Z","level":"info","event":" |-- Unnamed: 15: string (nullable = true)","logger":"task.stdout"}
{"timestamp":"2026-07-01T14:18:11.035122Z","level":"info","event":"","logger":"task.stdout"}
{"timestamp":"2026-07-01T14:18:11.035155Z","level":"info","event":"root","logger":"task.stdout"}
{"timestamp":"2026-07-01T14:18:11.035185Z","level":"info","event":" |-- _c0: integer (nullable = true)","logger":"task.stdout"}
{"timestamp":"2026-07-01T14:18:11.035222Z","level":"info","event":" |-- Player: string (nullable = true)","logger":"task.stdout"}
{"timestamp":"2026-07-01T14:18:11.035254Z","level":"info","event":" |-- Span: string (nullable = true)","logger":"task.stdout"}
{"timestamp":"2026-07-01T14:18:11.035291Z","level":"info","event":" |-- Mat: integer (nullable = true)","logger":"task.stdout"}
{"timestamp":"2026-07-01T14:18:11.035324Z","level":"info","event":" |-- Inns: string (nullable = true)","logger":"task.stdout"}
{"timestamp":"2026-07-01T14:18:11.035356Z","level":"info","event":" |-- NO: string (nullable = true)","logger":"task.stdout"}
{"timestamp":"2026-07-01T14:18:11.035387Z","level":"info","event":" |-- Runs: string (nullable = true)","logger":"task.stdout"}
{"timestamp":"2026-07-01T14:18:11.035426Z","level":"info","event":" |-- HS: string (nullable = true)","logger":"task.stdout"}
{"timestamp":"2026-07-01T14:18:11.035458Z","level":"info","event":" |-- Ave: string (nullable = true)","logger":"task.stdout"}
{"timestamp":"2026-07-01T14:18:11.035489Z","level":"info","event":" |-- 100: string (nullable = true)","logger":"task.stdout"}
{"timestamp":"2026-07-01T14:18:11.035521Z","level":"info","event":" |-- 50: string (nullable = true)","logger":"task.stdout"}
{"timestamp":"2026-07-01T14:18:11.035553Z","level":"info","event":" |-- 0: string (nullable = true)","logger":"task.stdout"}
{"timestamp":"2026-07-01T14:18:11.035586Z","level":"info","event":" |-- Unnamed: 11: string (nullable = true)","logger":"task.stdout"}
{"timestamp":"2026-07-01T14:18:11.035618Z","level":"info","event":"","logger":"task.stdout"}
{"timestamp":"2026-07-01T14:18:11.064077Z","level":"info","event":"Silver Ingestion Success","logger":"task.stdout"}
{"timestamp":"2026-07-01T14:18:11.064776Z","level":"info","event":"Done. Returned value was: None","dag_id":"dag_data","try_number":1,"ti_id":"019f1e0a-fd33-7a61-994b-9fbd3200349f","map_index":-1,"task_id":"transform_data_from_bronze","run_id":"manual__2026-07-01T14:17:44.485664+00:00","logger":"airflow.task.operators.airflow.providers.standard.decorators.python._PythonDecoratedOperator","filename":"python.py","lineno":233}
{"timestamp":"2026-07-01T14:18:11.065606Z","level":"info","event":"::group::Post Execute","dag_id":"dag_data","try_number":1,"ti_id":"019f1e0a-fd33-7a61-994b-9fbd3200349f","map_index":-1,"task_id":"transform_data_from_bronze","run_id":"manual__2026-07-01T14:17:44.485664+00:00","logger":"task","filename":"task_runner.py","lineno":1288}
{"timestamp":"2026-07-01T14:18:11.077155Z","level":"info","event":"::endgroup::","dag_id":"dag_data","try_number":1,"ti_id":"019f1e0a-fd33-7a61-994b-9fbd3200349f","map_index":-1,"task_id":"transform_data_from_bronze","run_id":"manual__2026-07-01T14:17:44.485664+00:00","logger":"task","filename":"task_runner.py","lineno":1896}
{"timestamp":"2026-07-01T14:18:11.497501Z","level":"error","event":"\r[Stage 9:>                                                          (0 + 1) / 1]","logger":"task.stderr"}
