{"timestamp":"2026-07-05T12:16:58.887225Z","level":"info","event":"2026-07-05T12:16:58.887114Z [info     ] ::group::Pre Execute           [task] loc=task_runner.py:1926","logger":"task.stdout"}
{"timestamp":"2026-07-05T12:16:58.964281Z","level":"info","event":"setup plugin alembic.autogenerate.schemas","logger":"alembic.runtime.plugins","dag_id":"dag_data","map_index":-1,"task_id":"ingest_data_to_filesystem","ti_id":"019f3235-bf3a-7ec4-8479-e6036653f97e","run_id":"manual__2026-07-05T12:16:50.983665+00:00","try_number":1,"filename":"plugins.py","lineno":37}
{"timestamp":"2026-07-05T12:16:58.964355Z","level":"info","event":"setup plugin alembic.autogenerate.tables","logger":"alembic.runtime.plugins","dag_id":"dag_data","map_index":-1,"task_id":"ingest_data_to_filesystem","ti_id":"019f3235-bf3a-7ec4-8479-e6036653f97e","run_id":"manual__2026-07-05T12:16:50.983665+00:00","try_number":1,"filename":"plugins.py","lineno":37}
{"timestamp":"2026-07-05T12:16:58.964387Z","level":"info","event":"setup plugin alembic.autogenerate.types","logger":"alembic.runtime.plugins","dag_id":"dag_data","map_index":-1,"task_id":"ingest_data_to_filesystem","ti_id":"019f3235-bf3a-7ec4-8479-e6036653f97e","run_id":"manual__2026-07-05T12:16:50.983665+00:00","try_number":1,"filename":"plugins.py","lineno":37}
{"timestamp":"2026-07-05T12:16:58.964411Z","level":"info","event":"setup plugin alembic.autogenerate.constraints","logger":"alembic.runtime.plugins","dag_id":"dag_data","map_index":-1,"task_id":"ingest_data_to_filesystem","ti_id":"019f3235-bf3a-7ec4-8479-e6036653f97e","run_id":"manual__2026-07-05T12:16:50.983665+00:00","try_number":1,"filename":"plugins.py","lineno":37}
{"timestamp":"2026-07-05T12:16:58.964430Z","level":"info","event":"setup plugin alembic.autogenerate.defaults","logger":"alembic.runtime.plugins","dag_id":"dag_data","map_index":-1,"task_id":"ingest_data_to_filesystem","ti_id":"019f3235-bf3a-7ec4-8479-e6036653f97e","run_id":"manual__2026-07-05T12:16:50.983665+00:00","try_number":1,"filename":"plugins.py","lineno":37}
{"timestamp":"2026-07-05T12:16:58.964450Z","level":"info","event":"setup plugin alembic.autogenerate.comments","logger":"alembic.runtime.plugins","dag_id":"dag_data","map_index":-1,"task_id":"ingest_data_to_filesystem","ti_id":"019f3235-bf3a-7ec4-8479-e6036653f97e","run_id":"manual__2026-07-05T12:16:50.983665+00:00","try_number":1,"filename":"plugins.py","lineno":37}
{"timestamp":"2026-07-05T12:16:59.004418Z","level":"info","event":"DAG bundles loaded: dags-folder","dag_id":"dag_data","map_index":-1,"task_id":"ingest_data_to_filesystem","ti_id":"019f3235-bf3a-7ec4-8479-e6036653f97e","run_id":"manual__2026-07-05T12:16:50.983665+00:00","try_number":1,"logger":"airflow.dag_processing.bundles.manager.DagBundlesManager","filename":"manager.py","lineno":209}
{"timestamp":"2026-07-05T12:16:59.004617Z","level":"info","event":"Filling up the DagBag from /Users/burugula.sasank/airflow/dags/etl_scheduler.py","dag_id":"dag_data","map_index":-1,"task_id":"ingest_data_to_filesystem","ti_id":"019f3235-bf3a-7ec4-8479-e6036653f97e","run_id":"manual__2026-07-05T12:16:50.983665+00:00","try_number":1,"logger":"airflow.dag_processing.dagbag.BundleDagBag","filename":"dagbag.py","lineno":469}
{"timestamp":"2026-07-05T12:16:59.034734Z","level":"warning","event":"The `airflow.decorators.task` attribute is deprecated. Please use `'airflow.sdk.task'`.","category":"UserWarning","filename":"/Users/burugula.sasank/airflow/dags/etl_scheduler.py","lineno":1,"dag_id":"dag_data","map_index":-1,"task_id":"ingest_data_to_filesystem","ti_id":"019f3235-bf3a-7ec4-8479-e6036653f97e","run_id":"manual__2026-07-05T12:16:50.983665+00:00","try_number":1,"logger":"py.warnings"}
{"timestamp":"2026-07-05T12:16:59.034787Z","level":"warning","event":"The `airflow.decorators.dag` attribute is deprecated. Please use `'airflow.sdk.dag'`.","category":"UserWarning","filename":"/Users/burugula.sasank/airflow/dags/etl_scheduler.py","lineno":1,"dag_id":"dag_data","map_index":-1,"task_id":"ingest_data_to_filesystem","ti_id":"019f3235-bf3a-7ec4-8479-e6036653f97e","run_id":"manual__2026-07-05T12:16:50.983665+00:00","try_number":1,"logger":"py.warnings"}
{"timestamp":"2026-07-05T12:16:59.034811Z","level":"warning","event":"The `airflow.hooks.base.BaseHook` attribute is deprecated. Please use `'airflow.sdk.bases.hook.BaseHook'`.","category":"UserWarning","filename":"/Users/burugula.sasank/airflow/dags/etl_scheduler.py","lineno":2,"dag_id":"dag_data","map_index":-1,"task_id":"ingest_data_to_filesystem","ti_id":"019f3235-bf3a-7ec4-8479-e6036653f97e","run_id":"manual__2026-07-05T12:16:50.983665+00:00","try_number":1,"logger":"py.warnings"}
{"timestamp":"2026-07-05T12:16:59.046468Z","level":"info","event":"::endgroup::","dag_id":"dag_data","map_index":-1,"task_id":"ingest_data_to_filesystem","ti_id":"019f3235-bf3a-7ec4-8479-e6036653f97e","run_id":"manual__2026-07-05T12:16:50.983665+00:00","try_number":1,"logger":"task","filename":"task_runner.py","lineno":1727}
{"timestamp":"2026-07-05T12:16:59.366984Z","level":"error","event":"WARNING: Using incubator modules: jdk.incubator.vector","logger":"task.stderr"}
{"timestamp":"2026-07-05T12:16:59.787033Z","level":"error","event":"Using Spark's default log4j profile: org/apache/spark/log4j2-defaults.properties","logger":"task.stderr"}
{"timestamp":"2026-07-05T12:16:59.793439Z","level":"error","event":"26/07/05 17:46:59 WARN Utils: Your hostname, Burugulas-MacBook-Air.local, resolves to a loopback address: 127.0.0.1; using 192.168.0.107 instead (on interface en0)","logger":"task.stderr"}
{"timestamp":"2026-07-05T12:16:59.794414Z","level":"error","event":"26/07/05 17:46:59 WARN Utils: Set SPARK_LOCAL_IP if you need to bind to another address","logger":"task.stderr"}
{"timestamp":"2026-07-05T12:16:59.932715Z","level":"error","event":"Using Spark's default log4j profile: org/apache/spark/log4j2-defaults.properties","logger":"task.stderr"}
{"timestamp":"2026-07-05T12:16:59.932879Z","level":"error","event":"Setting default log level to \"WARN\".","logger":"task.stderr"}
{"timestamp":"2026-07-05T12:16:59.932915Z","level":"error","event":"To adjust logging level use sc.setLogLevel(newLevel). For SparkR, use setLogLevel(newLevel).","logger":"task.stderr"}
{"timestamp":"2026-07-05T12:17:00.054246Z","level":"error","event":"26/07/05 17:47:00 WARN NativeCodeLoader: Unable to load native-hadoop library for your platform... using builtin-java classes where applicable","logger":"task.stderr"}
{"timestamp":"2026-07-05T12:17:03.264771Z","level":"error","event":"26/07/05 17:47:03 WARN CSVHeaderChecker: CSV header does not conform to the schema.","logger":"task.stderr"}
{"timestamp":"2026-07-05T12:17:03.264868Z","level":"error","event":" Header: , Player, Span, Mat, Inns, NO, Runs, HS, Ave, BF, SR, 100, 50, 0, Unnamed: 13","logger":"task.stderr"}
{"timestamp":"2026-07-05T12:17:03.264897Z","level":"error","event":" Schema: _c0, Player, Span, Mat, Inns, NO, Runs, HS, Ave, BF, SR, 100, 50, 0, Unnamed: 13","logger":"task.stderr"}
{"timestamp":"2026-07-05T12:17:03.264918Z","level":"error","event":"Expected: _c0 but found:","logger":"task.stderr"}
{"timestamp":"2026-07-05T12:17:03.264939Z","level":"error","event":"CSV file: file:///Users/burugula.sasank/airflow/dags/file_stores/api_dump/cric_data/Batting/ODI%20data.csv","logger":"task.stderr"}
{"timestamp":"2026-07-05T12:17:03.884563Z","level":"error","event":"\r[Stage 2:>                                                          (0 + 1) / 1]\r\r                                                                                \r26/07/05 17:47:03 WARN CSVHeaderChecker: CSV header does not conform to the schema.","logger":"task.stderr"}
{"timestamp":"2026-07-05T12:17:03.884866Z","level":"error","event":" Header: , Player, Span, Mat, Inns, NO, Runs, HS, Ave, BF, SR, 100, 50, 0, 4s, 6s, Unnamed: 15","logger":"task.stderr"}
{"timestamp":"2026-07-05T12:17:03.884898Z","level":"error","event":" Schema: _c0, Player, Span, Mat, Inns, NO, Runs, HS, Ave, BF, SR, 100, 50, 0, 4s, 6s, Unnamed: 15","logger":"task.stderr"}
{"timestamp":"2026-07-05T12:17:03.884923Z","level":"error","event":"Expected: _c0 but found:","logger":"task.stderr"}
{"timestamp":"2026-07-05T12:17:03.884945Z","level":"error","event":"CSV file: file:///Users/burugula.sasank/airflow/dags/file_stores/api_dump/cric_data/Batting/t20.csv","logger":"task.stderr"}
{"timestamp":"2026-07-05T12:17:04.038662Z","level":"error","event":"26/07/05 17:47:04 WARN CSVHeaderChecker: CSV header does not conform to the schema.","logger":"task.stderr"}
{"timestamp":"2026-07-05T12:17:04.038767Z","level":"error","event":" Header: , Player, Span, Mat, Inns, NO, Runs, HS, Ave, 100, 50, 0, Unnamed: 11","logger":"task.stderr"}
{"timestamp":"2026-07-05T12:17:04.038795Z","level":"error","event":" Schema: _c0, Player, Span, Mat, Inns, NO, Runs, HS, Ave, 100, 50, 0, Unnamed: 11","logger":"task.stderr"}
{"timestamp":"2026-07-05T12:17:04.038821Z","level":"error","event":"Expected: _c0 but found:","logger":"task.stderr"}
{"timestamp":"2026-07-05T12:17:04.038843Z","level":"error","event":"CSV file: file:///Users/burugula.sasank/airflow/dags/file_stores/api_dump/cric_data/Batting/test.csv","logger":"task.stderr"}
{"timestamp":"2026-07-05T12:17:04.165903Z","level":"error","event":"26/07/05 17:47:04 WARN CSVHeaderChecker: CSV header does not conform to the schema.","logger":"task.stderr"}
{"timestamp":"2026-07-05T12:17:04.166070Z","level":"error","event":" Header: , Player, Span, Mat, Inns, Balls, Runs, Wkts, BBI, Ave, Econ, SR, 4, 5, Unnamed: 13","logger":"task.stderr"}
{"timestamp":"2026-07-05T12:17:04.166123Z","level":"error","event":" Schema: _c0, Player, Span, Mat, Inns, Balls, Runs, Wkts, BBI, Ave, Econ, SR, 4, 5, Unnamed: 13","logger":"task.stderr"}
{"timestamp":"2026-07-05T12:17:04.166168Z","level":"error","event":"Expected: _c0 but found:","logger":"task.stderr"}
{"timestamp":"2026-07-05T12:17:04.166212Z","level":"error","event":"CSV file: file:///Users/burugula.sasank/airflow/dags/file_stores/api_dump/cric_data/Bowling/Bowling_ODI.csv","logger":"task.stderr"}
{"timestamp":"2026-07-05T12:17:04.283134Z","level":"error","event":"26/07/05 17:47:04 WARN CSVHeaderChecker: CSV header does not conform to the schema.","logger":"task.stderr"}
{"timestamp":"2026-07-05T12:17:04.283237Z","level":"error","event":" Header: , Player, Span, Mat, Inns, Overs, Mdns, Runs, Wkts, BBI, Ave, Econ, SR, 4, 5, Unnamed: 14","logger":"task.stderr"}
{"timestamp":"2026-07-05T12:17:04.283266Z","level":"error","event":" Schema: _c0, Player, Span, Mat, Inns, Overs, Mdns, Runs, Wkts, BBI, Ave, Econ, SR, 4, 5, Unnamed: 14","logger":"task.stderr"}
{"timestamp":"2026-07-05T12:17:04.283287Z","level":"error","event":"Expected: _c0 but found:","logger":"task.stderr"}
{"timestamp":"2026-07-05T12:17:04.283306Z","level":"error","event":"CSV file: file:///Users/burugula.sasank/airflow/dags/file_stores/api_dump/cric_data/Bowling/Bowling_t20.csv","logger":"task.stderr"}
{"timestamp":"2026-07-05T12:17:04.425715Z","level":"error","event":"26/07/05 17:47:04 WARN CSVHeaderChecker: CSV header does not conform to the schema.","logger":"task.stderr"}
{"timestamp":"2026-07-05T12:17:04.425869Z","level":"error","event":" Header: , Player, Span, Mat, Inns, Balls, Runs, Wkts, BBI, BBM, Ave, Econ, SR, 5, 10, Unnamed: 14","logger":"task.stderr"}
{"timestamp":"2026-07-05T12:17:04.425920Z","level":"error","event":" Schema: _c0, Player, Span, Mat, Inns, Balls, Runs, Wkts, BBI, BBM, Ave, Econ, SR, 5, 10, Unnamed: 14","logger":"task.stderr"}
{"timestamp":"2026-07-05T12:17:04.425964Z","level":"error","event":"Expected: _c0 but found:","logger":"task.stderr"}
{"timestamp":"2026-07-05T12:17:04.426011Z","level":"error","event":"CSV file: file:///Users/burugula.sasank/airflow/dags/file_stores/api_dump/cric_data/Bowling/Bowling_test.csv","logger":"task.stderr"}
{"timestamp":"2026-07-05T12:17:04.584396Z","level":"error","event":"26/07/05 17:47:04 WARN CSVHeaderChecker: CSV header does not conform to the schema.","logger":"task.stderr"}
{"timestamp":"2026-07-05T12:17:04.584561Z","level":"error","event":" Header: , Player, Span, Mat, Inns, Dis, Ct, St, Ct Wk, Ct Fi, MD, D/I, Unnamed: 11","logger":"task.stderr"}
{"timestamp":"2026-07-05T12:17:04.584619Z","level":"error","event":" Schema: _c0, Player, Span, Mat, Inns, Dis, Ct, St, Ct Wk, Ct Fi, MD, D/I, Unnamed: 11","logger":"task.stderr"}
{"timestamp":"2026-07-05T12:17:04.584677Z","level":"error","event":"Expected: _c0 but found:","logger":"task.stderr"}
{"timestamp":"2026-07-05T12:17:04.584724Z","level":"error","event":"CSV file: file:///Users/burugula.sasank/airflow/dags/file_stores/api_dump/cric_data/Fielding/Fielding_ODI.csv","logger":"task.stderr"}
{"timestamp":"2026-07-05T12:17:04.755553Z","level":"error","event":"26/07/05 17:47:04 WARN CSVHeaderChecker: CSV header does not conform to the schema.","logger":"task.stderr"}
{"timestamp":"2026-07-05T12:17:04.755703Z","level":"error","event":" Header: , Player, Span, Mat, Inns, Dis, Ct, St, Ct Wk, Ct Fi, MD, D/I, Unnamed: 11","logger":"task.stderr"}
{"timestamp":"2026-07-05T12:17:04.755754Z","level":"error","event":" Schema: _c0, Player, Span, Mat, Inns, Dis, Ct, St, Ct Wk, Ct Fi, MD, D/I, Unnamed: 11","logger":"task.stderr"}
{"timestamp":"2026-07-05T12:17:04.755799Z","level":"error","event":"Expected: _c0 but found:","logger":"task.stderr"}
{"timestamp":"2026-07-05T12:17:04.755842Z","level":"error","event":"CSV file: file:///Users/burugula.sasank/airflow/dags/file_stores/api_dump/cric_data/Fielding/Fielding_t20.csv","logger":"task.stderr"}
{"timestamp":"2026-07-05T12:17:04.950584Z","level":"error","event":"26/07/05 17:47:04 WARN CSVHeaderChecker: CSV header does not conform to the schema.","logger":"task.stderr"}
{"timestamp":"2026-07-05T12:17:04.950776Z","level":"error","event":" Header: , Player, Span, Mat, Inns, Dis, Ct, St, Ct Wk, Ct Fi, MD, D/I, Unnamed: 11","logger":"task.stderr"}
{"timestamp":"2026-07-05T12:17:04.950843Z","level":"error","event":" Schema: _c0, Player, Span, Mat, Inns, Dis, Ct, St, Ct Wk, Ct Fi, MD, D/I, Unnamed: 11","logger":"task.stderr"}
{"timestamp":"2026-07-05T12:17:04.950872Z","level":"error","event":"Expected: _c0 but found:","logger":"task.stderr"}
{"timestamp":"2026-07-05T12:17:04.950894Z","level":"error","event":"CSV file: file:///Users/burugula.sasank/airflow/dags/file_stores/api_dump/cric_data/Fielding/Fielding_test.csv","logger":"task.stderr"}
{"timestamp":"2026-07-05T12:17:05.070627Z","level":"error","event":"26/07/05 17:47:05 WARN CSVHeaderChecker: CSV header does not conform to the schema.","logger":"task.stderr"}
{"timestamp":"2026-07-05T12:17:05.070753Z","level":"error","event":" Header: , Player, Span, Mat, Inns, NO, Runs, HS, Ave, BF, SR, 100, 50, 0, Unnamed: 13","logger":"task.stderr"}
{"timestamp":"2026-07-05T12:17:05.070784Z","level":"error","event":" Schema: _c0, Player, Span, Mat, Inns, NO, Runs, HS, Ave, BF, SR, 100, 50, 0, Unnamed: 13","logger":"task.stderr"}
{"timestamp":"2026-07-05T12:17:05.070807Z","level":"error","event":"Expected: _c0 but found:","logger":"task.stderr"}
{"timestamp":"2026-07-05T12:17:05.070830Z","level":"error","event":"CSV file: file:///Users/burugula.sasank/airflow/dags/file_stores/api_dump/cric_data/Batting/ODI%20data.csv","logger":"task.stderr"}
{"timestamp":"2026-07-05T12:17:05.430722Z","level":"info","event":"Sample Data (ODI Batsmen):","logger":"task.stdout"}
{"timestamp":"2026-07-05T12:17:05.430883Z","level":"info","event":"+---+--------------------+---------+---+----+---+-----+----+-----+-----+-----+---+---+---+-----------+","logger":"task.stdout"}
{"timestamp":"2026-07-05T12:17:05.430942Z","level":"info","event":"|_c0|              Player|     Span|Mat|Inns| NO| Runs|  HS|  Ave|   BF|   SR|100| 50|  0|Unnamed: 13|","logger":"task.stdout"}
{"timestamp":"2026-07-05T12:17:05.430993Z","level":"info","event":"+---+--------------------+---------+---+----+---+-----+----+-----+-----+-----+---+---+---+-----------+","logger":"task.stdout"}
{"timestamp":"2026-07-05T12:17:05.431040Z","level":"info","event":"|  0|SR Tendulkar (INDIA)|1989-2012|463| 452| 41|18426|200*|44.83|21367|86.23| 49| 96| 20|       NULL|","logger":"task.stdout"}
{"timestamp":"2026-07-05T12:17:05.431082Z","level":"info","event":"|  1|KC Sangakkara (As...|2000-2015|404| 380| 41|14234| 169|41.98|18048|78.86| 25| 93| 15|       NULL|","logger":"task.stdout"}
{"timestamp":"2026-07-05T12:17:05.431124Z","level":"info","event":"+---+--------------------+---------+---+----+---+-----+----+-----+-----+-----+---+---+---+-----------+","logger":"task.stdout"}
{"timestamp":"2026-07-05T12:17:05.431178Z","level":"info","event":"only showing top 2 rows","logger":"task.stdout"}
{"timestamp":"2026-07-05T12:17:05.450859Z","level":"info","event":"Bronze Ingestion Success","logger":"task.stdout"}
{"timestamp":"2026-07-05T12:17:05.451180Z","level":"info","event":"Done. Returned value was: ","dag_id":"dag_data","map_index":-1,"task_id":"ingest_data_to_filesystem","ti_id":"019f3235-bf3a-7ec4-8479-e6036653f97e","run_id":"manual__2026-07-05T12:16:50.983665+00:00","try_number":1,"logger":"airflow.task.operators.airflow.providers.standard.decorators.python._PythonDecoratedOperator","filename":"python.py","lineno":233}
{"timestamp":"2026-07-05T12:17:05.451566Z","level":"info","event":"::group::Post Execute","dag_id":"dag_data","map_index":-1,"task_id":"ingest_data_to_filesystem","ti_id":"019f3235-bf3a-7ec4-8479-e6036653f97e","run_id":"manual__2026-07-05T12:16:50.983665+00:00","try_number":1,"logger":"task","filename":"task_runner.py","lineno":1288}
{"timestamp":"2026-07-05T12:17:05.451803Z","level":"info","event":"Pushing xcom","ti":"RuntimeTaskInstance(id=UUID('019f3235-bf3a-7ec4-8479-e6036653f97e'), task_id='ingest_data_to_filesystem', dag_id='dag_data', run_id='manual__2026-07-05T12:16:50.983665+00:00', try_number=1, dag_version_id=UUID('019f3235-608d-7e68-9413-1c64a2d48f0d'), map_index=-1, hostname='burugulas-macbook-air.local', context_carrier={'traceparent': '00-65e5e6800b16c4370dff9f48a5774dcd-8a3981996cf54d9f-01'}, task=<Task(_PythonDecoratedOperator): ingest_data_to_filesystem>, bundle_instance=LocalDagBundle(name=dags-folder), max_tries=0, start_date=datetime.datetime(2026, 7, 5, 12, 16, 58, 480766, tzinfo=datetime.timezone.utc), end_date=None, state=<TaskInstanceState.RUNNING: 'running'>, is_mapped=False, rendered_map_index=None, sentry_integration='')","dag_id":"dag_data","map_index":-1,"task_id":"ingest_data_to_filesystem","ti_id":"019f3235-bf3a-7ec4-8479-e6036653f97e","run_id":"manual__2026-07-05T12:16:50.983665+00:00","try_number":1,"logger":"task","filename":"task_runner.py","lineno":1791}
{"timestamp":"2026-07-05T12:17:05.465002Z","level":"info","event":"::endgroup::","dag_id":"dag_data","map_index":-1,"task_id":"ingest_data_to_filesystem","ti_id":"019f3235-bf3a-7ec4-8479-e6036653f97e","run_id":"manual__2026-07-05T12:16:50.983665+00:00","try_number":1,"logger":"task","filename":"task_runner.py","lineno":1896}
