{"timestamp":"2026-07-04T10:51:46.368171Z","level":"info","event":"2026-07-04T10:51:46.368052Z [info     ] ::group::Pre Execute           [task] loc=task_runner.py:1926","logger":"task.stdout"}
{"timestamp":"2026-07-04T10:51:46.449649Z","level":"info","event":"setup plugin alembic.autogenerate.schemas","logger":"alembic.runtime.plugins","map_index":-1,"run_id":"manual__2026-07-04T10:51:33.027316+00:00","ti_id":"019f2cc1-4b30-78c8-baca-c95739f7e2b4","dag_id":"dag_data","try_number":1,"task_id":"transform_data_from_filesystem","filename":"plugins.py","lineno":37}
{"timestamp":"2026-07-04T10:51:46.449730Z","level":"info","event":"setup plugin alembic.autogenerate.tables","logger":"alembic.runtime.plugins","map_index":-1,"run_id":"manual__2026-07-04T10:51:33.027316+00:00","ti_id":"019f2cc1-4b30-78c8-baca-c95739f7e2b4","dag_id":"dag_data","try_number":1,"task_id":"transform_data_from_filesystem","filename":"plugins.py","lineno":37}
{"timestamp":"2026-07-04T10:51:46.449762Z","level":"info","event":"setup plugin alembic.autogenerate.types","logger":"alembic.runtime.plugins","map_index":-1,"run_id":"manual__2026-07-04T10:51:33.027316+00:00","ti_id":"019f2cc1-4b30-78c8-baca-c95739f7e2b4","dag_id":"dag_data","try_number":1,"task_id":"transform_data_from_filesystem","filename":"plugins.py","lineno":37}
{"timestamp":"2026-07-04T10:51:46.449786Z","level":"info","event":"setup plugin alembic.autogenerate.constraints","logger":"alembic.runtime.plugins","map_index":-1,"run_id":"manual__2026-07-04T10:51:33.027316+00:00","ti_id":"019f2cc1-4b30-78c8-baca-c95739f7e2b4","dag_id":"dag_data","try_number":1,"task_id":"transform_data_from_filesystem","filename":"plugins.py","lineno":37}
{"timestamp":"2026-07-04T10:51:46.449806Z","level":"info","event":"setup plugin alembic.autogenerate.defaults","logger":"alembic.runtime.plugins","map_index":-1,"run_id":"manual__2026-07-04T10:51:33.027316+00:00","ti_id":"019f2cc1-4b30-78c8-baca-c95739f7e2b4","dag_id":"dag_data","try_number":1,"task_id":"transform_data_from_filesystem","filename":"plugins.py","lineno":37}
{"timestamp":"2026-07-04T10:51:46.449827Z","level":"info","event":"setup plugin alembic.autogenerate.comments","logger":"alembic.runtime.plugins","map_index":-1,"run_id":"manual__2026-07-04T10:51:33.027316+00:00","ti_id":"019f2cc1-4b30-78c8-baca-c95739f7e2b4","dag_id":"dag_data","try_number":1,"task_id":"transform_data_from_filesystem","filename":"plugins.py","lineno":37}
{"timestamp":"2026-07-04T10:51:46.489700Z","level":"info","event":"DAG bundles loaded: dags-folder","map_index":-1,"run_id":"manual__2026-07-04T10:51:33.027316+00:00","ti_id":"019f2cc1-4b30-78c8-baca-c95739f7e2b4","dag_id":"dag_data","try_number":1,"task_id":"transform_data_from_filesystem","logger":"airflow.dag_processing.bundles.manager.DagBundlesManager","filename":"manager.py","lineno":209}
{"timestamp":"2026-07-04T10:51:46.489911Z","level":"info","event":"Filling up the DagBag from /Users/burugula.sasank/airflow/dags/etl_scheduler.py","map_index":-1,"run_id":"manual__2026-07-04T10:51:33.027316+00:00","ti_id":"019f2cc1-4b30-78c8-baca-c95739f7e2b4","dag_id":"dag_data","try_number":1,"task_id":"transform_data_from_filesystem","logger":"airflow.dag_processing.dagbag.BundleDagBag","filename":"dagbag.py","lineno":469}
{"timestamp":"2026-07-04T10:51:46.521564Z","level":"warning","event":"The `airflow.decorators.task` attribute is deprecated. Please use `'airflow.sdk.task'`.","category":"UserWarning","filename":"/Users/burugula.sasank/airflow/dags/etl_scheduler.py","lineno":1,"map_index":-1,"run_id":"manual__2026-07-04T10:51:33.027316+00:00","ti_id":"019f2cc1-4b30-78c8-baca-c95739f7e2b4","dag_id":"dag_data","try_number":1,"task_id":"transform_data_from_filesystem","logger":"py.warnings"}
{"timestamp":"2026-07-04T10:51:46.521622Z","level":"warning","event":"The `airflow.decorators.dag` attribute is deprecated. Please use `'airflow.sdk.dag'`.","category":"UserWarning","filename":"/Users/burugula.sasank/airflow/dags/etl_scheduler.py","lineno":1,"map_index":-1,"run_id":"manual__2026-07-04T10:51:33.027316+00:00","ti_id":"019f2cc1-4b30-78c8-baca-c95739f7e2b4","dag_id":"dag_data","try_number":1,"task_id":"transform_data_from_filesystem","logger":"py.warnings"}
{"timestamp":"2026-07-04T10:51:46.521646Z","level":"warning","event":"The `airflow.hooks.base.BaseHook` attribute is deprecated. Please use `'airflow.sdk.bases.hook.BaseHook'`.","category":"UserWarning","filename":"/Users/burugula.sasank/airflow/dags/etl_scheduler.py","lineno":2,"map_index":-1,"run_id":"manual__2026-07-04T10:51:33.027316+00:00","ti_id":"019f2cc1-4b30-78c8-baca-c95739f7e2b4","dag_id":"dag_data","try_number":1,"task_id":"transform_data_from_filesystem","logger":"py.warnings"}
{"timestamp":"2026-07-04T10:51:46.534390Z","level":"info","event":"::endgroup::","map_index":-1,"run_id":"manual__2026-07-04T10:51:33.027316+00:00","ti_id":"019f2cc1-4b30-78c8-baca-c95739f7e2b4","dag_id":"dag_data","try_number":1,"task_id":"transform_data_from_filesystem","logger":"task","filename":"task_runner.py","lineno":1727}
{"timestamp":"2026-07-04T10:51:46.615718Z","level":"error","event":"/Library/Frameworks/Python.framework/Versions/3.14/lib/python3.14/site-packages/pyspark/sql/udf.py:134: UserWarning: Cannot infer the eval type from type hints.","logger":"task.stderr"}
{"timestamp":"2026-07-04T10:51:46.615809Z","level":"error","event":"  warnings.warn(\"Cannot infer the eval type from type hints. \", UserWarning)","logger":"task.stderr"}
{"timestamp":"2026-07-04T10:51:46.730100Z","level":"error","event":"WARNING: Using incubator modules: jdk.incubator.vector","logger":"task.stderr"}
{"timestamp":"2026-07-04T10:51:47.032904Z","level":"error","event":"Using Spark's default log4j profile: org/apache/spark/log4j2-defaults.properties","logger":"task.stderr"}
{"timestamp":"2026-07-04T10:51:47.039019Z","level":"error","event":"26/07/04 16:21:47 WARN Utils: Your hostname, Burugulas-MacBook-Air.local, resolves to a loopback address: 127.0.0.1; using 192.168.0.107 instead (on interface en0)","logger":"task.stderr"}
{"timestamp":"2026-07-04T10:51:47.040080Z","level":"error","event":"26/07/04 16:21:47 WARN Utils: Set SPARK_LOCAL_IP if you need to bind to another address","logger":"task.stderr"}
{"timestamp":"2026-07-04T10:51:47.104048Z","level":"error","event":":: loading settings :: url = jar:file:/Library/Frameworks/Python.framework/Versions/3.14/lib/python3.14/site-packages/pyspark/jars/ivy-2.5.3.jar!/org/apache/ivy/core/settings/ivysettings.xml","logger":"task.stderr"}
{"timestamp":"2026-07-04T10:51:47.135134Z","level":"error","event":"Ivy Default Cache set to: /Users/burugula.sasank/.ivy2.5.2/cache","logger":"task.stderr"}
{"timestamp":"2026-07-04T10:51:47.135259Z","level":"error","event":"The jars for the packages stored in: /Users/burugula.sasank/.ivy2.5.2/jars","logger":"task.stderr"}
{"timestamp":"2026-07-04T10:51:47.136412Z","level":"error","event":"org.postgresql#postgresql added as a dependency","logger":"task.stderr"}
{"timestamp":"2026-07-04T10:51:47.136653Z","level":"error","event":":: resolving dependencies :: org.apache.spark#spark-submit-parent-0982f0c4-b6c3-4588-ac37-66e86acb9d48;1.0","logger":"task.stderr"}
{"timestamp":"2026-07-04T10:51:47.136741Z","level":"error","event":"\tconfs: [default]","logger":"task.stderr"}
{"timestamp":"2026-07-04T10:51:47.175837Z","level":"error","event":"\tfound org.postgresql#postgresql;42.7.3 in central","logger":"task.stderr"}
{"timestamp":"2026-07-04T10:51:47.183627Z","level":"error","event":"\tfound org.checkerframework#checker-qual;3.42.0 in central","logger":"task.stderr"}
{"timestamp":"2026-07-04T10:51:47.189204Z","level":"error","event":":: resolution report :: resolve 50ms :: artifacts dl 3ms","logger":"task.stderr"}
{"timestamp":"2026-07-04T10:51:47.189374Z","level":"error","event":"\t:: modules in use:","logger":"task.stderr"}
{"timestamp":"2026-07-04T10:51:47.189431Z","level":"error","event":"\torg.checkerframework#checker-qual;3.42.0 from central in [default]","logger":"task.stderr"}
{"timestamp":"2026-07-04T10:51:47.189458Z","level":"error","event":"\torg.postgresql#postgresql;42.7.3 from central in [default]","logger":"task.stderr"}
{"timestamp":"2026-07-04T10:51:47.189480Z","level":"error","event":"\t---------------------------------------------------------------------","logger":"task.stderr"}
{"timestamp":"2026-07-04T10:51:47.189505Z","level":"error","event":"\t|                  |            modules            ||   artifacts   |","logger":"task.stderr"}
{"timestamp":"2026-07-04T10:51:47.189524Z","level":"error","event":"\t|       conf       | number| search|dwnlded|evicted|| number|dwnlded|","logger":"task.stderr"}
{"timestamp":"2026-07-04T10:51:47.189542Z","level":"error","event":"\t---------------------------------------------------------------------","logger":"task.stderr"}
{"timestamp":"2026-07-04T10:51:47.189561Z","level":"error","event":"\t|      default     |   2   |   0   |   0   |   0   ||   2   |   0   |","logger":"task.stderr"}
{"timestamp":"2026-07-04T10:51:47.189607Z","level":"error","event":"\t---------------------------------------------------------------------","logger":"task.stderr"}
{"timestamp":"2026-07-04T10:51:47.190382Z","level":"error","event":":: retrieving :: org.apache.spark#spark-submit-parent-0982f0c4-b6c3-4588-ac37-66e86acb9d48","logger":"task.stderr"}
{"timestamp":"2026-07-04T10:51:47.190480Z","level":"error","event":"\tconfs: [default]","logger":"task.stderr"}
{"timestamp":"2026-07-04T10:51:47.192183Z","level":"error","event":"\t0 artifacts copied, 2 already retrieved (0kB/2ms)","logger":"task.stderr"}
{"timestamp":"2026-07-04T10:51:47.264926Z","level":"error","event":"26/07/04 16:21:47 WARN NativeCodeLoader: Unable to load native-hadoop library for your platform... using builtin-java classes where applicable","logger":"task.stderr"}
{"timestamp":"2026-07-04T10:51:47.313113Z","level":"error","event":"Using Spark's default log4j profile: org/apache/spark/log4j2-defaults.properties","logger":"task.stderr"}
{"timestamp":"2026-07-04T10:51:47.313249Z","level":"error","event":"Setting default log level to \"WARN\".","logger":"task.stderr"}
{"timestamp":"2026-07-04T10:51:47.313279Z","level":"error","event":"To adjust logging level use sc.setLogLevel(newLevel). For SparkR, use setLogLevel(newLevel).","logger":"task.stderr"}
{"timestamp":"2026-07-04T10:51:50.384742Z","level":"error","event":"26/07/04 16:21:50 WARN SparkStringUtils: Truncated the string representation of a plan since it was too large. This behavior can be adjusted by setting 'spark.sql.debug.maxToStringFields'.","logger":"task.stderr"}
{"timestamp":"2026-07-04T10:51:54.033051Z","level":"info","event":".....Connection with the database is successfull......","logger":"task.stdout"}
{"timestamp":"2026-07-04T10:51:54.033196Z","level":"info","event":".....Erased stale materialized views......","logger":"task.stdout"}
{"timestamp":"2026-07-04T10:51:54.033229Z","level":"info","event":"+-----------+-----------+------------+--------------+--------------+--------+----+-------------+-------+-----------+-----------+--------+-------+-----+---------------+---------------+------+","logger":"task.stdout"}
{"timestamp":"2026-07-04T10:51:54.033253Z","level":"info","event":"|  full_name|    country|years_active|matches_played|innings_played|not_outs|Runs|highest_score|average|balls_faced|strike_rate|hundreds|fifties|ducks|number_of_fours|number_of_sixes|format|","logger":"task.stdout"}
{"timestamp":"2026-07-04T10:51:54.033273Z","level":"info","event":"+-----------+-----------+------------+--------------+--------------+--------+----+-------------+-------+-----------+-----------+--------+-------+-----+---------------+---------------+------+","logger":"task.stdout"}
{"timestamp":"2026-07-04T10:51:54.033295Z","level":"info","event":"|LMP Simmons|West Indies|          12|            49|            48|       7| 990|           82|  24.14|        848|     116.74|       0|      6|    6|             92|             37|   T20|","logger":"task.stdout"}
{"timestamp":"2026-07-04T10:51:54.033315Z","level":"info","event":"+-----------+-----------+------------+--------------+--------------+--------+----+-------------+-------+-----------+-----------+--------+-------+-----+---------------+---------------+------+","logger":"task.stdout"}
{"timestamp":"2026-07-04T10:51:54.033347Z","level":"info","event":"only showing top 1 row","logger":"task.stdout"}
{"timestamp":"2026-07-04T10:51:54.033369Z","level":"info","event":"+---------+-------+------------+--------------+--------------+--------+----+-------------+-------+--------+-------+-----+------+","logger":"task.stdout"}
{"timestamp":"2026-07-04T10:51:54.033388Z","level":"info","event":"|full_name|country|years_active|matches_played|innings_played|not_outs|Runs|highest_score|average|hundreds|fifties|ducks|format|","logger":"task.stdout"}
{"timestamp":"2026-07-04T10:51:54.033407Z","level":"info","event":"+---------+-------+------------+--------------+--------------+--------+----+-------------+-------+--------+-------+-----+------+","logger":"task.stdout"}
{"timestamp":"2026-07-04T10:51:54.033424Z","level":"info","event":"| DB Close|England|          27|            22|            37|       2| 887|           70|  25.34|       0|      4|    3|  Test|","logger":"task.stdout"}
{"timestamp":"2026-07-04T10:51:54.033444Z","level":"info","event":"+---------+-------+------------+--------------+--------------+--------+----+-------------+-------+--------+-------+-----+------+","logger":"task.stdout"}
{"timestamp":"2026-07-04T10:51:54.033461Z","level":"info","event":"only showing top 1 row","logger":"task.stdout"}
{"timestamp":"2026-07-04T10:51:54.033478Z","level":"info","event":"+---------+-----------+------------+--------------+--------------+-----+----+-------+----+-------+-------+-----------+-----------------+-----------------+------+","logger":"task.stdout"}
{"timestamp":"2026-07-04T10:51:54.033496Z","level":"info","event":"|full_name|    country|years_active|matches_played|innings_played|Balls|Runs|wickets| BBI|average|economy|strike_rate|four_wicket_hauls|five_wicket_hauls|format|","logger":"task.stdout"}
{"timestamp":"2026-07-04T10:51:54.033514Z","level":"info","event":"+---------+-----------+------------+--------------+--------------+-----+----+-------+----+-------+-------+-----------+-----------------+-----------------+------+","logger":"task.stdout"}
{"timestamp":"2026-07-04T10:51:54.033532Z","level":"info","event":"|R Dhanraj|West Indies|           1|             6|             5|  264| 170|     10|4/26|   17.0|   3.86|       26.4|                1|                0|   ODI|","logger":"task.stdout"}
{"timestamp":"2026-07-04T10:51:54.033550Z","level":"info","event":"+---------+-----------+------------+--------------+--------------+-----+----+-------+----+-------+-------+-----------+-----------------+-----------------+------+","logger":"task.stdout"}
{"timestamp":"2026-07-04T10:51:54.033567Z","level":"info","event":"only showing top 1 row","logger":"task.stdout"}
{"timestamp":"2026-07-04T10:51:54.033584Z","level":"info","event":"+-------------------+--------+------------+--------------+--------------+-----+-----------------+----+-------+----+-------+-------+-----------+-----------------+-----------------+------+","logger":"task.stdout"}
{"timestamp":"2026-07-04T10:51:54.033602Z","level":"info","event":"|          full_name| country|years_active|matches_played|innings_played|Overs|number_of_maidens|Runs|wickets| BBI|average|economy|strike_rate|four_wicket_hauls|five_wicket_hauls|format|","logger":"task.stdout"}
{"timestamp":"2026-07-04T10:51:54.033619Z","level":"info","event":"+-------------------+--------+------------+--------------+--------------+-----+-----------------+----+-------+----+-------+-------+-----------+-----------------+-----------------+------+","logger":"task.stdout"}
{"timestamp":"2026-07-04T10:51:54.033636Z","level":"info","event":"|Shaheen Shah Afridi|Pakistan|           1|            10|            10|  228|                0| 288|     14|3/20|  20.57|   7.57|       16.2|                0|                0|   T20|","logger":"task.stdout"}
{"timestamp":"2026-07-04T10:51:54.033654Z","level":"info","event":"+-------------------+--------+------------+--------------+--------------+-----+-----------------+----+-------+----+-------+-------+-----------+-----------------+-----------------+------+","logger":"task.stdout"}
{"timestamp":"2026-07-04T10:51:54.033675Z","level":"info","event":"only showing top 1 row","logger":"task.stdout"}
{"timestamp":"2026-07-04T10:51:54.033693Z","level":"info","event":"+----------------+-------+------------+--------------+--------------+-----+----+-------+----+------+-------+-------+-----------+-----------------+---+------+","logger":"task.stdout"}
{"timestamp":"2026-07-04T10:51:54.033711Z","level":"info","event":"|       full_name|country|years_active|matches_played|innings_played|Balls|Runs|wickets| BBI|   BBM|average|economy|strike_rate|five_wicket_hauls| 10|format|","logger":"task.stdout"}
{"timestamp":"2026-07-04T10:51:54.033728Z","level":"info","event":"+----------------+-------+------------+--------------+--------------+-----+----+-------+----+------+-------+-------+-----------+-----------------+---+------+","logger":"task.stdout"}
{"timestamp":"2026-07-04T10:51:54.033796Z","level":"info","event":"|BS Chandrasekhar|  India|          15|            58|            97|15963|7199|    242|8/79|12/104|  29.74|    2.7|       65.9|               16|  2|  Test|","logger":"task.stdout"}
{"timestamp":"2026-07-04T10:51:54.033816Z","level":"info","event":"+----------------+-------+------------+--------------+--------------+-----+----+-------+----+------+-------+-------+-----------+-----------------+---+------+","logger":"task.stdout"}
{"timestamp":"2026-07-04T10:51:54.033833Z","level":"info","event":"only showing top 1 row","logger":"task.stdout"}
{"timestamp":"2026-07-04T10:51:54.033851Z","level":"info","event":"+---------+-------+------------+--------------+--------------+----------+-------+---------+-------------+------+","logger":"task.stdout"}
{"timestamp":"2026-07-04T10:51:54.033868Z","level":"info","event":"|full_name|country|years_active|matches_played|innings_played|dismissals|catches|stumpings|catch_wickets|format|","logger":"task.stdout"}
{"timestamp":"2026-07-04T10:51:54.033885Z","level":"info","event":"+---------+-------+------------+--------------+--------------+----------+-------+---------+-------------+------+","logger":"task.stdout"}
{"timestamp":"2026-07-04T10:51:54.033901Z","level":"info","event":"|  V Kohli|  India|          11|           242|           240|       124|    124|        0|            0|   ODI|","logger":"task.stdout"}
{"timestamp":"2026-07-04T10:51:54.033918Z","level":"info","event":"+---------+-------+------------+--------------+--------------+----------+-------+---------+-------------+------+","logger":"task.stdout"}
{"timestamp":"2026-07-04T10:51:54.033935Z","level":"info","event":"only showing top 1 row","logger":"task.stdout"}
{"timestamp":"2026-07-04T10:51:54.033952Z","level":"info","event":"+------------+----------+------------+--------------+--------------+----------+-------+---------+-------------+------+","logger":"task.stdout"}
{"timestamp":"2026-07-04T10:51:54.033969Z","level":"info","event":"|   full_name|   country|years_active|matches_played|innings_played|dismissals|catches|stumpings|catch_wickets|format|","logger":"task.stdout"}
{"timestamp":"2026-07-04T10:51:54.033986Z","level":"info","event":"+------------+----------+------------+--------------+--------------+----------+-------+---------+-------------+------+","logger":"task.stdout"}
{"timestamp":"2026-07-04T10:51:54.034003Z","level":"info","event":"|Ziaur Rahman|Bangladesh|           2|            14|            14|         4|      4|        0|            0|   T20|","logger":"task.stdout"}
{"timestamp":"2026-07-04T10:51:54.034020Z","level":"info","event":"+------------+----------+------------+--------------+--------------+----------+-------+---------+-------------+------+","logger":"task.stdout"}
{"timestamp":"2026-07-04T10:51:54.034038Z","level":"info","event":"only showing top 1 row","logger":"task.stdout"}
{"timestamp":"2026-07-04T10:51:54.034054Z","level":"info","event":"+---------+---------+------------+--------------+--------------+----------+-------+---------+-------------+------+","logger":"task.stdout"}
{"timestamp":"2026-07-04T10:51:54.034071Z","level":"info","event":"|full_name|  country|years_active|matches_played|innings_played|dismissals|catches|stumpings|catch_wickets|format|","logger":"task.stdout"}
{"timestamp":"2026-07-04T10:51:54.034091Z","level":"info","event":"+---------+---------+------------+--------------+--------------+----------+-------+---------+-------------+------+","logger":"task.stdout"}
{"timestamp":"2026-07-04T10:51:54.034107Z","level":"info","event":"|BN Jarman|Australia|          10|            19|            36|        54|     50|        4|           50|  Test|","logger":"task.stdout"}
{"timestamp":"2026-07-04T10:51:54.034124Z","level":"info","event":"+---------+---------+------------+--------------+--------------+----------+-------+---------+-------------+------+","logger":"task.stdout"}
{"timestamp":"2026-07-04T10:51:54.034141Z","level":"info","event":"only showing top 1 row","logger":"task.stdout"}
{"timestamp":"2026-07-04T10:51:54.050797Z","level":"info","event":"Silver Ingestion Success with returned val:CompletedProcess(args=['python3', '/Users/burugula.sasank/airflow/dags/spark/notebooks/silver_layer/data_transformations.py'], returncode=0)","logger":"task.stdout"}
{"timestamp":"2026-07-04T10:51:54.050896Z","level":"info","event":"Done. Returned value was: ","map_index":-1,"run_id":"manual__2026-07-04T10:51:33.027316+00:00","ti_id":"019f2cc1-4b30-78c8-baca-c95739f7e2b4","dag_id":"dag_data","try_number":1,"task_id":"transform_data_from_filesystem","logger":"airflow.task.operators.airflow.providers.standard.decorators.python._PythonDecoratedOperator","filename":"python.py","lineno":233}
{"timestamp":"2026-07-04T10:51:54.051096Z","level":"info","event":"::group::Post Execute","map_index":-1,"run_id":"manual__2026-07-04T10:51:33.027316+00:00","ti_id":"019f2cc1-4b30-78c8-baca-c95739f7e2b4","dag_id":"dag_data","try_number":1,"task_id":"transform_data_from_filesystem","logger":"task","filename":"task_runner.py","lineno":1288}
{"timestamp":"2026-07-04T10:51:54.051222Z","level":"info","event":"Pushing xcom","ti":"RuntimeTaskInstance(id=UUID('019f2cc1-4b30-78c8-baca-c95739f7e2b4'), task_id='transform_data_from_filesystem', dag_id='dag_data', run_id='manual__2026-07-04T10:51:33.027316+00:00', try_number=1, dag_version_id=UUID('019f2c09-88cb-79f1-ada2-a2bc16a5412d'), map_index=-1, hostname='burugulas-macbook-air.local', context_carrier={'traceparent': '00-9b7163b80b67ac6f851a055dd43469ea-0d6ef9637e09aa99-01'}, task=<Task(_PythonDecoratedOperator): transform_data_from_filesystem>, bundle_instance=LocalDagBundle(name=dags-folder), max_tries=0, start_date=datetime.datetime(2026, 7, 4, 10, 51, 45, 953666, tzinfo=datetime.timezone.utc), end_date=None, state=<TaskInstanceState.RUNNING: 'running'>, is_mapped=False, rendered_map_index=None, sentry_integration='')","map_index":-1,"run_id":"manual__2026-07-04T10:51:33.027316+00:00","ti_id":"019f2cc1-4b30-78c8-baca-c95739f7e2b4","dag_id":"dag_data","try_number":1,"task_id":"transform_data_from_filesystem","logger":"task","filename":"task_runner.py","lineno":1791}
{"timestamp":"2026-07-04T10:51:54.063168Z","level":"info","event":"::endgroup::","map_index":-1,"run_id":"manual__2026-07-04T10:51:33.027316+00:00","ti_id":"019f2cc1-4b30-78c8-baca-c95739f7e2b4","dag_id":"dag_data","try_number":1,"task_id":"transform_data_from_filesystem","logger":"task","filename":"task_runner.py","lineno":1896}
{"timestamp":"2026-07-04T10:51:54.505493Z","level":"error","event":"\r[Stage 9:>                                                          (0 + 1) / 1]","logger":"task.stderr"}
