{"timestamp":"2026-07-04T07:31:51.375332Z","level":"info","event":"2026-07-04T07:31:51.375164Z [info     ] ::group::Pre Execute           [task] loc=task_runner.py:1926","logger":"task.stdout"}
{"timestamp":"2026-07-04T07:31:51.454839Z","level":"info","event":"setup plugin alembic.autogenerate.schemas","logger":"alembic.runtime.plugins","task_id":"ingest_data_to_filesystem","map_index":-1,"try_number":1,"dag_id":"dag_data","ti_id":"019f2c0a-5c16-7aaa-8a01-6972d7646dcd","run_id":"manual__2026-07-04T07:31:44.257062+00:00","filename":"plugins.py","lineno":37}
{"timestamp":"2026-07-04T07:31:51.454919Z","level":"info","event":"setup plugin alembic.autogenerate.tables","logger":"alembic.runtime.plugins","task_id":"ingest_data_to_filesystem","map_index":-1,"try_number":1,"dag_id":"dag_data","ti_id":"019f2c0a-5c16-7aaa-8a01-6972d7646dcd","run_id":"manual__2026-07-04T07:31:44.257062+00:00","filename":"plugins.py","lineno":37}
{"timestamp":"2026-07-04T07:31:51.454951Z","level":"info","event":"setup plugin alembic.autogenerate.types","logger":"alembic.runtime.plugins","task_id":"ingest_data_to_filesystem","map_index":-1,"try_number":1,"dag_id":"dag_data","ti_id":"019f2c0a-5c16-7aaa-8a01-6972d7646dcd","run_id":"manual__2026-07-04T07:31:44.257062+00:00","filename":"plugins.py","lineno":37}
{"timestamp":"2026-07-04T07:31:51.454975Z","level":"info","event":"setup plugin alembic.autogenerate.constraints","logger":"alembic.runtime.plugins","task_id":"ingest_data_to_filesystem","map_index":-1,"try_number":1,"dag_id":"dag_data","ti_id":"019f2c0a-5c16-7aaa-8a01-6972d7646dcd","run_id":"manual__2026-07-04T07:31:44.257062+00:00","filename":"plugins.py","lineno":37}
{"timestamp":"2026-07-04T07:31:51.454996Z","level":"info","event":"setup plugin alembic.autogenerate.defaults","logger":"alembic.runtime.plugins","task_id":"ingest_data_to_filesystem","map_index":-1,"try_number":1,"dag_id":"dag_data","ti_id":"019f2c0a-5c16-7aaa-8a01-6972d7646dcd","run_id":"manual__2026-07-04T07:31:44.257062+00:00","filename":"plugins.py","lineno":37}
{"timestamp":"2026-07-04T07:31:51.455017Z","level":"info","event":"setup plugin alembic.autogenerate.comments","logger":"alembic.runtime.plugins","task_id":"ingest_data_to_filesystem","map_index":-1,"try_number":1,"dag_id":"dag_data","ti_id":"019f2c0a-5c16-7aaa-8a01-6972d7646dcd","run_id":"manual__2026-07-04T07:31:44.257062+00:00","filename":"plugins.py","lineno":37}
{"timestamp":"2026-07-04T07:31:51.493975Z","level":"info","event":"DAG bundles loaded: dags-folder","task_id":"ingest_data_to_filesystem","map_index":-1,"try_number":1,"dag_id":"dag_data","ti_id":"019f2c0a-5c16-7aaa-8a01-6972d7646dcd","run_id":"manual__2026-07-04T07:31:44.257062+00:00","logger":"airflow.dag_processing.bundles.manager.DagBundlesManager","filename":"manager.py","lineno":209}
{"timestamp":"2026-07-04T07:31:51.494162Z","level":"info","event":"Filling up the DagBag from /Users/burugula.sasank/airflow/dags/etl_scheduler.py","task_id":"ingest_data_to_filesystem","map_index":-1,"try_number":1,"dag_id":"dag_data","ti_id":"019f2c0a-5c16-7aaa-8a01-6972d7646dcd","run_id":"manual__2026-07-04T07:31:44.257062+00:00","logger":"airflow.dag_processing.dagbag.BundleDagBag","filename":"dagbag.py","lineno":469}
{"timestamp":"2026-07-04T07:31:51.525082Z","level":"warning","event":"The `airflow.decorators.task` attribute is deprecated. Please use `'airflow.sdk.task'`.","category":"UserWarning","filename":"/Users/burugula.sasank/airflow/dags/etl_scheduler.py","lineno":1,"task_id":"ingest_data_to_filesystem","map_index":-1,"try_number":1,"dag_id":"dag_data","ti_id":"019f2c0a-5c16-7aaa-8a01-6972d7646dcd","run_id":"manual__2026-07-04T07:31:44.257062+00:00","logger":"py.warnings"}
{"timestamp":"2026-07-04T07:31:51.525132Z","level":"warning","event":"The `airflow.decorators.dag` attribute is deprecated. Please use `'airflow.sdk.dag'`.","category":"UserWarning","filename":"/Users/burugula.sasank/airflow/dags/etl_scheduler.py","lineno":1,"task_id":"ingest_data_to_filesystem","map_index":-1,"try_number":1,"dag_id":"dag_data","ti_id":"019f2c0a-5c16-7aaa-8a01-6972d7646dcd","run_id":"manual__2026-07-04T07:31:44.257062+00:00","logger":"py.warnings"}
{"timestamp":"2026-07-04T07:31:51.525155Z","level":"warning","event":"The `airflow.hooks.base.BaseHook` attribute is deprecated. Please use `'airflow.sdk.bases.hook.BaseHook'`.","category":"UserWarning","filename":"/Users/burugula.sasank/airflow/dags/etl_scheduler.py","lineno":2,"task_id":"ingest_data_to_filesystem","map_index":-1,"try_number":1,"dag_id":"dag_data","ti_id":"019f2c0a-5c16-7aaa-8a01-6972d7646dcd","run_id":"manual__2026-07-04T07:31:44.257062+00:00","logger":"py.warnings"}
{"timestamp":"2026-07-04T07:31:51.537272Z","level":"info","event":"::endgroup::","task_id":"ingest_data_to_filesystem","map_index":-1,"try_number":1,"dag_id":"dag_data","ti_id":"019f2c0a-5c16-7aaa-8a01-6972d7646dcd","run_id":"manual__2026-07-04T07:31:44.257062+00:00","logger":"task","filename":"task_runner.py","lineno":1727}
{"timestamp":"2026-07-04T07:31:51.839132Z","level":"error","event":"WARNING: Using incubator modules: jdk.incubator.vector","logger":"task.stderr"}
{"timestamp":"2026-07-04T07:31:52.250550Z","level":"error","event":"Using Spark's default log4j profile: org/apache/spark/log4j2-defaults.properties","logger":"task.stderr"}
{"timestamp":"2026-07-04T07:31:52.256532Z","level":"error","event":"26/07/04 13:01:52 WARN Utils: Your hostname, Burugulas-MacBook-Air.local, resolves to a loopback address: 127.0.0.1; using 192.168.0.107 instead (on interface en0)","logger":"task.stderr"}
{"timestamp":"2026-07-04T07:31:52.257539Z","level":"error","event":"26/07/04 13:01:52 WARN Utils: Set SPARK_LOCAL_IP if you need to bind to another address","logger":"task.stderr"}
{"timestamp":"2026-07-04T07:31:52.382470Z","level":"error","event":"Using Spark's default log4j profile: org/apache/spark/log4j2-defaults.properties","logger":"task.stderr"}
{"timestamp":"2026-07-04T07:31:52.382609Z","level":"error","event":"Setting default log level to \"WARN\".","logger":"task.stderr"}
{"timestamp":"2026-07-04T07:31:52.382638Z","level":"error","event":"To adjust logging level use sc.setLogLevel(newLevel). For SparkR, use setLogLevel(newLevel).","logger":"task.stderr"}
{"timestamp":"2026-07-04T07:31:52.558122Z","level":"error","event":"26/07/04 13:01:52 WARN NativeCodeLoader: Unable to load native-hadoop library for your platform... using builtin-java classes where applicable","logger":"task.stderr"}
{"timestamp":"2026-07-04T07:31:55.716361Z","level":"error","event":"26/07/04 13:01:55 WARN CSVHeaderChecker: CSV header does not conform to the schema.","logger":"task.stderr"}
{"timestamp":"2026-07-04T07:31:55.716539Z","level":"error","event":" Header: , Player, Span, Mat, Inns, NO, Runs, HS, Ave, BF, SR, 100, 50, 0, Unnamed: 13","logger":"task.stderr"}
{"timestamp":"2026-07-04T07:31:55.716591Z","level":"error","event":" Schema: _c0, Player, Span, Mat, Inns, NO, Runs, HS, Ave, BF, SR, 100, 50, 0, Unnamed: 13","logger":"task.stderr"}
{"timestamp":"2026-07-04T07:31:55.716636Z","level":"error","event":"Expected: _c0 but found:","logger":"task.stderr"}
{"timestamp":"2026-07-04T07:31:55.716685Z","level":"error","event":"CSV file: file:///Users/burugula.sasank/airflow/dags/file_stores/api_dump/cric_data/Batting/ODI%20data.csv","logger":"task.stderr"}
{"timestamp":"2026-07-04T07:31:56.175735Z","level":"error","event":"26/07/04 13:01:56 WARN CSVHeaderChecker: CSV header does not conform to the schema.","logger":"task.stderr"}
{"timestamp":"2026-07-04T07:31:56.175953Z","level":"error","event":" Header: , Player, Span, Mat, Inns, NO, Runs, HS, Ave, BF, SR, 100, 50, 0, 4s, 6s, Unnamed: 15","logger":"task.stderr"}
{"timestamp":"2026-07-04T07:31:56.175995Z","level":"error","event":" Schema: _c0, Player, Span, Mat, Inns, NO, Runs, HS, Ave, BF, SR, 100, 50, 0, 4s, 6s, Unnamed: 15","logger":"task.stderr"}
{"timestamp":"2026-07-04T07:31:56.176020Z","level":"error","event":"Expected: _c0 but found:","logger":"task.stderr"}
{"timestamp":"2026-07-04T07:31:56.176042Z","level":"error","event":"CSV file: file:///Users/burugula.sasank/airflow/dags/file_stores/api_dump/cric_data/Batting/t20.csv","logger":"task.stderr"}
{"timestamp":"2026-07-04T07:31:56.305471Z","level":"error","event":"26/07/04 13:01:56 WARN CSVHeaderChecker: CSV header does not conform to the schema.","logger":"task.stderr"}
{"timestamp":"2026-07-04T07:31:56.305587Z","level":"error","event":" Header: , Player, Span, Mat, Inns, NO, Runs, HS, Ave, 100, 50, 0, Unnamed: 11","logger":"task.stderr"}
{"timestamp":"2026-07-04T07:31:56.305615Z","level":"error","event":" Schema: _c0, Player, Span, Mat, Inns, NO, Runs, HS, Ave, 100, 50, 0, Unnamed: 11","logger":"task.stderr"}
{"timestamp":"2026-07-04T07:31:56.305637Z","level":"error","event":"Expected: _c0 but found:","logger":"task.stderr"}
{"timestamp":"2026-07-04T07:31:56.305657Z","level":"error","event":"CSV file: file:///Users/burugula.sasank/airflow/dags/file_stores/api_dump/cric_data/Batting/test.csv","logger":"task.stderr"}
{"timestamp":"2026-07-04T07:31:56.435590Z","level":"error","event":"26/07/04 13:01:56 WARN CSVHeaderChecker: CSV header does not conform to the schema.","logger":"task.stderr"}
{"timestamp":"2026-07-04T07:31:56.435699Z","level":"error","event":" Header: , Player, Span, Mat, Inns, Balls, Runs, Wkts, BBI, Ave, Econ, SR, 4, 5, Unnamed: 13","logger":"task.stderr"}
{"timestamp":"2026-07-04T07:31:56.435728Z","level":"error","event":" Schema: _c0, Player, Span, Mat, Inns, Balls, Runs, Wkts, BBI, Ave, Econ, SR, 4, 5, Unnamed: 13","logger":"task.stderr"}
{"timestamp":"2026-07-04T07:31:56.435750Z","level":"error","event":"Expected: _c0 but found:","logger":"task.stderr"}
{"timestamp":"2026-07-04T07:31:56.435771Z","level":"error","event":"CSV file: file:///Users/burugula.sasank/airflow/dags/file_stores/api_dump/cric_data/Bowling/Bowling_ODI.csv","logger":"task.stderr"}
{"timestamp":"2026-07-04T07:31:56.577018Z","level":"error","event":"26/07/04 13:01:56 WARN CSVHeaderChecker: CSV header does not conform to the schema.","logger":"task.stderr"}
{"timestamp":"2026-07-04T07:31:56.577155Z","level":"error","event":" Header: , Player, Span, Mat, Inns, Overs, Mdns, Runs, Wkts, BBI, Ave, Econ, SR, 4, 5, Unnamed: 14","logger":"task.stderr"}
{"timestamp":"2026-07-04T07:31:56.577185Z","level":"error","event":" Schema: _c0, Player, Span, Mat, Inns, Overs, Mdns, Runs, Wkts, BBI, Ave, Econ, SR, 4, 5, Unnamed: 14","logger":"task.stderr"}
{"timestamp":"2026-07-04T07:31:56.577233Z","level":"error","event":"Expected: _c0 but found:","logger":"task.stderr"}
{"timestamp":"2026-07-04T07:31:56.577254Z","level":"error","event":"CSV file: file:///Users/burugula.sasank/airflow/dags/file_stores/api_dump/cric_data/Bowling/Bowling_t20.csv","logger":"task.stderr"}
{"timestamp":"2026-07-04T07:31:56.734874Z","level":"error","event":"26/07/04 13:01:56 WARN CSVHeaderChecker: CSV header does not conform to the schema.","logger":"task.stderr"}
{"timestamp":"2026-07-04T07:31:56.734986Z","level":"error","event":" Header: , Player, Span, Mat, Inns, Balls, Runs, Wkts, BBI, BBM, Ave, Econ, SR, 5, 10, Unnamed: 14","logger":"task.stderr"}
{"timestamp":"2026-07-04T07:31:56.735015Z","level":"error","event":" Schema: _c0, Player, Span, Mat, Inns, Balls, Runs, Wkts, BBI, BBM, Ave, Econ, SR, 5, 10, Unnamed: 14","logger":"task.stderr"}
{"timestamp":"2026-07-04T07:31:56.735035Z","level":"error","event":"Expected: _c0 but found:","logger":"task.stderr"}
{"timestamp":"2026-07-04T07:31:56.735056Z","level":"error","event":"CSV file: file:///Users/burugula.sasank/airflow/dags/file_stores/api_dump/cric_data/Bowling/Bowling_test.csv","logger":"task.stderr"}
{"timestamp":"2026-07-04T07:31:56.908639Z","level":"error","event":"26/07/04 13:01:56 WARN CSVHeaderChecker: CSV header does not conform to the schema.","logger":"task.stderr"}
{"timestamp":"2026-07-04T07:31:56.908745Z","level":"error","event":" Header: , Player, Span, Mat, Inns, Dis, Ct, St, Ct Wk, Ct Fi, MD, D/I, Unnamed: 11","logger":"task.stderr"}
{"timestamp":"2026-07-04T07:31:56.908773Z","level":"error","event":" Schema: _c0, Player, Span, Mat, Inns, Dis, Ct, St, Ct Wk, Ct Fi, MD, D/I, Unnamed: 11","logger":"task.stderr"}
{"timestamp":"2026-07-04T07:31:56.908795Z","level":"error","event":"Expected: _c0 but found:","logger":"task.stderr"}
{"timestamp":"2026-07-04T07:31:56.908821Z","level":"error","event":"CSV file: file:///Users/burugula.sasank/airflow/dags/file_stores/api_dump/cric_data/Fielding/Fielding_ODI.csv","logger":"task.stderr"}
{"timestamp":"2026-07-04T07:31:57.047046Z","level":"error","event":"26/07/04 13:01:57 WARN CSVHeaderChecker: CSV header does not conform to the schema.","logger":"task.stderr"}
{"timestamp":"2026-07-04T07:31:57.047149Z","level":"error","event":" Header: , Player, Span, Mat, Inns, Dis, Ct, St, Ct Wk, Ct Fi, MD, D/I, Unnamed: 11","logger":"task.stderr"}
{"timestamp":"2026-07-04T07:31:57.047177Z","level":"error","event":" Schema: _c0, Player, Span, Mat, Inns, Dis, Ct, St, Ct Wk, Ct Fi, MD, D/I, Unnamed: 11","logger":"task.stderr"}
{"timestamp":"2026-07-04T07:31:57.047199Z","level":"error","event":"Expected: _c0 but found:","logger":"task.stderr"}
{"timestamp":"2026-07-04T07:31:57.047219Z","level":"error","event":"CSV file: file:///Users/burugula.sasank/airflow/dags/file_stores/api_dump/cric_data/Fielding/Fielding_t20.csv","logger":"task.stderr"}
{"timestamp":"2026-07-04T07:31:57.187070Z","level":"error","event":"26/07/04 13:01:57 WARN CSVHeaderChecker: CSV header does not conform to the schema.","logger":"task.stderr"}
{"timestamp":"2026-07-04T07:31:57.187176Z","level":"error","event":" Header: , Player, Span, Mat, Inns, Dis, Ct, St, Ct Wk, Ct Fi, MD, D/I, Unnamed: 11","logger":"task.stderr"}
{"timestamp":"2026-07-04T07:31:57.187202Z","level":"error","event":" Schema: _c0, Player, Span, Mat, Inns, Dis, Ct, St, Ct Wk, Ct Fi, MD, D/I, Unnamed: 11","logger":"task.stderr"}
{"timestamp":"2026-07-04T07:31:57.187224Z","level":"error","event":"Expected: _c0 but found:","logger":"task.stderr"}
{"timestamp":"2026-07-04T07:31:57.187245Z","level":"error","event":"CSV file: file:///Users/burugula.sasank/airflow/dags/file_stores/api_dump/cric_data/Fielding/Fielding_test.csv","logger":"task.stderr"}
{"timestamp":"2026-07-04T07:31:57.254367Z","level":"error","event":"26/07/04 13:01:57 WARN CSVHeaderChecker: CSV header does not conform to the schema.","logger":"task.stderr"}
{"timestamp":"2026-07-04T07:31:57.254480Z","level":"error","event":" Header: , Player, Span, Mat, Inns, NO, Runs, HS, Ave, BF, SR, 100, 50, 0, Unnamed: 13","logger":"task.stderr"}
{"timestamp":"2026-07-04T07:31:57.254508Z","level":"error","event":" Schema: _c0, Player, Span, Mat, Inns, NO, Runs, HS, Ave, BF, SR, 100, 50, 0, Unnamed: 13","logger":"task.stderr"}
{"timestamp":"2026-07-04T07:31:57.254530Z","level":"error","event":"Expected: _c0 but found:","logger":"task.stderr"}
{"timestamp":"2026-07-04T07:31:57.254551Z","level":"error","event":"CSV file: file:///Users/burugula.sasank/airflow/dags/file_stores/api_dump/cric_data/Batting/ODI%20data.csv","logger":"task.stderr"}
{"timestamp":"2026-07-04T07:31:57.656681Z","level":"info","event":"Sample Data (ODI Batsmen):","logger":"task.stdout"}
{"timestamp":"2026-07-04T07:31:57.657092Z","level":"info","event":"+---+--------------------+---------+---+----+---+-----+----+-----+-----+-----+---+---+---+-----------+","logger":"task.stdout"}
{"timestamp":"2026-07-04T07:31:57.657206Z","level":"info","event":"|_c0|              Player|     Span|Mat|Inns| NO| Runs|  HS|  Ave|   BF|   SR|100| 50|  0|Unnamed: 13|","logger":"task.stdout"}
{"timestamp":"2026-07-04T07:31:57.657294Z","level":"info","event":"+---+--------------------+---------+---+----+---+-----+----+-----+-----+-----+---+---+---+-----------+","logger":"task.stdout"}
{"timestamp":"2026-07-04T07:31:57.657378Z","level":"info","event":"|  0|SR Tendulkar (INDIA)|1989-2012|463| 452| 41|18426|200*|44.83|21367|86.23| 49| 96| 20|       NULL|","logger":"task.stdout"}
{"timestamp":"2026-07-04T07:31:57.657461Z","level":"info","event":"|  1|KC Sangakkara (As...|2000-2015|404| 380| 41|14234| 169|41.98|18048|78.86| 25| 93| 15|       NULL|","logger":"task.stdout"}
{"timestamp":"2026-07-04T07:31:57.657545Z","level":"info","event":"+---+--------------------+---------+---+----+---+-----+----+-----+-----+-----+---+---+---+-----------+","logger":"task.stdout"}
{"timestamp":"2026-07-04T07:31:57.657658Z","level":"info","event":"only showing top 2 rows","logger":"task.stdout"}
{"timestamp":"2026-07-04T07:31:57.700114Z","level":"info","event":"Bronze Ingestion Success","logger":"task.stdout"}
{"timestamp":"2026-07-04T07:31:57.700366Z","level":"info","event":"Done. Returned value was: ","task_id":"ingest_data_to_filesystem","map_index":-1,"try_number":1,"dag_id":"dag_data","ti_id":"019f2c0a-5c16-7aaa-8a01-6972d7646dcd","run_id":"manual__2026-07-04T07:31:44.257062+00:00","logger":"airflow.task.operators.airflow.providers.standard.decorators.python._PythonDecoratedOperator","filename":"python.py","lineno":233}
{"timestamp":"2026-07-04T07:31:57.700642Z","level":"info","event":"::group::Post Execute","task_id":"ingest_data_to_filesystem","map_index":-1,"try_number":1,"dag_id":"dag_data","ti_id":"019f2c0a-5c16-7aaa-8a01-6972d7646dcd","run_id":"manual__2026-07-04T07:31:44.257062+00:00","logger":"task","filename":"task_runner.py","lineno":1288}
{"timestamp":"2026-07-04T07:31:57.700840Z","level":"info","event":"Pushing xcom","ti":"RuntimeTaskInstance(id=UUID('019f2c0a-5c16-7aaa-8a01-6972d7646dcd'), task_id='ingest_data_to_filesystem', dag_id='dag_data', run_id='manual__2026-07-04T07:31:44.257062+00:00', try_number=1, dag_version_id=UUID('019f2c09-88cb-79f1-ada2-a2bc16a5412d'), map_index=-1, hostname='burugulas-macbook-air.local', context_carrier={'traceparent': '00-e2b8a55f06531d05585a22e1ea93ba5b-573a83f9f2b86c4d-01'}, task=<Task(_PythonDecoratedOperator): ingest_data_to_filesystem>, bundle_instance=LocalDagBundle(name=dags-folder), max_tries=0, start_date=datetime.datetime(2026, 7, 4, 7, 31, 50, 955083, tzinfo=datetime.timezone.utc), end_date=None, state=<TaskInstanceState.RUNNING: 'running'>, is_mapped=False, rendered_map_index=None, sentry_integration='')","task_id":"ingest_data_to_filesystem","map_index":-1,"try_number":1,"dag_id":"dag_data","ti_id":"019f2c0a-5c16-7aaa-8a01-6972d7646dcd","run_id":"manual__2026-07-04T07:31:44.257062+00:00","logger":"task","filename":"task_runner.py","lineno":1791}
{"timestamp":"2026-07-04T07:31:57.710929Z","level":"info","event":"::endgroup::","task_id":"ingest_data_to_filesystem","map_index":-1,"try_number":1,"dag_id":"dag_data","ti_id":"019f2c0a-5c16-7aaa-8a01-6972d7646dcd","run_id":"manual__2026-07-04T07:31:44.257062+00:00","logger":"task","filename":"task_runner.py","lineno":1896}
