{"timestamp":"2026-07-04T12:16:12.516931Z","level":"info","event":"2026-07-04T12:16:12.516761Z [info     ] ::group::Pre Execute           [task] loc=task_runner.py:1926","logger":"task.stdout"}
{"timestamp":"2026-07-04T12:16:12.610364Z","level":"info","event":"setup plugin alembic.autogenerate.schemas","logger":"alembic.runtime.plugins","ti_id":"019f2d0e-9b5a-79b0-a50c-1597d8d0368b","task_id":"transform_data_from_filesystem","run_id":"manual__2026-07-04T12:15:59.820660+00:00","dag_id":"dag_data","try_number":1,"map_index":-1,"filename":"plugins.py","lineno":37}
{"timestamp":"2026-07-04T12:16:12.610451Z","level":"info","event":"setup plugin alembic.autogenerate.tables","logger":"alembic.runtime.plugins","ti_id":"019f2d0e-9b5a-79b0-a50c-1597d8d0368b","task_id":"transform_data_from_filesystem","run_id":"manual__2026-07-04T12:15:59.820660+00:00","dag_id":"dag_data","try_number":1,"map_index":-1,"filename":"plugins.py","lineno":37}
{"timestamp":"2026-07-04T12:16:12.610487Z","level":"info","event":"setup plugin alembic.autogenerate.types","logger":"alembic.runtime.plugins","ti_id":"019f2d0e-9b5a-79b0-a50c-1597d8d0368b","task_id":"transform_data_from_filesystem","run_id":"manual__2026-07-04T12:15:59.820660+00:00","dag_id":"dag_data","try_number":1,"map_index":-1,"filename":"plugins.py","lineno":37}
{"timestamp":"2026-07-04T12:16:12.610514Z","level":"info","event":"setup plugin alembic.autogenerate.constraints","logger":"alembic.runtime.plugins","ti_id":"019f2d0e-9b5a-79b0-a50c-1597d8d0368b","task_id":"transform_data_from_filesystem","run_id":"manual__2026-07-04T12:15:59.820660+00:00","dag_id":"dag_data","try_number":1,"map_index":-1,"filename":"plugins.py","lineno":37}
{"timestamp":"2026-07-04T12:16:12.610537Z","level":"info","event":"setup plugin alembic.autogenerate.defaults","logger":"alembic.runtime.plugins","ti_id":"019f2d0e-9b5a-79b0-a50c-1597d8d0368b","task_id":"transform_data_from_filesystem","run_id":"manual__2026-07-04T12:15:59.820660+00:00","dag_id":"dag_data","try_number":1,"map_index":-1,"filename":"plugins.py","lineno":37}
{"timestamp":"2026-07-04T12:16:12.610560Z","level":"info","event":"setup plugin alembic.autogenerate.comments","logger":"alembic.runtime.plugins","ti_id":"019f2d0e-9b5a-79b0-a50c-1597d8d0368b","task_id":"transform_data_from_filesystem","run_id":"manual__2026-07-04T12:15:59.820660+00:00","dag_id":"dag_data","try_number":1,"map_index":-1,"filename":"plugins.py","lineno":37}
{"timestamp":"2026-07-04T12:16:12.657926Z","level":"info","event":"DAG bundles loaded: dags-folder","ti_id":"019f2d0e-9b5a-79b0-a50c-1597d8d0368b","task_id":"transform_data_from_filesystem","run_id":"manual__2026-07-04T12:15:59.820660+00:00","dag_id":"dag_data","try_number":1,"map_index":-1,"logger":"airflow.dag_processing.bundles.manager.DagBundlesManager","filename":"manager.py","lineno":209}
{"timestamp":"2026-07-04T12:16:12.658295Z","level":"info","event":"Filling up the DagBag from /Users/burugula.sasank/airflow/dags/etl_scheduler.py","ti_id":"019f2d0e-9b5a-79b0-a50c-1597d8d0368b","task_id":"transform_data_from_filesystem","run_id":"manual__2026-07-04T12:15:59.820660+00:00","dag_id":"dag_data","try_number":1,"map_index":-1,"logger":"airflow.dag_processing.dagbag.BundleDagBag","filename":"dagbag.py","lineno":469}
{"timestamp":"2026-07-04T12:16:12.696741Z","level":"warning","event":"The `airflow.decorators.task` attribute is deprecated. Please use `'airflow.sdk.task'`.","category":"UserWarning","filename":"/Users/burugula.sasank/airflow/dags/etl_scheduler.py","lineno":1,"ti_id":"019f2d0e-9b5a-79b0-a50c-1597d8d0368b","task_id":"transform_data_from_filesystem","run_id":"manual__2026-07-04T12:15:59.820660+00:00","dag_id":"dag_data","try_number":1,"map_index":-1,"logger":"py.warnings"}
{"timestamp":"2026-07-04T12:16:12.696807Z","level":"warning","event":"The `airflow.decorators.dag` attribute is deprecated. Please use `'airflow.sdk.dag'`.","category":"UserWarning","filename":"/Users/burugula.sasank/airflow/dags/etl_scheduler.py","lineno":1,"ti_id":"019f2d0e-9b5a-79b0-a50c-1597d8d0368b","task_id":"transform_data_from_filesystem","run_id":"manual__2026-07-04T12:15:59.820660+00:00","dag_id":"dag_data","try_number":1,"map_index":-1,"logger":"py.warnings"}
{"timestamp":"2026-07-04T12:16:12.696834Z","level":"warning","event":"The `airflow.hooks.base.BaseHook` attribute is deprecated. Please use `'airflow.sdk.bases.hook.BaseHook'`.","category":"UserWarning","filename":"/Users/burugula.sasank/airflow/dags/etl_scheduler.py","lineno":2,"ti_id":"019f2d0e-9b5a-79b0-a50c-1597d8d0368b","task_id":"transform_data_from_filesystem","run_id":"manual__2026-07-04T12:15:59.820660+00:00","dag_id":"dag_data","try_number":1,"map_index":-1,"logger":"py.warnings"}
{"timestamp":"2026-07-04T12:16:12.711141Z","level":"info","event":"::endgroup::","ti_id":"019f2d0e-9b5a-79b0-a50c-1597d8d0368b","task_id":"transform_data_from_filesystem","run_id":"manual__2026-07-04T12:15:59.820660+00:00","dag_id":"dag_data","try_number":1,"map_index":-1,"logger":"task","filename":"task_runner.py","lineno":1727}
{"timestamp":"2026-07-04T12:16:12.802204Z","level":"error","event":"/Library/Frameworks/Python.framework/Versions/3.14/lib/python3.14/site-packages/pyspark/sql/udf.py:134: UserWarning: Cannot infer the eval type from type hints.","logger":"task.stderr"}
{"timestamp":"2026-07-04T12:16:12.802299Z","level":"error","event":"  warnings.warn(\"Cannot infer the eval type from type hints. \", UserWarning)","logger":"task.stderr"}
{"timestamp":"2026-07-04T12:16:12.936408Z","level":"error","event":"WARNING: Using incubator modules: jdk.incubator.vector","logger":"task.stderr"}
{"timestamp":"2026-07-04T12:16:13.285722Z","level":"error","event":"Using Spark's default log4j profile: org/apache/spark/log4j2-defaults.properties","logger":"task.stderr"}
{"timestamp":"2026-07-04T12:16:13.292562Z","level":"error","event":"26/07/04 17:46:13 WARN Utils: Your hostname, Burugulas-MacBook-Air.local, resolves to a loopback address: 127.0.0.1; using 192.168.0.107 instead (on interface en0)","logger":"task.stderr"}
{"timestamp":"2026-07-04T12:16:13.293855Z","level":"error","event":"26/07/04 17:46:13 WARN Utils: Set SPARK_LOCAL_IP if you need to bind to another address","logger":"task.stderr"}
{"timestamp":"2026-07-04T12:16:13.370971Z","level":"error","event":":: loading settings :: url = jar:file:/Library/Frameworks/Python.framework/Versions/3.14/lib/python3.14/site-packages/pyspark/jars/ivy-2.5.3.jar!/org/apache/ivy/core/settings/ivysettings.xml","logger":"task.stderr"}
{"timestamp":"2026-07-04T12:16:13.404303Z","level":"error","event":"Ivy Default Cache set to: /Users/burugula.sasank/.ivy2.5.2/cache","logger":"task.stderr"}
{"timestamp":"2026-07-04T12:16:13.404437Z","level":"error","event":"The jars for the packages stored in: /Users/burugula.sasank/.ivy2.5.2/jars","logger":"task.stderr"}
{"timestamp":"2026-07-04T12:16:13.405996Z","level":"error","event":"org.postgresql#postgresql added as a dependency","logger":"task.stderr"}
{"timestamp":"2026-07-04T12:16:13.406252Z","level":"error","event":":: resolving dependencies :: org.apache.spark#spark-submit-parent-18c07098-3e42-4b5d-bd4f-e97008e9dddf;1.0","logger":"task.stderr"}
{"timestamp":"2026-07-04T12:16:13.406292Z","level":"error","event":"\tconfs: [default]","logger":"task.stderr"}
{"timestamp":"2026-07-04T12:16:13.450779Z","level":"error","event":"\tfound org.postgresql#postgresql;42.7.3 in central","logger":"task.stderr"}
{"timestamp":"2026-07-04T12:16:13.460305Z","level":"error","event":"\tfound org.checkerframework#checker-qual;3.42.0 in central","logger":"task.stderr"}
{"timestamp":"2026-07-04T12:16:13.467385Z","level":"error","event":":: resolution report :: resolve 58ms :: artifacts dl 3ms","logger":"task.stderr"}
{"timestamp":"2026-07-04T12:16:13.467597Z","level":"error","event":"\t:: modules in use:","logger":"task.stderr"}
{"timestamp":"2026-07-04T12:16:13.467685Z","level":"error","event":"\torg.checkerframework#checker-qual;3.42.0 from central in [default]","logger":"task.stderr"}
{"timestamp":"2026-07-04T12:16:13.467741Z","level":"error","event":"\torg.postgresql#postgresql;42.7.3 from central in [default]","logger":"task.stderr"}
{"timestamp":"2026-07-04T12:16:13.467787Z","level":"error","event":"\t---------------------------------------------------------------------","logger":"task.stderr"}
{"timestamp":"2026-07-04T12:16:13.467844Z","level":"error","event":"\t|                  |            modules            ||   artifacts   |","logger":"task.stderr"}
{"timestamp":"2026-07-04T12:16:13.467946Z","level":"error","event":"\t|       conf       | number| search|dwnlded|evicted|| number|dwnlded|","logger":"task.stderr"}
{"timestamp":"2026-07-04T12:16:13.467983Z","level":"error","event":"\t---------------------------------------------------------------------","logger":"task.stderr"}
{"timestamp":"2026-07-04T12:16:13.468013Z","level":"error","event":"\t|      default     |   2   |   0   |   0   |   0   ||   2   |   0   |","logger":"task.stderr"}
{"timestamp":"2026-07-04T12:16:13.468035Z","level":"error","event":"\t---------------------------------------------------------------------","logger":"task.stderr"}
{"timestamp":"2026-07-04T12:16:13.469722Z","level":"error","event":":: retrieving :: org.apache.spark#spark-submit-parent-18c07098-3e42-4b5d-bd4f-e97008e9dddf","logger":"task.stderr"}
{"timestamp":"2026-07-04T12:16:13.469890Z","level":"error","event":"\tconfs: [default]","logger":"task.stderr"}
{"timestamp":"2026-07-04T12:16:13.472264Z","level":"error","event":"\t0 artifacts copied, 2 already retrieved (0kB/3ms)","logger":"task.stderr"}
{"timestamp":"2026-07-04T12:16:13.555701Z","level":"error","event":"26/07/04 17:46:13 WARN NativeCodeLoader: Unable to load native-hadoop library for your platform... using builtin-java classes where applicable","logger":"task.stderr"}
{"timestamp":"2026-07-04T12:16:13.605381Z","level":"error","event":"Using Spark's default log4j profile: org/apache/spark/log4j2-defaults.properties","logger":"task.stderr"}
{"timestamp":"2026-07-04T12:16:13.605593Z","level":"error","event":"Setting default log level to \"WARN\".","logger":"task.stderr"}
{"timestamp":"2026-07-04T12:16:13.605708Z","level":"error","event":"To adjust logging level use sc.setLogLevel(newLevel). For SparkR, use setLogLevel(newLevel).","logger":"task.stderr"}
{"timestamp":"2026-07-04T12:16:16.836246Z","level":"error","event":"26/07/04 17:46:16 WARN SparkStringUtils: Truncated the string representation of a plan since it was too large. This behavior can be adjusted by setting 'spark.sql.debug.maxToStringFields'.","logger":"task.stderr"}
{"timestamp":"2026-07-04T12:16:19.554938Z","level":"info","event":".....Connection with the database is successfull......","logger":"task.stdout"}
{"timestamp":"2026-07-04T12:16:19.555318Z","level":"info","event":".....Erased stale materialized views......","logger":"task.stdout"}
{"timestamp":"2026-07-04T12:16:19.555354Z","level":"info","event":"+---------+-------+------------+--------------+--------------+--------+----+-------------+-------+-----------+-----------+--------+-------+-----+---------------+---------------+------+","logger":"task.stdout"}
{"timestamp":"2026-07-04T12:16:19.555381Z","level":"info","event":"|full_name|country|years_active|matches_played|innings_played|not_outs|Runs|highest_score|average|balls_faced|strike_rate|hundreds|fifties|ducks|number_of_fours|number_of_sixes|format|","logger":"task.stdout"}
{"timestamp":"2026-07-04T12:16:19.555402Z","level":"info","event":"+---------+-------+------------+--------------+--------------+--------+----+-------------+-------+-----------+-----------+--------+-------+-----+---------------+---------------+------+","logger":"task.stdout"}
{"timestamp":"2026-07-04T12:16:19.555422Z","level":"info","event":"|     NULL|   NULL|           0|             3|             2|       0|   1|            1|    0.5|          6|      16.66|       0|      0|    1|              0|              0|   T20|","logger":"task.stdout"}
{"timestamp":"2026-07-04T12:16:19.555441Z","level":"info","event":"+---------+-------+------------+--------------+--------------+--------+----+-------------+-------+-----------+-----------+--------+-------+-----+---------------+---------------+------+","logger":"task.stdout"}
{"timestamp":"2026-07-04T12:16:19.555460Z","level":"info","event":"only showing top 1 row","logger":"task.stdout"}
{"timestamp":"2026-07-04T12:16:19.555492Z","level":"info","event":"+---------+-------+------------+--------------+--------------+--------+----+-------------+-------+--------+-------+-----+------+","logger":"task.stdout"}
{"timestamp":"2026-07-04T12:16:19.555511Z","level":"info","event":"|full_name|country|years_active|matches_played|innings_played|not_outs|Runs|highest_score|average|hundreds|fifties|ducks|format|","logger":"task.stdout"}
{"timestamp":"2026-07-04T12:16:19.555528Z","level":"info","event":"+---------+-------+------------+--------------+--------------+--------+----+-------------+-------+--------+-------+-----+------+","logger":"task.stdout"}
{"timestamp":"2026-07-04T12:16:19.555545Z","level":"info","event":"+---------+-------+------------+--------------+--------------+--------+----+-------------+-------+--------+-------+-----+------+","logger":"task.stdout"}
{"timestamp":"2026-07-04T12:16:19.555563Z","level":"info","event":"","logger":"task.stdout"}
{"timestamp":"2026-07-04T12:16:19.555581Z","level":"info","event":"+---------+-------+------------+--------------+--------------+-----+----+-------+---+-------+-------+-----------+-----------------+-----------------+------+","logger":"task.stdout"}
{"timestamp":"2026-07-04T12:16:19.555600Z","level":"info","event":"|full_name|country|years_active|matches_played|innings_played|Balls|Runs|wickets|BBI|average|economy|strike_rate|four_wicket_hauls|five_wicket_hauls|format|","logger":"task.stdout"}
{"timestamp":"2026-07-04T12:16:19.555618Z","level":"info","event":"+---------+-------+------------+--------------+--------------+-----+----+-------+---+-------+-------+-----------+-----------------+-----------------+------+","logger":"task.stdout"}
{"timestamp":"2026-07-04T12:16:19.555635Z","level":"info","event":"+---------+-------+------------+--------------+--------------+-----+----+-------+---+-------+-------+-----------+-----------------+-----------------+------+","logger":"task.stdout"}
{"timestamp":"2026-07-04T12:16:19.555654Z","level":"info","event":"","logger":"task.stdout"}
{"timestamp":"2026-07-04T12:16:19.555671Z","level":"info","event":"+---------+-------+------------+--------------+--------------+-----+-----------------+----+-------+----+-------+-------+-----------+-----------------+-----------------+------+","logger":"task.stdout"}
{"timestamp":"2026-07-04T12:16:19.555688Z","level":"info","event":"|full_name|country|years_active|matches_played|innings_played|Overs|number_of_maidens|Runs|wickets| BBI|average|economy|strike_rate|four_wicket_hauls|five_wicket_hauls|format|","logger":"task.stdout"}
{"timestamp":"2026-07-04T12:16:19.555706Z","level":"info","event":"+---------+-------+------------+--------------+--------------+-----+-----------------+----+-------+----+-------+-------+-----------+-----------------+-----------------+------+","logger":"task.stdout"}
{"timestamp":"2026-07-04T12:16:19.555724Z","level":"info","event":"|     NULL|   NULL|           0|             1|             1|   18|                0|  12|      3|3/12|    4.0|    4.0|        6.0|                0|                0|   T20|","logger":"task.stdout"}
{"timestamp":"2026-07-04T12:16:19.555743Z","level":"info","event":"+---------+-------+------------+--------------+--------------+-----+-----------------+----+-------+----+-------+-------+-----------+-----------------+-----------------+------+","logger":"task.stdout"}
{"timestamp":"2026-07-04T12:16:19.555759Z","level":"info","event":"only showing top 1 row","logger":"task.stdout"}
{"timestamp":"2026-07-04T12:16:19.555778Z","level":"info","event":"+---------+-------+------------+--------------+--------------+-----+----+-------+---+---+-------+-------+-----------+-----------------+---+------+","logger":"task.stdout"}
{"timestamp":"2026-07-04T12:16:19.555796Z","level":"info","event":"|full_name|country|years_active|matches_played|innings_played|Balls|Runs|wickets|BBI|BBM|average|economy|strike_rate|five_wicket_hauls| 10|format|","logger":"task.stdout"}
{"timestamp":"2026-07-04T12:16:19.555819Z","level":"info","event":"+---------+-------+------------+--------------+--------------+-----+----+-------+---+---+-------+-------+-----------+-----------------+---+------+","logger":"task.stdout"}
{"timestamp":"2026-07-04T12:16:19.555836Z","level":"info","event":"+---------+-------+------------+--------------+--------------+-----+----+-------+---+---+-------+-------+-----------+-----------------+---+------+","logger":"task.stdout"}
{"timestamp":"2026-07-04T12:16:19.555853Z","level":"info","event":"","logger":"task.stdout"}
{"timestamp":"2026-07-04T12:16:19.555870Z","level":"info","event":"+---------+-------+------------+--------------+--------------+----------+-------+---------+-------------+------+","logger":"task.stdout"}
{"timestamp":"2026-07-04T12:16:19.555886Z","level":"info","event":"|full_name|country|years_active|matches_played|innings_played|dismissals|catches|stumpings|catch_wickets|format|","logger":"task.stdout"}
{"timestamp":"2026-07-04T12:16:19.555904Z","level":"info","event":"+---------+-------+------------+--------------+--------------+----------+-------+---------+-------------+------+","logger":"task.stdout"}
{"timestamp":"2026-07-04T12:16:19.555984Z","level":"info","event":"+---------+-------+------------+--------------+--------------+----------+-------+---------+-------------+------+","logger":"task.stdout"}
{"timestamp":"2026-07-04T12:16:19.556006Z","level":"info","event":"","logger":"task.stdout"}
{"timestamp":"2026-07-04T12:16:19.556024Z","level":"info","event":"+---------+-------+------------+--------------+--------------+----------+-------+---------+-------------+------+","logger":"task.stdout"}
{"timestamp":"2026-07-04T12:16:19.556041Z","level":"info","event":"|full_name|country|years_active|matches_played|innings_played|dismissals|catches|stumpings|catch_wickets|format|","logger":"task.stdout"}
{"timestamp":"2026-07-04T12:16:19.556057Z","level":"info","event":"+---------+-------+------------+--------------+--------------+----------+-------+---------+-------------+------+","logger":"task.stdout"}
{"timestamp":"2026-07-04T12:16:19.556074Z","level":"info","event":"|     NULL|   NULL|           0|             3|             3|         0|      0|        0|            0|   T20|","logger":"task.stdout"}
{"timestamp":"2026-07-04T12:16:19.556090Z","level":"info","event":"+---------+-------+------------+--------------+--------------+----------+-------+---------+-------------+------+","logger":"task.stdout"}
{"timestamp":"2026-07-04T12:16:19.556107Z","level":"info","event":"only showing top 1 row","logger":"task.stdout"}
{"timestamp":"2026-07-04T12:16:19.556124Z","level":"info","event":"+---------+-------+------------+--------------+--------------+----------+-------+---------+-------------+------+","logger":"task.stdout"}
{"timestamp":"2026-07-04T12:16:19.556140Z","level":"info","event":"|full_name|country|years_active|matches_played|innings_played|dismissals|catches|stumpings|catch_wickets|format|","logger":"task.stdout"}
{"timestamp":"2026-07-04T12:16:19.556156Z","level":"info","event":"+---------+-------+------------+--------------+--------------+----------+-------+---------+-------------+------+","logger":"task.stdout"}
{"timestamp":"2026-07-04T12:16:19.556172Z","level":"info","event":"+---------+-------+------------+--------------+--------------+----------+-------+---------+-------------+------+","logger":"task.stdout"}
{"timestamp":"2026-07-04T12:16:19.556188Z","level":"info","event":"","logger":"task.stdout"}
{"timestamp":"2026-07-04T12:16:19.572800Z","level":"info","event":"Silver Ingestion Success with returned val:CompletedProcess(args=['python3', '/Users/burugula.sasank/airflow/dags/spark/notebooks/silver_layer/data_transformations.py'], returncode=0)","logger":"task.stdout"}
{"timestamp":"2026-07-04T12:16:19.573061Z","level":"info","event":"Done. Returned value was: ","ti_id":"019f2d0e-9b5a-79b0-a50c-1597d8d0368b","task_id":"transform_data_from_filesystem","run_id":"manual__2026-07-04T12:15:59.820660+00:00","dag_id":"dag_data","try_number":1,"map_index":-1,"logger":"airflow.task.operators.airflow.providers.standard.decorators.python._PythonDecoratedOperator","filename":"python.py","lineno":233}
{"timestamp":"2026-07-04T12:16:19.573405Z","level":"info","event":"::group::Post Execute","ti_id":"019f2d0e-9b5a-79b0-a50c-1597d8d0368b","task_id":"transform_data_from_filesystem","run_id":"manual__2026-07-04T12:15:59.820660+00:00","dag_id":"dag_data","try_number":1,"map_index":-1,"logger":"task","filename":"task_runner.py","lineno":1288}
{"timestamp":"2026-07-04T12:16:19.573628Z","level":"info","event":"Pushing xcom","ti":"RuntimeTaskInstance(id=UUID('019f2d0e-9b5a-79b0-a50c-1597d8d0368b'), task_id='transform_data_from_filesystem', dag_id='dag_data', run_id='manual__2026-07-04T12:15:59.820660+00:00', try_number=1, dag_version_id=UUID('019f2c09-88cb-79f1-ada2-a2bc16a5412d'), map_index=-1, hostname='burugulas-macbook-air.local', context_carrier={'traceparent': '00-59106ddd4e895e7113e511f3514c8504-cd989830a43326c4-01'}, task=<Task(_PythonDecoratedOperator): transform_data_from_filesystem>, bundle_instance=LocalDagBundle(name=dags-folder), max_tries=0, start_date=datetime.datetime(2026, 7, 4, 12, 16, 12, 64026, tzinfo=datetime.timezone.utc), end_date=None, state=<TaskInstanceState.RUNNING: 'running'>, is_mapped=False, rendered_map_index=None, sentry_integration='')","ti_id":"019f2d0e-9b5a-79b0-a50c-1597d8d0368b","task_id":"transform_data_from_filesystem","run_id":"manual__2026-07-04T12:15:59.820660+00:00","dag_id":"dag_data","try_number":1,"map_index":-1,"logger":"task","filename":"task_runner.py","lineno":1791}
{"timestamp":"2026-07-04T12:16:19.582628Z","level":"info","event":"::endgroup::","ti_id":"019f2d0e-9b5a-79b0-a50c-1597d8d0368b","task_id":"transform_data_from_filesystem","run_id":"manual__2026-07-04T12:15:59.820660+00:00","dag_id":"dag_data","try_number":1,"map_index":-1,"logger":"task","filename":"task_runner.py","lineno":1896}
{"timestamp":"2026-07-04T12:16:20.044052Z","level":"error","event":"\r[Stage 9:>                                                          (0 + 1) / 1]","logger":"task.stderr"}
