{"timestamp":"2026-07-03T01:53:10.857654Z","level":"info","event":"2026-07-03T01:53:10.857494Z [info     ] ::group::Pre Execute           [task] loc=task_runner.py:1926","logger":"task.stdout"}
{"timestamp":"2026-07-03T01:53:10.936851Z","level":"info","event":"setup plugin alembic.autogenerate.schemas","logger":"alembic.runtime.plugins","dag_id":"dag_data","try_number":1,"ti_id":"019f25ad-d913-75f2-8332-03ed5fa60e0e","map_index":-1,"run_id":"manual__2026-07-03T01:52:58.119100+00:00","task_id":"transform_data_from_filesystem","filename":"plugins.py","lineno":37}
{"timestamp":"2026-07-03T01:53:10.936924Z","level":"info","event":"setup plugin alembic.autogenerate.tables","logger":"alembic.runtime.plugins","dag_id":"dag_data","try_number":1,"ti_id":"019f25ad-d913-75f2-8332-03ed5fa60e0e","map_index":-1,"run_id":"manual__2026-07-03T01:52:58.119100+00:00","task_id":"transform_data_from_filesystem","filename":"plugins.py","lineno":37}
{"timestamp":"2026-07-03T01:53:10.936956Z","level":"info","event":"setup plugin alembic.autogenerate.types","logger":"alembic.runtime.plugins","dag_id":"dag_data","try_number":1,"ti_id":"019f25ad-d913-75f2-8332-03ed5fa60e0e","map_index":-1,"run_id":"manual__2026-07-03T01:52:58.119100+00:00","task_id":"transform_data_from_filesystem","filename":"plugins.py","lineno":37}
{"timestamp":"2026-07-03T01:53:10.936980Z","level":"info","event":"setup plugin alembic.autogenerate.constraints","logger":"alembic.runtime.plugins","dag_id":"dag_data","try_number":1,"ti_id":"019f25ad-d913-75f2-8332-03ed5fa60e0e","map_index":-1,"run_id":"manual__2026-07-03T01:52:58.119100+00:00","task_id":"transform_data_from_filesystem","filename":"plugins.py","lineno":37}
{"timestamp":"2026-07-03T01:53:10.936999Z","level":"info","event":"setup plugin alembic.autogenerate.defaults","logger":"alembic.runtime.plugins","dag_id":"dag_data","try_number":1,"ti_id":"019f25ad-d913-75f2-8332-03ed5fa60e0e","map_index":-1,"run_id":"manual__2026-07-03T01:52:58.119100+00:00","task_id":"transform_data_from_filesystem","filename":"plugins.py","lineno":37}
{"timestamp":"2026-07-03T01:53:10.937020Z","level":"info","event":"setup plugin alembic.autogenerate.comments","logger":"alembic.runtime.plugins","dag_id":"dag_data","try_number":1,"ti_id":"019f25ad-d913-75f2-8332-03ed5fa60e0e","map_index":-1,"run_id":"manual__2026-07-03T01:52:58.119100+00:00","task_id":"transform_data_from_filesystem","filename":"plugins.py","lineno":37}
{"timestamp":"2026-07-03T01:53:10.976566Z","level":"info","event":"DAG bundles loaded: dags-folder","dag_id":"dag_data","try_number":1,"ti_id":"019f25ad-d913-75f2-8332-03ed5fa60e0e","map_index":-1,"run_id":"manual__2026-07-03T01:52:58.119100+00:00","task_id":"transform_data_from_filesystem","logger":"airflow.dag_processing.bundles.manager.DagBundlesManager","filename":"manager.py","lineno":209}
{"timestamp":"2026-07-03T01:53:10.976776Z","level":"info","event":"Filling up the DagBag from /Users/burugula.sasank/airflow/dags/etl_scheduler.py","dag_id":"dag_data","try_number":1,"ti_id":"019f25ad-d913-75f2-8332-03ed5fa60e0e","map_index":-1,"run_id":"manual__2026-07-03T01:52:58.119100+00:00","task_id":"transform_data_from_filesystem","logger":"airflow.dag_processing.dagbag.BundleDagBag","filename":"dagbag.py","lineno":469}
{"timestamp":"2026-07-03T01:53:11.009975Z","level":"warning","event":"The `airflow.decorators.task` attribute is deprecated. Please use `'airflow.sdk.task'`.","category":"UserWarning","filename":"/Users/burugula.sasank/airflow/dags/etl_scheduler.py","lineno":1,"dag_id":"dag_data","try_number":1,"ti_id":"019f25ad-d913-75f2-8332-03ed5fa60e0e","map_index":-1,"run_id":"manual__2026-07-03T01:52:58.119100+00:00","task_id":"transform_data_from_filesystem","logger":"py.warnings"}
{"timestamp":"2026-07-03T01:53:11.010028Z","level":"warning","event":"The `airflow.decorators.dag` attribute is deprecated. Please use `'airflow.sdk.dag'`.","category":"UserWarning","filename":"/Users/burugula.sasank/airflow/dags/etl_scheduler.py","lineno":1,"dag_id":"dag_data","try_number":1,"ti_id":"019f25ad-d913-75f2-8332-03ed5fa60e0e","map_index":-1,"run_id":"manual__2026-07-03T01:52:58.119100+00:00","task_id":"transform_data_from_filesystem","logger":"py.warnings"}
{"timestamp":"2026-07-03T01:53:11.010052Z","level":"warning","event":"The `airflow.hooks.base.BaseHook` attribute is deprecated. Please use `'airflow.sdk.bases.hook.BaseHook'`.","category":"UserWarning","filename":"/Users/burugula.sasank/airflow/dags/etl_scheduler.py","lineno":2,"dag_id":"dag_data","try_number":1,"ti_id":"019f25ad-d913-75f2-8332-03ed5fa60e0e","map_index":-1,"run_id":"manual__2026-07-03T01:52:58.119100+00:00","task_id":"transform_data_from_filesystem","logger":"py.warnings"}
{"timestamp":"2026-07-03T01:53:11.021848Z","level":"info","event":"::endgroup::","dag_id":"dag_data","try_number":1,"ti_id":"019f25ad-d913-75f2-8332-03ed5fa60e0e","map_index":-1,"run_id":"manual__2026-07-03T01:52:58.119100+00:00","task_id":"transform_data_from_filesystem","logger":"task","filename":"task_runner.py","lineno":1727}
{"timestamp":"2026-07-03T01:53:11.086503Z","level":"error","event":"/Library/Frameworks/Python.framework/Versions/3.14/lib/python3.14/site-packages/pyspark/sql/udf.py:134: UserWarning: Cannot infer the eval type from type hints.","logger":"task.stderr"}
{"timestamp":"2026-07-03T01:53:11.086588Z","level":"error","event":"  warnings.warn(\"Cannot infer the eval type from type hints. \", UserWarning)","logger":"task.stderr"}
{"timestamp":"2026-07-03T01:53:11.191906Z","level":"error","event":"WARNING: Using incubator modules: jdk.incubator.vector","logger":"task.stderr"}
{"timestamp":"2026-07-03T01:53:11.475432Z","level":"error","event":"Using Spark's default log4j profile: org/apache/spark/log4j2-defaults.properties","logger":"task.stderr"}
{"timestamp":"2026-07-03T01:53:11.481087Z","level":"error","event":"26/07/03 07:23:11 WARN Utils: Your hostname, Burugulas-MacBook-Air.local, resolves to a loopback address: 127.0.0.1; using 192.168.0.107 instead (on interface en0)","logger":"task.stderr"}
{"timestamp":"2026-07-03T01:53:11.482117Z","level":"error","event":"26/07/03 07:23:11 WARN Utils: Set SPARK_LOCAL_IP if you need to bind to another address","logger":"task.stderr"}
{"timestamp":"2026-07-03T01:53:11.548547Z","level":"error","event":":: loading settings :: url = jar:file:/Library/Frameworks/Python.framework/Versions/3.14/lib/python3.14/site-packages/pyspark/jars/ivy-2.5.3.jar!/org/apache/ivy/core/settings/ivysettings.xml","logger":"task.stderr"}
{"timestamp":"2026-07-03T01:53:11.578138Z","level":"error","event":"Ivy Default Cache set to: /Users/burugula.sasank/.ivy2.5.2/cache","logger":"task.stderr"}
{"timestamp":"2026-07-03T01:53:11.578273Z","level":"error","event":"The jars for the packages stored in: /Users/burugula.sasank/.ivy2.5.2/jars","logger":"task.stderr"}
{"timestamp":"2026-07-03T01:53:11.579421Z","level":"error","event":"org.postgresql#postgresql added as a dependency","logger":"task.stderr"}
{"timestamp":"2026-07-03T01:53:11.579679Z","level":"error","event":":: resolving dependencies :: org.apache.spark#spark-submit-parent-1b6acabb-296f-4c1f-82ea-8bd673a818a1;1.0","logger":"task.stderr"}
{"timestamp":"2026-07-03T01:53:11.579729Z","level":"error","event":"\tconfs: [default]","logger":"task.stderr"}
{"timestamp":"2026-07-03T01:53:11.617933Z","level":"error","event":"\tfound org.postgresql#postgresql;42.7.3 in central","logger":"task.stderr"}
{"timestamp":"2026-07-03T01:53:11.626641Z","level":"error","event":"\tfound org.checkerframework#checker-qual;3.42.0 in central","logger":"task.stderr"}
{"timestamp":"2026-07-03T01:53:11.632091Z","level":"error","event":":: resolution report :: resolve 50ms :: artifacts dl 3ms","logger":"task.stderr"}
{"timestamp":"2026-07-03T01:53:11.632221Z","level":"error","event":"\t:: modules in use:","logger":"task.stderr"}
{"timestamp":"2026-07-03T01:53:11.632273Z","level":"error","event":"\torg.checkerframework#checker-qual;3.42.0 from central in [default]","logger":"task.stderr"}
{"timestamp":"2026-07-03T01:53:11.632356Z","level":"error","event":"\torg.postgresql#postgresql;42.7.3 from central in [default]","logger":"task.stderr"}
{"timestamp":"2026-07-03T01:53:11.632418Z","level":"error","event":"\t---------------------------------------------------------------------","logger":"task.stderr"}
{"timestamp":"2026-07-03T01:53:11.632487Z","level":"error","event":"\t|                  |            modules            ||   artifacts   |","logger":"task.stderr"}
{"timestamp":"2026-07-03T01:53:11.632511Z","level":"error","event":"\t|       conf       | number| search|dwnlded|evicted|| number|dwnlded|","logger":"task.stderr"}
{"timestamp":"2026-07-03T01:53:11.632532Z","level":"error","event":"\t---------------------------------------------------------------------","logger":"task.stderr"}
{"timestamp":"2026-07-03T01:53:11.632551Z","level":"error","event":"\t|      default     |   2   |   0   |   0   |   0   ||   2   |   0   |","logger":"task.stderr"}
{"timestamp":"2026-07-03T01:53:11.632570Z","level":"error","event":"\t---------------------------------------------------------------------","logger":"task.stderr"}
{"timestamp":"2026-07-03T01:53:11.633298Z","level":"error","event":":: retrieving :: org.apache.spark#spark-submit-parent-1b6acabb-296f-4c1f-82ea-8bd673a818a1","logger":"task.stderr"}
{"timestamp":"2026-07-03T01:53:11.633398Z","level":"error","event":"\tconfs: [default]","logger":"task.stderr"}
{"timestamp":"2026-07-03T01:53:11.635165Z","level":"error","event":"\t0 artifacts copied, 2 already retrieved (0kB/2ms)","logger":"task.stderr"}
{"timestamp":"2026-07-03T01:53:11.705591Z","level":"error","event":"26/07/03 07:23:11 WARN NativeCodeLoader: Unable to load native-hadoop library for your platform... using builtin-java classes where applicable","logger":"task.stderr"}
{"timestamp":"2026-07-03T01:53:11.757073Z","level":"error","event":"Using Spark's default log4j profile: org/apache/spark/log4j2-defaults.properties","logger":"task.stderr"}
{"timestamp":"2026-07-03T01:53:11.757284Z","level":"error","event":"Setting default log level to \"WARN\".","logger":"task.stderr"}
{"timestamp":"2026-07-03T01:53:11.757340Z","level":"error","event":"To adjust logging level use sc.setLogLevel(newLevel). For SparkR, use setLogLevel(newLevel).","logger":"task.stderr"}
{"timestamp":"2026-07-03T01:53:14.623965Z","level":"error","event":"26/07/03 07:23:14 WARN SparkStringUtils: Truncated the string representation of a plan since it was too large. This behavior can be adjusted by setting 'spark.sql.debug.maxToStringFields'.","logger":"task.stderr"}
{"timestamp":"2026-07-03T01:53:15.721085Z","level":"info","event":"pwd:jdbc:postgresql://localhost:5432/cricket_analyzer","logger":"task.stdout"}
{"timestamp":"2026-07-03T01:53:15.721186Z","level":"info","event":"+----------------+---------+------------+--------------+--------------+--------+-----+-------------+-------+-----------+-----------+--------+-------+-----+","logger":"task.stdout"}
{"timestamp":"2026-07-03T01:53:15.721217Z","level":"info","event":"|       full_name|  country|years_active|matches_played|innings_played|not_outs| Runs|highest_score|average|balls_faced|strike_rate|hundreds|fifties|ducks|","logger":"task.stdout"}
{"timestamp":"2026-07-03T01:53:15.721240Z","level":"info","event":"+----------------+---------+------------+--------------+--------------+--------+-----+-------------+-------+-----------+-----------+--------+-------+-----+","logger":"task.stdout"}
{"timestamp":"2026-07-03T01:53:15.721260Z","level":"info","event":"|    SR Tendulkar|    India|          23|           463|           452|      41|18426|          200|  44.83|      21367|      86.23|      49|     96|   20|","logger":"task.stdout"}
{"timestamp":"2026-07-03T01:53:15.721280Z","level":"info","event":"|   KC Sangakkara|Sri Lanka|          15|           404|           380|      41|14234|          169|  41.98|      18048|      78.86|      25|     93|   15|","logger":"task.stdout"}
{"timestamp":"2026-07-03T01:53:15.721299Z","level":"info","event":"|      RT Ponting|Australia|          17|           375|           365|      39|13704|          164|  42.03|      17046|      80.39|      30|     82|   20|","logger":"task.stdout"}
{"timestamp":"2026-07-03T01:53:15.721318Z","level":"info","event":"|   ST Jayasuriya|Sri Lanka|          22|           445|           433|      18|13430|          189|  32.36|      14725|       91.2|      28|     68|   34|","logger":"task.stdout"}
{"timestamp":"2026-07-03T01:53:15.721344Z","level":"info","event":"|DPMD Jayawardene|Sri Lanka|          17|           448|           418|      39|12650|          144|  33.37|      16020|      78.96|      19|     77|   28|","logger":"task.stdout"}
{"timestamp":"2026-07-03T01:53:15.721363Z","level":"info","event":"+----------------+---------+------------+--------------+--------------+--------+-----+-------------+-------+-----------+-----------+--------+-------+-----+","logger":"task.stdout"}
{"timestamp":"2026-07-03T01:53:15.721381Z","level":"info","event":"only showing top 5 rows","logger":"task.stdout"}
{"timestamp":"2026-07-03T01:53:15.737605Z","level":"info","event":"Silver Ingestion Success with returned val:CompletedProcess(args=['python3', '/Users/burugula.sasank/airflow/dags/spark/notebooks/silver_layer/data_transformations.py'], returncode=0)","logger":"task.stdout"}
{"timestamp":"2026-07-03T01:53:15.737745Z","level":"info","event":"Done. Returned value was: None","dag_id":"dag_data","try_number":1,"ti_id":"019f25ad-d913-75f2-8332-03ed5fa60e0e","map_index":-1,"run_id":"manual__2026-07-03T01:52:58.119100+00:00","task_id":"transform_data_from_filesystem","logger":"airflow.task.operators.airflow.providers.standard.decorators.python._PythonDecoratedOperator","filename":"python.py","lineno":233}
{"timestamp":"2026-07-03T01:53:15.737929Z","level":"info","event":"::group::Post Execute","dag_id":"dag_data","try_number":1,"ti_id":"019f25ad-d913-75f2-8332-03ed5fa60e0e","map_index":-1,"run_id":"manual__2026-07-03T01:52:58.119100+00:00","task_id":"transform_data_from_filesystem","logger":"task","filename":"task_runner.py","lineno":1288}
{"timestamp":"2026-07-03T01:53:15.742671Z","level":"info","event":"::endgroup::","dag_id":"dag_data","try_number":1,"ti_id":"019f25ad-d913-75f2-8332-03ed5fa60e0e","map_index":-1,"run_id":"manual__2026-07-03T01:52:58.119100+00:00","task_id":"transform_data_from_filesystem","logger":"task","filename":"task_runner.py","lineno":1896}
{"timestamp":"2026-07-03T01:53:16.182301Z","level":"error","event":"\r[Stage 9:>                                                          (0 + 1) / 1]","logger":"task.stderr"}
