{"timestamp":"2026-07-04T10:38:43.302567Z","level":"info","event":"2026-07-04T10:38:43.302360Z [info     ] ::group::Pre Execute           [task] loc=task_runner.py:1926","logger":"task.stdout"}
{"timestamp":"2026-07-04T10:38:43.410431Z","level":"info","event":"setup plugin alembic.autogenerate.schemas","logger":"alembic.runtime.plugins","try_number":1,"run_id":"manual__2026-07-04T10:38:37.340641+00:00","map_index":-1,"task_id":"ingest_data_to_filesystem","dag_id":"dag_data","ti_id":"019f2cb5-7529-7ef4-b31b-506d8d3d097a","filename":"plugins.py","lineno":37}
{"timestamp":"2026-07-04T10:38:43.410504Z","level":"info","event":"setup plugin alembic.autogenerate.tables","logger":"alembic.runtime.plugins","try_number":1,"run_id":"manual__2026-07-04T10:38:37.340641+00:00","map_index":-1,"task_id":"ingest_data_to_filesystem","dag_id":"dag_data","ti_id":"019f2cb5-7529-7ef4-b31b-506d8d3d097a","filename":"plugins.py","lineno":37}
{"timestamp":"2026-07-04T10:38:43.410536Z","level":"info","event":"setup plugin alembic.autogenerate.types","logger":"alembic.runtime.plugins","try_number":1,"run_id":"manual__2026-07-04T10:38:37.340641+00:00","map_index":-1,"task_id":"ingest_data_to_filesystem","dag_id":"dag_data","ti_id":"019f2cb5-7529-7ef4-b31b-506d8d3d097a","filename":"plugins.py","lineno":37}
{"timestamp":"2026-07-04T10:38:43.410561Z","level":"info","event":"setup plugin alembic.autogenerate.constraints","logger":"alembic.runtime.plugins","try_number":1,"run_id":"manual__2026-07-04T10:38:37.340641+00:00","map_index":-1,"task_id":"ingest_data_to_filesystem","dag_id":"dag_data","ti_id":"019f2cb5-7529-7ef4-b31b-506d8d3d097a","filename":"plugins.py","lineno":37}
{"timestamp":"2026-07-04T10:38:43.410582Z","level":"info","event":"setup plugin alembic.autogenerate.defaults","logger":"alembic.runtime.plugins","try_number":1,"run_id":"manual__2026-07-04T10:38:37.340641+00:00","map_index":-1,"task_id":"ingest_data_to_filesystem","dag_id":"dag_data","ti_id":"019f2cb5-7529-7ef4-b31b-506d8d3d097a","filename":"plugins.py","lineno":37}
{"timestamp":"2026-07-04T10:38:43.410602Z","level":"info","event":"setup plugin alembic.autogenerate.comments","logger":"alembic.runtime.plugins","try_number":1,"run_id":"manual__2026-07-04T10:38:37.340641+00:00","map_index":-1,"task_id":"ingest_data_to_filesystem","dag_id":"dag_data","ti_id":"019f2cb5-7529-7ef4-b31b-506d8d3d097a","filename":"plugins.py","lineno":37}
{"timestamp":"2026-07-04T10:38:43.457545Z","level":"info","event":"DAG bundles loaded: dags-folder","try_number":1,"run_id":"manual__2026-07-04T10:38:37.340641+00:00","map_index":-1,"task_id":"ingest_data_to_filesystem","dag_id":"dag_data","ti_id":"019f2cb5-7529-7ef4-b31b-506d8d3d097a","logger":"airflow.dag_processing.bundles.manager.DagBundlesManager","filename":"manager.py","lineno":209}
{"timestamp":"2026-07-04T10:38:43.457760Z","level":"info","event":"Filling up the DagBag from /Users/burugula.sasank/airflow/dags/etl_scheduler.py","try_number":1,"run_id":"manual__2026-07-04T10:38:37.340641+00:00","map_index":-1,"task_id":"ingest_data_to_filesystem","dag_id":"dag_data","ti_id":"019f2cb5-7529-7ef4-b31b-506d8d3d097a","logger":"airflow.dag_processing.dagbag.BundleDagBag","filename":"dagbag.py","lineno":469}
{"timestamp":"2026-07-04T10:38:43.493575Z","level":"warning","event":"The `airflow.decorators.task` attribute is deprecated. Please use `'airflow.sdk.task'`.","category":"UserWarning","filename":"/Users/burugula.sasank/airflow/dags/etl_scheduler.py","lineno":1,"try_number":1,"run_id":"manual__2026-07-04T10:38:37.340641+00:00","map_index":-1,"task_id":"ingest_data_to_filesystem","dag_id":"dag_data","ti_id":"019f2cb5-7529-7ef4-b31b-506d8d3d097a","logger":"py.warnings"}
{"timestamp":"2026-07-04T10:38:43.493637Z","level":"warning","event":"The `airflow.decorators.dag` attribute is deprecated. Please use `'airflow.sdk.dag'`.","category":"UserWarning","filename":"/Users/burugula.sasank/airflow/dags/etl_scheduler.py","lineno":1,"try_number":1,"run_id":"manual__2026-07-04T10:38:37.340641+00:00","map_index":-1,"task_id":"ingest_data_to_filesystem","dag_id":"dag_data","ti_id":"019f2cb5-7529-7ef4-b31b-506d8d3d097a","logger":"py.warnings"}
{"timestamp":"2026-07-04T10:38:43.493660Z","level":"warning","event":"The `airflow.hooks.base.BaseHook` attribute is deprecated. Please use `'airflow.sdk.bases.hook.BaseHook'`.","category":"UserWarning","filename":"/Users/burugula.sasank/airflow/dags/etl_scheduler.py","lineno":2,"try_number":1,"run_id":"manual__2026-07-04T10:38:37.340641+00:00","map_index":-1,"task_id":"ingest_data_to_filesystem","dag_id":"dag_data","ti_id":"019f2cb5-7529-7ef4-b31b-506d8d3d097a","logger":"py.warnings"}
{"timestamp":"2026-07-04T10:38:43.506859Z","level":"info","event":"::endgroup::","try_number":1,"run_id":"manual__2026-07-04T10:38:37.340641+00:00","map_index":-1,"task_id":"ingest_data_to_filesystem","dag_id":"dag_data","ti_id":"019f2cb5-7529-7ef4-b31b-506d8d3d097a","logger":"task","filename":"task_runner.py","lineno":1727}
{"timestamp":"2026-07-04T10:38:43.876128Z","level":"error","event":"WARNING: Using incubator modules: jdk.incubator.vector","logger":"task.stderr"}
{"timestamp":"2026-07-04T10:38:44.346538Z","level":"error","event":"Using Spark's default log4j profile: org/apache/spark/log4j2-defaults.properties","logger":"task.stderr"}
{"timestamp":"2026-07-04T10:38:44.353404Z","level":"error","event":"26/07/04 16:08:44 WARN Utils: Your hostname, Burugulas-MacBook-Air.local, resolves to a loopback address: 127.0.0.1; using 192.168.0.107 instead (on interface en0)","logger":"task.stderr"}
{"timestamp":"2026-07-04T10:38:44.355112Z","level":"error","event":"26/07/04 16:08:44 WARN Utils: Set SPARK_LOCAL_IP if you need to bind to another address","logger":"task.stderr"}
{"timestamp":"2026-07-04T10:38:44.490212Z","level":"error","event":"Using Spark's default log4j profile: org/apache/spark/log4j2-defaults.properties","logger":"task.stderr"}
{"timestamp":"2026-07-04T10:38:44.490366Z","level":"error","event":"Setting default log level to \"WARN\".","logger":"task.stderr"}
{"timestamp":"2026-07-04T10:38:44.490399Z","level":"error","event":"To adjust logging level use sc.setLogLevel(newLevel). For SparkR, use setLogLevel(newLevel).","logger":"task.stderr"}
{"timestamp":"2026-07-04T10:38:44.662776Z","level":"error","event":"26/07/04 16:08:44 WARN NativeCodeLoader: Unable to load native-hadoop library for your platform... using builtin-java classes where applicable","logger":"task.stderr"}
{"timestamp":"2026-07-04T10:38:47.268384Z","level":"error","event":"26/07/04 16:08:47 WARN CSVHeaderChecker: CSV header does not conform to the schema.","logger":"task.stderr"}
{"timestamp":"2026-07-04T10:38:47.268487Z","level":"error","event":" Header: , Player, Span, Mat, Inns, NO, Runs, HS, Ave, BF, SR, 100, 50, 0, Unnamed: 13","logger":"task.stderr"}
{"timestamp":"2026-07-04T10:38:47.268515Z","level":"error","event":" Schema: _c0, Player, Span, Mat, Inns, NO, Runs, HS, Ave, BF, SR, 100, 50, 0, Unnamed: 13","logger":"task.stderr"}
{"timestamp":"2026-07-04T10:38:47.268538Z","level":"error","event":"Expected: _c0 but found:","logger":"task.stderr"}
{"timestamp":"2026-07-04T10:38:47.268558Z","level":"error","event":"CSV file: file:///Users/burugula.sasank/airflow/dags/file_stores/api_dump/cric_data/Batting/ODI%20data.csv","logger":"task.stderr"}
{"timestamp":"2026-07-04T10:38:47.751625Z","level":"error","event":"26/07/04 16:08:47 WARN CSVHeaderChecker: CSV header does not conform to the schema.","logger":"task.stderr"}
{"timestamp":"2026-07-04T10:38:47.751750Z","level":"error","event":" Header: , Player, Span, Mat, Inns, NO, Runs, HS, Ave, BF, SR, 100, 50, 0, 4s, 6s, Unnamed: 15","logger":"task.stderr"}
{"timestamp":"2026-07-04T10:38:47.751783Z","level":"error","event":" Schema: _c0, Player, Span, Mat, Inns, NO, Runs, HS, Ave, BF, SR, 100, 50, 0, 4s, 6s, Unnamed: 15","logger":"task.stderr"}
{"timestamp":"2026-07-04T10:38:47.751806Z","level":"error","event":"Expected: _c0 but found:","logger":"task.stderr"}
{"timestamp":"2026-07-04T10:38:47.751828Z","level":"error","event":"CSV file: file:///Users/burugula.sasank/airflow/dags/file_stores/api_dump/cric_data/Batting/t20.csv","logger":"task.stderr"}
{"timestamp":"2026-07-04T10:38:47.925579Z","level":"error","event":"26/07/04 16:08:47 WARN CSVHeaderChecker: CSV header does not conform to the schema.","logger":"task.stderr"}
{"timestamp":"2026-07-04T10:38:47.925695Z","level":"error","event":" Header: , Player, Span, Mat, Inns, NO, Runs, HS, Ave, 100, 50, 0, Unnamed: 11","logger":"task.stderr"}
{"timestamp":"2026-07-04T10:38:47.925724Z","level":"error","event":" Schema: _c0, Player, Span, Mat, Inns, NO, Runs, HS, Ave, 100, 50, 0, Unnamed: 11","logger":"task.stderr"}
{"timestamp":"2026-07-04T10:38:47.925745Z","level":"error","event":"Expected: _c0 but found:","logger":"task.stderr"}
{"timestamp":"2026-07-04T10:38:47.925765Z","level":"error","event":"CSV file: file:///Users/burugula.sasank/airflow/dags/file_stores/api_dump/cric_data/Batting/test.csv","logger":"task.stderr"}
{"timestamp":"2026-07-04T10:38:48.068682Z","level":"error","event":"26/07/04 16:08:48 WARN CSVHeaderChecker: CSV header does not conform to the schema.","logger":"task.stderr"}
{"timestamp":"2026-07-04T10:38:48.068797Z","level":"error","event":" Header: , Player, Span, Mat, Inns, Balls, Runs, Wkts, BBI, Ave, Econ, SR, 4, 5, Unnamed: 13","logger":"task.stderr"}
{"timestamp":"2026-07-04T10:38:48.068827Z","level":"error","event":" Schema: _c0, Player, Span, Mat, Inns, Balls, Runs, Wkts, BBI, Ave, Econ, SR, 4, 5, Unnamed: 13","logger":"task.stderr"}
{"timestamp":"2026-07-04T10:38:48.068850Z","level":"error","event":"Expected: _c0 but found:","logger":"task.stderr"}
{"timestamp":"2026-07-04T10:38:48.068873Z","level":"error","event":"CSV file: file:///Users/burugula.sasank/airflow/dags/file_stores/api_dump/cric_data/Bowling/Bowling_ODI.csv","logger":"task.stderr"}
{"timestamp":"2026-07-04T10:38:48.227154Z","level":"error","event":"26/07/04 16:08:48 WARN CSVHeaderChecker: CSV header does not conform to the schema.","logger":"task.stderr"}
{"timestamp":"2026-07-04T10:38:48.227440Z","level":"error","event":" Header: , Player, Span, Mat, Inns, Overs, Mdns, Runs, Wkts, BBI, Ave, Econ, SR, 4, 5, Unnamed: 14","logger":"task.stderr"}
{"timestamp":"2026-07-04T10:38:48.227471Z","level":"error","event":" Schema: _c0, Player, Span, Mat, Inns, Overs, Mdns, Runs, Wkts, BBI, Ave, Econ, SR, 4, 5, Unnamed: 14","logger":"task.stderr"}
{"timestamp":"2026-07-04T10:38:48.227494Z","level":"error","event":"Expected: _c0 but found:","logger":"task.stderr"}
{"timestamp":"2026-07-04T10:38:48.227515Z","level":"error","event":"CSV file: file:///Users/burugula.sasank/airflow/dags/file_stores/api_dump/cric_data/Bowling/Bowling_t20.csv","logger":"task.stderr"}
{"timestamp":"2026-07-04T10:38:48.368464Z","level":"error","event":"26/07/04 16:08:48 WARN CSVHeaderChecker: CSV header does not conform to the schema.","logger":"task.stderr"}
{"timestamp":"2026-07-04T10:38:48.368571Z","level":"error","event":" Header: , Player, Span, Mat, Inns, Balls, Runs, Wkts, BBI, BBM, Ave, Econ, SR, 5, 10, Unnamed: 14","logger":"task.stderr"}
{"timestamp":"2026-07-04T10:38:48.368602Z","level":"error","event":" Schema: _c0, Player, Span, Mat, Inns, Balls, Runs, Wkts, BBI, BBM, Ave, Econ, SR, 5, 10, Unnamed: 14","logger":"task.stderr"}
{"timestamp":"2026-07-04T10:38:48.368629Z","level":"error","event":"Expected: _c0 but found:","logger":"task.stderr"}
{"timestamp":"2026-07-04T10:38:48.368651Z","level":"error","event":"CSV file: file:///Users/burugula.sasank/airflow/dags/file_stores/api_dump/cric_data/Bowling/Bowling_test.csv","logger":"task.stderr"}
{"timestamp":"2026-07-04T10:38:48.513243Z","level":"error","event":"26/07/04 16:08:48 WARN CSVHeaderChecker: CSV header does not conform to the schema.","logger":"task.stderr"}
{"timestamp":"2026-07-04T10:38:48.513363Z","level":"error","event":" Header: , Player, Span, Mat, Inns, Dis, Ct, St, Ct Wk, Ct Fi, MD, D/I, Unnamed: 11","logger":"task.stderr"}
{"timestamp":"2026-07-04T10:38:48.513393Z","level":"error","event":" Schema: _c0, Player, Span, Mat, Inns, Dis, Ct, St, Ct Wk, Ct Fi, MD, D/I, Unnamed: 11","logger":"task.stderr"}
{"timestamp":"2026-07-04T10:38:48.513417Z","level":"error","event":"Expected: _c0 but found:","logger":"task.stderr"}
{"timestamp":"2026-07-04T10:38:48.513451Z","level":"error","event":"CSV file: file:///Users/burugula.sasank/airflow/dags/file_stores/api_dump/cric_data/Fielding/Fielding_ODI.csv","logger":"task.stderr"}
{"timestamp":"2026-07-04T10:38:48.652689Z","level":"error","event":"26/07/04 16:08:48 WARN CSVHeaderChecker: CSV header does not conform to the schema.","logger":"task.stderr"}
{"timestamp":"2026-07-04T10:38:48.652792Z","level":"error","event":" Header: , Player, Span, Mat, Inns, Dis, Ct, St, Ct Wk, Ct Fi, MD, D/I, Unnamed: 11","logger":"task.stderr"}
{"timestamp":"2026-07-04T10:38:48.652821Z","level":"error","event":" Schema: _c0, Player, Span, Mat, Inns, Dis, Ct, St, Ct Wk, Ct Fi, MD, D/I, Unnamed: 11","logger":"task.stderr"}
{"timestamp":"2026-07-04T10:38:48.652843Z","level":"error","event":"Expected: _c0 but found:","logger":"task.stderr"}
{"timestamp":"2026-07-04T10:38:48.652863Z","level":"error","event":"CSV file: file:///Users/burugula.sasank/airflow/dags/file_stores/api_dump/cric_data/Fielding/Fielding_t20.csv","logger":"task.stderr"}
{"timestamp":"2026-07-04T10:38:48.769643Z","level":"error","event":"26/07/04 16:08:48 WARN CSVHeaderChecker: CSV header does not conform to the schema.","logger":"task.stderr"}
{"timestamp":"2026-07-04T10:38:48.769757Z","level":"error","event":" Header: , Player, Span, Mat, Inns, Dis, Ct, St, Ct Wk, Ct Fi, MD, D/I, Unnamed: 11","logger":"task.stderr"}
{"timestamp":"2026-07-04T10:38:48.769786Z","level":"error","event":" Schema: _c0, Player, Span, Mat, Inns, Dis, Ct, St, Ct Wk, Ct Fi, MD, D/I, Unnamed: 11","logger":"task.stderr"}
{"timestamp":"2026-07-04T10:38:48.769812Z","level":"error","event":"Expected: _c0 but found:","logger":"task.stderr"}
{"timestamp":"2026-07-04T10:38:48.769953Z","level":"error","event":"CSV file: file:///Users/burugula.sasank/airflow/dags/file_stores/api_dump/cric_data/Fielding/Fielding_test.csv","logger":"task.stderr"}
{"timestamp":"2026-07-04T10:38:48.860598Z","level":"error","event":"26/07/04 16:08:48 WARN CSVHeaderChecker: CSV header does not conform to the schema.","logger":"task.stderr"}
{"timestamp":"2026-07-04T10:38:48.860794Z","level":"error","event":" Header: , Player, Span, Mat, Inns, NO, Runs, HS, Ave, BF, SR, 100, 50, 0, Unnamed: 13","logger":"task.stderr"}
{"timestamp":"2026-07-04T10:38:48.860870Z","level":"error","event":" Schema: _c0, Player, Span, Mat, Inns, NO, Runs, HS, Ave, BF, SR, 100, 50, 0, Unnamed: 13","logger":"task.stderr"}
{"timestamp":"2026-07-04T10:38:48.860902Z","level":"error","event":"Expected: _c0 but found:","logger":"task.stderr"}
{"timestamp":"2026-07-04T10:38:48.860924Z","level":"error","event":"CSV file: file:///Users/burugula.sasank/airflow/dags/file_stores/api_dump/cric_data/Batting/ODI%20data.csv","logger":"task.stderr"}
{"timestamp":"2026-07-04T10:38:49.224278Z","level":"info","event":"Sample Data (ODI Batsmen):","logger":"task.stdout"}
{"timestamp":"2026-07-04T10:38:49.224530Z","level":"info","event":"+---+--------------------+---------+---+----+---+-----+----+-----+-----+-----+---+---+---+-----------+","logger":"task.stdout"}
{"timestamp":"2026-07-04T10:38:49.224592Z","level":"info","event":"|_c0|              Player|     Span|Mat|Inns| NO| Runs|  HS|  Ave|   BF|   SR|100| 50|  0|Unnamed: 13|","logger":"task.stdout"}
{"timestamp":"2026-07-04T10:38:49.224715Z","level":"info","event":"+---+--------------------+---------+---+----+---+-----+----+-----+-----+-----+---+---+---+-----------+","logger":"task.stdout"}
{"timestamp":"2026-07-04T10:38:49.224835Z","level":"info","event":"|  0|SR Tendulkar (INDIA)|1989-2012|463| 452| 41|18426|200*|44.83|21367|86.23| 49| 96| 20|       NULL|","logger":"task.stdout"}
{"timestamp":"2026-07-04T10:38:49.224952Z","level":"info","event":"|  1|KC Sangakkara (As...|2000-2015|404| 380| 41|14234| 169|41.98|18048|78.86| 25| 93| 15|       NULL|","logger":"task.stdout"}
{"timestamp":"2026-07-04T10:38:49.225065Z","level":"info","event":"+---+--------------------+---------+---+----+---+-----+----+-----+-----+-----+---+---+---+-----------+","logger":"task.stdout"}
{"timestamp":"2026-07-04T10:38:49.225210Z","level":"info","event":"only showing top 2 rows","logger":"task.stdout"}
{"timestamp":"2026-07-04T10:38:49.292149Z","level":"info","event":"Bronze Ingestion Success","logger":"task.stdout"}
{"timestamp":"2026-07-04T10:38:49.292397Z","level":"info","event":"Done. Returned value was: ","try_number":1,"run_id":"manual__2026-07-04T10:38:37.340641+00:00","map_index":-1,"task_id":"ingest_data_to_filesystem","dag_id":"dag_data","ti_id":"019f2cb5-7529-7ef4-b31b-506d8d3d097a","logger":"airflow.task.operators.airflow.providers.standard.decorators.python._PythonDecoratedOperator","filename":"python.py","lineno":233}
{"timestamp":"2026-07-04T10:38:49.292810Z","level":"info","event":"::group::Post Execute","try_number":1,"run_id":"manual__2026-07-04T10:38:37.340641+00:00","map_index":-1,"task_id":"ingest_data_to_filesystem","dag_id":"dag_data","ti_id":"019f2cb5-7529-7ef4-b31b-506d8d3d097a","logger":"task","filename":"task_runner.py","lineno":1288}
{"timestamp":"2026-07-04T10:38:49.293147Z","level":"info","event":"Pushing xcom","ti":"RuntimeTaskInstance(id=UUID('019f2cb5-7529-7ef4-b31b-506d8d3d097a'), task_id='ingest_data_to_filesystem', dag_id='dag_data', run_id='manual__2026-07-04T10:38:37.340641+00:00', try_number=1, dag_version_id=UUID('019f2c09-88cb-79f1-ada2-a2bc16a5412d'), map_index=-1, hostname='burugulas-macbook-air.local', context_carrier={'traceparent': '00-d6f797802d01da5e62114953135abcc4-84373f910018b576-01'}, task=<Task(_PythonDecoratedOperator): ingest_data_to_filesystem>, bundle_instance=LocalDagBundle(name=dags-folder), max_tries=0, start_date=datetime.datetime(2026, 7, 4, 10, 38, 42, 746508, tzinfo=datetime.timezone.utc), end_date=None, state=<TaskInstanceState.RUNNING: 'running'>, is_mapped=False, rendered_map_index=None, sentry_integration='')","try_number":1,"run_id":"manual__2026-07-04T10:38:37.340641+00:00","map_index":-1,"task_id":"ingest_data_to_filesystem","dag_id":"dag_data","ti_id":"019f2cb5-7529-7ef4-b31b-506d8d3d097a","logger":"task","filename":"task_runner.py","lineno":1791}
{"timestamp":"2026-07-04T10:38:49.312882Z","level":"info","event":"::endgroup::","try_number":1,"run_id":"manual__2026-07-04T10:38:37.340641+00:00","map_index":-1,"task_id":"ingest_data_to_filesystem","dag_id":"dag_data","ti_id":"019f2cb5-7529-7ef4-b31b-506d8d3d097a","logger":"task","filename":"task_runner.py","lineno":1896}
