{"timestamp":"2026-07-04T11:15:46.123514Z","level":"info","event":"2026-07-04T11:15:46.123392Z [info     ] ::group::Pre Execute           [task] loc=task_runner.py:1926","logger":"task.stdout"}
{"timestamp":"2026-07-04T11:15:46.203699Z","level":"info","event":"setup plugin alembic.autogenerate.schemas","logger":"alembic.runtime.plugins","run_id":"manual__2026-07-04T11:15:34.376891+00:00","task_id":"transform_data_from_filesystem","try_number":1,"ti_id":"019f2cd7-4975-75f4-a83b-2564dbbece70","map_index":-1,"dag_id":"dag_data","filename":"plugins.py","lineno":37}
{"timestamp":"2026-07-04T11:15:46.203773Z","level":"info","event":"setup plugin alembic.autogenerate.tables","logger":"alembic.runtime.plugins","run_id":"manual__2026-07-04T11:15:34.376891+00:00","task_id":"transform_data_from_filesystem","try_number":1,"ti_id":"019f2cd7-4975-75f4-a83b-2564dbbece70","map_index":-1,"dag_id":"dag_data","filename":"plugins.py","lineno":37}
{"timestamp":"2026-07-04T11:15:46.203805Z","level":"info","event":"setup plugin alembic.autogenerate.types","logger":"alembic.runtime.plugins","run_id":"manual__2026-07-04T11:15:34.376891+00:00","task_id":"transform_data_from_filesystem","try_number":1,"ti_id":"019f2cd7-4975-75f4-a83b-2564dbbece70","map_index":-1,"dag_id":"dag_data","filename":"plugins.py","lineno":37}
{"timestamp":"2026-07-04T11:15:46.203829Z","level":"info","event":"setup plugin alembic.autogenerate.constraints","logger":"alembic.runtime.plugins","run_id":"manual__2026-07-04T11:15:34.376891+00:00","task_id":"transform_data_from_filesystem","try_number":1,"ti_id":"019f2cd7-4975-75f4-a83b-2564dbbece70","map_index":-1,"dag_id":"dag_data","filename":"plugins.py","lineno":37}
{"timestamp":"2026-07-04T11:15:46.203849Z","level":"info","event":"setup plugin alembic.autogenerate.defaults","logger":"alembic.runtime.plugins","run_id":"manual__2026-07-04T11:15:34.376891+00:00","task_id":"transform_data_from_filesystem","try_number":1,"ti_id":"019f2cd7-4975-75f4-a83b-2564dbbece70","map_index":-1,"dag_id":"dag_data","filename":"plugins.py","lineno":37}
{"timestamp":"2026-07-04T11:15:46.203870Z","level":"info","event":"setup plugin alembic.autogenerate.comments","logger":"alembic.runtime.plugins","run_id":"manual__2026-07-04T11:15:34.376891+00:00","task_id":"transform_data_from_filesystem","try_number":1,"ti_id":"019f2cd7-4975-75f4-a83b-2564dbbece70","map_index":-1,"dag_id":"dag_data","filename":"plugins.py","lineno":37}
{"timestamp":"2026-07-04T11:15:46.244279Z","level":"info","event":"DAG bundles loaded: dags-folder","run_id":"manual__2026-07-04T11:15:34.376891+00:00","task_id":"transform_data_from_filesystem","try_number":1,"ti_id":"019f2cd7-4975-75f4-a83b-2564dbbece70","map_index":-1,"dag_id":"dag_data","logger":"airflow.dag_processing.bundles.manager.DagBundlesManager","filename":"manager.py","lineno":209}
{"timestamp":"2026-07-04T11:15:46.244482Z","level":"info","event":"Filling up the DagBag from /Users/burugula.sasank/airflow/dags/etl_scheduler.py","run_id":"manual__2026-07-04T11:15:34.376891+00:00","task_id":"transform_data_from_filesystem","try_number":1,"ti_id":"019f2cd7-4975-75f4-a83b-2564dbbece70","map_index":-1,"dag_id":"dag_data","logger":"airflow.dag_processing.dagbag.BundleDagBag","filename":"dagbag.py","lineno":469}
{"timestamp":"2026-07-04T11:15:46.275510Z","level":"warning","event":"The `airflow.decorators.task` attribute is deprecated. Please use `'airflow.sdk.task'`.","category":"UserWarning","filename":"/Users/burugula.sasank/airflow/dags/etl_scheduler.py","lineno":1,"run_id":"manual__2026-07-04T11:15:34.376891+00:00","task_id":"transform_data_from_filesystem","try_number":1,"ti_id":"019f2cd7-4975-75f4-a83b-2564dbbece70","map_index":-1,"dag_id":"dag_data","logger":"py.warnings"}
{"timestamp":"2026-07-04T11:15:46.275555Z","level":"warning","event":"The `airflow.decorators.dag` attribute is deprecated. Please use `'airflow.sdk.dag'`.","category":"UserWarning","filename":"/Users/burugula.sasank/airflow/dags/etl_scheduler.py","lineno":1,"run_id":"manual__2026-07-04T11:15:34.376891+00:00","task_id":"transform_data_from_filesystem","try_number":1,"ti_id":"019f2cd7-4975-75f4-a83b-2564dbbece70","map_index":-1,"dag_id":"dag_data","logger":"py.warnings"}
{"timestamp":"2026-07-04T11:15:46.275580Z","level":"warning","event":"The `airflow.hooks.base.BaseHook` attribute is deprecated. Please use `'airflow.sdk.bases.hook.BaseHook'`.","category":"UserWarning","filename":"/Users/burugula.sasank/airflow/dags/etl_scheduler.py","lineno":2,"run_id":"manual__2026-07-04T11:15:34.376891+00:00","task_id":"transform_data_from_filesystem","try_number":1,"ti_id":"019f2cd7-4975-75f4-a83b-2564dbbece70","map_index":-1,"dag_id":"dag_data","logger":"py.warnings"}
{"timestamp":"2026-07-04T11:15:46.288176Z","level":"info","event":"::endgroup::","run_id":"manual__2026-07-04T11:15:34.376891+00:00","task_id":"transform_data_from_filesystem","try_number":1,"ti_id":"019f2cd7-4975-75f4-a83b-2564dbbece70","map_index":-1,"dag_id":"dag_data","logger":"task","filename":"task_runner.py","lineno":1727}
{"timestamp":"2026-07-04T11:15:46.365368Z","level":"error","event":"/Library/Frameworks/Python.framework/Versions/3.14/lib/python3.14/site-packages/pyspark/sql/udf.py:134: UserWarning: Cannot infer the eval type from type hints.","logger":"task.stderr"}
{"timestamp":"2026-07-04T11:15:46.365451Z","level":"error","event":"  warnings.warn(\"Cannot infer the eval type from type hints. \", UserWarning)","logger":"task.stderr"}
{"timestamp":"2026-07-04T11:15:46.481915Z","level":"error","event":"WARNING: Using incubator modules: jdk.incubator.vector","logger":"task.stderr"}
{"timestamp":"2026-07-04T11:15:46.775911Z","level":"error","event":"Using Spark's default log4j profile: org/apache/spark/log4j2-defaults.properties","logger":"task.stderr"}
{"timestamp":"2026-07-04T11:15:46.781658Z","level":"error","event":"26/07/04 16:45:46 WARN Utils: Your hostname, Burugulas-MacBook-Air.local, resolves to a loopback address: 127.0.0.1; using 192.168.0.107 instead (on interface en0)","logger":"task.stderr"}
{"timestamp":"2026-07-04T11:15:46.782681Z","level":"error","event":"26/07/04 16:45:46 WARN Utils: Set SPARK_LOCAL_IP if you need to bind to another address","logger":"task.stderr"}
{"timestamp":"2026-07-04T11:15:46.846793Z","level":"error","event":":: loading settings :: url = jar:file:/Library/Frameworks/Python.framework/Versions/3.14/lib/python3.14/site-packages/pyspark/jars/ivy-2.5.3.jar!/org/apache/ivy/core/settings/ivysettings.xml","logger":"task.stderr"}
{"timestamp":"2026-07-04T11:15:46.876613Z","level":"error","event":"Ivy Default Cache set to: /Users/burugula.sasank/.ivy2.5.2/cache","logger":"task.stderr"}
{"timestamp":"2026-07-04T11:15:46.876714Z","level":"error","event":"The jars for the packages stored in: /Users/burugula.sasank/.ivy2.5.2/jars","logger":"task.stderr"}
{"timestamp":"2026-07-04T11:15:46.877912Z","level":"error","event":"org.postgresql#postgresql added as a dependency","logger":"task.stderr"}
{"timestamp":"2026-07-04T11:15:46.878158Z","level":"error","event":":: resolving dependencies :: org.apache.spark#spark-submit-parent-ca924e20-d2ad-4a35-859e-3ca0928bd952;1.0","logger":"task.stderr"}
{"timestamp":"2026-07-04T11:15:46.878216Z","level":"error","event":"\tconfs: [default]","logger":"task.stderr"}
{"timestamp":"2026-07-04T11:15:46.915084Z","level":"error","event":"\tfound org.postgresql#postgresql;42.7.3 in central","logger":"task.stderr"}
{"timestamp":"2026-07-04T11:15:46.923119Z","level":"error","event":"\tfound org.checkerframework#checker-qual;3.42.0 in central","logger":"task.stderr"}
{"timestamp":"2026-07-04T11:15:46.928062Z","level":"error","event":":: resolution report :: resolve 48ms :: artifacts dl 1ms","logger":"task.stderr"}
{"timestamp":"2026-07-04T11:15:46.928152Z","level":"error","event":"\t:: modules in use:","logger":"task.stderr"}
{"timestamp":"2026-07-04T11:15:46.928244Z","level":"error","event":"\torg.checkerframework#checker-qual;3.42.0 from central in [default]","logger":"task.stderr"}
{"timestamp":"2026-07-04T11:15:46.928293Z","level":"error","event":"\torg.postgresql#postgresql;42.7.3 from central in [default]","logger":"task.stderr"}
{"timestamp":"2026-07-04T11:15:46.928336Z","level":"error","event":"\t---------------------------------------------------------------------","logger":"task.stderr"}
{"timestamp":"2026-07-04T11:15:46.928387Z","level":"error","event":"\t|                  |            modules            ||   artifacts   |","logger":"task.stderr"}
{"timestamp":"2026-07-04T11:15:46.928429Z","level":"error","event":"\t|       conf       | number| search|dwnlded|evicted|| number|dwnlded|","logger":"task.stderr"}
{"timestamp":"2026-07-04T11:15:46.928471Z","level":"error","event":"\t---------------------------------------------------------------------","logger":"task.stderr"}
{"timestamp":"2026-07-04T11:15:46.928517Z","level":"error","event":"\t|      default     |   2   |   0   |   0   |   0   ||   2   |   0   |","logger":"task.stderr"}
{"timestamp":"2026-07-04T11:15:46.928557Z","level":"error","event":"\t---------------------------------------------------------------------","logger":"task.stderr"}
{"timestamp":"2026-07-04T11:15:46.929766Z","level":"error","event":":: retrieving :: org.apache.spark#spark-submit-parent-ca924e20-d2ad-4a35-859e-3ca0928bd952","logger":"task.stderr"}
{"timestamp":"2026-07-04T11:15:46.929825Z","level":"error","event":"\tconfs: [default]","logger":"task.stderr"}
{"timestamp":"2026-07-04T11:15:46.931560Z","level":"error","event":"\t0 artifacts copied, 2 already retrieved (0kB/2ms)","logger":"task.stderr"}
{"timestamp":"2026-07-04T11:15:46.998883Z","level":"error","event":"26/07/04 16:45:46 WARN NativeCodeLoader: Unable to load native-hadoop library for your platform... using builtin-java classes where applicable","logger":"task.stderr"}
{"timestamp":"2026-07-04T11:15:47.043288Z","level":"error","event":"Using Spark's default log4j profile: org/apache/spark/log4j2-defaults.properties","logger":"task.stderr"}
{"timestamp":"2026-07-04T11:15:47.043440Z","level":"error","event":"Setting default log level to \"WARN\".","logger":"task.stderr"}
{"timestamp":"2026-07-04T11:15:47.043471Z","level":"error","event":"To adjust logging level use sc.setLogLevel(newLevel). For SparkR, use setLogLevel(newLevel).","logger":"task.stderr"}
{"timestamp":"2026-07-04T11:15:50.259760Z","level":"error","event":"26/07/04 16:45:50 WARN SparkStringUtils: Truncated the string representation of a plan since it was too large. This behavior can be adjusted by setting 'spark.sql.debug.maxToStringFields'.","logger":"task.stderr"}
{"timestamp":"2026-07-04T11:15:53.899031Z","level":"info","event":".....Connection with the database is successfull......","logger":"task.stdout"}
{"timestamp":"2026-07-04T11:15:53.899547Z","level":"info","event":".....Erased stale materialized views......","logger":"task.stdout"}
{"timestamp":"2026-07-04T11:15:53.899589Z","level":"info","event":"+-----------+-----------+------------+--------------+--------------+--------+----+-------------+-------+-----------+-----------+--------+-------+-----+---------------+---------------+------+","logger":"task.stdout"}
{"timestamp":"2026-07-04T11:15:53.899616Z","level":"info","event":"|  full_name|    country|years_active|matches_played|innings_played|not_outs|Runs|highest_score|average|balls_faced|strike_rate|hundreds|fifties|ducks|number_of_fours|number_of_sixes|format|","logger":"task.stdout"}
{"timestamp":"2026-07-04T11:15:53.899638Z","level":"info","event":"+-----------+-----------+------------+--------------+--------------+--------+----+-------------+-------+-----------+-----------+--------+-------+-----+---------------+---------------+------+","logger":"task.stdout"}
{"timestamp":"2026-07-04T11:15:53.899663Z","level":"info","event":"|LMP Simmons|West Indies|          12|            49|            48|       7| 990|           82|  24.14|        848|     116.74|       0|      6|    6|             92|             37|   T20|","logger":"task.stdout"}
{"timestamp":"2026-07-04T11:15:53.899683Z","level":"info","event":"+-----------+-----------+------------+--------------+--------------+--------+----+-------------+-------+-----------+-----------+--------+-------+-----+---------------+---------------+------+","logger":"task.stdout"}
{"timestamp":"2026-07-04T11:15:53.899712Z","level":"info","event":"only showing top 1 row","logger":"task.stdout"}
{"timestamp":"2026-07-04T11:15:53.899732Z","level":"info","event":"+---------+-------+------------+--------------+--------------+--------+----+-------------+-------+--------+-------+-----+------+","logger":"task.stdout"}
{"timestamp":"2026-07-04T11:15:53.899751Z","level":"info","event":"|full_name|country|years_active|matches_played|innings_played|not_outs|Runs|highest_score|average|hundreds|fifties|ducks|format|","logger":"task.stdout"}
{"timestamp":"2026-07-04T11:15:53.899769Z","level":"info","event":"+---------+-------+------------+--------------+--------------+--------+----+-------------+-------+--------+-------+-----+------+","logger":"task.stdout"}
{"timestamp":"2026-07-04T11:15:53.899787Z","level":"info","event":"| DB Close|England|          27|            22|            37|       2| 887|           70|  25.34|       0|      4|    3|  Test|","logger":"task.stdout"}
{"timestamp":"2026-07-04T11:15:53.899806Z","level":"info","event":"+---------+-------+------------+--------------+--------------+--------+----+-------------+-------+--------+-------+-----+------+","logger":"task.stdout"}
{"timestamp":"2026-07-04T11:15:53.899824Z","level":"info","event":"only showing top 1 row","logger":"task.stdout"}
{"timestamp":"2026-07-04T11:15:53.899842Z","level":"info","event":"+---------+-----------+------------+--------------+--------------+-----+----+-------+----+-------+-------+-----------+-----------------+-----------------+------+","logger":"task.stdout"}
{"timestamp":"2026-07-04T11:15:53.899861Z","level":"info","event":"|full_name|    country|years_active|matches_played|innings_played|Balls|Runs|wickets| BBI|average|economy|strike_rate|four_wicket_hauls|five_wicket_hauls|format|","logger":"task.stdout"}
{"timestamp":"2026-07-04T11:15:53.899892Z","level":"info","event":"+---------+-----------+------------+--------------+--------------+-----+----+-------+----+-------+-------+-----------+-----------------+-----------------+------+","logger":"task.stdout"}
{"timestamp":"2026-07-04T11:15:53.899910Z","level":"info","event":"|R Dhanraj|West Indies|           1|             6|             5|  264| 170|     10|4/26|   17.0|   3.86|       26.4|                1|                0|   ODI|","logger":"task.stdout"}
{"timestamp":"2026-07-04T11:15:53.899928Z","level":"info","event":"+---------+-----------+------------+--------------+--------------+-----+----+-------+----+-------+-------+-----------+-----------------+-----------------+------+","logger":"task.stdout"}
{"timestamp":"2026-07-04T11:15:53.899945Z","level":"info","event":"only showing top 1 row","logger":"task.stdout"}
{"timestamp":"2026-07-04T11:15:53.899966Z","level":"info","event":"+-------------------+--------+------------+--------------+--------------+-----+-----------------+----+-------+----+-------+-------+-----------+-----------------+-----------------+------+","logger":"task.stdout"}
{"timestamp":"2026-07-04T11:15:53.899991Z","level":"info","event":"|          full_name| country|years_active|matches_played|innings_played|Overs|number_of_maidens|Runs|wickets| BBI|average|economy|strike_rate|four_wicket_hauls|five_wicket_hauls|format|","logger":"task.stdout"}
{"timestamp":"2026-07-04T11:15:53.900012Z","level":"info","event":"+-------------------+--------+------------+--------------+--------------+-----+-----------------+----+-------+----+-------+-------+-----------+-----------------+-----------------+------+","logger":"task.stdout"}
{"timestamp":"2026-07-04T11:15:53.900030Z","level":"info","event":"|Shaheen Shah Afridi|Pakistan|           1|            10|            10|  228|                0| 288|     14|3/20|  20.57|   7.57|       16.2|                0|                0|   T20|","logger":"task.stdout"}
{"timestamp":"2026-07-04T11:15:53.900049Z","level":"info","event":"+-------------------+--------+------------+--------------+--------------+-----+-----------------+----+-------+----+-------+-------+-----------+-----------------+-----------------+------+","logger":"task.stdout"}
{"timestamp":"2026-07-04T11:15:53.900074Z","level":"info","event":"only showing top 1 row","logger":"task.stdout"}
{"timestamp":"2026-07-04T11:15:53.900092Z","level":"info","event":"+----------------+-------+------------+--------------+--------------+-----+----+-------+----+------+-------+-------+-----------+-----------------+---+------+","logger":"task.stdout"}
{"timestamp":"2026-07-04T11:15:53.900111Z","level":"info","event":"|       full_name|country|years_active|matches_played|innings_played|Balls|Runs|wickets| BBI|   BBM|average|economy|strike_rate|five_wicket_hauls| 10|format|","logger":"task.stdout"}
{"timestamp":"2026-07-04T11:15:53.900130Z","level":"info","event":"+----------------+-------+------------+--------------+--------------+-----+----+-------+----+------+-------+-------+-----------+-----------------+---+------+","logger":"task.stdout"}
{"timestamp":"2026-07-04T11:15:53.900205Z","level":"info","event":"|BS Chandrasekhar|  India|          15|            58|            97|15963|7199|    242|8/79|12/104|  29.74|    2.7|       65.9|               16|  2|  Test|","logger":"task.stdout"}
{"timestamp":"2026-07-04T11:15:53.900226Z","level":"info","event":"+----------------+-------+------------+--------------+--------------+-----+----+-------+----+------+-------+-------+-----------+-----------------+---+------+","logger":"task.stdout"}
{"timestamp":"2026-07-04T11:15:53.900244Z","level":"info","event":"only showing top 1 row","logger":"task.stdout"}
{"timestamp":"2026-07-04T11:15:53.900264Z","level":"info","event":"+---------+-------+------------+--------------+--------------+----------+-------+---------+-------------+------+","logger":"task.stdout"}
{"timestamp":"2026-07-04T11:15:53.900282Z","level":"info","event":"|full_name|country|years_active|matches_played|innings_played|dismissals|catches|stumpings|catch_wickets|format|","logger":"task.stdout"}
{"timestamp":"2026-07-04T11:15:53.900300Z","level":"info","event":"+---------+-------+------------+--------------+--------------+----------+-------+---------+-------------+------+","logger":"task.stdout"}
{"timestamp":"2026-07-04T11:15:53.900318Z","level":"info","event":"|  V Kohli|  India|          11|           242|           240|       124|    124|        0|            0|   ODI|","logger":"task.stdout"}
{"timestamp":"2026-07-04T11:15:53.900335Z","level":"info","event":"+---------+-------+------------+--------------+--------------+----------+-------+---------+-------------+------+","logger":"task.stdout"}
{"timestamp":"2026-07-04T11:15:53.900352Z","level":"info","event":"only showing top 1 row","logger":"task.stdout"}
{"timestamp":"2026-07-04T11:15:53.900370Z","level":"info","event":"+------------+----------+------------+--------------+--------------+----------+-------+---------+-------------+------+","logger":"task.stdout"}
{"timestamp":"2026-07-04T11:15:53.900388Z","level":"info","event":"|   full_name|   country|years_active|matches_played|innings_played|dismissals|catches|stumpings|catch_wickets|format|","logger":"task.stdout"}
{"timestamp":"2026-07-04T11:15:53.900405Z","level":"info","event":"+------------+----------+------------+--------------+--------------+----------+-------+---------+-------------+------+","logger":"task.stdout"}
{"timestamp":"2026-07-04T11:15:53.900421Z","level":"info","event":"|Ziaur Rahman|Bangladesh|           2|            14|            14|         4|      4|        0|            0|   T20|","logger":"task.stdout"}
{"timestamp":"2026-07-04T11:15:53.900440Z","level":"info","event":"+------------+----------+------------+--------------+--------------+----------+-------+---------+-------------+------+","logger":"task.stdout"}
{"timestamp":"2026-07-04T11:15:53.900456Z","level":"info","event":"only showing top 1 row","logger":"task.stdout"}
{"timestamp":"2026-07-04T11:15:53.900472Z","level":"info","event":"+---------+---------+------------+--------------+--------------+----------+-------+---------+-------------+------+","logger":"task.stdout"}
{"timestamp":"2026-07-04T11:15:53.900492Z","level":"info","event":"|full_name|  country|years_active|matches_played|innings_played|dismissals|catches|stumpings|catch_wickets|format|","logger":"task.stdout"}
{"timestamp":"2026-07-04T11:15:53.900511Z","level":"info","event":"+---------+---------+------------+--------------+--------------+----------+-------+---------+-------------+------+","logger":"task.stdout"}
{"timestamp":"2026-07-04T11:15:53.900527Z","level":"info","event":"|BN Jarman|Australia|          10|            19|            36|        54|     50|        4|           50|  Test|","logger":"task.stdout"}
{"timestamp":"2026-07-04T11:15:53.900543Z","level":"info","event":"+---------+---------+------------+--------------+--------------+----------+-------+---------+-------------+------+","logger":"task.stdout"}
{"timestamp":"2026-07-04T11:15:53.900559Z","level":"info","event":"only showing top 1 row","logger":"task.stdout"}
{"timestamp":"2026-07-04T11:15:53.918677Z","level":"info","event":"Silver Ingestion Success with returned val:CompletedProcess(args=['python3', '/Users/burugula.sasank/airflow/dags/spark/notebooks/silver_layer/data_transformations.py'], returncode=0)","logger":"task.stdout"}
{"timestamp":"2026-07-04T11:15:53.919002Z","level":"info","event":"Done. Returned value was: ","run_id":"manual__2026-07-04T11:15:34.376891+00:00","task_id":"transform_data_from_filesystem","try_number":1,"ti_id":"019f2cd7-4975-75f4-a83b-2564dbbece70","map_index":-1,"dag_id":"dag_data","logger":"airflow.task.operators.airflow.providers.standard.decorators.python._PythonDecoratedOperator","filename":"python.py","lineno":233}
{"timestamp":"2026-07-04T11:15:53.919450Z","level":"info","event":"::group::Post Execute","run_id":"manual__2026-07-04T11:15:34.376891+00:00","task_id":"transform_data_from_filesystem","try_number":1,"ti_id":"019f2cd7-4975-75f4-a83b-2564dbbece70","map_index":-1,"dag_id":"dag_data","logger":"task","filename":"task_runner.py","lineno":1288}
{"timestamp":"2026-07-04T11:15:53.919812Z","level":"info","event":"Pushing xcom","ti":"RuntimeTaskInstance(id=UUID('019f2cd7-4975-75f4-a83b-2564dbbece70'), task_id='transform_data_from_filesystem', dag_id='dag_data', run_id='manual__2026-07-04T11:15:34.376891+00:00', try_number=1, dag_version_id=UUID('019f2c09-88cb-79f1-ada2-a2bc16a5412d'), map_index=-1, hostname='burugulas-macbook-air.local', context_carrier={'traceparent': '00-ce97c4e4ec17901941b1aa29bcceddf0-88ce1f5d66d6484d-01'}, task=<Task(_PythonDecoratedOperator): transform_data_from_filesystem>, bundle_instance=LocalDagBundle(name=dags-folder), max_tries=0, start_date=datetime.datetime(2026, 7, 4, 11, 15, 45, 712402, tzinfo=datetime.timezone.utc), end_date=None, state=<TaskInstanceState.RUNNING: 'running'>, is_mapped=False, rendered_map_index=None, sentry_integration='')","run_id":"manual__2026-07-04T11:15:34.376891+00:00","task_id":"transform_data_from_filesystem","try_number":1,"ti_id":"019f2cd7-4975-75f4-a83b-2564dbbece70","map_index":-1,"dag_id":"dag_data","logger":"task","filename":"task_runner.py","lineno":1791}
{"timestamp":"2026-07-04T11:15:53.934935Z","level":"info","event":"::endgroup::","run_id":"manual__2026-07-04T11:15:34.376891+00:00","task_id":"transform_data_from_filesystem","try_number":1,"ti_id":"019f2cd7-4975-75f4-a83b-2564dbbece70","map_index":-1,"dag_id":"dag_data","logger":"task","filename":"task_runner.py","lineno":1896}
{"timestamp":"2026-07-04T11:15:54.389360Z","level":"error","event":"\r[Stage 9:>                                                          (0 + 1) / 1]","logger":"task.stderr"}
