{"timestamp":"2026-07-03T10:42:33.830335Z","level":"info","event":"2026-07-03T10:42:33.830209Z [info     ] ::group::Pre Execute           [task] loc=task_runner.py:1926","logger":"task.stdout"}
{"timestamp":"2026-07-03T10:42:33.910126Z","level":"info","event":"setup plugin alembic.autogenerate.schemas","logger":"alembic.runtime.plugins","map_index":-1,"ti_id":"019f2792-8789-7a02-a4cf-907d2da0ba52","task_id":"transform_data_from_filesystem","dag_id":"dag_data","try_number":1,"run_id":"manual__2026-07-03T10:42:22.204271+00:00","filename":"plugins.py","lineno":37}
{"timestamp":"2026-07-03T10:42:33.910200Z","level":"info","event":"setup plugin alembic.autogenerate.tables","logger":"alembic.runtime.plugins","map_index":-1,"ti_id":"019f2792-8789-7a02-a4cf-907d2da0ba52","task_id":"transform_data_from_filesystem","dag_id":"dag_data","try_number":1,"run_id":"manual__2026-07-03T10:42:22.204271+00:00","filename":"plugins.py","lineno":37}
{"timestamp":"2026-07-03T10:42:33.910233Z","level":"info","event":"setup plugin alembic.autogenerate.types","logger":"alembic.runtime.plugins","map_index":-1,"ti_id":"019f2792-8789-7a02-a4cf-907d2da0ba52","task_id":"transform_data_from_filesystem","dag_id":"dag_data","try_number":1,"run_id":"manual__2026-07-03T10:42:22.204271+00:00","filename":"plugins.py","lineno":37}
{"timestamp":"2026-07-03T10:42:33.910257Z","level":"info","event":"setup plugin alembic.autogenerate.constraints","logger":"alembic.runtime.plugins","map_index":-1,"ti_id":"019f2792-8789-7a02-a4cf-907d2da0ba52","task_id":"transform_data_from_filesystem","dag_id":"dag_data","try_number":1,"run_id":"manual__2026-07-03T10:42:22.204271+00:00","filename":"plugins.py","lineno":37}
{"timestamp":"2026-07-03T10:42:33.910277Z","level":"info","event":"setup plugin alembic.autogenerate.defaults","logger":"alembic.runtime.plugins","map_index":-1,"ti_id":"019f2792-8789-7a02-a4cf-907d2da0ba52","task_id":"transform_data_from_filesystem","dag_id":"dag_data","try_number":1,"run_id":"manual__2026-07-03T10:42:22.204271+00:00","filename":"plugins.py","lineno":37}
{"timestamp":"2026-07-03T10:42:33.910297Z","level":"info","event":"setup plugin alembic.autogenerate.comments","logger":"alembic.runtime.plugins","map_index":-1,"ti_id":"019f2792-8789-7a02-a4cf-907d2da0ba52","task_id":"transform_data_from_filesystem","dag_id":"dag_data","try_number":1,"run_id":"manual__2026-07-03T10:42:22.204271+00:00","filename":"plugins.py","lineno":37}
{"timestamp":"2026-07-03T10:42:33.950669Z","level":"info","event":"DAG bundles loaded: dags-folder","map_index":-1,"ti_id":"019f2792-8789-7a02-a4cf-907d2da0ba52","task_id":"transform_data_from_filesystem","dag_id":"dag_data","try_number":1,"run_id":"manual__2026-07-03T10:42:22.204271+00:00","logger":"airflow.dag_processing.bundles.manager.DagBundlesManager","filename":"manager.py","lineno":209}
{"timestamp":"2026-07-03T10:42:33.950864Z","level":"info","event":"Filling up the DagBag from /Users/burugula.sasank/airflow/dags/etl_scheduler.py","map_index":-1,"ti_id":"019f2792-8789-7a02-a4cf-907d2da0ba52","task_id":"transform_data_from_filesystem","dag_id":"dag_data","try_number":1,"run_id":"manual__2026-07-03T10:42:22.204271+00:00","logger":"airflow.dag_processing.dagbag.BundleDagBag","filename":"dagbag.py","lineno":469}
{"timestamp":"2026-07-03T10:42:33.982157Z","level":"warning","event":"The `airflow.decorators.task` attribute is deprecated. Please use `'airflow.sdk.task'`.","category":"UserWarning","filename":"/Users/burugula.sasank/airflow/dags/etl_scheduler.py","lineno":1,"map_index":-1,"ti_id":"019f2792-8789-7a02-a4cf-907d2da0ba52","task_id":"transform_data_from_filesystem","dag_id":"dag_data","try_number":1,"run_id":"manual__2026-07-03T10:42:22.204271+00:00","logger":"py.warnings"}
{"timestamp":"2026-07-03T10:42:33.982202Z","level":"warning","event":"The `airflow.decorators.dag` attribute is deprecated. Please use `'airflow.sdk.dag'`.","category":"UserWarning","filename":"/Users/burugula.sasank/airflow/dags/etl_scheduler.py","lineno":1,"map_index":-1,"ti_id":"019f2792-8789-7a02-a4cf-907d2da0ba52","task_id":"transform_data_from_filesystem","dag_id":"dag_data","try_number":1,"run_id":"manual__2026-07-03T10:42:22.204271+00:00","logger":"py.warnings"}
{"timestamp":"2026-07-03T10:42:33.982227Z","level":"warning","event":"The `airflow.hooks.base.BaseHook` attribute is deprecated. Please use `'airflow.sdk.bases.hook.BaseHook'`.","category":"UserWarning","filename":"/Users/burugula.sasank/airflow/dags/etl_scheduler.py","lineno":2,"map_index":-1,"ti_id":"019f2792-8789-7a02-a4cf-907d2da0ba52","task_id":"transform_data_from_filesystem","dag_id":"dag_data","try_number":1,"run_id":"manual__2026-07-03T10:42:22.204271+00:00","logger":"py.warnings"}
{"timestamp":"2026-07-03T10:42:33.994311Z","level":"info","event":"::endgroup::","map_index":-1,"ti_id":"019f2792-8789-7a02-a4cf-907d2da0ba52","task_id":"transform_data_from_filesystem","dag_id":"dag_data","try_number":1,"run_id":"manual__2026-07-03T10:42:22.204271+00:00","logger":"task","filename":"task_runner.py","lineno":1727}
{"timestamp":"2026-07-03T10:42:34.058721Z","level":"error","event":"/Library/Frameworks/Python.framework/Versions/3.14/lib/python3.14/site-packages/pyspark/sql/udf.py:134: UserWarning: Cannot infer the eval type from type hints.","logger":"task.stderr"}
{"timestamp":"2026-07-03T10:42:34.058808Z","level":"error","event":"  warnings.warn(\"Cannot infer the eval type from type hints. \", UserWarning)","logger":"task.stderr"}
{"timestamp":"2026-07-03T10:42:34.171104Z","level":"error","event":"WARNING: Using incubator modules: jdk.incubator.vector","logger":"task.stderr"}
{"timestamp":"2026-07-03T10:42:34.464434Z","level":"error","event":"Using Spark's default log4j profile: org/apache/spark/log4j2-defaults.properties","logger":"task.stderr"}
{"timestamp":"2026-07-03T10:42:34.470167Z","level":"error","event":"26/07/03 16:12:34 WARN Utils: Your hostname, Burugulas-MacBook-Air.local, resolves to a loopback address: 127.0.0.1; using 192.168.0.107 instead (on interface en0)","logger":"task.stderr"}
{"timestamp":"2026-07-03T10:42:34.471137Z","level":"error","event":"26/07/03 16:12:34 WARN Utils: Set SPARK_LOCAL_IP if you need to bind to another address","logger":"task.stderr"}
{"timestamp":"2026-07-03T10:42:34.533507Z","level":"error","event":":: loading settings :: url = jar:file:/Library/Frameworks/Python.framework/Versions/3.14/lib/python3.14/site-packages/pyspark/jars/ivy-2.5.3.jar!/org/apache/ivy/core/settings/ivysettings.xml","logger":"task.stderr"}
{"timestamp":"2026-07-03T10:42:34.556186Z","level":"error","event":"Ivy Default Cache set to: /Users/burugula.sasank/.ivy2.5.2/cache","logger":"task.stderr"}
{"timestamp":"2026-07-03T10:42:34.556291Z","level":"error","event":"The jars for the packages stored in: /Users/burugula.sasank/.ivy2.5.2/jars","logger":"task.stderr"}
{"timestamp":"2026-07-03T10:42:34.557354Z","level":"error","event":"org.postgresql#postgresql added as a dependency","logger":"task.stderr"}
{"timestamp":"2026-07-03T10:42:34.557622Z","level":"error","event":":: resolving dependencies :: org.apache.spark#spark-submit-parent-77e6de6a-5b0f-4e82-b1ec-d0b707fab845;1.0","logger":"task.stderr"}
{"timestamp":"2026-07-03T10:42:34.557680Z","level":"error","event":"\tconfs: [default]","logger":"task.stderr"}
{"timestamp":"2026-07-03T10:42:34.587385Z","level":"error","event":"\tfound org.postgresql#postgresql;42.7.3 in central","logger":"task.stderr"}
{"timestamp":"2026-07-03T10:42:34.595494Z","level":"error","event":"\tfound org.checkerframework#checker-qual;3.42.0 in central","logger":"task.stderr"}
{"timestamp":"2026-07-03T10:42:34.600238Z","level":"error","event":":: resolution report :: resolve 41ms :: artifacts dl 2ms","logger":"task.stderr"}
{"timestamp":"2026-07-03T10:42:34.600347Z","level":"error","event":"\t:: modules in use:","logger":"task.stderr"}
{"timestamp":"2026-07-03T10:42:34.600444Z","level":"error","event":"\torg.checkerframework#checker-qual;3.42.0 from central in [default]","logger":"task.stderr"}
{"timestamp":"2026-07-03T10:42:34.600497Z","level":"error","event":"\torg.postgresql#postgresql;42.7.3 from central in [default]","logger":"task.stderr"}
{"timestamp":"2026-07-03T10:42:34.600539Z","level":"error","event":"\t---------------------------------------------------------------------","logger":"task.stderr"}
{"timestamp":"2026-07-03T10:42:34.600588Z","level":"error","event":"\t|                  |            modules            ||   artifacts   |","logger":"task.stderr"}
{"timestamp":"2026-07-03T10:42:34.600632Z","level":"error","event":"\t|       conf       | number| search|dwnlded|evicted|| number|dwnlded|","logger":"task.stderr"}
{"timestamp":"2026-07-03T10:42:34.600672Z","level":"error","event":"\t---------------------------------------------------------------------","logger":"task.stderr"}
{"timestamp":"2026-07-03T10:42:34.600717Z","level":"error","event":"\t|      default     |   2   |   0   |   0   |   0   ||   2   |   0   |","logger":"task.stderr"}
{"timestamp":"2026-07-03T10:42:34.600757Z","level":"error","event":"\t---------------------------------------------------------------------","logger":"task.stderr"}
{"timestamp":"2026-07-03T10:42:34.601867Z","level":"error","event":":: retrieving :: org.apache.spark#spark-submit-parent-77e6de6a-5b0f-4e82-b1ec-d0b707fab845","logger":"task.stderr"}
{"timestamp":"2026-07-03T10:42:34.602001Z","level":"error","event":"\tconfs: [default]","logger":"task.stderr"}
{"timestamp":"2026-07-03T10:42:34.603917Z","level":"error","event":"\t0 artifacts copied, 2 already retrieved (0kB/2ms)","logger":"task.stderr"}
{"timestamp":"2026-07-03T10:42:34.670598Z","level":"error","event":"26/07/03 16:12:34 WARN NativeCodeLoader: Unable to load native-hadoop library for your platform... using builtin-java classes where applicable","logger":"task.stderr"}
{"timestamp":"2026-07-03T10:42:34.715431Z","level":"error","event":"Using Spark's default log4j profile: org/apache/spark/log4j2-defaults.properties","logger":"task.stderr"}
{"timestamp":"2026-07-03T10:42:34.715569Z","level":"error","event":"Setting default log level to \"WARN\".","logger":"task.stderr"}
{"timestamp":"2026-07-03T10:42:34.715599Z","level":"error","event":"To adjust logging level use sc.setLogLevel(newLevel). For SparkR, use setLogLevel(newLevel).","logger":"task.stderr"}
{"timestamp":"2026-07-03T10:42:36.132126Z","level":"error","event":"26/07/03 16:12:36 WARN FileStreamSink: Assume no metadata directory. Error while looking for metadata directory in the path: file_stores/bronze_layer/Batting/ODI.","logger":"task.stderr"}
{"timestamp":"2026-07-03T10:42:36.132231Z","level":"error","event":"java.io.FileNotFoundException: File file_stores/bronze_layer/Batting/ODI does not exist","logger":"task.stderr"}
{"timestamp":"2026-07-03T10:42:36.132264Z","level":"error","event":"\tat org.apache.hadoop.fs.RawLocalFileSystem.deprecatedGetFileStatus(RawLocalFileSystem.java:980)","logger":"task.stderr"}
{"timestamp":"2026-07-03T10:42:36.132298Z","level":"error","event":"\tat org.apache.hadoop.fs.RawLocalFileSystem.getFileLinkStatusInternal(RawLocalFileSystem.java:1301)","logger":"task.stderr"}
{"timestamp":"2026-07-03T10:42:36.132319Z","level":"error","event":"\tat org.apache.hadoop.fs.RawLocalFileSystem.getFileStatus(RawLocalFileSystem.java:970)","logger":"task.stderr"}
{"timestamp":"2026-07-03T10:42:36.132337Z","level":"error","event":"\tat org.apache.hadoop.fs.FilterFileSystem.getFileStatus(FilterFileSystem.java:462)","logger":"task.stderr"}
{"timestamp":"2026-07-03T10:42:36.132356Z","level":"error","event":"\tat org.apache.spark.sql.execution.streaming.sinks.FileStreamSink$.hasMetadata(FileStreamSink.scala:58)","logger":"task.stderr"}
{"timestamp":"2026-07-03T10:42:36.132374Z","level":"error","event":"\tat org.apache.spark.sql.execution.datasources.DataSource.resolveRelation(DataSource.scala:384)","logger":"task.stderr"}
{"timestamp":"2026-07-03T10:42:36.132392Z","level":"error","event":"\tat org.apache.spark.sql.catalyst.analysis.ResolveDataSource.org$apache$spark$sql$catalyst$analysis$ResolveDataSource$$loadV1BatchSource(ResolveDataSource.scala:143)","logger":"task.stderr"}
{"timestamp":"2026-07-03T10:42:36.132415Z","level":"error","event":"\tat org.apache.spark.sql.catalyst.analysis.ResolveDataSource$$anonfun$apply$1.$anonfun$applyOrElse$2(ResolveDataSource.scala:61)","logger":"task.stderr"}
{"timestamp":"2026-07-03T10:42:36.132446Z","level":"error","event":"\tat scala.Option.getOrElse(Option.scala:201)","logger":"task.stderr"}
{"timestamp":"2026-07-03T10:42:36.132471Z","level":"error","event":"\tat org.apache.spark.sql.catalyst.analysis.ResolveDataSource$$anonfun$apply$1.applyOrElse(ResolveDataSource.scala:61)","logger":"task.stderr"}
{"timestamp":"2026-07-03T10:42:36.132494Z","level":"error","event":"\tat org.apache.spark.sql.catalyst.analysis.ResolveDataSource$$anonfun$apply$1.applyOrElse(ResolveDataSource.scala:45)","logger":"task.stderr"}
{"timestamp":"2026-07-03T10:42:36.132511Z","level":"error","event":"\tat org.apache.spark.sql.catalyst.plans.logical.AnalysisHelper.$anonfun$resolveOperatorsUpWithPruning$3(AnalysisHelper.scala:139)","logger":"task.stderr"}
{"timestamp":"2026-07-03T10:42:36.132529Z","level":"error","event":"\tat org.apache.spark.sql.catalyst.trees.CurrentOrigin$.withOrigin(origin.scala:107)","logger":"task.stderr"}
{"timestamp":"2026-07-03T10:42:36.132547Z","level":"error","event":"\tat org.apache.spark.sql.catalyst.plans.logical.AnalysisHelper.$anonfun$resolveOperatorsUpWithPruning$1(AnalysisHelper.scala:139)","logger":"task.stderr"}
{"timestamp":"2026-07-03T10:42:36.132564Z","level":"error","event":"\tat org.apache.spark.sql.catalyst.plans.logical.AnalysisHelper$.allowInvokingTransformsInAnalyzer(AnalysisHelper.scala:416)","logger":"task.stderr"}
{"timestamp":"2026-07-03T10:42:36.132581Z","level":"error","event":"\tat org.apache.spark.sql.catalyst.plans.logical.AnalysisHelper.resolveOperatorsUpWithPruning(AnalysisHelper.scala:135)","logger":"task.stderr"}
{"timestamp":"2026-07-03T10:42:36.132599Z","level":"error","event":"\tat org.apache.spark.sql.catalyst.plans.logical.AnalysisHelper.resolveOperatorsUpWithPruning$(AnalysisHelper.scala:131)","logger":"task.stderr"}
{"timestamp":"2026-07-03T10:42:36.132617Z","level":"error","event":"\tat org.apache.spark.sql.catalyst.plans.logical.LogicalPlan.resolveOperatorsUpWithPruning(LogicalPlan.scala:37)","logger":"task.stderr"}
{"timestamp":"2026-07-03T10:42:36.132635Z","level":"error","event":"\tat org.apache.spark.sql.catalyst.plans.logical.AnalysisHelper.resolveOperatorsUp(AnalysisHelper.scala:112)","logger":"task.stderr"}
{"timestamp":"2026-07-03T10:42:36.132653Z","level":"error","event":"\tat org.apache.spark.sql.catalyst.plans.logical.AnalysisHelper.resolveOperatorsUp$(AnalysisHelper.scala:111)","logger":"task.stderr"}
{"timestamp":"2026-07-03T10:42:36.132671Z","level":"error","event":"\tat org.apache.spark.sql.catalyst.plans.logical.LogicalPlan.resolveOperatorsUp(LogicalPlan.scala:37)","logger":"task.stderr"}
{"timestamp":"2026-07-03T10:42:36.132688Z","level":"error","event":"\tat org.apache.spark.sql.catalyst.analysis.ResolveDataSource.apply(ResolveDataSource.scala:45)","logger":"task.stderr"}
{"timestamp":"2026-07-03T10:42:36.132706Z","level":"error","event":"\tat org.apache.spark.sql.catalyst.analysis.ResolveDataSource.apply(ResolveDataSource.scala:43)","logger":"task.stderr"}
{"timestamp":"2026-07-03T10:42:36.132723Z","level":"error","event":"\tat org.apache.spark.sql.catalyst.rules.RuleExecutor.$anonfun$execute$2(RuleExecutor.scala:248)","logger":"task.stderr"}
{"timestamp":"2026-07-03T10:42:36.132741Z","level":"error","event":"\tat scala.collection.LinearSeqOps.foldLeft(LinearSeq.scala:183)","logger":"task.stderr"}
{"timestamp":"2026-07-03T10:42:36.132759Z","level":"error","event":"\tat scala.collection.LinearSeqOps.foldLeft$(LinearSeq.scala:179)","logger":"task.stderr"}
{"timestamp":"2026-07-03T10:42:36.132777Z","level":"error","event":"\tat scala.collection.immutable.List.foldLeft(List.scala:79)","logger":"task.stderr"}
{"timestamp":"2026-07-03T10:42:36.132795Z","level":"error","event":"\tat org.apache.spark.sql.catalyst.rules.RuleExecutor.$anonfun$execute$1(RuleExecutor.scala:245)","logger":"task.stderr"}
{"timestamp":"2026-07-03T10:42:36.132813Z","level":"error","event":"\tat org.apache.spark.sql.catalyst.rules.RuleExecutor.$anonfun$execute$1$adapted(RuleExecutor.scala:237)","logger":"task.stderr"}
{"timestamp":"2026-07-03T10:42:36.132835Z","level":"error","event":"\tat scala.collection.immutable.List.foreach(List.scala:323)","logger":"task.stderr"}
{"timestamp":"2026-07-03T10:42:36.132853Z","level":"error","event":"\tat org.apache.spark.sql.catalyst.rules.RuleExecutor.execute(RuleExecutor.scala:237)","logger":"task.stderr"}
{"timestamp":"2026-07-03T10:42:36.132871Z","level":"error","event":"\tat org.apache.spark.sql.catalyst.analysis.Analyzer.org$apache$spark$sql$catalyst$analysis$Analyzer$$executeSameContext(Analyzer.scala:343)","logger":"task.stderr"}
{"timestamp":"2026-07-03T10:42:36.132889Z","level":"error","event":"\tat org.apache.spark.sql.catalyst.analysis.Analyzer.$anonfun$execute$1(Analyzer.scala:339)","logger":"task.stderr"}
{"timestamp":"2026-07-03T10:42:36.132906Z","level":"error","event":"\tat org.apache.spark.sql.catalyst.analysis.AnalysisContext$.withNewAnalysisContext(Analyzer.scala:224)","logger":"task.stderr"}
{"timestamp":"2026-07-03T10:42:36.132923Z","level":"error","event":"\tat org.apache.spark.sql.catalyst.analysis.Analyzer.execute(Analyzer.scala:339)","logger":"task.stderr"}
{"timestamp":"2026-07-03T10:42:36.132941Z","level":"error","event":"\tat org.apache.spark.sql.catalyst.analysis.Analyzer.execute(Analyzer.scala:289)","logger":"task.stderr"}
{"timestamp":"2026-07-03T10:42:36.132960Z","level":"error","event":"\tat org.apache.spark.sql.catalyst.rules.RuleExecutor.$anonfun$executeAndTrack$1(RuleExecutor.scala:207)","logger":"task.stderr"}
{"timestamp":"2026-07-03T10:42:36.132978Z","level":"error","event":"\tat org.apache.spark.sql.catalyst.QueryPlanningTracker$.withTracker(QueryPlanningTracker.scala:89)","logger":"task.stderr"}
{"timestamp":"2026-07-03T10:42:36.133092Z","level":"error","event":"\tat org.apache.spark.sql.catalyst.rules.RuleExecutor.executeAndTrack(RuleExecutor.scala:207)","logger":"task.stderr"}
{"timestamp":"2026-07-03T10:42:36.133154Z","level":"error","event":"\tat org.apache.spark.sql.catalyst.analysis.resolver.HybridAnalyzer.resolveInFixedPoint(HybridAnalyzer.scala:236)","logger":"task.stderr"}
{"timestamp":"2026-07-03T10:42:36.133241Z","level":"error","event":"\tat org.apache.spark.sql.catalyst.analysis.resolver.HybridAnalyzer.$anonfun$apply$1(HybridAnalyzer.scala:91)","logger":"task.stderr"}
{"timestamp":"2026-07-03T10:42:36.133275Z","level":"error","event":"\tat org.apache.spark.sql.catalyst.analysis.resolver.HybridAnalyzer.withTrackedAnalyzerBridgeState(HybridAnalyzer.scala:122)","logger":"task.stderr"}
{"timestamp":"2026-07-03T10:42:36.133299Z","level":"error","event":"\tat org.apache.spark.sql.catalyst.analysis.resolver.HybridAnalyzer.apply(HybridAnalyzer.scala:84)","logger":"task.stderr"}
{"timestamp":"2026-07-03T10:42:36.133319Z","level":"error","event":"\tat org.apache.spark.sql.catalyst.analysis.Analyzer.$anonfun$executeAndCheck$1(Analyzer.scala:322)","logger":"task.stderr"}
{"timestamp":"2026-07-03T10:42:36.133337Z","level":"error","event":"\tat org.apache.spark.sql.catalyst.plans.logical.AnalysisHelper$.markInAnalyzer(AnalysisHelper.scala:423)","logger":"task.stderr"}
{"timestamp":"2026-07-03T10:42:36.133356Z","level":"error","event":"\tat org.apache.spark.sql.catalyst.analysis.Analyzer.executeAndCheck(Analyzer.scala:322)","logger":"task.stderr"}
{"timestamp":"2026-07-03T10:42:36.133376Z","level":"error","event":"\tat org.apache.spark.sql.execution.QueryExecution.$anonfun$lazyAnalyzed$2(QueryExecution.scala:139)","logger":"task.stderr"}
{"timestamp":"2026-07-03T10:42:36.133395Z","level":"error","event":"\tat org.apache.spark.sql.catalyst.QueryPlanningTracker.measurePhase(QueryPlanningTracker.scala:148)","logger":"task.stderr"}
{"timestamp":"2026-07-03T10:42:36.133414Z","level":"error","event":"\tat org.apache.spark.sql.execution.QueryExecution.$anonfun$executePhase$2(QueryExecution.scala:330)","logger":"task.stderr"}
{"timestamp":"2026-07-03T10:42:36.133431Z","level":"error","event":"\tat org.apache.spark.sql.execution.QueryExecution$.withInternalError(QueryExecution.scala:717)","logger":"task.stderr"}
{"timestamp":"2026-07-03T10:42:36.133453Z","level":"error","event":"\tat org.apache.spark.sql.execution.QueryExecution.$anonfun$executePhase$1(QueryExecution.scala:330)","logger":"task.stderr"}
{"timestamp":"2026-07-03T10:42:36.133470Z","level":"error","event":"\tat org.apache.spark.sql.SparkSession.withActive(SparkSession.scala:804)","logger":"task.stderr"}
{"timestamp":"2026-07-03T10:42:36.133488Z","level":"error","event":"\tat org.apache.spark.sql.execution.QueryExecution.executePhase(QueryExecution.scala:329)","logger":"task.stderr"}
{"timestamp":"2026-07-03T10:42:36.133507Z","level":"error","event":"\tat org.apache.spark.sql.execution.QueryExecution.$anonfun$lazyAnalyzed$1(QueryExecution.scala:139)","logger":"task.stderr"}
{"timestamp":"2026-07-03T10:42:36.133525Z","level":"error","event":"\tat scala.util.Try$.apply(Try.scala:217)","logger":"task.stderr"}
{"timestamp":"2026-07-03T10:42:36.133543Z","level":"error","event":"\tat org.apache.spark.util.Utils$.doTryWithCallerStacktrace(Utils.scala:1392)","logger":"task.stderr"}
{"timestamp":"2026-07-03T10:42:36.133561Z","level":"error","event":"\tat org.apache.spark.util.LazyTry.tryT$lzycompute(LazyTry.scala:46)","logger":"task.stderr"}
{"timestamp":"2026-07-03T10:42:36.133579Z","level":"error","event":"\tat org.apache.spark.util.LazyTry.tryT(LazyTry.scala:46)","logger":"task.stderr"}
{"timestamp":"2026-07-03T10:42:36.133596Z","level":"error","event":"\tat org.apache.spark.util.LazyTry.get(LazyTry.scala:58)","logger":"task.stderr"}
{"timestamp":"2026-07-03T10:42:36.133613Z","level":"error","event":"\tat org.apache.spark.sql.execution.QueryExecution.analyzed(QueryExecution.scala:150)","logger":"task.stderr"}
{"timestamp":"2026-07-03T10:42:36.133630Z","level":"error","event":"\tat org.apache.spark.sql.execution.QueryExecution.assertAnalyzed(QueryExecution.scala:90)","logger":"task.stderr"}
{"timestamp":"2026-07-03T10:42:36.133647Z","level":"error","event":"\tat org.apache.spark.sql.classic.Dataset$.$anonfun$ofRows$1(Dataset.scala:114)","logger":"task.stderr"}
{"timestamp":"2026-07-03T10:42:36.133665Z","level":"error","event":"\tat org.apache.spark.sql.SparkSession.withActive(SparkSession.scala:804)","logger":"task.stderr"}
{"timestamp":"2026-07-03T10:42:36.133682Z","level":"error","event":"\tat org.apache.spark.sql.classic.Dataset$.ofRows(Dataset.scala:112)","logger":"task.stderr"}
{"timestamp":"2026-07-03T10:42:36.133699Z","level":"error","event":"\tat org.apache.spark.sql.classic.DataFrameReader.load(DataFrameReader.scala:108)","logger":"task.stderr"}
{"timestamp":"2026-07-03T10:42:36.133716Z","level":"error","event":"\tat org.apache.spark.sql.classic.DataFrameReader.load(DataFrameReader.scala:99)","logger":"task.stderr"}
{"timestamp":"2026-07-03T10:42:36.133732Z","level":"error","event":"\tat org.apache.spark.sql.classic.DataFrameReader.load(DataFrameReader.scala:57)","logger":"task.stderr"}
{"timestamp":"2026-07-03T10:42:36.133748Z","level":"error","event":"\tat java.base/jdk.internal.reflect.NativeMethodAccessorImpl.invoke0(Native Method)","logger":"task.stderr"}
{"timestamp":"2026-07-03T10:42:36.133764Z","level":"error","event":"\tat java.base/jdk.internal.reflect.NativeMethodAccessorImpl.invoke(NativeMethodAccessorImpl.java:76)","logger":"task.stderr"}
{"timestamp":"2026-07-03T10:42:36.133782Z","level":"error","event":"\tat java.base/jdk.internal.reflect.DelegatingMethodAccessorImpl.invoke(DelegatingMethodAccessorImpl.java:52)","logger":"task.stderr"}
{"timestamp":"2026-07-03T10:42:36.133799Z","level":"error","event":"\tat java.base/java.lang.reflect.Method.invoke(Method.java:578)","logger":"task.stderr"}
{"timestamp":"2026-07-03T10:42:36.133818Z","level":"error","event":"\tat py4j.reflection.MethodInvoker.invoke(MethodInvoker.java:244)","logger":"task.stderr"}
{"timestamp":"2026-07-03T10:42:36.133836Z","level":"error","event":"\tat py4j.reflection.ReflectionEngine.invoke(ReflectionEngine.java:374)","logger":"task.stderr"}
{"timestamp":"2026-07-03T10:42:36.133853Z","level":"error","event":"\tat py4j.Gateway.invoke(Gateway.java:282)","logger":"task.stderr"}
{"timestamp":"2026-07-03T10:42:36.133872Z","level":"error","event":"\tat py4j.commands.AbstractCommand.invokeMethod(AbstractCommand.java:132)","logger":"task.stderr"}
{"timestamp":"2026-07-03T10:42:36.133889Z","level":"error","event":"\tat py4j.commands.CallCommand.execute(CallCommand.java:79)","logger":"task.stderr"}
{"timestamp":"2026-07-03T10:42:36.133905Z","level":"error","event":"\tat py4j.ClientServerConnection.waitForCommands(ClientServerConnection.java:184)","logger":"task.stderr"}
{"timestamp":"2026-07-03T10:42:36.133922Z","level":"error","event":"\tat py4j.ClientServerConnection.run(ClientServerConnection.java:108)","logger":"task.stderr"}
{"timestamp":"2026-07-03T10:42:36.133964Z","level":"error","event":"\tat java.base/java.lang.Thread.run(Thread.java:1589)","logger":"task.stderr"}
{"timestamp":"2026-07-03T10:42:36.151316Z","level":"error","event":"Traceback (most recent call last):","logger":"task.stderr"}
{"timestamp":"2026-07-03T10:42:36.151554Z","level":"error","event":"  File \"/Users/burugula.sasank/airflow/dags/spark/notebooks/silver_layer/data_transformations.py\", line 176, in <module>","logger":"task.stderr"}
{"timestamp":"2026-07-03T10:42:36.151645Z","level":"error","event":"    data_bronze_batsmen_odi  = spark.read.load(\"file_stores/bronze_layer/Batting/ODI\")","logger":"task.stderr"}
{"timestamp":"2026-07-03T10:42:36.151677Z","level":"error","event":"  File \"/Library/Frameworks/Python.framework/Versions/3.14/lib/python3.14/site-packages/pyspark/sql/readwriter.py\", line 311, in load","logger":"task.stderr"}
{"timestamp":"2026-07-03T10:42:36.151702Z","level":"error","event":"    return self._df(self._jreader.load(path))","logger":"task.stderr"}
{"timestamp":"2026-07-03T10:42:36.151723Z","level":"error","event":"                    ~~~~~~~~~~~~~~~~~~^^^^^^","logger":"task.stderr"}
{"timestamp":"2026-07-03T10:42:36.151743Z","level":"error","event":"  File \"/Library/Frameworks/Python.framework/Versions/3.14/lib/python3.14/site-packages/py4j/java_gateway.py\", line 1362, in __call__","logger":"task.stderr"}
{"timestamp":"2026-07-03T10:42:36.151763Z","level":"error","event":"    return_value = get_return_value(","logger":"task.stderr"}
{"timestamp":"2026-07-03T10:42:36.151783Z","level":"error","event":"        answer, self.gateway_client, self.target_id, self.name)","logger":"task.stderr"}
{"timestamp":"2026-07-03T10:42:36.151802Z","level":"error","event":"  File \"/Library/Frameworks/Python.framework/Versions/3.14/lib/python3.14/site-packages/pyspark/errors/exceptions/captured.py\", line 269, in deco","logger":"task.stderr"}
{"timestamp":"2026-07-03T10:42:36.151821Z","level":"error","event":"    raise converted from None","logger":"task.stderr"}
{"timestamp":"2026-07-03T10:42:36.151885Z","level":"error","event":"pyspark.errors.exceptions.captured.AnalysisException: [PATH_NOT_FOUND] Path does not exist: file:/Users/burugula.sasank/airflow/file_stores/bronze_layer/Batting/ODI. SQLSTATE: 42K03","logger":"task.stderr"}
{"timestamp":"2026-07-03T10:42:36.168868Z","level":"error","event":"Task failed with exception","map_index":-1,"ti_id":"019f2792-8789-7a02-a4cf-907d2da0ba52","task_id":"transform_data_from_filesystem","dag_id":"dag_data","try_number":1,"run_id":"manual__2026-07-03T10:42:22.204271+00:00","logger":"task","filename":"task_runner.py","lineno":1381,"error_detail":[{"exc_type":"CalledProcessError","exc_value":"Command '['python3', '/Users/burugula.sasank/airflow/dags/spark/notebooks/silver_layer/data_transformations.py']' returned non-zero exit status 1.","exc_notes":[],"syntax_error":null,"is_cause":false,"frames":[{"filename":"/Library/Frameworks/Python.framework/Versions/3.14/lib/python3.14/site-packages/airflow/sdk/execution_time/task_runner.py","lineno":1287,"name":"run"},{"filename":"/Library/Frameworks/Python.framework/Versions/3.14/lib/python3.14/site-packages/airflow/sdk/execution_time/task_runner.py","lineno":1745,"name":"_execute_task"},{"filename":"/Library/Frameworks/Python.framework/Versions/3.14/lib/python3.14/site-packages/airflow/sdk/bases/operator.py","lineno":443,"name":"wrapper"},{"filename":"/Library/Frameworks/Python.framework/Versions/3.14/lib/python3.14/site-packages/airflow/sdk/bases/decorator.py","lineno":398,"name":"execute"},{"filename":"/Library/Frameworks/Python.framework/Versions/3.14/lib/python3.14/site-packages/airflow/sdk/bases/operator.py","lineno":443,"name":"wrapper"},{"filename":"/Library/Frameworks/Python.framework/Versions/3.14/lib/python3.14/site-packages/airflow/providers/standard/operators/python.py","lineno":231,"name":"execute"},{"filename":"/Library/Frameworks/Python.framework/Versions/3.14/lib/python3.14/site-packages/airflow/providers/standard/operators/python.py","lineno":254,"name":"execute_callable"},{"filename":"/Library/Frameworks/Python.framework/Versions/3.14/lib/python3.14/site-packages/airflow/sdk/execution_time/callback_runner.py","lineno":97,"name":"run"},{"filename":"/Users/burugula.sasank/airflow/dags/etl_scheduler.py","lineno":57,"name":"transform_data_from_filesystem"},{"filename":"/Library/Frameworks/Python.framework/Versions/3.14/lib/python3.14/subprocess.py","lineno":578,"name":"run"}],"is_group":false,"exceptions":[]}]}
{"timestamp":"2026-07-03T10:42:36.169189Z","level":"info","event":"::group::Post Execute","map_index":-1,"ti_id":"019f2792-8789-7a02-a4cf-907d2da0ba52","task_id":"transform_data_from_filesystem","dag_id":"dag_data","try_number":1,"run_id":"manual__2026-07-03T10:42:22.204271+00:00","logger":"task","filename":"task_runner.py","lineno":1382}
{"timestamp":"2026-07-03T10:42:36.169794Z","level":"info","event":"::endgroup::","map_index":-1,"ti_id":"019f2792-8789-7a02-a4cf-907d2da0ba52","task_id":"transform_data_from_filesystem","dag_id":"dag_data","try_number":1,"run_id":"manual__2026-07-03T10:42:22.204271+00:00","logger":"task","filename":"task_runner.py","lineno":1896}
