{"timestamp":"2026-07-03T10:59:27.723843Z","level":"info","event":"2026-07-03T10:59:27.723718Z [info     ] ::group::Pre Execute           [task] loc=task_runner.py:1926","logger":"task.stdout"}
{"timestamp":"2026-07-03T10:59:27.800498Z","level":"info","event":"setup plugin alembic.autogenerate.schemas","logger":"alembic.runtime.plugins","map_index":-1,"run_id":"manual__2026-07-03T10:59:21.156201+00:00","dag_id":"dag_data","ti_id":"019f27a2-13d7-7451-afd2-612386b4d1cf","try_number":1,"task_id":"ingest_data_to_filesystem","filename":"plugins.py","lineno":37}
{"timestamp":"2026-07-03T10:59:27.800567Z","level":"info","event":"setup plugin alembic.autogenerate.tables","logger":"alembic.runtime.plugins","map_index":-1,"run_id":"manual__2026-07-03T10:59:21.156201+00:00","dag_id":"dag_data","ti_id":"019f27a2-13d7-7451-afd2-612386b4d1cf","try_number":1,"task_id":"ingest_data_to_filesystem","filename":"plugins.py","lineno":37}
{"timestamp":"2026-07-03T10:59:27.800599Z","level":"info","event":"setup plugin alembic.autogenerate.types","logger":"alembic.runtime.plugins","map_index":-1,"run_id":"manual__2026-07-03T10:59:21.156201+00:00","dag_id":"dag_data","ti_id":"019f27a2-13d7-7451-afd2-612386b4d1cf","try_number":1,"task_id":"ingest_data_to_filesystem","filename":"plugins.py","lineno":37}
{"timestamp":"2026-07-03T10:59:27.800622Z","level":"info","event":"setup plugin alembic.autogenerate.constraints","logger":"alembic.runtime.plugins","map_index":-1,"run_id":"manual__2026-07-03T10:59:21.156201+00:00","dag_id":"dag_data","ti_id":"019f27a2-13d7-7451-afd2-612386b4d1cf","try_number":1,"task_id":"ingest_data_to_filesystem","filename":"plugins.py","lineno":37}
{"timestamp":"2026-07-03T10:59:27.800643Z","level":"info","event":"setup plugin alembic.autogenerate.defaults","logger":"alembic.runtime.plugins","map_index":-1,"run_id":"manual__2026-07-03T10:59:21.156201+00:00","dag_id":"dag_data","ti_id":"019f27a2-13d7-7451-afd2-612386b4d1cf","try_number":1,"task_id":"ingest_data_to_filesystem","filename":"plugins.py","lineno":37}
{"timestamp":"2026-07-03T10:59:27.800663Z","level":"info","event":"setup plugin alembic.autogenerate.comments","logger":"alembic.runtime.plugins","map_index":-1,"run_id":"manual__2026-07-03T10:59:21.156201+00:00","dag_id":"dag_data","ti_id":"019f27a2-13d7-7451-afd2-612386b4d1cf","try_number":1,"task_id":"ingest_data_to_filesystem","filename":"plugins.py","lineno":37}
{"timestamp":"2026-07-03T10:59:27.840267Z","level":"info","event":"DAG bundles loaded: dags-folder","map_index":-1,"run_id":"manual__2026-07-03T10:59:21.156201+00:00","dag_id":"dag_data","ti_id":"019f27a2-13d7-7451-afd2-612386b4d1cf","try_number":1,"task_id":"ingest_data_to_filesystem","logger":"airflow.dag_processing.bundles.manager.DagBundlesManager","filename":"manager.py","lineno":209}
{"timestamp":"2026-07-03T10:59:27.840470Z","level":"info","event":"Filling up the DagBag from /Users/burugula.sasank/airflow/dags/etl_scheduler.py","map_index":-1,"run_id":"manual__2026-07-03T10:59:21.156201+00:00","dag_id":"dag_data","ti_id":"019f27a2-13d7-7451-afd2-612386b4d1cf","try_number":1,"task_id":"ingest_data_to_filesystem","logger":"airflow.dag_processing.dagbag.BundleDagBag","filename":"dagbag.py","lineno":469}
{"timestamp":"2026-07-03T10:59:27.871067Z","level":"warning","event":"The `airflow.decorators.task` attribute is deprecated. Please use `'airflow.sdk.task'`.","category":"UserWarning","filename":"/Users/burugula.sasank/airflow/dags/etl_scheduler.py","lineno":1,"map_index":-1,"run_id":"manual__2026-07-03T10:59:21.156201+00:00","dag_id":"dag_data","ti_id":"019f27a2-13d7-7451-afd2-612386b4d1cf","try_number":1,"task_id":"ingest_data_to_filesystem","logger":"py.warnings"}
{"timestamp":"2026-07-03T10:59:27.871114Z","level":"warning","event":"The `airflow.decorators.dag` attribute is deprecated. Please use `'airflow.sdk.dag'`.","category":"UserWarning","filename":"/Users/burugula.sasank/airflow/dags/etl_scheduler.py","lineno":1,"map_index":-1,"run_id":"manual__2026-07-03T10:59:21.156201+00:00","dag_id":"dag_data","ti_id":"019f27a2-13d7-7451-afd2-612386b4d1cf","try_number":1,"task_id":"ingest_data_to_filesystem","logger":"py.warnings"}
{"timestamp":"2026-07-03T10:59:27.871137Z","level":"warning","event":"The `airflow.hooks.base.BaseHook` attribute is deprecated. Please use `'airflow.sdk.bases.hook.BaseHook'`.","category":"UserWarning","filename":"/Users/burugula.sasank/airflow/dags/etl_scheduler.py","lineno":2,"map_index":-1,"run_id":"manual__2026-07-03T10:59:21.156201+00:00","dag_id":"dag_data","ti_id":"019f27a2-13d7-7451-afd2-612386b4d1cf","try_number":1,"task_id":"ingest_data_to_filesystem","logger":"py.warnings"}
{"timestamp":"2026-07-03T10:59:27.883193Z","level":"info","event":"::endgroup::","map_index":-1,"run_id":"manual__2026-07-03T10:59:21.156201+00:00","dag_id":"dag_data","ti_id":"019f27a2-13d7-7451-afd2-612386b4d1cf","try_number":1,"task_id":"ingest_data_to_filesystem","logger":"task","filename":"task_runner.py","lineno":1727}
{"timestamp":"2026-07-03T10:59:28.157980Z","level":"error","event":"WARNING: Using incubator modules: jdk.incubator.vector","logger":"task.stderr"}
{"timestamp":"2026-07-03T10:59:28.566757Z","level":"error","event":"Using Spark's default log4j profile: org/apache/spark/log4j2-defaults.properties","logger":"task.stderr"}
{"timestamp":"2026-07-03T10:59:28.572598Z","level":"error","event":"26/07/03 16:29:28 WARN Utils: Your hostname, Burugulas-MacBook-Air.local, resolves to a loopback address: 127.0.0.1; using 192.168.0.107 instead (on interface en0)","logger":"task.stderr"}
{"timestamp":"2026-07-03T10:59:28.573564Z","level":"error","event":"26/07/03 16:29:28 WARN Utils: Set SPARK_LOCAL_IP if you need to bind to another address","logger":"task.stderr"}
{"timestamp":"2026-07-03T10:59:28.698272Z","level":"error","event":"Using Spark's default log4j profile: org/apache/spark/log4j2-defaults.properties","logger":"task.stderr"}
{"timestamp":"2026-07-03T10:59:28.698416Z","level":"error","event":"Setting default log level to \"WARN\".","logger":"task.stderr"}
{"timestamp":"2026-07-03T10:59:28.698446Z","level":"error","event":"To adjust logging level use sc.setLogLevel(newLevel). For SparkR, use setLogLevel(newLevel).","logger":"task.stderr"}
{"timestamp":"2026-07-03T10:59:28.876986Z","level":"error","event":"26/07/03 16:29:28 WARN NativeCodeLoader: Unable to load native-hadoop library for your platform... using builtin-java classes where applicable","logger":"task.stderr"}
{"timestamp":"2026-07-03T10:59:31.964515Z","level":"error","event":"26/07/03 16:29:31 WARN CSVHeaderChecker: CSV header does not conform to the schema.","logger":"task.stderr"}
{"timestamp":"2026-07-03T10:59:31.964625Z","level":"error","event":" Header: , Player, Span, Mat, Inns, NO, Runs, HS, Ave, BF, SR, 100, 50, 0, Unnamed: 13","logger":"task.stderr"}
{"timestamp":"2026-07-03T10:59:31.964655Z","level":"error","event":" Schema: _c0, Player, Span, Mat, Inns, NO, Runs, HS, Ave, BF, SR, 100, 50, 0, Unnamed: 13","logger":"task.stderr"}
{"timestamp":"2026-07-03T10:59:31.964677Z","level":"error","event":"Expected: _c0 but found:","logger":"task.stderr"}
{"timestamp":"2026-07-03T10:59:31.964698Z","level":"error","event":"CSV file: file:///Users/burugula.sasank/airflow/dags/file_stores/api_dump/cric_data/Batting/ODI%20data.csv","logger":"task.stderr"}
{"timestamp":"2026-07-03T10:59:32.407507Z","level":"error","event":"26/07/03 16:29:32 WARN CSVHeaderChecker: CSV header does not conform to the schema.","logger":"task.stderr"}
{"timestamp":"2026-07-03T10:59:32.407616Z","level":"error","event":" Header: , Player, Span, Mat, Inns, NO, Runs, HS, Ave, BF, SR, 100, 50, 0, 4s, 6s, Unnamed: 15","logger":"task.stderr"}
{"timestamp":"2026-07-03T10:59:32.407646Z","level":"error","event":" Schema: _c0, Player, Span, Mat, Inns, NO, Runs, HS, Ave, BF, SR, 100, 50, 0, 4s, 6s, Unnamed: 15","logger":"task.stderr"}
{"timestamp":"2026-07-03T10:59:32.407669Z","level":"error","event":"Expected: _c0 but found:","logger":"task.stderr"}
{"timestamp":"2026-07-03T10:59:32.407691Z","level":"error","event":"CSV file: file:///Users/burugula.sasank/airflow/dags/file_stores/api_dump/cric_data/Batting/t20.csv","logger":"task.stderr"}
{"timestamp":"2026-07-03T10:59:32.562519Z","level":"error","event":"26/07/03 16:29:32 WARN CSVHeaderChecker: CSV header does not conform to the schema.","logger":"task.stderr"}
{"timestamp":"2026-07-03T10:59:32.562843Z","level":"error","event":" Header: , Player, Span, Mat, Inns, NO, Runs, HS, Ave, 100, 50, 0, Unnamed: 11","logger":"task.stderr"}
{"timestamp":"2026-07-03T10:59:32.562882Z","level":"error","event":" Schema: _c0, Player, Span, Mat, Inns, NO, Runs, HS, Ave, 100, 50, 0, Unnamed: 11","logger":"task.stderr"}
{"timestamp":"2026-07-03T10:59:32.562906Z","level":"error","event":"Expected: _c0 but found:","logger":"task.stderr"}
{"timestamp":"2026-07-03T10:59:32.562928Z","level":"error","event":"CSV file: file:///Users/burugula.sasank/airflow/dags/file_stores/api_dump/cric_data/Batting/test.csv","logger":"task.stderr"}
{"timestamp":"2026-07-03T10:59:32.739850Z","level":"error","event":"26/07/03 16:29:32 WARN CSVHeaderChecker: CSV header does not conform to the schema.","logger":"task.stderr"}
{"timestamp":"2026-07-03T10:59:32.739956Z","level":"error","event":" Header: , Player, Span, Mat, Inns, Balls, Runs, Wkts, BBI, Ave, Econ, SR, 4, 5, Unnamed: 13","logger":"task.stderr"}
{"timestamp":"2026-07-03T10:59:32.739986Z","level":"error","event":" Schema: _c0, Player, Span, Mat, Inns, Balls, Runs, Wkts, BBI, Ave, Econ, SR, 4, 5, Unnamed: 13","logger":"task.stderr"}
{"timestamp":"2026-07-03T10:59:32.740008Z","level":"error","event":"Expected: _c0 but found:","logger":"task.stderr"}
{"timestamp":"2026-07-03T10:59:32.740029Z","level":"error","event":"CSV file: file:///Users/burugula.sasank/airflow/dags/file_stores/api_dump/cric_data/Bowling/Bowling_ODI.csv","logger":"task.stderr"}
{"timestamp":"2026-07-03T10:59:32.867135Z","level":"error","event":"26/07/03 16:29:32 WARN CSVHeaderChecker: CSV header does not conform to the schema.","logger":"task.stderr"}
{"timestamp":"2026-07-03T10:59:32.867244Z","level":"error","event":" Header: , Player, Span, Mat, Inns, Overs, Mdns, Runs, Wkts, BBI, Ave, Econ, SR, 4, 5, Unnamed: 14","logger":"task.stderr"}
{"timestamp":"2026-07-03T10:59:32.867273Z","level":"error","event":" Schema: _c0, Player, Span, Mat, Inns, Overs, Mdns, Runs, Wkts, BBI, Ave, Econ, SR, 4, 5, Unnamed: 14","logger":"task.stderr"}
{"timestamp":"2026-07-03T10:59:32.867294Z","level":"error","event":"Expected: _c0 but found:","logger":"task.stderr"}
{"timestamp":"2026-07-03T10:59:32.867314Z","level":"error","event":"CSV file: file:///Users/burugula.sasank/airflow/dags/file_stores/api_dump/cric_data/Bowling/Bowling_t20.csv","logger":"task.stderr"}
{"timestamp":"2026-07-03T10:59:33.006973Z","level":"error","event":"26/07/03 16:29:33 WARN CSVHeaderChecker: CSV header does not conform to the schema.","logger":"task.stderr"}
{"timestamp":"2026-07-03T10:59:33.007089Z","level":"error","event":" Header: , Player, Span, Mat, Inns, Balls, Runs, Wkts, BBI, BBM, Ave, Econ, SR, 5, 10, Unnamed: 14","logger":"task.stderr"}
{"timestamp":"2026-07-03T10:59:33.007119Z","level":"error","event":" Schema: _c0, Player, Span, Mat, Inns, Balls, Runs, Wkts, BBI, BBM, Ave, Econ, SR, 5, 10, Unnamed: 14","logger":"task.stderr"}
{"timestamp":"2026-07-03T10:59:33.007141Z","level":"error","event":"Expected: _c0 but found:","logger":"task.stderr"}
{"timestamp":"2026-07-03T10:59:33.007161Z","level":"error","event":"CSV file: file:///Users/burugula.sasank/airflow/dags/file_stores/api_dump/cric_data/Bowling/Bowling_test.csv","logger":"task.stderr"}
{"timestamp":"2026-07-03T10:59:33.126715Z","level":"error","event":"26/07/03 16:29:33 WARN CSVHeaderChecker: CSV header does not conform to the schema.","logger":"task.stderr"}
{"timestamp":"2026-07-03T10:59:33.126821Z","level":"error","event":" Header: , Player, Span, Mat, Inns, Dis, Ct, St, Ct Wk, Ct Fi, MD, D/I, Unnamed: 11","logger":"task.stderr"}
{"timestamp":"2026-07-03T10:59:33.126850Z","level":"error","event":" Schema: _c0, Player, Span, Mat, Inns, Dis, Ct, St, Ct Wk, Ct Fi, MD, D/I, Unnamed: 11","logger":"task.stderr"}
{"timestamp":"2026-07-03T10:59:33.126872Z","level":"error","event":"Expected: _c0 but found:","logger":"task.stderr"}
{"timestamp":"2026-07-03T10:59:33.126903Z","level":"error","event":"CSV file: file:///Users/burugula.sasank/airflow/dags/file_stores/api_dump/cric_data/Fielding/Fielding_ODI.csv","logger":"task.stderr"}
{"timestamp":"2026-07-03T10:59:33.226619Z","level":"error","event":"26/07/03 16:29:33 WARN CSVHeaderChecker: CSV header does not conform to the schema.","logger":"task.stderr"}
{"timestamp":"2026-07-03T10:59:33.226720Z","level":"error","event":" Header: , Player, Span, Mat, Inns, Dis, Ct, St, Ct Wk, Ct Fi, MD, D/I, Unnamed: 11","logger":"task.stderr"}
{"timestamp":"2026-07-03T10:59:33.226746Z","level":"error","event":" Schema: _c0, Player, Span, Mat, Inns, Dis, Ct, St, Ct Wk, Ct Fi, MD, D/I, Unnamed: 11","logger":"task.stderr"}
{"timestamp":"2026-07-03T10:59:33.226767Z","level":"error","event":"Expected: _c0 but found:","logger":"task.stderr"}
{"timestamp":"2026-07-03T10:59:33.226786Z","level":"error","event":"CSV file: file:///Users/burugula.sasank/airflow/dags/file_stores/api_dump/cric_data/Fielding/Fielding_t20.csv","logger":"task.stderr"}
{"timestamp":"2026-07-03T10:59:33.361966Z","level":"error","event":"26/07/03 16:29:33 WARN CSVHeaderChecker: CSV header does not conform to the schema.","logger":"task.stderr"}
{"timestamp":"2026-07-03T10:59:33.362074Z","level":"error","event":" Header: , Player, Span, Mat, Inns, Dis, Ct, St, Ct Wk, Ct Fi, MD, D/I, Unnamed: 11","logger":"task.stderr"}
{"timestamp":"2026-07-03T10:59:33.362102Z","level":"error","event":" Schema: _c0, Player, Span, Mat, Inns, Dis, Ct, St, Ct Wk, Ct Fi, MD, D/I, Unnamed: 11","logger":"task.stderr"}
{"timestamp":"2026-07-03T10:59:33.362124Z","level":"error","event":"Expected: _c0 but found:","logger":"task.stderr"}
{"timestamp":"2026-07-03T10:59:33.362145Z","level":"error","event":"CSV file: file:///Users/burugula.sasank/airflow/dags/file_stores/api_dump/cric_data/Fielding/Fielding_test.csv","logger":"task.stderr"}
{"timestamp":"2026-07-03T10:59:33.439184Z","level":"error","event":"26/07/03 16:29:33 WARN CSVHeaderChecker: CSV header does not conform to the schema.","logger":"task.stderr"}
{"timestamp":"2026-07-03T10:59:33.439284Z","level":"error","event":" Header: , Player, Span, Mat, Inns, NO, Runs, HS, Ave, BF, SR, 100, 50, 0, Unnamed: 13","logger":"task.stderr"}
{"timestamp":"2026-07-03T10:59:33.439315Z","level":"error","event":" Schema: _c0, Player, Span, Mat, Inns, NO, Runs, HS, Ave, BF, SR, 100, 50, 0, Unnamed: 13","logger":"task.stderr"}
{"timestamp":"2026-07-03T10:59:33.439338Z","level":"error","event":"Expected: _c0 but found:","logger":"task.stderr"}
{"timestamp":"2026-07-03T10:59:33.439359Z","level":"error","event":"CSV file: file:///Users/burugula.sasank/airflow/dags/file_stores/api_dump/cric_data/Batting/ODI%20data.csv","logger":"task.stderr"}
{"timestamp":"2026-07-03T10:59:33.790433Z","level":"info","event":"Sample Data (ODI Batsmen):","logger":"task.stdout"}
{"timestamp":"2026-07-03T10:59:33.790547Z","level":"info","event":"+---+--------------------+---------+---+----+---+-----+----+-----+-----+-----+---+---+---+-----------+","logger":"task.stdout"}
{"timestamp":"2026-07-03T10:59:33.790589Z","level":"info","event":"|_c0|              Player|     Span|Mat|Inns| NO| Runs|  HS|  Ave|   BF|   SR|100| 50|  0|Unnamed: 13|","logger":"task.stdout"}
{"timestamp":"2026-07-03T10:59:33.790616Z","level":"info","event":"+---+--------------------+---------+---+----+---+-----+----+-----+-----+-----+---+---+---+-----------+","logger":"task.stdout"}
{"timestamp":"2026-07-03T10:59:33.790640Z","level":"info","event":"|  0|SR Tendulkar (INDIA)|1989-2012|463| 452| 41|18426|200*|44.83|21367|86.23| 49| 96| 20|       NULL|","logger":"task.stdout"}
{"timestamp":"2026-07-03T10:59:33.790664Z","level":"info","event":"|  1|KC Sangakkara (As...|2000-2015|404| 380| 41|14234| 169|41.98|18048|78.86| 25| 93| 15|       NULL|","logger":"task.stdout"}
{"timestamp":"2026-07-03T10:59:33.790686Z","level":"info","event":"+---+--------------------+---------+---+----+---+-----+----+-----+-----+-----+---+---+---+-----------+","logger":"task.stdout"}
{"timestamp":"2026-07-03T10:59:33.790719Z","level":"info","event":"only showing top 2 rows","logger":"task.stdout"}
{"timestamp":"2026-07-03T10:59:33.808473Z","level":"info","event":"Bronze Ingestion Success","logger":"task.stdout"}
{"timestamp":"2026-07-03T10:59:33.808682Z","level":"info","event":"Done. Returned value was: ","map_index":-1,"run_id":"manual__2026-07-03T10:59:21.156201+00:00","dag_id":"dag_data","ti_id":"019f27a2-13d7-7451-afd2-612386b4d1cf","try_number":1,"task_id":"ingest_data_to_filesystem","logger":"airflow.task.operators.airflow.providers.standard.decorators.python._PythonDecoratedOperator","filename":"python.py","lineno":233}
{"timestamp":"2026-07-03T10:59:33.808915Z","level":"info","event":"::group::Post Execute","map_index":-1,"run_id":"manual__2026-07-03T10:59:21.156201+00:00","dag_id":"dag_data","ti_id":"019f27a2-13d7-7451-afd2-612386b4d1cf","try_number":1,"task_id":"ingest_data_to_filesystem","logger":"task","filename":"task_runner.py","lineno":1288}
{"timestamp":"2026-07-03T10:59:33.809097Z","level":"info","event":"Pushing xcom","ti":"RuntimeTaskInstance(id=UUID('019f27a2-13d7-7451-afd2-612386b4d1cf'), task_id='ingest_data_to_filesystem', dag_id='dag_data', run_id='manual__2026-07-03T10:59:21.156201+00:00', try_number=1, dag_version_id=UUID('019f25ad-46c6-7fd0-85e3-80d02836df93'), map_index=-1, hostname='burugulas-macbook-air.local', context_carrier={'traceparent': '00-b3a04660e802c91a2903c3c217c2b6b6-5e3a4aaa3b4a7ffb-01'}, task=<Task(_PythonDecoratedOperator): ingest_data_to_filesystem>, bundle_instance=LocalDagBundle(name=dags-folder), max_tries=0, start_date=datetime.datetime(2026, 7, 3, 10, 59, 27, 316810, tzinfo=datetime.timezone.utc), end_date=None, state=<TaskInstanceState.RUNNING: 'running'>, is_mapped=False, rendered_map_index=None, sentry_integration='')","map_index":-1,"run_id":"manual__2026-07-03T10:59:21.156201+00:00","dag_id":"dag_data","ti_id":"019f27a2-13d7-7451-afd2-612386b4d1cf","try_number":1,"task_id":"ingest_data_to_filesystem","logger":"task","filename":"task_runner.py","lineno":1791}
{"timestamp":"2026-07-03T10:59:33.817554Z","level":"info","event":"::endgroup::","map_index":-1,"run_id":"manual__2026-07-03T10:59:21.156201+00:00","dag_id":"dag_data","ti_id":"019f27a2-13d7-7451-afd2-612386b4d1cf","try_number":1,"task_id":"ingest_data_to_filesystem","logger":"task","filename":"task_runner.py","lineno":1896}
