{"timestamp":"2026-07-04T10:41:22.325372Z","level":"info","event":"2026-07-04T10:41:22.325196Z [info     ] ::group::Pre Execute           [task] loc=task_runner.py:1926","logger":"task.stdout"}
{"timestamp":"2026-07-04T10:41:22.407109Z","level":"info","event":"setup plugin alembic.autogenerate.schemas","logger":"alembic.runtime.plugins","map_index":-1,"run_id":"manual__2026-07-04T10:41:15.590266+00:00","try_number":1,"task_id":"ingest_data_to_filesystem","dag_id":"dag_data","ti_id":"019f2cb7-df52-722f-a874-f00e1011f2b9","filename":"plugins.py","lineno":37}
{"timestamp":"2026-07-04T10:41:22.407188Z","level":"info","event":"setup plugin alembic.autogenerate.tables","logger":"alembic.runtime.plugins","map_index":-1,"run_id":"manual__2026-07-04T10:41:15.590266+00:00","try_number":1,"task_id":"ingest_data_to_filesystem","dag_id":"dag_data","ti_id":"019f2cb7-df52-722f-a874-f00e1011f2b9","filename":"plugins.py","lineno":37}
{"timestamp":"2026-07-04T10:41:22.407221Z","level":"info","event":"setup plugin alembic.autogenerate.types","logger":"alembic.runtime.plugins","map_index":-1,"run_id":"manual__2026-07-04T10:41:15.590266+00:00","try_number":1,"task_id":"ingest_data_to_filesystem","dag_id":"dag_data","ti_id":"019f2cb7-df52-722f-a874-f00e1011f2b9","filename":"plugins.py","lineno":37}
{"timestamp":"2026-07-04T10:41:22.407246Z","level":"info","event":"setup plugin alembic.autogenerate.constraints","logger":"alembic.runtime.plugins","map_index":-1,"run_id":"manual__2026-07-04T10:41:15.590266+00:00","try_number":1,"task_id":"ingest_data_to_filesystem","dag_id":"dag_data","ti_id":"019f2cb7-df52-722f-a874-f00e1011f2b9","filename":"plugins.py","lineno":37}
{"timestamp":"2026-07-04T10:41:22.407267Z","level":"info","event":"setup plugin alembic.autogenerate.defaults","logger":"alembic.runtime.plugins","map_index":-1,"run_id":"manual__2026-07-04T10:41:15.590266+00:00","try_number":1,"task_id":"ingest_data_to_filesystem","dag_id":"dag_data","ti_id":"019f2cb7-df52-722f-a874-f00e1011f2b9","filename":"plugins.py","lineno":37}
{"timestamp":"2026-07-04T10:41:22.407287Z","level":"info","event":"setup plugin alembic.autogenerate.comments","logger":"alembic.runtime.plugins","map_index":-1,"run_id":"manual__2026-07-04T10:41:15.590266+00:00","try_number":1,"task_id":"ingest_data_to_filesystem","dag_id":"dag_data","ti_id":"019f2cb7-df52-722f-a874-f00e1011f2b9","filename":"plugins.py","lineno":37}
{"timestamp":"2026-07-04T10:41:22.448973Z","level":"info","event":"DAG bundles loaded: dags-folder","map_index":-1,"run_id":"manual__2026-07-04T10:41:15.590266+00:00","try_number":1,"task_id":"ingest_data_to_filesystem","dag_id":"dag_data","ti_id":"019f2cb7-df52-722f-a874-f00e1011f2b9","logger":"airflow.dag_processing.bundles.manager.DagBundlesManager","filename":"manager.py","lineno":209}
{"timestamp":"2026-07-04T10:41:22.449179Z","level":"info","event":"Filling up the DagBag from /Users/burugula.sasank/airflow/dags/etl_scheduler.py","map_index":-1,"run_id":"manual__2026-07-04T10:41:15.590266+00:00","try_number":1,"task_id":"ingest_data_to_filesystem","dag_id":"dag_data","ti_id":"019f2cb7-df52-722f-a874-f00e1011f2b9","logger":"airflow.dag_processing.dagbag.BundleDagBag","filename":"dagbag.py","lineno":469}
{"timestamp":"2026-07-04T10:41:22.480386Z","level":"warning","event":"The `airflow.decorators.task` attribute is deprecated. Please use `'airflow.sdk.task'`.","category":"UserWarning","filename":"/Users/burugula.sasank/airflow/dags/etl_scheduler.py","lineno":1,"map_index":-1,"run_id":"manual__2026-07-04T10:41:15.590266+00:00","try_number":1,"task_id":"ingest_data_to_filesystem","dag_id":"dag_data","ti_id":"019f2cb7-df52-722f-a874-f00e1011f2b9","logger":"py.warnings"}
{"timestamp":"2026-07-04T10:41:22.480440Z","level":"warning","event":"The `airflow.decorators.dag` attribute is deprecated. Please use `'airflow.sdk.dag'`.","category":"UserWarning","filename":"/Users/burugula.sasank/airflow/dags/etl_scheduler.py","lineno":1,"map_index":-1,"run_id":"manual__2026-07-04T10:41:15.590266+00:00","try_number":1,"task_id":"ingest_data_to_filesystem","dag_id":"dag_data","ti_id":"019f2cb7-df52-722f-a874-f00e1011f2b9","logger":"py.warnings"}
{"timestamp":"2026-07-04T10:41:22.480465Z","level":"warning","event":"The `airflow.hooks.base.BaseHook` attribute is deprecated. Please use `'airflow.sdk.bases.hook.BaseHook'`.","category":"UserWarning","filename":"/Users/burugula.sasank/airflow/dags/etl_scheduler.py","lineno":2,"map_index":-1,"run_id":"manual__2026-07-04T10:41:15.590266+00:00","try_number":1,"task_id":"ingest_data_to_filesystem","dag_id":"dag_data","ti_id":"019f2cb7-df52-722f-a874-f00e1011f2b9","logger":"py.warnings"}
{"timestamp":"2026-07-04T10:41:22.495618Z","level":"info","event":"::endgroup::","map_index":-1,"run_id":"manual__2026-07-04T10:41:15.590266+00:00","try_number":1,"task_id":"ingest_data_to_filesystem","dag_id":"dag_data","ti_id":"019f2cb7-df52-722f-a874-f00e1011f2b9","logger":"task","filename":"task_runner.py","lineno":1727}
{"timestamp":"2026-07-04T10:41:22.824018Z","level":"error","event":"WARNING: Using incubator modules: jdk.incubator.vector","logger":"task.stderr"}
{"timestamp":"2026-07-04T10:41:23.233249Z","level":"error","event":"Using Spark's default log4j profile: org/apache/spark/log4j2-defaults.properties","logger":"task.stderr"}
{"timestamp":"2026-07-04T10:41:23.239505Z","level":"error","event":"26/07/04 16:11:23 WARN Utils: Your hostname, Burugulas-MacBook-Air.local, resolves to a loopback address: 127.0.0.1; using 192.168.0.107 instead (on interface en0)","logger":"task.stderr"}
{"timestamp":"2026-07-04T10:41:23.240540Z","level":"error","event":"26/07/04 16:11:23 WARN Utils: Set SPARK_LOCAL_IP if you need to bind to another address","logger":"task.stderr"}
{"timestamp":"2026-07-04T10:41:23.365573Z","level":"error","event":"Using Spark's default log4j profile: org/apache/spark/log4j2-defaults.properties","logger":"task.stderr"}
{"timestamp":"2026-07-04T10:41:23.365716Z","level":"error","event":"Setting default log level to \"WARN\".","logger":"task.stderr"}
{"timestamp":"2026-07-04T10:41:23.365745Z","level":"error","event":"To adjust logging level use sc.setLogLevel(newLevel). For SparkR, use setLogLevel(newLevel).","logger":"task.stderr"}
{"timestamp":"2026-07-04T10:41:23.502811Z","level":"error","event":"26/07/04 16:11:23 WARN NativeCodeLoader: Unable to load native-hadoop library for your platform... using builtin-java classes where applicable","logger":"task.stderr"}
{"timestamp":"2026-07-04T10:41:26.261596Z","level":"error","event":"26/07/04 16:11:26 WARN CSVHeaderChecker: CSV header does not conform to the schema.","logger":"task.stderr"}
{"timestamp":"2026-07-04T10:41:26.261772Z","level":"error","event":" Header: , Player, Span, Mat, Inns, NO, Runs, HS, Ave, BF, SR, 100, 50, 0, Unnamed: 13","logger":"task.stderr"}
{"timestamp":"2026-07-04T10:41:26.261825Z","level":"error","event":" Schema: _c0, Player, Span, Mat, Inns, NO, Runs, HS, Ave, BF, SR, 100, 50, 0, Unnamed: 13","logger":"task.stderr"}
{"timestamp":"2026-07-04T10:41:26.261873Z","level":"error","event":"Expected: _c0 but found:","logger":"task.stderr"}
{"timestamp":"2026-07-04T10:41:26.261923Z","level":"error","event":"CSV file: file:///Users/burugula.sasank/airflow/dags/file_stores/api_dump/cric_data/Batting/ODI%20data.csv","logger":"task.stderr"}
{"timestamp":"2026-07-04T10:41:26.755490Z","level":"error","event":"26/07/04 16:11:26 WARN CSVHeaderChecker: CSV header does not conform to the schema.","logger":"task.stderr"}
{"timestamp":"2026-07-04T10:41:26.755626Z","level":"error","event":" Header: , Player, Span, Mat, Inns, NO, Runs, HS, Ave, BF, SR, 100, 50, 0, 4s, 6s, Unnamed: 15","logger":"task.stderr"}
{"timestamp":"2026-07-04T10:41:26.755659Z","level":"error","event":" Schema: _c0, Player, Span, Mat, Inns, NO, Runs, HS, Ave, BF, SR, 100, 50, 0, 4s, 6s, Unnamed: 15","logger":"task.stderr"}
{"timestamp":"2026-07-04T10:41:26.755682Z","level":"error","event":"Expected: _c0 but found:","logger":"task.stderr"}
{"timestamp":"2026-07-04T10:41:26.755704Z","level":"error","event":"CSV file: file:///Users/burugula.sasank/airflow/dags/file_stores/api_dump/cric_data/Batting/t20.csv","logger":"task.stderr"}
{"timestamp":"2026-07-04T10:41:26.913619Z","level":"error","event":"26/07/04 16:11:26 WARN CSVHeaderChecker: CSV header does not conform to the schema.","logger":"task.stderr"}
{"timestamp":"2026-07-04T10:41:26.913775Z","level":"error","event":" Header: , Player, Span, Mat, Inns, NO, Runs, HS, Ave, 100, 50, 0, Unnamed: 11","logger":"task.stderr"}
{"timestamp":"2026-07-04T10:41:26.913826Z","level":"error","event":" Schema: _c0, Player, Span, Mat, Inns, NO, Runs, HS, Ave, 100, 50, 0, Unnamed: 11","logger":"task.stderr"}
{"timestamp":"2026-07-04T10:41:26.913871Z","level":"error","event":"Expected: _c0 but found:","logger":"task.stderr"}
{"timestamp":"2026-07-04T10:41:26.913914Z","level":"error","event":"CSV file: file:///Users/burugula.sasank/airflow/dags/file_stores/api_dump/cric_data/Batting/test.csv","logger":"task.stderr"}
{"timestamp":"2026-07-04T10:41:27.065717Z","level":"error","event":"26/07/04 16:11:27 WARN CSVHeaderChecker: CSV header does not conform to the schema.","logger":"task.stderr"}
{"timestamp":"2026-07-04T10:41:27.065825Z","level":"error","event":" Header: , Player, Span, Mat, Inns, Balls, Runs, Wkts, BBI, Ave, Econ, SR, 4, 5, Unnamed: 13","logger":"task.stderr"}
{"timestamp":"2026-07-04T10:41:27.065854Z","level":"error","event":" Schema: _c0, Player, Span, Mat, Inns, Balls, Runs, Wkts, BBI, Ave, Econ, SR, 4, 5, Unnamed: 13","logger":"task.stderr"}
{"timestamp":"2026-07-04T10:41:27.065881Z","level":"error","event":"Expected: _c0 but found:","logger":"task.stderr"}
{"timestamp":"2026-07-04T10:41:27.065906Z","level":"error","event":"CSV file: file:///Users/burugula.sasank/airflow/dags/file_stores/api_dump/cric_data/Bowling/Bowling_ODI.csv","logger":"task.stderr"}
{"timestamp":"2026-07-04T10:41:27.233895Z","level":"error","event":"26/07/04 16:11:27 WARN CSVHeaderChecker: CSV header does not conform to the schema.","logger":"task.stderr"}
{"timestamp":"2026-07-04T10:41:27.234050Z","level":"error","event":" Header: , Player, Span, Mat, Inns, Overs, Mdns, Runs, Wkts, BBI, Ave, Econ, SR, 4, 5, Unnamed: 14","logger":"task.stderr"}
{"timestamp":"2026-07-04T10:41:27.234115Z","level":"error","event":" Schema: _c0, Player, Span, Mat, Inns, Overs, Mdns, Runs, Wkts, BBI, Ave, Econ, SR, 4, 5, Unnamed: 14","logger":"task.stderr"}
{"timestamp":"2026-07-04T10:41:27.234161Z","level":"error","event":"Expected: _c0 but found:","logger":"task.stderr"}
{"timestamp":"2026-07-04T10:41:27.234210Z","level":"error","event":"CSV file: file:///Users/burugula.sasank/airflow/dags/file_stores/api_dump/cric_data/Bowling/Bowling_t20.csv","logger":"task.stderr"}
{"timestamp":"2026-07-04T10:41:27.425346Z","level":"error","event":"26/07/04 16:11:27 WARN CSVHeaderChecker: CSV header does not conform to the schema.","logger":"task.stderr"}
{"timestamp":"2026-07-04T10:41:27.425520Z","level":"error","event":" Header: , Player, Span, Mat, Inns, Balls, Runs, Wkts, BBI, BBM, Ave, Econ, SR, 5, 10, Unnamed: 14","logger":"task.stderr"}
{"timestamp":"2026-07-04T10:41:27.425556Z","level":"error","event":" Schema: _c0, Player, Span, Mat, Inns, Balls, Runs, Wkts, BBI, BBM, Ave, Econ, SR, 5, 10, Unnamed: 14","logger":"task.stderr"}
{"timestamp":"2026-07-04T10:41:27.425580Z","level":"error","event":"Expected: _c0 but found:","logger":"task.stderr"}
{"timestamp":"2026-07-04T10:41:27.425601Z","level":"error","event":"CSV file: file:///Users/burugula.sasank/airflow/dags/file_stores/api_dump/cric_data/Bowling/Bowling_test.csv","logger":"task.stderr"}
{"timestamp":"2026-07-04T10:41:27.592729Z","level":"error","event":"26/07/04 16:11:27 WARN CSVHeaderChecker: CSV header does not conform to the schema.","logger":"task.stderr"}
{"timestamp":"2026-07-04T10:41:27.593034Z","level":"error","event":" Header: , Player, Span, Mat, Inns, Dis, Ct, St, Ct Wk, Ct Fi, MD, D/I, Unnamed: 11","logger":"task.stderr"}
{"timestamp":"2026-07-04T10:41:27.593066Z","level":"error","event":" Schema: _c0, Player, Span, Mat, Inns, Dis, Ct, St, Ct Wk, Ct Fi, MD, D/I, Unnamed: 11","logger":"task.stderr"}
{"timestamp":"2026-07-04T10:41:27.593090Z","level":"error","event":"Expected: _c0 but found:","logger":"task.stderr"}
{"timestamp":"2026-07-04T10:41:27.593123Z","level":"error","event":"CSV file: file:///Users/burugula.sasank/airflow/dags/file_stores/api_dump/cric_data/Fielding/Fielding_ODI.csv","logger":"task.stderr"}
{"timestamp":"2026-07-04T10:41:27.730826Z","level":"error","event":"26/07/04 16:11:27 WARN CSVHeaderChecker: CSV header does not conform to the schema.","logger":"task.stderr"}
{"timestamp":"2026-07-04T10:41:27.730995Z","level":"error","event":" Header: , Player, Span, Mat, Inns, Dis, Ct, St, Ct Wk, Ct Fi, MD, D/I, Unnamed: 11","logger":"task.stderr"}
{"timestamp":"2026-07-04T10:41:27.731032Z","level":"error","event":" Schema: _c0, Player, Span, Mat, Inns, Dis, Ct, St, Ct Wk, Ct Fi, MD, D/I, Unnamed: 11","logger":"task.stderr"}
{"timestamp":"2026-07-04T10:41:27.731084Z","level":"error","event":"Expected: _c0 but found:","logger":"task.stderr"}
{"timestamp":"2026-07-04T10:41:27.731144Z","level":"error","event":"CSV file: file:///Users/burugula.sasank/airflow/dags/file_stores/api_dump/cric_data/Fielding/Fielding_t20.csv","logger":"task.stderr"}
{"timestamp":"2026-07-04T10:41:27.849300Z","level":"error","event":"26/07/04 16:11:27 WARN CSVHeaderChecker: CSV header does not conform to the schema.","logger":"task.stderr"}
{"timestamp":"2026-07-04T10:41:27.849482Z","level":"error","event":" Header: , Player, Span, Mat, Inns, Dis, Ct, St, Ct Wk, Ct Fi, MD, D/I, Unnamed: 11","logger":"task.stderr"}
{"timestamp":"2026-07-04T10:41:27.849514Z","level":"error","event":" Schema: _c0, Player, Span, Mat, Inns, Dis, Ct, St, Ct Wk, Ct Fi, MD, D/I, Unnamed: 11","logger":"task.stderr"}
{"timestamp":"2026-07-04T10:41:27.849537Z","level":"error","event":"Expected: _c0 but found:","logger":"task.stderr"}
{"timestamp":"2026-07-04T10:41:27.849560Z","level":"error","event":"CSV file: file:///Users/burugula.sasank/airflow/dags/file_stores/api_dump/cric_data/Fielding/Fielding_test.csv","logger":"task.stderr"}
{"timestamp":"2026-07-04T10:41:27.922850Z","level":"error","event":"26/07/04 16:11:27 WARN CSVHeaderChecker: CSV header does not conform to the schema.","logger":"task.stderr"}
{"timestamp":"2026-07-04T10:41:27.922992Z","level":"error","event":" Header: , Player, Span, Mat, Inns, NO, Runs, HS, Ave, BF, SR, 100, 50, 0, Unnamed: 13","logger":"task.stderr"}
{"timestamp":"2026-07-04T10:41:27.923025Z","level":"error","event":" Schema: _c0, Player, Span, Mat, Inns, NO, Runs, HS, Ave, BF, SR, 100, 50, 0, Unnamed: 13","logger":"task.stderr"}
{"timestamp":"2026-07-04T10:41:27.923049Z","level":"error","event":"Expected: _c0 but found:","logger":"task.stderr"}
{"timestamp":"2026-07-04T10:41:27.923073Z","level":"error","event":"CSV file: file:///Users/burugula.sasank/airflow/dags/file_stores/api_dump/cric_data/Batting/ODI%20data.csv","logger":"task.stderr"}
{"timestamp":"2026-07-04T10:41:28.147513Z","level":"info","event":"Sample Data (ODI Batsmen):","logger":"task.stdout"}
{"timestamp":"2026-07-04T10:41:28.147628Z","level":"info","event":"+---+--------------------+---------+---+----+---+-----+----+-----+-----+-----+---+---+---+-----------+","logger":"task.stdout"}
{"timestamp":"2026-07-04T10:41:28.147658Z","level":"info","event":"|_c0|              Player|     Span|Mat|Inns| NO| Runs|  HS|  Ave|   BF|   SR|100| 50|  0|Unnamed: 13|","logger":"task.stdout"}
{"timestamp":"2026-07-04T10:41:28.147682Z","level":"info","event":"+---+--------------------+---------+---+----+---+-----+----+-----+-----+-----+---+---+---+-----------+","logger":"task.stdout"}
{"timestamp":"2026-07-04T10:41:28.147702Z","level":"info","event":"|  0|SR Tendulkar (INDIA)|1989-2012|463| 452| 41|18426|200*|44.83|21367|86.23| 49| 96| 20|       NULL|","logger":"task.stdout"}
{"timestamp":"2026-07-04T10:41:28.147721Z","level":"info","event":"|  1|KC Sangakkara (As...|2000-2015|404| 380| 41|14234| 169|41.98|18048|78.86| 25| 93| 15|       NULL|","logger":"task.stdout"}
{"timestamp":"2026-07-04T10:41:28.147741Z","level":"info","event":"+---+--------------------+---------+---+----+---+-----+----+-----+-----+-----+---+---+---+-----------+","logger":"task.stdout"}
{"timestamp":"2026-07-04T10:41:28.147768Z","level":"info","event":"only showing top 2 rows","logger":"task.stdout"}
{"timestamp":"2026-07-04T10:41:28.166072Z","level":"info","event":"Bronze Ingestion Success","logger":"task.stdout"}
{"timestamp":"2026-07-04T10:41:28.166276Z","level":"info","event":"Done. Returned value was: ","map_index":-1,"run_id":"manual__2026-07-04T10:41:15.590266+00:00","try_number":1,"task_id":"ingest_data_to_filesystem","dag_id":"dag_data","ti_id":"019f2cb7-df52-722f-a874-f00e1011f2b9","logger":"airflow.task.operators.airflow.providers.standard.decorators.python._PythonDecoratedOperator","filename":"python.py","lineno":233}
{"timestamp":"2026-07-04T10:41:28.166470Z","level":"info","event":"::group::Post Execute","map_index":-1,"run_id":"manual__2026-07-04T10:41:15.590266+00:00","try_number":1,"task_id":"ingest_data_to_filesystem","dag_id":"dag_data","ti_id":"019f2cb7-df52-722f-a874-f00e1011f2b9","logger":"task","filename":"task_runner.py","lineno":1288}
{"timestamp":"2026-07-04T10:41:28.166617Z","level":"info","event":"Pushing xcom","ti":"RuntimeTaskInstance(id=UUID('019f2cb7-df52-722f-a874-f00e1011f2b9'), task_id='ingest_data_to_filesystem', dag_id='dag_data', run_id='manual__2026-07-04T10:41:15.590266+00:00', try_number=1, dag_version_id=UUID('019f2c09-88cb-79f1-ada2-a2bc16a5412d'), map_index=-1, hostname='burugulas-macbook-air.local', context_carrier={'traceparent': '00-e5932fee69a27ea81a1a17f2cbc241e9-820d2b7e692daae3-01'}, task=<Task(_PythonDecoratedOperator): ingest_data_to_filesystem>, bundle_instance=LocalDagBundle(name=dags-folder), max_tries=0, start_date=datetime.datetime(2026, 7, 4, 10, 41, 21, 900946, tzinfo=datetime.timezone.utc), end_date=None, state=<TaskInstanceState.RUNNING: 'running'>, is_mapped=False, rendered_map_index=None, sentry_integration='')","map_index":-1,"run_id":"manual__2026-07-04T10:41:15.590266+00:00","try_number":1,"task_id":"ingest_data_to_filesystem","dag_id":"dag_data","ti_id":"019f2cb7-df52-722f-a874-f00e1011f2b9","logger":"task","filename":"task_runner.py","lineno":1791}
{"timestamp":"2026-07-04T10:41:28.178259Z","level":"info","event":"::endgroup::","map_index":-1,"run_id":"manual__2026-07-04T10:41:15.590266+00:00","try_number":1,"task_id":"ingest_data_to_filesystem","dag_id":"dag_data","ti_id":"019f2cb7-df52-722f-a874-f00e1011f2b9","logger":"task","filename":"task_runner.py","lineno":1896}
