{"timestamp":"2026-07-04T12:03:36.592147Z","level":"info","event":"2026-07-04T12:03:36.591955Z [info     ] ::group::Pre Execute           [task] loc=task_runner.py:1926","logger":"task.stdout"}
{"timestamp":"2026-07-04T12:03:36.684377Z","level":"info","event":"setup plugin alembic.autogenerate.schemas","logger":"alembic.runtime.plugins","try_number":1,"map_index":-1,"task_id":"ingest_data_to_filesystem","dag_id":"dag_data","ti_id":"019f2d03-2c30-72cb-9571-73017164aed4","run_id":"manual__2026-07-04T12:03:30.471763+00:00","filename":"plugins.py","lineno":37}
{"timestamp":"2026-07-04T12:03:36.684457Z","level":"info","event":"setup plugin alembic.autogenerate.tables","logger":"alembic.runtime.plugins","try_number":1,"map_index":-1,"task_id":"ingest_data_to_filesystem","dag_id":"dag_data","ti_id":"019f2d03-2c30-72cb-9571-73017164aed4","run_id":"manual__2026-07-04T12:03:30.471763+00:00","filename":"plugins.py","lineno":37}
{"timestamp":"2026-07-04T12:03:36.684490Z","level":"info","event":"setup plugin alembic.autogenerate.types","logger":"alembic.runtime.plugins","try_number":1,"map_index":-1,"task_id":"ingest_data_to_filesystem","dag_id":"dag_data","ti_id":"019f2d03-2c30-72cb-9571-73017164aed4","run_id":"manual__2026-07-04T12:03:30.471763+00:00","filename":"plugins.py","lineno":37}
{"timestamp":"2026-07-04T12:03:36.684515Z","level":"info","event":"setup plugin alembic.autogenerate.constraints","logger":"alembic.runtime.plugins","try_number":1,"map_index":-1,"task_id":"ingest_data_to_filesystem","dag_id":"dag_data","ti_id":"019f2d03-2c30-72cb-9571-73017164aed4","run_id":"manual__2026-07-04T12:03:30.471763+00:00","filename":"plugins.py","lineno":37}
{"timestamp":"2026-07-04T12:03:36.684536Z","level":"info","event":"setup plugin alembic.autogenerate.defaults","logger":"alembic.runtime.plugins","try_number":1,"map_index":-1,"task_id":"ingest_data_to_filesystem","dag_id":"dag_data","ti_id":"019f2d03-2c30-72cb-9571-73017164aed4","run_id":"manual__2026-07-04T12:03:30.471763+00:00","filename":"plugins.py","lineno":37}
{"timestamp":"2026-07-04T12:03:36.684557Z","level":"info","event":"setup plugin alembic.autogenerate.comments","logger":"alembic.runtime.plugins","try_number":1,"map_index":-1,"task_id":"ingest_data_to_filesystem","dag_id":"dag_data","ti_id":"019f2d03-2c30-72cb-9571-73017164aed4","run_id":"manual__2026-07-04T12:03:30.471763+00:00","filename":"plugins.py","lineno":37}
{"timestamp":"2026-07-04T12:03:36.729109Z","level":"info","event":"DAG bundles loaded: dags-folder","try_number":1,"map_index":-1,"task_id":"ingest_data_to_filesystem","dag_id":"dag_data","ti_id":"019f2d03-2c30-72cb-9571-73017164aed4","run_id":"manual__2026-07-04T12:03:30.471763+00:00","logger":"airflow.dag_processing.bundles.manager.DagBundlesManager","filename":"manager.py","lineno":209}
{"timestamp":"2026-07-04T12:03:36.729325Z","level":"info","event":"Filling up the DagBag from /Users/burugula.sasank/airflow/dags/etl_scheduler.py","try_number":1,"map_index":-1,"task_id":"ingest_data_to_filesystem","dag_id":"dag_data","ti_id":"019f2d03-2c30-72cb-9571-73017164aed4","run_id":"manual__2026-07-04T12:03:30.471763+00:00","logger":"airflow.dag_processing.dagbag.BundleDagBag","filename":"dagbag.py","lineno":469}
{"timestamp":"2026-07-04T12:03:36.762279Z","level":"warning","event":"The `airflow.decorators.task` attribute is deprecated. Please use `'airflow.sdk.task'`.","category":"UserWarning","filename":"/Users/burugula.sasank/airflow/dags/etl_scheduler.py","lineno":1,"try_number":1,"map_index":-1,"task_id":"ingest_data_to_filesystem","dag_id":"dag_data","ti_id":"019f2d03-2c30-72cb-9571-73017164aed4","run_id":"manual__2026-07-04T12:03:30.471763+00:00","logger":"py.warnings"}
{"timestamp":"2026-07-04T12:03:36.762330Z","level":"warning","event":"The `airflow.decorators.dag` attribute is deprecated. Please use `'airflow.sdk.dag'`.","category":"UserWarning","filename":"/Users/burugula.sasank/airflow/dags/etl_scheduler.py","lineno":1,"try_number":1,"map_index":-1,"task_id":"ingest_data_to_filesystem","dag_id":"dag_data","ti_id":"019f2d03-2c30-72cb-9571-73017164aed4","run_id":"manual__2026-07-04T12:03:30.471763+00:00","logger":"py.warnings"}
{"timestamp":"2026-07-04T12:03:36.762357Z","level":"warning","event":"The `airflow.hooks.base.BaseHook` attribute is deprecated. Please use `'airflow.sdk.bases.hook.BaseHook'`.","category":"UserWarning","filename":"/Users/burugula.sasank/airflow/dags/etl_scheduler.py","lineno":2,"try_number":1,"map_index":-1,"task_id":"ingest_data_to_filesystem","dag_id":"dag_data","ti_id":"019f2d03-2c30-72cb-9571-73017164aed4","run_id":"manual__2026-07-04T12:03:30.471763+00:00","logger":"py.warnings"}
{"timestamp":"2026-07-04T12:03:36.775076Z","level":"info","event":"::endgroup::","try_number":1,"map_index":-1,"task_id":"ingest_data_to_filesystem","dag_id":"dag_data","ti_id":"019f2d03-2c30-72cb-9571-73017164aed4","run_id":"manual__2026-07-04T12:03:30.471763+00:00","logger":"task","filename":"task_runner.py","lineno":1727}
{"timestamp":"2026-07-04T12:03:36.980891Z","level":"error","event":"WARNING: Using incubator modules: jdk.incubator.vector","logger":"task.stderr"}
{"timestamp":"2026-07-04T12:03:37.331201Z","level":"error","event":"Using Spark's default log4j profile: org/apache/spark/log4j2-defaults.properties","logger":"task.stderr"}
{"timestamp":"2026-07-04T12:03:37.342864Z","level":"error","event":"26/07/04 17:33:37 WARN Utils: Your hostname, Burugulas-MacBook-Air.local, resolves to a loopback address: 127.0.0.1; using 192.168.0.107 instead (on interface en0)","logger":"task.stderr"}
{"timestamp":"2026-07-04T12:03:37.344760Z","level":"error","event":"26/07/04 17:33:37 WARN Utils: Set SPARK_LOCAL_IP if you need to bind to another address","logger":"task.stderr"}
{"timestamp":"2026-07-04T12:03:37.477828Z","level":"error","event":"Using Spark's default log4j profile: org/apache/spark/log4j2-defaults.properties","logger":"task.stderr"}
{"timestamp":"2026-07-04T12:03:37.477985Z","level":"error","event":"Setting default log level to \"WARN\".","logger":"task.stderr"}
{"timestamp":"2026-07-04T12:03:37.478019Z","level":"error","event":"To adjust logging level use sc.setLogLevel(newLevel). For SparkR, use setLogLevel(newLevel).","logger":"task.stderr"}
{"timestamp":"2026-07-04T12:03:37.586889Z","level":"error","event":"26/07/04 17:33:37 WARN NativeCodeLoader: Unable to load native-hadoop library for your platform... using builtin-java classes where applicable","logger":"task.stderr"}
{"timestamp":"2026-07-04T12:03:40.000967Z","level":"error","event":"26/07/04 17:33:40 WARN CSVHeaderChecker: CSV header does not conform to the schema.","logger":"task.stderr"}
{"timestamp":"2026-07-04T12:03:40.001075Z","level":"error","event":" Header: , Player, Span, Mat, Inns, NO, Runs, HS, Ave, BF, SR, 100, 50, 0, Unnamed: 13","logger":"task.stderr"}
{"timestamp":"2026-07-04T12:03:40.001105Z","level":"error","event":" Schema: _c0, Player, Span, Mat, Inns, NO, Runs, HS, Ave, BF, SR, 100, 50, 0, Unnamed: 13","logger":"task.stderr"}
{"timestamp":"2026-07-04T12:03:40.001127Z","level":"error","event":"Expected: _c0 but found:","logger":"task.stderr"}
{"timestamp":"2026-07-04T12:03:40.001147Z","level":"error","event":"CSV file: file:///Users/burugula.sasank/airflow/dags/file_stores/api_dump/cric_data/Batting/ODI%20data.csv","logger":"task.stderr"}
{"timestamp":"2026-07-04T12:03:40.425253Z","level":"error","event":"26/07/04 17:33:40 WARN CSVHeaderChecker: CSV header does not conform to the schema.","logger":"task.stderr"}
{"timestamp":"2026-07-04T12:03:40.425354Z","level":"error","event":" Header: , Player, Span, Mat, Inns, NO, Runs, HS, Ave, BF, SR, 100, 50, 0, 4s, 6s, Unnamed: 15","logger":"task.stderr"}
{"timestamp":"2026-07-04T12:03:40.425382Z","level":"error","event":" Schema: _c0, Player, Span, Mat, Inns, NO, Runs, HS, Ave, BF, SR, 100, 50, 0, 4s, 6s, Unnamed: 15","logger":"task.stderr"}
{"timestamp":"2026-07-04T12:03:40.425404Z","level":"error","event":"Expected: _c0 but found:","logger":"task.stderr"}
{"timestamp":"2026-07-04T12:03:40.425424Z","level":"error","event":"CSV file: file:///Users/burugula.sasank/airflow/dags/file_stores/api_dump/cric_data/Batting/t20.csv","logger":"task.stderr"}
{"timestamp":"2026-07-04T12:03:40.555272Z","level":"error","event":"26/07/04 17:33:40 WARN CSVHeaderChecker: CSV header does not conform to the schema.","logger":"task.stderr"}
{"timestamp":"2026-07-04T12:03:40.555384Z","level":"error","event":" Header: , Player, Span, Mat, Inns, NO, Runs, HS, Ave, 100, 50, 0, Unnamed: 11","logger":"task.stderr"}
{"timestamp":"2026-07-04T12:03:40.555413Z","level":"error","event":" Schema: _c0, Player, Span, Mat, Inns, NO, Runs, HS, Ave, 100, 50, 0, Unnamed: 11","logger":"task.stderr"}
{"timestamp":"2026-07-04T12:03:40.555436Z","level":"error","event":"Expected: _c0 but found:","logger":"task.stderr"}
{"timestamp":"2026-07-04T12:03:40.555466Z","level":"error","event":"CSV file: file:///Users/burugula.sasank/airflow/dags/file_stores/api_dump/cric_data/Batting/test.csv","logger":"task.stderr"}
{"timestamp":"2026-07-04T12:03:40.694832Z","level":"error","event":"26/07/04 17:33:40 WARN CSVHeaderChecker: CSV header does not conform to the schema.","logger":"task.stderr"}
{"timestamp":"2026-07-04T12:03:40.694994Z","level":"error","event":" Header: , Player, Span, Mat, Inns, Balls, Runs, Wkts, BBI, Ave, Econ, SR, 4, 5, Unnamed: 13","logger":"task.stderr"}
{"timestamp":"2026-07-04T12:03:40.695046Z","level":"error","event":" Schema: _c0, Player, Span, Mat, Inns, Balls, Runs, Wkts, BBI, Ave, Econ, SR, 4, 5, Unnamed: 13","logger":"task.stderr"}
{"timestamp":"2026-07-04T12:03:40.695092Z","level":"error","event":"Expected: _c0 but found:","logger":"task.stderr"}
{"timestamp":"2026-07-04T12:03:40.695136Z","level":"error","event":"CSV file: file:///Users/burugula.sasank/airflow/dags/file_stores/api_dump/cric_data/Bowling/Bowling_ODI.csv","logger":"task.stderr"}
{"timestamp":"2026-07-04T12:03:40.820692Z","level":"error","event":"26/07/04 17:33:40 WARN CSVHeaderChecker: CSV header does not conform to the schema.","logger":"task.stderr"}
{"timestamp":"2026-07-04T12:03:40.820808Z","level":"error","event":" Header: , Player, Span, Mat, Inns, Overs, Mdns, Runs, Wkts, BBI, Ave, Econ, SR, 4, 5, Unnamed: 14","logger":"task.stderr"}
{"timestamp":"2026-07-04T12:03:40.820844Z","level":"error","event":" Schema: _c0, Player, Span, Mat, Inns, Overs, Mdns, Runs, Wkts, BBI, Ave, Econ, SR, 4, 5, Unnamed: 14","logger":"task.stderr"}
{"timestamp":"2026-07-04T12:03:40.820865Z","level":"error","event":"Expected: _c0 but found:","logger":"task.stderr"}
{"timestamp":"2026-07-04T12:03:40.820884Z","level":"error","event":"CSV file: file:///Users/burugula.sasank/airflow/dags/file_stores/api_dump/cric_data/Bowling/Bowling_t20.csv","logger":"task.stderr"}
{"timestamp":"2026-07-04T12:03:40.961230Z","level":"error","event":"26/07/04 17:33:40 WARN CSVHeaderChecker: CSV header does not conform to the schema.","logger":"task.stderr"}
{"timestamp":"2026-07-04T12:03:40.961343Z","level":"error","event":" Header: , Player, Span, Mat, Inns, Balls, Runs, Wkts, BBI, BBM, Ave, Econ, SR, 5, 10, Unnamed: 14","logger":"task.stderr"}
{"timestamp":"2026-07-04T12:03:40.961371Z","level":"error","event":" Schema: _c0, Player, Span, Mat, Inns, Balls, Runs, Wkts, BBI, BBM, Ave, Econ, SR, 5, 10, Unnamed: 14","logger":"task.stderr"}
{"timestamp":"2026-07-04T12:03:40.961395Z","level":"error","event":"Expected: _c0 but found:","logger":"task.stderr"}
{"timestamp":"2026-07-04T12:03:40.961416Z","level":"error","event":"CSV file: file:///Users/burugula.sasank/airflow/dags/file_stores/api_dump/cric_data/Bowling/Bowling_test.csv","logger":"task.stderr"}
{"timestamp":"2026-07-04T12:03:41.091817Z","level":"error","event":"26/07/04 17:33:41 WARN CSVHeaderChecker: CSV header does not conform to the schema.","logger":"task.stderr"}
{"timestamp":"2026-07-04T12:03:41.091919Z","level":"error","event":" Header: , Player, Span, Mat, Inns, Dis, Ct, St, Ct Wk, Ct Fi, MD, D/I, Unnamed: 11","logger":"task.stderr"}
{"timestamp":"2026-07-04T12:03:41.091947Z","level":"error","event":" Schema: _c0, Player, Span, Mat, Inns, Dis, Ct, St, Ct Wk, Ct Fi, MD, D/I, Unnamed: 11","logger":"task.stderr"}
{"timestamp":"2026-07-04T12:03:41.091977Z","level":"error","event":"Expected: _c0 but found:","logger":"task.stderr"}
{"timestamp":"2026-07-04T12:03:41.092003Z","level":"error","event":"CSV file: file:///Users/burugula.sasank/airflow/dags/file_stores/api_dump/cric_data/Fielding/Fielding_ODI.csv","logger":"task.stderr"}
{"timestamp":"2026-07-04T12:03:41.212094Z","level":"error","event":"26/07/04 17:33:41 WARN CSVHeaderChecker: CSV header does not conform to the schema.","logger":"task.stderr"}
{"timestamp":"2026-07-04T12:03:41.212196Z","level":"error","event":" Header: , Player, Span, Mat, Inns, Dis, Ct, St, Ct Wk, Ct Fi, MD, D/I, Unnamed: 11","logger":"task.stderr"}
{"timestamp":"2026-07-04T12:03:41.212224Z","level":"error","event":" Schema: _c0, Player, Span, Mat, Inns, Dis, Ct, St, Ct Wk, Ct Fi, MD, D/I, Unnamed: 11","logger":"task.stderr"}
{"timestamp":"2026-07-04T12:03:41.212246Z","level":"error","event":"Expected: _c0 but found:","logger":"task.stderr"}
{"timestamp":"2026-07-04T12:03:41.212267Z","level":"error","event":"CSV file: file:///Users/burugula.sasank/airflow/dags/file_stores/api_dump/cric_data/Fielding/Fielding_t20.csv","logger":"task.stderr"}
{"timestamp":"2026-07-04T12:03:41.306294Z","level":"error","event":"26/07/04 17:33:41 WARN CSVHeaderChecker: CSV header does not conform to the schema.","logger":"task.stderr"}
{"timestamp":"2026-07-04T12:03:41.306399Z","level":"error","event":" Header: , Player, Span, Mat, Inns, Dis, Ct, St, Ct Wk, Ct Fi, MD, D/I, Unnamed: 11","logger":"task.stderr"}
{"timestamp":"2026-07-04T12:03:41.306427Z","level":"error","event":" Schema: _c0, Player, Span, Mat, Inns, Dis, Ct, St, Ct Wk, Ct Fi, MD, D/I, Unnamed: 11","logger":"task.stderr"}
{"timestamp":"2026-07-04T12:03:41.306449Z","level":"error","event":"Expected: _c0 but found:","logger":"task.stderr"}
{"timestamp":"2026-07-04T12:03:41.306488Z","level":"error","event":"CSV file: file:///Users/burugula.sasank/airflow/dags/file_stores/api_dump/cric_data/Fielding/Fielding_test.csv","logger":"task.stderr"}
{"timestamp":"2026-07-04T12:03:41.365233Z","level":"error","event":"26/07/04 17:33:41 WARN CSVHeaderChecker: CSV header does not conform to the schema.","logger":"task.stderr"}
{"timestamp":"2026-07-04T12:03:41.365333Z","level":"error","event":" Header: , Player, Span, Mat, Inns, NO, Runs, HS, Ave, BF, SR, 100, 50, 0, Unnamed: 13","logger":"task.stderr"}
{"timestamp":"2026-07-04T12:03:41.365360Z","level":"error","event":" Schema: _c0, Player, Span, Mat, Inns, NO, Runs, HS, Ave, BF, SR, 100, 50, 0, Unnamed: 13","logger":"task.stderr"}
{"timestamp":"2026-07-04T12:03:41.365382Z","level":"error","event":"Expected: _c0 but found:","logger":"task.stderr"}
{"timestamp":"2026-07-04T12:03:41.365403Z","level":"error","event":"CSV file: file:///Users/burugula.sasank/airflow/dags/file_stores/api_dump/cric_data/Batting/ODI%20data.csv","logger":"task.stderr"}
{"timestamp":"2026-07-04T12:03:41.622637Z","level":"info","event":"Sample Data (ODI Batsmen):","logger":"task.stdout"}
{"timestamp":"2026-07-04T12:03:41.622815Z","level":"info","event":"+---+--------------------+---------+---+----+---+-----+----+-----+-----+-----+---+---+---+-----------+","logger":"task.stdout"}
{"timestamp":"2026-07-04T12:03:41.623003Z","level":"info","event":"|_c0|              Player|     Span|Mat|Inns| NO| Runs|  HS|  Ave|   BF|   SR|100| 50|  0|Unnamed: 13|","logger":"task.stdout"}
{"timestamp":"2026-07-04T12:03:41.623067Z","level":"info","event":"+---+--------------------+---------+---+----+---+-----+----+-----+-----+-----+---+---+---+-----------+","logger":"task.stdout"}
{"timestamp":"2026-07-04T12:03:41.623116Z","level":"info","event":"|  0|SR Tendulkar (INDIA)|1989-2012|463| 452| 41|18426|200*|44.83|21367|86.23| 49| 96| 20|       NULL|","logger":"task.stdout"}
{"timestamp":"2026-07-04T12:03:41.623159Z","level":"info","event":"|  1|KC Sangakkara (As...|2000-2015|404| 380| 41|14234| 169|41.98|18048|78.86| 25| 93| 15|       NULL|","logger":"task.stdout"}
{"timestamp":"2026-07-04T12:03:41.623202Z","level":"info","event":"+---+--------------------+---------+---+----+---+-----+----+-----+-----+-----+---+---+---+-----------+","logger":"task.stdout"}
{"timestamp":"2026-07-04T12:03:41.623265Z","level":"info","event":"only showing top 2 rows","logger":"task.stdout"}
{"timestamp":"2026-07-04T12:03:41.649349Z","level":"info","event":"Bronze Ingestion Success","logger":"task.stdout"}
{"timestamp":"2026-07-04T12:03:41.649574Z","level":"info","event":"Done. Returned value was: ","try_number":1,"map_index":-1,"task_id":"ingest_data_to_filesystem","dag_id":"dag_data","ti_id":"019f2d03-2c30-72cb-9571-73017164aed4","run_id":"manual__2026-07-04T12:03:30.471763+00:00","logger":"airflow.task.operators.airflow.providers.standard.decorators.python._PythonDecoratedOperator","filename":"python.py","lineno":233}
{"timestamp":"2026-07-04T12:03:41.649796Z","level":"info","event":"::group::Post Execute","try_number":1,"map_index":-1,"task_id":"ingest_data_to_filesystem","dag_id":"dag_data","ti_id":"019f2d03-2c30-72cb-9571-73017164aed4","run_id":"manual__2026-07-04T12:03:30.471763+00:00","logger":"task","filename":"task_runner.py","lineno":1288}
{"timestamp":"2026-07-04T12:03:41.649972Z","level":"info","event":"Pushing xcom","ti":"RuntimeTaskInstance(id=UUID('019f2d03-2c30-72cb-9571-73017164aed4'), task_id='ingest_data_to_filesystem', dag_id='dag_data', run_id='manual__2026-07-04T12:03:30.471763+00:00', try_number=1, dag_version_id=UUID('019f2c09-88cb-79f1-ada2-a2bc16a5412d'), map_index=-1, hostname='burugulas-macbook-air.local', context_carrier={'traceparent': '00-9c11627d07fe73eb8939f525d0879efa-a6df6293efde2d90-01'}, task=<Task(_PythonDecoratedOperator): ingest_data_to_filesystem>, bundle_instance=LocalDagBundle(name=dags-folder), max_tries=0, start_date=datetime.datetime(2026, 7, 4, 12, 3, 35, 974585, tzinfo=datetime.timezone.utc), end_date=None, state=<TaskInstanceState.RUNNING: 'running'>, is_mapped=False, rendered_map_index=None, sentry_integration='')","try_number":1,"map_index":-1,"task_id":"ingest_data_to_filesystem","dag_id":"dag_data","ti_id":"019f2d03-2c30-72cb-9571-73017164aed4","run_id":"manual__2026-07-04T12:03:30.471763+00:00","logger":"task","filename":"task_runner.py","lineno":1791}
{"timestamp":"2026-07-04T12:03:41.659330Z","level":"info","event":"::endgroup::","try_number":1,"map_index":-1,"task_id":"ingest_data_to_filesystem","dag_id":"dag_data","ti_id":"019f2d03-2c30-72cb-9571-73017164aed4","run_id":"manual__2026-07-04T12:03:30.471763+00:00","logger":"task","filename":"task_runner.py","lineno":1896}
