{"timestamp":"2026-07-03T02:06:43.634455Z","level":"info","event":"2026-07-03T02:06:43.634326Z [info     ] ::group::Pre Execute           [task] loc=task_runner.py:1926","logger":"task.stdout"}
{"timestamp":"2026-07-03T02:06:43.712105Z","level":"info","event":"setup plugin alembic.autogenerate.schemas","logger":"alembic.runtime.plugins","try_number":1,"map_index":-1,"run_id":"manual__2026-07-03T02:06:36.630462+00:00","task_id":"ingest_data_to_filesystem","ti_id":"019f25ba-5668-7d40-b8c7-75acff60c765","dag_id":"dag_data","filename":"plugins.py","lineno":37}
{"timestamp":"2026-07-03T02:06:43.712185Z","level":"info","event":"setup plugin alembic.autogenerate.tables","logger":"alembic.runtime.plugins","try_number":1,"map_index":-1,"run_id":"manual__2026-07-03T02:06:36.630462+00:00","task_id":"ingest_data_to_filesystem","ti_id":"019f25ba-5668-7d40-b8c7-75acff60c765","dag_id":"dag_data","filename":"plugins.py","lineno":37}
{"timestamp":"2026-07-03T02:06:43.712217Z","level":"info","event":"setup plugin alembic.autogenerate.types","logger":"alembic.runtime.plugins","try_number":1,"map_index":-1,"run_id":"manual__2026-07-03T02:06:36.630462+00:00","task_id":"ingest_data_to_filesystem","ti_id":"019f25ba-5668-7d40-b8c7-75acff60c765","dag_id":"dag_data","filename":"plugins.py","lineno":37}
{"timestamp":"2026-07-03T02:06:43.712241Z","level":"info","event":"setup plugin alembic.autogenerate.constraints","logger":"alembic.runtime.plugins","try_number":1,"map_index":-1,"run_id":"manual__2026-07-03T02:06:36.630462+00:00","task_id":"ingest_data_to_filesystem","ti_id":"019f25ba-5668-7d40-b8c7-75acff60c765","dag_id":"dag_data","filename":"plugins.py","lineno":37}
{"timestamp":"2026-07-03T02:06:43.712262Z","level":"info","event":"setup plugin alembic.autogenerate.defaults","logger":"alembic.runtime.plugins","try_number":1,"map_index":-1,"run_id":"manual__2026-07-03T02:06:36.630462+00:00","task_id":"ingest_data_to_filesystem","ti_id":"019f25ba-5668-7d40-b8c7-75acff60c765","dag_id":"dag_data","filename":"plugins.py","lineno":37}
{"timestamp":"2026-07-03T02:06:43.712282Z","level":"info","event":"setup plugin alembic.autogenerate.comments","logger":"alembic.runtime.plugins","try_number":1,"map_index":-1,"run_id":"manual__2026-07-03T02:06:36.630462+00:00","task_id":"ingest_data_to_filesystem","ti_id":"019f25ba-5668-7d40-b8c7-75acff60c765","dag_id":"dag_data","filename":"plugins.py","lineno":37}
{"timestamp":"2026-07-03T02:06:43.752408Z","level":"info","event":"DAG bundles loaded: dags-folder","try_number":1,"map_index":-1,"run_id":"manual__2026-07-03T02:06:36.630462+00:00","task_id":"ingest_data_to_filesystem","ti_id":"019f25ba-5668-7d40-b8c7-75acff60c765","dag_id":"dag_data","logger":"airflow.dag_processing.bundles.manager.DagBundlesManager","filename":"manager.py","lineno":209}
{"timestamp":"2026-07-03T02:06:43.752611Z","level":"info","event":"Filling up the DagBag from /Users/burugula.sasank/airflow/dags/etl_scheduler.py","try_number":1,"map_index":-1,"run_id":"manual__2026-07-03T02:06:36.630462+00:00","task_id":"ingest_data_to_filesystem","ti_id":"019f25ba-5668-7d40-b8c7-75acff60c765","dag_id":"dag_data","logger":"airflow.dag_processing.dagbag.BundleDagBag","filename":"dagbag.py","lineno":469}
{"timestamp":"2026-07-03T02:06:43.782267Z","level":"warning","event":"The `airflow.decorators.task` attribute is deprecated. Please use `'airflow.sdk.task'`.","category":"UserWarning","filename":"/Users/burugula.sasank/airflow/dags/etl_scheduler.py","lineno":1,"try_number":1,"map_index":-1,"run_id":"manual__2026-07-03T02:06:36.630462+00:00","task_id":"ingest_data_to_filesystem","ti_id":"019f25ba-5668-7d40-b8c7-75acff60c765","dag_id":"dag_data","logger":"py.warnings"}
{"timestamp":"2026-07-03T02:06:43.782319Z","level":"warning","event":"The `airflow.decorators.dag` attribute is deprecated. Please use `'airflow.sdk.dag'`.","category":"UserWarning","filename":"/Users/burugula.sasank/airflow/dags/etl_scheduler.py","lineno":1,"try_number":1,"map_index":-1,"run_id":"manual__2026-07-03T02:06:36.630462+00:00","task_id":"ingest_data_to_filesystem","ti_id":"019f25ba-5668-7d40-b8c7-75acff60c765","dag_id":"dag_data","logger":"py.warnings"}
{"timestamp":"2026-07-03T02:06:43.782342Z","level":"warning","event":"The `airflow.hooks.base.BaseHook` attribute is deprecated. Please use `'airflow.sdk.bases.hook.BaseHook'`.","category":"UserWarning","filename":"/Users/burugula.sasank/airflow/dags/etl_scheduler.py","lineno":2,"try_number":1,"map_index":-1,"run_id":"manual__2026-07-03T02:06:36.630462+00:00","task_id":"ingest_data_to_filesystem","ti_id":"019f25ba-5668-7d40-b8c7-75acff60c765","dag_id":"dag_data","logger":"py.warnings"}
{"timestamp":"2026-07-03T02:06:43.793902Z","level":"info","event":"::endgroup::","try_number":1,"map_index":-1,"run_id":"manual__2026-07-03T02:06:36.630462+00:00","task_id":"ingest_data_to_filesystem","ti_id":"019f25ba-5668-7d40-b8c7-75acff60c765","dag_id":"dag_data","logger":"task","filename":"task_runner.py","lineno":1727}
{"timestamp":"2026-07-03T02:06:44.114254Z","level":"error","event":"WARNING: Using incubator modules: jdk.incubator.vector","logger":"task.stderr"}
{"timestamp":"2026-07-03T02:06:44.517625Z","level":"error","event":"Using Spark's default log4j profile: org/apache/spark/log4j2-defaults.properties","logger":"task.stderr"}
{"timestamp":"2026-07-03T02:06:44.523786Z","level":"error","event":"26/07/03 07:36:44 WARN Utils: Your hostname, Burugulas-MacBook-Air.local, resolves to a loopback address: 127.0.0.1; using 192.168.0.107 instead (on interface en0)","logger":"task.stderr"}
{"timestamp":"2026-07-03T02:06:44.524831Z","level":"error","event":"26/07/03 07:36:44 WARN Utils: Set SPARK_LOCAL_IP if you need to bind to another address","logger":"task.stderr"}
{"timestamp":"2026-07-03T02:06:44.644917Z","level":"error","event":"Using Spark's default log4j profile: org/apache/spark/log4j2-defaults.properties","logger":"task.stderr"}
{"timestamp":"2026-07-03T02:06:44.645068Z","level":"error","event":"Setting default log level to \"WARN\".","logger":"task.stderr"}
{"timestamp":"2026-07-03T02:06:44.645103Z","level":"error","event":"To adjust logging level use sc.setLogLevel(newLevel). For SparkR, use setLogLevel(newLevel).","logger":"task.stderr"}
{"timestamp":"2026-07-03T02:06:44.798002Z","level":"error","event":"26/07/03 07:36:44 WARN NativeCodeLoader: Unable to load native-hadoop library for your platform... using builtin-java classes where applicable","logger":"task.stderr"}
{"timestamp":"2026-07-03T02:06:47.542881Z","level":"error","event":"26/07/03 07:36:47 WARN CSVHeaderChecker: CSV header does not conform to the schema.","logger":"task.stderr"}
{"timestamp":"2026-07-03T02:06:47.542980Z","level":"error","event":" Header: , Player, Span, Mat, Inns, NO, Runs, HS, Ave, BF, SR, 100, 50, 0, Unnamed: 13","logger":"task.stderr"}
{"timestamp":"2026-07-03T02:06:47.543008Z","level":"error","event":" Schema: _c0, Player, Span, Mat, Inns, NO, Runs, HS, Ave, BF, SR, 100, 50, 0, Unnamed: 13","logger":"task.stderr"}
{"timestamp":"2026-07-03T02:06:47.543029Z","level":"error","event":"Expected: _c0 but found:","logger":"task.stderr"}
{"timestamp":"2026-07-03T02:06:47.543049Z","level":"error","event":"CSV file: file:///Users/burugula.sasank/airflow/dags/file_stores/api_dump/cric_data/Batting/ODI%20data.csv","logger":"task.stderr"}
{"timestamp":"2026-07-03T02:06:47.969001Z","level":"error","event":"26/07/03 07:36:47 WARN CSVHeaderChecker: CSV header does not conform to the schema.","logger":"task.stderr"}
{"timestamp":"2026-07-03T02:06:47.969163Z","level":"error","event":" Header: , Player, Span, Mat, Inns, NO, Runs, HS, Ave, BF, SR, 100, 50, 0, 4s, 6s, Unnamed: 15","logger":"task.stderr"}
{"timestamp":"2026-07-03T02:06:47.969213Z","level":"error","event":" Schema: _c0, Player, Span, Mat, Inns, NO, Runs, HS, Ave, BF, SR, 100, 50, 0, 4s, 6s, Unnamed: 15","logger":"task.stderr"}
{"timestamp":"2026-07-03T02:06:47.969258Z","level":"error","event":"Expected: _c0 but found:","logger":"task.stderr"}
{"timestamp":"2026-07-03T02:06:47.969303Z","level":"error","event":"CSV file: file:///Users/burugula.sasank/airflow/dags/file_stores/api_dump/cric_data/Batting/t20.csv","logger":"task.stderr"}
{"timestamp":"2026-07-03T02:06:48.099422Z","level":"error","event":"26/07/03 07:36:48 WARN CSVHeaderChecker: CSV header does not conform to the schema.","logger":"task.stderr"}
{"timestamp":"2026-07-03T02:06:48.099525Z","level":"error","event":" Header: , Player, Span, Mat, Inns, NO, Runs, HS, Ave, 100, 50, 0, Unnamed: 11","logger":"task.stderr"}
{"timestamp":"2026-07-03T02:06:48.099553Z","level":"error","event":" Schema: _c0, Player, Span, Mat, Inns, NO, Runs, HS, Ave, 100, 50, 0, Unnamed: 11","logger":"task.stderr"}
{"timestamp":"2026-07-03T02:06:48.099574Z","level":"error","event":"Expected: _c0 but found:","logger":"task.stderr"}
{"timestamp":"2026-07-03T02:06:48.099596Z","level":"error","event":"CSV file: file:///Users/burugula.sasank/airflow/dags/file_stores/api_dump/cric_data/Batting/test.csv","logger":"task.stderr"}
{"timestamp":"2026-07-03T02:06:48.224644Z","level":"error","event":"26/07/03 07:36:48 WARN CSVHeaderChecker: CSV header does not conform to the schema.","logger":"task.stderr"}
{"timestamp":"2026-07-03T02:06:48.224759Z","level":"error","event":" Header: , Player, Span, Mat, Inns, Balls, Runs, Wkts, BBI, Ave, Econ, SR, 4, 5, Unnamed: 13","logger":"task.stderr"}
{"timestamp":"2026-07-03T02:06:48.224792Z","level":"error","event":" Schema: _c0, Player, Span, Mat, Inns, Balls, Runs, Wkts, BBI, Ave, Econ, SR, 4, 5, Unnamed: 13","logger":"task.stderr"}
{"timestamp":"2026-07-03T02:06:48.224814Z","level":"error","event":"Expected: _c0 but found:","logger":"task.stderr"}
{"timestamp":"2026-07-03T02:06:48.224834Z","level":"error","event":"CSV file: file:///Users/burugula.sasank/airflow/dags/file_stores/api_dump/cric_data/Bowling/Bowling_ODI.csv","logger":"task.stderr"}
{"timestamp":"2026-07-03T02:06:48.349825Z","level":"error","event":"26/07/03 07:36:48 WARN CSVHeaderChecker: CSV header does not conform to the schema.","logger":"task.stderr"}
{"timestamp":"2026-07-03T02:06:48.350008Z","level":"error","event":" Header: , Player, Span, Mat, Inns, Overs, Mdns, Runs, Wkts, BBI, Ave, Econ, SR, 4, 5, Unnamed: 14","logger":"task.stderr"}
{"timestamp":"2026-07-03T02:06:48.350040Z","level":"error","event":" Schema: _c0, Player, Span, Mat, Inns, Overs, Mdns, Runs, Wkts, BBI, Ave, Econ, SR, 4, 5, Unnamed: 14","logger":"task.stderr"}
{"timestamp":"2026-07-03T02:06:48.350063Z","level":"error","event":"Expected: _c0 but found:","logger":"task.stderr"}
{"timestamp":"2026-07-03T02:06:48.350083Z","level":"error","event":"CSV file: file:///Users/burugula.sasank/airflow/dags/file_stores/api_dump/cric_data/Bowling/Bowling_t20.csv","logger":"task.stderr"}
{"timestamp":"2026-07-03T02:06:48.486575Z","level":"error","event":"26/07/03 07:36:48 WARN CSVHeaderChecker: CSV header does not conform to the schema.","logger":"task.stderr"}
{"timestamp":"2026-07-03T02:06:48.486695Z","level":"error","event":" Header: , Player, Span, Mat, Inns, Balls, Runs, Wkts, BBI, BBM, Ave, Econ, SR, 5, 10, Unnamed: 14","logger":"task.stderr"}
{"timestamp":"2026-07-03T02:06:48.486725Z","level":"error","event":" Schema: _c0, Player, Span, Mat, Inns, Balls, Runs, Wkts, BBI, BBM, Ave, Econ, SR, 5, 10, Unnamed: 14","logger":"task.stderr"}
{"timestamp":"2026-07-03T02:06:48.486747Z","level":"error","event":"Expected: _c0 but found:","logger":"task.stderr"}
{"timestamp":"2026-07-03T02:06:48.486767Z","level":"error","event":"CSV file: file:///Users/burugula.sasank/airflow/dags/file_stores/api_dump/cric_data/Bowling/Bowling_test.csv","logger":"task.stderr"}
{"timestamp":"2026-07-03T02:06:48.625133Z","level":"error","event":"26/07/03 07:36:48 WARN CSVHeaderChecker: CSV header does not conform to the schema.","logger":"task.stderr"}
{"timestamp":"2026-07-03T02:06:48.625243Z","level":"error","event":" Header: , Player, Span, Mat, Inns, Dis, Ct, St, Ct Wk, Ct Fi, MD, D/I, Unnamed: 11","logger":"task.stderr"}
{"timestamp":"2026-07-03T02:06:48.625271Z","level":"error","event":" Schema: _c0, Player, Span, Mat, Inns, Dis, Ct, St, Ct Wk, Ct Fi, MD, D/I, Unnamed: 11","logger":"task.stderr"}
{"timestamp":"2026-07-03T02:06:48.625293Z","level":"error","event":"Expected: _c0 but found:","logger":"task.stderr"}
{"timestamp":"2026-07-03T02:06:48.625322Z","level":"error","event":"CSV file: file:///Users/burugula.sasank/airflow/dags/file_stores/api_dump/cric_data/Fielding/Fielding_ODI.csv","logger":"task.stderr"}
{"timestamp":"2026-07-03T02:06:48.722862Z","level":"error","event":"26/07/03 07:36:48 WARN CSVHeaderChecker: CSV header does not conform to the schema.","logger":"task.stderr"}
{"timestamp":"2026-07-03T02:06:48.722968Z","level":"error","event":" Header: , Player, Span, Mat, Inns, Dis, Ct, St, Ct Wk, Ct Fi, MD, D/I, Unnamed: 11","logger":"task.stderr"}
{"timestamp":"2026-07-03T02:06:48.722997Z","level":"error","event":" Schema: _c0, Player, Span, Mat, Inns, Dis, Ct, St, Ct Wk, Ct Fi, MD, D/I, Unnamed: 11","logger":"task.stderr"}
{"timestamp":"2026-07-03T02:06:48.723018Z","level":"error","event":"Expected: _c0 but found:","logger":"task.stderr"}
{"timestamp":"2026-07-03T02:06:48.723037Z","level":"error","event":"CSV file: file:///Users/burugula.sasank/airflow/dags/file_stores/api_dump/cric_data/Fielding/Fielding_t20.csv","logger":"task.stderr"}
{"timestamp":"2026-07-03T02:06:48.820729Z","level":"error","event":"26/07/03 07:36:48 WARN CSVHeaderChecker: CSV header does not conform to the schema.","logger":"task.stderr"}
{"timestamp":"2026-07-03T02:06:48.820839Z","level":"error","event":" Header: , Player, Span, Mat, Inns, Dis, Ct, St, Ct Wk, Ct Fi, MD, D/I, Unnamed: 11","logger":"task.stderr"}
{"timestamp":"2026-07-03T02:06:48.820866Z","level":"error","event":" Schema: _c0, Player, Span, Mat, Inns, Dis, Ct, St, Ct Wk, Ct Fi, MD, D/I, Unnamed: 11","logger":"task.stderr"}
{"timestamp":"2026-07-03T02:06:48.820887Z","level":"error","event":"Expected: _c0 but found:","logger":"task.stderr"}
{"timestamp":"2026-07-03T02:06:48.820908Z","level":"error","event":"CSV file: file:///Users/burugula.sasank/airflow/dags/file_stores/api_dump/cric_data/Fielding/Fielding_test.csv","logger":"task.stderr"}
{"timestamp":"2026-07-03T02:06:48.886704Z","level":"error","event":"26/07/03 07:36:48 WARN CSVHeaderChecker: CSV header does not conform to the schema.","logger":"task.stderr"}
{"timestamp":"2026-07-03T02:06:48.886820Z","level":"error","event":" Header: , Player, Span, Mat, Inns, NO, Runs, HS, Ave, BF, SR, 100, 50, 0, Unnamed: 13","logger":"task.stderr"}
{"timestamp":"2026-07-03T02:06:48.886848Z","level":"error","event":" Schema: _c0, Player, Span, Mat, Inns, NO, Runs, HS, Ave, BF, SR, 100, 50, 0, Unnamed: 13","logger":"task.stderr"}
{"timestamp":"2026-07-03T02:06:48.886872Z","level":"error","event":"Expected: _c0 but found:","logger":"task.stderr"}
{"timestamp":"2026-07-03T02:06:48.886892Z","level":"error","event":"CSV file: file:///Users/burugula.sasank/airflow/dags/file_stores/api_dump/cric_data/Batting/ODI%20data.csv","logger":"task.stderr"}
{"timestamp":"2026-07-03T02:06:49.359406Z","level":"info","event":"Sample Data (ODI Batsmen):","logger":"task.stdout"}
{"timestamp":"2026-07-03T02:06:49.359781Z","level":"info","event":"+---+--------------------+---------+---+----+---+-----+----+-----+-----+-----+---+---+---+-----------+","logger":"task.stdout"}
{"timestamp":"2026-07-03T02:06:49.359889Z","level":"info","event":"|_c0|              Player|     Span|Mat|Inns| NO| Runs|  HS|  Ave|   BF|   SR|100| 50|  0|Unnamed: 13|","logger":"task.stdout"}
{"timestamp":"2026-07-03T02:06:49.359978Z","level":"info","event":"+---+--------------------+---------+---+----+---+-----+----+-----+-----+-----+---+---+---+-----------+","logger":"task.stdout"}
{"timestamp":"2026-07-03T02:06:49.360062Z","level":"info","event":"|  0|SR Tendulkar (INDIA)|1989-2012|463| 452| 41|18426|200*|44.83|21367|86.23| 49| 96| 20|       NULL|","logger":"task.stdout"}
{"timestamp":"2026-07-03T02:06:49.360145Z","level":"info","event":"|  1|KC Sangakkara (As...|2000-2015|404| 380| 41|14234| 169|41.98|18048|78.86| 25| 93| 15|       NULL|","logger":"task.stdout"}
{"timestamp":"2026-07-03T02:06:49.360227Z","level":"info","event":"+---+--------------------+---------+---+----+---+-----+----+-----+-----+-----+---+---+---+-----------+","logger":"task.stdout"}
{"timestamp":"2026-07-03T02:06:49.360339Z","level":"info","event":"only showing top 2 rows","logger":"task.stdout"}
{"timestamp":"2026-07-03T02:06:49.400402Z","level":"info","event":"Bronze Ingestion Success","logger":"task.stdout"}
{"timestamp":"2026-07-03T02:06:49.400808Z","level":"info","event":"Done. Returned value was: ","try_number":1,"map_index":-1,"run_id":"manual__2026-07-03T02:06:36.630462+00:00","task_id":"ingest_data_to_filesystem","ti_id":"019f25ba-5668-7d40-b8c7-75acff60c765","dag_id":"dag_data","logger":"airflow.task.operators.airflow.providers.standard.decorators.python._PythonDecoratedOperator","filename":"python.py","lineno":233}
{"timestamp":"2026-07-03T02:06:49.401274Z","level":"info","event":"::group::Post Execute","try_number":1,"map_index":-1,"run_id":"manual__2026-07-03T02:06:36.630462+00:00","task_id":"ingest_data_to_filesystem","ti_id":"019f25ba-5668-7d40-b8c7-75acff60c765","dag_id":"dag_data","logger":"task","filename":"task_runner.py","lineno":1288}
{"timestamp":"2026-07-03T02:06:49.401582Z","level":"info","event":"Pushing xcom","ti":"RuntimeTaskInstance(id=UUID('019f25ba-5668-7d40-b8c7-75acff60c765'), task_id='ingest_data_to_filesystem', dag_id='dag_data', run_id='manual__2026-07-03T02:06:36.630462+00:00', try_number=1, dag_version_id=UUID('019f25ad-46c6-7fd0-85e3-80d02836df93'), map_index=-1, hostname='burugulas-macbook-air.local', context_carrier={'traceparent': '00-bb24b61894543b003554e2bc5dbddd0b-9e8665af83895c0a-01'}, task=<Task(_PythonDecoratedOperator): ingest_data_to_filesystem>, bundle_instance=LocalDagBundle(name=dags-folder), max_tries=0, start_date=datetime.datetime(2026, 7, 3, 2, 6, 43, 240107, tzinfo=datetime.timezone.utc), end_date=None, state=<TaskInstanceState.RUNNING: 'running'>, is_mapped=False, rendered_map_index=None, sentry_integration='')","try_number":1,"map_index":-1,"run_id":"manual__2026-07-03T02:06:36.630462+00:00","task_id":"ingest_data_to_filesystem","ti_id":"019f25ba-5668-7d40-b8c7-75acff60c765","dag_id":"dag_data","logger":"task","filename":"task_runner.py","lineno":1791}
{"timestamp":"2026-07-03T02:06:49.411549Z","level":"info","event":"::endgroup::","try_number":1,"map_index":-1,"run_id":"manual__2026-07-03T02:06:36.630462+00:00","task_id":"ingest_data_to_filesystem","ti_id":"019f25ba-5668-7d40-b8c7-75acff60c765","dag_id":"dag_data","logger":"task","filename":"task_runner.py","lineno":1896}
