{"timestamp":"2026-07-03T11:36:35.851564Z","level":"info","event":"2026-07-03T11:36:35.851446Z [info     ] ::group::Pre Execute           [task] loc=task_runner.py:1926","logger":"task.stdout"}
{"timestamp":"2026-07-03T11:36:35.932825Z","level":"info","event":"setup plugin alembic.autogenerate.schemas","logger":"alembic.runtime.plugins","run_id":"manual__2026-07-03T11:36:23.181834+00:00","dag_id":"dag_data","map_index":-1,"task_id":"transform_data_from_filesystem","try_number":1,"ti_id":"019f27c3-fb9a-7a0f-a841-61e34dabf742","filename":"plugins.py","lineno":37}
{"timestamp":"2026-07-03T11:36:35.932899Z","level":"info","event":"setup plugin alembic.autogenerate.tables","logger":"alembic.runtime.plugins","run_id":"manual__2026-07-03T11:36:23.181834+00:00","dag_id":"dag_data","map_index":-1,"task_id":"transform_data_from_filesystem","try_number":1,"ti_id":"019f27c3-fb9a-7a0f-a841-61e34dabf742","filename":"plugins.py","lineno":37}
{"timestamp":"2026-07-03T11:36:35.932931Z","level":"info","event":"setup plugin alembic.autogenerate.types","logger":"alembic.runtime.plugins","run_id":"manual__2026-07-03T11:36:23.181834+00:00","dag_id":"dag_data","map_index":-1,"task_id":"transform_data_from_filesystem","try_number":1,"ti_id":"019f27c3-fb9a-7a0f-a841-61e34dabf742","filename":"plugins.py","lineno":37}
{"timestamp":"2026-07-03T11:36:35.932955Z","level":"info","event":"setup plugin alembic.autogenerate.constraints","logger":"alembic.runtime.plugins","run_id":"manual__2026-07-03T11:36:23.181834+00:00","dag_id":"dag_data","map_index":-1,"task_id":"transform_data_from_filesystem","try_number":1,"ti_id":"019f27c3-fb9a-7a0f-a841-61e34dabf742","filename":"plugins.py","lineno":37}
{"timestamp":"2026-07-03T11:36:35.932974Z","level":"info","event":"setup plugin alembic.autogenerate.defaults","logger":"alembic.runtime.plugins","run_id":"manual__2026-07-03T11:36:23.181834+00:00","dag_id":"dag_data","map_index":-1,"task_id":"transform_data_from_filesystem","try_number":1,"ti_id":"019f27c3-fb9a-7a0f-a841-61e34dabf742","filename":"plugins.py","lineno":37}
{"timestamp":"2026-07-03T11:36:35.932994Z","level":"info","event":"setup plugin alembic.autogenerate.comments","logger":"alembic.runtime.plugins","run_id":"manual__2026-07-03T11:36:23.181834+00:00","dag_id":"dag_data","map_index":-1,"task_id":"transform_data_from_filesystem","try_number":1,"ti_id":"019f27c3-fb9a-7a0f-a841-61e34dabf742","filename":"plugins.py","lineno":37}
{"timestamp":"2026-07-03T11:36:35.973247Z","level":"info","event":"DAG bundles loaded: dags-folder","run_id":"manual__2026-07-03T11:36:23.181834+00:00","dag_id":"dag_data","map_index":-1,"task_id":"transform_data_from_filesystem","try_number":1,"ti_id":"019f27c3-fb9a-7a0f-a841-61e34dabf742","logger":"airflow.dag_processing.bundles.manager.DagBundlesManager","filename":"manager.py","lineno":209}
{"timestamp":"2026-07-03T11:36:35.973464Z","level":"info","event":"Filling up the DagBag from /Users/burugula.sasank/airflow/dags/etl_scheduler.py","run_id":"manual__2026-07-03T11:36:23.181834+00:00","dag_id":"dag_data","map_index":-1,"task_id":"transform_data_from_filesystem","try_number":1,"ti_id":"019f27c3-fb9a-7a0f-a841-61e34dabf742","logger":"airflow.dag_processing.dagbag.BundleDagBag","filename":"dagbag.py","lineno":469}
{"timestamp":"2026-07-03T11:36:36.008927Z","level":"warning","event":"The `airflow.decorators.task` attribute is deprecated. Please use `'airflow.sdk.task'`.","category":"UserWarning","filename":"/Users/burugula.sasank/airflow/dags/etl_scheduler.py","lineno":1,"run_id":"manual__2026-07-03T11:36:23.181834+00:00","dag_id":"dag_data","map_index":-1,"task_id":"transform_data_from_filesystem","try_number":1,"ti_id":"019f27c3-fb9a-7a0f-a841-61e34dabf742","logger":"py.warnings"}
{"timestamp":"2026-07-03T11:36:36.008984Z","level":"warning","event":"The `airflow.decorators.dag` attribute is deprecated. Please use `'airflow.sdk.dag'`.","category":"UserWarning","filename":"/Users/burugula.sasank/airflow/dags/etl_scheduler.py","lineno":1,"run_id":"manual__2026-07-03T11:36:23.181834+00:00","dag_id":"dag_data","map_index":-1,"task_id":"transform_data_from_filesystem","try_number":1,"ti_id":"019f27c3-fb9a-7a0f-a841-61e34dabf742","logger":"py.warnings"}
{"timestamp":"2026-07-03T11:36:36.009011Z","level":"warning","event":"The `airflow.hooks.base.BaseHook` attribute is deprecated. Please use `'airflow.sdk.bases.hook.BaseHook'`.","category":"UserWarning","filename":"/Users/burugula.sasank/airflow/dags/etl_scheduler.py","lineno":2,"run_id":"manual__2026-07-03T11:36:23.181834+00:00","dag_id":"dag_data","map_index":-1,"task_id":"transform_data_from_filesystem","try_number":1,"ti_id":"019f27c3-fb9a-7a0f-a841-61e34dabf742","logger":"py.warnings"}
{"timestamp":"2026-07-03T11:36:36.020901Z","level":"info","event":"::endgroup::","run_id":"manual__2026-07-03T11:36:23.181834+00:00","dag_id":"dag_data","map_index":-1,"task_id":"transform_data_from_filesystem","try_number":1,"ti_id":"019f27c3-fb9a-7a0f-a841-61e34dabf742","logger":"task","filename":"task_runner.py","lineno":1727}
{"timestamp":"2026-07-03T11:36:36.100291Z","level":"error","event":"/Library/Frameworks/Python.framework/Versions/3.14/lib/python3.14/site-packages/pyspark/sql/udf.py:134: UserWarning: Cannot infer the eval type from type hints.","logger":"task.stderr"}
{"timestamp":"2026-07-03T11:36:36.100389Z","level":"error","event":"  warnings.warn(\"Cannot infer the eval type from type hints. \", UserWarning)","logger":"task.stderr"}
{"timestamp":"2026-07-03T11:36:36.215139Z","level":"error","event":"WARNING: Using incubator modules: jdk.incubator.vector","logger":"task.stderr"}
{"timestamp":"2026-07-03T11:36:36.520823Z","level":"error","event":"Using Spark's default log4j profile: org/apache/spark/log4j2-defaults.properties","logger":"task.stderr"}
{"timestamp":"2026-07-03T11:36:36.525869Z","level":"error","event":"26/07/03 17:06:36 WARN Utils: Your hostname, Burugulas-MacBook-Air.local, resolves to a loopback address: 127.0.0.1; using 192.168.0.107 instead (on interface en0)","logger":"task.stderr"}
{"timestamp":"2026-07-03T11:36:36.526817Z","level":"error","event":"26/07/03 17:06:36 WARN Utils: Set SPARK_LOCAL_IP if you need to bind to another address","logger":"task.stderr"}
{"timestamp":"2026-07-03T11:36:36.592810Z","level":"error","event":":: loading settings :: url = jar:file:/Library/Frameworks/Python.framework/Versions/3.14/lib/python3.14/site-packages/pyspark/jars/ivy-2.5.3.jar!/org/apache/ivy/core/settings/ivysettings.xml","logger":"task.stderr"}
{"timestamp":"2026-07-03T11:36:36.623459Z","level":"error","event":"Ivy Default Cache set to: /Users/burugula.sasank/.ivy2.5.2/cache","logger":"task.stderr"}
{"timestamp":"2026-07-03T11:36:36.623550Z","level":"error","event":"The jars for the packages stored in: /Users/burugula.sasank/.ivy2.5.2/jars","logger":"task.stderr"}
{"timestamp":"2026-07-03T11:36:36.624689Z","level":"error","event":"org.postgresql#postgresql added as a dependency","logger":"task.stderr"}
{"timestamp":"2026-07-03T11:36:36.624935Z","level":"error","event":":: resolving dependencies :: org.apache.spark#spark-submit-parent-475f660e-a1c3-4e66-a003-1aa2134bf7c6;1.0","logger":"task.stderr"}
{"timestamp":"2026-07-03T11:36:36.624982Z","level":"error","event":"\tconfs: [default]","logger":"task.stderr"}
{"timestamp":"2026-07-03T11:36:36.663911Z","level":"error","event":"\tfound org.postgresql#postgresql;42.7.3 in central","logger":"task.stderr"}
{"timestamp":"2026-07-03T11:36:36.671485Z","level":"error","event":"\tfound org.checkerframework#checker-qual;3.42.0 in central","logger":"task.stderr"}
{"timestamp":"2026-07-03T11:36:36.676109Z","level":"error","event":":: resolution report :: resolve 50ms :: artifacts dl 2ms","logger":"task.stderr"}
{"timestamp":"2026-07-03T11:36:36.676203Z","level":"error","event":"\t:: modules in use:","logger":"task.stderr"}
{"timestamp":"2026-07-03T11:36:36.676232Z","level":"error","event":"\torg.checkerframework#checker-qual;3.42.0 from central in [default]","logger":"task.stderr"}
{"timestamp":"2026-07-03T11:36:36.676280Z","level":"error","event":"\torg.postgresql#postgresql;42.7.3 from central in [default]","logger":"task.stderr"}
{"timestamp":"2026-07-03T11:36:36.676302Z","level":"error","event":"\t---------------------------------------------------------------------","logger":"task.stderr"}
{"timestamp":"2026-07-03T11:36:36.676327Z","level":"error","event":"\t|                  |            modules            ||   artifacts   |","logger":"task.stderr"}
{"timestamp":"2026-07-03T11:36:36.676347Z","level":"error","event":"\t|       conf       | number| search|dwnlded|evicted|| number|dwnlded|","logger":"task.stderr"}
{"timestamp":"2026-07-03T11:36:36.676366Z","level":"error","event":"\t---------------------------------------------------------------------","logger":"task.stderr"}
{"timestamp":"2026-07-03T11:36:36.676384Z","level":"error","event":"\t|      default     |   2   |   0   |   0   |   0   ||   2   |   0   |","logger":"task.stderr"}
{"timestamp":"2026-07-03T11:36:36.676402Z","level":"error","event":"\t---------------------------------------------------------------------","logger":"task.stderr"}
{"timestamp":"2026-07-03T11:36:36.677048Z","level":"error","event":":: retrieving :: org.apache.spark#spark-submit-parent-475f660e-a1c3-4e66-a003-1aa2134bf7c6","logger":"task.stderr"}
{"timestamp":"2026-07-03T11:36:36.677095Z","level":"error","event":"\tconfs: [default]","logger":"task.stderr"}
{"timestamp":"2026-07-03T11:36:36.679587Z","level":"error","event":"\t0 artifacts copied, 2 already retrieved (0kB/2ms)","logger":"task.stderr"}
{"timestamp":"2026-07-03T11:36:36.744987Z","level":"error","event":"26/07/03 17:06:36 WARN NativeCodeLoader: Unable to load native-hadoop library for your platform... using builtin-java classes where applicable","logger":"task.stderr"}
{"timestamp":"2026-07-03T11:36:36.791699Z","level":"error","event":"Using Spark's default log4j profile: org/apache/spark/log4j2-defaults.properties","logger":"task.stderr"}
{"timestamp":"2026-07-03T11:36:36.791848Z","level":"error","event":"Setting default log level to \"WARN\".","logger":"task.stderr"}
{"timestamp":"2026-07-03T11:36:36.791881Z","level":"error","event":"To adjust logging level use sc.setLogLevel(newLevel). For SparkR, use setLogLevel(newLevel).","logger":"task.stderr"}
{"timestamp":"2026-07-03T11:36:40.578199Z","level":"error","event":"26/07/03 17:06:40 WARN SparkStringUtils: Truncated the string representation of a plan since it was too large. This behavior can be adjusted by setting 'spark.sql.debug.maxToStringFields'.","logger":"task.stderr"}
{"timestamp":"2026-07-03T11:36:41.428946Z","level":"error","event":"\r[Stage 9:>                                                          (0 + 1) / 1]\r26/07/03 17:06:41 ERROR Executor: Exception in task 0.0 in stage 9.0 (TID 9)","logger":"task.stderr"}
{"timestamp":"2026-07-03T11:36:41.429238Z","level":"error","event":"org.apache.spark.SparkNumberFormatException: [CAST_INVALID_INPUT] The value '-' of the type \"STRING\" cannot be cast to \"INT\" because it is malformed. Correct the value as per the syntax, or change its target type. Use `try_cast` to tolerate malformed input and return NULL instead. SQLSTATE: 22018","logger":"task.stderr"}
{"timestamp":"2026-07-03T11:36:41.429299Z","level":"error","event":"== DataFrame ==","logger":"task.stderr"}
{"timestamp":"2026-07-03T11:36:41.429327Z","level":"error","event":"\"cast\" was called from","logger":"task.stderr"}
{"timestamp":"2026-07-03T11:36:41.429349Z","level":"error","event":"/Users/burugula.sasank/airflow/dags/spark/notebooks/silver_layer/data_transformations.py:121","logger":"task.stderr"}
{"timestamp":"2026-07-03T11:36:41.429371Z","level":"error","event":"","logger":"task.stderr"}
{"timestamp":"2026-07-03T11:36:41.429392Z","level":"error","event":"\tat org.apache.spark.sql.errors.QueryExecutionErrors$.invalidInputInCastToNumberError(QueryExecutionErrors.scala:147)","logger":"task.stderr"}
{"timestamp":"2026-07-03T11:36:41.429413Z","level":"error","event":"\tat org.apache.spark.sql.catalyst.util.UTF8StringUtils$.withException(UTF8StringUtils.scala:51)","logger":"task.stderr"}
{"timestamp":"2026-07-03T11:36:41.429433Z","level":"error","event":"\tat org.apache.spark.sql.catalyst.util.UTF8StringUtils$.toIntExact(UTF8StringUtils.scala:34)","logger":"task.stderr"}
{"timestamp":"2026-07-03T11:36:41.429464Z","level":"error","event":"\tat org.apache.spark.sql.catalyst.util.UTF8StringUtils.toIntExact(UTF8StringUtils.scala)","logger":"task.stderr"}
{"timestamp":"2026-07-03T11:36:41.429484Z","level":"error","event":"\tat org.apache.spark.sql.catalyst.expressions.GeneratedClass$GeneratedIteratorForCodegenStage2.sort_addToSorter_0$(Unknown Source)","logger":"task.stderr"}
{"timestamp":"2026-07-03T11:36:41.429503Z","level":"error","event":"\tat org.apache.spark.sql.catalyst.expressions.GeneratedClass$GeneratedIteratorForCodegenStage2.processNext(Unknown Source)","logger":"task.stderr"}
{"timestamp":"2026-07-03T11:36:41.429522Z","level":"error","event":"\tat org.apache.spark.sql.execution.BufferedRowIterator.hasNext(BufferedRowIterator.java:43)","logger":"task.stderr"}
{"timestamp":"2026-07-03T11:36:41.429541Z","level":"error","event":"\tat org.apache.spark.sql.execution.WholeStageCodegenEvaluatorFactory$WholeStageCodegenPartitionEvaluator$$anon$1.hasNext(WholeStageCodegenEvaluatorFactory.scala:50)","logger":"task.stderr"}
{"timestamp":"2026-07-03T11:36:41.429578Z","level":"error","event":"\tat org.apache.spark.sql.execution.aggregate.SortAggregateExec.$anonfun$doExecute$1(SortAggregateExec.scala:63)","logger":"task.stderr"}
{"timestamp":"2026-07-03T11:36:41.429598Z","level":"error","event":"\tat org.apache.spark.sql.execution.aggregate.SortAggregateExec.$anonfun$doExecute$1$adapted(SortAggregateExec.scala:60)","logger":"task.stderr"}
{"timestamp":"2026-07-03T11:36:41.429617Z","level":"error","event":"\tat org.apache.spark.rdd.RDD.$anonfun$mapPartitionsWithIndexInternal$2(RDD.scala:888)","logger":"task.stderr"}
{"timestamp":"2026-07-03T11:36:41.429634Z","level":"error","event":"\tat org.apache.spark.rdd.RDD.$anonfun$mapPartitionsWithIndexInternal$2$adapted(RDD.scala:888)","logger":"task.stderr"}
{"timestamp":"2026-07-03T11:36:41.429652Z","level":"error","event":"\tat org.apache.spark.rdd.MapPartitionsRDD.compute(MapPartitionsRDD.scala:52)","logger":"task.stderr"}
{"timestamp":"2026-07-03T11:36:41.429669Z","level":"error","event":"\tat org.apache.spark.rdd.RDD.computeOrReadCheckpoint(RDD.scala:374)","logger":"task.stderr"}
{"timestamp":"2026-07-03T11:36:41.429686Z","level":"error","event":"\tat org.apache.spark.rdd.RDD.iterator(RDD.scala:338)","logger":"task.stderr"}
{"timestamp":"2026-07-03T11:36:41.429703Z","level":"error","event":"\tat org.apache.spark.rdd.MapPartitionsRDD.compute(MapPartitionsRDD.scala:52)","logger":"task.stderr"}
{"timestamp":"2026-07-03T11:36:41.429720Z","level":"error","event":"\tat org.apache.spark.rdd.RDD.computeOrReadCheckpoint(RDD.scala:374)","logger":"task.stderr"}
{"timestamp":"2026-07-03T11:36:41.429737Z","level":"error","event":"\tat org.apache.spark.rdd.RDD.iterator(RDD.scala:338)","logger":"task.stderr"}
{"timestamp":"2026-07-03T11:36:41.429758Z","level":"error","event":"\tat org.apache.spark.scheduler.ShuffleMapTask.runTask(ShuffleMapTask.scala:107)","logger":"task.stderr"}
{"timestamp":"2026-07-03T11:36:41.429777Z","level":"error","event":"\tat org.apache.spark.scheduler.ShuffleMapTask.runTask(ShuffleMapTask.scala:54)","logger":"task.stderr"}
{"timestamp":"2026-07-03T11:36:41.429795Z","level":"error","event":"\tat org.apache.spark.TaskContext.runTaskWithListeners(TaskContext.scala:180)","logger":"task.stderr"}
{"timestamp":"2026-07-03T11:36:41.429813Z","level":"error","event":"\tat org.apache.spark.scheduler.Task.run(Task.scala:147)","logger":"task.stderr"}
{"timestamp":"2026-07-03T11:36:41.429854Z","level":"error","event":"\tat org.apache.spark.executor.Executor$TaskRunner.$anonfun$run$4(Executor.scala:873)","logger":"task.stderr"}
{"timestamp":"2026-07-03T11:36:41.429961Z","level":"error","event":"\tat org.apache.spark.util.SparkErrorUtils.tryWithSafeFinally(SparkErrorUtils.scala:86)","logger":"task.stderr"}
{"timestamp":"2026-07-03T11:36:41.430036Z","level":"error","event":"\tat org.apache.spark.util.SparkErrorUtils.tryWithSafeFinally$(SparkErrorUtils.scala:83)","logger":"task.stderr"}
{"timestamp":"2026-07-03T11:36:41.430098Z","level":"error","event":"\tat org.apache.spark.util.Utils$.tryWithSafeFinally(Utils.scala:97)","logger":"task.stderr"}
{"timestamp":"2026-07-03T11:36:41.430125Z","level":"error","event":"\tat org.apache.spark.executor.Executor$TaskRunner.run(Executor.scala:876)","logger":"task.stderr"}
{"timestamp":"2026-07-03T11:36:41.430146Z","level":"error","event":"\tat java.base/java.util.concurrent.ThreadPoolExecutor.runWorker(ThreadPoolExecutor.java:1144)","logger":"task.stderr"}
{"timestamp":"2026-07-03T11:36:41.430165Z","level":"error","event":"\tat java.base/java.util.concurrent.ThreadPoolExecutor$Worker.run(ThreadPoolExecutor.java:642)","logger":"task.stderr"}
{"timestamp":"2026-07-03T11:36:41.430184Z","level":"error","event":"\tat java.base/java.lang.Thread.run(Thread.java:1589)","logger":"task.stderr"}
{"timestamp":"2026-07-03T11:36:41.433635Z","level":"error","event":"26/07/03 17:06:41 WARN TaskSetManager: Lost task 0.0 in stage 9.0 (TID 9) (192.168.0.107 executor driver): org.apache.spark.SparkNumberFormatException: [CAST_INVALID_INPUT] The value '-' of the type \"STRING\" cannot be cast to \"INT\" because it is malformed. Correct the value as per the syntax, or change its target type. Use `try_cast` to tolerate malformed input and return NULL instead. SQLSTATE: 22018","logger":"task.stderr"}
{"timestamp":"2026-07-03T11:36:41.433693Z","level":"error","event":"== DataFrame ==","logger":"task.stderr"}
{"timestamp":"2026-07-03T11:36:41.433717Z","level":"error","event":"\"cast\" was called from","logger":"task.stderr"}
{"timestamp":"2026-07-03T11:36:41.433737Z","level":"error","event":"/Users/burugula.sasank/airflow/dags/spark/notebooks/silver_layer/data_transformations.py:121","logger":"task.stderr"}
{"timestamp":"2026-07-03T11:36:41.433757Z","level":"error","event":"","logger":"task.stderr"}
{"timestamp":"2026-07-03T11:36:41.433776Z","level":"error","event":"\tat org.apache.spark.sql.errors.QueryExecutionErrors$.invalidInputInCastToNumberError(QueryExecutionErrors.scala:147)","logger":"task.stderr"}
{"timestamp":"2026-07-03T11:36:41.433797Z","level":"error","event":"\tat org.apache.spark.sql.catalyst.util.UTF8StringUtils$.withException(UTF8StringUtils.scala:51)","logger":"task.stderr"}
{"timestamp":"2026-07-03T11:36:41.433815Z","level":"error","event":"\tat org.apache.spark.sql.catalyst.util.UTF8StringUtils$.toIntExact(UTF8StringUtils.scala:34)","logger":"task.stderr"}
{"timestamp":"2026-07-03T11:36:41.433833Z","level":"error","event":"\tat org.apache.spark.sql.catalyst.util.UTF8StringUtils.toIntExact(UTF8StringUtils.scala)","logger":"task.stderr"}
{"timestamp":"2026-07-03T11:36:41.433851Z","level":"error","event":"\tat org.apache.spark.sql.catalyst.expressions.GeneratedClass$GeneratedIteratorForCodegenStage2.sort_addToSorter_0$(Unknown Source)","logger":"task.stderr"}
{"timestamp":"2026-07-03T11:36:41.433870Z","level":"error","event":"\tat org.apache.spark.sql.catalyst.expressions.GeneratedClass$GeneratedIteratorForCodegenStage2.processNext(Unknown Source)","logger":"task.stderr"}
{"timestamp":"2026-07-03T11:36:41.433887Z","level":"error","event":"\tat org.apache.spark.sql.execution.BufferedRowIterator.hasNext(BufferedRowIterator.java:43)","logger":"task.stderr"}
{"timestamp":"2026-07-03T11:36:41.433906Z","level":"error","event":"\tat org.apache.spark.sql.execution.WholeStageCodegenEvaluatorFactory$WholeStageCodegenPartitionEvaluator$$anon$1.hasNext(WholeStageCodegenEvaluatorFactory.scala:50)","logger":"task.stderr"}
{"timestamp":"2026-07-03T11:36:41.433924Z","level":"error","event":"\tat org.apache.spark.sql.execution.aggregate.SortAggregateExec.$anonfun$doExecute$1(SortAggregateExec.scala:63)","logger":"task.stderr"}
{"timestamp":"2026-07-03T11:36:41.433942Z","level":"error","event":"\tat org.apache.spark.sql.execution.aggregate.SortAggregateExec.$anonfun$doExecute$1$adapted(SortAggregateExec.scala:60)","logger":"task.stderr"}
{"timestamp":"2026-07-03T11:36:41.433960Z","level":"error","event":"\tat org.apache.spark.rdd.RDD.$anonfun$mapPartitionsWithIndexInternal$2(RDD.scala:888)","logger":"task.stderr"}
{"timestamp":"2026-07-03T11:36:41.433983Z","level":"error","event":"\tat org.apache.spark.rdd.RDD.$anonfun$mapPartitionsWithIndexInternal$2$adapted(RDD.scala:888)","logger":"task.stderr"}
{"timestamp":"2026-07-03T11:36:41.434000Z","level":"error","event":"\tat org.apache.spark.rdd.MapPartitionsRDD.compute(MapPartitionsRDD.scala:52)","logger":"task.stderr"}
{"timestamp":"2026-07-03T11:36:41.434018Z","level":"error","event":"\tat org.apache.spark.rdd.RDD.computeOrReadCheckpoint(RDD.scala:374)","logger":"task.stderr"}
{"timestamp":"2026-07-03T11:36:41.434036Z","level":"error","event":"\tat org.apache.spark.rdd.RDD.iterator(RDD.scala:338)","logger":"task.stderr"}
{"timestamp":"2026-07-03T11:36:41.434054Z","level":"error","event":"\tat org.apache.spark.rdd.MapPartitionsRDD.compute(MapPartitionsRDD.scala:52)","logger":"task.stderr"}
{"timestamp":"2026-07-03T11:36:41.434071Z","level":"error","event":"\tat org.apache.spark.rdd.RDD.computeOrReadCheckpoint(RDD.scala:374)","logger":"task.stderr"}
{"timestamp":"2026-07-03T11:36:41.434089Z","level":"error","event":"\tat org.apache.spark.rdd.RDD.iterator(RDD.scala:338)","logger":"task.stderr"}
{"timestamp":"2026-07-03T11:36:41.434107Z","level":"error","event":"\tat org.apache.spark.scheduler.ShuffleMapTask.runTask(ShuffleMapTask.scala:107)","logger":"task.stderr"}
{"timestamp":"2026-07-03T11:36:41.434125Z","level":"error","event":"\tat org.apache.spark.scheduler.ShuffleMapTask.runTask(ShuffleMapTask.scala:54)","logger":"task.stderr"}
{"timestamp":"2026-07-03T11:36:41.434142Z","level":"error","event":"\tat org.apache.spark.TaskContext.runTaskWithListeners(TaskContext.scala:180)","logger":"task.stderr"}
{"timestamp":"2026-07-03T11:36:41.434159Z","level":"error","event":"\tat org.apache.spark.scheduler.Task.run(Task.scala:147)","logger":"task.stderr"}
{"timestamp":"2026-07-03T11:36:41.434177Z","level":"error","event":"\tat org.apache.spark.executor.Executor$TaskRunner.$anonfun$run$4(Executor.scala:873)","logger":"task.stderr"}
{"timestamp":"2026-07-03T11:36:41.434194Z","level":"error","event":"\tat org.apache.spark.util.SparkErrorUtils.tryWithSafeFinally(SparkErrorUtils.scala:86)","logger":"task.stderr"}
{"timestamp":"2026-07-03T11:36:41.434212Z","level":"error","event":"\tat org.apache.spark.util.SparkErrorUtils.tryWithSafeFinally$(SparkErrorUtils.scala:83)","logger":"task.stderr"}
{"timestamp":"2026-07-03T11:36:41.434229Z","level":"error","event":"\tat org.apache.spark.util.Utils$.tryWithSafeFinally(Utils.scala:97)","logger":"task.stderr"}
{"timestamp":"2026-07-03T11:36:41.434246Z","level":"error","event":"\tat org.apache.spark.executor.Executor$TaskRunner.run(Executor.scala:876)","logger":"task.stderr"}
{"timestamp":"2026-07-03T11:36:41.434263Z","level":"error","event":"\tat java.base/java.util.concurrent.ThreadPoolExecutor.runWorker(ThreadPoolExecutor.java:1144)","logger":"task.stderr"}
{"timestamp":"2026-07-03T11:36:41.434280Z","level":"error","event":"\tat java.base/java.util.concurrent.ThreadPoolExecutor$Worker.run(ThreadPoolExecutor.java:642)","logger":"task.stderr"}
{"timestamp":"2026-07-03T11:36:41.434298Z","level":"error","event":"\tat java.base/java.lang.Thread.run(Thread.java:1589)","logger":"task.stderr"}
{"timestamp":"2026-07-03T11:36:41.434315Z","level":"error","event":"","logger":"task.stderr"}
{"timestamp":"2026-07-03T11:36:41.434403Z","level":"error","event":"26/07/03 17:06:41 ERROR TaskSetManager: Task 0 in stage 9.0 failed 1 times; aborting job","logger":"task.stderr"}
{"timestamp":"2026-07-03T11:36:41.446283Z","level":"error","event":"{\"ts\": \"2026-07-03 17:06:41.445\", \"level\": \"ERROR\", \"logger\": \"DataFrameQueryContextLogger\", \"msg\": \"[CAST_INVALID_INPUT] The value '-' of the type \\\"STRING\\\" cannot be cast to \\\"INT\\\" because it is malformed. Correct the value as per the syntax, or change its target type. Use `try_cast` to tolerate malformed input and return NULL instead. SQLSTATE: 22018\", \"context\": {\"file\": \"/Users/burugula.sasank/airflow/dags/spark/notebooks/silver_layer/data_transformations.py\", \"line\": \"121\", \"fragment\": \"cast\", \"errorClass\": \"CAST_INVALID_INPUT\"}, \"exception\": {\"class\": \"Py4JJavaError\", \"msg\": \"An error occurred while calling o1200.save.\\n: org.apache.spark.SparkNumberFormatException: [CAST_INVALID_INPUT] The value '-' of the type \\\"STRING\\\" cannot be cast to \\\"INT\\\" because it is malformed. Correct the value as per the syntax, or change its target type. Use `try_cast` to tolerate malformed input and return NULL instead. SQLSTATE: 22018\\n== DataFrame ==\\n\\\"cast\\\" was called from\\n/Users/burugula.sasank/airflow/dags/spark/notebooks/silver_layer/data_transformations.py:121\\n\\n\\tat org.apache.spark.sql.errors.QueryExecutionErrors$.invalidInputInCastToNumberError(QueryExecutionErrors.scala:147)\\n\\tat org.apache.spark.sql.catalyst.util.UTF8StringUtils$.withException(UTF8StringUtils.scala:51)\\n\\tat org.apache.spark.sql.catalyst.util.UTF8StringUtils$.toIntExact(UTF8StringUtils.scala:34)\\n\\tat org.apache.spark.sql.catalyst.util.UTF8StringUtils.toIntExact(UTF8StringUtils.scala)\\n\\tat org.apache.spark.sql.catalyst.expressions.GeneratedClass$GeneratedIteratorForCodegenStage2.sort_addToSorter_0$(Unknown Source)\\n\\tat org.apache.spark.sql.catalyst.expressions.GeneratedClass$GeneratedIteratorForCodegenStage2.processNext(Unknown Source)\\n\\tat org.apache.spark.sql.execution.BufferedRowIterator.hasNext(BufferedRowIterator.java:43)\\n\\tat org.apache.spark.sql.execution.WholeStageCodegenEvaluatorFactory$WholeStageCodegenPartitionEvaluator$$anon$1.hasNext(WholeStageCodegenEvaluatorFactory.scala:50)\\n\\tat org.apache.spark.sql.execution.aggregate.SortAggregateExec.$anonfun$doExecute$1(SortAggregateExec.scala:63)\\n\\tat org.apache.spark.sql.execution.aggregate.SortAggregateExec.$anonfun$doExecute$1$adapted(SortAggregateExec.scala:60)\\n\\tat org.apache.spark.rdd.RDD.$anonfun$mapPartitionsWithIndexInternal$2(RDD.scala:888)\\n\\tat org.apache.spark.rdd.RDD.$anonfun$mapPartitionsWithIndexInternal$2$adapted(RDD.scala:888)\\n\\tat org.apache.spark.rdd.MapPartitionsRDD.compute(MapPartitionsRDD.scala:52)\\n\\tat org.apache.spark.rdd.RDD.computeOrReadCheckpoint(RDD.scala:374)\\n\\tat org.apache.spark.rdd.RDD.iterator(RDD.scala:338)\\n\\tat org.apache.spark.rdd.MapPartitionsRDD.compute(MapPartitionsRDD.scala:52)\\n\\tat org.apache.spark.rdd.RDD.computeOrReadCheckpoint(RDD.scala:374)\\n\\tat org.apache.spark.rdd.RDD.iterator(RDD.scala:338)\\n\\tat org.apache.spark.scheduler.ShuffleMapTask.runTask(ShuffleMapTask.scala:107)\\n\\tat org.apache.spark.scheduler.ShuffleMapTask.runTask(ShuffleMapTask.scala:54)\\n\\tat org.apache.spark.TaskContext.runTaskWithListeners(TaskContext.scala:180)\\n\\tat org.apache.spark.scheduler.Task.run(Task.scala:147)\\n\\tat org.apache.spark.executor.Executor$TaskRunner.$anonfun$run$4(Executor.scala:873)\\n\\tat org.apache.spark.util.SparkErrorUtils.tryWithSafeFinally(SparkErrorUtils.scala:86)\\n\\tat org.apache.spark.util.SparkErrorUtils.tryWithSafeFinally$(SparkErrorUtils.scala:83)\\n\\tat org.apache.spark.util.Utils$.tryWithSafeFinally(Utils.scala:97)\\n\\tat org.apache.spark.executor.Executor$TaskRunner.run(Executor.scala:876)\\n\\tat java.base/java.util.concurrent.ThreadPoolExecutor.runWorker(ThreadPoolExecutor.java:1144)\\n\\tat java.base/java.util.concurrent.ThreadPoolExecutor$Worker.run(ThreadPoolExecutor.java:642)\\n\\tat java.base/java.lang.Thread.run(Thread.java:1589)\\n\\tat org.apache.spark.util.Utils$.getTryWithCallerStacktrace(Utils.scala:1453)\\n\\tat org.apache.spark.util.LazyTry.get(LazyTry.scala:58)\\n\\tat org.apache.spark.sql.execution.QueryExecution.commandExecuted(QueryExecution.scala:160)\\n\\tat org.apache.spark.sql.execution.QueryExecution.assertCommandExecuted(QueryExecution.scala:239)\\n\\tat org.apache.spark.sql.classic.DataFrameWriter.runCommand(DataFrameWriter.scala:592)\\n\\tat org.apache.spark.sql.classic.DataFrameWriter.save(DataFrameWriter.scala:126)\\n\\tat java.base/jdk.internal.reflect.NativeMethodAccessorImpl.invoke0(Native Method)\\n\\tat java.base/jdk.internal.reflect.NativeMethodAccessorImpl.invoke(NativeMethodAccessorImpl.java:76)\\n\\tat java.base/jdk.internal.reflect.DelegatingMethodAccessorImpl.invoke(DelegatingMethodAccessorImpl.java:52)\\n\\tat java.base/java.lang.reflect.Method.invoke(Method.java:578)\\n\\tat py4j.reflection.MethodInvoker.invoke(MethodInvoker.java:244)\\n\\tat py4j.reflection.ReflectionEngine.invoke(ReflectionEngine.java:374)\\n\\tat py4j.Gateway.invoke(Gateway.java:282)\\n\\tat py4j.commands.AbstractCommand.invokeMethod(AbstractCommand.java:132)\\n\\tat py4j.commands.CallCommand.execute(CallCommand.java:79)\\n\\tat py4j.ClientServerConnection.waitForCommands(ClientServerConnection.java:184)\\n\\tat py4j.ClientServerConnection.run(ClientServerConnection.java:108)\\n\\tat java.base/java.lang.Thread.run(Thread.java:1589)\\n\\tSuppressed: org.apache.spark.util.Utils$OriginalTryStackTraceException: Full stacktrace of original doTryWithCallerStacktrace caller\\n\\t\\tat org.apache.spark.sql.errors.QueryExecutionErrors$.invalidInputInCastToNumberError(QueryExecutionErrors.scala:147)\\n\\t\\tat org.apache.spark.sql.catalyst.util.UTF8StringUtils$.withException(UTF8StringUtils.scala:51)\\n\\t\\tat org.apache.spark.sql.catalyst.util.UTF8StringUtils$.toIntExact(UTF8StringUtils.scala:34)\\n\\t\\tat org.apache.spark.sql.catalyst.util.UTF8StringUtils.toIntExact(UTF8StringUtils.scala)\\n\\t\\tat org.apache.spark.sql.catalyst.expressions.GeneratedClass$GeneratedIteratorForCodegenStage2.sort_addToSorter_0$(Unknown Source)\\n\\t\\tat org.apache.spark.sql.catalyst.expressions.GeneratedClass$GeneratedIteratorForCodegenStage2.processNext(Unknown Source)\\n\\t\\tat org.apache.spark.sql.execution.BufferedRowIterator.hasNext(BufferedRowIterator.java:43)\\n\\t\\tat org.apache.spark.sql.execution.WholeStageCodegenEvaluatorFactory$WholeStageCodegenPartitionEvaluator$$anon$1.hasNext(WholeStageCodegenEvaluatorFactory.scala:50)\\n\\t\\tat org.apache.spark.sql.execution.aggregate.SortAggregateExec.$anonfun$doExecute$1(SortAggregateExec.scala:63)\\n\\t\\tat org.apache.spark.sql.execution.aggregate.SortAggregateExec.$anonfun$doExecute$1$adapted(SortAggregateExec.scala:60)\\n\\t\\tat org.apache.spark.rdd.RDD.$anonfun$mapPartitionsWithIndexInternal$2(RDD.scala:888)\\n\\t\\tat org.apache.spark.rdd.RDD.$anonfun$mapPartitionsWithIndexInternal$2$adapted(RDD.scala:888)\\n\\t\\tat org.apache.spark.rdd.MapPartitionsRDD.compute(MapPartitionsRDD.scala:52)\\n\\t\\tat org.apache.spark.rdd.RDD.computeOrReadCheckpoint(RDD.scala:374)\\n\\t\\tat org.apache.spark.rdd.RDD.iterator(RDD.scala:338)\\n\\t\\tat org.apache.spark.rdd.MapPartitionsRDD.compute(MapPartitionsRDD.scala:52)\\n\\t\\tat org.apache.spark.rdd.RDD.computeOrReadCheckpoint(RDD.scala:374)\\n\\t\\tat org.apache.spark.rdd.RDD.iterator(RDD.scala:338)\\n\\t\\tat org.apache.spark.scheduler.ShuffleMapTask.runTask(ShuffleMapTask.scala:107)\\n\\t\\tat org.apache.spark.scheduler.ShuffleMapTask.runTask(ShuffleMapTask.scala:54)\\n\\t\\tat org.apache.spark.TaskContext.runTaskWithListeners(TaskContext.scala:180)\\n\\t\\tat org.apache.spark.scheduler.Task.run(Task.scala:147)\\n\\t\\tat org.apache.spark.executor.Executor$TaskRunner.$anonfun$run$4(Executor.scala:873)\\n\\t\\tat org.apache.spark.util.SparkErrorUtils.tryWithSafeFinally(SparkErrorUtils.scala:86)\\n\\t\\tat org.apache.spark.util.SparkErrorUtils.tryWithSafeFinally$(SparkErrorUtils.scala:83)\\n\\t\\tat org.apache.spark.util.Utils$.tryWithSafeFinally(Utils.scala:97)\\n\\t\\tat org.apache.spark.executor.Executor$TaskRunner.run(Executor.scala:876)\\n\\t\\tat java.base/java.util.concurrent.ThreadPoolExecutor.runWorker(ThreadPoolExecutor.java:1144)\\n\\t\\tat java.base/java.util.concurrent.ThreadPoolExecutor$Worker.run(ThreadPoolExecutor.java:642)\\n\\t\\t... 1 more\\n\", \"stacktrace\": [{\"class\": null, \"method\": \"deco\", \"file\": \"/Library/Frameworks/Python.framework/Versions/3.14/lib/python3.14/site-packages/pyspark/errors/exceptions/captured.py\", \"line\": \"263\"}, {\"class\": null, \"method\": \"get_return_value\", \"file\": \"/Library/Frameworks/Python.framework/Versions/3.14/lib/python3.14/site-packages/py4j/protocol.py\", \"line\": \"327\"}]}}","logger":"task.stderr"}
{"timestamp":"2026-07-03T11:36:41.448885Z","level":"error","event":"Traceback (most recent call last):","logger":"task.stderr"}
{"timestamp":"2026-07-03T11:36:41.449182Z","level":"error","event":"  File \"/Users/burugula.sasank/airflow/dags/spark/notebooks/silver_layer/data_transformations.py\", line 280, in <module>","logger":"task.stderr"}
{"timestamp":"2026-07-03T11:36:41.449218Z","level":"error","event":"    write_to_database(data_silver_batsmen_odi,\"batsmen_odi\")","logger":"task.stderr"}
{"timestamp":"2026-07-03T11:36:41.449251Z","level":"error","event":"    ~~~~~~~~~~~~~~~~~^^^^^^^^^^^^^^^^^^^^^^^^^^^^^^^^^^^^^^^","logger":"task.stderr"}
{"timestamp":"2026-07-03T11:36:41.449271Z","level":"error","event":"  File \"/Users/burugula.sasank/airflow/dags/spark/notebooks/silver_layer/data_transformations.py\", line 173, in write_to_database","logger":"task.stderr"}
{"timestamp":"2026-07-03T11:36:41.449292Z","level":"error","event":"    option(\"driver\",os.getenv(\"DATABASE_DRIVER\")).option(\"dbtable\",dbtable).option(\"user\",os.getenv(\"USER_NAME\")).option(\"password\",os.getenv(\"PASSWORD\")).save()","logger":"task.stderr"}
{"timestamp":"2026-07-03T11:36:41.449313Z","level":"error","event":"                                                                                                                                                           ~~~~^^","logger":"task.stderr"}
{"timestamp":"2026-07-03T11:36:41.449331Z","level":"error","event":"  File \"/Library/Frameworks/Python.framework/Versions/3.14/lib/python3.14/site-packages/pyspark/sql/readwriter.py\", line 1743, in save","logger":"task.stderr"}
{"timestamp":"2026-07-03T11:36:41.449369Z","level":"error","event":"    self._jwrite.save()","logger":"task.stderr"}
{"timestamp":"2026-07-03T11:36:41.449387Z","level":"error","event":"    ~~~~~~~~~~~~~~~~~^^","logger":"task.stderr"}
{"timestamp":"2026-07-03T11:36:41.449406Z","level":"error","event":"  File \"/Library/Frameworks/Python.framework/Versions/3.14/lib/python3.14/site-packages/py4j/java_gateway.py\", line 1362, in __call__","logger":"task.stderr"}
{"timestamp":"2026-07-03T11:36:41.449424Z","level":"error","event":"    return_value = get_return_value(","logger":"task.stderr"}
{"timestamp":"2026-07-03T11:36:41.449442Z","level":"error","event":"        answer, self.gateway_client, self.target_id, self.name)","logger":"task.stderr"}
{"timestamp":"2026-07-03T11:36:41.449460Z","level":"error","event":"  File \"/Library/Frameworks/Python.framework/Versions/3.14/lib/python3.14/site-packages/pyspark/errors/exceptions/captured.py\", line 269, in deco","logger":"task.stderr"}
{"timestamp":"2026-07-03T11:36:41.449477Z","level":"error","event":"    raise converted from None","logger":"task.stderr"}
{"timestamp":"2026-07-03T11:36:41.449520Z","level":"error","event":"pyspark.errors.exceptions.captured.NumberFormatException: [CAST_INVALID_INPUT] The value '-' of the type \"STRING\" cannot be cast to \"INT\" because it is malformed. Correct the value as per the syntax, or change its target type. Use `try_cast` to tolerate malformed input and return NULL instead. SQLSTATE: 22018","logger":"task.stderr"}
{"timestamp":"2026-07-03T11:36:41.449542Z","level":"error","event":"== DataFrame ==","logger":"task.stderr"}
{"timestamp":"2026-07-03T11:36:41.449559Z","level":"error","event":"\"cast\" was called from","logger":"task.stderr"}
{"timestamp":"2026-07-03T11:36:41.449576Z","level":"error","event":"/Users/burugula.sasank/airflow/dags/spark/notebooks/silver_layer/data_transformations.py:121","logger":"task.stderr"}
{"timestamp":"2026-07-03T11:36:41.449600Z","level":"error","event":"","logger":"task.stderr"}
{"timestamp":"2026-07-03T11:36:41.466031Z","level":"error","event":"Task failed with exception","run_id":"manual__2026-07-03T11:36:23.181834+00:00","dag_id":"dag_data","map_index":-1,"task_id":"transform_data_from_filesystem","try_number":1,"ti_id":"019f27c3-fb9a-7a0f-a841-61e34dabf742","logger":"task","filename":"task_runner.py","lineno":1381,"error_detail":[{"exc_type":"CalledProcessError","exc_value":"Command '['python3', '/Users/burugula.sasank/airflow/dags/spark/notebooks/silver_layer/data_transformations.py']' returned non-zero exit status 1.","exc_notes":[],"syntax_error":null,"is_cause":false,"frames":[{"filename":"/Library/Frameworks/Python.framework/Versions/3.14/lib/python3.14/site-packages/airflow/sdk/execution_time/task_runner.py","lineno":1287,"name":"run"},{"filename":"/Library/Frameworks/Python.framework/Versions/3.14/lib/python3.14/site-packages/airflow/sdk/execution_time/task_runner.py","lineno":1745,"name":"_execute_task"},{"filename":"/Library/Frameworks/Python.framework/Versions/3.14/lib/python3.14/site-packages/airflow/sdk/bases/operator.py","lineno":443,"name":"wrapper"},{"filename":"/Library/Frameworks/Python.framework/Versions/3.14/lib/python3.14/site-packages/airflow/sdk/bases/decorator.py","lineno":398,"name":"execute"},{"filename":"/Library/Frameworks/Python.framework/Versions/3.14/lib/python3.14/site-packages/airflow/sdk/bases/operator.py","lineno":443,"name":"wrapper"},{"filename":"/Library/Frameworks/Python.framework/Versions/3.14/lib/python3.14/site-packages/airflow/providers/standard/operators/python.py","lineno":231,"name":"execute"},{"filename":"/Library/Frameworks/Python.framework/Versions/3.14/lib/python3.14/site-packages/airflow/providers/standard/operators/python.py","lineno":254,"name":"execute_callable"},{"filename":"/Library/Frameworks/Python.framework/Versions/3.14/lib/python3.14/site-packages/airflow/sdk/execution_time/callback_runner.py","lineno":97,"name":"run"},{"filename":"/Users/burugula.sasank/airflow/dags/etl_scheduler.py","lineno":57,"name":"transform_data_from_filesystem"},{"filename":"/Library/Frameworks/Python.framework/Versions/3.14/lib/python3.14/subprocess.py","lineno":578,"name":"run"}],"is_group":false,"exceptions":[]}]}
{"timestamp":"2026-07-03T11:36:41.466498Z","level":"info","event":"::group::Post Execute","run_id":"manual__2026-07-03T11:36:23.181834+00:00","dag_id":"dag_data","map_index":-1,"task_id":"transform_data_from_filesystem","try_number":1,"ti_id":"019f27c3-fb9a-7a0f-a841-61e34dabf742","logger":"task","filename":"task_runner.py","lineno":1382}
{"timestamp":"2026-07-03T11:36:41.467146Z","level":"info","event":"::endgroup::","run_id":"manual__2026-07-03T11:36:23.181834+00:00","dag_id":"dag_data","map_index":-1,"task_id":"transform_data_from_filesystem","try_number":1,"ti_id":"019f27c3-fb9a-7a0f-a841-61e34dabf742","logger":"task","filename":"task_runner.py","lineno":1896}
