{"timestamp":"2026-07-03T11:36:28.870220Z","level":"info","event":"2026-07-03T11:36:28.870058Z [info     ] ::group::Pre Execute           [task] loc=task_runner.py:1926","logger":"task.stdout"}
{"timestamp":"2026-07-03T11:36:28.950334Z","level":"info","event":"setup plugin alembic.autogenerate.schemas","logger":"alembic.runtime.plugins","try_number":1,"map_index":-1,"dag_id":"dag_data","ti_id":"019f27c3-fb99-770e-bb6c-94daa636bb6b","task_id":"ingest_data_to_filesystem","run_id":"manual__2026-07-03T11:36:23.181834+00:00","filename":"plugins.py","lineno":37}
{"timestamp":"2026-07-03T11:36:28.950412Z","level":"info","event":"setup plugin alembic.autogenerate.tables","logger":"alembic.runtime.plugins","try_number":1,"map_index":-1,"dag_id":"dag_data","ti_id":"019f27c3-fb99-770e-bb6c-94daa636bb6b","task_id":"ingest_data_to_filesystem","run_id":"manual__2026-07-03T11:36:23.181834+00:00","filename":"plugins.py","lineno":37}
{"timestamp":"2026-07-03T11:36:28.950444Z","level":"info","event":"setup plugin alembic.autogenerate.types","logger":"alembic.runtime.plugins","try_number":1,"map_index":-1,"dag_id":"dag_data","ti_id":"019f27c3-fb99-770e-bb6c-94daa636bb6b","task_id":"ingest_data_to_filesystem","run_id":"manual__2026-07-03T11:36:23.181834+00:00","filename":"plugins.py","lineno":37}
{"timestamp":"2026-07-03T11:36:28.950469Z","level":"info","event":"setup plugin alembic.autogenerate.constraints","logger":"alembic.runtime.plugins","try_number":1,"map_index":-1,"dag_id":"dag_data","ti_id":"019f27c3-fb99-770e-bb6c-94daa636bb6b","task_id":"ingest_data_to_filesystem","run_id":"manual__2026-07-03T11:36:23.181834+00:00","filename":"plugins.py","lineno":37}
{"timestamp":"2026-07-03T11:36:28.950490Z","level":"info","event":"setup plugin alembic.autogenerate.defaults","logger":"alembic.runtime.plugins","try_number":1,"map_index":-1,"dag_id":"dag_data","ti_id":"019f27c3-fb99-770e-bb6c-94daa636bb6b","task_id":"ingest_data_to_filesystem","run_id":"manual__2026-07-03T11:36:23.181834+00:00","filename":"plugins.py","lineno":37}
{"timestamp":"2026-07-03T11:36:28.950510Z","level":"info","event":"setup plugin alembic.autogenerate.comments","logger":"alembic.runtime.plugins","try_number":1,"map_index":-1,"dag_id":"dag_data","ti_id":"019f27c3-fb99-770e-bb6c-94daa636bb6b","task_id":"ingest_data_to_filesystem","run_id":"manual__2026-07-03T11:36:23.181834+00:00","filename":"plugins.py","lineno":37}
{"timestamp":"2026-07-03T11:36:28.989893Z","level":"info","event":"DAG bundles loaded: dags-folder","try_number":1,"map_index":-1,"dag_id":"dag_data","ti_id":"019f27c3-fb99-770e-bb6c-94daa636bb6b","task_id":"ingest_data_to_filesystem","run_id":"manual__2026-07-03T11:36:23.181834+00:00","logger":"airflow.dag_processing.bundles.manager.DagBundlesManager","filename":"manager.py","lineno":209}
{"timestamp":"2026-07-03T11:36:28.990089Z","level":"info","event":"Filling up the DagBag from /Users/burugula.sasank/airflow/dags/etl_scheduler.py","try_number":1,"map_index":-1,"dag_id":"dag_data","ti_id":"019f27c3-fb99-770e-bb6c-94daa636bb6b","task_id":"ingest_data_to_filesystem","run_id":"manual__2026-07-03T11:36:23.181834+00:00","logger":"airflow.dag_processing.dagbag.BundleDagBag","filename":"dagbag.py","lineno":469}
{"timestamp":"2026-07-03T11:36:29.021121Z","level":"warning","event":"The `airflow.decorators.task` attribute is deprecated. Please use `'airflow.sdk.task'`.","category":"UserWarning","filename":"/Users/burugula.sasank/airflow/dags/etl_scheduler.py","lineno":1,"try_number":1,"map_index":-1,"dag_id":"dag_data","ti_id":"019f27c3-fb99-770e-bb6c-94daa636bb6b","task_id":"ingest_data_to_filesystem","run_id":"manual__2026-07-03T11:36:23.181834+00:00","logger":"py.warnings"}
{"timestamp":"2026-07-03T11:36:29.021171Z","level":"warning","event":"The `airflow.decorators.dag` attribute is deprecated. Please use `'airflow.sdk.dag'`.","category":"UserWarning","filename":"/Users/burugula.sasank/airflow/dags/etl_scheduler.py","lineno":1,"try_number":1,"map_index":-1,"dag_id":"dag_data","ti_id":"019f27c3-fb99-770e-bb6c-94daa636bb6b","task_id":"ingest_data_to_filesystem","run_id":"manual__2026-07-03T11:36:23.181834+00:00","logger":"py.warnings"}
{"timestamp":"2026-07-03T11:36:29.021195Z","level":"warning","event":"The `airflow.hooks.base.BaseHook` attribute is deprecated. Please use `'airflow.sdk.bases.hook.BaseHook'`.","category":"UserWarning","filename":"/Users/burugula.sasank/airflow/dags/etl_scheduler.py","lineno":2,"try_number":1,"map_index":-1,"dag_id":"dag_data","ti_id":"019f27c3-fb99-770e-bb6c-94daa636bb6b","task_id":"ingest_data_to_filesystem","run_id":"manual__2026-07-03T11:36:23.181834+00:00","logger":"py.warnings"}
{"timestamp":"2026-07-03T11:36:29.033584Z","level":"info","event":"::endgroup::","try_number":1,"map_index":-1,"dag_id":"dag_data","ti_id":"019f27c3-fb99-770e-bb6c-94daa636bb6b","task_id":"ingest_data_to_filesystem","run_id":"manual__2026-07-03T11:36:23.181834+00:00","logger":"task","filename":"task_runner.py","lineno":1727}
{"timestamp":"2026-07-03T11:36:29.226343Z","level":"error","event":"WARNING: Using incubator modules: jdk.incubator.vector","logger":"task.stderr"}
{"timestamp":"2026-07-03T11:36:29.564058Z","level":"error","event":"Using Spark's default log4j profile: org/apache/spark/log4j2-defaults.properties","logger":"task.stderr"}
{"timestamp":"2026-07-03T11:36:29.569820Z","level":"error","event":"26/07/03 17:06:29 WARN Utils: Your hostname, Burugulas-MacBook-Air.local, resolves to a loopback address: 127.0.0.1; using 192.168.0.107 instead (on interface en0)","logger":"task.stderr"}
{"timestamp":"2026-07-03T11:36:29.570821Z","level":"error","event":"26/07/03 17:06:29 WARN Utils: Set SPARK_LOCAL_IP if you need to bind to another address","logger":"task.stderr"}
{"timestamp":"2026-07-03T11:36:29.681108Z","level":"error","event":"Using Spark's default log4j profile: org/apache/spark/log4j2-defaults.properties","logger":"task.stderr"}
{"timestamp":"2026-07-03T11:36:29.681261Z","level":"error","event":"Setting default log level to \"WARN\".","logger":"task.stderr"}
{"timestamp":"2026-07-03T11:36:29.681292Z","level":"error","event":"To adjust logging level use sc.setLogLevel(newLevel). For SparkR, use setLogLevel(newLevel).","logger":"task.stderr"}
{"timestamp":"2026-07-03T11:36:29.798265Z","level":"error","event":"26/07/03 17:06:29 WARN NativeCodeLoader: Unable to load native-hadoop library for your platform... using builtin-java classes where applicable","logger":"task.stderr"}
{"timestamp":"2026-07-03T11:36:32.246323Z","level":"error","event":"26/07/03 17:06:32 WARN CSVHeaderChecker: CSV header does not conform to the schema.","logger":"task.stderr"}
{"timestamp":"2026-07-03T11:36:32.246441Z","level":"error","event":" Header: , Player, Span, Mat, Inns, NO, Runs, HS, Ave, BF, SR, 100, 50, 0, Unnamed: 13","logger":"task.stderr"}
{"timestamp":"2026-07-03T11:36:32.246473Z","level":"error","event":" Schema: _c0, Player, Span, Mat, Inns, NO, Runs, HS, Ave, BF, SR, 100, 50, 0, Unnamed: 13","logger":"task.stderr"}
{"timestamp":"2026-07-03T11:36:32.246498Z","level":"error","event":"Expected: _c0 but found:","logger":"task.stderr"}
{"timestamp":"2026-07-03T11:36:32.246520Z","level":"error","event":"CSV file: file:///Users/burugula.sasank/airflow/dags/file_stores/api_dump/cric_data/Batting/ODI%20data.csv","logger":"task.stderr"}
{"timestamp":"2026-07-03T11:36:32.705515Z","level":"error","event":"26/07/03 17:06:32 WARN CSVHeaderChecker: CSV header does not conform to the schema.","logger":"task.stderr"}
{"timestamp":"2026-07-03T11:36:32.705634Z","level":"error","event":" Header: , Player, Span, Mat, Inns, NO, Runs, HS, Ave, BF, SR, 100, 50, 0, 4s, 6s, Unnamed: 15","logger":"task.stderr"}
{"timestamp":"2026-07-03T11:36:32.705663Z","level":"error","event":" Schema: _c0, Player, Span, Mat, Inns, NO, Runs, HS, Ave, BF, SR, 100, 50, 0, 4s, 6s, Unnamed: 15","logger":"task.stderr"}
{"timestamp":"2026-07-03T11:36:32.705688Z","level":"error","event":"Expected: _c0 but found:","logger":"task.stderr"}
{"timestamp":"2026-07-03T11:36:32.705710Z","level":"error","event":"CSV file: file:///Users/burugula.sasank/airflow/dags/file_stores/api_dump/cric_data/Batting/t20.csv","logger":"task.stderr"}
{"timestamp":"2026-07-03T11:36:32.877739Z","level":"error","event":"26/07/03 17:06:32 WARN CSVHeaderChecker: CSV header does not conform to the schema.","logger":"task.stderr"}
{"timestamp":"2026-07-03T11:36:32.877848Z","level":"error","event":" Header: , Player, Span, Mat, Inns, NO, Runs, HS, Ave, 100, 50, 0, Unnamed: 11","logger":"task.stderr"}
{"timestamp":"2026-07-03T11:36:32.877876Z","level":"error","event":" Schema: _c0, Player, Span, Mat, Inns, NO, Runs, HS, Ave, 100, 50, 0, Unnamed: 11","logger":"task.stderr"}
{"timestamp":"2026-07-03T11:36:32.877898Z","level":"error","event":"Expected: _c0 but found:","logger":"task.stderr"}
{"timestamp":"2026-07-03T11:36:32.877918Z","level":"error","event":"CSV file: file:///Users/burugula.sasank/airflow/dags/file_stores/api_dump/cric_data/Batting/test.csv","logger":"task.stderr"}
{"timestamp":"2026-07-03T11:36:33.032380Z","level":"error","event":"26/07/03 17:06:33 WARN CSVHeaderChecker: CSV header does not conform to the schema.","logger":"task.stderr"}
{"timestamp":"2026-07-03T11:36:33.032491Z","level":"error","event":" Header: , Player, Span, Mat, Inns, Balls, Runs, Wkts, BBI, Ave, Econ, SR, 4, 5, Unnamed: 13","logger":"task.stderr"}
{"timestamp":"2026-07-03T11:36:33.032520Z","level":"error","event":" Schema: _c0, Player, Span, Mat, Inns, Balls, Runs, Wkts, BBI, Ave, Econ, SR, 4, 5, Unnamed: 13","logger":"task.stderr"}
{"timestamp":"2026-07-03T11:36:33.032542Z","level":"error","event":"Expected: _c0 but found:","logger":"task.stderr"}
{"timestamp":"2026-07-03T11:36:33.032562Z","level":"error","event":"CSV file: file:///Users/burugula.sasank/airflow/dags/file_stores/api_dump/cric_data/Bowling/Bowling_ODI.csv","logger":"task.stderr"}
{"timestamp":"2026-07-03T11:36:33.170460Z","level":"error","event":"26/07/03 17:06:33 WARN CSVHeaderChecker: CSV header does not conform to the schema.","logger":"task.stderr"}
{"timestamp":"2026-07-03T11:36:33.170569Z","level":"error","event":" Header: , Player, Span, Mat, Inns, Overs, Mdns, Runs, Wkts, BBI, Ave, Econ, SR, 4, 5, Unnamed: 14","logger":"task.stderr"}
{"timestamp":"2026-07-03T11:36:33.170598Z","level":"error","event":" Schema: _c0, Player, Span, Mat, Inns, Overs, Mdns, Runs, Wkts, BBI, Ave, Econ, SR, 4, 5, Unnamed: 14","logger":"task.stderr"}
{"timestamp":"2026-07-03T11:36:33.170620Z","level":"error","event":"Expected: _c0 but found:","logger":"task.stderr"}
{"timestamp":"2026-07-03T11:36:33.170640Z","level":"error","event":"CSV file: file:///Users/burugula.sasank/airflow/dags/file_stores/api_dump/cric_data/Bowling/Bowling_t20.csv","logger":"task.stderr"}
{"timestamp":"2026-07-03T11:36:33.326499Z","level":"error","event":"26/07/03 17:06:33 WARN CSVHeaderChecker: CSV header does not conform to the schema.","logger":"task.stderr"}
{"timestamp":"2026-07-03T11:36:33.326605Z","level":"error","event":" Header: , Player, Span, Mat, Inns, Balls, Runs, Wkts, BBI, BBM, Ave, Econ, SR, 5, 10, Unnamed: 14","logger":"task.stderr"}
{"timestamp":"2026-07-03T11:36:33.326635Z","level":"error","event":" Schema: _c0, Player, Span, Mat, Inns, Balls, Runs, Wkts, BBI, BBM, Ave, Econ, SR, 5, 10, Unnamed: 14","logger":"task.stderr"}
{"timestamp":"2026-07-03T11:36:33.326660Z","level":"error","event":"Expected: _c0 but found:","logger":"task.stderr"}
{"timestamp":"2026-07-03T11:36:33.326683Z","level":"error","event":"CSV file: file:///Users/burugula.sasank/airflow/dags/file_stores/api_dump/cric_data/Bowling/Bowling_test.csv","logger":"task.stderr"}
{"timestamp":"2026-07-03T11:36:33.488172Z","level":"error","event":"26/07/03 17:06:33 WARN CSVHeaderChecker: CSV header does not conform to the schema.","logger":"task.stderr"}
{"timestamp":"2026-07-03T11:36:33.488275Z","level":"error","event":" Header: , Player, Span, Mat, Inns, Dis, Ct, St, Ct Wk, Ct Fi, MD, D/I, Unnamed: 11","logger":"task.stderr"}
{"timestamp":"2026-07-03T11:36:33.488305Z","level":"error","event":" Schema: _c0, Player, Span, Mat, Inns, Dis, Ct, St, Ct Wk, Ct Fi, MD, D/I, Unnamed: 11","logger":"task.stderr"}
{"timestamp":"2026-07-03T11:36:33.488333Z","level":"error","event":"Expected: _c0 but found:","logger":"task.stderr"}
{"timestamp":"2026-07-03T11:36:33.488359Z","level":"error","event":"CSV file: file:///Users/burugula.sasank/airflow/dags/file_stores/api_dump/cric_data/Fielding/Fielding_ODI.csv","logger":"task.stderr"}
{"timestamp":"2026-07-03T11:36:33.635517Z","level":"error","event":"26/07/03 17:06:33 WARN CSVHeaderChecker: CSV header does not conform to the schema.","logger":"task.stderr"}
{"timestamp":"2026-07-03T11:36:33.635625Z","level":"error","event":" Header: , Player, Span, Mat, Inns, Dis, Ct, St, Ct Wk, Ct Fi, MD, D/I, Unnamed: 11","logger":"task.stderr"}
{"timestamp":"2026-07-03T11:36:33.635655Z","level":"error","event":" Schema: _c0, Player, Span, Mat, Inns, Dis, Ct, St, Ct Wk, Ct Fi, MD, D/I, Unnamed: 11","logger":"task.stderr"}
{"timestamp":"2026-07-03T11:36:33.635679Z","level":"error","event":"Expected: _c0 but found:","logger":"task.stderr"}
{"timestamp":"2026-07-03T11:36:33.635699Z","level":"error","event":"CSV file: file:///Users/burugula.sasank/airflow/dags/file_stores/api_dump/cric_data/Fielding/Fielding_t20.csv","logger":"task.stderr"}
{"timestamp":"2026-07-03T11:36:33.745905Z","level":"error","event":"26/07/03 17:06:33 WARN CSVHeaderChecker: CSV header does not conform to the schema.","logger":"task.stderr"}
{"timestamp":"2026-07-03T11:36:33.746018Z","level":"error","event":" Header: , Player, Span, Mat, Inns, Dis, Ct, St, Ct Wk, Ct Fi, MD, D/I, Unnamed: 11","logger":"task.stderr"}
{"timestamp":"2026-07-03T11:36:33.746046Z","level":"error","event":" Schema: _c0, Player, Span, Mat, Inns, Dis, Ct, St, Ct Wk, Ct Fi, MD, D/I, Unnamed: 11","logger":"task.stderr"}
{"timestamp":"2026-07-03T11:36:33.746070Z","level":"error","event":"Expected: _c0 but found:","logger":"task.stderr"}
{"timestamp":"2026-07-03T11:36:33.746091Z","level":"error","event":"CSV file: file:///Users/burugula.sasank/airflow/dags/file_stores/api_dump/cric_data/Fielding/Fielding_test.csv","logger":"task.stderr"}
{"timestamp":"2026-07-03T11:36:33.815852Z","level":"error","event":"26/07/03 17:06:33 WARN CSVHeaderChecker: CSV header does not conform to the schema.","logger":"task.stderr"}
{"timestamp":"2026-07-03T11:36:33.816007Z","level":"error","event":" Header: , Player, Span, Mat, Inns, NO, Runs, HS, Ave, BF, SR, 100, 50, 0, Unnamed: 13","logger":"task.stderr"}
{"timestamp":"2026-07-03T11:36:33.816058Z","level":"error","event":" Schema: _c0, Player, Span, Mat, Inns, NO, Runs, HS, Ave, BF, SR, 100, 50, 0, Unnamed: 13","logger":"task.stderr"}
{"timestamp":"2026-07-03T11:36:33.816102Z","level":"error","event":"Expected: _c0 but found:","logger":"task.stderr"}
{"timestamp":"2026-07-03T11:36:33.816147Z","level":"error","event":"CSV file: file:///Users/burugula.sasank/airflow/dags/file_stores/api_dump/cric_data/Batting/ODI%20data.csv","logger":"task.stderr"}
{"timestamp":"2026-07-03T11:36:34.299747Z","level":"info","event":"Sample Data (ODI Batsmen):","logger":"task.stdout"}
{"timestamp":"2026-07-03T11:36:34.300126Z","level":"info","event":"+---+--------------------+---------+---+----+---+-----+----+-----+-----+-----+---+---+---+-----------+","logger":"task.stdout"}
{"timestamp":"2026-07-03T11:36:34.300302Z","level":"info","event":"|_c0|              Player|     Span|Mat|Inns| NO| Runs|  HS|  Ave|   BF|   SR|100| 50|  0|Unnamed: 13|","logger":"task.stdout"}
{"timestamp":"2026-07-03T11:36:34.300452Z","level":"info","event":"+---+--------------------+---------+---+----+---+-----+----+-----+-----+-----+---+---+---+-----------+","logger":"task.stdout"}
{"timestamp":"2026-07-03T11:36:34.300589Z","level":"info","event":"|  0|SR Tendulkar (INDIA)|1989-2012|463| 452| 41|18426|200*|44.83|21367|86.23| 49| 96| 20|       NULL|","logger":"task.stdout"}
{"timestamp":"2026-07-03T11:36:34.300682Z","level":"info","event":"|  1|KC Sangakkara (As...|2000-2015|404| 380| 41|14234| 169|41.98|18048|78.86| 25| 93| 15|       NULL|","logger":"task.stdout"}
{"timestamp":"2026-07-03T11:36:34.300765Z","level":"info","event":"+---+--------------------+---------+---+----+---+-----+----+-----+-----+-----+---+---+---+-----------+","logger":"task.stdout"}
{"timestamp":"2026-07-03T11:36:34.300869Z","level":"info","event":"only showing top 2 rows","logger":"task.stdout"}
{"timestamp":"2026-07-03T11:36:34.348037Z","level":"info","event":"Bronze Ingestion Success","logger":"task.stdout"}
{"timestamp":"2026-07-03T11:36:34.348367Z","level":"info","event":"Done. Returned value was: ","try_number":1,"map_index":-1,"dag_id":"dag_data","ti_id":"019f27c3-fb99-770e-bb6c-94daa636bb6b","task_id":"ingest_data_to_filesystem","run_id":"manual__2026-07-03T11:36:23.181834+00:00","logger":"airflow.task.operators.airflow.providers.standard.decorators.python._PythonDecoratedOperator","filename":"python.py","lineno":233}
{"timestamp":"2026-07-03T11:36:34.348697Z","level":"info","event":"::group::Post Execute","try_number":1,"map_index":-1,"dag_id":"dag_data","ti_id":"019f27c3-fb99-770e-bb6c-94daa636bb6b","task_id":"ingest_data_to_filesystem","run_id":"manual__2026-07-03T11:36:23.181834+00:00","logger":"task","filename":"task_runner.py","lineno":1288}
{"timestamp":"2026-07-03T11:36:34.349098Z","level":"info","event":"Pushing xcom","ti":"RuntimeTaskInstance(id=UUID('019f27c3-fb99-770e-bb6c-94daa636bb6b'), task_id='ingest_data_to_filesystem', dag_id='dag_data', run_id='manual__2026-07-03T11:36:23.181834+00:00', try_number=1, dag_version_id=UUID('019f25ad-46c6-7fd0-85e3-80d02836df93'), map_index=-1, hostname='burugulas-macbook-air.local', context_carrier={'traceparent': '00-0d7b11ca39d49d1455808ef76876d75f-152822fed58b6eac-01'}, task=<Task(_PythonDecoratedOperator): ingest_data_to_filesystem>, bundle_instance=LocalDagBundle(name=dags-folder), max_tries=0, start_date=datetime.datetime(2026, 7, 3, 11, 36, 28, 439980, tzinfo=datetime.timezone.utc), end_date=None, state=<TaskInstanceState.RUNNING: 'running'>, is_mapped=False, rendered_map_index=None, sentry_integration='')","try_number":1,"map_index":-1,"dag_id":"dag_data","ti_id":"019f27c3-fb99-770e-bb6c-94daa636bb6b","task_id":"ingest_data_to_filesystem","run_id":"manual__2026-07-03T11:36:23.181834+00:00","logger":"task","filename":"task_runner.py","lineno":1791}
{"timestamp":"2026-07-03T11:36:34.362761Z","level":"info","event":"::endgroup::","try_number":1,"map_index":-1,"dag_id":"dag_data","ti_id":"019f27c3-fb99-770e-bb6c-94daa636bb6b","task_id":"ingest_data_to_filesystem","run_id":"manual__2026-07-03T11:36:23.181834+00:00","logger":"task","filename":"task_runner.py","lineno":1896}
