{"timestamp":"2026-07-04T10:37:07.093454Z","level":"info","event":"2026-07-04T10:37:07.093287Z [info     ] ::group::Pre Execute           [task] loc=task_runner.py:1926","logger":"task.stdout"}
{"timestamp":"2026-07-04T10:37:07.173260Z","level":"info","event":"setup plugin alembic.autogenerate.schemas","logger":"alembic.runtime.plugins","ti_id":"019f2cb3-df4b-758a-bc8d-50ac4201e499","task_id":"transform_data_from_filesystem","try_number":1,"run_id":"manual__2026-07-04T10:36:53.431113+00:00","dag_id":"dag_data","map_index":-1,"filename":"plugins.py","lineno":37}
{"timestamp":"2026-07-04T10:37:07.173350Z","level":"info","event":"setup plugin alembic.autogenerate.tables","logger":"alembic.runtime.plugins","ti_id":"019f2cb3-df4b-758a-bc8d-50ac4201e499","task_id":"transform_data_from_filesystem","try_number":1,"run_id":"manual__2026-07-04T10:36:53.431113+00:00","dag_id":"dag_data","map_index":-1,"filename":"plugins.py","lineno":37}
{"timestamp":"2026-07-04T10:37:07.173387Z","level":"info","event":"setup plugin alembic.autogenerate.types","logger":"alembic.runtime.plugins","ti_id":"019f2cb3-df4b-758a-bc8d-50ac4201e499","task_id":"transform_data_from_filesystem","try_number":1,"run_id":"manual__2026-07-04T10:36:53.431113+00:00","dag_id":"dag_data","map_index":-1,"filename":"plugins.py","lineno":37}
{"timestamp":"2026-07-04T10:37:07.173411Z","level":"info","event":"setup plugin alembic.autogenerate.constraints","logger":"alembic.runtime.plugins","ti_id":"019f2cb3-df4b-758a-bc8d-50ac4201e499","task_id":"transform_data_from_filesystem","try_number":1,"run_id":"manual__2026-07-04T10:36:53.431113+00:00","dag_id":"dag_data","map_index":-1,"filename":"plugins.py","lineno":37}
{"timestamp":"2026-07-04T10:37:07.173431Z","level":"info","event":"setup plugin alembic.autogenerate.defaults","logger":"alembic.runtime.plugins","ti_id":"019f2cb3-df4b-758a-bc8d-50ac4201e499","task_id":"transform_data_from_filesystem","try_number":1,"run_id":"manual__2026-07-04T10:36:53.431113+00:00","dag_id":"dag_data","map_index":-1,"filename":"plugins.py","lineno":37}
{"timestamp":"2026-07-04T10:37:07.173451Z","level":"info","event":"setup plugin alembic.autogenerate.comments","logger":"alembic.runtime.plugins","ti_id":"019f2cb3-df4b-758a-bc8d-50ac4201e499","task_id":"transform_data_from_filesystem","try_number":1,"run_id":"manual__2026-07-04T10:36:53.431113+00:00","dag_id":"dag_data","map_index":-1,"filename":"plugins.py","lineno":37}
{"timestamp":"2026-07-04T10:37:07.212917Z","level":"info","event":"DAG bundles loaded: dags-folder","ti_id":"019f2cb3-df4b-758a-bc8d-50ac4201e499","task_id":"transform_data_from_filesystem","try_number":1,"run_id":"manual__2026-07-04T10:36:53.431113+00:00","dag_id":"dag_data","map_index":-1,"logger":"airflow.dag_processing.bundles.manager.DagBundlesManager","filename":"manager.py","lineno":209}
{"timestamp":"2026-07-04T10:37:07.213114Z","level":"info","event":"Filling up the DagBag from /Users/burugula.sasank/airflow/dags/etl_scheduler.py","ti_id":"019f2cb3-df4b-758a-bc8d-50ac4201e499","task_id":"transform_data_from_filesystem","try_number":1,"run_id":"manual__2026-07-04T10:36:53.431113+00:00","dag_id":"dag_data","map_index":-1,"logger":"airflow.dag_processing.dagbag.BundleDagBag","filename":"dagbag.py","lineno":469}
{"timestamp":"2026-07-04T10:37:07.246122Z","level":"warning","event":"The `airflow.decorators.task` attribute is deprecated. Please use `'airflow.sdk.task'`.","category":"UserWarning","filename":"/Users/burugula.sasank/airflow/dags/etl_scheduler.py","lineno":1,"ti_id":"019f2cb3-df4b-758a-bc8d-50ac4201e499","task_id":"transform_data_from_filesystem","try_number":1,"run_id":"manual__2026-07-04T10:36:53.431113+00:00","dag_id":"dag_data","map_index":-1,"logger":"py.warnings"}
{"timestamp":"2026-07-04T10:37:07.246172Z","level":"warning","event":"The `airflow.decorators.dag` attribute is deprecated. Please use `'airflow.sdk.dag'`.","category":"UserWarning","filename":"/Users/burugula.sasank/airflow/dags/etl_scheduler.py","lineno":1,"ti_id":"019f2cb3-df4b-758a-bc8d-50ac4201e499","task_id":"transform_data_from_filesystem","try_number":1,"run_id":"manual__2026-07-04T10:36:53.431113+00:00","dag_id":"dag_data","map_index":-1,"logger":"py.warnings"}
{"timestamp":"2026-07-04T10:37:07.246196Z","level":"warning","event":"The `airflow.hooks.base.BaseHook` attribute is deprecated. Please use `'airflow.sdk.bases.hook.BaseHook'`.","category":"UserWarning","filename":"/Users/burugula.sasank/airflow/dags/etl_scheduler.py","lineno":2,"ti_id":"019f2cb3-df4b-758a-bc8d-50ac4201e499","task_id":"transform_data_from_filesystem","try_number":1,"run_id":"manual__2026-07-04T10:36:53.431113+00:00","dag_id":"dag_data","map_index":-1,"logger":"py.warnings"}
{"timestamp":"2026-07-04T10:37:07.258929Z","level":"info","event":"::endgroup::","ti_id":"019f2cb3-df4b-758a-bc8d-50ac4201e499","task_id":"transform_data_from_filesystem","try_number":1,"run_id":"manual__2026-07-04T10:36:53.431113+00:00","dag_id":"dag_data","map_index":-1,"logger":"task","filename":"task_runner.py","lineno":1727}
{"timestamp":"2026-07-04T10:37:07.420809Z","level":"error","event":"/Library/Frameworks/Python.framework/Versions/3.14/lib/python3.14/site-packages/pyspark/sql/udf.py:134: UserWarning: Cannot infer the eval type from type hints.","logger":"task.stderr"}
{"timestamp":"2026-07-04T10:37:07.420902Z","level":"error","event":"  warnings.warn(\"Cannot infer the eval type from type hints. \", UserWarning)","logger":"task.stderr"}
{"timestamp":"2026-07-04T10:37:07.537776Z","level":"error","event":"WARNING: Using incubator modules: jdk.incubator.vector","logger":"task.stderr"}
{"timestamp":"2026-07-04T10:37:07.847034Z","level":"error","event":"Using Spark's default log4j profile: org/apache/spark/log4j2-defaults.properties","logger":"task.stderr"}
{"timestamp":"2026-07-04T10:37:07.852238Z","level":"error","event":"26/07/04 16:07:07 WARN Utils: Your hostname, Burugulas-MacBook-Air.local, resolves to a loopback address: 127.0.0.1; using 192.168.0.107 instead (on interface en0)","logger":"task.stderr"}
{"timestamp":"2026-07-04T10:37:07.853298Z","level":"error","event":"26/07/04 16:07:07 WARN Utils: Set SPARK_LOCAL_IP if you need to bind to another address","logger":"task.stderr"}
{"timestamp":"2026-07-04T10:37:07.917424Z","level":"error","event":":: loading settings :: url = jar:file:/Library/Frameworks/Python.framework/Versions/3.14/lib/python3.14/site-packages/pyspark/jars/ivy-2.5.3.jar!/org/apache/ivy/core/settings/ivysettings.xml","logger":"task.stderr"}
{"timestamp":"2026-07-04T10:37:07.947383Z","level":"error","event":"Ivy Default Cache set to: /Users/burugula.sasank/.ivy2.5.2/cache","logger":"task.stderr"}
{"timestamp":"2026-07-04T10:37:07.947553Z","level":"error","event":"The jars for the packages stored in: /Users/burugula.sasank/.ivy2.5.2/jars","logger":"task.stderr"}
{"timestamp":"2026-07-04T10:37:07.948593Z","level":"error","event":"org.postgresql#postgresql added as a dependency","logger":"task.stderr"}
{"timestamp":"2026-07-04T10:37:07.948799Z","level":"error","event":":: resolving dependencies :: org.apache.spark#spark-submit-parent-6e3d4601-d387-4d38-bfb1-967269717ba4;1.0","logger":"task.stderr"}
{"timestamp":"2026-07-04T10:37:07.948858Z","level":"error","event":"\tconfs: [default]","logger":"task.stderr"}
{"timestamp":"2026-07-04T10:37:07.988486Z","level":"error","event":"\tfound org.postgresql#postgresql;42.7.3 in central","logger":"task.stderr"}
{"timestamp":"2026-07-04T10:37:07.996277Z","level":"error","event":"\tfound org.checkerframework#checker-qual;3.42.0 in central","logger":"task.stderr"}
{"timestamp":"2026-07-04T10:37:08.001094Z","level":"error","event":":: resolution report :: resolve 51ms :: artifacts dl 2ms","logger":"task.stderr"}
{"timestamp":"2026-07-04T10:37:08.001227Z","level":"error","event":"\t:: modules in use:","logger":"task.stderr"}
{"timestamp":"2026-07-04T10:37:08.001337Z","level":"error","event":"\torg.checkerframework#checker-qual;3.42.0 from central in [default]","logger":"task.stderr"}
{"timestamp":"2026-07-04T10:37:08.001387Z","level":"error","event":"\torg.postgresql#postgresql;42.7.3 from central in [default]","logger":"task.stderr"}
{"timestamp":"2026-07-04T10:37:08.001436Z","level":"error","event":"\t---------------------------------------------------------------------","logger":"task.stderr"}
{"timestamp":"2026-07-04T10:37:08.001492Z","level":"error","event":"\t|                  |            modules            ||   artifacts   |","logger":"task.stderr"}
{"timestamp":"2026-07-04T10:37:08.001540Z","level":"error","event":"\t|       conf       | number| search|dwnlded|evicted|| number|dwnlded|","logger":"task.stderr"}
{"timestamp":"2026-07-04T10:37:08.001587Z","level":"error","event":"\t---------------------------------------------------------------------","logger":"task.stderr"}
{"timestamp":"2026-07-04T10:37:08.001633Z","level":"error","event":"\t|      default     |   2   |   0   |   0   |   0   ||   2   |   0   |","logger":"task.stderr"}
{"timestamp":"2026-07-04T10:37:08.001680Z","level":"error","event":"\t---------------------------------------------------------------------","logger":"task.stderr"}
{"timestamp":"2026-07-04T10:37:08.002883Z","level":"error","event":":: retrieving :: org.apache.spark#spark-submit-parent-6e3d4601-d387-4d38-bfb1-967269717ba4","logger":"task.stderr"}
{"timestamp":"2026-07-04T10:37:08.003046Z","level":"error","event":"\tconfs: [default]","logger":"task.stderr"}
{"timestamp":"2026-07-04T10:37:08.004829Z","level":"error","event":"\t0 artifacts copied, 2 already retrieved (0kB/2ms)","logger":"task.stderr"}
{"timestamp":"2026-07-04T10:37:08.065307Z","level":"error","event":"26/07/04 16:07:08 WARN NativeCodeLoader: Unable to load native-hadoop library for your platform... using builtin-java classes where applicable","logger":"task.stderr"}
{"timestamp":"2026-07-04T10:37:08.116231Z","level":"error","event":"Using Spark's default log4j profile: org/apache/spark/log4j2-defaults.properties","logger":"task.stderr"}
{"timestamp":"2026-07-04T10:37:08.116437Z","level":"error","event":"Setting default log level to \"WARN\".","logger":"task.stderr"}
{"timestamp":"2026-07-04T10:37:08.116494Z","level":"error","event":"To adjust logging level use sc.setLogLevel(newLevel). For SparkR, use setLogLevel(newLevel).","logger":"task.stderr"}
{"timestamp":"2026-07-04T10:37:10.990617Z","level":"info","event":"The exception is Expected bytes or unicode string, got dict instead","logger":"task.stdout"}
{"timestamp":"2026-07-04T10:37:10.992389Z","level":"error","event":"Traceback (most recent call last):","logger":"task.stderr"}
{"timestamp":"2026-07-04T10:37:10.992710Z","level":"error","event":"  File \"/Users/burugula.sasank/airflow/dags/spark/notebooks/silver_layer/data_transformations.py\", line 309, in <module>","logger":"task.stderr"}
{"timestamp":"2026-07-04T10:37:10.992746Z","level":"error","event":"    write_to_database(data_silver_batsmen_odi,\"batsmen_odi\")","logger":"task.stderr"}
{"timestamp":"2026-07-04T10:37:10.992775Z","level":"error","event":"    ~~~~~~~~~~~~~~~~~^^^^^^^^^^^^^^^^^^^^^^^^^^^^^^^^^^^^^^^","logger":"task.stderr"}
{"timestamp":"2026-07-04T10:37:10.992798Z","level":"error","event":"  File \"/Users/burugula.sasank/airflow/dags/spark/notebooks/silver_layer/data_transformations.py\", line 199, in write_to_database","logger":"task.stderr"}
{"timestamp":"2026-07-04T10:37:10.992823Z","level":"error","event":"    option(\"driver\",os.getenv(\"DATABASE_DRIVER\")).option(\"dbtable\",dbtable).option(\"user\",os.getenv(\"USER_NAME\")).option(\"cascadeTruncate\", \"true\").option(\"password\",os.getenv(\"PASSWORD\")).save()","logger":"task.stderr"}
{"timestamp":"2026-07-04T10:37:10.992847Z","level":"error","event":"                                                                                                                                                                                             ~~~~^^","logger":"task.stderr"}
{"timestamp":"2026-07-04T10:37:10.992869Z","level":"error","event":"  File \"/Library/Frameworks/Python.framework/Versions/3.14/lib/python3.14/site-packages/pyspark/sql/readwriter.py\", line 1743, in save","logger":"task.stderr"}
{"timestamp":"2026-07-04T10:37:10.992891Z","level":"error","event":"    self._jwrite.save()","logger":"task.stderr"}
{"timestamp":"2026-07-04T10:37:10.992921Z","level":"error","event":"    ~~~~~~~~~~~~~~~~~^^","logger":"task.stderr"}
{"timestamp":"2026-07-04T10:37:10.992942Z","level":"error","event":"  File \"/Library/Frameworks/Python.framework/Versions/3.14/lib/python3.14/site-packages/py4j/java_gateway.py\", line 1362, in __call__","logger":"task.stderr"}
{"timestamp":"2026-07-04T10:37:10.992963Z","level":"error","event":"    return_value = get_return_value(","logger":"task.stderr"}
{"timestamp":"2026-07-04T10:37:10.992984Z","level":"error","event":"        answer, self.gateway_client, self.target_id, self.name)","logger":"task.stderr"}
{"timestamp":"2026-07-04T10:37:10.993034Z","level":"error","event":"  File \"/Library/Frameworks/Python.framework/Versions/3.14/lib/python3.14/site-packages/pyspark/errors/exceptions/captured.py\", line 263, in deco","logger":"task.stderr"}
{"timestamp":"2026-07-04T10:37:10.993060Z","level":"error","event":"    return f(*a, **kw)","logger":"task.stderr"}
{"timestamp":"2026-07-04T10:37:10.993078Z","level":"error","event":"  File \"/Library/Frameworks/Python.framework/Versions/3.14/lib/python3.14/site-packages/py4j/protocol.py\", line 327, in get_return_value","logger":"task.stderr"}
{"timestamp":"2026-07-04T10:37:10.993095Z","level":"error","event":"    raise Py4JJavaError(","logger":"task.stderr"}
{"timestamp":"2026-07-04T10:37:10.993113Z","level":"error","event":"        \"An error occurred while calling {0}{1}{2}.\\n\".","logger":"task.stderr"}
{"timestamp":"2026-07-04T10:37:10.993132Z","level":"error","event":"        format(target_id, \".\", name), value)","logger":"task.stderr"}
{"timestamp":"2026-07-04T10:37:10.993149Z","level":"error","event":"py4j.protocol.Py4JJavaError: An error occurred while calling o1180.save.","logger":"task.stderr"}
{"timestamp":"2026-07-04T10:37:10.993169Z","level":"error","event":": org.postgresql.util.PSQLException: ERROR: cannot drop table batsmen_odi because other objects depend on it","logger":"task.stderr"}
{"timestamp":"2026-07-04T10:37:10.993191Z","level":"error","event":"  Detail: materialized view odi_batsmen_stats_country_wise depends on table batsmen_odi","logger":"task.stderr"}
{"timestamp":"2026-07-04T10:37:10.993209Z","level":"error","event":"  Hint: Use DROP ... CASCADE to drop the dependent objects too.","logger":"task.stderr"}
{"timestamp":"2026-07-04T10:37:10.993228Z","level":"error","event":"\tat org.postgresql.core.v3.QueryExecutorImpl.receiveErrorResponse(QueryExecutorImpl.java:2725)","logger":"task.stderr"}
{"timestamp":"2026-07-04T10:37:10.993246Z","level":"error","event":"\tat org.postgresql.core.v3.QueryExecutorImpl.processResults(QueryExecutorImpl.java:2412)","logger":"task.stderr"}
{"timestamp":"2026-07-04T10:37:10.993264Z","level":"error","event":"\tat org.postgresql.core.v3.QueryExecutorImpl.execute(QueryExecutorImpl.java:371)","logger":"task.stderr"}
{"timestamp":"2026-07-04T10:37:10.993285Z","level":"error","event":"\tat org.postgresql.jdbc.PgStatement.executeInternal(PgStatement.java:502)","logger":"task.stderr"}
{"timestamp":"2026-07-04T10:37:10.993303Z","level":"error","event":"\tat org.postgresql.jdbc.PgStatement.execute(PgStatement.java:419)","logger":"task.stderr"}
{"timestamp":"2026-07-04T10:37:10.993320Z","level":"error","event":"\tat org.postgresql.jdbc.PgStatement.executeWithFlags(PgStatement.java:341)","logger":"task.stderr"}
{"timestamp":"2026-07-04T10:37:10.993337Z","level":"error","event":"\tat org.postgresql.jdbc.PgStatement.executeCachedSql(PgStatement.java:326)","logger":"task.stderr"}
{"timestamp":"2026-07-04T10:37:10.993353Z","level":"error","event":"\tat org.postgresql.jdbc.PgStatement.executeWithFlags(PgStatement.java:302)","logger":"task.stderr"}
{"timestamp":"2026-07-04T10:37:10.993369Z","level":"error","event":"\tat org.postgresql.jdbc.PgStatement.executeUpdate(PgStatement.java:275)","logger":"task.stderr"}
{"timestamp":"2026-07-04T10:37:10.993386Z","level":"error","event":"\tat org.apache.spark.sql.execution.datasources.jdbc.JdbcUtils$.executeStatement(JdbcUtils.scala:1210)","logger":"task.stderr"}
{"timestamp":"2026-07-04T10:37:10.993408Z","level":"error","event":"\tat org.apache.spark.sql.execution.datasources.jdbc.JdbcUtils$.dropTable(JdbcUtils.scala:90)","logger":"task.stderr"}
{"timestamp":"2026-07-04T10:37:10.993425Z","level":"error","event":"\tat org.apache.spark.sql.execution.datasources.jdbc.JdbcRelationProvider.createRelation(JdbcRelationProvider.scala:73)","logger":"task.stderr"}
{"timestamp":"2026-07-04T10:37:10.993442Z","level":"error","event":"\tat org.apache.spark.sql.execution.datasources.SaveIntoDataSourceCommand.run(SaveIntoDataSourceCommand.scala:55)","logger":"task.stderr"}
{"timestamp":"2026-07-04T10:37:10.993458Z","level":"error","event":"\tat org.apache.spark.sql.execution.command.ExecutedCommandExec.sideEffectResult$lzycompute(commands.scala:79)","logger":"task.stderr"}
{"timestamp":"2026-07-04T10:37:10.993475Z","level":"error","event":"\tat org.apache.spark.sql.execution.command.ExecutedCommandExec.sideEffectResult(commands.scala:77)","logger":"task.stderr"}
{"timestamp":"2026-07-04T10:37:10.993491Z","level":"error","event":"\tat org.apache.spark.sql.execution.command.ExecutedCommandExec.executeCollect(commands.scala:88)","logger":"task.stderr"}
{"timestamp":"2026-07-04T10:37:10.993508Z","level":"error","event":"\tat org.apache.spark.sql.execution.QueryExecution.$anonfun$eagerlyExecuteCommands$2(QueryExecution.scala:185)","logger":"task.stderr"}
{"timestamp":"2026-07-04T10:37:10.993524Z","level":"error","event":"\tat org.apache.spark.sql.execution.SQLExecution$.$anonfun$withNewExecutionId0$8(SQLExecution.scala:177)","logger":"task.stderr"}
{"timestamp":"2026-07-04T10:37:10.993541Z","level":"error","event":"\tat org.apache.spark.sql.execution.SQLExecution$.withSessionTagsApplied(SQLExecution.scala:285)","logger":"task.stderr"}
{"timestamp":"2026-07-04T10:37:10.993557Z","level":"error","event":"\tat org.apache.spark.sql.execution.SQLExecution$.$anonfun$withNewExecutionId0$7(SQLExecution.scala:139)","logger":"task.stderr"}
{"timestamp":"2026-07-04T10:37:10.993574Z","level":"error","event":"\tat org.apache.spark.JobArtifactSet$.withActiveJobArtifactState(JobArtifactSet.scala:94)","logger":"task.stderr"}
{"timestamp":"2026-07-04T10:37:10.993591Z","level":"error","event":"\tat org.apache.spark.sql.artifact.ArtifactManager.$anonfun$withResources$1(ArtifactManager.scala:112)","logger":"task.stderr"}
{"timestamp":"2026-07-04T10:37:10.993607Z","level":"error","event":"\tat org.apache.spark.sql.artifact.ArtifactManager.withClassLoaderIfNeeded(ArtifactManager.scala:106)","logger":"task.stderr"}
{"timestamp":"2026-07-04T10:37:10.993623Z","level":"error","event":"\tat org.apache.spark.sql.artifact.ArtifactManager.withResources(ArtifactManager.scala:111)","logger":"task.stderr"}
{"timestamp":"2026-07-04T10:37:10.993640Z","level":"error","event":"\tat org.apache.spark.sql.execution.SQLExecution$.$anonfun$withNewExecutionId0$6(SQLExecution.scala:139)","logger":"task.stderr"}
{"timestamp":"2026-07-04T10:37:10.993656Z","level":"error","event":"\tat org.apache.spark.sql.execution.SQLExecution$.withSQLConfPropagated(SQLExecution.scala:308)","logger":"task.stderr"}
{"timestamp":"2026-07-04T10:37:10.993673Z","level":"error","event":"\tat org.apache.spark.sql.execution.SQLExecution$.$anonfun$withNewExecutionId0$1(SQLExecution.scala:138)","logger":"task.stderr"}
{"timestamp":"2026-07-04T10:37:10.993689Z","level":"error","event":"\tat org.apache.spark.sql.SparkSession.withActive(SparkSession.scala:804)","logger":"task.stderr"}
{"timestamp":"2026-07-04T10:37:10.993706Z","level":"error","event":"\tat org.apache.spark.sql.execution.SQLExecution$.withNewExecutionId0(SQLExecution.scala:92)","logger":"task.stderr"}
{"timestamp":"2026-07-04T10:37:10.993722Z","level":"error","event":"\tat org.apache.spark.sql.execution.SQLExecution$.withNewExecutionId(SQLExecution.scala:250)","logger":"task.stderr"}
{"timestamp":"2026-07-04T10:37:10.993738Z","level":"error","event":"\tat org.apache.spark.sql.execution.QueryExecution.$anonfun$eagerlyExecuteCommands$1(QueryExecution.scala:185)","logger":"task.stderr"}
{"timestamp":"2026-07-04T10:37:10.993755Z","level":"error","event":"\tat org.apache.spark.sql.execution.QueryExecution$.withInternalError(QueryExecution.scala:717)","logger":"task.stderr"}
{"timestamp":"2026-07-04T10:37:10.993773Z","level":"error","event":"\tat org.apache.spark.sql.execution.QueryExecution.org$apache$spark$sql$execution$QueryExecution$$eagerlyExecute$1(QueryExecution.scala:184)","logger":"task.stderr"}
{"timestamp":"2026-07-04T10:37:10.993789Z","level":"error","event":"\tat org.apache.spark.sql.execution.QueryExecution$$anonfun$eagerlyExecuteCommands$3.applyOrElse(QueryExecution.scala:201)","logger":"task.stderr"}
{"timestamp":"2026-07-04T10:37:10.993835Z","level":"error","event":"\tat org.apache.spark.sql.execution.QueryExecution$$anonfun$eagerlyExecuteCommands$3.applyOrElse(QueryExecution.scala:194)","logger":"task.stderr"}
{"timestamp":"2026-07-04T10:37:10.993854Z","level":"error","event":"\tat org.apache.spark.sql.catalyst.trees.TreeNode.$anonfun$transformDownWithPruning$1(TreeNode.scala:491)","logger":"task.stderr"}
{"timestamp":"2026-07-04T10:37:10.993870Z","level":"error","event":"\tat org.apache.spark.sql.catalyst.trees.CurrentOrigin$.withOrigin(origin.scala:107)","logger":"task.stderr"}
{"timestamp":"2026-07-04T10:37:10.993887Z","level":"error","event":"\tat org.apache.spark.sql.catalyst.trees.TreeNode.transformDownWithPruning(TreeNode.scala:491)","logger":"task.stderr"}
{"timestamp":"2026-07-04T10:37:10.993904Z","level":"error","event":"\tat org.apache.spark.sql.catalyst.plans.logical.LogicalPlan.org$apache$spark$sql$catalyst$plans$logical$AnalysisHelper$$super$transformDownWithPruning(LogicalPlan.scala:37)","logger":"task.stderr"}
{"timestamp":"2026-07-04T10:37:10.993921Z","level":"error","event":"\tat org.apache.spark.sql.catalyst.plans.logical.AnalysisHelper.transformDownWithPruning(AnalysisHelper.scala:360)","logger":"task.stderr"}
{"timestamp":"2026-07-04T10:37:10.993937Z","level":"error","event":"\tat org.apache.spark.sql.catalyst.plans.logical.AnalysisHelper.transformDownWithPruning$(AnalysisHelper.scala:356)","logger":"task.stderr"}
{"timestamp":"2026-07-04T10:37:10.993953Z","level":"error","event":"\tat org.apache.spark.sql.catalyst.plans.logical.LogicalPlan.transformDownWithPruning(LogicalPlan.scala:37)","logger":"task.stderr"}
{"timestamp":"2026-07-04T10:37:10.993970Z","level":"error","event":"\tat org.apache.spark.sql.catalyst.plans.logical.LogicalPlan.transformDownWithPruning(LogicalPlan.scala:37)","logger":"task.stderr"}
{"timestamp":"2026-07-04T10:37:10.993986Z","level":"error","event":"\tat org.apache.spark.sql.catalyst.trees.TreeNode.transformDown(TreeNode.scala:467)","logger":"task.stderr"}
{"timestamp":"2026-07-04T10:37:10.994002Z","level":"error","event":"\tat org.apache.spark.sql.execution.QueryExecution.eagerlyExecuteCommands(QueryExecution.scala:194)","logger":"task.stderr"}
{"timestamp":"2026-07-04T10:37:10.994019Z","level":"error","event":"\tat org.apache.spark.sql.execution.QueryExecution.$anonfun$lazyCommandExecuted$1(QueryExecution.scala:155)","logger":"task.stderr"}
{"timestamp":"2026-07-04T10:37:10.994035Z","level":"error","event":"\tat scala.util.Try$.apply(Try.scala:217)","logger":"task.stderr"}
{"timestamp":"2026-07-04T10:37:10.994052Z","level":"error","event":"\tat org.apache.spark.util.Utils$.doTryWithCallerStacktrace(Utils.scala:1392)","logger":"task.stderr"}
{"timestamp":"2026-07-04T10:37:10.994069Z","level":"error","event":"\tat org.apache.spark.util.Utils$.getTryWithCallerStacktrace(Utils.scala:1453)","logger":"task.stderr"}
{"timestamp":"2026-07-04T10:37:10.994085Z","level":"error","event":"\tat org.apache.spark.util.LazyTry.get(LazyTry.scala:58)","logger":"task.stderr"}
{"timestamp":"2026-07-04T10:37:10.994102Z","level":"error","event":"\tat org.apache.spark.sql.execution.QueryExecution.commandExecuted(QueryExecution.scala:160)","logger":"task.stderr"}
{"timestamp":"2026-07-04T10:37:10.994119Z","level":"error","event":"\tat org.apache.spark.sql.execution.QueryExecution.assertCommandExecuted(QueryExecution.scala:239)","logger":"task.stderr"}
{"timestamp":"2026-07-04T10:37:10.994135Z","level":"error","event":"\tat org.apache.spark.sql.classic.DataFrameWriter.runCommand(DataFrameWriter.scala:592)","logger":"task.stderr"}
{"timestamp":"2026-07-04T10:37:10.994154Z","level":"error","event":"\tat org.apache.spark.sql.classic.DataFrameWriter.save(DataFrameWriter.scala:126)","logger":"task.stderr"}
{"timestamp":"2026-07-04T10:37:10.994170Z","level":"error","event":"\tat java.base/jdk.internal.reflect.NativeMethodAccessorImpl.invoke0(Native Method)","logger":"task.stderr"}
{"timestamp":"2026-07-04T10:37:10.994186Z","level":"error","event":"\tat java.base/jdk.internal.reflect.NativeMethodAccessorImpl.invoke(NativeMethodAccessorImpl.java:76)","logger":"task.stderr"}
{"timestamp":"2026-07-04T10:37:10.994201Z","level":"error","event":"\tat java.base/jdk.internal.reflect.DelegatingMethodAccessorImpl.invoke(DelegatingMethodAccessorImpl.java:52)","logger":"task.stderr"}
{"timestamp":"2026-07-04T10:37:10.994218Z","level":"error","event":"\tat java.base/java.lang.reflect.Method.invoke(Method.java:578)","logger":"task.stderr"}
{"timestamp":"2026-07-04T10:37:10.994235Z","level":"error","event":"\tat py4j.reflection.MethodInvoker.invoke(MethodInvoker.java:244)","logger":"task.stderr"}
{"timestamp":"2026-07-04T10:37:10.994251Z","level":"error","event":"\tat py4j.reflection.ReflectionEngine.invoke(ReflectionEngine.java:374)","logger":"task.stderr"}
{"timestamp":"2026-07-04T10:37:10.994267Z","level":"error","event":"\tat py4j.Gateway.invoke(Gateway.java:282)","logger":"task.stderr"}
{"timestamp":"2026-07-04T10:37:10.994284Z","level":"error","event":"\tat py4j.commands.AbstractCommand.invokeMethod(AbstractCommand.java:132)","logger":"task.stderr"}
{"timestamp":"2026-07-04T10:37:10.994300Z","level":"error","event":"\tat py4j.commands.CallCommand.execute(CallCommand.java:79)","logger":"task.stderr"}
{"timestamp":"2026-07-04T10:37:10.994316Z","level":"error","event":"\tat py4j.ClientServerConnection.waitForCommands(ClientServerConnection.java:184)","logger":"task.stderr"}
{"timestamp":"2026-07-04T10:37:10.994332Z","level":"error","event":"\tat py4j.ClientServerConnection.run(ClientServerConnection.java:108)","logger":"task.stderr"}
{"timestamp":"2026-07-04T10:37:10.994348Z","level":"error","event":"\tat java.base/java.lang.Thread.run(Thread.java:1589)","logger":"task.stderr"}
{"timestamp":"2026-07-04T10:37:10.994364Z","level":"error","event":"\tSuppressed: org.apache.spark.util.Utils$OriginalTryStackTraceException: Full stacktrace of original doTryWithCallerStacktrace caller","logger":"task.stderr"}
{"timestamp":"2026-07-04T10:37:10.994381Z","level":"error","event":"\t\tat org.postgresql.core.v3.QueryExecutorImpl.receiveErrorResponse(QueryExecutorImpl.java:2725)","logger":"task.stderr"}
{"timestamp":"2026-07-04T10:37:10.994397Z","level":"error","event":"\t\tat org.postgresql.core.v3.QueryExecutorImpl.processResults(QueryExecutorImpl.java:2412)","logger":"task.stderr"}
{"timestamp":"2026-07-04T10:37:10.994413Z","level":"error","event":"\t\tat org.postgresql.core.v3.QueryExecutorImpl.execute(QueryExecutorImpl.java:371)","logger":"task.stderr"}
{"timestamp":"2026-07-04T10:37:10.994429Z","level":"error","event":"\t\tat org.postgresql.jdbc.PgStatement.executeInternal(PgStatement.java:502)","logger":"task.stderr"}
{"timestamp":"2026-07-04T10:37:10.994445Z","level":"error","event":"\t\tat org.postgresql.jdbc.PgStatement.execute(PgStatement.java:419)","logger":"task.stderr"}
{"timestamp":"2026-07-04T10:37:10.994461Z","level":"error","event":"\t\tat org.postgresql.jdbc.PgStatement.executeWithFlags(PgStatement.java:341)","logger":"task.stderr"}
{"timestamp":"2026-07-04T10:37:10.994477Z","level":"error","event":"\t\tat org.postgresql.jdbc.PgStatement.executeCachedSql(PgStatement.java:326)","logger":"task.stderr"}
{"timestamp":"2026-07-04T10:37:10.994493Z","level":"error","event":"\t\tat org.postgresql.jdbc.PgStatement.executeWithFlags(PgStatement.java:302)","logger":"task.stderr"}
{"timestamp":"2026-07-04T10:37:10.994509Z","level":"error","event":"\t\tat org.postgresql.jdbc.PgStatement.executeUpdate(PgStatement.java:275)","logger":"task.stderr"}
{"timestamp":"2026-07-04T10:37:10.994527Z","level":"error","event":"\t\tat org.apache.spark.sql.execution.datasources.jdbc.JdbcUtils$.executeStatement(JdbcUtils.scala:1210)","logger":"task.stderr"}
{"timestamp":"2026-07-04T10:37:10.994544Z","level":"error","event":"\t\tat org.apache.spark.sql.execution.datasources.jdbc.JdbcUtils$.dropTable(JdbcUtils.scala:90)","logger":"task.stderr"}
{"timestamp":"2026-07-04T10:37:10.994560Z","level":"error","event":"\t\tat org.apache.spark.sql.execution.datasources.jdbc.JdbcRelationProvider.createRelation(JdbcRelationProvider.scala:73)","logger":"task.stderr"}
{"timestamp":"2026-07-04T10:37:10.994576Z","level":"error","event":"\t\tat org.apache.spark.sql.execution.datasources.SaveIntoDataSourceCommand.run(SaveIntoDataSourceCommand.scala:55)","logger":"task.stderr"}
{"timestamp":"2026-07-04T10:37:10.994617Z","level":"error","event":"\t\tat org.apache.spark.sql.execution.command.ExecutedCommandExec.sideEffectResult$lzycompute(commands.scala:79)","logger":"task.stderr"}
{"timestamp":"2026-07-04T10:37:10.994636Z","level":"error","event":"\t\tat org.apache.spark.sql.execution.command.ExecutedCommandExec.sideEffectResult(commands.scala:77)","logger":"task.stderr"}
{"timestamp":"2026-07-04T10:37:10.994652Z","level":"error","event":"\t\tat org.apache.spark.sql.execution.command.ExecutedCommandExec.executeCollect(commands.scala:88)","logger":"task.stderr"}
{"timestamp":"2026-07-04T10:37:10.994668Z","level":"error","event":"\t\tat org.apache.spark.sql.execution.QueryExecution.$anonfun$eagerlyExecuteCommands$2(QueryExecution.scala:185)","logger":"task.stderr"}
{"timestamp":"2026-07-04T10:37:10.994684Z","level":"error","event":"\t\tat org.apache.spark.sql.execution.SQLExecution$.$anonfun$withNewExecutionId0$8(SQLExecution.scala:177)","logger":"task.stderr"}
{"timestamp":"2026-07-04T10:37:10.994701Z","level":"error","event":"\t\tat org.apache.spark.sql.execution.SQLExecution$.withSessionTagsApplied(SQLExecution.scala:285)","logger":"task.stderr"}
{"timestamp":"2026-07-04T10:37:10.994717Z","level":"error","event":"\t\tat org.apache.spark.sql.execution.SQLExecution$.$anonfun$withNewExecutionId0$7(SQLExecution.scala:139)","logger":"task.stderr"}
{"timestamp":"2026-07-04T10:37:10.994734Z","level":"error","event":"\t\tat org.apache.spark.JobArtifactSet$.withActiveJobArtifactState(JobArtifactSet.scala:94)","logger":"task.stderr"}
{"timestamp":"2026-07-04T10:37:10.994751Z","level":"error","event":"\t\tat org.apache.spark.sql.artifact.ArtifactManager.$anonfun$withResources$1(ArtifactManager.scala:112)","logger":"task.stderr"}
{"timestamp":"2026-07-04T10:37:10.994767Z","level":"error","event":"\t\tat org.apache.spark.sql.artifact.ArtifactManager.withClassLoaderIfNeeded(ArtifactManager.scala:106)","logger":"task.stderr"}
{"timestamp":"2026-07-04T10:37:10.994784Z","level":"error","event":"\t\tat org.apache.spark.sql.artifact.ArtifactManager.withResources(ArtifactManager.scala:111)","logger":"task.stderr"}
{"timestamp":"2026-07-04T10:37:10.994800Z","level":"error","event":"\t\tat org.apache.spark.sql.execution.SQLExecution$.$anonfun$withNewExecutionId0$6(SQLExecution.scala:139)","logger":"task.stderr"}
{"timestamp":"2026-07-04T10:37:10.994816Z","level":"error","event":"\t\tat org.apache.spark.sql.execution.SQLExecution$.withSQLConfPropagated(SQLExecution.scala:308)","logger":"task.stderr"}
{"timestamp":"2026-07-04T10:37:10.994832Z","level":"error","event":"\t\tat org.apache.spark.sql.execution.SQLExecution$.$anonfun$withNewExecutionId0$1(SQLExecution.scala:138)","logger":"task.stderr"}
{"timestamp":"2026-07-04T10:37:10.994848Z","level":"error","event":"\t\tat org.apache.spark.sql.SparkSession.withActive(SparkSession.scala:804)","logger":"task.stderr"}
{"timestamp":"2026-07-04T10:37:10.994864Z","level":"error","event":"\t\tat org.apache.spark.sql.execution.SQLExecution$.withNewExecutionId0(SQLExecution.scala:92)","logger":"task.stderr"}
{"timestamp":"2026-07-04T10:37:10.994880Z","level":"error","event":"\t\tat org.apache.spark.sql.execution.SQLExecution$.withNewExecutionId(SQLExecution.scala:250)","logger":"task.stderr"}
{"timestamp":"2026-07-04T10:37:10.994900Z","level":"error","event":"\t\tat org.apache.spark.sql.execution.QueryExecution.$anonfun$eagerlyExecuteCommands$1(QueryExecution.scala:185)","logger":"task.stderr"}
{"timestamp":"2026-07-04T10:37:10.994916Z","level":"error","event":"\t\tat org.apache.spark.sql.execution.QueryExecution$.withInternalError(QueryExecution.scala:717)","logger":"task.stderr"}
{"timestamp":"2026-07-04T10:37:10.994932Z","level":"error","event":"\t\tat org.apache.spark.sql.execution.QueryExecution.org$apache$spark$sql$execution$QueryExecution$$eagerlyExecute$1(QueryExecution.scala:184)","logger":"task.stderr"}
{"timestamp":"2026-07-04T10:37:10.994949Z","level":"error","event":"\t\tat org.apache.spark.sql.execution.QueryExecution$$anonfun$eagerlyExecuteCommands$3.applyOrElse(QueryExecution.scala:201)","logger":"task.stderr"}
{"timestamp":"2026-07-04T10:37:10.994965Z","level":"error","event":"\t\tat org.apache.spark.sql.execution.QueryExecution$$anonfun$eagerlyExecuteCommands$3.applyOrElse(QueryExecution.scala:194)","logger":"task.stderr"}
{"timestamp":"2026-07-04T10:37:10.994982Z","level":"error","event":"\t\tat org.apache.spark.sql.catalyst.trees.TreeNode.$anonfun$transformDownWithPruning$1(TreeNode.scala:491)","logger":"task.stderr"}
{"timestamp":"2026-07-04T10:37:10.994998Z","level":"error","event":"\t\tat org.apache.spark.sql.catalyst.trees.CurrentOrigin$.withOrigin(origin.scala:107)","logger":"task.stderr"}
{"timestamp":"2026-07-04T10:37:10.995014Z","level":"error","event":"\t\tat org.apache.spark.sql.catalyst.trees.TreeNode.transformDownWithPruning(TreeNode.scala:491)","logger":"task.stderr"}
{"timestamp":"2026-07-04T10:37:10.995030Z","level":"error","event":"\t\tat org.apache.spark.sql.catalyst.plans.logical.LogicalPlan.org$apache$spark$sql$catalyst$plans$logical$AnalysisHelper$$super$transformDownWithPruning(LogicalPlan.scala:37)","logger":"task.stderr"}
{"timestamp":"2026-07-04T10:37:10.995046Z","level":"error","event":"\t\tat org.apache.spark.sql.catalyst.plans.logical.AnalysisHelper.transformDownWithPruning(AnalysisHelper.scala:360)","logger":"task.stderr"}
{"timestamp":"2026-07-04T10:37:10.995062Z","level":"error","event":"\t\tat org.apache.spark.sql.catalyst.plans.logical.AnalysisHelper.transformDownWithPruning$(AnalysisHelper.scala:356)","logger":"task.stderr"}
{"timestamp":"2026-07-04T10:37:10.995078Z","level":"error","event":"\t\tat org.apache.spark.sql.catalyst.plans.logical.LogicalPlan.transformDownWithPruning(LogicalPlan.scala:37)","logger":"task.stderr"}
{"timestamp":"2026-07-04T10:37:10.995094Z","level":"error","event":"\t\tat org.apache.spark.sql.catalyst.plans.logical.LogicalPlan.transformDownWithPruning(LogicalPlan.scala:37)","logger":"task.stderr"}
{"timestamp":"2026-07-04T10:37:10.995110Z","level":"error","event":"\t\tat org.apache.spark.sql.catalyst.trees.TreeNode.transformDown(TreeNode.scala:467)","logger":"task.stderr"}
{"timestamp":"2026-07-04T10:37:10.995127Z","level":"error","event":"\t\tat org.apache.spark.sql.execution.QueryExecution.eagerlyExecuteCommands(QueryExecution.scala:194)","logger":"task.stderr"}
{"timestamp":"2026-07-04T10:37:10.995143Z","level":"error","event":"\t\tat org.apache.spark.sql.execution.QueryExecution.$anonfun$lazyCommandExecuted$1(QueryExecution.scala:155)","logger":"task.stderr"}
{"timestamp":"2026-07-04T10:37:10.995159Z","level":"error","event":"\t\tat scala.util.Try$.apply(Try.scala:217)","logger":"task.stderr"}
{"timestamp":"2026-07-04T10:37:10.995175Z","level":"error","event":"\t\tat org.apache.spark.util.Utils$.doTryWithCallerStacktrace(Utils.scala:1392)","logger":"task.stderr"}
{"timestamp":"2026-07-04T10:37:10.995192Z","level":"error","event":"\t\tat org.apache.spark.util.LazyTry.tryT$lzycompute(LazyTry.scala:46)","logger":"task.stderr"}
{"timestamp":"2026-07-04T10:37:10.995208Z","level":"error","event":"\t\tat org.apache.spark.util.LazyTry.tryT(LazyTry.scala:46)","logger":"task.stderr"}
{"timestamp":"2026-07-04T10:37:10.995224Z","level":"error","event":"\t\t... 17 more","logger":"task.stderr"}
{"timestamp":"2026-07-04T10:37:10.995240Z","level":"error","event":"","logger":"task.stderr"}
{"timestamp":"2026-07-04T10:37:11.010593Z","level":"error","event":"Task failed with exception","ti_id":"019f2cb3-df4b-758a-bc8d-50ac4201e499","task_id":"transform_data_from_filesystem","try_number":1,"run_id":"manual__2026-07-04T10:36:53.431113+00:00","dag_id":"dag_data","map_index":-1,"logger":"task","filename":"task_runner.py","lineno":1381,"error_detail":[{"exc_type":"CalledProcessError","exc_value":"Command '['python3', '/Users/burugula.sasank/airflow/dags/spark/notebooks/silver_layer/data_transformations.py']' returned non-zero exit status 1.","exc_notes":[],"syntax_error":null,"is_cause":false,"frames":[{"filename":"/Library/Frameworks/Python.framework/Versions/3.14/lib/python3.14/site-packages/airflow/sdk/execution_time/task_runner.py","lineno":1287,"name":"run"},{"filename":"/Library/Frameworks/Python.framework/Versions/3.14/lib/python3.14/site-packages/airflow/sdk/execution_time/task_runner.py","lineno":1745,"name":"_execute_task"},{"filename":"/Library/Frameworks/Python.framework/Versions/3.14/lib/python3.14/site-packages/airflow/sdk/bases/operator.py","lineno":443,"name":"wrapper"},{"filename":"/Library/Frameworks/Python.framework/Versions/3.14/lib/python3.14/site-packages/airflow/sdk/bases/decorator.py","lineno":398,"name":"execute"},{"filename":"/Library/Frameworks/Python.framework/Versions/3.14/lib/python3.14/site-packages/airflow/sdk/bases/operator.py","lineno":443,"name":"wrapper"},{"filename":"/Library/Frameworks/Python.framework/Versions/3.14/lib/python3.14/site-packages/airflow/providers/standard/operators/python.py","lineno":231,"name":"execute"},{"filename":"/Library/Frameworks/Python.framework/Versions/3.14/lib/python3.14/site-packages/airflow/providers/standard/operators/python.py","lineno":254,"name":"execute_callable"},{"filename":"/Library/Frameworks/Python.framework/Versions/3.14/lib/python3.14/site-packages/airflow/sdk/execution_time/callback_runner.py","lineno":97,"name":"run"},{"filename":"/Users/burugula.sasank/airflow/dags/etl_scheduler.py","lineno":57,"name":"transform_data_from_filesystem"},{"filename":"/Library/Frameworks/Python.framework/Versions/3.14/lib/python3.14/subprocess.py","lineno":578,"name":"run"}],"is_group":false,"exceptions":[]}]}
{"timestamp":"2026-07-04T10:37:11.010846Z","level":"info","event":"::group::Post Execute","ti_id":"019f2cb3-df4b-758a-bc8d-50ac4201e499","task_id":"transform_data_from_filesystem","try_number":1,"run_id":"manual__2026-07-04T10:36:53.431113+00:00","dag_id":"dag_data","map_index":-1,"logger":"task","filename":"task_runner.py","lineno":1382}
{"timestamp":"2026-07-04T10:37:11.011263Z","level":"info","event":"::endgroup::","ti_id":"019f2cb3-df4b-758a-bc8d-50ac4201e499","task_id":"transform_data_from_filesystem","try_number":1,"run_id":"manual__2026-07-04T10:36:53.431113+00:00","dag_id":"dag_data","map_index":-1,"logger":"task","filename":"task_runner.py","lineno":1896}
