{"timestamp":"2026-07-04T10:51:39.263716Z","level":"info","event":"2026-07-04T10:51:39.263318Z [info     ] ::group::Pre Execute           [task] loc=task_runner.py:1926","logger":"task.stdout"}
{"timestamp":"2026-07-04T10:51:39.348684Z","level":"info","event":"setup plugin alembic.autogenerate.schemas","logger":"alembic.runtime.plugins","task_id":"ingest_data_to_filesystem","ti_id":"019f2cc1-4b2f-705c-a8ef-532458d3289c","dag_id":"dag_data","try_number":1,"map_index":-1,"run_id":"manual__2026-07-04T10:51:33.027316+00:00","filename":"plugins.py","lineno":37}
{"timestamp":"2026-07-04T10:51:39.348761Z","level":"info","event":"setup plugin alembic.autogenerate.tables","logger":"alembic.runtime.plugins","task_id":"ingest_data_to_filesystem","ti_id":"019f2cc1-4b2f-705c-a8ef-532458d3289c","dag_id":"dag_data","try_number":1,"map_index":-1,"run_id":"manual__2026-07-04T10:51:33.027316+00:00","filename":"plugins.py","lineno":37}
{"timestamp":"2026-07-04T10:51:39.348793Z","level":"info","event":"setup plugin alembic.autogenerate.types","logger":"alembic.runtime.plugins","task_id":"ingest_data_to_filesystem","ti_id":"019f2cc1-4b2f-705c-a8ef-532458d3289c","dag_id":"dag_data","try_number":1,"map_index":-1,"run_id":"manual__2026-07-04T10:51:33.027316+00:00","filename":"plugins.py","lineno":37}
{"timestamp":"2026-07-04T10:51:39.348818Z","level":"info","event":"setup plugin alembic.autogenerate.constraints","logger":"alembic.runtime.plugins","task_id":"ingest_data_to_filesystem","ti_id":"019f2cc1-4b2f-705c-a8ef-532458d3289c","dag_id":"dag_data","try_number":1,"map_index":-1,"run_id":"manual__2026-07-04T10:51:33.027316+00:00","filename":"plugins.py","lineno":37}
{"timestamp":"2026-07-04T10:51:39.348839Z","level":"info","event":"setup plugin alembic.autogenerate.defaults","logger":"alembic.runtime.plugins","task_id":"ingest_data_to_filesystem","ti_id":"019f2cc1-4b2f-705c-a8ef-532458d3289c","dag_id":"dag_data","try_number":1,"map_index":-1,"run_id":"manual__2026-07-04T10:51:33.027316+00:00","filename":"plugins.py","lineno":37}
{"timestamp":"2026-07-04T10:51:39.348859Z","level":"info","event":"setup plugin alembic.autogenerate.comments","logger":"alembic.runtime.plugins","task_id":"ingest_data_to_filesystem","ti_id":"019f2cc1-4b2f-705c-a8ef-532458d3289c","dag_id":"dag_data","try_number":1,"map_index":-1,"run_id":"manual__2026-07-04T10:51:33.027316+00:00","filename":"plugins.py","lineno":37}
{"timestamp":"2026-07-04T10:51:39.389772Z","level":"info","event":"DAG bundles loaded: dags-folder","task_id":"ingest_data_to_filesystem","ti_id":"019f2cc1-4b2f-705c-a8ef-532458d3289c","dag_id":"dag_data","try_number":1,"map_index":-1,"run_id":"manual__2026-07-04T10:51:33.027316+00:00","logger":"airflow.dag_processing.bundles.manager.DagBundlesManager","filename":"manager.py","lineno":209}
{"timestamp":"2026-07-04T10:51:39.389971Z","level":"info","event":"Filling up the DagBag from /Users/burugula.sasank/airflow/dags/etl_scheduler.py","task_id":"ingest_data_to_filesystem","ti_id":"019f2cc1-4b2f-705c-a8ef-532458d3289c","dag_id":"dag_data","try_number":1,"map_index":-1,"run_id":"manual__2026-07-04T10:51:33.027316+00:00","logger":"airflow.dag_processing.dagbag.BundleDagBag","filename":"dagbag.py","lineno":469}
{"timestamp":"2026-07-04T10:51:39.421844Z","level":"warning","event":"The `airflow.decorators.task` attribute is deprecated. Please use `'airflow.sdk.task'`.","category":"UserWarning","filename":"/Users/burugula.sasank/airflow/dags/etl_scheduler.py","lineno":1,"task_id":"ingest_data_to_filesystem","ti_id":"019f2cc1-4b2f-705c-a8ef-532458d3289c","dag_id":"dag_data","try_number":1,"map_index":-1,"run_id":"manual__2026-07-04T10:51:33.027316+00:00","logger":"py.warnings"}
{"timestamp":"2026-07-04T10:51:39.421892Z","level":"warning","event":"The `airflow.decorators.dag` attribute is deprecated. Please use `'airflow.sdk.dag'`.","category":"UserWarning","filename":"/Users/burugula.sasank/airflow/dags/etl_scheduler.py","lineno":1,"task_id":"ingest_data_to_filesystem","ti_id":"019f2cc1-4b2f-705c-a8ef-532458d3289c","dag_id":"dag_data","try_number":1,"map_index":-1,"run_id":"manual__2026-07-04T10:51:33.027316+00:00","logger":"py.warnings"}
{"timestamp":"2026-07-04T10:51:39.421916Z","level":"warning","event":"The `airflow.hooks.base.BaseHook` attribute is deprecated. Please use `'airflow.sdk.bases.hook.BaseHook'`.","category":"UserWarning","filename":"/Users/burugula.sasank/airflow/dags/etl_scheduler.py","lineno":2,"task_id":"ingest_data_to_filesystem","ti_id":"019f2cc1-4b2f-705c-a8ef-532458d3289c","dag_id":"dag_data","try_number":1,"map_index":-1,"run_id":"manual__2026-07-04T10:51:33.027316+00:00","logger":"py.warnings"}
{"timestamp":"2026-07-04T10:51:39.434936Z","level":"info","event":"::endgroup::","task_id":"ingest_data_to_filesystem","ti_id":"019f2cc1-4b2f-705c-a8ef-532458d3289c","dag_id":"dag_data","try_number":1,"map_index":-1,"run_id":"manual__2026-07-04T10:51:33.027316+00:00","logger":"task","filename":"task_runner.py","lineno":1727}
{"timestamp":"2026-07-04T10:51:39.774562Z","level":"error","event":"WARNING: Using incubator modules: jdk.incubator.vector","logger":"task.stderr"}
{"timestamp":"2026-07-04T10:51:40.188314Z","level":"error","event":"Using Spark's default log4j profile: org/apache/spark/log4j2-defaults.properties","logger":"task.stderr"}
{"timestamp":"2026-07-04T10:51:40.194368Z","level":"error","event":"26/07/04 16:21:40 WARN Utils: Your hostname, Burugulas-MacBook-Air.local, resolves to a loopback address: 127.0.0.1; using 192.168.0.107 instead (on interface en0)","logger":"task.stderr"}
{"timestamp":"2026-07-04T10:51:40.195473Z","level":"error","event":"26/07/04 16:21:40 WARN Utils: Set SPARK_LOCAL_IP if you need to bind to another address","logger":"task.stderr"}
{"timestamp":"2026-07-04T10:51:40.322680Z","level":"error","event":"Using Spark's default log4j profile: org/apache/spark/log4j2-defaults.properties","logger":"task.stderr"}
{"timestamp":"2026-07-04T10:51:40.322848Z","level":"error","event":"Setting default log level to \"WARN\".","logger":"task.stderr"}
{"timestamp":"2026-07-04T10:51:40.322886Z","level":"error","event":"To adjust logging level use sc.setLogLevel(newLevel). For SparkR, use setLogLevel(newLevel).","logger":"task.stderr"}
{"timestamp":"2026-07-04T10:51:40.440339Z","level":"error","event":"26/07/04 16:21:40 WARN NativeCodeLoader: Unable to load native-hadoop library for your platform... using builtin-java classes where applicable","logger":"task.stderr"}
{"timestamp":"2026-07-04T10:51:43.350292Z","level":"error","event":"26/07/04 16:21:43 WARN CSVHeaderChecker: CSV header does not conform to the schema.","logger":"task.stderr"}
{"timestamp":"2026-07-04T10:51:43.350407Z","level":"error","event":" Header: , Player, Span, Mat, Inns, NO, Runs, HS, Ave, BF, SR, 100, 50, 0, Unnamed: 13","logger":"task.stderr"}
{"timestamp":"2026-07-04T10:51:43.350436Z","level":"error","event":" Schema: _c0, Player, Span, Mat, Inns, NO, Runs, HS, Ave, BF, SR, 100, 50, 0, Unnamed: 13","logger":"task.stderr"}
{"timestamp":"2026-07-04T10:51:43.350457Z","level":"error","event":"Expected: _c0 but found:","logger":"task.stderr"}
{"timestamp":"2026-07-04T10:51:43.350478Z","level":"error","event":"CSV file: file:///Users/burugula.sasank/airflow/dags/file_stores/api_dump/cric_data/Batting/ODI%20data.csv","logger":"task.stderr"}
{"timestamp":"2026-07-04T10:51:43.787975Z","level":"error","event":"26/07/04 16:21:43 WARN CSVHeaderChecker: CSV header does not conform to the schema.","logger":"task.stderr"}
{"timestamp":"2026-07-04T10:51:43.788170Z","level":"error","event":" Header: , Player, Span, Mat, Inns, NO, Runs, HS, Ave, BF, SR, 100, 50, 0, 4s, 6s, Unnamed: 15","logger":"task.stderr"}
{"timestamp":"2026-07-04T10:51:43.788260Z","level":"error","event":" Schema: _c0, Player, Span, Mat, Inns, NO, Runs, HS, Ave, BF, SR, 100, 50, 0, 4s, 6s, Unnamed: 15","logger":"task.stderr"}
{"timestamp":"2026-07-04T10:51:43.788292Z","level":"error","event":"Expected: _c0 but found:","logger":"task.stderr"}
{"timestamp":"2026-07-04T10:51:43.788316Z","level":"error","event":"CSV file: file:///Users/burugula.sasank/airflow/dags/file_stores/api_dump/cric_data/Batting/t20.csv","logger":"task.stderr"}
{"timestamp":"2026-07-04T10:51:43.959324Z","level":"error","event":"26/07/04 16:21:43 WARN CSVHeaderChecker: CSV header does not conform to the schema.","logger":"task.stderr"}
{"timestamp":"2026-07-04T10:51:43.960207Z","level":"error","event":" Header: , Player, Span, Mat, Inns, NO, Runs, HS, Ave, 100, 50, 0, Unnamed: 11","logger":"task.stderr"}
{"timestamp":"2026-07-04T10:51:43.960258Z","level":"error","event":" Schema: _c0, Player, Span, Mat, Inns, NO, Runs, HS, Ave, 100, 50, 0, Unnamed: 11","logger":"task.stderr"}
{"timestamp":"2026-07-04T10:51:43.960290Z","level":"error","event":"Expected: _c0 but found:","logger":"task.stderr"}
{"timestamp":"2026-07-04T10:51:43.960315Z","level":"error","event":"CSV file: file:///Users/burugula.sasank/airflow/dags/file_stores/api_dump/cric_data/Batting/test.csv","logger":"task.stderr"}
{"timestamp":"2026-07-04T10:51:44.153793Z","level":"error","event":"26/07/04 16:21:44 WARN CSVHeaderChecker: CSV header does not conform to the schema.","logger":"task.stderr"}
{"timestamp":"2026-07-04T10:51:44.153966Z","level":"error","event":" Header: , Player, Span, Mat, Inns, Balls, Runs, Wkts, BBI, Ave, Econ, SR, 4, 5, Unnamed: 13","logger":"task.stderr"}
{"timestamp":"2026-07-04T10:51:44.154023Z","level":"error","event":" Schema: _c0, Player, Span, Mat, Inns, Balls, Runs, Wkts, BBI, Ave, Econ, SR, 4, 5, Unnamed: 13","logger":"task.stderr"}
{"timestamp":"2026-07-04T10:51:44.154074Z","level":"error","event":"Expected: _c0 but found:","logger":"task.stderr"}
{"timestamp":"2026-07-04T10:51:44.154122Z","level":"error","event":"CSV file: file:///Users/burugula.sasank/airflow/dags/file_stores/api_dump/cric_data/Bowling/Bowling_ODI.csv","logger":"task.stderr"}
{"timestamp":"2026-07-04T10:51:44.335662Z","level":"error","event":"26/07/04 16:21:44 WARN CSVHeaderChecker: CSV header does not conform to the schema.","logger":"task.stderr"}
{"timestamp":"2026-07-04T10:51:44.335783Z","level":"error","event":" Header: , Player, Span, Mat, Inns, Overs, Mdns, Runs, Wkts, BBI, Ave, Econ, SR, 4, 5, Unnamed: 14","logger":"task.stderr"}
{"timestamp":"2026-07-04T10:51:44.335815Z","level":"error","event":" Schema: _c0, Player, Span, Mat, Inns, Overs, Mdns, Runs, Wkts, BBI, Ave, Econ, SR, 4, 5, Unnamed: 14","logger":"task.stderr"}
{"timestamp":"2026-07-04T10:51:44.335840Z","level":"error","event":"Expected: _c0 but found:","logger":"task.stderr"}
{"timestamp":"2026-07-04T10:51:44.335862Z","level":"error","event":"CSV file: file:///Users/burugula.sasank/airflow/dags/file_stores/api_dump/cric_data/Bowling/Bowling_t20.csv","logger":"task.stderr"}
{"timestamp":"2026-07-04T10:51:44.496242Z","level":"error","event":"26/07/04 16:21:44 WARN CSVHeaderChecker: CSV header does not conform to the schema.","logger":"task.stderr"}
{"timestamp":"2026-07-04T10:51:44.496415Z","level":"error","event":" Header: , Player, Span, Mat, Inns, Balls, Runs, Wkts, BBI, BBM, Ave, Econ, SR, 5, 10, Unnamed: 14","logger":"task.stderr"}
{"timestamp":"2026-07-04T10:51:44.496472Z","level":"error","event":" Schema: _c0, Player, Span, Mat, Inns, Balls, Runs, Wkts, BBI, BBM, Ave, Econ, SR, 5, 10, Unnamed: 14","logger":"task.stderr"}
{"timestamp":"2026-07-04T10:51:44.496520Z","level":"error","event":"Expected: _c0 but found:","logger":"task.stderr"}
{"timestamp":"2026-07-04T10:51:44.496566Z","level":"error","event":"CSV file: file:///Users/burugula.sasank/airflow/dags/file_stores/api_dump/cric_data/Bowling/Bowling_test.csv","logger":"task.stderr"}
{"timestamp":"2026-07-04T10:51:44.656922Z","level":"error","event":"26/07/04 16:21:44 WARN CSVHeaderChecker: CSV header does not conform to the schema.","logger":"task.stderr"}
{"timestamp":"2026-07-04T10:51:44.657077Z","level":"error","event":" Header: , Player, Span, Mat, Inns, Dis, Ct, St, Ct Wk, Ct Fi, MD, D/I, Unnamed: 11","logger":"task.stderr"}
{"timestamp":"2026-07-04T10:51:44.657144Z","level":"error","event":" Schema: _c0, Player, Span, Mat, Inns, Dis, Ct, St, Ct Wk, Ct Fi, MD, D/I, Unnamed: 11","logger":"task.stderr"}
{"timestamp":"2026-07-04T10:51:44.657192Z","level":"error","event":"Expected: _c0 but found:","logger":"task.stderr"}
{"timestamp":"2026-07-04T10:51:44.657269Z","level":"error","event":"CSV file: file:///Users/burugula.sasank/airflow/dags/file_stores/api_dump/cric_data/Fielding/Fielding_ODI.csv","logger":"task.stderr"}
{"timestamp":"2026-07-04T10:51:44.847160Z","level":"error","event":"26/07/04 16:21:44 WARN CSVHeaderChecker: CSV header does not conform to the schema.","logger":"task.stderr"}
{"timestamp":"2026-07-04T10:51:44.847316Z","level":"error","event":" Header: , Player, Span, Mat, Inns, Dis, Ct, St, Ct Wk, Ct Fi, MD, D/I, Unnamed: 11","logger":"task.stderr"}
{"timestamp":"2026-07-04T10:51:44.847370Z","level":"error","event":" Schema: _c0, Player, Span, Mat, Inns, Dis, Ct, St, Ct Wk, Ct Fi, MD, D/I, Unnamed: 11","logger":"task.stderr"}
{"timestamp":"2026-07-04T10:51:44.847417Z","level":"error","event":"Expected: _c0 but found:","logger":"task.stderr"}
{"timestamp":"2026-07-04T10:51:44.847463Z","level":"error","event":"CSV file: file:///Users/burugula.sasank/airflow/dags/file_stores/api_dump/cric_data/Fielding/Fielding_t20.csv","logger":"task.stderr"}
{"timestamp":"2026-07-04T10:51:44.983641Z","level":"error","event":"26/07/04 16:21:44 WARN CSVHeaderChecker: CSV header does not conform to the schema.","logger":"task.stderr"}
{"timestamp":"2026-07-04T10:51:44.983747Z","level":"error","event":" Header: , Player, Span, Mat, Inns, Dis, Ct, St, Ct Wk, Ct Fi, MD, D/I, Unnamed: 11","logger":"task.stderr"}
{"timestamp":"2026-07-04T10:51:44.983777Z","level":"error","event":" Schema: _c0, Player, Span, Mat, Inns, Dis, Ct, St, Ct Wk, Ct Fi, MD, D/I, Unnamed: 11","logger":"task.stderr"}
{"timestamp":"2026-07-04T10:51:44.983802Z","level":"error","event":"Expected: _c0 but found:","logger":"task.stderr"}
{"timestamp":"2026-07-04T10:51:44.983825Z","level":"error","event":"CSV file: file:///Users/burugula.sasank/airflow/dags/file_stores/api_dump/cric_data/Fielding/Fielding_test.csv","logger":"task.stderr"}
{"timestamp":"2026-07-04T10:51:45.061057Z","level":"error","event":"26/07/04 16:21:45 WARN CSVHeaderChecker: CSV header does not conform to the schema.","logger":"task.stderr"}
{"timestamp":"2026-07-04T10:51:45.061269Z","level":"error","event":" Header: , Player, Span, Mat, Inns, NO, Runs, HS, Ave, BF, SR, 100, 50, 0, Unnamed: 13","logger":"task.stderr"}
{"timestamp":"2026-07-04T10:51:45.061344Z","level":"error","event":" Schema: _c0, Player, Span, Mat, Inns, NO, Runs, HS, Ave, BF, SR, 100, 50, 0, Unnamed: 13","logger":"task.stderr"}
{"timestamp":"2026-07-04T10:51:45.061459Z","level":"error","event":"Expected: _c0 but found:","logger":"task.stderr"}
{"timestamp":"2026-07-04T10:51:45.061529Z","level":"error","event":"CSV file: file:///Users/burugula.sasank/airflow/dags/file_stores/api_dump/cric_data/Batting/ODI%20data.csv","logger":"task.stderr"}
{"timestamp":"2026-07-04T10:51:45.576143Z","level":"info","event":"Sample Data (ODI Batsmen):","logger":"task.stdout"}
{"timestamp":"2026-07-04T10:51:45.576311Z","level":"info","event":"+---+--------------------+---------+---+----+---+-----+----+-----+-----+-----+---+---+---+-----------+","logger":"task.stdout"}
{"timestamp":"2026-07-04T10:51:45.576361Z","level":"info","event":"|_c0|              Player|     Span|Mat|Inns| NO| Runs|  HS|  Ave|   BF|   SR|100| 50|  0|Unnamed: 13|","logger":"task.stdout"}
{"timestamp":"2026-07-04T10:51:45.576387Z","level":"info","event":"+---+--------------------+---------+---+----+---+-----+----+-----+-----+-----+---+---+---+-----------+","logger":"task.stdout"}
{"timestamp":"2026-07-04T10:51:45.576410Z","level":"info","event":"|  0|SR Tendulkar (INDIA)|1989-2012|463| 452| 41|18426|200*|44.83|21367|86.23| 49| 96| 20|       NULL|","logger":"task.stdout"}
{"timestamp":"2026-07-04T10:51:45.576430Z","level":"info","event":"|  1|KC Sangakkara (As...|2000-2015|404| 380| 41|14234| 169|41.98|18048|78.86| 25| 93| 15|       NULL|","logger":"task.stdout"}
{"timestamp":"2026-07-04T10:51:45.576451Z","level":"info","event":"+---+--------------------+---------+---+----+---+-----+----+-----+-----+-----+---+---+---+-----------+","logger":"task.stdout"}
{"timestamp":"2026-07-04T10:51:45.576479Z","level":"info","event":"only showing top 2 rows","logger":"task.stdout"}
{"timestamp":"2026-07-04T10:51:45.596743Z","level":"info","event":"Bronze Ingestion Success","logger":"task.stdout"}
{"timestamp":"2026-07-04T10:51:45.596917Z","level":"info","event":"Done. Returned value was: ","task_id":"ingest_data_to_filesystem","ti_id":"019f2cc1-4b2f-705c-a8ef-532458d3289c","dag_id":"dag_data","try_number":1,"map_index":-1,"run_id":"manual__2026-07-04T10:51:33.027316+00:00","logger":"airflow.task.operators.airflow.providers.standard.decorators.python._PythonDecoratedOperator","filename":"python.py","lineno":233}
{"timestamp":"2026-07-04T10:51:45.597143Z","level":"info","event":"::group::Post Execute","task_id":"ingest_data_to_filesystem","ti_id":"019f2cc1-4b2f-705c-a8ef-532458d3289c","dag_id":"dag_data","try_number":1,"map_index":-1,"run_id":"manual__2026-07-04T10:51:33.027316+00:00","logger":"task","filename":"task_runner.py","lineno":1288}
{"timestamp":"2026-07-04T10:51:45.597288Z","level":"info","event":"Pushing xcom","ti":"RuntimeTaskInstance(id=UUID('019f2cc1-4b2f-705c-a8ef-532458d3289c'), task_id='ingest_data_to_filesystem', dag_id='dag_data', run_id='manual__2026-07-04T10:51:33.027316+00:00', try_number=1, dag_version_id=UUID('019f2c09-88cb-79f1-ada2-a2bc16a5412d'), map_index=-1, hostname='burugulas-macbook-air.local', context_carrier={'traceparent': '00-9b7163b80b67ac6f851a055dd43469ea-0d6ef9637e09aa99-01'}, task=<Task(_PythonDecoratedOperator): ingest_data_to_filesystem>, bundle_instance=LocalDagBundle(name=dags-folder), max_tries=0, start_date=datetime.datetime(2026, 7, 4, 10, 51, 38, 830985, tzinfo=datetime.timezone.utc), end_date=None, state=<TaskInstanceState.RUNNING: 'running'>, is_mapped=False, rendered_map_index=None, sentry_integration='')","task_id":"ingest_data_to_filesystem","ti_id":"019f2cc1-4b2f-705c-a8ef-532458d3289c","dag_id":"dag_data","try_number":1,"map_index":-1,"run_id":"manual__2026-07-04T10:51:33.027316+00:00","logger":"task","filename":"task_runner.py","lineno":1791}
{"timestamp":"2026-07-04T10:51:45.608350Z","level":"info","event":"::endgroup::","task_id":"ingest_data_to_filesystem","ti_id":"019f2cc1-4b2f-705c-a8ef-532458d3289c","dag_id":"dag_data","try_number":1,"map_index":-1,"run_id":"manual__2026-07-04T10:51:33.027316+00:00","logger":"task","filename":"task_runner.py","lineno":1896}
