{"timestamp":"2026-07-04T07:31:58.472416Z","level":"info","event":"2026-07-04T07:31:58.472263Z [info     ] ::group::Pre Execute           [task] loc=task_runner.py:1926","logger":"task.stdout"}
{"timestamp":"2026-07-04T07:31:58.552001Z","level":"info","event":"setup plugin alembic.autogenerate.schemas","logger":"alembic.runtime.plugins","try_number":1,"dag_id":"dag_data","task_id":"transform_data_from_filesystem","map_index":-1,"ti_id":"019f2c0a-5c17-71c1-9d60-49e7596c6538","run_id":"manual__2026-07-04T07:31:44.257062+00:00","filename":"plugins.py","lineno":37}
{"timestamp":"2026-07-04T07:31:58.552070Z","level":"info","event":"setup plugin alembic.autogenerate.tables","logger":"alembic.runtime.plugins","try_number":1,"dag_id":"dag_data","task_id":"transform_data_from_filesystem","map_index":-1,"ti_id":"019f2c0a-5c17-71c1-9d60-49e7596c6538","run_id":"manual__2026-07-04T07:31:44.257062+00:00","filename":"plugins.py","lineno":37}
{"timestamp":"2026-07-04T07:31:58.552100Z","level":"info","event":"setup plugin alembic.autogenerate.types","logger":"alembic.runtime.plugins","try_number":1,"dag_id":"dag_data","task_id":"transform_data_from_filesystem","map_index":-1,"ti_id":"019f2c0a-5c17-71c1-9d60-49e7596c6538","run_id":"manual__2026-07-04T07:31:44.257062+00:00","filename":"plugins.py","lineno":37}
{"timestamp":"2026-07-04T07:31:58.552124Z","level":"info","event":"setup plugin alembic.autogenerate.constraints","logger":"alembic.runtime.plugins","try_number":1,"dag_id":"dag_data","task_id":"transform_data_from_filesystem","map_index":-1,"ti_id":"019f2c0a-5c17-71c1-9d60-49e7596c6538","run_id":"manual__2026-07-04T07:31:44.257062+00:00","filename":"plugins.py","lineno":37}
{"timestamp":"2026-07-04T07:31:58.552143Z","level":"info","event":"setup plugin alembic.autogenerate.defaults","logger":"alembic.runtime.plugins","try_number":1,"dag_id":"dag_data","task_id":"transform_data_from_filesystem","map_index":-1,"ti_id":"019f2c0a-5c17-71c1-9d60-49e7596c6538","run_id":"manual__2026-07-04T07:31:44.257062+00:00","filename":"plugins.py","lineno":37}
{"timestamp":"2026-07-04T07:31:58.552162Z","level":"info","event":"setup plugin alembic.autogenerate.comments","logger":"alembic.runtime.plugins","try_number":1,"dag_id":"dag_data","task_id":"transform_data_from_filesystem","map_index":-1,"ti_id":"019f2c0a-5c17-71c1-9d60-49e7596c6538","run_id":"manual__2026-07-04T07:31:44.257062+00:00","filename":"plugins.py","lineno":37}
{"timestamp":"2026-07-04T07:31:58.591275Z","level":"info","event":"DAG bundles loaded: dags-folder","try_number":1,"dag_id":"dag_data","task_id":"transform_data_from_filesystem","map_index":-1,"ti_id":"019f2c0a-5c17-71c1-9d60-49e7596c6538","run_id":"manual__2026-07-04T07:31:44.257062+00:00","logger":"airflow.dag_processing.bundles.manager.DagBundlesManager","filename":"manager.py","lineno":209}
{"timestamp":"2026-07-04T07:31:58.591480Z","level":"info","event":"Filling up the DagBag from /Users/burugula.sasank/airflow/dags/etl_scheduler.py","try_number":1,"dag_id":"dag_data","task_id":"transform_data_from_filesystem","map_index":-1,"ti_id":"019f2c0a-5c17-71c1-9d60-49e7596c6538","run_id":"manual__2026-07-04T07:31:44.257062+00:00","logger":"airflow.dag_processing.dagbag.BundleDagBag","filename":"dagbag.py","lineno":469}
{"timestamp":"2026-07-04T07:31:58.624991Z","level":"warning","event":"The `airflow.decorators.task` attribute is deprecated. Please use `'airflow.sdk.task'`.","category":"UserWarning","filename":"/Users/burugula.sasank/airflow/dags/etl_scheduler.py","lineno":1,"try_number":1,"dag_id":"dag_data","task_id":"transform_data_from_filesystem","map_index":-1,"ti_id":"019f2c0a-5c17-71c1-9d60-49e7596c6538","run_id":"manual__2026-07-04T07:31:44.257062+00:00","logger":"py.warnings"}
{"timestamp":"2026-07-04T07:31:58.625044Z","level":"warning","event":"The `airflow.decorators.dag` attribute is deprecated. Please use `'airflow.sdk.dag'`.","category":"UserWarning","filename":"/Users/burugula.sasank/airflow/dags/etl_scheduler.py","lineno":1,"try_number":1,"dag_id":"dag_data","task_id":"transform_data_from_filesystem","map_index":-1,"ti_id":"019f2c0a-5c17-71c1-9d60-49e7596c6538","run_id":"manual__2026-07-04T07:31:44.257062+00:00","logger":"py.warnings"}
{"timestamp":"2026-07-04T07:31:58.625068Z","level":"warning","event":"The `airflow.hooks.base.BaseHook` attribute is deprecated. Please use `'airflow.sdk.bases.hook.BaseHook'`.","category":"UserWarning","filename":"/Users/burugula.sasank/airflow/dags/etl_scheduler.py","lineno":2,"try_number":1,"dag_id":"dag_data","task_id":"transform_data_from_filesystem","map_index":-1,"ti_id":"019f2c0a-5c17-71c1-9d60-49e7596c6538","run_id":"manual__2026-07-04T07:31:44.257062+00:00","logger":"py.warnings"}
{"timestamp":"2026-07-04T07:31:58.638290Z","level":"info","event":"::endgroup::","try_number":1,"dag_id":"dag_data","task_id":"transform_data_from_filesystem","map_index":-1,"ti_id":"019f2c0a-5c17-71c1-9d60-49e7596c6538","run_id":"manual__2026-07-04T07:31:44.257062+00:00","logger":"task","filename":"task_runner.py","lineno":1727}
{"timestamp":"2026-07-04T07:31:58.718798Z","level":"error","event":"/Library/Frameworks/Python.framework/Versions/3.14/lib/python3.14/site-packages/pyspark/sql/udf.py:134: UserWarning: Cannot infer the eval type from type hints.","logger":"task.stderr"}
{"timestamp":"2026-07-04T07:31:58.718892Z","level":"error","event":"  warnings.warn(\"Cannot infer the eval type from type hints. \", UserWarning)","logger":"task.stderr"}
{"timestamp":"2026-07-04T07:31:58.831184Z","level":"error","event":"WARNING: Using incubator modules: jdk.incubator.vector","logger":"task.stderr"}
{"timestamp":"2026-07-04T07:31:59.163156Z","level":"error","event":"Using Spark's default log4j profile: org/apache/spark/log4j2-defaults.properties","logger":"task.stderr"}
{"timestamp":"2026-07-04T07:31:59.169077Z","level":"error","event":"26/07/04 13:01:59 WARN Utils: Your hostname, Burugulas-MacBook-Air.local, resolves to a loopback address: 127.0.0.1; using 192.168.0.107 instead (on interface en0)","logger":"task.stderr"}
{"timestamp":"2026-07-04T07:31:59.170127Z","level":"error","event":"26/07/04 13:01:59 WARN Utils: Set SPARK_LOCAL_IP if you need to bind to another address","logger":"task.stderr"}
{"timestamp":"2026-07-04T07:31:59.235368Z","level":"error","event":":: loading settings :: url = jar:file:/Library/Frameworks/Python.framework/Versions/3.14/lib/python3.14/site-packages/pyspark/jars/ivy-2.5.3.jar!/org/apache/ivy/core/settings/ivysettings.xml","logger":"task.stderr"}
{"timestamp":"2026-07-04T07:31:59.265463Z","level":"error","event":"Ivy Default Cache set to: /Users/burugula.sasank/.ivy2.5.2/cache","logger":"task.stderr"}
{"timestamp":"2026-07-04T07:31:59.265560Z","level":"error","event":"The jars for the packages stored in: /Users/burugula.sasank/.ivy2.5.2/jars","logger":"task.stderr"}
{"timestamp":"2026-07-04T07:31:59.266716Z","level":"error","event":"org.postgresql#postgresql added as a dependency","logger":"task.stderr"}
{"timestamp":"2026-07-04T07:31:59.266935Z","level":"error","event":":: resolving dependencies :: org.apache.spark#spark-submit-parent-b15af16e-2c6c-4181-ae9b-329e2d473ce1;1.0","logger":"task.stderr"}
{"timestamp":"2026-07-04T07:31:59.266991Z","level":"error","event":"\tconfs: [default]","logger":"task.stderr"}
{"timestamp":"2026-07-04T07:31:59.311045Z","level":"error","event":"\tfound org.postgresql#postgresql;42.7.3 in central","logger":"task.stderr"}
{"timestamp":"2026-07-04T07:31:59.322056Z","level":"error","event":"\tfound org.checkerframework#checker-qual;3.42.0 in central","logger":"task.stderr"}
{"timestamp":"2026-07-04T07:31:59.329838Z","level":"error","event":":: resolution report :: resolve 61ms :: artifacts dl 2ms","logger":"task.stderr"}
{"timestamp":"2026-07-04T07:31:59.330000Z","level":"error","event":"\t:: modules in use:","logger":"task.stderr"}
{"timestamp":"2026-07-04T07:31:59.330194Z","level":"error","event":"\torg.checkerframework#checker-qual;3.42.0 from central in [default]","logger":"task.stderr"}
{"timestamp":"2026-07-04T07:31:59.330288Z","level":"error","event":"\torg.postgresql#postgresql;42.7.3 from central in [default]","logger":"task.stderr"}
{"timestamp":"2026-07-04T07:31:59.330342Z","level":"error","event":"\t---------------------------------------------------------------------","logger":"task.stderr"}
{"timestamp":"2026-07-04T07:31:59.330399Z","level":"error","event":"\t|                  |            modules            ||   artifacts   |","logger":"task.stderr"}
{"timestamp":"2026-07-04T07:31:59.330444Z","level":"error","event":"\t|       conf       | number| search|dwnlded|evicted|| number|dwnlded|","logger":"task.stderr"}
{"timestamp":"2026-07-04T07:31:59.330489Z","level":"error","event":"\t---------------------------------------------------------------------","logger":"task.stderr"}
{"timestamp":"2026-07-04T07:31:59.330533Z","level":"error","event":"\t|      default     |   2   |   0   |   0   |   0   ||   2   |   0   |","logger":"task.stderr"}
{"timestamp":"2026-07-04T07:31:59.330582Z","level":"error","event":"\t---------------------------------------------------------------------","logger":"task.stderr"}
{"timestamp":"2026-07-04T07:31:59.331147Z","level":"error","event":":: retrieving :: org.apache.spark#spark-submit-parent-b15af16e-2c6c-4181-ae9b-329e2d473ce1","logger":"task.stderr"}
{"timestamp":"2026-07-04T07:31:59.331296Z","level":"error","event":"\tconfs: [default]","logger":"task.stderr"}
{"timestamp":"2026-07-04T07:31:59.334292Z","level":"error","event":"\t0 artifacts copied, 2 already retrieved (0kB/3ms)","logger":"task.stderr"}
{"timestamp":"2026-07-04T07:31:59.405681Z","level":"error","event":"26/07/04 13:01:59 WARN NativeCodeLoader: Unable to load native-hadoop library for your platform... using builtin-java classes where applicable","logger":"task.stderr"}
{"timestamp":"2026-07-04T07:31:59.455455Z","level":"error","event":"Using Spark's default log4j profile: org/apache/spark/log4j2-defaults.properties","logger":"task.stderr"}
{"timestamp":"2026-07-04T07:31:59.455593Z","level":"error","event":"Setting default log level to \"WARN\".","logger":"task.stderr"}
{"timestamp":"2026-07-04T07:31:59.455624Z","level":"error","event":"To adjust logging level use sc.setLogLevel(newLevel). For SparkR, use setLogLevel(newLevel).","logger":"task.stderr"}
{"timestamp":"2026-07-04T07:32:02.686570Z","level":"error","event":"26/07/04 13:02:02 WARN SparkStringUtils: Truncated the string representation of a plan since it was too large. This behavior can be adjusted by setting 'spark.sql.debug.maxToStringFields'.","logger":"task.stderr"}
{"timestamp":"2026-07-04T07:32:05.745225Z","level":"info","event":"Silver Ingestion Success with returned val:CompletedProcess(args=['python3', '/Users/burugula.sasank/airflow/dags/spark/notebooks/silver_layer/data_transformations.py'], returncode=0)","logger":"task.stdout"}
{"timestamp":"2026-07-04T07:32:05.745500Z","level":"info","event":"Done. Returned value was: ","try_number":1,"dag_id":"dag_data","task_id":"transform_data_from_filesystem","map_index":-1,"ti_id":"019f2c0a-5c17-71c1-9d60-49e7596c6538","run_id":"manual__2026-07-04T07:31:44.257062+00:00","logger":"airflow.task.operators.airflow.providers.standard.decorators.python._PythonDecoratedOperator","filename":"python.py","lineno":233}
{"timestamp":"2026-07-04T07:32:05.746016Z","level":"info","event":"::group::Post Execute","try_number":1,"dag_id":"dag_data","task_id":"transform_data_from_filesystem","map_index":-1,"ti_id":"019f2c0a-5c17-71c1-9d60-49e7596c6538","run_id":"manual__2026-07-04T07:31:44.257062+00:00","logger":"task","filename":"task_runner.py","lineno":1288}
{"timestamp":"2026-07-04T07:32:05.746411Z","level":"info","event":"Pushing xcom","ti":"RuntimeTaskInstance(id=UUID('019f2c0a-5c17-71c1-9d60-49e7596c6538'), task_id='transform_data_from_filesystem', dag_id='dag_data', run_id='manual__2026-07-04T07:31:44.257062+00:00', try_number=1, dag_version_id=UUID('019f2c09-88cb-79f1-ada2-a2bc16a5412d'), map_index=-1, hostname='burugulas-macbook-air.local', context_carrier={'traceparent': '00-e2b8a55f06531d05585a22e1ea93ba5b-573a83f9f2b86c4d-01'}, task=<Task(_PythonDecoratedOperator): transform_data_from_filesystem>, bundle_instance=LocalDagBundle(name=dags-folder), max_tries=0, start_date=datetime.datetime(2026, 7, 4, 7, 31, 58, 60384, tzinfo=datetime.timezone.utc), end_date=None, state=<TaskInstanceState.RUNNING: 'running'>, is_mapped=False, rendered_map_index=None, sentry_integration='')","try_number":1,"dag_id":"dag_data","task_id":"transform_data_from_filesystem","map_index":-1,"ti_id":"019f2c0a-5c17-71c1-9d60-49e7596c6538","run_id":"manual__2026-07-04T07:31:44.257062+00:00","logger":"task","filename":"task_runner.py","lineno":1791}
{"timestamp":"2026-07-04T07:32:05.764278Z","level":"info","event":"::endgroup::","try_number":1,"dag_id":"dag_data","task_id":"transform_data_from_filesystem","map_index":-1,"ti_id":"019f2c0a-5c17-71c1-9d60-49e7596c6538","run_id":"manual__2026-07-04T07:31:44.257062+00:00","logger":"task","filename":"task_runner.py","lineno":1896}
{"timestamp":"2026-07-04T07:32:06.198327Z","level":"error","event":"\r[Stage 9:>                                                          (0 + 1) / 1]","logger":"task.stderr"}
