{"timestamp":"2026-07-04T11:42:45.341318Z","level":"info","event":"2026-07-04T11:42:45.341142Z [info     ] ::group::Pre Execute           [task] loc=task_runner.py:1926","logger":"task.stdout"}
{"timestamp":"2026-07-04T11:42:45.422466Z","level":"info","event":"setup plugin alembic.autogenerate.schemas","logger":"alembic.runtime.plugins","task_id":"transform_data_from_filesystem","dag_id":"dag_data","ti_id":"019f2cef-f9c8-7e7f-8ed1-7855fdd68009","try_number":1,"map_index":-1,"run_id":"manual__2026-07-04T11:42:32.373124+00:00","filename":"plugins.py","lineno":37}
{"timestamp":"2026-07-04T11:42:45.422539Z","level":"info","event":"setup plugin alembic.autogenerate.tables","logger":"alembic.runtime.plugins","task_id":"transform_data_from_filesystem","dag_id":"dag_data","ti_id":"019f2cef-f9c8-7e7f-8ed1-7855fdd68009","try_number":1,"map_index":-1,"run_id":"manual__2026-07-04T11:42:32.373124+00:00","filename":"plugins.py","lineno":37}
{"timestamp":"2026-07-04T11:42:45.422571Z","level":"info","event":"setup plugin alembic.autogenerate.types","logger":"alembic.runtime.plugins","task_id":"transform_data_from_filesystem","dag_id":"dag_data","ti_id":"019f2cef-f9c8-7e7f-8ed1-7855fdd68009","try_number":1,"map_index":-1,"run_id":"manual__2026-07-04T11:42:32.373124+00:00","filename":"plugins.py","lineno":37}
{"timestamp":"2026-07-04T11:42:45.422594Z","level":"info","event":"setup plugin alembic.autogenerate.constraints","logger":"alembic.runtime.plugins","task_id":"transform_data_from_filesystem","dag_id":"dag_data","ti_id":"019f2cef-f9c8-7e7f-8ed1-7855fdd68009","try_number":1,"map_index":-1,"run_id":"manual__2026-07-04T11:42:32.373124+00:00","filename":"plugins.py","lineno":37}
{"timestamp":"2026-07-04T11:42:45.422613Z","level":"info","event":"setup plugin alembic.autogenerate.defaults","logger":"alembic.runtime.plugins","task_id":"transform_data_from_filesystem","dag_id":"dag_data","ti_id":"019f2cef-f9c8-7e7f-8ed1-7855fdd68009","try_number":1,"map_index":-1,"run_id":"manual__2026-07-04T11:42:32.373124+00:00","filename":"plugins.py","lineno":37}
{"timestamp":"2026-07-04T11:42:45.422632Z","level":"info","event":"setup plugin alembic.autogenerate.comments","logger":"alembic.runtime.plugins","task_id":"transform_data_from_filesystem","dag_id":"dag_data","ti_id":"019f2cef-f9c8-7e7f-8ed1-7855fdd68009","try_number":1,"map_index":-1,"run_id":"manual__2026-07-04T11:42:32.373124+00:00","filename":"plugins.py","lineno":37}
{"timestamp":"2026-07-04T11:42:45.463078Z","level":"info","event":"DAG bundles loaded: dags-folder","task_id":"transform_data_from_filesystem","dag_id":"dag_data","ti_id":"019f2cef-f9c8-7e7f-8ed1-7855fdd68009","try_number":1,"map_index":-1,"run_id":"manual__2026-07-04T11:42:32.373124+00:00","logger":"airflow.dag_processing.bundles.manager.DagBundlesManager","filename":"manager.py","lineno":209}
{"timestamp":"2026-07-04T11:42:45.463299Z","level":"info","event":"Filling up the DagBag from /Users/burugula.sasank/airflow/dags/etl_scheduler.py","task_id":"transform_data_from_filesystem","dag_id":"dag_data","ti_id":"019f2cef-f9c8-7e7f-8ed1-7855fdd68009","try_number":1,"map_index":-1,"run_id":"manual__2026-07-04T11:42:32.373124+00:00","logger":"airflow.dag_processing.dagbag.BundleDagBag","filename":"dagbag.py","lineno":469}
{"timestamp":"2026-07-04T11:42:45.494982Z","level":"warning","event":"The `airflow.decorators.task` attribute is deprecated. Please use `'airflow.sdk.task'`.","category":"UserWarning","filename":"/Users/burugula.sasank/airflow/dags/etl_scheduler.py","lineno":1,"task_id":"transform_data_from_filesystem","dag_id":"dag_data","ti_id":"019f2cef-f9c8-7e7f-8ed1-7855fdd68009","try_number":1,"map_index":-1,"run_id":"manual__2026-07-04T11:42:32.373124+00:00","logger":"py.warnings"}
{"timestamp":"2026-07-04T11:42:45.495034Z","level":"warning","event":"The `airflow.decorators.dag` attribute is deprecated. Please use `'airflow.sdk.dag'`.","category":"UserWarning","filename":"/Users/burugula.sasank/airflow/dags/etl_scheduler.py","lineno":1,"task_id":"transform_data_from_filesystem","dag_id":"dag_data","ti_id":"019f2cef-f9c8-7e7f-8ed1-7855fdd68009","try_number":1,"map_index":-1,"run_id":"manual__2026-07-04T11:42:32.373124+00:00","logger":"py.warnings"}
{"timestamp":"2026-07-04T11:42:45.495058Z","level":"warning","event":"The `airflow.hooks.base.BaseHook` attribute is deprecated. Please use `'airflow.sdk.bases.hook.BaseHook'`.","category":"UserWarning","filename":"/Users/burugula.sasank/airflow/dags/etl_scheduler.py","lineno":2,"task_id":"transform_data_from_filesystem","dag_id":"dag_data","ti_id":"019f2cef-f9c8-7e7f-8ed1-7855fdd68009","try_number":1,"map_index":-1,"run_id":"manual__2026-07-04T11:42:32.373124+00:00","logger":"py.warnings"}
{"timestamp":"2026-07-04T11:42:45.507281Z","level":"info","event":"::endgroup::","task_id":"transform_data_from_filesystem","dag_id":"dag_data","ti_id":"019f2cef-f9c8-7e7f-8ed1-7855fdd68009","try_number":1,"map_index":-1,"run_id":"manual__2026-07-04T11:42:32.373124+00:00","logger":"task","filename":"task_runner.py","lineno":1727}
{"timestamp":"2026-07-04T11:42:45.583727Z","level":"error","event":"/Library/Frameworks/Python.framework/Versions/3.14/lib/python3.14/site-packages/pyspark/sql/udf.py:134: UserWarning: Cannot infer the eval type from type hints.","logger":"task.stderr"}
{"timestamp":"2026-07-04T11:42:45.583816Z","level":"error","event":"  warnings.warn(\"Cannot infer the eval type from type hints. \", UserWarning)","logger":"task.stderr"}
{"timestamp":"2026-07-04T11:42:45.689266Z","level":"error","event":"WARNING: Using incubator modules: jdk.incubator.vector","logger":"task.stderr"}
{"timestamp":"2026-07-04T11:42:45.967456Z","level":"error","event":"Using Spark's default log4j profile: org/apache/spark/log4j2-defaults.properties","logger":"task.stderr"}
{"timestamp":"2026-07-04T11:42:45.972705Z","level":"error","event":"26/07/04 17:12:45 WARN Utils: Your hostname, Burugulas-MacBook-Air.local, resolves to a loopback address: 127.0.0.1; using 192.168.0.107 instead (on interface en0)","logger":"task.stderr"}
{"timestamp":"2026-07-04T11:42:45.973729Z","level":"error","event":"26/07/04 17:12:45 WARN Utils: Set SPARK_LOCAL_IP if you need to bind to another address","logger":"task.stderr"}
{"timestamp":"2026-07-04T11:42:46.037818Z","level":"error","event":":: loading settings :: url = jar:file:/Library/Frameworks/Python.framework/Versions/3.14/lib/python3.14/site-packages/pyspark/jars/ivy-2.5.3.jar!/org/apache/ivy/core/settings/ivysettings.xml","logger":"task.stderr"}
{"timestamp":"2026-07-04T11:42:46.068189Z","level":"error","event":"Ivy Default Cache set to: /Users/burugula.sasank/.ivy2.5.2/cache","logger":"task.stderr"}
{"timestamp":"2026-07-04T11:42:46.068291Z","level":"error","event":"The jars for the packages stored in: /Users/burugula.sasank/.ivy2.5.2/jars","logger":"task.stderr"}
{"timestamp":"2026-07-04T11:42:46.069427Z","level":"error","event":"org.postgresql#postgresql added as a dependency","logger":"task.stderr"}
{"timestamp":"2026-07-04T11:42:46.069712Z","level":"error","event":":: resolving dependencies :: org.apache.spark#spark-submit-parent-4440112e-f3eb-45c0-8bc1-d165b0e80325;1.0","logger":"task.stderr"}
{"timestamp":"2026-07-04T11:42:46.069799Z","level":"error","event":"\tconfs: [default]","logger":"task.stderr"}
{"timestamp":"2026-07-04T11:42:46.108776Z","level":"error","event":"\tfound org.postgresql#postgresql;42.7.3 in central","logger":"task.stderr"}
{"timestamp":"2026-07-04T11:42:46.116445Z","level":"error","event":"\tfound org.checkerframework#checker-qual;3.42.0 in central","logger":"task.stderr"}
{"timestamp":"2026-07-04T11:42:46.121108Z","level":"error","event":":: resolution report :: resolve 50ms :: artifacts dl 2ms","logger":"task.stderr"}
{"timestamp":"2026-07-04T11:42:46.121212Z","level":"error","event":"\t:: modules in use:","logger":"task.stderr"}
{"timestamp":"2026-07-04T11:42:46.121241Z","level":"error","event":"\torg.checkerframework#checker-qual;3.42.0 from central in [default]","logger":"task.stderr"}
{"timestamp":"2026-07-04T11:42:46.121265Z","level":"error","event":"\torg.postgresql#postgresql;42.7.3 from central in [default]","logger":"task.stderr"}
{"timestamp":"2026-07-04T11:42:46.121311Z","level":"error","event":"\t---------------------------------------------------------------------","logger":"task.stderr"}
{"timestamp":"2026-07-04T11:42:46.121339Z","level":"error","event":"\t|                  |            modules            ||   artifacts   |","logger":"task.stderr"}
{"timestamp":"2026-07-04T11:42:46.121363Z","level":"error","event":"\t|       conf       | number| search|dwnlded|evicted|| number|dwnlded|","logger":"task.stderr"}
{"timestamp":"2026-07-04T11:42:46.121383Z","level":"error","event":"\t---------------------------------------------------------------------","logger":"task.stderr"}
{"timestamp":"2026-07-04T11:42:46.121401Z","level":"error","event":"\t|      default     |   2   |   0   |   0   |   0   ||   2   |   0   |","logger":"task.stderr"}
{"timestamp":"2026-07-04T11:42:46.121419Z","level":"error","event":"\t---------------------------------------------------------------------","logger":"task.stderr"}
{"timestamp":"2026-07-04T11:42:46.122082Z","level":"error","event":":: retrieving :: org.apache.spark#spark-submit-parent-4440112e-f3eb-45c0-8bc1-d165b0e80325","logger":"task.stderr"}
{"timestamp":"2026-07-04T11:42:46.122128Z","level":"error","event":"\tconfs: [default]","logger":"task.stderr"}
{"timestamp":"2026-07-04T11:42:46.124415Z","level":"error","event":"\t0 artifacts copied, 2 already retrieved (0kB/2ms)","logger":"task.stderr"}
{"timestamp":"2026-07-04T11:42:46.182786Z","level":"error","event":"26/07/04 17:12:46 WARN NativeCodeLoader: Unable to load native-hadoop library for your platform... using builtin-java classes where applicable","logger":"task.stderr"}
{"timestamp":"2026-07-04T11:42:46.233220Z","level":"error","event":"Using Spark's default log4j profile: org/apache/spark/log4j2-defaults.properties","logger":"task.stderr"}
{"timestamp":"2026-07-04T11:42:46.233356Z","level":"error","event":"Setting default log level to \"WARN\".","logger":"task.stderr"}
{"timestamp":"2026-07-04T11:42:46.233387Z","level":"error","event":"To adjust logging level use sc.setLogLevel(newLevel). For SparkR, use setLogLevel(newLevel).","logger":"task.stderr"}
{"timestamp":"2026-07-04T11:42:49.411158Z","level":"error","event":"26/07/04 17:12:49 WARN SparkStringUtils: Truncated the string representation of a plan since it was too large. This behavior can be adjusted by setting 'spark.sql.debug.maxToStringFields'.","logger":"task.stderr"}
{"timestamp":"2026-07-04T11:42:53.056095Z","level":"info","event":".....Connection with the database is successfull......","logger":"task.stdout"}
{"timestamp":"2026-07-04T11:42:53.056397Z","level":"info","event":".....Erased stale materialized views......","logger":"task.stdout"}
{"timestamp":"2026-07-04T11:42:53.056431Z","level":"info","event":"+-----------+-----------+------------+--------------+--------------+--------+----+-------------+-------+-----------+-----------+--------+-------+-----+---------------+---------------+------+","logger":"task.stdout"}
{"timestamp":"2026-07-04T11:42:53.056456Z","level":"info","event":"|  full_name|    country|years_active|matches_played|innings_played|not_outs|Runs|highest_score|average|balls_faced|strike_rate|hundreds|fifties|ducks|number_of_fours|number_of_sixes|format|","logger":"task.stdout"}
{"timestamp":"2026-07-04T11:42:53.056478Z","level":"info","event":"+-----------+-----------+------------+--------------+--------------+--------+----+-------------+-------+-----------+-----------+--------+-------+-----+---------------+---------------+------+","logger":"task.stdout"}
{"timestamp":"2026-07-04T11:42:53.056504Z","level":"info","event":"|LMP Simmons|West Indies|          12|            49|            48|       7| 990|           82|  24.14|        848|     116.74|       0|      6|    6|             92|             37|   T20|","logger":"task.stdout"}
{"timestamp":"2026-07-04T11:42:53.056524Z","level":"info","event":"+-----------+-----------+------------+--------------+--------------+--------+----+-------------+-------+-----------+-----------+--------+-------+-----+---------------+---------------+------+","logger":"task.stdout"}
{"timestamp":"2026-07-04T11:42:53.056564Z","level":"info","event":"only showing top 1 row","logger":"task.stdout"}
{"timestamp":"2026-07-04T11:42:53.056584Z","level":"info","event":"+---------+-------+------------+--------------+--------------+--------+----+-------------+-------+--------+-------+-----+------+","logger":"task.stdout"}
{"timestamp":"2026-07-04T11:42:53.056603Z","level":"info","event":"|full_name|country|years_active|matches_played|innings_played|not_outs|Runs|highest_score|average|hundreds|fifties|ducks|format|","logger":"task.stdout"}
{"timestamp":"2026-07-04T11:42:53.056622Z","level":"info","event":"+---------+-------+------------+--------------+--------------+--------+----+-------------+-------+--------+-------+-----+------+","logger":"task.stdout"}
{"timestamp":"2026-07-04T11:42:53.056639Z","level":"info","event":"| DB Close|England|          27|            22|            37|       2| 887|           70|  25.34|       0|      4|    3|  Test|","logger":"task.stdout"}
{"timestamp":"2026-07-04T11:42:53.056658Z","level":"info","event":"+---------+-------+------------+--------------+--------------+--------+----+-------------+-------+--------+-------+-----+------+","logger":"task.stdout"}
{"timestamp":"2026-07-04T11:42:53.056675Z","level":"info","event":"only showing top 1 row","logger":"task.stdout"}
{"timestamp":"2026-07-04T11:42:53.056693Z","level":"info","event":"+---------+-----------+------------+--------------+--------------+-----+----+-------+----+-------+-------+-----------+-----------------+-----------------+------+","logger":"task.stdout"}
{"timestamp":"2026-07-04T11:42:53.056712Z","level":"info","event":"|full_name|    country|years_active|matches_played|innings_played|Balls|Runs|wickets| BBI|average|economy|strike_rate|four_wicket_hauls|five_wicket_hauls|format|","logger":"task.stdout"}
{"timestamp":"2026-07-04T11:42:53.056731Z","level":"info","event":"+---------+-----------+------------+--------------+--------------+-----+----+-------+----+-------+-------+-----------+-----------------+-----------------+------+","logger":"task.stdout"}
{"timestamp":"2026-07-04T11:42:53.056749Z","level":"info","event":"| CH Gayle|West Indies|          20|           301|           199| 7424|5926|    167|5/46|  35.48|   4.78|       44.4|                3|                1|   ODI|","logger":"task.stdout"}
{"timestamp":"2026-07-04T11:42:53.056767Z","level":"info","event":"+---------+-----------+------------+--------------+--------------+-----+----+-------+----+-------+-------+-----------+-----------------+-----------------+------+","logger":"task.stdout"}
{"timestamp":"2026-07-04T11:42:53.056784Z","level":"info","event":"only showing top 1 row","logger":"task.stdout"}
{"timestamp":"2026-07-04T11:42:53.056803Z","level":"info","event":"+---------+-------+------------+--------------+--------------+-----+-----------------+----+-------+----+-------+-------+-----------+-----------------+-----------------+------+","logger":"task.stdout"}
{"timestamp":"2026-07-04T11:42:53.056822Z","level":"info","event":"|full_name|country|years_active|matches_played|innings_played|Overs|number_of_maidens|Runs|wickets| BBI|average|economy|strike_rate|four_wicket_hauls|five_wicket_hauls|format|","logger":"task.stdout"}
{"timestamp":"2026-07-04T11:42:53.056840Z","level":"info","event":"+---------+-------+------------+--------------+--------------+-----+-----------------+----+-------+----+-------+-------+-----------+-----------------+-----------------+------+","logger":"task.stdout"}
{"timestamp":"2026-07-04T11:42:53.056858Z","level":"info","event":"|  B Kumar|  India|           7|            43|            43|  926|                2|1088|     41|5/24|  26.53|   7.04|       22.5|                0|                1|   T20|","logger":"task.stdout"}
{"timestamp":"2026-07-04T11:42:53.056876Z","level":"info","event":"+---------+-------+------------+--------------+--------------+-----+-----------------+----+-------+----+-------+-------+-----------+-----------------+-----------------+------+","logger":"task.stdout"}
{"timestamp":"2026-07-04T11:42:53.056894Z","level":"info","event":"only showing top 1 row","logger":"task.stdout"}
{"timestamp":"2026-07-04T11:42:53.056916Z","level":"info","event":"+--------------+---------+------------+--------------+--------------+-----+-----+-------+----+------+-------+-------+-----------+-----------------+---+------+","logger":"task.stdout"}
{"timestamp":"2026-07-04T11:42:53.056934Z","level":"info","event":"|     full_name|  country|years_active|matches_played|innings_played|Balls| Runs|wickets| BBI|   BBM|average|economy|strike_rate|five_wicket_hauls| 10|format|","logger":"task.stdout"}
{"timestamp":"2026-07-04T11:42:53.056951Z","level":"info","event":"+--------------+---------+------------+--------------+--------------+-----+-----+-------+----+------+-------+-------+-----------+-----------------+---+------+","logger":"task.stdout"}
{"timestamp":"2026-07-04T11:42:53.057025Z","level":"info","event":"|M Muralitharan|Sri Lanka|          18|           133|           230|44039|18180|    800|9/51|16/220|  22.72|   2.47|       55.0|               67| 22|  Test|","logger":"task.stdout"}
{"timestamp":"2026-07-04T11:42:53.057046Z","level":"info","event":"+--------------+---------+------------+--------------+--------------+-----+-----+-------+----+------+-------+-------+-----------+-----------------+---+------+","logger":"task.stdout"}
{"timestamp":"2026-07-04T11:42:53.057064Z","level":"info","event":"only showing top 1 row","logger":"task.stdout"}
{"timestamp":"2026-07-04T11:42:53.057081Z","level":"info","event":"+---------+-------+------------+--------------+--------------+----------+-------+---------+-------------+------+","logger":"task.stdout"}
{"timestamp":"2026-07-04T11:42:53.057100Z","level":"info","event":"|full_name|country|years_active|matches_played|innings_played|dismissals|catches|stumpings|catch_wickets|format|","logger":"task.stdout"}
{"timestamp":"2026-07-04T11:42:53.057118Z","level":"info","event":"+---------+-------+------------+--------------+--------------+----------+-------+---------+-------------+------+","logger":"task.stdout"}
{"timestamp":"2026-07-04T11:42:53.057135Z","level":"info","event":"|  V Kohli|  India|          11|           242|           240|       124|    124|        0|            0|   ODI|","logger":"task.stdout"}
{"timestamp":"2026-07-04T11:42:53.057153Z","level":"info","event":"+---------+-------+------------+--------------+--------------+----------+-------+---------+-------------+------+","logger":"task.stdout"}
{"timestamp":"2026-07-04T11:42:53.057170Z","level":"info","event":"only showing top 1 row","logger":"task.stdout"}
{"timestamp":"2026-07-04T11:42:53.057188Z","level":"info","event":"+------------+----------+------------+--------------+--------------+----------+-------+---------+-------------+------+","logger":"task.stdout"}
{"timestamp":"2026-07-04T11:42:53.057206Z","level":"info","event":"|   full_name|   country|years_active|matches_played|innings_played|dismissals|catches|stumpings|catch_wickets|format|","logger":"task.stdout"}
{"timestamp":"2026-07-04T11:42:53.057223Z","level":"info","event":"+------------+----------+------------+--------------+--------------+----------+-------+---------+-------------+------+","logger":"task.stdout"}
{"timestamp":"2026-07-04T11:42:53.057241Z","level":"info","event":"|Ziaur Rahman|Bangladesh|           2|            14|            14|         4|      4|        0|            0|   T20|","logger":"task.stdout"}
{"timestamp":"2026-07-04T11:42:53.057259Z","level":"info","event":"+------------+----------+------------+--------------+--------------+----------+-------+---------+-------------+------+","logger":"task.stdout"}
{"timestamp":"2026-07-04T11:42:53.057276Z","level":"info","event":"only showing top 1 row","logger":"task.stdout"}
{"timestamp":"2026-07-04T11:42:53.057294Z","level":"info","event":"+---------+---------+------------+--------------+--------------+----------+-------+---------+-------------+------+","logger":"task.stdout"}
{"timestamp":"2026-07-04T11:42:53.057311Z","level":"info","event":"|full_name|  country|years_active|matches_played|innings_played|dismissals|catches|stumpings|catch_wickets|format|","logger":"task.stdout"}
{"timestamp":"2026-07-04T11:42:53.057331Z","level":"info","event":"+---------+---------+------------+--------------+--------------+----------+-------+---------+-------------+------+","logger":"task.stdout"}
{"timestamp":"2026-07-04T11:42:53.057348Z","level":"info","event":"|BN Jarman|Australia|          10|            19|            36|        54|     50|        4|           50|  Test|","logger":"task.stdout"}
{"timestamp":"2026-07-04T11:42:53.057366Z","level":"info","event":"+---------+---------+------------+--------------+--------------+----------+-------+---------+-------------+------+","logger":"task.stdout"}
{"timestamp":"2026-07-04T11:42:53.057383Z","level":"info","event":"only showing top 1 row","logger":"task.stdout"}
{"timestamp":"2026-07-04T11:42:53.075633Z","level":"info","event":"Silver Ingestion Success with returned val:CompletedProcess(args=['python3', '/Users/burugula.sasank/airflow/dags/spark/notebooks/silver_layer/data_transformations.py'], returncode=0)","logger":"task.stdout"}
{"timestamp":"2026-07-04T11:42:53.075869Z","level":"info","event":"Done. Returned value was: ","task_id":"transform_data_from_filesystem","dag_id":"dag_data","ti_id":"019f2cef-f9c8-7e7f-8ed1-7855fdd68009","try_number":1,"map_index":-1,"run_id":"manual__2026-07-04T11:42:32.373124+00:00","logger":"airflow.task.operators.airflow.providers.standard.decorators.python._PythonDecoratedOperator","filename":"python.py","lineno":233}
{"timestamp":"2026-07-04T11:42:53.076223Z","level":"info","event":"::group::Post Execute","task_id":"transform_data_from_filesystem","dag_id":"dag_data","ti_id":"019f2cef-f9c8-7e7f-8ed1-7855fdd68009","try_number":1,"map_index":-1,"run_id":"manual__2026-07-04T11:42:32.373124+00:00","logger":"task","filename":"task_runner.py","lineno":1288}
{"timestamp":"2026-07-04T11:42:53.076445Z","level":"info","event":"Pushing xcom","ti":"RuntimeTaskInstance(id=UUID('019f2cef-f9c8-7e7f-8ed1-7855fdd68009'), task_id='transform_data_from_filesystem', dag_id='dag_data', run_id='manual__2026-07-04T11:42:32.373124+00:00', try_number=1, dag_version_id=UUID('019f2c09-88cb-79f1-ada2-a2bc16a5412d'), map_index=-1, hostname='burugulas-macbook-air.local', context_carrier={'traceparent': '00-30b557832b97dcbb36189b5be2ebfba9-473bcac969f1e79a-01'}, task=<Task(_PythonDecoratedOperator): transform_data_from_filesystem>, bundle_instance=LocalDagBundle(name=dags-folder), max_tries=0, start_date=datetime.datetime(2026, 7, 4, 11, 42, 44, 906486, tzinfo=datetime.timezone.utc), end_date=None, state=<TaskInstanceState.RUNNING: 'running'>, is_mapped=False, rendered_map_index=None, sentry_integration='')","task_id":"transform_data_from_filesystem","dag_id":"dag_data","ti_id":"019f2cef-f9c8-7e7f-8ed1-7855fdd68009","try_number":1,"map_index":-1,"run_id":"manual__2026-07-04T11:42:32.373124+00:00","logger":"task","filename":"task_runner.py","lineno":1791}
{"timestamp":"2026-07-04T11:42:53.086404Z","level":"info","event":"::endgroup::","task_id":"transform_data_from_filesystem","dag_id":"dag_data","ti_id":"019f2cef-f9c8-7e7f-8ed1-7855fdd68009","try_number":1,"map_index":-1,"run_id":"manual__2026-07-04T11:42:32.373124+00:00","logger":"task","filename":"task_runner.py","lineno":1896}
{"timestamp":"2026-07-04T11:42:53.529673Z","level":"error","event":"\r[Stage 9:>                                                          (0 + 1) / 1]","logger":"task.stderr"}
