{"timestamp":"2026-07-04T09:39:38.971363Z","level":"info","event":"2026-07-04T09:39:38.971247Z [info     ] ::group::Pre Execute           [task] loc=task_runner.py:1926","logger":"task.stdout"}
{"timestamp":"2026-07-04T09:39:39.049320Z","level":"info","event":"setup plugin alembic.autogenerate.schemas","logger":"alembic.runtime.plugins","run_id":"manual__2026-07-04T09:39:32.980138+00:00","ti_id":"019f2c7f-6004-772b-b90e-1f22230259d5","dag_id":"dag_data","map_index":-1,"task_id":"ingest_data_to_filesystem","try_number":1,"filename":"plugins.py","lineno":37}
{"timestamp":"2026-07-04T09:39:39.049386Z","level":"info","event":"setup plugin alembic.autogenerate.tables","logger":"alembic.runtime.plugins","run_id":"manual__2026-07-04T09:39:32.980138+00:00","ti_id":"019f2c7f-6004-772b-b90e-1f22230259d5","dag_id":"dag_data","map_index":-1,"task_id":"ingest_data_to_filesystem","try_number":1,"filename":"plugins.py","lineno":37}
{"timestamp":"2026-07-04T09:39:39.049417Z","level":"info","event":"setup plugin alembic.autogenerate.types","logger":"alembic.runtime.plugins","run_id":"manual__2026-07-04T09:39:32.980138+00:00","ti_id":"019f2c7f-6004-772b-b90e-1f22230259d5","dag_id":"dag_data","map_index":-1,"task_id":"ingest_data_to_filesystem","try_number":1,"filename":"plugins.py","lineno":37}
{"timestamp":"2026-07-04T09:39:39.049441Z","level":"info","event":"setup plugin alembic.autogenerate.constraints","logger":"alembic.runtime.plugins","run_id":"manual__2026-07-04T09:39:32.980138+00:00","ti_id":"019f2c7f-6004-772b-b90e-1f22230259d5","dag_id":"dag_data","map_index":-1,"task_id":"ingest_data_to_filesystem","try_number":1,"filename":"plugins.py","lineno":37}
{"timestamp":"2026-07-04T09:39:39.049461Z","level":"info","event":"setup plugin alembic.autogenerate.defaults","logger":"alembic.runtime.plugins","run_id":"manual__2026-07-04T09:39:32.980138+00:00","ti_id":"019f2c7f-6004-772b-b90e-1f22230259d5","dag_id":"dag_data","map_index":-1,"task_id":"ingest_data_to_filesystem","try_number":1,"filename":"plugins.py","lineno":37}
{"timestamp":"2026-07-04T09:39:39.049482Z","level":"info","event":"setup plugin alembic.autogenerate.comments","logger":"alembic.runtime.plugins","run_id":"manual__2026-07-04T09:39:32.980138+00:00","ti_id":"019f2c7f-6004-772b-b90e-1f22230259d5","dag_id":"dag_data","map_index":-1,"task_id":"ingest_data_to_filesystem","try_number":1,"filename":"plugins.py","lineno":37}
{"timestamp":"2026-07-04T09:39:39.090875Z","level":"info","event":"DAG bundles loaded: dags-folder","run_id":"manual__2026-07-04T09:39:32.980138+00:00","ti_id":"019f2c7f-6004-772b-b90e-1f22230259d5","dag_id":"dag_data","map_index":-1,"task_id":"ingest_data_to_filesystem","try_number":1,"logger":"airflow.dag_processing.bundles.manager.DagBundlesManager","filename":"manager.py","lineno":209}
{"timestamp":"2026-07-04T09:39:39.091098Z","level":"info","event":"Filling up the DagBag from /Users/burugula.sasank/airflow/dags/etl_scheduler.py","run_id":"manual__2026-07-04T09:39:32.980138+00:00","ti_id":"019f2c7f-6004-772b-b90e-1f22230259d5","dag_id":"dag_data","map_index":-1,"task_id":"ingest_data_to_filesystem","try_number":1,"logger":"airflow.dag_processing.dagbag.BundleDagBag","filename":"dagbag.py","lineno":469}
{"timestamp":"2026-07-04T09:39:39.122373Z","level":"warning","event":"The `airflow.decorators.task` attribute is deprecated. Please use `'airflow.sdk.task'`.","category":"UserWarning","filename":"/Users/burugula.sasank/airflow/dags/etl_scheduler.py","lineno":1,"run_id":"manual__2026-07-04T09:39:32.980138+00:00","ti_id":"019f2c7f-6004-772b-b90e-1f22230259d5","dag_id":"dag_data","map_index":-1,"task_id":"ingest_data_to_filesystem","try_number":1,"logger":"py.warnings"}
{"timestamp":"2026-07-04T09:39:39.122423Z","level":"warning","event":"The `airflow.decorators.dag` attribute is deprecated. Please use `'airflow.sdk.dag'`.","category":"UserWarning","filename":"/Users/burugula.sasank/airflow/dags/etl_scheduler.py","lineno":1,"run_id":"manual__2026-07-04T09:39:32.980138+00:00","ti_id":"019f2c7f-6004-772b-b90e-1f22230259d5","dag_id":"dag_data","map_index":-1,"task_id":"ingest_data_to_filesystem","try_number":1,"logger":"py.warnings"}
{"timestamp":"2026-07-04T09:39:39.122448Z","level":"warning","event":"The `airflow.hooks.base.BaseHook` attribute is deprecated. Please use `'airflow.sdk.bases.hook.BaseHook'`.","category":"UserWarning","filename":"/Users/burugula.sasank/airflow/dags/etl_scheduler.py","lineno":2,"run_id":"manual__2026-07-04T09:39:32.980138+00:00","ti_id":"019f2c7f-6004-772b-b90e-1f22230259d5","dag_id":"dag_data","map_index":-1,"task_id":"ingest_data_to_filesystem","try_number":1,"logger":"py.warnings"}
{"timestamp":"2026-07-04T09:39:39.134751Z","level":"info","event":"::endgroup::","run_id":"manual__2026-07-04T09:39:32.980138+00:00","ti_id":"019f2c7f-6004-772b-b90e-1f22230259d5","dag_id":"dag_data","map_index":-1,"task_id":"ingest_data_to_filesystem","try_number":1,"logger":"task","filename":"task_runner.py","lineno":1727}
{"timestamp":"2026-07-04T09:39:39.422341Z","level":"error","event":"WARNING: Using incubator modules: jdk.incubator.vector","logger":"task.stderr"}
{"timestamp":"2026-07-04T09:39:39.829789Z","level":"error","event":"Using Spark's default log4j profile: org/apache/spark/log4j2-defaults.properties","logger":"task.stderr"}
{"timestamp":"2026-07-04T09:39:39.835948Z","level":"error","event":"26/07/04 15:09:39 WARN Utils: Your hostname, Burugulas-MacBook-Air.local, resolves to a loopback address: 127.0.0.1; using 192.168.0.107 instead (on interface en0)","logger":"task.stderr"}
{"timestamp":"2026-07-04T09:39:39.836993Z","level":"error","event":"26/07/04 15:09:39 WARN Utils: Set SPARK_LOCAL_IP if you need to bind to another address","logger":"task.stderr"}
{"timestamp":"2026-07-04T09:39:39.961338Z","level":"error","event":"Using Spark's default log4j profile: org/apache/spark/log4j2-defaults.properties","logger":"task.stderr"}
{"timestamp":"2026-07-04T09:39:39.961493Z","level":"error","event":"Setting default log level to \"WARN\".","logger":"task.stderr"}
{"timestamp":"2026-07-04T09:39:39.961527Z","level":"error","event":"To adjust logging level use sc.setLogLevel(newLevel). For SparkR, use setLogLevel(newLevel).","logger":"task.stderr"}
{"timestamp":"2026-07-04T09:39:40.150758Z","level":"error","event":"26/07/04 15:09:40 WARN NativeCodeLoader: Unable to load native-hadoop library for your platform... using builtin-java classes where applicable","logger":"task.stderr"}
{"timestamp":"2026-07-04T09:39:42.882991Z","level":"error","event":"26/07/04 15:09:42 WARN CSVHeaderChecker: CSV header does not conform to the schema.","logger":"task.stderr"}
{"timestamp":"2026-07-04T09:39:42.883129Z","level":"error","event":" Header: , Player, Span, Mat, Inns, NO, Runs, HS, Ave, BF, SR, 100, 50, 0, Unnamed: 13","logger":"task.stderr"}
{"timestamp":"2026-07-04T09:39:42.883158Z","level":"error","event":" Schema: _c0, Player, Span, Mat, Inns, NO, Runs, HS, Ave, BF, SR, 100, 50, 0, Unnamed: 13","logger":"task.stderr"}
{"timestamp":"2026-07-04T09:39:42.883180Z","level":"error","event":"Expected: _c0 but found:","logger":"task.stderr"}
{"timestamp":"2026-07-04T09:39:42.883200Z","level":"error","event":"CSV file: file:///Users/burugula.sasank/airflow/dags/file_stores/api_dump/cric_data/Batting/ODI%20data.csv","logger":"task.stderr"}
{"timestamp":"2026-07-04T09:39:43.318401Z","level":"error","event":"26/07/04 15:09:43 WARN CSVHeaderChecker: CSV header does not conform to the schema.","logger":"task.stderr"}
{"timestamp":"2026-07-04T09:39:43.318523Z","level":"error","event":" Header: , Player, Span, Mat, Inns, NO, Runs, HS, Ave, BF, SR, 100, 50, 0, 4s, 6s, Unnamed: 15","logger":"task.stderr"}
{"timestamp":"2026-07-04T09:39:43.318555Z","level":"error","event":" Schema: _c0, Player, Span, Mat, Inns, NO, Runs, HS, Ave, BF, SR, 100, 50, 0, 4s, 6s, Unnamed: 15","logger":"task.stderr"}
{"timestamp":"2026-07-04T09:39:43.318579Z","level":"error","event":"Expected: _c0 but found:","logger":"task.stderr"}
{"timestamp":"2026-07-04T09:39:43.318600Z","level":"error","event":"CSV file: file:///Users/burugula.sasank/airflow/dags/file_stores/api_dump/cric_data/Batting/t20.csv","logger":"task.stderr"}
{"timestamp":"2026-07-04T09:39:43.477071Z","level":"error","event":"26/07/04 15:09:43 WARN CSVHeaderChecker: CSV header does not conform to the schema.","logger":"task.stderr"}
{"timestamp":"2026-07-04T09:39:43.477178Z","level":"error","event":" Header: , Player, Span, Mat, Inns, NO, Runs, HS, Ave, 100, 50, 0, Unnamed: 11","logger":"task.stderr"}
{"timestamp":"2026-07-04T09:39:43.477205Z","level":"error","event":" Schema: _c0, Player, Span, Mat, Inns, NO, Runs, HS, Ave, 100, 50, 0, Unnamed: 11","logger":"task.stderr"}
{"timestamp":"2026-07-04T09:39:43.477226Z","level":"error","event":"Expected: _c0 but found:","logger":"task.stderr"}
{"timestamp":"2026-07-04T09:39:43.477247Z","level":"error","event":"CSV file: file:///Users/burugula.sasank/airflow/dags/file_stores/api_dump/cric_data/Batting/test.csv","logger":"task.stderr"}
{"timestamp":"2026-07-04T09:39:43.620868Z","level":"error","event":"26/07/04 15:09:43 WARN CSVHeaderChecker: CSV header does not conform to the schema.","logger":"task.stderr"}
{"timestamp":"2026-07-04T09:39:43.620972Z","level":"error","event":" Header: , Player, Span, Mat, Inns, Balls, Runs, Wkts, BBI, Ave, Econ, SR, 4, 5, Unnamed: 13","logger":"task.stderr"}
{"timestamp":"2026-07-04T09:39:43.621006Z","level":"error","event":" Schema: _c0, Player, Span, Mat, Inns, Balls, Runs, Wkts, BBI, Ave, Econ, SR, 4, 5, Unnamed: 13","logger":"task.stderr"}
{"timestamp":"2026-07-04T09:39:43.621029Z","level":"error","event":"Expected: _c0 but found:","logger":"task.stderr"}
{"timestamp":"2026-07-04T09:39:43.621050Z","level":"error","event":"CSV file: file:///Users/burugula.sasank/airflow/dags/file_stores/api_dump/cric_data/Bowling/Bowling_ODI.csv","logger":"task.stderr"}
{"timestamp":"2026-07-04T09:39:43.739219Z","level":"error","event":"26/07/04 15:09:43 WARN CSVHeaderChecker: CSV header does not conform to the schema.","logger":"task.stderr"}
{"timestamp":"2026-07-04T09:39:43.739330Z","level":"error","event":" Header: , Player, Span, Mat, Inns, Overs, Mdns, Runs, Wkts, BBI, Ave, Econ, SR, 4, 5, Unnamed: 14","logger":"task.stderr"}
{"timestamp":"2026-07-04T09:39:43.739361Z","level":"error","event":" Schema: _c0, Player, Span, Mat, Inns, Overs, Mdns, Runs, Wkts, BBI, Ave, Econ, SR, 4, 5, Unnamed: 14","logger":"task.stderr"}
{"timestamp":"2026-07-04T09:39:43.739383Z","level":"error","event":"Expected: _c0 but found:","logger":"task.stderr"}
{"timestamp":"2026-07-04T09:39:43.739404Z","level":"error","event":"CSV file: file:///Users/burugula.sasank/airflow/dags/file_stores/api_dump/cric_data/Bowling/Bowling_t20.csv","logger":"task.stderr"}
{"timestamp":"2026-07-04T09:39:43.867488Z","level":"error","event":"26/07/04 15:09:43 WARN CSVHeaderChecker: CSV header does not conform to the schema.","logger":"task.stderr"}
{"timestamp":"2026-07-04T09:39:43.867596Z","level":"error","event":" Header: , Player, Span, Mat, Inns, Balls, Runs, Wkts, BBI, BBM, Ave, Econ, SR, 5, 10, Unnamed: 14","logger":"task.stderr"}
{"timestamp":"2026-07-04T09:39:43.867623Z","level":"error","event":" Schema: _c0, Player, Span, Mat, Inns, Balls, Runs, Wkts, BBI, BBM, Ave, Econ, SR, 5, 10, Unnamed: 14","logger":"task.stderr"}
{"timestamp":"2026-07-04T09:39:43.867644Z","level":"error","event":"Expected: _c0 but found:","logger":"task.stderr"}
{"timestamp":"2026-07-04T09:39:43.867665Z","level":"error","event":"CSV file: file:///Users/burugula.sasank/airflow/dags/file_stores/api_dump/cric_data/Bowling/Bowling_test.csv","logger":"task.stderr"}
{"timestamp":"2026-07-04T09:39:44.033680Z","level":"error","event":"26/07/04 15:09:44 WARN CSVHeaderChecker: CSV header does not conform to the schema.","logger":"task.stderr"}
{"timestamp":"2026-07-04T09:39:44.033782Z","level":"error","event":" Header: , Player, Span, Mat, Inns, Dis, Ct, St, Ct Wk, Ct Fi, MD, D/I, Unnamed: 11","logger":"task.stderr"}
{"timestamp":"2026-07-04T09:39:44.033810Z","level":"error","event":" Schema: _c0, Player, Span, Mat, Inns, Dis, Ct, St, Ct Wk, Ct Fi, MD, D/I, Unnamed: 11","logger":"task.stderr"}
{"timestamp":"2026-07-04T09:39:44.033832Z","level":"error","event":"Expected: _c0 but found:","logger":"task.stderr"}
{"timestamp":"2026-07-04T09:39:44.033862Z","level":"error","event":"CSV file: file:///Users/burugula.sasank/airflow/dags/file_stores/api_dump/cric_data/Fielding/Fielding_ODI.csv","logger":"task.stderr"}
{"timestamp":"2026-07-04T09:39:44.153929Z","level":"error","event":"26/07/04 15:09:44 WARN CSVHeaderChecker: CSV header does not conform to the schema.","logger":"task.stderr"}
{"timestamp":"2026-07-04T09:39:44.154086Z","level":"error","event":" Header: , Player, Span, Mat, Inns, Dis, Ct, St, Ct Wk, Ct Fi, MD, D/I, Unnamed: 11","logger":"task.stderr"}
{"timestamp":"2026-07-04T09:39:44.154142Z","level":"error","event":" Schema: _c0, Player, Span, Mat, Inns, Dis, Ct, St, Ct Wk, Ct Fi, MD, D/I, Unnamed: 11","logger":"task.stderr"}
{"timestamp":"2026-07-04T09:39:44.154190Z","level":"error","event":"Expected: _c0 but found:","logger":"task.stderr"}
{"timestamp":"2026-07-04T09:39:44.154236Z","level":"error","event":"CSV file: file:///Users/burugula.sasank/airflow/dags/file_stores/api_dump/cric_data/Fielding/Fielding_t20.csv","logger":"task.stderr"}
{"timestamp":"2026-07-04T09:39:44.256714Z","level":"error","event":"26/07/04 15:09:44 WARN CSVHeaderChecker: CSV header does not conform to the schema.","logger":"task.stderr"}
{"timestamp":"2026-07-04T09:39:44.256827Z","level":"error","event":" Header: , Player, Span, Mat, Inns, Dis, Ct, St, Ct Wk, Ct Fi, MD, D/I, Unnamed: 11","logger":"task.stderr"}
{"timestamp":"2026-07-04T09:39:44.256856Z","level":"error","event":" Schema: _c0, Player, Span, Mat, Inns, Dis, Ct, St, Ct Wk, Ct Fi, MD, D/I, Unnamed: 11","logger":"task.stderr"}
{"timestamp":"2026-07-04T09:39:44.256877Z","level":"error","event":"Expected: _c0 but found:","logger":"task.stderr"}
{"timestamp":"2026-07-04T09:39:44.256899Z","level":"error","event":"CSV file: file:///Users/burugula.sasank/airflow/dags/file_stores/api_dump/cric_data/Fielding/Fielding_test.csv","logger":"task.stderr"}
{"timestamp":"2026-07-04T09:39:44.316789Z","level":"error","event":"26/07/04 15:09:44 WARN CSVHeaderChecker: CSV header does not conform to the schema.","logger":"task.stderr"}
{"timestamp":"2026-07-04T09:39:44.316906Z","level":"error","event":" Header: , Player, Span, Mat, Inns, NO, Runs, HS, Ave, BF, SR, 100, 50, 0, Unnamed: 13","logger":"task.stderr"}
{"timestamp":"2026-07-04T09:39:44.316936Z","level":"error","event":" Schema: _c0, Player, Span, Mat, Inns, NO, Runs, HS, Ave, BF, SR, 100, 50, 0, Unnamed: 13","logger":"task.stderr"}
{"timestamp":"2026-07-04T09:39:44.316958Z","level":"error","event":"Expected: _c0 but found:","logger":"task.stderr"}
{"timestamp":"2026-07-04T09:39:44.316979Z","level":"error","event":"CSV file: file:///Users/burugula.sasank/airflow/dags/file_stores/api_dump/cric_data/Batting/ODI%20data.csv","logger":"task.stderr"}
{"timestamp":"2026-07-04T09:39:44.724237Z","level":"info","event":"Sample Data (ODI Batsmen):","logger":"task.stdout"}
{"timestamp":"2026-07-04T09:39:44.724386Z","level":"info","event":"+---+--------------------+---------+---+----+---+-----+----+-----+-----+-----+---+---+---+-----------+","logger":"task.stdout"}
{"timestamp":"2026-07-04T09:39:44.724434Z","level":"info","event":"|_c0|              Player|     Span|Mat|Inns| NO| Runs|  HS|  Ave|   BF|   SR|100| 50|  0|Unnamed: 13|","logger":"task.stdout"}
{"timestamp":"2026-07-04T09:39:44.724471Z","level":"info","event":"+---+--------------------+---------+---+----+---+-----+----+-----+-----+-----+---+---+---+-----------+","logger":"task.stdout"}
{"timestamp":"2026-07-04T09:39:44.724503Z","level":"info","event":"|  0|SR Tendulkar (INDIA)|1989-2012|463| 452| 41|18426|200*|44.83|21367|86.23| 49| 96| 20|       NULL|","logger":"task.stdout"}
{"timestamp":"2026-07-04T09:39:44.724534Z","level":"info","event":"|  1|KC Sangakkara (As...|2000-2015|404| 380| 41|14234| 169|41.98|18048|78.86| 25| 93| 15|       NULL|","logger":"task.stdout"}
{"timestamp":"2026-07-04T09:39:44.724564Z","level":"info","event":"+---+--------------------+---------+---+----+---+-----+----+-----+-----+-----+---+---+---+-----------+","logger":"task.stdout"}
{"timestamp":"2026-07-04T09:39:44.724607Z","level":"info","event":"only showing top 2 rows","logger":"task.stdout"}
{"timestamp":"2026-07-04T09:39:44.746801Z","level":"info","event":"Bronze Ingestion Success","logger":"task.stdout"}
{"timestamp":"2026-07-04T09:39:44.747041Z","level":"info","event":"Done. Returned value was: ","run_id":"manual__2026-07-04T09:39:32.980138+00:00","ti_id":"019f2c7f-6004-772b-b90e-1f22230259d5","dag_id":"dag_data","map_index":-1,"task_id":"ingest_data_to_filesystem","try_number":1,"logger":"airflow.task.operators.airflow.providers.standard.decorators.python._PythonDecoratedOperator","filename":"python.py","lineno":233}
{"timestamp":"2026-07-04T09:39:44.747302Z","level":"info","event":"::group::Post Execute","run_id":"manual__2026-07-04T09:39:32.980138+00:00","ti_id":"019f2c7f-6004-772b-b90e-1f22230259d5","dag_id":"dag_data","map_index":-1,"task_id":"ingest_data_to_filesystem","try_number":1,"logger":"task","filename":"task_runner.py","lineno":1288}
{"timestamp":"2026-07-04T09:39:44.747464Z","level":"info","event":"Pushing xcom","ti":"RuntimeTaskInstance(id=UUID('019f2c7f-6004-772b-b90e-1f22230259d5'), task_id='ingest_data_to_filesystem', dag_id='dag_data', run_id='manual__2026-07-04T09:39:32.980138+00:00', try_number=1, dag_version_id=UUID('019f2c09-88cb-79f1-ada2-a2bc16a5412d'), map_index=-1, hostname='burugulas-macbook-air.local', context_carrier={'traceparent': '00-f546c21f17dba075983a1037399adef3-389445dcf85f454d-01'}, task=<Task(_PythonDecoratedOperator): ingest_data_to_filesystem>, bundle_instance=LocalDagBundle(name=dags-folder), max_tries=0, start_date=datetime.datetime(2026, 7, 4, 9, 39, 38, 577226, tzinfo=datetime.timezone.utc), end_date=None, state=<TaskInstanceState.RUNNING: 'running'>, is_mapped=False, rendered_map_index=None, sentry_integration='')","run_id":"manual__2026-07-04T09:39:32.980138+00:00","ti_id":"019f2c7f-6004-772b-b90e-1f22230259d5","dag_id":"dag_data","map_index":-1,"task_id":"ingest_data_to_filesystem","try_number":1,"logger":"task","filename":"task_runner.py","lineno":1791}
{"timestamp":"2026-07-04T09:39:44.756813Z","level":"info","event":"::endgroup::","run_id":"manual__2026-07-04T09:39:32.980138+00:00","ti_id":"019f2c7f-6004-772b-b90e-1f22230259d5","dag_id":"dag_data","map_index":-1,"task_id":"ingest_data_to_filesystem","try_number":1,"logger":"task","filename":"task_runner.py","lineno":1896}
