{"timestamp":"2026-07-04T12:05:11.505530Z","level":"info","event":"2026-07-04T12:05:11.505320Z [info     ] ::group::Pre Execute           [task] loc=task_runner.py:1926","logger":"task.stdout"}
{"timestamp":"2026-07-04T12:05:11.591052Z","level":"info","event":"setup plugin alembic.autogenerate.schemas","logger":"alembic.runtime.plugins","ti_id":"019f2d04-a2a8-73a1-9d5b-42956e72624b","run_id":"manual__2026-07-04T12:05:06.331896+00:00","dag_id":"dag_data","task_id":"ingest_data_to_filesystem","try_number":1,"map_index":-1,"filename":"plugins.py","lineno":37}
{"timestamp":"2026-07-04T12:05:11.591138Z","level":"info","event":"setup plugin alembic.autogenerate.tables","logger":"alembic.runtime.plugins","ti_id":"019f2d04-a2a8-73a1-9d5b-42956e72624b","run_id":"manual__2026-07-04T12:05:06.331896+00:00","dag_id":"dag_data","task_id":"ingest_data_to_filesystem","try_number":1,"map_index":-1,"filename":"plugins.py","lineno":37}
{"timestamp":"2026-07-04T12:05:11.591172Z","level":"info","event":"setup plugin alembic.autogenerate.types","logger":"alembic.runtime.plugins","ti_id":"019f2d04-a2a8-73a1-9d5b-42956e72624b","run_id":"manual__2026-07-04T12:05:06.331896+00:00","dag_id":"dag_data","task_id":"ingest_data_to_filesystem","try_number":1,"map_index":-1,"filename":"plugins.py","lineno":37}
{"timestamp":"2026-07-04T12:05:11.591199Z","level":"info","event":"setup plugin alembic.autogenerate.constraints","logger":"alembic.runtime.plugins","ti_id":"019f2d04-a2a8-73a1-9d5b-42956e72624b","run_id":"manual__2026-07-04T12:05:06.331896+00:00","dag_id":"dag_data","task_id":"ingest_data_to_filesystem","try_number":1,"map_index":-1,"filename":"plugins.py","lineno":37}
{"timestamp":"2026-07-04T12:05:11.591218Z","level":"info","event":"setup plugin alembic.autogenerate.defaults","logger":"alembic.runtime.plugins","ti_id":"019f2d04-a2a8-73a1-9d5b-42956e72624b","run_id":"manual__2026-07-04T12:05:06.331896+00:00","dag_id":"dag_data","task_id":"ingest_data_to_filesystem","try_number":1,"map_index":-1,"filename":"plugins.py","lineno":37}
{"timestamp":"2026-07-04T12:05:11.591237Z","level":"info","event":"setup plugin alembic.autogenerate.comments","logger":"alembic.runtime.plugins","ti_id":"019f2d04-a2a8-73a1-9d5b-42956e72624b","run_id":"manual__2026-07-04T12:05:06.331896+00:00","dag_id":"dag_data","task_id":"ingest_data_to_filesystem","try_number":1,"map_index":-1,"filename":"plugins.py","lineno":37}
{"timestamp":"2026-07-04T12:05:11.632950Z","level":"info","event":"DAG bundles loaded: dags-folder","ti_id":"019f2d04-a2a8-73a1-9d5b-42956e72624b","run_id":"manual__2026-07-04T12:05:06.331896+00:00","dag_id":"dag_data","task_id":"ingest_data_to_filesystem","try_number":1,"map_index":-1,"logger":"airflow.dag_processing.bundles.manager.DagBundlesManager","filename":"manager.py","lineno":209}
{"timestamp":"2026-07-04T12:05:11.633163Z","level":"info","event":"Filling up the DagBag from /Users/burugula.sasank/airflow/dags/etl_scheduler.py","ti_id":"019f2d04-a2a8-73a1-9d5b-42956e72624b","run_id":"manual__2026-07-04T12:05:06.331896+00:00","dag_id":"dag_data","task_id":"ingest_data_to_filesystem","try_number":1,"map_index":-1,"logger":"airflow.dag_processing.dagbag.BundleDagBag","filename":"dagbag.py","lineno":469}
{"timestamp":"2026-07-04T12:05:11.663598Z","level":"warning","event":"The `airflow.decorators.task` attribute is deprecated. Please use `'airflow.sdk.task'`.","category":"UserWarning","filename":"/Users/burugula.sasank/airflow/dags/etl_scheduler.py","lineno":1,"ti_id":"019f2d04-a2a8-73a1-9d5b-42956e72624b","run_id":"manual__2026-07-04T12:05:06.331896+00:00","dag_id":"dag_data","task_id":"ingest_data_to_filesystem","try_number":1,"map_index":-1,"logger":"py.warnings"}
{"timestamp":"2026-07-04T12:05:11.663654Z","level":"warning","event":"The `airflow.decorators.dag` attribute is deprecated. Please use `'airflow.sdk.dag'`.","category":"UserWarning","filename":"/Users/burugula.sasank/airflow/dags/etl_scheduler.py","lineno":1,"ti_id":"019f2d04-a2a8-73a1-9d5b-42956e72624b","run_id":"manual__2026-07-04T12:05:06.331896+00:00","dag_id":"dag_data","task_id":"ingest_data_to_filesystem","try_number":1,"map_index":-1,"logger":"py.warnings"}
{"timestamp":"2026-07-04T12:05:11.663677Z","level":"warning","event":"The `airflow.hooks.base.BaseHook` attribute is deprecated. Please use `'airflow.sdk.bases.hook.BaseHook'`.","category":"UserWarning","filename":"/Users/burugula.sasank/airflow/dags/etl_scheduler.py","lineno":2,"ti_id":"019f2d04-a2a8-73a1-9d5b-42956e72624b","run_id":"manual__2026-07-04T12:05:06.331896+00:00","dag_id":"dag_data","task_id":"ingest_data_to_filesystem","try_number":1,"map_index":-1,"logger":"py.warnings"}
{"timestamp":"2026-07-04T12:05:11.677342Z","level":"info","event":"::endgroup::","ti_id":"019f2d04-a2a8-73a1-9d5b-42956e72624b","run_id":"manual__2026-07-04T12:05:06.331896+00:00","dag_id":"dag_data","task_id":"ingest_data_to_filesystem","try_number":1,"map_index":-1,"logger":"task","filename":"task_runner.py","lineno":1727}
{"timestamp":"2026-07-04T12:05:11.982419Z","level":"error","event":"WARNING: Using incubator modules: jdk.incubator.vector","logger":"task.stderr"}
{"timestamp":"2026-07-04T12:05:12.402912Z","level":"error","event":"Using Spark's default log4j profile: org/apache/spark/log4j2-defaults.properties","logger":"task.stderr"}
{"timestamp":"2026-07-04T12:05:12.409199Z","level":"error","event":"26/07/04 17:35:12 WARN Utils: Your hostname, Burugulas-MacBook-Air.local, resolves to a loopback address: 127.0.0.1; using 192.168.0.107 instead (on interface en0)","logger":"task.stderr"}
{"timestamp":"2026-07-04T12:05:12.410248Z","level":"error","event":"26/07/04 17:35:12 WARN Utils: Set SPARK_LOCAL_IP if you need to bind to another address","logger":"task.stderr"}
{"timestamp":"2026-07-04T12:05:12.539404Z","level":"error","event":"Using Spark's default log4j profile: org/apache/spark/log4j2-defaults.properties","logger":"task.stderr"}
{"timestamp":"2026-07-04T12:05:12.539555Z","level":"error","event":"Setting default log level to \"WARN\".","logger":"task.stderr"}
{"timestamp":"2026-07-04T12:05:12.539587Z","level":"error","event":"To adjust logging level use sc.setLogLevel(newLevel). For SparkR, use setLogLevel(newLevel).","logger":"task.stderr"}
{"timestamp":"2026-07-04T12:05:12.692535Z","level":"error","event":"26/07/04 17:35:12 WARN NativeCodeLoader: Unable to load native-hadoop library for your platform... using builtin-java classes where applicable","logger":"task.stderr"}
{"timestamp":"2026-07-04T12:05:15.657588Z","level":"error","event":"26/07/04 17:35:15 WARN CSVHeaderChecker: CSV header does not conform to the schema.","logger":"task.stderr"}
{"timestamp":"2026-07-04T12:05:15.657745Z","level":"error","event":" Header: , Player, Span, Mat, Inns, NO, Runs, HS, Ave, BF, SR, 100, 50, 0, Unnamed: 13","logger":"task.stderr"}
{"timestamp":"2026-07-04T12:05:15.657800Z","level":"error","event":" Schema: _c0, Player, Span, Mat, Inns, NO, Runs, HS, Ave, BF, SR, 100, 50, 0, Unnamed: 13","logger":"task.stderr"}
{"timestamp":"2026-07-04T12:05:15.657844Z","level":"error","event":"Expected: _c0 but found:","logger":"task.stderr"}
{"timestamp":"2026-07-04T12:05:15.657887Z","level":"error","event":"CSV file: file:///Users/burugula.sasank/airflow/dags/file_stores/api_dump/cric_data/Batting/ODI%20data.csv","logger":"task.stderr"}
{"timestamp":"2026-07-04T12:05:16.100820Z","level":"error","event":"26/07/04 17:35:16 WARN CSVHeaderChecker: CSV header does not conform to the schema.","logger":"task.stderr"}
{"timestamp":"2026-07-04T12:05:16.100940Z","level":"error","event":" Header: , Player, Span, Mat, Inns, NO, Runs, HS, Ave, BF, SR, 100, 50, 0, 4s, 6s, Unnamed: 15","logger":"task.stderr"}
{"timestamp":"2026-07-04T12:05:16.100969Z","level":"error","event":" Schema: _c0, Player, Span, Mat, Inns, NO, Runs, HS, Ave, BF, SR, 100, 50, 0, 4s, 6s, Unnamed: 15","logger":"task.stderr"}
{"timestamp":"2026-07-04T12:05:16.100992Z","level":"error","event":"Expected: _c0 but found:","logger":"task.stderr"}
{"timestamp":"2026-07-04T12:05:16.101020Z","level":"error","event":"CSV file: file:///Users/burugula.sasank/airflow/dags/file_stores/api_dump/cric_data/Batting/t20.csv","logger":"task.stderr"}
{"timestamp":"2026-07-04T12:05:16.290615Z","level":"error","event":"26/07/04 17:35:16 WARN CSVHeaderChecker: CSV header does not conform to the schema.","logger":"task.stderr"}
{"timestamp":"2026-07-04T12:05:16.290819Z","level":"error","event":" Header: , Player, Span, Mat, Inns, NO, Runs, HS, Ave, 100, 50, 0, Unnamed: 11","logger":"task.stderr"}
{"timestamp":"2026-07-04T12:05:16.290863Z","level":"error","event":" Schema: _c0, Player, Span, Mat, Inns, NO, Runs, HS, Ave, 100, 50, 0, Unnamed: 11","logger":"task.stderr"}
{"timestamp":"2026-07-04T12:05:16.290890Z","level":"error","event":"Expected: _c0 but found:","logger":"task.stderr"}
{"timestamp":"2026-07-04T12:05:16.290926Z","level":"error","event":"CSV file: file:///Users/burugula.sasank/airflow/dags/file_stores/api_dump/cric_data/Batting/test.csv","logger":"task.stderr"}
{"timestamp":"2026-07-04T12:05:16.443247Z","level":"error","event":"26/07/04 17:35:16 WARN CSVHeaderChecker: CSV header does not conform to the schema.","logger":"task.stderr"}
{"timestamp":"2026-07-04T12:05:16.443355Z","level":"error","event":" Header: , Player, Span, Mat, Inns, Balls, Runs, Wkts, BBI, Ave, Econ, SR, 4, 5, Unnamed: 13","logger":"task.stderr"}
{"timestamp":"2026-07-04T12:05:16.443384Z","level":"error","event":" Schema: _c0, Player, Span, Mat, Inns, Balls, Runs, Wkts, BBI, Ave, Econ, SR, 4, 5, Unnamed: 13","logger":"task.stderr"}
{"timestamp":"2026-07-04T12:05:16.443406Z","level":"error","event":"Expected: _c0 but found:","logger":"task.stderr"}
{"timestamp":"2026-07-04T12:05:16.443427Z","level":"error","event":"CSV file: file:///Users/burugula.sasank/airflow/dags/file_stores/api_dump/cric_data/Bowling/Bowling_ODI.csv","logger":"task.stderr"}
{"timestamp":"2026-07-04T12:05:16.596934Z","level":"error","event":"26/07/04 17:35:16 WARN CSVHeaderChecker: CSV header does not conform to the schema.","logger":"task.stderr"}
{"timestamp":"2026-07-04T12:05:16.597123Z","level":"error","event":" Header: , Player, Span, Mat, Inns, Overs, Mdns, Runs, Wkts, BBI, Ave, Econ, SR, 4, 5, Unnamed: 14","logger":"task.stderr"}
{"timestamp":"2026-07-04T12:05:16.597186Z","level":"error","event":" Schema: _c0, Player, Span, Mat, Inns, Overs, Mdns, Runs, Wkts, BBI, Ave, Econ, SR, 4, 5, Unnamed: 14","logger":"task.stderr"}
{"timestamp":"2026-07-04T12:05:16.597343Z","level":"error","event":"Expected: _c0 but found:","logger":"task.stderr"}
{"timestamp":"2026-07-04T12:05:16.597398Z","level":"error","event":"CSV file: file:///Users/burugula.sasank/airflow/dags/file_stores/api_dump/cric_data/Bowling/Bowling_t20.csv","logger":"task.stderr"}
{"timestamp":"2026-07-04T12:05:16.753239Z","level":"error","event":"26/07/04 17:35:16 WARN CSVHeaderChecker: CSV header does not conform to the schema.","logger":"task.stderr"}
{"timestamp":"2026-07-04T12:05:16.753406Z","level":"error","event":" Header: , Player, Span, Mat, Inns, Balls, Runs, Wkts, BBI, BBM, Ave, Econ, SR, 5, 10, Unnamed: 14","logger":"task.stderr"}
{"timestamp":"2026-07-04T12:05:16.753459Z","level":"error","event":" Schema: _c0, Player, Span, Mat, Inns, Balls, Runs, Wkts, BBI, BBM, Ave, Econ, SR, 5, 10, Unnamed: 14","logger":"task.stderr"}
{"timestamp":"2026-07-04T12:05:16.753504Z","level":"error","event":"Expected: _c0 but found:","logger":"task.stderr"}
{"timestamp":"2026-07-04T12:05:16.753548Z","level":"error","event":"CSV file: file:///Users/burugula.sasank/airflow/dags/file_stores/api_dump/cric_data/Bowling/Bowling_test.csv","logger":"task.stderr"}
{"timestamp":"2026-07-04T12:05:16.923779Z","level":"error","event":"26/07/04 17:35:16 WARN CSVHeaderChecker: CSV header does not conform to the schema.","logger":"task.stderr"}
{"timestamp":"2026-07-04T12:05:16.923955Z","level":"error","event":" Header: , Player, Span, Mat, Inns, Dis, Ct, St, Ct Wk, Ct Fi, MD, D/I, Unnamed: 11","logger":"task.stderr"}
{"timestamp":"2026-07-04T12:05:16.924009Z","level":"error","event":" Schema: _c0, Player, Span, Mat, Inns, Dis, Ct, St, Ct Wk, Ct Fi, MD, D/I, Unnamed: 11","logger":"task.stderr"}
{"timestamp":"2026-07-04T12:05:16.924065Z","level":"error","event":"Expected: _c0 but found:","logger":"task.stderr"}
{"timestamp":"2026-07-04T12:05:16.924125Z","level":"error","event":"CSV file: file:///Users/burugula.sasank/airflow/dags/file_stores/api_dump/cric_data/Fielding/Fielding_ODI.csv","logger":"task.stderr"}
{"timestamp":"2026-07-04T12:05:17.058743Z","level":"error","event":"26/07/04 17:35:17 WARN CSVHeaderChecker: CSV header does not conform to the schema.","logger":"task.stderr"}
{"timestamp":"2026-07-04T12:05:17.058847Z","level":"error","event":" Header: , Player, Span, Mat, Inns, Dis, Ct, St, Ct Wk, Ct Fi, MD, D/I, Unnamed: 11","logger":"task.stderr"}
{"timestamp":"2026-07-04T12:05:17.058874Z","level":"error","event":" Schema: _c0, Player, Span, Mat, Inns, Dis, Ct, St, Ct Wk, Ct Fi, MD, D/I, Unnamed: 11","logger":"task.stderr"}
{"timestamp":"2026-07-04T12:05:17.058897Z","level":"error","event":"Expected: _c0 but found:","logger":"task.stderr"}
{"timestamp":"2026-07-04T12:05:17.058918Z","level":"error","event":"CSV file: file:///Users/burugula.sasank/airflow/dags/file_stores/api_dump/cric_data/Fielding/Fielding_t20.csv","logger":"task.stderr"}
{"timestamp":"2026-07-04T12:05:17.185166Z","level":"error","event":"26/07/04 17:35:17 WARN CSVHeaderChecker: CSV header does not conform to the schema.","logger":"task.stderr"}
{"timestamp":"2026-07-04T12:05:17.185290Z","level":"error","event":" Header: , Player, Span, Mat, Inns, Dis, Ct, St, Ct Wk, Ct Fi, MD, D/I, Unnamed: 11","logger":"task.stderr"}
{"timestamp":"2026-07-04T12:05:17.185322Z","level":"error","event":" Schema: _c0, Player, Span, Mat, Inns, Dis, Ct, St, Ct Wk, Ct Fi, MD, D/I, Unnamed: 11","logger":"task.stderr"}
{"timestamp":"2026-07-04T12:05:17.185346Z","level":"error","event":"Expected: _c0 but found:","logger":"task.stderr"}
{"timestamp":"2026-07-04T12:05:17.185370Z","level":"error","event":"CSV file: file:///Users/burugula.sasank/airflow/dags/file_stores/api_dump/cric_data/Fielding/Fielding_test.csv","logger":"task.stderr"}
{"timestamp":"2026-07-04T12:05:17.273266Z","level":"error","event":"26/07/04 17:35:17 WARN CSVHeaderChecker: CSV header does not conform to the schema.","logger":"task.stderr"}
{"timestamp":"2026-07-04T12:05:17.273380Z","level":"error","event":" Header: , Player, Span, Mat, Inns, NO, Runs, HS, Ave, BF, SR, 100, 50, 0, Unnamed: 13","logger":"task.stderr"}
{"timestamp":"2026-07-04T12:05:17.273412Z","level":"error","event":" Schema: _c0, Player, Span, Mat, Inns, NO, Runs, HS, Ave, BF, SR, 100, 50, 0, Unnamed: 13","logger":"task.stderr"}
{"timestamp":"2026-07-04T12:05:17.273435Z","level":"error","event":"Expected: _c0 but found:","logger":"task.stderr"}
{"timestamp":"2026-07-04T12:05:17.273456Z","level":"error","event":"CSV file: file:///Users/burugula.sasank/airflow/dags/file_stores/api_dump/cric_data/Batting/ODI%20data.csv","logger":"task.stderr"}
{"timestamp":"2026-07-04T12:05:17.797324Z","level":"info","event":"Sample Data (ODI Batsmen):","logger":"task.stdout"}
{"timestamp":"2026-07-04T12:05:17.797589Z","level":"info","event":"+---+--------------------+---------+---+----+---+-----+----+-----+-----+-----+---+---+---+-----------+","logger":"task.stdout"}
{"timestamp":"2026-07-04T12:05:17.797623Z","level":"info","event":"|_c0|              Player|     Span|Mat|Inns| NO| Runs|  HS|  Ave|   BF|   SR|100| 50|  0|Unnamed: 13|","logger":"task.stdout"}
{"timestamp":"2026-07-04T12:05:17.797646Z","level":"info","event":"+---+--------------------+---------+---+----+---+-----+----+-----+-----+-----+---+---+---+-----------+","logger":"task.stdout"}
{"timestamp":"2026-07-04T12:05:17.797668Z","level":"info","event":"|  0|SR Tendulkar (INDIA)|1989-2012|463| 452| 41|18426|200*|44.83|21367|86.23| 49| 96| 20|       NULL|","logger":"task.stdout"}
{"timestamp":"2026-07-04T12:05:17.797687Z","level":"info","event":"|  1|KC Sangakkara (As...|2000-2015|404| 380| 41|14234| 169|41.98|18048|78.86| 25| 93| 15|       NULL|","logger":"task.stdout"}
{"timestamp":"2026-07-04T12:05:17.797706Z","level":"info","event":"+---+--------------------+---------+---+----+---+-----+----+-----+-----+-----+---+---+---+-----------+","logger":"task.stdout"}
{"timestamp":"2026-07-04T12:05:17.797735Z","level":"info","event":"only showing top 2 rows","logger":"task.stdout"}
{"timestamp":"2026-07-04T12:05:17.817102Z","level":"info","event":"Bronze Ingestion Success","logger":"task.stdout"}
{"timestamp":"2026-07-04T12:05:17.817296Z","level":"info","event":"Done. Returned value was: ","ti_id":"019f2d04-a2a8-73a1-9d5b-42956e72624b","run_id":"manual__2026-07-04T12:05:06.331896+00:00","dag_id":"dag_data","task_id":"ingest_data_to_filesystem","try_number":1,"map_index":-1,"logger":"airflow.task.operators.airflow.providers.standard.decorators.python._PythonDecoratedOperator","filename":"python.py","lineno":233}
{"timestamp":"2026-07-04T12:05:17.817489Z","level":"info","event":"::group::Post Execute","ti_id":"019f2d04-a2a8-73a1-9d5b-42956e72624b","run_id":"manual__2026-07-04T12:05:06.331896+00:00","dag_id":"dag_data","task_id":"ingest_data_to_filesystem","try_number":1,"map_index":-1,"logger":"task","filename":"task_runner.py","lineno":1288}
{"timestamp":"2026-07-04T12:05:17.817650Z","level":"info","event":"Pushing xcom","ti":"RuntimeTaskInstance(id=UUID('019f2d04-a2a8-73a1-9d5b-42956e72624b'), task_id='ingest_data_to_filesystem', dag_id='dag_data', run_id='manual__2026-07-04T12:05:06.331896+00:00', try_number=1, dag_version_id=UUID('019f2c09-88cb-79f1-ada2-a2bc16a5412d'), map_index=-1, hostname='burugulas-macbook-air.local', context_carrier={'traceparent': '00-2e7c110261d7f7af316b486d3bec14b5-5de74c657111f181-01'}, task=<Task(_PythonDecoratedOperator): ingest_data_to_filesystem>, bundle_instance=LocalDagBundle(name=dags-folder), max_tries=0, start_date=datetime.datetime(2026, 7, 4, 12, 5, 11, 67048, tzinfo=datetime.timezone.utc), end_date=None, state=<TaskInstanceState.RUNNING: 'running'>, is_mapped=False, rendered_map_index=None, sentry_integration='')","ti_id":"019f2d04-a2a8-73a1-9d5b-42956e72624b","run_id":"manual__2026-07-04T12:05:06.331896+00:00","dag_id":"dag_data","task_id":"ingest_data_to_filesystem","try_number":1,"map_index":-1,"logger":"task","filename":"task_runner.py","lineno":1791}
{"timestamp":"2026-07-04T12:05:17.831195Z","level":"info","event":"::endgroup::","ti_id":"019f2d04-a2a8-73a1-9d5b-42956e72624b","run_id":"manual__2026-07-04T12:05:06.331896+00:00","dag_id":"dag_data","task_id":"ingest_data_to_filesystem","try_number":1,"map_index":-1,"logger":"task","filename":"task_runner.py","lineno":1896}
